[0.011s] Invoking command in '/home/bigdavid/EPSILON_ws/build/forward_simulator': AMENT_PREFIX_PATH=/home/bigdavid/EPSILON_ws/install/vehicle_model:/home/bigdavid/EPSILON_ws/install/common:${AMENT_PREFIX_PATH} CMAKE_PREFIX_PATH=/home/bigdavid/EPSILON_ws/install/vehicle_model:/home/bigdavid/EPSILON_ws/install/common:/opt/ros/humble LD_LIBRARY_PATH=/home/bigdavid/EPSILON_ws/install/vehicle_model/lib:/home/bigdavid/EPSILON_ws/install/common/lib:${LD_LIBRARY_PATH} /usr/bin/cmake --build /home/bigdavid/EPSILON_ws/build/forward_simulator -- -j32 -l32
[0.050s] Invoked command in '/home/bigdavid/EPSILON_ws/build/forward_simulator' returned '0': AMENT_PREFIX_PATH=/home/bigdavid/EPSILON_ws/install/vehicle_model:/home/bigdavid/EPSILON_ws/install/common:${AMENT_PREFIX_PATH} CMAKE_PREFIX_PATH=/home/bigdavid/EPSILON_ws/install/vehicle_model:/home/bigdavid/EPSILON_ws/install/common:/opt/ros/humble LD_LIBRARY_PATH=/home/bigdavid/EPSILON_ws/install/vehicle_model/lib:/home/bigdavid/EPSILON_ws/install/common/lib:${LD_LIBRARY_PATH} /usr/bin/cmake --build /home/bigdavid/EPSILON_ws/build/forward_simulator -- -j32 -l32
[0.052s] Invoking command in '/home/bigdavid/EPSILON_ws/build/forward_simulator': AMENT_PREFIX_PATH=/home/bigdavid/EPSILON_ws/install/vehicle_model:/home/bigdavid/EPSILON_ws/install/common:${AMENT_PREFIX_PATH} CMAKE_PREFIX_PATH=/home/bigdavid/EPSILON_ws/install/vehicle_model:/home/bigdavid/EPSILON_ws/install/common:/opt/ros/humble LD_LIBRARY_PATH=/home/bigdavid/EPSILON_ws/install/vehicle_model/lib:/home/bigdavid/EPSILON_ws/install/common/lib:${LD_LIBRARY_PATH} /usr/bin/cmake --install /home/bigdavid/EPSILON_ws/build/forward_simulator
[0.058s] -- Install configuration: "Release"
[0.058s] -- Up-to-date: /home/bigdavid/EPSILON_ws/install/forward_simulator/share/forward_simulator/environment/library_path.sh
[0.058s] -- Up-to-date: /home/bigdavid/EPSILON_ws/install/forward_simulator/share/forward_simulator/environment/library_path.dsv
[0.058s] -- Up-to-date: /home/bigdavid/EPSILON_ws/install/forward_simulator/include
[0.058s] -- Up-to-date: /home/bigdavid/EPSILON_ws/install/forward_simulator/include/forward_simulator
[0.058s] -- Up-to-date: /home/bigdavid/EPSILON_ws/install/forward_simulator/include/forward_simulator/multimodal_forward.h
[0.058s] -- Up-to-date: /home/bigdavid/EPSILON_ws/install/forward_simulator/include/forward_simulator/onlane_forward_simulation.h
[0.058s] -- Up-to-date: /home/bigdavid/EPSILON_ws/install/forward_simulator/share/ament_index/resource_index/package_run_dependencies/forward_simulator
[0.058s] -- Up-to-date: /home/bigdavid/EPSILON_ws/install/forward_simulator/share/ament_index/resource_index/parent_prefix_path/forward_simulator
[0.058s] -- Up-to-date: /home/bigdavid/EPSILON_ws/install/forward_simulator/share/forward_simulator/environment/ament_prefix_path.sh
[0.059s] -- Up-to-date: /home/bigdavid/EPSILON_ws/install/forward_simulator/share/forward_simulator/environment/ament_prefix_path.dsv
[0.059s] -- Up-to-date: /home/bigdavid/EPSILON_ws/install/forward_simulator/share/forward_simulator/environment/path.sh
[0.059s] -- Up-to-date: /home/bigdavid/EPSILON_ws/install/forward_simulator/share/forward_simulator/environment/path.dsv
[0.059s] -- Up-to-date: /home/bigdavid/EPSILON_ws/install/forward_simulator/share/forward_simulator/local_setup.bash
[0.059s] -- Up-to-date: /home/bigdavid/EPSILON_ws/install/forward_simulator/share/forward_simulator/local_setup.sh
[0.059s] -- Up-to-date: /home/bigdavid/EPSILON_ws/install/forward_simulator/share/forward_simulator/local_setup.zsh
[0.059s] -- Up-to-date: /home/bigdavid/EPSILON_ws/install/forward_simulator/share/forward_simulator/local_setup.dsv
[0.059s] -- Installing: /home/bigdavid/EPSILON_ws/install/forward_simulator/share/forward_simulator/package.dsv
[0.059s] -- Up-to-date: /home/bigdavid/EPSILON_ws/install/forward_simulator/share/ament_index/resource_index/packages/forward_simulator
[0.059s] -- Up-to-date: /home/bigdavid/EPSILON_ws/install/forward_simulator/share/forward_simulator/cmake/ament_cmake_export_libraries-extras.cmake
[0.060s] -- Up-to-date: /home/bigdavid/EPSILON_ws/install/forward_simulator/share/forward_simulator/cmake/ament_cmake_export_dependencies-extras.cmake
[0.060s] -- Up-to-date: /home/bigdavid/EPSILON_ws/install/forward_simulator/share/forward_simulator/cmake/ament_cmake_export_include_directories-extras.cmake
[0.060s] -- Up-to-date: /home/bigdavid/EPSILON_ws/install/forward_simulator/share/forward_simulator/cmake/forward_simulatorConfig.cmake
[0.060s] -- Up-to-date: /home/bigdavid/EPSILON_ws/install/forward_simulator/share/forward_simulator/cmake/forward_simulatorConfig-version.cmake
[0.060s] -- Up-to-date: /home/bigdavid/EPSILON_ws/install/forward_simulator/share/forward_simulator/package.xml
[0.061s] Invoked command in '/home/bigdavid/EPSILON_ws/build/forward_simulator' returned '0': AMENT_PREFIX_PATH=/home/bigdavid/EPSILON_ws/install/vehicle_model:/home/bigdavid/EPSILON_ws/install/common:${AMENT_PREFIX_PATH} CMAKE_PREFIX_PATH=/home/bigdavid/EPSILON_ws/install/vehicle_model:/home/bigdavid/EPSILON_ws/install/common:/opt/ros/humble LD_LIBRARY_PATH=/home/bigdavid/EPSILON_ws/install/vehicle_model/lib:/home/bigdavid/EPSILON_ws/install/common/lib:${LD_LIBRARY_PATH} /usr/bin/cmake --install /home/bigdavid/EPSILON_ws/build/forward_simulator
