[0.007s] Invoking command in '/home/bigdavid/EPSILON_ws/build/vehicle_msgs': CMAKE_PREFIX_PATH=/home/bigdavid/EPSILON_ws/install/common:/home/bigdavid/EPSILON_ws/install/planning_integrated:/home/bigdavid/EPSILON_ws/install/ssc_planner:/home/bigdavid/EPSILON_ws/install/eudm_planner:/home/bigdavid/EPSILON_ws/install/ai_agent_planner:/home/bigdavid/EPSILON_ws/install/behavior_planner:/home/bigdavid/EPSILON_ws/install/route_planner:/home/bigdavid/EPSILON_ws/install/semantic_map_manager:/home/bigdavid/EPSILON_ws/install/phy_simulator:/home/bigdavid/EPSILON_ws/install/aux_tools:/home/bigdavid/EPSILON_ws/install/vehicle_msgs:/home/bigdavid/EPSILON_ws/install/motion_predictor:/home/bigdavid/EPSILON_ws/install/forward_simulator:/home/bigdavid/EPSILON_ws/install/vehicle_model:/home/bigdavid/EPSILON_ws/install/utm_to_car_transform:/home/bigdavid/EPSILON_ws/install/playgrounds:/opt/ros/humble /usr/bin/cmake --build /home/bigdavid/EPSILON_ws/build/vehicle_msgs -- -j32 -l32
[0.047s] [  0%] Built target vehicle_msgs__cpp
[0.051s] [ 12%] Built target vehicle_msgs__rosidl_generator_c
[0.051s] [ 12%] Built target ament_cmake_python_copy_vehicle_msgs
[0.068s] [ 24%] Built target vehicle_msgs__rosidl_typesupport_introspection_c
[0.069s] [ 36%] Built target vehicle_msgs__rosidl_typesupport_introspection_cpp
[0.071s] [ 48%] Built target vehicle_msgs__rosidl_typesupport_cpp
[0.072s] [ 60%] Built target vehicle_msgs__rosidl_typesupport_fastrtps_cpp
[0.072s] [ 72%] Built target vehicle_msgs__rosidl_typesupport_c
[0.075s] [ 84%] Built target vehicle_msgs__rosidl_typesupport_fastrtps_c
[0.088s] [ 84%] Built target vehicle_msgs
[0.105s] [ 85%] Built target vehicle_msgs__py
[0.128s] [ 96%] Built target vehicle_msgs__rosidl_generator_py
[0.145s] [ 97%] Built target vehicle_msgs__rosidl_typesupport_c__pyext
[0.145s] [ 99%] Built target vehicle_msgs__rosidl_typesupport_introspection_c__pyext
[0.147s] [100%] Built target vehicle_msgs__rosidl_typesupport_fastrtps_c__pyext
[0.204s] running egg_info
[0.204s] writing vehicle_msgs.egg-info/PKG-INFO
[0.204s] writing dependency_links to vehicle_msgs.egg-info/dependency_links.txt
[0.205s] writing top-level names to vehicle_msgs.egg-info/top_level.txt
[0.206s] reading manifest file 'vehicle_msgs.egg-info/SOURCES.txt'
[0.206s] writing manifest file 'vehicle_msgs.egg-info/SOURCES.txt'
[0.221s] [100%] Built target ament_cmake_python_build_vehicle_msgs_egg
[0.231s] Invoked command in '/home/bigdavid/EPSILON_ws/build/vehicle_msgs' returned '0': CMAKE_PREFIX_PATH=/home/bigdavid/EPSILON_ws/install/common:/home/bigdavid/EPSILON_ws/install/planning_integrated:/home/bigdavid/EPSILON_ws/install/ssc_planner:/home/bigdavid/EPSILON_ws/install/eudm_planner:/home/bigdavid/EPSILON_ws/install/ai_agent_planner:/home/bigdavid/EPSILON_ws/install/behavior_planner:/home/bigdavid/EPSILON_ws/install/route_planner:/home/bigdavid/EPSILON_ws/install/semantic_map_manager:/home/bigdavid/EPSILON_ws/install/phy_simulator:/home/bigdavid/EPSILON_ws/install/aux_tools:/home/bigdavid/EPSILON_ws/install/vehicle_msgs:/home/bigdavid/EPSILON_ws/install/motion_predictor:/home/bigdavid/EPSILON_ws/install/forward_simulator:/home/bigdavid/EPSILON_ws/install/vehicle_model:/home/bigdavid/EPSILON_ws/install/utm_to_car_transform:/home/bigdavid/EPSILON_ws/install/playgrounds:/opt/ros/humble /usr/bin/cmake --build /home/bigdavid/EPSILON_ws/build/vehicle_msgs -- -j32 -l32
[0.232s] Invoking command in '/home/bigdavid/EPSILON_ws/build/vehicle_msgs': CMAKE_PREFIX_PATH=/home/bigdavid/EPSILON_ws/install/common:/home/bigdavid/EPSILON_ws/install/planning_integrated:/home/bigdavid/EPSILON_ws/install/ssc_planner:/home/bigdavid/EPSILON_ws/install/eudm_planner:/home/bigdavid/EPSILON_ws/install/ai_agent_planner:/home/bigdavid/EPSILON_ws/install/behavior_planner:/home/bigdavid/EPSILON_ws/install/route_planner:/home/bigdavid/EPSILON_ws/install/semantic_map_manager:/home/bigdavid/EPSILON_ws/install/phy_simulator:/home/bigdavid/EPSILON_ws/install/aux_tools:/home/bigdavid/EPSILON_ws/install/vehicle_msgs:/home/bigdavid/EPSILON_ws/install/motion_predictor:/home/bigdavid/EPSILON_ws/install/forward_simulator:/home/bigdavid/EPSILON_ws/install/vehicle_model:/home/bigdavid/EPSILON_ws/install/utm_to_car_transform:/home/bigdavid/EPSILON_ws/install/playgrounds:/opt/ros/humble /usr/bin/cmake --install /home/bigdavid/EPSILON_ws/build/vehicle_msgs
[0.238s] -- Install configuration: ""
[0.238s] -- Up-to-date: /home/bigdavid/EPSILON_ws/install/vehicle_msgs/share/ament_index/resource_index/rosidl_interfaces/vehicle_msgs
[0.238s] -- Up-to-date: /home/bigdavid/EPSILON_ws/install/vehicle_msgs/include/vehicle_msgs/vehicle_msgs
[0.238s] -- Up-to-date: /home/bigdavid/EPSILON_ws/install/vehicle_msgs/include/vehicle_msgs/vehicle_msgs/msg
[0.238s] -- Up-to-date: /home/bigdavid/EPSILON_ws/install/vehicle_msgs/include/vehicle_msgs/vehicle_msgs/msg/vehicle.h
[0.238s] -- Up-to-date: /home/bigdavid/EPSILON_ws/install/vehicle_msgs/include/vehicle_msgs/vehicle_msgs/msg/state.h
[0.238s] -- Up-to-date: /home/bigdavid/EPSILON_ws/install/vehicle_msgs/include/vehicle_msgs/vehicle_msgs/msg/occupancy_grid_float.h
[0.238s] -- Up-to-date: /home/bigdavid/EPSILON_ws/install/vehicle_msgs/include/vehicle_msgs/vehicle_msgs/msg/arena_info.h
[0.238s] -- Up-to-date: /home/bigdavid/EPSILON_ws/install/vehicle_msgs/include/vehicle_msgs/vehicle_msgs/msg/detail
[0.238s] -- Up-to-date: /home/bigdavid/EPSILON_ws/install/vehicle_msgs/include/vehicle_msgs/vehicle_msgs/msg/detail/polygon_obstacle__functions.h
[0.239s] -- Up-to-date: /home/bigdavid/EPSILON_ws/install/vehicle_msgs/include/vehicle_msgs/vehicle_msgs/msg/detail/vehicle_param__functions.h
[0.239s] -- Up-to-date: /home/bigdavid/EPSILON_ws/install/vehicle_msgs/include/vehicle_msgs/vehicle_msgs/msg/detail/obstacle_set__functions.h
[0.239s] -- Up-to-date: /home/bigdavid/EPSILON_ws/install/vehicle_msgs/include/vehicle_msgs/vehicle_msgs/msg/detail/vehicle__struct.h
[0.239s] -- Up-to-date: /home/bigdavid/EPSILON_ws/install/vehicle_msgs/include/vehicle_msgs/vehicle_msgs/msg/detail/state__type_support.h
[0.239s] -- Up-to-date: /home/bigdavid/EPSILON_ws/install/vehicle_msgs/include/vehicle_msgs/vehicle_msgs/msg/detail/occupancy_grid_u_int8__functions.c
[0.239s] -- Up-to-date: /home/bigdavid/EPSILON_ws/install/vehicle_msgs/include/vehicle_msgs/vehicle_msgs/msg/detail/free_state__type_support.h
[0.239s] -- Up-to-date: /home/bigdavid/EPSILON_ws/install/vehicle_msgs/include/vehicle_msgs/vehicle_msgs/msg/detail/occupancy_grid_float__functions.c
[0.239s] -- Up-to-date: /home/bigdavid/EPSILON_ws/install/vehicle_msgs/include/vehicle_msgs/vehicle_msgs/msg/detail/lane_net__functions.h
[0.239s] -- Up-to-date: /home/bigdavid/EPSILON_ws/install/vehicle_msgs/include/vehicle_msgs/vehicle_msgs/msg/detail/control_signal__struct.h
[0.239s] -- Up-to-date: /home/bigdavid/EPSILON_ws/install/vehicle_msgs/include/vehicle_msgs/vehicle_msgs/msg/detail/arena_info_static__type_support.h
[0.240s] -- Up-to-date: /home/bigdavid/EPSILON_ws/install/vehicle_msgs/include/vehicle_msgs/vehicle_msgs/msg/detail/occupancy_grid_float__type_support.h
[0.240s] -- Up-to-date: /home/bigdavid/EPSILON_ws/install/vehicle_msgs/include/vehicle_msgs/vehicle_msgs/msg/detail/circle_obstacle__type_support.h
[0.240s] -- Up-to-date: /home/bigdavid/EPSILON_ws/install/vehicle_msgs/include/vehicle_msgs/vehicle_msgs/msg/detail/occupancy_grid_float__functions.h
[0.240s] -- Up-to-date: /home/bigdavid/EPSILON_ws/install/vehicle_msgs/include/vehicle_msgs/vehicle_msgs/msg/detail/free_state__functions.c
[0.240s] -- Up-to-date: /home/bigdavid/EPSILON_ws/install/vehicle_msgs/include/vehicle_msgs/vehicle_msgs/msg/detail/vehicle__type_support.h
[0.240s] -- Up-to-date: /home/bigdavid/EPSILON_ws/install/vehicle_msgs/include/vehicle_msgs/vehicle_msgs/msg/detail/arena_info_static__functions.h
[0.240s] -- Up-to-date: /home/bigdavid/EPSILON_ws/install/vehicle_msgs/include/vehicle_msgs/vehicle_msgs/msg/detail/vehicle_set__type_support.h
[0.240s] -- Up-to-date: /home/bigdavid/EPSILON_ws/install/vehicle_msgs/include/vehicle_msgs/vehicle_msgs/msg/detail/arena_info_dynamic__functions.c
[0.240s] -- Up-to-date: /home/bigdavid/EPSILON_ws/install/vehicle_msgs/include/vehicle_msgs/vehicle_msgs/msg/detail/circle__struct.h
[0.240s] -- Up-to-date: /home/bigdavid/EPSILON_ws/install/vehicle_msgs/include/vehicle_msgs/vehicle_msgs/msg/detail/state__functions.h
[0.240s] -- Up-to-date: /home/bigdavid/EPSILON_ws/install/vehicle_msgs/include/vehicle_msgs/vehicle_msgs/msg/detail/arena_info__functions.h
[0.240s] -- Up-to-date: /home/bigdavid/EPSILON_ws/install/vehicle_msgs/include/vehicle_msgs/vehicle_msgs/msg/detail/vehicle_param__functions.c
[0.240s] -- Up-to-date: /home/bigdavid/EPSILON_ws/install/vehicle_msgs/include/vehicle_msgs/vehicle_msgs/msg/detail/arena_info_dynamic__struct.h
[0.241s] -- Up-to-date: /home/bigdavid/EPSILON_ws/install/vehicle_msgs/include/vehicle_msgs/vehicle_msgs/msg/detail/circle__type_support.h
[0.241s] -- Up-to-date: /home/bigdavid/EPSILON_ws/install/vehicle_msgs/include/vehicle_msgs/vehicle_msgs/msg/detail/obstacle_set__type_support.h
[0.241s] -- Up-to-date: /home/bigdavid/EPSILON_ws/install/vehicle_msgs/include/vehicle_msgs/vehicle_msgs/msg/detail/obstacle_set__struct.h
[0.241s] -- Up-to-date: /home/bigdavid/EPSILON_ws/install/vehicle_msgs/include/vehicle_msgs/vehicle_msgs/msg/detail/state__struct.h
[0.241s] -- Up-to-date: /home/bigdavid/EPSILON_ws/install/vehicle_msgs/include/vehicle_msgs/vehicle_msgs/msg/detail/lane__type_support.h
[0.241s] -- Up-to-date: /home/bigdavid/EPSILON_ws/install/vehicle_msgs/include/vehicle_msgs/vehicle_msgs/msg/detail/lane__struct.h
[0.241s] -- Up-to-date: /home/bigdavid/EPSILON_ws/install/vehicle_msgs/include/vehicle_msgs/vehicle_msgs/msg/detail/vehicle_param__struct.h
[0.241s] -- Up-to-date: /home/bigdavid/EPSILON_ws/install/vehicle_msgs/include/vehicle_msgs/vehicle_msgs/msg/detail/occupancy_grid_u_int8__type_support.h
[0.241s] -- Up-to-date: /home/bigdavid/EPSILON_ws/install/vehicle_msgs/include/vehicle_msgs/vehicle_msgs/msg/detail/polygon_obstacle__struct.h
[0.241s] -- Up-to-date: /home/bigdavid/EPSILON_ws/install/vehicle_msgs/include/vehicle_msgs/vehicle_msgs/msg/detail/state__functions.c
[0.241s] -- Up-to-date: /home/bigdavid/EPSILON_ws/install/vehicle_msgs/include/vehicle_msgs/vehicle_msgs/msg/detail/vehicle_set__functions.c
[0.241s] -- Up-to-date: /home/bigdavid/EPSILON_ws/install/vehicle_msgs/include/vehicle_msgs/vehicle_msgs/msg/detail/circle__functions.h
[0.241s] -- Up-to-date: /home/bigdavid/EPSILON_ws/install/vehicle_msgs/include/vehicle_msgs/vehicle_msgs/msg/detail/arena_info__functions.c
[0.241s] -- Up-to-date: /home/bigdavid/EPSILON_ws/install/vehicle_msgs/include/vehicle_msgs/vehicle_msgs/msg/detail/arena_info__type_support.h
[0.241s] -- Up-to-date: /home/bigdavid/EPSILON_ws/install/vehicle_msgs/include/vehicle_msgs/vehicle_msgs/msg/detail/occupancy_grid_u_int8__struct.h
[0.242s] -- Up-to-date: /home/bigdavid/EPSILON_ws/install/vehicle_msgs/include/vehicle_msgs/vehicle_msgs/msg/detail/polygon_obstacle__type_support.h
[0.242s] -- Up-to-date: /home/bigdavid/EPSILON_ws/install/vehicle_msgs/include/vehicle_msgs/vehicle_msgs/msg/detail/vehicle_set__struct.h
[0.242s] -- Up-to-date: /home/bigdavid/EPSILON_ws/install/vehicle_msgs/include/vehicle_msgs/vehicle_msgs/msg/detail/lane__functions.h
[0.242s] -- Up-to-date: /home/bigdavid/EPSILON_ws/install/vehicle_msgs/include/vehicle_msgs/vehicle_msgs/msg/detail/arena_info_static__functions.c
[0.242s] -- Up-to-date: /home/bigdavid/EPSILON_ws/install/vehicle_msgs/include/vehicle_msgs/vehicle_msgs/msg/detail/free_state__struct.h
[0.242s] -- Up-to-date: /home/bigdavid/EPSILON_ws/install/vehicle_msgs/include/vehicle_msgs/vehicle_msgs/msg/detail/circle_obstacle__struct.h
[0.242s] -- Up-to-date: /home/bigdavid/EPSILON_ws/install/vehicle_msgs/include/vehicle_msgs/vehicle_msgs/msg/detail/control_signal__functions.h
[0.242s] -- Up-to-date: /home/bigdavid/EPSILON_ws/install/vehicle_msgs/include/vehicle_msgs/vehicle_msgs/msg/detail/obstacle_set__functions.c
[0.242s] -- Up-to-date: /home/bigdavid/EPSILON_ws/install/vehicle_msgs/include/vehicle_msgs/vehicle_msgs/msg/detail/control_signal__type_support.h
[0.242s] -- Up-to-date: /home/bigdavid/EPSILON_ws/install/vehicle_msgs/include/vehicle_msgs/vehicle_msgs/msg/detail/vehicle__functions.h
[0.242s] -- Up-to-date: /home/bigdavid/EPSILON_ws/install/vehicle_msgs/include/vehicle_msgs/vehicle_msgs/msg/detail/lane_net__struct.h
[0.242s] -- Up-to-date: /home/bigdavid/EPSILON_ws/install/vehicle_msgs/include/vehicle_msgs/vehicle_msgs/msg/detail/occupancy_grid_float__struct.h
[0.242s] -- Up-to-date: /home/bigdavid/EPSILON_ws/install/vehicle_msgs/include/vehicle_msgs/vehicle_msgs/msg/detail/lane_net__type_support.h
[0.242s] -- Up-to-date: /home/bigdavid/EPSILON_ws/install/vehicle_msgs/include/vehicle_msgs/vehicle_msgs/msg/detail/arena_info_dynamic__type_support.h
[0.242s] -- Up-to-date: /home/bigdavid/EPSILON_ws/install/vehicle_msgs/include/vehicle_msgs/vehicle_msgs/msg/detail/lane_net__functions.c
[0.242s] -- Up-to-date: /home/bigdavid/EPSILON_ws/install/vehicle_msgs/include/vehicle_msgs/vehicle_msgs/msg/detail/polygon_obstacle__functions.c
[0.242s] -- Up-to-date: /home/bigdavid/EPSILON_ws/install/vehicle_msgs/include/vehicle_msgs/vehicle_msgs/msg/detail/control_signal__functions.c
[0.242s] -- Up-to-date: /home/bigdavid/EPSILON_ws/install/vehicle_msgs/include/vehicle_msgs/vehicle_msgs/msg/detail/free_state__functions.h
[0.242s] -- Up-to-date: /home/bigdavid/EPSILON_ws/install/vehicle_msgs/include/vehicle_msgs/vehicle_msgs/msg/detail/lane__functions.c
[0.242s] -- Up-to-date: /home/bigdavid/EPSILON_ws/install/vehicle_msgs/include/vehicle_msgs/vehicle_msgs/msg/detail/vehicle__functions.c
[0.243s] -- Up-to-date: /home/bigdavid/EPSILON_ws/install/vehicle_msgs/include/vehicle_msgs/vehicle_msgs/msg/detail/vehicle_set__functions.h
[0.243s] -- Up-to-date: /home/bigdavid/EPSILON_ws/install/vehicle_msgs/include/vehicle_msgs/vehicle_msgs/msg/detail/vehicle_param__type_support.h
[0.243s] -- Up-to-date: /home/bigdavid/EPSILON_ws/install/vehicle_msgs/include/vehicle_msgs/vehicle_msgs/msg/detail/arena_info_static__struct.h
[0.243s] -- Up-to-date: /home/bigdavid/EPSILON_ws/install/vehicle_msgs/include/vehicle_msgs/vehicle_msgs/msg/detail/arena_info__struct.h
[0.243s] -- Up-to-date: /home/bigdavid/EPSILON_ws/install/vehicle_msgs/include/vehicle_msgs/vehicle_msgs/msg/detail/circle_obstacle__functions.h
[0.243s] -- Up-to-date: /home/bigdavid/EPSILON_ws/install/vehicle_msgs/include/vehicle_msgs/vehicle_msgs/msg/detail/circle_obstacle__functions.c
[0.243s] -- Up-to-date: /home/bigdavid/EPSILON_ws/install/vehicle_msgs/include/vehicle_msgs/vehicle_msgs/msg/detail/circle__functions.c
[0.243s] -- Up-to-date: /home/bigdavid/EPSILON_ws/install/vehicle_msgs/include/vehicle_msgs/vehicle_msgs/msg/detail/arena_info_dynamic__functions.h
[0.243s] -- Up-to-date: /home/bigdavid/EPSILON_ws/install/vehicle_msgs/include/vehicle_msgs/vehicle_msgs/msg/detail/occupancy_grid_u_int8__functions.h
[0.243s] -- Up-to-date: /home/bigdavid/EPSILON_ws/install/vehicle_msgs/include/vehicle_msgs/vehicle_msgs/msg/vehicle_set.h
[0.243s] -- Up-to-date: /home/bigdavid/EPSILON_ws/install/vehicle_msgs/include/vehicle_msgs/vehicle_msgs/msg/control_signal.h
[0.243s] -- Up-to-date: /home/bigdavid/EPSILON_ws/install/vehicle_msgs/include/vehicle_msgs/vehicle_msgs/msg/free_state.h
[0.243s] -- Up-to-date: /home/bigdavid/EPSILON_ws/install/vehicle_msgs/include/vehicle_msgs/vehicle_msgs/msg/obstacle_set.h
[0.243s] -- Up-to-date: /home/bigdavid/EPSILON_ws/install/vehicle_msgs/include/vehicle_msgs/vehicle_msgs/msg/lane.h
[0.243s] -- Up-to-date: /home/bigdavid/EPSILON_ws/install/vehicle_msgs/include/vehicle_msgs/vehicle_msgs/msg/arena_info_static.h
[0.243s] -- Up-to-date: /home/bigdavid/EPSILON_ws/install/vehicle_msgs/include/vehicle_msgs/vehicle_msgs/msg/circle.h
[0.243s] -- Up-to-date: /home/bigdavid/EPSILON_ws/install/vehicle_msgs/include/vehicle_msgs/vehicle_msgs/msg/vehicle_param.h
[0.243s] -- Up-to-date: /home/bigdavid/EPSILON_ws/install/vehicle_msgs/include/vehicle_msgs/vehicle_msgs/msg/arena_info_dynamic.h
[0.243s] -- Up-to-date: /home/bigdavid/EPSILON_ws/install/vehicle_msgs/include/vehicle_msgs/vehicle_msgs/msg/rosidl_generator_c__visibility_control.h
[0.243s] -- Up-to-date: /home/bigdavid/EPSILON_ws/install/vehicle_msgs/include/vehicle_msgs/vehicle_msgs/msg/polygon_obstacle.h
[0.244s] -- Up-to-date: /home/bigdavid/EPSILON_ws/install/vehicle_msgs/include/vehicle_msgs/vehicle_msgs/msg/occupancy_grid_u_int8.h
[0.244s] -- Up-to-date: /home/bigdavid/EPSILON_ws/install/vehicle_msgs/include/vehicle_msgs/vehicle_msgs/msg/circle_obstacle.h
[0.244s] -- Up-to-date: /home/bigdavid/EPSILON_ws/install/vehicle_msgs/include/vehicle_msgs/vehicle_msgs/msg/lane_net.h
[0.244s] -- Up-to-date: /home/bigdavid/EPSILON_ws/install/vehicle_msgs/share/vehicle_msgs/environment/library_path.sh
[0.244s] -- Up-to-date: /home/bigdavid/EPSILON_ws/install/vehicle_msgs/share/vehicle_msgs/environment/library_path.dsv
[0.244s] -- Up-to-date: /home/bigdavid/EPSILON_ws/install/vehicle_msgs/lib/libvehicle_msgs__rosidl_generator_c.so
[0.244s] -- Up-to-date: /home/bigdavid/EPSILON_ws/install/vehicle_msgs/include/vehicle_msgs/vehicle_msgs
[0.244s] -- Up-to-date: /home/bigdavid/EPSILON_ws/install/vehicle_msgs/include/vehicle_msgs/vehicle_msgs/msg
[0.244s] -- Up-to-date: /home/bigdavid/EPSILON_ws/install/vehicle_msgs/include/vehicle_msgs/vehicle_msgs/msg/detail
[0.244s] -- Up-to-date: /home/bigdavid/EPSILON_ws/install/vehicle_msgs/include/vehicle_msgs/vehicle_msgs/msg/detail/arena_info__rosidl_typesupport_fastrtps_c.h
[0.244s] -- Up-to-date: /home/bigdavid/EPSILON_ws/install/vehicle_msgs/include/vehicle_msgs/vehicle_msgs/msg/detail/lane__rosidl_typesupport_fastrtps_c.h
[0.244s] -- Up-to-date: /home/bigdavid/EPSILON_ws/install/vehicle_msgs/include/vehicle_msgs/vehicle_msgs/msg/detail/arena_info_static__rosidl_typesupport_fastrtps_c.h
[0.244s] -- Up-to-date: /home/bigdavid/EPSILON_ws/install/vehicle_msgs/include/vehicle_msgs/vehicle_msgs/msg/detail/lane_net__rosidl_typesupport_fastrtps_c.h
[0.244s] -- Up-to-date: /home/bigdavid/EPSILON_ws/install/vehicle_msgs/include/vehicle_msgs/vehicle_msgs/msg/detail/vehicle_param__rosidl_typesupport_fastrtps_c.h
[0.244s] -- Up-to-date: /home/bigdavid/EPSILON_ws/install/vehicle_msgs/include/vehicle_msgs/vehicle_msgs/msg/detail/control_signal__rosidl_typesupport_fastrtps_c.h
[0.244s] -- Up-to-date: /home/bigdavid/EPSILON_ws/install/vehicle_msgs/include/vehicle_msgs/vehicle_msgs/msg/detail/circle_obstacle__rosidl_typesupport_fastrtps_c.h
[0.244s] -- Up-to-date: /home/bigdavid/EPSILON_ws/install/vehicle_msgs/include/vehicle_msgs/vehicle_msgs/msg/detail/vehicle__rosidl_typesupport_fastrtps_c.h
[0.244s] -- Up-to-date: /home/bigdavid/EPSILON_ws/install/vehicle_msgs/include/vehicle_msgs/vehicle_msgs/msg/detail/obstacle_set__rosidl_typesupport_fastrtps_c.h
[0.244s] -- Up-to-date: /home/bigdavid/EPSILON_ws/install/vehicle_msgs/include/vehicle_msgs/vehicle_msgs/msg/detail/vehicle_set__rosidl_typesupport_fastrtps_c.h
[0.244s] -- Up-to-date: /home/bigdavid/EPSILON_ws/install/vehicle_msgs/include/vehicle_msgs/vehicle_msgs/msg/detail/occupancy_grid_float__rosidl_typesupport_fastrtps_c.h
[0.244s] -- Up-to-date: /home/bigdavid/EPSILON_ws/install/vehicle_msgs/include/vehicle_msgs/vehicle_msgs/msg/detail/occupancy_grid_u_int8__rosidl_typesupport_fastrtps_c.h
[0.244s] -- Up-to-date: /home/bigdavid/EPSILON_ws/install/vehicle_msgs/include/vehicle_msgs/vehicle_msgs/msg/detail/free_state__rosidl_typesupport_fastrtps_c.h
[0.244s] -- Up-to-date: /home/bigdavid/EPSILON_ws/install/vehicle_msgs/include/vehicle_msgs/vehicle_msgs/msg/detail/arena_info_dynamic__rosidl_typesupport_fastrtps_c.h
[0.244s] -- Up-to-date: /home/bigdavid/EPSILON_ws/install/vehicle_msgs/include/vehicle_msgs/vehicle_msgs/msg/detail/polygon_obstacle__rosidl_typesupport_fastrtps_c.h
[0.244s] -- Up-to-date: /home/bigdavid/EPSILON_ws/install/vehicle_msgs/include/vehicle_msgs/vehicle_msgs/msg/detail/state__rosidl_typesupport_fastrtps_c.h
[0.244s] -- Up-to-date: /home/bigdavid/EPSILON_ws/install/vehicle_msgs/include/vehicle_msgs/vehicle_msgs/msg/detail/circle__rosidl_typesupport_fastrtps_c.h
[0.244s] -- Up-to-date: /home/bigdavid/EPSILON_ws/install/vehicle_msgs/include/vehicle_msgs/vehicle_msgs/msg/rosidl_typesupport_fastrtps_c__visibility_control.h
[0.244s] -- Up-to-date: /home/bigdavid/EPSILON_ws/install/vehicle_msgs/lib/libvehicle_msgs__rosidl_typesupport_fastrtps_c.so
[0.244s] -- Up-to-date: /home/bigdavid/EPSILON_ws/install/vehicle_msgs/include/vehicle_msgs/vehicle_msgs
[0.244s] -- Up-to-date: /home/bigdavid/EPSILON_ws/install/vehicle_msgs/include/vehicle_msgs/vehicle_msgs/msg
[0.244s] -- Up-to-date: /home/bigdavid/EPSILON_ws/install/vehicle_msgs/include/vehicle_msgs/vehicle_msgs/msg/lane.hpp
[0.244s] -- Up-to-date: /home/bigdavid/EPSILON_ws/install/vehicle_msgs/include/vehicle_msgs/vehicle_msgs/msg/obstacle_set.hpp
[0.244s] -- Up-to-date: /home/bigdavid/EPSILON_ws/install/vehicle_msgs/include/vehicle_msgs/vehicle_msgs/msg/vehicle_param.hpp
[0.244s] -- Up-to-date: /home/bigdavid/EPSILON_ws/install/vehicle_msgs/include/vehicle_msgs/vehicle_msgs/msg/arena_info_dynamic.hpp
[0.244s] -- Up-to-date: /home/bigdavid/EPSILON_ws/install/vehicle_msgs/include/vehicle_msgs/vehicle_msgs/msg/control_signal.hpp
[0.244s] -- Up-to-date: /home/bigdavid/EPSILON_ws/install/vehicle_msgs/include/vehicle_msgs/vehicle_msgs/msg/circle_obstacle.hpp
[0.244s] -- Up-to-date: /home/bigdavid/EPSILON_ws/install/vehicle_msgs/include/vehicle_msgs/vehicle_msgs/msg/arena_info_static.hpp
[0.245s] -- Up-to-date: /home/bigdavid/EPSILON_ws/install/vehicle_msgs/include/vehicle_msgs/vehicle_msgs/msg/detail
[0.245s] -- Up-to-date: /home/bigdavid/EPSILON_ws/install/vehicle_msgs/include/vehicle_msgs/vehicle_msgs/msg/detail/polygon_obstacle__type_support.hpp
[0.245s] -- Up-to-date: /home/bigdavid/EPSILON_ws/install/vehicle_msgs/include/vehicle_msgs/vehicle_msgs/msg/detail/arena_info__builder.hpp
[0.245s] -- Up-to-date: /home/bigdavid/EPSILON_ws/install/vehicle_msgs/include/vehicle_msgs/vehicle_msgs/msg/detail/arena_info_dynamic__builder.hpp
[0.245s] -- Up-to-date: /home/bigdavid/EPSILON_ws/install/vehicle_msgs/include/vehicle_msgs/vehicle_msgs/msg/detail/vehicle_set__struct.hpp
[0.245s] -- Up-to-date: /home/bigdavid/EPSILON_ws/install/vehicle_msgs/include/vehicle_msgs/vehicle_msgs/msg/detail/lane__type_support.hpp
[0.245s] -- Up-to-date: /home/bigdavid/EPSILON_ws/install/vehicle_msgs/include/vehicle_msgs/vehicle_msgs/msg/detail/obstacle_set__builder.hpp
[0.245s] -- Up-to-date: /home/bigdavid/EPSILON_ws/install/vehicle_msgs/include/vehicle_msgs/vehicle_msgs/msg/detail/occupancy_grid_u_int8__type_support.hpp
[0.245s] -- Up-to-date: /home/bigdavid/EPSILON_ws/install/vehicle_msgs/include/vehicle_msgs/vehicle_msgs/msg/detail/arena_info_static__struct.hpp
[0.245s] -- Up-to-date: /home/bigdavid/EPSILON_ws/install/vehicle_msgs/include/vehicle_msgs/vehicle_msgs/msg/detail/lane_net__type_support.hpp
[0.245s] -- Up-to-date: /home/bigdavid/EPSILON_ws/install/vehicle_msgs/include/vehicle_msgs/vehicle_msgs/msg/detail/arena_info_dynamic__type_support.hpp
[0.245s] -- Up-to-date: /home/bigdavid/EPSILON_ws/install/vehicle_msgs/include/vehicle_msgs/vehicle_msgs/msg/detail/obstacle_set__struct.hpp
[0.245s] -- Up-to-date: /home/bigdavid/EPSILON_ws/install/vehicle_msgs/include/vehicle_msgs/vehicle_msgs/msg/detail/polygon_obstacle__traits.hpp
[0.245s] -- Up-to-date: /home/bigdavid/EPSILON_ws/install/vehicle_msgs/include/vehicle_msgs/vehicle_msgs/msg/detail/circle__type_support.hpp
[0.245s] -- Up-to-date: /home/bigdavid/EPSILON_ws/install/vehicle_msgs/include/vehicle_msgs/vehicle_msgs/msg/detail/control_signal__struct.hpp
[0.245s] -- Up-to-date: /home/bigdavid/EPSILON_ws/install/vehicle_msgs/include/vehicle_msgs/vehicle_msgs/msg/detail/lane_net__builder.hpp
[0.245s] -- Up-to-date: /home/bigdavid/EPSILON_ws/install/vehicle_msgs/include/vehicle_msgs/vehicle_msgs/msg/detail/arena_info__traits.hpp
[0.245s] -- Up-to-date: /home/bigdavid/EPSILON_ws/install/vehicle_msgs/include/vehicle_msgs/vehicle_msgs/msg/detail/arena_info_static__traits.hpp
[0.245s] -- Up-to-date: /home/bigdavid/EPSILON_ws/install/vehicle_msgs/include/vehicle_msgs/vehicle_msgs/msg/detail/free_state__builder.hpp
[0.245s] -- Up-to-date: /home/bigdavid/EPSILON_ws/install/vehicle_msgs/include/vehicle_msgs/vehicle_msgs/msg/detail/arena_info_dynamic__traits.hpp
[0.245s] -- Up-to-date: /home/bigdavid/EPSILON_ws/install/vehicle_msgs/include/vehicle_msgs/vehicle_msgs/msg/detail/arena_info__struct.hpp
[0.245s] -- Up-to-date: /home/bigdavid/EPSILON_ws/install/vehicle_msgs/include/vehicle_msgs/vehicle_msgs/msg/detail/vehicle_set__builder.hpp
[0.245s] -- Up-to-date: /home/bigdavid/EPSILON_ws/install/vehicle_msgs/include/vehicle_msgs/vehicle_msgs/msg/detail/circle_obstacle__builder.hpp
[0.245s] -- Up-to-date: /home/bigdavid/EPSILON_ws/install/vehicle_msgs/include/vehicle_msgs/vehicle_msgs/msg/detail/vehicle_set__traits.hpp
[0.245s] -- Up-to-date: /home/bigdavid/EPSILON_ws/install/vehicle_msgs/include/vehicle_msgs/vehicle_msgs/msg/detail/vehicle_param__struct.hpp
[0.245s] -- Up-to-date: /home/bigdavid/EPSILON_ws/install/vehicle_msgs/include/vehicle_msgs/vehicle_msgs/msg/detail/vehicle__builder.hpp
[0.245s] -- Up-to-date: /home/bigdavid/EPSILON_ws/install/vehicle_msgs/include/vehicle_msgs/vehicle_msgs/msg/detail/occupancy_grid_float__builder.hpp
[0.245s] -- Up-to-date: /home/bigdavid/EPSILON_ws/install/vehicle_msgs/include/vehicle_msgs/vehicle_msgs/msg/detail/state__type_support.hpp
[0.245s] -- Up-to-date: /home/bigdavid/EPSILON_ws/install/vehicle_msgs/include/vehicle_msgs/vehicle_msgs/msg/detail/circle__builder.hpp
[0.245s] -- Up-to-date: /home/bigdavid/EPSILON_ws/install/vehicle_msgs/include/vehicle_msgs/vehicle_msgs/msg/detail/arena_info__type_support.hpp
[0.245s] -- Up-to-date: /home/bigdavid/EPSILON_ws/install/vehicle_msgs/include/vehicle_msgs/vehicle_msgs/msg/detail/free_state__struct.hpp
[0.245s] -- Up-to-date: /home/bigdavid/EPSILON_ws/install/vehicle_msgs/include/vehicle_msgs/vehicle_msgs/msg/detail/state__traits.hpp
[0.245s] -- Up-to-date: /home/bigdavid/EPSILON_ws/install/vehicle_msgs/include/vehicle_msgs/vehicle_msgs/msg/detail/vehicle_param__traits.hpp
[0.245s] -- Up-to-date: /home/bigdavid/EPSILON_ws/install/vehicle_msgs/include/vehicle_msgs/vehicle_msgs/msg/detail/state__builder.hpp
[0.245s] -- Up-to-date: /home/bigdavid/EPSILON_ws/install/vehicle_msgs/include/vehicle_msgs/vehicle_msgs/msg/detail/occupancy_grid_float__traits.hpp
[0.245s] -- Up-to-date: /home/bigdavid/EPSILON_ws/install/vehicle_msgs/include/vehicle_msgs/vehicle_msgs/msg/detail/vehicle__type_support.hpp
[0.245s] -- Up-to-date: /home/bigdavid/EPSILON_ws/install/vehicle_msgs/include/vehicle_msgs/vehicle_msgs/msg/detail/free_state__type_support.hpp
[0.245s] -- Up-to-date: /home/bigdavid/EPSILON_ws/install/vehicle_msgs/include/vehicle_msgs/vehicle_msgs/msg/detail/occupancy_grid_float__struct.hpp
[0.245s] -- Up-to-date: /home/bigdavid/EPSILON_ws/install/vehicle_msgs/include/vehicle_msgs/vehicle_msgs/msg/detail/circle_obstacle__type_support.hpp
[0.245s] -- Up-to-date: /home/bigdavid/EPSILON_ws/install/vehicle_msgs/include/vehicle_msgs/vehicle_msgs/msg/detail/polygon_obstacle__builder.hpp
[0.245s] -- Up-to-date: /home/bigdavid/EPSILON_ws/install/vehicle_msgs/include/vehicle_msgs/vehicle_msgs/msg/detail/occupancy_grid_float__type_support.hpp
[0.245s] -- Up-to-date: /home/bigdavid/EPSILON_ws/install/vehicle_msgs/include/vehicle_msgs/vehicle_msgs/msg/detail/occupancy_grid_u_int8__builder.hpp
[0.245s] -- Up-to-date: /home/bigdavid/EPSILON_ws/install/vehicle_msgs/include/vehicle_msgs/vehicle_msgs/msg/detail/vehicle__traits.hpp
[0.245s] -- Up-to-date: /home/bigdavid/EPSILON_ws/install/vehicle_msgs/include/vehicle_msgs/vehicle_msgs/msg/detail/circle_obstacle__struct.hpp
[0.245s] -- Up-to-date: /home/bigdavid/EPSILON_ws/install/vehicle_msgs/include/vehicle_msgs/vehicle_msgs/msg/detail/arena_info_dynamic__struct.hpp
[0.245s] -- Up-to-date: /home/bigdavid/EPSILON_ws/install/vehicle_msgs/include/vehicle_msgs/vehicle_msgs/msg/detail/vehicle_set__type_support.hpp
[0.245s] -- Up-to-date: /home/bigdavid/EPSILON_ws/install/vehicle_msgs/include/vehicle_msgs/vehicle_msgs/msg/detail/lane__builder.hpp
[0.245s] -- Up-to-date: /home/bigdavid/EPSILON_ws/install/vehicle_msgs/include/vehicle_msgs/vehicle_msgs/msg/detail/control_signal__type_support.hpp
[0.245s] -- Up-to-date: /home/bigdavid/EPSILON_ws/install/vehicle_msgs/include/vehicle_msgs/vehicle_msgs/msg/detail/vehicle_param__type_support.hpp
[0.245s] -- Up-to-date: /home/bigdavid/EPSILON_ws/install/vehicle_msgs/include/vehicle_msgs/vehicle_msgs/msg/detail/circle__traits.hpp
[0.245s] -- Up-to-date: /home/bigdavid/EPSILON_ws/install/vehicle_msgs/include/vehicle_msgs/vehicle_msgs/msg/detail/circle_obstacle__traits.hpp
[0.246s] -- Up-to-date: /home/bigdavid/EPSILON_ws/install/vehicle_msgs/include/vehicle_msgs/vehicle_msgs/msg/detail/lane_net__traits.hpp
[0.246s] -- Up-to-date: /home/bigdavid/EPSILON_ws/install/vehicle_msgs/include/vehicle_msgs/vehicle_msgs/msg/detail/arena_info_static__type_support.hpp
[0.246s] -- Up-to-date: /home/bigdavid/EPSILON_ws/install/vehicle_msgs/include/vehicle_msgs/vehicle_msgs/msg/detail/occupancy_grid_u_int8__traits.hpp
[0.246s] -- Up-to-date: /home/bigdavid/EPSILON_ws/install/vehicle_msgs/include/vehicle_msgs/vehicle_msgs/msg/detail/occupancy_grid_u_int8__struct.hpp
[0.246s] -- Up-to-date: /home/bigdavid/EPSILON_ws/install/vehicle_msgs/include/vehicle_msgs/vehicle_msgs/msg/detail/state__struct.hpp
[0.246s] -- Up-to-date: /home/bigdavid/EPSILON_ws/install/vehicle_msgs/include/vehicle_msgs/vehicle_msgs/msg/detail/obstacle_set__type_support.hpp
[0.246s] -- Up-to-date: /home/bigdavid/EPSILON_ws/install/vehicle_msgs/include/vehicle_msgs/vehicle_msgs/msg/detail/control_signal__builder.hpp
[0.246s] -- Up-to-date: /home/bigdavid/EPSILON_ws/install/vehicle_msgs/include/vehicle_msgs/vehicle_msgs/msg/detail/lane_net__struct.hpp
[0.246s] -- Up-to-date: /home/bigdavid/EPSILON_ws/install/vehicle_msgs/include/vehicle_msgs/vehicle_msgs/msg/detail/lane__struct.hpp
[0.246s] -- Up-to-date: /home/bigdavid/EPSILON_ws/install/vehicle_msgs/include/vehicle_msgs/vehicle_msgs/msg/detail/obstacle_set__traits.hpp
[0.246s] -- Up-to-date: /home/bigdavid/EPSILON_ws/install/vehicle_msgs/include/vehicle_msgs/vehicle_msgs/msg/detail/circle__struct.hpp
[0.246s] -- Up-to-date: /home/bigdavid/EPSILON_ws/install/vehicle_msgs/include/vehicle_msgs/vehicle_msgs/msg/detail/free_state__traits.hpp
[0.246s] -- Up-to-date: /home/bigdavid/EPSILON_ws/install/vehicle_msgs/include/vehicle_msgs/vehicle_msgs/msg/detail/control_signal__traits.hpp
[0.246s] -- Up-to-date: /home/bigdavid/EPSILON_ws/install/vehicle_msgs/include/vehicle_msgs/vehicle_msgs/msg/detail/polygon_obstacle__struct.hpp
[0.246s] -- Up-to-date: /home/bigdavid/EPSILON_ws/install/vehicle_msgs/include/vehicle_msgs/vehicle_msgs/msg/detail/vehicle__struct.hpp
[0.246s] -- Up-to-date: /home/bigdavid/EPSILON_ws/install/vehicle_msgs/include/vehicle_msgs/vehicle_msgs/msg/detail/lane__traits.hpp
[0.246s] -- Up-to-date: /home/bigdavid/EPSILON_ws/install/vehicle_msgs/include/vehicle_msgs/vehicle_msgs/msg/detail/arena_info_static__builder.hpp
[0.246s] -- Up-to-date: /home/bigdavid/EPSILON_ws/install/vehicle_msgs/include/vehicle_msgs/vehicle_msgs/msg/detail/vehicle_param__builder.hpp
[0.246s] -- Up-to-date: /home/bigdavid/EPSILON_ws/install/vehicle_msgs/include/vehicle_msgs/vehicle_msgs/msg/free_state.hpp
[0.246s] -- Up-to-date: /home/bigdavid/EPSILON_ws/install/vehicle_msgs/include/vehicle_msgs/vehicle_msgs/msg/arena_info.hpp
[0.246s] -- Up-to-date: /home/bigdavid/EPSILON_ws/install/vehicle_msgs/include/vehicle_msgs/vehicle_msgs/msg/vehicle.hpp
[0.246s] -- Up-to-date: /home/bigdavid/EPSILON_ws/install/vehicle_msgs/include/vehicle_msgs/vehicle_msgs/msg/circle.hpp
[0.246s] -- Up-to-date: /home/bigdavid/EPSILON_ws/install/vehicle_msgs/include/vehicle_msgs/vehicle_msgs/msg/rosidl_generator_cpp__visibility_control.hpp
[0.246s] -- Up-to-date: /home/bigdavid/EPSILON_ws/install/vehicle_msgs/include/vehicle_msgs/vehicle_msgs/msg/lane_net.hpp
[0.246s] -- Up-to-date: /home/bigdavid/EPSILON_ws/install/vehicle_msgs/include/vehicle_msgs/vehicle_msgs/msg/state.hpp
[0.246s] -- Up-to-date: /home/bigdavid/EPSILON_ws/install/vehicle_msgs/include/vehicle_msgs/vehicle_msgs/msg/vehicle_set.hpp
[0.246s] -- Up-to-date: /home/bigdavid/EPSILON_ws/install/vehicle_msgs/include/vehicle_msgs/vehicle_msgs/msg/occupancy_grid_float.hpp
[0.246s] -- Up-to-date: /home/bigdavid/EPSILON_ws/install/vehicle_msgs/include/vehicle_msgs/vehicle_msgs/msg/polygon_obstacle.hpp
[0.246s] -- Up-to-date: /home/bigdavid/EPSILON_ws/install/vehicle_msgs/include/vehicle_msgs/vehicle_msgs/msg/occupancy_grid_u_int8.hpp
[0.246s] -- Up-to-date: /home/bigdavid/EPSILON_ws/install/vehicle_msgs/include/vehicle_msgs/vehicle_msgs
[0.246s] -- Up-to-date: /home/bigdavid/EPSILON_ws/install/vehicle_msgs/include/vehicle_msgs/vehicle_msgs/msg
[0.246s] -- Up-to-date: /home/bigdavid/EPSILON_ws/install/vehicle_msgs/include/vehicle_msgs/vehicle_msgs/msg/rosidl_typesupport_fastrtps_cpp__visibility_control.h
[0.246s] -- Up-to-date: /home/bigdavid/EPSILON_ws/install/vehicle_msgs/include/vehicle_msgs/vehicle_msgs/msg/detail
[0.246s] -- Up-to-date: /home/bigdavid/EPSILON_ws/install/vehicle_msgs/include/vehicle_msgs/vehicle_msgs/msg/detail/lane_net__rosidl_typesupport_fastrtps_cpp.hpp
[0.246s] -- Up-to-date: /home/bigdavid/EPSILON_ws/install/vehicle_msgs/include/vehicle_msgs/vehicle_msgs/msg/detail/obstacle_set__rosidl_typesupport_fastrtps_cpp.hpp
[0.246s] -- Up-to-date: /home/bigdavid/EPSILON_ws/install/vehicle_msgs/include/vehicle_msgs/vehicle_msgs/msg/detail/circle__rosidl_typesupport_fastrtps_cpp.hpp
[0.246s] -- Up-to-date: /home/bigdavid/EPSILON_ws/install/vehicle_msgs/include/vehicle_msgs/vehicle_msgs/msg/detail/control_signal__rosidl_typesupport_fastrtps_cpp.hpp
[0.246s] -- Up-to-date: /home/bigdavid/EPSILON_ws/install/vehicle_msgs/include/vehicle_msgs/vehicle_msgs/msg/detail/occupancy_grid_float__rosidl_typesupport_fastrtps_cpp.hpp
[0.246s] -- Up-to-date: /home/bigdavid/EPSILON_ws/install/vehicle_msgs/include/vehicle_msgs/vehicle_msgs/msg/detail/occupancy_grid_u_int8__rosidl_typesupport_fastrtps_cpp.hpp
[0.246s] -- Up-to-date: /home/bigdavid/EPSILON_ws/install/vehicle_msgs/include/vehicle_msgs/vehicle_msgs/msg/detail/vehicle_set__rosidl_typesupport_fastrtps_cpp.hpp
[0.246s] -- Up-to-date: /home/bigdavid/EPSILON_ws/install/vehicle_msgs/include/vehicle_msgs/vehicle_msgs/msg/detail/state__rosidl_typesupport_fastrtps_cpp.hpp
[0.246s] -- Up-to-date: /home/bigdavid/EPSILON_ws/install/vehicle_msgs/include/vehicle_msgs/vehicle_msgs/msg/detail/arena_info__rosidl_typesupport_fastrtps_cpp.hpp
[0.246s] -- Up-to-date: /home/bigdavid/EPSILON_ws/install/vehicle_msgs/include/vehicle_msgs/vehicle_msgs/msg/detail/free_state__rosidl_typesupport_fastrtps_cpp.hpp
[0.246s] -- Up-to-date: /home/bigdavid/EPSILON_ws/install/vehicle_msgs/include/vehicle_msgs/vehicle_msgs/msg/detail/vehicle_param__rosidl_typesupport_fastrtps_cpp.hpp
[0.246s] -- Up-to-date: /home/bigdavid/EPSILON_ws/install/vehicle_msgs/include/vehicle_msgs/vehicle_msgs/msg/detail/arena_info_static__rosidl_typesupport_fastrtps_cpp.hpp
[0.246s] -- Up-to-date: /home/bigdavid/EPSILON_ws/install/vehicle_msgs/include/vehicle_msgs/vehicle_msgs/msg/detail/circle_obstacle__rosidl_typesupport_fastrtps_cpp.hpp
[0.246s] -- Up-to-date: /home/bigdavid/EPSILON_ws/install/vehicle_msgs/include/vehicle_msgs/vehicle_msgs/msg/detail/vehicle__rosidl_typesupport_fastrtps_cpp.hpp
[0.246s] -- Up-to-date: /home/bigdavid/EPSILON_ws/install/vehicle_msgs/include/vehicle_msgs/vehicle_msgs/msg/detail/lane__rosidl_typesupport_fastrtps_cpp.hpp
[0.246s] -- Up-to-date: /home/bigdavid/EPSILON_ws/install/vehicle_msgs/include/vehicle_msgs/vehicle_msgs/msg/detail/arena_info_dynamic__rosidl_typesupport_fastrtps_cpp.hpp
[0.246s] -- Up-to-date: /home/bigdavid/EPSILON_ws/install/vehicle_msgs/include/vehicle_msgs/vehicle_msgs/msg/detail/polygon_obstacle__rosidl_typesupport_fastrtps_cpp.hpp
[0.246s] -- Up-to-date: /home/bigdavid/EPSILON_ws/install/vehicle_msgs/include/vehicle_msgs/vehicle_msgs/msg/detail/dds_fastrtps
[0.247s] -- Up-to-date: /home/bigdavid/EPSILON_ws/install/vehicle_msgs/lib/libvehicle_msgs__rosidl_typesupport_fastrtps_cpp.so
[0.247s] -- Up-to-date: /home/bigdavid/EPSILON_ws/install/vehicle_msgs/include/vehicle_msgs/vehicle_msgs
[0.247s] -- Up-to-date: /home/bigdavid/EPSILON_ws/install/vehicle_msgs/include/vehicle_msgs/vehicle_msgs/msg
[0.247s] -- Up-to-date: /home/bigdavid/EPSILON_ws/install/vehicle_msgs/include/vehicle_msgs/vehicle_msgs/msg/rosidl_typesupport_introspection_c__visibility_control.h
[0.247s] -- Up-to-date: /home/bigdavid/EPSILON_ws/install/vehicle_msgs/include/vehicle_msgs/vehicle_msgs/msg/detail
[0.247s] -- Up-to-date: /home/bigdavid/EPSILON_ws/install/vehicle_msgs/include/vehicle_msgs/vehicle_msgs/msg/detail/arena_info_static__rosidl_typesupport_introspection_c.h
[0.247s] -- Up-to-date: /home/bigdavid/EPSILON_ws/install/vehicle_msgs/include/vehicle_msgs/vehicle_msgs/msg/detail/occupancy_grid_u_int8__type_support.c
[0.247s] -- Up-to-date: /home/bigdavid/EPSILON_ws/install/vehicle_msgs/include/vehicle_msgs/vehicle_msgs/msg/detail/vehicle_param__type_support.c
[0.247s] -- Up-to-date: /home/bigdavid/EPSILON_ws/install/vehicle_msgs/include/vehicle_msgs/vehicle_msgs/msg/detail/control_signal__type_support.c
[0.247s] -- Up-to-date: /home/bigdavid/EPSILON_ws/install/vehicle_msgs/include/vehicle_msgs/vehicle_msgs/msg/detail/arena_info_static__type_support.c
[0.247s] -- Up-to-date: /home/bigdavid/EPSILON_ws/install/vehicle_msgs/include/vehicle_msgs/vehicle_msgs/msg/detail/circle_obstacle__rosidl_typesupport_introspection_c.h
[0.247s] -- Up-to-date: /home/bigdavid/EPSILON_ws/install/vehicle_msgs/include/vehicle_msgs/vehicle_msgs/msg/detail/circle__rosidl_typesupport_introspection_c.h
[0.247s] -- Up-to-date: /home/bigdavid/EPSILON_ws/install/vehicle_msgs/include/vehicle_msgs/vehicle_msgs/msg/detail/free_state__type_support.c
[0.247s] -- Up-to-date: /home/bigdavid/EPSILON_ws/install/vehicle_msgs/include/vehicle_msgs/vehicle_msgs/msg/detail/arena_info__rosidl_typesupport_introspection_c.h
[0.247s] -- Up-to-date: /home/bigdavid/EPSILON_ws/install/vehicle_msgs/include/vehicle_msgs/vehicle_msgs/msg/detail/state__rosidl_typesupport_introspection_c.h
[0.247s] -- Up-to-date: /home/bigdavid/EPSILON_ws/install/vehicle_msgs/include/vehicle_msgs/vehicle_msgs/msg/detail/vehicle__rosidl_typesupport_introspection_c.h
[0.247s] -- Up-to-date: /home/bigdavid/EPSILON_ws/install/vehicle_msgs/include/vehicle_msgs/vehicle_msgs/msg/detail/lane__rosidl_typesupport_introspection_c.h
[0.247s] -- Up-to-date: /home/bigdavid/EPSILON_ws/install/vehicle_msgs/include/vehicle_msgs/vehicle_msgs/msg/detail/lane_net__type_support.c
[0.247s] -- Up-to-date: /home/bigdavid/EPSILON_ws/install/vehicle_msgs/include/vehicle_msgs/vehicle_msgs/msg/detail/circle_obstacle__type_support.c
[0.247s] -- Up-to-date: /home/bigdavid/EPSILON_ws/install/vehicle_msgs/include/vehicle_msgs/vehicle_msgs/msg/detail/vehicle_param__rosidl_typesupport_introspection_c.h
[0.247s] -- Up-to-date: /home/bigdavid/EPSILON_ws/install/vehicle_msgs/include/vehicle_msgs/vehicle_msgs/msg/detail/arena_info_dynamic__type_support.c
[0.247s] -- Up-to-date: /home/bigdavid/EPSILON_ws/install/vehicle_msgs/include/vehicle_msgs/vehicle_msgs/msg/detail/arena_info_dynamic__rosidl_typesupport_introspection_c.h
[0.247s] -- Up-to-date: /home/bigdavid/EPSILON_ws/install/vehicle_msgs/include/vehicle_msgs/vehicle_msgs/msg/detail/lane_net__rosidl_typesupport_introspection_c.h
[0.247s] -- Up-to-date: /home/bigdavid/EPSILON_ws/install/vehicle_msgs/include/vehicle_msgs/vehicle_msgs/msg/detail/arena_info__type_support.c
[0.247s] -- Up-to-date: /home/bigdavid/EPSILON_ws/install/vehicle_msgs/include/vehicle_msgs/vehicle_msgs/msg/detail/occupancy_grid_u_int8__rosidl_typesupport_introspection_c.h
[0.247s] -- Up-to-date: /home/bigdavid/EPSILON_ws/install/vehicle_msgs/include/vehicle_msgs/vehicle_msgs/msg/detail/polygon_obstacle__rosidl_typesupport_introspection_c.h
[0.247s] -- Up-to-date: /home/bigdavid/EPSILON_ws/install/vehicle_msgs/include/vehicle_msgs/vehicle_msgs/msg/detail/obstacle_set__type_support.c
[0.247s] -- Up-to-date: /home/bigdavid/EPSILON_ws/install/vehicle_msgs/include/vehicle_msgs/vehicle_msgs/msg/detail/occupancy_grid_float__type_support.c
[0.247s] -- Up-to-date: /home/bigdavid/EPSILON_ws/install/vehicle_msgs/include/vehicle_msgs/vehicle_msgs/msg/detail/occupancy_grid_float__rosidl_typesupport_introspection_c.h
[0.247s] -- Up-to-date: /home/bigdavid/EPSILON_ws/install/vehicle_msgs/include/vehicle_msgs/vehicle_msgs/msg/detail/lane__type_support.c
[0.247s] -- Up-to-date: /home/bigdavid/EPSILON_ws/install/vehicle_msgs/include/vehicle_msgs/vehicle_msgs/msg/detail/circle__type_support.c
[0.247s] -- Up-to-date: /home/bigdavid/EPSILON_ws/install/vehicle_msgs/include/vehicle_msgs/vehicle_msgs/msg/detail/vehicle_set__rosidl_typesupport_introspection_c.h
[0.247s] -- Up-to-date: /home/bigdavid/EPSILON_ws/install/vehicle_msgs/include/vehicle_msgs/vehicle_msgs/msg/detail/polygon_obstacle__type_support.c
[0.247s] -- Up-to-date: /home/bigdavid/EPSILON_ws/install/vehicle_msgs/include/vehicle_msgs/vehicle_msgs/msg/detail/obstacle_set__rosidl_typesupport_introspection_c.h
[0.247s] -- Up-to-date: /home/bigdavid/EPSILON_ws/install/vehicle_msgs/include/vehicle_msgs/vehicle_msgs/msg/detail/control_signal__rosidl_typesupport_introspection_c.h
[0.247s] -- Up-to-date: /home/bigdavid/EPSILON_ws/install/vehicle_msgs/include/vehicle_msgs/vehicle_msgs/msg/detail/vehicle__type_support.c
[0.247s] -- Up-to-date: /home/bigdavid/EPSILON_ws/install/vehicle_msgs/include/vehicle_msgs/vehicle_msgs/msg/detail/vehicle_set__type_support.c
[0.247s] -- Up-to-date: /home/bigdavid/EPSILON_ws/install/vehicle_msgs/include/vehicle_msgs/vehicle_msgs/msg/detail/state__type_support.c
[0.247s] -- Up-to-date: /home/bigdavid/EPSILON_ws/install/vehicle_msgs/include/vehicle_msgs/vehicle_msgs/msg/detail/free_state__rosidl_typesupport_introspection_c.h
[0.247s] -- Up-to-date: /home/bigdavid/EPSILON_ws/install/vehicle_msgs/lib/libvehicle_msgs__rosidl_typesupport_introspection_c.so
[0.247s] -- Up-to-date: /home/bigdavid/EPSILON_ws/install/vehicle_msgs/lib/libvehicle_msgs__rosidl_typesupport_c.so
[0.247s] -- Up-to-date: /home/bigdavid/EPSILON_ws/install/vehicle_msgs/include/vehicle_msgs/vehicle_msgs
[0.247s] -- Up-to-date: /home/bigdavid/EPSILON_ws/install/vehicle_msgs/include/vehicle_msgs/vehicle_msgs/msg
[0.247s] -- Up-to-date: /home/bigdavid/EPSILON_ws/install/vehicle_msgs/include/vehicle_msgs/vehicle_msgs/msg/detail
[0.247s] -- Up-to-date: /home/bigdavid/EPSILON_ws/install/vehicle_msgs/include/vehicle_msgs/vehicle_msgs/msg/detail/control_signal__type_support.cpp
[0.247s] -- Up-to-date: /home/bigdavid/EPSILON_ws/install/vehicle_msgs/include/vehicle_msgs/vehicle_msgs/msg/detail/lane_net__rosidl_typesupport_introspection_cpp.hpp
[0.247s] -- Up-to-date: /home/bigdavid/EPSILON_ws/install/vehicle_msgs/include/vehicle_msgs/vehicle_msgs/msg/detail/occupancy_grid_u_int8__rosidl_typesupport_introspection_cpp.hpp
[0.247s] -- Up-to-date: /home/bigdavid/EPSILON_ws/install/vehicle_msgs/include/vehicle_msgs/vehicle_msgs/msg/detail/vehicle__type_support.cpp
[0.247s] -- Up-to-date: /home/bigdavid/EPSILON_ws/install/vehicle_msgs/include/vehicle_msgs/vehicle_msgs/msg/detail/polygon_obstacle__rosidl_typesupport_introspection_cpp.hpp
[0.247s] -- Up-to-date: /home/bigdavid/EPSILON_ws/install/vehicle_msgs/include/vehicle_msgs/vehicle_msgs/msg/detail/vehicle_param__type_support.cpp
[0.247s] -- Up-to-date: /home/bigdavid/EPSILON_ws/install/vehicle_msgs/include/vehicle_msgs/vehicle_msgs/msg/detail/obstacle_set__type_support.cpp
[0.248s] -- Up-to-date: /home/bigdavid/EPSILON_ws/install/vehicle_msgs/include/vehicle_msgs/vehicle_msgs/msg/detail/occupancy_grid_float__rosidl_typesupport_introspection_cpp.hpp
[0.248s] -- Up-to-date: /home/bigdavid/EPSILON_ws/install/vehicle_msgs/include/vehicle_msgs/vehicle_msgs/msg/detail/circle__rosidl_typesupport_introspection_cpp.hpp
[0.248s] -- Up-to-date: /home/bigdavid/EPSILON_ws/install/vehicle_msgs/include/vehicle_msgs/vehicle_msgs/msg/detail/circle_obstacle__type_support.cpp
[0.248s] -- Up-to-date: /home/bigdavid/EPSILON_ws/install/vehicle_msgs/include/vehicle_msgs/vehicle_msgs/msg/detail/obstacle_set__rosidl_typesupport_introspection_cpp.hpp
[0.248s] -- Up-to-date: /home/bigdavid/EPSILON_ws/install/vehicle_msgs/include/vehicle_msgs/vehicle_msgs/msg/detail/arena_info_static__rosidl_typesupport_introspection_cpp.hpp
[0.248s] -- Up-to-date: /home/bigdavid/EPSILON_ws/install/vehicle_msgs/include/vehicle_msgs/vehicle_msgs/msg/detail/vehicle_set__rosidl_typesupport_introspection_cpp.hpp
[0.248s] -- Up-to-date: /home/bigdavid/EPSILON_ws/install/vehicle_msgs/include/vehicle_msgs/vehicle_msgs/msg/detail/arena_info__rosidl_typesupport_introspection_cpp.hpp
[0.248s] -- Up-to-date: /home/bigdavid/EPSILON_ws/install/vehicle_msgs/include/vehicle_msgs/vehicle_msgs/msg/detail/circle_obstacle__rosidl_typesupport_introspection_cpp.hpp
[0.248s] -- Up-to-date: /home/bigdavid/EPSILON_ws/install/vehicle_msgs/include/vehicle_msgs/vehicle_msgs/msg/detail/free_state__type_support.cpp
[0.248s] -- Up-to-date: /home/bigdavid/EPSILON_ws/install/vehicle_msgs/include/vehicle_msgs/vehicle_msgs/msg/detail/control_signal__rosidl_typesupport_introspection_cpp.hpp
[0.248s] -- Up-to-date: /home/bigdavid/EPSILON_ws/install/vehicle_msgs/include/vehicle_msgs/vehicle_msgs/msg/detail/lane__type_support.cpp
[0.248s] -- Up-to-date: /home/bigdavid/EPSILON_ws/install/vehicle_msgs/include/vehicle_msgs/vehicle_msgs/msg/detail/polygon_obstacle__type_support.cpp
[0.248s] -- Up-to-date: /home/bigdavid/EPSILON_ws/install/vehicle_msgs/include/vehicle_msgs/vehicle_msgs/msg/detail/lane_net__type_support.cpp
[0.248s] -- Up-to-date: /home/bigdavid/EPSILON_ws/install/vehicle_msgs/include/vehicle_msgs/vehicle_msgs/msg/detail/arena_info_dynamic__rosidl_typesupport_introspection_cpp.hpp
[0.248s] -- Up-to-date: /home/bigdavid/EPSILON_ws/install/vehicle_msgs/include/vehicle_msgs/vehicle_msgs/msg/detail/arena_info__type_support.cpp
[0.248s] -- Up-to-date: /home/bigdavid/EPSILON_ws/install/vehicle_msgs/include/vehicle_msgs/vehicle_msgs/msg/detail/state__rosidl_typesupport_introspection_cpp.hpp
[0.248s] -- Up-to-date: /home/bigdavid/EPSILON_ws/install/vehicle_msgs/include/vehicle_msgs/vehicle_msgs/msg/detail/arena_info_dynamic__type_support.cpp
[0.248s] -- Up-to-date: /home/bigdavid/EPSILON_ws/install/vehicle_msgs/include/vehicle_msgs/vehicle_msgs/msg/detail/lane__rosidl_typesupport_introspection_cpp.hpp
[0.248s] -- Up-to-date: /home/bigdavid/EPSILON_ws/install/vehicle_msgs/include/vehicle_msgs/vehicle_msgs/msg/detail/occupancy_grid_float__type_support.cpp
[0.248s] -- Up-to-date: /home/bigdavid/EPSILON_ws/install/vehicle_msgs/include/vehicle_msgs/vehicle_msgs/msg/detail/state__type_support.cpp
[0.248s] -- Up-to-date: /home/bigdavid/EPSILON_ws/install/vehicle_msgs/include/vehicle_msgs/vehicle_msgs/msg/detail/occupancy_grid_u_int8__type_support.cpp
[0.248s] -- Up-to-date: /home/bigdavid/EPSILON_ws/install/vehicle_msgs/include/vehicle_msgs/vehicle_msgs/msg/detail/circle__type_support.cpp
[0.248s] -- Up-to-date: /home/bigdavid/EPSILON_ws/install/vehicle_msgs/include/vehicle_msgs/vehicle_msgs/msg/detail/vehicle_set__type_support.cpp
[0.248s] -- Up-to-date: /home/bigdavid/EPSILON_ws/install/vehicle_msgs/include/vehicle_msgs/vehicle_msgs/msg/detail/vehicle__rosidl_typesupport_introspection_cpp.hpp
[0.248s] -- Up-to-date: /home/bigdavid/EPSILON_ws/install/vehicle_msgs/include/vehicle_msgs/vehicle_msgs/msg/detail/arena_info_static__type_support.cpp
[0.248s] -- Up-to-date: /home/bigdavid/EPSILON_ws/install/vehicle_msgs/include/vehicle_msgs/vehicle_msgs/msg/detail/vehicle_param__rosidl_typesupport_introspection_cpp.hpp
[0.248s] -- Up-to-date: /home/bigdavid/EPSILON_ws/install/vehicle_msgs/include/vehicle_msgs/vehicle_msgs/msg/detail/free_state__rosidl_typesupport_introspection_cpp.hpp
[0.248s] -- Up-to-date: /home/bigdavid/EPSILON_ws/install/vehicle_msgs/lib/libvehicle_msgs__rosidl_typesupport_introspection_cpp.so
[0.248s] -- Up-to-date: /home/bigdavid/EPSILON_ws/install/vehicle_msgs/lib/libvehicle_msgs__rosidl_typesupport_cpp.so
[0.248s] -- Up-to-date: /home/bigdavid/EPSILON_ws/install/vehicle_msgs/share/vehicle_msgs/environment/pythonpath.sh
[0.248s] -- Up-to-date: /home/bigdavid/EPSILON_ws/install/vehicle_msgs/share/vehicle_msgs/environment/pythonpath.dsv
[0.248s] -- Up-to-date: /home/bigdavid/EPSILON_ws/install/vehicle_msgs/local/lib/python3.10/dist-packages/vehicle_msgs-0.0.1-py3.10.egg-info
[0.248s] -- Installing: /home/bigdavid/EPSILON_ws/install/vehicle_msgs/local/lib/python3.10/dist-packages/vehicle_msgs-0.0.1-py3.10.egg-info/top_level.txt
[0.248s] -- Installing: /home/bigdavid/EPSILON_ws/install/vehicle_msgs/local/lib/python3.10/dist-packages/vehicle_msgs-0.0.1-py3.10.egg-info/dependency_links.txt
[0.248s] -- Installing: /home/bigdavid/EPSILON_ws/install/vehicle_msgs/local/lib/python3.10/dist-packages/vehicle_msgs-0.0.1-py3.10.egg-info/PKG-INFO
[0.248s] -- Installing: /home/bigdavid/EPSILON_ws/install/vehicle_msgs/local/lib/python3.10/dist-packages/vehicle_msgs-0.0.1-py3.10.egg-info/SOURCES.txt
[0.248s] -- Up-to-date: /home/bigdavid/EPSILON_ws/install/vehicle_msgs/local/lib/python3.10/dist-packages/vehicle_msgs
[0.248s] -- Up-to-date: /home/bigdavid/EPSILON_ws/install/vehicle_msgs/local/lib/python3.10/dist-packages/vehicle_msgs/libvehicle_msgs__rosidl_generator_py.so
[0.248s] -- Up-to-date: /home/bigdavid/EPSILON_ws/install/vehicle_msgs/local/lib/python3.10/dist-packages/vehicle_msgs/_vehicle_msgs_s.ep.rosidl_typesupport_introspection_c.c
[0.248s] -- Up-to-date: /home/bigdavid/EPSILON_ws/install/vehicle_msgs/local/lib/python3.10/dist-packages/vehicle_msgs/_vehicle_msgs_s.ep.rosidl_typesupport_c.c
[0.248s] -- Up-to-date: /home/bigdavid/EPSILON_ws/install/vehicle_msgs/local/lib/python3.10/dist-packages/vehicle_msgs/vehicle_msgs_s__rosidl_typesupport_c.cpython-310-x86_64-linux-gnu.so
[0.248s] -- Up-to-date: /home/bigdavid/EPSILON_ws/install/vehicle_msgs/local/lib/python3.10/dist-packages/vehicle_msgs/__init__.py
[0.248s] -- Up-to-date: /home/bigdavid/EPSILON_ws/install/vehicle_msgs/local/lib/python3.10/dist-packages/vehicle_msgs/vehicle_msgs_s__rosidl_typesupport_fastrtps_c.cpython-310-x86_64-linux-gnu.so
[0.248s] -- Up-to-date: /home/bigdavid/EPSILON_ws/install/vehicle_msgs/local/lib/python3.10/dist-packages/vehicle_msgs/_vehicle_msgs_s.ep.rosidl_typesupport_fastrtps_c.c
[0.248s] -- Up-to-date: /home/bigdavid/EPSILON_ws/install/vehicle_msgs/local/lib/python3.10/dist-packages/vehicle_msgs/vehicle_msgs_s__rosidl_typesupport_introspection_c.cpython-310-x86_64-linux-gnu.so
[0.248s] -- Up-to-date: /home/bigdavid/EPSILON_ws/install/vehicle_msgs/local/lib/python3.10/dist-packages/vehicle_msgs/msg
[0.248s] -- Up-to-date: /home/bigdavid/EPSILON_ws/install/vehicle_msgs/local/lib/python3.10/dist-packages/vehicle_msgs/msg/_arena_info_dynamic_s.c
[0.248s] -- Up-to-date: /home/bigdavid/EPSILON_ws/install/vehicle_msgs/local/lib/python3.10/dist-packages/vehicle_msgs/msg/_polygon_obstacle.py
[0.249s] -- Up-to-date: /home/bigdavid/EPSILON_ws/install/vehicle_msgs/local/lib/python3.10/dist-packages/vehicle_msgs/msg/_lane_net.py
[0.249s] -- Up-to-date: /home/bigdavid/EPSILON_ws/install/vehicle_msgs/local/lib/python3.10/dist-packages/vehicle_msgs/msg/_vehicle_param.py
[0.249s] -- Up-to-date: /home/bigdavid/EPSILON_ws/install/vehicle_msgs/local/lib/python3.10/dist-packages/vehicle_msgs/msg/_free_state.py
[0.249s] -- Up-to-date: /home/bigdavid/EPSILON_ws/install/vehicle_msgs/local/lib/python3.10/dist-packages/vehicle_msgs/msg/_occupancy_grid_float_s.c
[0.249s] -- Up-to-date: /home/bigdavid/EPSILON_ws/install/vehicle_msgs/local/lib/python3.10/dist-packages/vehicle_msgs/msg/_state.py
[0.249s] -- Up-to-date: /home/bigdavid/EPSILON_ws/install/vehicle_msgs/local/lib/python3.10/dist-packages/vehicle_msgs/msg/_circle_obstacle_s.c
[0.249s] -- Up-to-date: /home/bigdavid/EPSILON_ws/install/vehicle_msgs/local/lib/python3.10/dist-packages/vehicle_msgs/msg/_occupancy_grid_u_int8_s.c
[0.249s] -- Up-to-date: /home/bigdavid/EPSILON_ws/install/vehicle_msgs/local/lib/python3.10/dist-packages/vehicle_msgs/msg/_vehicle_set_s.c
[0.249s] -- Up-to-date: /home/bigdavid/EPSILON_ws/install/vehicle_msgs/local/lib/python3.10/dist-packages/vehicle_msgs/msg/_obstacle_set.py
[0.249s] -- Up-to-date: /home/bigdavid/EPSILON_ws/install/vehicle_msgs/local/lib/python3.10/dist-packages/vehicle_msgs/msg/__init__.py
[0.249s] -- Up-to-date: /home/bigdavid/EPSILON_ws/install/vehicle_msgs/local/lib/python3.10/dist-packages/vehicle_msgs/msg/_vehicle.py
[0.249s] -- Up-to-date: /home/bigdavid/EPSILON_ws/install/vehicle_msgs/local/lib/python3.10/dist-packages/vehicle_msgs/msg/_free_state_s.c
[0.249s] -- Up-to-date: /home/bigdavid/EPSILON_ws/install/vehicle_msgs/local/lib/python3.10/dist-packages/vehicle_msgs/msg/_control_signal_s.c
[0.249s] -- Up-to-date: /home/bigdavid/EPSILON_ws/install/vehicle_msgs/local/lib/python3.10/dist-packages/vehicle_msgs/msg/_arena_info_dynamic.py
[0.249s] -- Up-to-date: /home/bigdavid/EPSILON_ws/install/vehicle_msgs/local/lib/python3.10/dist-packages/vehicle_msgs/msg/_circle.py
[0.249s] -- Up-to-date: /home/bigdavid/EPSILON_ws/install/vehicle_msgs/local/lib/python3.10/dist-packages/vehicle_msgs/msg/_circle_s.c
[0.249s] -- Up-to-date: /home/bigdavid/EPSILON_ws/install/vehicle_msgs/local/lib/python3.10/dist-packages/vehicle_msgs/msg/_state_s.c
[0.249s] -- Up-to-date: /home/bigdavid/EPSILON_ws/install/vehicle_msgs/local/lib/python3.10/dist-packages/vehicle_msgs/msg/_occupancy_grid_u_int8.py
[0.249s] -- Up-to-date: /home/bigdavid/EPSILON_ws/install/vehicle_msgs/local/lib/python3.10/dist-packages/vehicle_msgs/msg/_control_signal.py
[0.249s] -- Up-to-date: /home/bigdavid/EPSILON_ws/install/vehicle_msgs/local/lib/python3.10/dist-packages/vehicle_msgs/msg/_polygon_obstacle_s.c
[0.249s] -- Up-to-date: /home/bigdavid/EPSILON_ws/install/vehicle_msgs/local/lib/python3.10/dist-packages/vehicle_msgs/msg/_lane_s.c
[0.249s] -- Up-to-date: /home/bigdavid/EPSILON_ws/install/vehicle_msgs/local/lib/python3.10/dist-packages/vehicle_msgs/msg/_circle_obstacle.py
[0.249s] -- Up-to-date: /home/bigdavid/EPSILON_ws/install/vehicle_msgs/local/lib/python3.10/dist-packages/vehicle_msgs/msg/_lane_net_s.c
[0.249s] -- Up-to-date: /home/bigdavid/EPSILON_ws/install/vehicle_msgs/local/lib/python3.10/dist-packages/vehicle_msgs/msg/_obstacle_set_s.c
[0.249s] -- Up-to-date: /home/bigdavid/EPSILON_ws/install/vehicle_msgs/local/lib/python3.10/dist-packages/vehicle_msgs/msg/_arena_info_s.c
[0.249s] -- Up-to-date: /home/bigdavid/EPSILON_ws/install/vehicle_msgs/local/lib/python3.10/dist-packages/vehicle_msgs/msg/_lane.py
[0.249s] -- Up-to-date: /home/bigdavid/EPSILON_ws/install/vehicle_msgs/local/lib/python3.10/dist-packages/vehicle_msgs/msg/_arena_info_static.py
[0.249s] -- Up-to-date: /home/bigdavid/EPSILON_ws/install/vehicle_msgs/local/lib/python3.10/dist-packages/vehicle_msgs/msg/_arena_info_static_s.c
[0.249s] -- Up-to-date: /home/bigdavid/EPSILON_ws/install/vehicle_msgs/local/lib/python3.10/dist-packages/vehicle_msgs/msg/_arena_info.py
[0.249s] -- Up-to-date: /home/bigdavid/EPSILON_ws/install/vehicle_msgs/local/lib/python3.10/dist-packages/vehicle_msgs/msg/_occupancy_grid_float.py
[0.249s] -- Up-to-date: /home/bigdavid/EPSILON_ws/install/vehicle_msgs/local/lib/python3.10/dist-packages/vehicle_msgs/msg/_vehicle_param_s.c
[0.249s] -- Up-to-date: /home/bigdavid/EPSILON_ws/install/vehicle_msgs/local/lib/python3.10/dist-packages/vehicle_msgs/msg/_vehicle_set.py
[0.249s] -- Up-to-date: /home/bigdavid/EPSILON_ws/install/vehicle_msgs/local/lib/python3.10/dist-packages/vehicle_msgs/msg/_vehicle_s.c
[0.261s] Listing '/home/bigdavid/EPSILON_ws/install/vehicle_msgs/local/lib/python3.10/dist-packages/vehicle_msgs'...
[0.261s] Listing '/home/bigdavid/EPSILON_ws/install/vehicle_msgs/local/lib/python3.10/dist-packages/vehicle_msgs/msg'...
[0.263s] -- Up-to-date: /home/bigdavid/EPSILON_ws/install/vehicle_msgs/local/lib/python3.10/dist-packages/vehicle_msgs/vehicle_msgs_s__rosidl_typesupport_fastrtps_c.cpython-310-x86_64-linux-gnu.so
[0.263s] -- Up-to-date: /home/bigdavid/EPSILON_ws/install/vehicle_msgs/local/lib/python3.10/dist-packages/vehicle_msgs/vehicle_msgs_s__rosidl_typesupport_introspection_c.cpython-310-x86_64-linux-gnu.so
[0.263s] -- Up-to-date: /home/bigdavid/EPSILON_ws/install/vehicle_msgs/local/lib/python3.10/dist-packages/vehicle_msgs/vehicle_msgs_s__rosidl_typesupport_c.cpython-310-x86_64-linux-gnu.so
[0.263s] -- Up-to-date: /home/bigdavid/EPSILON_ws/install/vehicle_msgs/lib/libvehicle_msgs__rosidl_generator_py.so
[0.263s] -- Up-to-date: /home/bigdavid/EPSILON_ws/install/vehicle_msgs/share/vehicle_msgs/msg/State.idl
[0.263s] -- Up-to-date: /home/bigdavid/EPSILON_ws/install/vehicle_msgs/share/vehicle_msgs/msg/ControlSignal.idl
[0.263s] -- Up-to-date: /home/bigdavid/EPSILON_ws/install/vehicle_msgs/share/vehicle_msgs/msg/Lane.idl
[0.263s] -- Up-to-date: /home/bigdavid/EPSILON_ws/install/vehicle_msgs/share/vehicle_msgs/msg/LaneNet.idl
[0.263s] -- Up-to-date: /home/bigdavid/EPSILON_ws/install/vehicle_msgs/share/vehicle_msgs/msg/VehicleParam.idl
[0.263s] -- Up-to-date: /home/bigdavid/EPSILON_ws/install/vehicle_msgs/share/vehicle_msgs/msg/Vehicle.idl
[0.263s] -- Up-to-date: /home/bigdavid/EPSILON_ws/install/vehicle_msgs/share/vehicle_msgs/msg/VehicleSet.idl
[0.263s] -- Up-to-date: /home/bigdavid/EPSILON_ws/install/vehicle_msgs/share/vehicle_msgs/msg/OccupancyGridFloat.idl
[0.263s] -- Up-to-date: /home/bigdavid/EPSILON_ws/install/vehicle_msgs/share/vehicle_msgs/msg/OccupancyGridUInt8.idl
[0.263s] -- Up-to-date: /home/bigdavid/EPSILON_ws/install/vehicle_msgs/share/vehicle_msgs/msg/Circle.idl
[0.264s] -- Up-to-date: /home/bigdavid/EPSILON_ws/install/vehicle_msgs/share/vehicle_msgs/msg/CircleObstacle.idl
[0.264s] -- Up-to-date: /home/bigdavid/EPSILON_ws/install/vehicle_msgs/share/vehicle_msgs/msg/PolygonObstacle.idl
[0.264s] -- Up-to-date: /home/bigdavid/EPSILON_ws/install/vehicle_msgs/share/vehicle_msgs/msg/ObstacleSet.idl
[0.264s] -- Up-to-date: /home/bigdavid/EPSILON_ws/install/vehicle_msgs/share/vehicle_msgs/msg/FreeState.idl
[0.264s] -- Up-to-date: /home/bigdavid/EPSILON_ws/install/vehicle_msgs/share/vehicle_msgs/msg/ArenaInfo.idl
[0.264s] -- Up-to-date: /home/bigdavid/EPSILON_ws/install/vehicle_msgs/share/vehicle_msgs/msg/ArenaInfoDynamic.idl
[0.264s] -- Up-to-date: /home/bigdavid/EPSILON_ws/install/vehicle_msgs/share/vehicle_msgs/msg/ArenaInfoStatic.idl
[0.264s] -- Up-to-date: /home/bigdavid/EPSILON_ws/install/vehicle_msgs/share/vehicle_msgs/msg/State.msg
[0.264s] -- Up-to-date: /home/bigdavid/EPSILON_ws/install/vehicle_msgs/share/vehicle_msgs/msg/ControlSignal.msg
[0.264s] -- Up-to-date: /home/bigdavid/EPSILON_ws/install/vehicle_msgs/share/vehicle_msgs/msg/Lane.msg
[0.264s] -- Up-to-date: /home/bigdavid/EPSILON_ws/install/vehicle_msgs/share/vehicle_msgs/msg/LaneNet.msg
[0.264s] -- Up-to-date: /home/bigdavid/EPSILON_ws/install/vehicle_msgs/share/vehicle_msgs/msg/VehicleParam.msg
[0.264s] -- Up-to-date: /home/bigdavid/EPSILON_ws/install/vehicle_msgs/share/vehicle_msgs/msg/Vehicle.msg
[0.264s] -- Up-to-date: /home/bigdavid/EPSILON_ws/install/vehicle_msgs/share/vehicle_msgs/msg/VehicleSet.msg
[0.264s] -- Up-to-date: /home/bigdavid/EPSILON_ws/install/vehicle_msgs/share/vehicle_msgs/msg/OccupancyGridFloat.msg
[0.264s] -- Up-to-date: /home/bigdavid/EPSILON_ws/install/vehicle_msgs/share/vehicle_msgs/msg/OccupancyGridUInt8.msg
[0.264s] -- Up-to-date: /home/bigdavid/EPSILON_ws/install/vehicle_msgs/share/vehicle_msgs/msg/Circle.msg
[0.264s] -- Up-to-date: /home/bigdavid/EPSILON_ws/install/vehicle_msgs/share/vehicle_msgs/msg/CircleObstacle.msg
[0.264s] -- Up-to-date: /home/bigdavid/EPSILON_ws/install/vehicle_msgs/share/vehicle_msgs/msg/PolygonObstacle.msg
[0.264s] -- Up-to-date: /home/bigdavid/EPSILON_ws/install/vehicle_msgs/share/vehicle_msgs/msg/ObstacleSet.msg
[0.264s] -- Up-to-date: /home/bigdavid/EPSILON_ws/install/vehicle_msgs/share/vehicle_msgs/msg/FreeState.msg
[0.264s] -- Up-to-date: /home/bigdavid/EPSILON_ws/install/vehicle_msgs/share/vehicle_msgs/msg/ArenaInfo.msg
[0.264s] -- Up-to-date: /home/bigdavid/EPSILON_ws/install/vehicle_msgs/share/vehicle_msgs/msg/ArenaInfoDynamic.msg
[0.264s] -- Up-to-date: /home/bigdavid/EPSILON_ws/install/vehicle_msgs/share/vehicle_msgs/msg/ArenaInfoStatic.msg
[0.264s] -- Up-to-date: /home/bigdavid/EPSILON_ws/install/vehicle_msgs/share/vehicle_msgs/msg
[0.264s] -- Up-to-date: /home/bigdavid/EPSILON_ws/install/vehicle_msgs/share/vehicle_msgs/msg/FreeState.msg
[0.264s] -- Up-to-date: /home/bigdavid/EPSILON_ws/install/vehicle_msgs/share/vehicle_msgs/msg/VehicleSet.msg
[0.264s] -- Up-to-date: /home/bigdavid/EPSILON_ws/install/vehicle_msgs/share/vehicle_msgs/msg/ArenaInfoStatic.msg
[0.264s] -- Up-to-date: /home/bigdavid/EPSILON_ws/install/vehicle_msgs/share/vehicle_msgs/msg/MotionControl.msg
[0.264s] -- Up-to-date: /home/bigdavid/EPSILON_ws/install/vehicle_msgs/share/vehicle_msgs/msg/Lane.msg
[0.264s] -- Up-to-date: /home/bigdavid/EPSILON_ws/install/vehicle_msgs/share/vehicle_msgs/msg/VehicleParam.msg
[0.264s] -- Up-to-date: /home/bigdavid/EPSILON_ws/install/vehicle_msgs/share/vehicle_msgs/msg/ObstacleSet.msg
[0.264s] -- Up-to-date: /home/bigdavid/EPSILON_ws/install/vehicle_msgs/share/vehicle_msgs/msg/PolygonObstacle.msg
[0.264s] -- Up-to-date: /home/bigdavid/EPSILON_ws/install/vehicle_msgs/share/vehicle_msgs/msg/LaneNet.msg
[0.264s] -- Up-to-date: /home/bigdavid/EPSILON_ws/install/vehicle_msgs/share/vehicle_msgs/msg/State.msg
[0.264s] -- Up-to-date: /home/bigdavid/EPSILON_ws/install/vehicle_msgs/share/vehicle_msgs/msg/Vehicle.msg
[0.264s] -- Up-to-date: /home/bigdavid/EPSILON_ws/install/vehicle_msgs/share/vehicle_msgs/msg/OccupancyGridUInt8.msg
[0.264s] -- Up-to-date: /home/bigdavid/EPSILON_ws/install/vehicle_msgs/share/vehicle_msgs/msg/Circle.msg
[0.264s] -- Up-to-date: /home/bigdavid/EPSILON_ws/install/vehicle_msgs/share/vehicle_msgs/msg/ControlSignal.msg
[0.264s] -- Up-to-date: /home/bigdavid/EPSILON_ws/install/vehicle_msgs/share/vehicle_msgs/msg/OccupancyGridFloat.msg
[0.265s] -- Up-to-date: /home/bigdavid/EPSILON_ws/install/vehicle_msgs/share/vehicle_msgs/msg/ArenaInfo.msg
[0.265s] -- Up-to-date: /home/bigdavid/EPSILON_ws/install/vehicle_msgs/share/vehicle_msgs/msg/CircleObstacle.msg
[0.265s] -- Up-to-date: /home/bigdavid/EPSILON_ws/install/vehicle_msgs/share/vehicle_msgs/msg/ArenaInfoDynamic.msg
[0.265s] -- Up-to-date: /home/bigdavid/EPSILON_ws/install/vehicle_msgs/include
[0.265s] -- Up-to-date: /home/bigdavid/EPSILON_ws/install/vehicle_msgs/include/vehicle_msgs
[0.265s] -- Up-to-date: /home/bigdavid/EPSILON_ws/install/vehicle_msgs/include/vehicle_msgs/decoder.h
[0.265s] -- Up-to-date: /home/bigdavid/EPSILON_ws/install/vehicle_msgs/include/vehicle_msgs/encoder.h
[0.265s] -- Up-to-date: /home/bigdavid/EPSILON_ws/install/vehicle_msgs/share/ament_index/resource_index/package_run_dependencies/vehicle_msgs
[0.265s] -- Up-to-date: /home/bigdavid/EPSILON_ws/install/vehicle_msgs/share/ament_index/resource_index/parent_prefix_path/vehicle_msgs
[0.265s] -- Up-to-date: /home/bigdavid/EPSILON_ws/install/vehicle_msgs/share/vehicle_msgs/environment/ament_prefix_path.sh
[0.265s] -- Up-to-date: /home/bigdavid/EPSILON_ws/install/vehicle_msgs/share/vehicle_msgs/environment/ament_prefix_path.dsv
[0.265s] -- Up-to-date: /home/bigdavid/EPSILON_ws/install/vehicle_msgs/share/vehicle_msgs/environment/path.sh
[0.265s] -- Up-to-date: /home/bigdavid/EPSILON_ws/install/vehicle_msgs/share/vehicle_msgs/environment/path.dsv
[0.265s] -- Up-to-date: /home/bigdavid/EPSILON_ws/install/vehicle_msgs/share/vehicle_msgs/local_setup.bash
[0.265s] -- Up-to-date: /home/bigdavid/EPSILON_ws/install/vehicle_msgs/share/vehicle_msgs/local_setup.sh
[0.265s] -- Up-to-date: /home/bigdavid/EPSILON_ws/install/vehicle_msgs/share/vehicle_msgs/local_setup.zsh
[0.265s] -- Up-to-date: /home/bigdavid/EPSILON_ws/install/vehicle_msgs/share/vehicle_msgs/local_setup.dsv
[0.265s] -- Installing: /home/bigdavid/EPSILON_ws/install/vehicle_msgs/share/vehicle_msgs/package.dsv
[0.265s] -- Up-to-date: /home/bigdavid/EPSILON_ws/install/vehicle_msgs/share/ament_index/resource_index/packages/vehicle_msgs
[0.265s] -- Up-to-date: /home/bigdavid/EPSILON_ws/install/vehicle_msgs/share/vehicle_msgs/cmake/export_vehicle_msgs__rosidl_generator_cExport.cmake
[0.265s] -- Up-to-date: /home/bigdavid/EPSILON_ws/install/vehicle_msgs/share/vehicle_msgs/cmake/export_vehicle_msgs__rosidl_generator_cExport-noconfig.cmake
[0.265s] -- Up-to-date: /home/bigdavid/EPSILON_ws/install/vehicle_msgs/share/vehicle_msgs/cmake/export_vehicle_msgs__rosidl_typesupport_fastrtps_cExport.cmake
[0.265s] -- Up-to-date: /home/bigdavid/EPSILON_ws/install/vehicle_msgs/share/vehicle_msgs/cmake/export_vehicle_msgs__rosidl_typesupport_fastrtps_cExport-noconfig.cmake
[0.265s] -- Up-to-date: /home/bigdavid/EPSILON_ws/install/vehicle_msgs/share/vehicle_msgs/cmake/export_vehicle_msgs__rosidl_generator_cppExport.cmake
[0.265s] -- Up-to-date: /home/bigdavid/EPSILON_ws/install/vehicle_msgs/share/vehicle_msgs/cmake/export_vehicle_msgs__rosidl_typesupport_fastrtps_cppExport.cmake
[0.265s] -- Up-to-date: /home/bigdavid/EPSILON_ws/install/vehicle_msgs/share/vehicle_msgs/cmake/export_vehicle_msgs__rosidl_typesupport_fastrtps_cppExport-noconfig.cmake
[0.265s] -- Up-to-date: /home/bigdavid/EPSILON_ws/install/vehicle_msgs/share/vehicle_msgs/cmake/vehicle_msgs__rosidl_typesupport_introspection_cExport.cmake
[0.265s] -- Up-to-date: /home/bigdavid/EPSILON_ws/install/vehicle_msgs/share/vehicle_msgs/cmake/vehicle_msgs__rosidl_typesupport_introspection_cExport-noconfig.cmake
[0.265s] -- Up-to-date: /home/bigdavid/EPSILON_ws/install/vehicle_msgs/share/vehicle_msgs/cmake/vehicle_msgs__rosidl_typesupport_cExport.cmake
[0.265s] -- Up-to-date: /home/bigdavid/EPSILON_ws/install/vehicle_msgs/share/vehicle_msgs/cmake/vehicle_msgs__rosidl_typesupport_cExport-noconfig.cmake
[0.265s] -- Up-to-date: /home/bigdavid/EPSILON_ws/install/vehicle_msgs/share/vehicle_msgs/cmake/vehicle_msgs__rosidl_typesupport_introspection_cppExport.cmake
[0.265s] -- Up-to-date: /home/bigdavid/EPSILON_ws/install/vehicle_msgs/share/vehicle_msgs/cmake/vehicle_msgs__rosidl_typesupport_introspection_cppExport-noconfig.cmake
[0.265s] -- Up-to-date: /home/bigdavid/EPSILON_ws/install/vehicle_msgs/share/vehicle_msgs/cmake/vehicle_msgs__rosidl_typesupport_cppExport.cmake
[0.265s] -- Up-to-date: /home/bigdavid/EPSILON_ws/install/vehicle_msgs/share/vehicle_msgs/cmake/vehicle_msgs__rosidl_typesupport_cppExport-noconfig.cmake
[0.265s] -- Up-to-date: /home/bigdavid/EPSILON_ws/install/vehicle_msgs/share/vehicle_msgs/cmake/export_vehicle_msgs__rosidl_generator_pyExport.cmake
[0.265s] -- Up-to-date: /home/bigdavid/EPSILON_ws/install/vehicle_msgs/share/vehicle_msgs/cmake/export_vehicle_msgs__rosidl_generator_pyExport-noconfig.cmake
[0.265s] -- Up-to-date: /home/bigdavid/EPSILON_ws/install/vehicle_msgs/share/vehicle_msgs/cmake/rosidl_cmake-extras.cmake
[0.265s] -- Up-to-date: /home/bigdavid/EPSILON_ws/install/vehicle_msgs/share/vehicle_msgs/cmake/ament_cmake_export_dependencies-extras.cmake
[0.265s] -- Up-to-date: /home/bigdavid/EPSILON_ws/install/vehicle_msgs/share/vehicle_msgs/cmake/ament_cmake_export_include_directories-extras.cmake
[0.265s] -- Up-to-date: /home/bigdavid/EPSILON_ws/install/vehicle_msgs/share/vehicle_msgs/cmake/ament_cmake_export_libraries-extras.cmake
[0.265s] -- Up-to-date: /home/bigdavid/EPSILON_ws/install/vehicle_msgs/share/vehicle_msgs/cmake/ament_cmake_export_targets-extras.cmake
[0.265s] -- Up-to-date: /home/bigdavid/EPSILON_ws/install/vehicle_msgs/share/vehicle_msgs/cmake/rosidl_cmake_export_typesupport_targets-extras.cmake
[0.265s] -- Up-to-date: /home/bigdavid/EPSILON_ws/install/vehicle_msgs/share/vehicle_msgs/cmake/rosidl_cmake_export_typesupport_libraries-extras.cmake
[0.265s] -- Up-to-date: /home/bigdavid/EPSILON_ws/install/vehicle_msgs/share/vehicle_msgs/cmake/vehicle_msgsConfig.cmake
[0.265s] -- Up-to-date: /home/bigdavid/EPSILON_ws/install/vehicle_msgs/share/vehicle_msgs/cmake/vehicle_msgsConfig-version.cmake
[0.265s] -- Up-to-date: /home/bigdavid/EPSILON_ws/install/vehicle_msgs/share/vehicle_msgs/package.xml
[0.267s] Invoked command in '/home/bigdavid/EPSILON_ws/build/vehicle_msgs' returned '0': CMAKE_PREFIX_PATH=/home/bigdavid/EPSILON_ws/install/common:/home/bigdavid/EPSILON_ws/install/planning_integrated:/home/bigdavid/EPSILON_ws/install/ssc_planner:/home/bigdavid/EPSILON_ws/install/eudm_planner:/home/bigdavid/EPSILON_ws/install/ai_agent_planner:/home/bigdavid/EPSILON_ws/install/behavior_planner:/home/bigdavid/EPSILON_ws/install/route_planner:/home/bigdavid/EPSILON_ws/install/semantic_map_manager:/home/bigdavid/EPSILON_ws/install/phy_simulator:/home/bigdavid/EPSILON_ws/install/aux_tools:/home/bigdavid/EPSILON_ws/install/vehicle_msgs:/home/bigdavid/EPSILON_ws/install/motion_predictor:/home/bigdavid/EPSILON_ws/install/forward_simulator:/home/bigdavid/EPSILON_ws/install/vehicle_model:/home/bigdavid/EPSILON_ws/install/utm_to_car_transform:/home/bigdavid/EPSILON_ws/install/playgrounds:/opt/ros/humble /usr/bin/cmake --install /home/bigdavid/EPSILON_ws/build/vehicle_msgs
