[0.018s] Invoking command in '/home/bigdavid/EPSILON_ws/build/route_planner': CMAKE_PREFIX_PATH=/home/bigdavid/EPSILON_ws/install/semantic_map_manager:/home/bigdavid/EPSILON_ws/install/motion_predictor:/home/bigdavid/EPSILON_ws/install/forward_simulator:/home/bigdavid/EPSILON_ws/install/vehicle_msgs:/home/bigdavid/EPSILON_ws/install/vehicle_model:/home/bigdavid/EPSILON_ws/install/common:/home/bigdavid/EPSILON_ws/install/planning_integrated:/home/bigdavid/EPSILON_ws/install/ssc_planner:/home/bigdavid/EPSILON_ws/install/eudm_planner:/home/bigdavid/EPSILON_ws/install/ai_agent_planner:/home/bigdavid/EPSILON_ws/install/behavior_planner:/home/bigdavid/EPSILON_ws/install/route_planner:/home/bigdavid/EPSILON_ws/install/phy_simulator:/home/bigdavid/EPSILON_ws/install/aux_tools:/home/bigdavid/EPSILON_ws/install/utm_to_car_transform:/home/bigdavid/EPSILON_ws/install/playgrounds:/opt/ros/humble LD_LIBRARY_PATH=/home/bigdavid/EPSILON_ws/install/vehicle_msgs/lib:/home/bigdavid/EPSILON_ws/install/ssc_planner/lib:/home/bigdavid/EPSILON_ws/install/eudm_planner/lib:/home/bigdavid/EPSILON_ws/install/behavior_planner/lib:/home/bigdavid/EPSILON_ws/install/route_planner/lib:/home/bigdavid/EPSILON_ws/install/semantic_map_manager/lib:/home/bigdavid/EPSILON_ws/install/phy_simulator/lib:/home/bigdavid/EPSILON_ws/install/motion_predictor/lib:/home/bigdavid/EPSILON_ws/install/forward_simulator/lib:/home/bigdavid/EPSILON_ws/install/vehicle_model/lib:/home/bigdavid/EPSILON_ws/install/common/lib:/usr/local/lib:/usr/local/cuda/lib64:/usr/local/lib:/usr/lib/x86_64-linux-gnu/gazebo-11/plugins:/opt/ros/humble/opt/rviz_ogre_vendor/lib:/opt/ros/humble/lib/x86_64-linux-gnu:/opt/ros/humble/lib:/usr/local/cuda/lib64 /usr/bin/cmake --build /home/bigdavid/EPSILON_ws/build/route_planner -- -j32 -l32
[0.035s] -- Found ament_cmake: 1.3.12 (/opt/ros/humble/share/ament_cmake/cmake)
[0.120s] -- Found rclcpp: 16.0.15 (/opt/ros/humble/share/rclcpp/cmake)
[0.135s] -- Found rosidl_generator_c: 3.1.6 (/opt/ros/humble/share/rosidl_generator_c/cmake)
[0.136s] -- Found rosidl_adapter: 3.1.6 (/opt/ros/humble/share/rosidl_adapter/cmake)
[0.139s] -- Found rosidl_generator_cpp: 3.1.6 (/opt/ros/humble/share/rosidl_generator_cpp/cmake)
[0.143s] -- Using all available rosidl_typesupport_c: rosidl_typesupport_fastrtps_c;rosidl_typesupport_introspection_c
[0.149s] -- Using all available rosidl_typesupport_cpp: rosidl_typesupport_fastrtps_cpp;rosidl_typesupport_introspection_cpp
[0.164s] -- Found rmw_implementation_cmake: 6.1.2 (/opt/ros/humble/share/rmw_implementation_cmake/cmake)
[0.165s] -- Found rmw_cyclonedds_cpp: 1.3.4 (/opt/ros/humble/share/rmw_cyclonedds_cpp/cmake)
[0.174s] -- Using RMW implementation 'rmw_cyclonedds_cpp' as default
[0.199s] -- Found visualization_msgs: 4.9.0 (/opt/ros/humble/share/visualization_msgs/cmake)
[0.226s] -- Found common: 0.0.0 (/home/bigdavid/EPSILON_ws/install/common/share/common/cmake)
[0.287s] -- Found eigen3_cmake_module: 0.1.1 (/opt/ros/humble/share/eigen3_cmake_module/cmake)
[0.288s] -- Ensuring Eigen3 include directory is part of orocos-kdl CMake target
[0.291s] [33mCMake Warning at /home/bigdavid/EPSILON_ws/install/common/share/common/cmake/ament_cmake_export_include_directories-extras.cmake:11 (message):
[0.291s]   Package 'common' exports the include directory
[0.291s]   '/home/bigdavid/EPSILON_ws/src/EPSILON_ROS2/core/common/thirdparty/OOQP/include'
[0.291s]   which doesn't exist
[0.291s] Call Stack (most recent call first):
[0.291s]   /home/bigdavid/EPSILON_ws/install/common/share/common/cmake/commonConfig.cmake:41 (include)
[0.291s]   CMakeLists.txt:20 (find_package)
[0.291s] 
[0.291s] [0m
[0.293s] -- Found semantic_map_manager: 0.0.0 (/home/bigdavid/EPSILON_ws/install/semantic_map_manager/share/semantic_map_manager/cmake)
[0.526s] [33mCMake Warning at /home/bigdavid/EPSILON_ws/install/vehicle_model/share/vehicle_model/cmake/ament_cmake_export_include_directories-extras.cmake:11 (message):
[0.526s]   Package 'vehicle_model' exports the include directory
[0.526s]   '/home/bigdavid/EPSILON_ws/src/EPSILON_ROS2/core/common/thirdparty/OOQP/include'
[0.526s]   which doesn't exist
[0.526s] Call Stack (most recent call first):
[0.526s]   /home/bigdavid/EPSILON_ws/install/vehicle_model/share/vehicle_model/cmake/vehicle_modelConfig.cmake:41 (include)
[0.526s]   /home/bigdavid/EPSILON_ws/install/motion_predictor/share/motion_predictor/cmake/ament_cmake_export_dependencies-extras.cmake:21 (find_package)
[0.526s]   /home/bigdavid/EPSILON_ws/install/motion_predictor/share/motion_predictor/cmake/motion_predictorConfig.cmake:41 (include)
[0.526s]   /home/bigdavid/EPSILON_ws/install/semantic_map_manager/share/semantic_map_manager/cmake/ament_cmake_export_dependencies-extras.cmake:21 (find_package)
[0.526s]   /home/bigdavid/EPSILON_ws/install/semantic_map_manager/share/semantic_map_manager/cmake/semantic_map_managerConfig.cmake:41 (include)
[0.526s]   CMakeLists.txt:21 (find_package)
[0.526s] 
[0.526s] [0m
[0.625s] [33mCMake Warning at /home/bigdavid/EPSILON_ws/install/forward_simulator/share/forward_simulator/cmake/ament_cmake_export_include_directories-extras.cmake:11 (message):
[0.625s]   Package 'forward_simulator' exports the include directory
[0.625s]   '/home/bigdavid/EPSILON_ws/src/EPSILON_ROS2/core/common/thirdparty/OOQP/include'
[0.625s]   which doesn't exist
[0.625s] Call Stack (most recent call first):
[0.625s]   /home/bigdavid/EPSILON_ws/install/forward_simulator/share/forward_simulator/cmake/forward_simulatorConfig.cmake:41 (include)
[0.625s]   /home/bigdavid/EPSILON_ws/install/motion_predictor/share/motion_predictor/cmake/ament_cmake_export_dependencies-extras.cmake:21 (find_package)
[0.625s]   /home/bigdavid/EPSILON_ws/install/motion_predictor/share/motion_predictor/cmake/motion_predictorConfig.cmake:41 (include)
[0.626s]   /home/bigdavid/EPSILON_ws/install/semantic_map_manager/share/semantic_map_manager/cmake/ament_cmake_export_dependencies-extras.cmake:21 (find_package)
[0.626s]   /home/bigdavid/EPSILON_ws/install/semantic_map_manager/share/semantic_map_manager/cmake/semantic_map_managerConfig.cmake:41 (include)
[0.626s]   CMakeLists.txt:21 (find_package)
[0.626s] 
[0.626s] [0m
[0.634s] [33mCMake Warning at /home/bigdavid/EPSILON_ws/install/motion_predictor/share/motion_predictor/cmake/ament_cmake_export_include_directories-extras.cmake:11 (message):
[0.634s]   Package 'motion_predictor' exports the include directory
[0.634s]   '/home/bigdavid/EPSILON_ws/src/EPSILON_ROS2/core/common/thirdparty/OOQP/include'
[0.634s]   which doesn't exist
[0.634s] Call Stack (most recent call first):
[0.634s]   /home/bigdavid/EPSILON_ws/install/motion_predictor/share/motion_predictor/cmake/motion_predictorConfig.cmake:41 (include)
[0.634s]   /home/bigdavid/EPSILON_ws/install/semantic_map_manager/share/semantic_map_manager/cmake/ament_cmake_export_dependencies-extras.cmake:21 (find_package)
[0.634s]   /home/bigdavid/EPSILON_ws/install/semantic_map_manager/share/semantic_map_manager/cmake/semantic_map_managerConfig.cmake:41 (include)
[0.634s]   CMakeLists.txt:21 (find_package)
[0.634s] 
[0.634s] [0m
[0.658s] [33mCMake Warning at /home/bigdavid/EPSILON_ws/install/vehicle_msgs/share/vehicle_msgs/cmake/ament_cmake_export_include_directories-extras.cmake:11 (message):
[0.658s]   Package 'vehicle_msgs' exports the include directory
[0.658s]   '/home/bigdavid/EPSILON_ws/src/EPSILON_ROS2/core/common/thirdparty/OOQP/include'
[0.658s]   which doesn't exist
[0.658s] Call Stack (most recent call first):
[0.658s]   /home/bigdavid/EPSILON_ws/install/vehicle_msgs/share/vehicle_msgs/cmake/vehicle_msgsConfig.cmake:41 (include)
[0.658s]   /home/bigdavid/EPSILON_ws/install/semantic_map_manager/share/semantic_map_manager/cmake/ament_cmake_export_dependencies-extras.cmake:21 (find_package)
[0.658s]   /home/bigdavid/EPSILON_ws/install/semantic_map_manager/share/semantic_map_manager/cmake/semantic_map_managerConfig.cmake:41 (include)
[0.659s]   CMakeLists.txt:21 (find_package)
[0.659s] 
[0.659s] [0m
[0.667s] [33mCMake Warning at /home/bigdavid/EPSILON_ws/install/semantic_map_manager/share/semantic_map_manager/cmake/ament_cmake_export_include_directories-extras.cmake:11 (message):
[0.668s]   Package 'semantic_map_manager' exports the include directory
[0.668s]   '/home/bigdavid/EPSILON_ws/src/EPSILON_ROS2/core/common/thirdparty/OOQP/include'
[0.668s]   which doesn't exist
[0.668s] Call Stack (most recent call first):
[0.668s]   /home/bigdavid/EPSILON_ws/install/semantic_map_manager/share/semantic_map_manager/cmake/semantic_map_managerConfig.cmake:41 (include)
[0.668s]   CMakeLists.txt:21 (find_package)
[0.668s] 
[0.668s] [0m
[0.670s] [33mCMake Warning at /opt/ros/humble/share/ament_cmake_export_include_directories/cmake/ament_export_include_directories.cmake:44 (message):
[0.670s]   ament_export_include_directories() package 'route_planner' exports the
[0.670s]   include directory
[0.670s]   '/home/bigdavid/EPSILON_ws/src/EPSILON_ROS2/core/common/thirdparty/OOQP/include'
[0.670s]   which doesn't exist
[0.670s] Call Stack (most recent call first):
[0.670s]   CMakeLists.txt:53 (ament_export_include_directories)
[0.670s] 
[0.670s] [0m
[0.670s] [33mCMake Warning at /opt/ros/humble/share/ament_cmake_export_include_directories/cmake/ament_export_include_directories.cmake:44 (message):
[0.670s]   ament_export_include_directories() package 'route_planner' exports the
[0.670s]   include directory
[0.670s]   '/home/bigdavid/EPSILON_ws/src/EPSILON_ROS2/core/common/thirdparty/OOQP/include'
[0.670s]   which doesn't exist
[0.670s] Call Stack (most recent call first):
[0.670s]   CMakeLists.txt:53 (ament_export_include_directories)
[0.670s] 
[0.670s] [0m
[0.671s] [33mCMake Warning at /opt/ros/humble/share/ament_cmake_export_include_directories/cmake/ament_export_include_directories.cmake:44 (message):
[0.671s]   ament_export_include_directories() package 'route_planner' exports the
[0.671s]   include directory
[0.671s]   '/home/bigdavid/EPSILON_ws/src/EPSILON_ROS2/core/common/thirdparty/OOQP/include'
[0.671s]   which doesn't exist
[0.671s] Call Stack (most recent call first):
[0.671s]   CMakeLists.txt:53 (ament_export_include_directories)
[0.671s] 
[0.671s] [0m
[0.710s] -- Configuring done
[0.714s] -- Generating done
[0.716s] -- Build files have been written to: /home/bigdavid/EPSILON_ws/build/route_planner
[0.735s] [35m[1mConsolidate compiler generated dependencies of target hkust_pl_rp[0m
[0.747s] [ 50%] [32mBuilding CXX object CMakeFiles/hkust_pl_rp.dir/src/route_planner/route_planner.cc.o[0m
[2.946s] [100%] [32m[1mLinking CXX static library libhkust_pl_rp.a[0m
[2.967s] [100%] Built target hkust_pl_rp
[2.976s] Invoked command in '/home/bigdavid/EPSILON_ws/build/route_planner' returned '0': CMAKE_PREFIX_PATH=/home/bigdavid/EPSILON_ws/install/semantic_map_manager:/home/bigdavid/EPSILON_ws/install/motion_predictor:/home/bigdavid/EPSILON_ws/install/forward_simulator:/home/bigdavid/EPSILON_ws/install/vehicle_msgs:/home/bigdavid/EPSILON_ws/install/vehicle_model:/home/bigdavid/EPSILON_ws/install/common:/home/bigdavid/EPSILON_ws/install/planning_integrated:/home/bigdavid/EPSILON_ws/install/ssc_planner:/home/bigdavid/EPSILON_ws/install/eudm_planner:/home/bigdavid/EPSILON_ws/install/ai_agent_planner:/home/bigdavid/EPSILON_ws/install/behavior_planner:/home/bigdavid/EPSILON_ws/install/route_planner:/home/bigdavid/EPSILON_ws/install/phy_simulator:/home/bigdavid/EPSILON_ws/install/aux_tools:/home/bigdavid/EPSILON_ws/install/utm_to_car_transform:/home/bigdavid/EPSILON_ws/install/playgrounds:/opt/ros/humble LD_LIBRARY_PATH=/home/bigdavid/EPSILON_ws/install/vehicle_msgs/lib:/home/bigdavid/EPSILON_ws/install/ssc_planner/lib:/home/bigdavid/EPSILON_ws/install/eudm_planner/lib:/home/bigdavid/EPSILON_ws/install/behavior_planner/lib:/home/bigdavid/EPSILON_ws/install/route_planner/lib:/home/bigdavid/EPSILON_ws/install/semantic_map_manager/lib:/home/bigdavid/EPSILON_ws/install/phy_simulator/lib:/home/bigdavid/EPSILON_ws/install/motion_predictor/lib:/home/bigdavid/EPSILON_ws/install/forward_simulator/lib:/home/bigdavid/EPSILON_ws/install/vehicle_model/lib:/home/bigdavid/EPSILON_ws/install/common/lib:/usr/local/lib:/usr/local/cuda/lib64:/usr/local/lib:/usr/lib/x86_64-linux-gnu/gazebo-11/plugins:/opt/ros/humble/opt/rviz_ogre_vendor/lib:/opt/ros/humble/lib/x86_64-linux-gnu:/opt/ros/humble/lib:/usr/local/cuda/lib64 /usr/bin/cmake --build /home/bigdavid/EPSILON_ws/build/route_planner -- -j32 -l32
[2.977s] Invoking command in '/home/bigdavid/EPSILON_ws/build/route_planner': CMAKE_PREFIX_PATH=/home/bigdavid/EPSILON_ws/install/semantic_map_manager:/home/bigdavid/EPSILON_ws/install/motion_predictor:/home/bigdavid/EPSILON_ws/install/forward_simulator:/home/bigdavid/EPSILON_ws/install/vehicle_msgs:/home/bigdavid/EPSILON_ws/install/vehicle_model:/home/bigdavid/EPSILON_ws/install/common:/home/bigdavid/EPSILON_ws/install/planning_integrated:/home/bigdavid/EPSILON_ws/install/ssc_planner:/home/bigdavid/EPSILON_ws/install/eudm_planner:/home/bigdavid/EPSILON_ws/install/ai_agent_planner:/home/bigdavid/EPSILON_ws/install/behavior_planner:/home/bigdavid/EPSILON_ws/install/route_planner:/home/bigdavid/EPSILON_ws/install/phy_simulator:/home/bigdavid/EPSILON_ws/install/aux_tools:/home/bigdavid/EPSILON_ws/install/utm_to_car_transform:/home/bigdavid/EPSILON_ws/install/playgrounds:/opt/ros/humble LD_LIBRARY_PATH=/home/bigdavid/EPSILON_ws/install/vehicle_msgs/lib:/home/bigdavid/EPSILON_ws/install/ssc_planner/lib:/home/bigdavid/EPSILON_ws/install/eudm_planner/lib:/home/bigdavid/EPSILON_ws/install/behavior_planner/lib:/home/bigdavid/EPSILON_ws/install/route_planner/lib:/home/bigdavid/EPSILON_ws/install/semantic_map_manager/lib:/home/bigdavid/EPSILON_ws/install/phy_simulator/lib:/home/bigdavid/EPSILON_ws/install/motion_predictor/lib:/home/bigdavid/EPSILON_ws/install/forward_simulator/lib:/home/bigdavid/EPSILON_ws/install/vehicle_model/lib:/home/bigdavid/EPSILON_ws/install/common/lib:/usr/local/lib:/usr/local/cuda/lib64:/usr/local/lib:/usr/lib/x86_64-linux-gnu/gazebo-11/plugins:/opt/ros/humble/opt/rviz_ogre_vendor/lib:/opt/ros/humble/lib/x86_64-linux-gnu:/opt/ros/humble/lib:/usr/local/cuda/lib64 /usr/bin/cmake --install /home/bigdavid/EPSILON_ws/build/route_planner
[2.982s] -- Install configuration: "Release"
[2.983s] -- Up-to-date: /home/bigdavid/EPSILON_ws/install/route_planner/share/route_planner/environment/library_path.sh
[2.983s] -- Installing: /home/bigdavid/EPSILON_ws/install/route_planner/share/route_planner/environment/library_path.dsv
[2.983s] -- Installing: /home/bigdavid/EPSILON_ws/install/route_planner/lib/libhkust_pl_rp.a
[2.983s] -- Up-to-date: /home/bigdavid/EPSILON_ws/install/route_planner/include
[2.983s] -- Up-to-date: /home/bigdavid/EPSILON_ws/install/route_planner/include/route_planner
[2.983s] -- Installing: /home/bigdavid/EPSILON_ws/install/route_planner/include/route_planner/route_planner.h
[2.983s] -- Up-to-date: /home/bigdavid/EPSILON_ws/install/route_planner/share/ament_index/resource_index/package_run_dependencies/route_planner
[2.983s] -- Up-to-date: /home/bigdavid/EPSILON_ws/install/route_planner/share/ament_index/resource_index/parent_prefix_path/route_planner
[2.983s] -- Up-to-date: /home/bigdavid/EPSILON_ws/install/route_planner/share/route_planner/environment/ament_prefix_path.sh
[2.983s] -- Installing: /home/bigdavid/EPSILON_ws/install/route_planner/share/route_planner/environment/ament_prefix_path.dsv
[2.983s] -- Up-to-date: /home/bigdavid/EPSILON_ws/install/route_planner/share/route_planner/environment/path.sh
[2.983s] -- Installing: /home/bigdavid/EPSILON_ws/install/route_planner/share/route_planner/environment/path.dsv
[2.983s] -- Up-to-date: /home/bigdavid/EPSILON_ws/install/route_planner/share/route_planner/local_setup.bash
[2.983s] -- Up-to-date: /home/bigdavid/EPSILON_ws/install/route_planner/share/route_planner/local_setup.sh
[2.983s] -- Up-to-date: /home/bigdavid/EPSILON_ws/install/route_planner/share/route_planner/local_setup.zsh
[2.983s] -- Installing: /home/bigdavid/EPSILON_ws/install/route_planner/share/route_planner/local_setup.dsv
[2.983s] -- Installing: /home/bigdavid/EPSILON_ws/install/route_planner/share/route_planner/package.dsv
[2.983s] -- Up-to-date: /home/bigdavid/EPSILON_ws/install/route_planner/share/ament_index/resource_index/packages/route_planner
[2.983s] -- Up-to-date: /home/bigdavid/EPSILON_ws/install/route_planner/share/route_planner/cmake/ament_cmake_export_libraries-extras.cmake
[2.984s] -- Up-to-date: /home/bigdavid/EPSILON_ws/install/route_planner/share/route_planner/cmake/ament_cmake_export_dependencies-extras.cmake
[2.984s] -- Up-to-date: /home/bigdavid/EPSILON_ws/install/route_planner/share/route_planner/cmake/ament_cmake_export_include_directories-extras.cmake
[2.984s] -- Up-to-date: /home/bigdavid/EPSILON_ws/install/route_planner/share/route_planner/cmake/route_plannerConfig.cmake
[2.984s] -- Up-to-date: /home/bigdavid/EPSILON_ws/install/route_planner/share/route_planner/cmake/route_plannerConfig-version.cmake
[2.984s] -- Up-to-date: /home/bigdavid/EPSILON_ws/install/route_planner/share/route_planner/package.xml
[2.985s] Invoked command in '/home/bigdavid/EPSILON_ws/build/route_planner' returned '0': CMAKE_PREFIX_PATH=/home/bigdavid/EPSILON_ws/install/semantic_map_manager:/home/bigdavid/EPSILON_ws/install/motion_predictor:/home/bigdavid/EPSILON_ws/install/forward_simulator:/home/bigdavid/EPSILON_ws/install/vehicle_msgs:/home/bigdavid/EPSILON_ws/install/vehicle_model:/home/bigdavid/EPSILON_ws/install/common:/home/bigdavid/EPSILON_ws/install/planning_integrated:/home/bigdavid/EPSILON_ws/install/ssc_planner:/home/bigdavid/EPSILON_ws/install/eudm_planner:/home/bigdavid/EPSILON_ws/install/ai_agent_planner:/home/bigdavid/EPSILON_ws/install/behavior_planner:/home/bigdavid/EPSILON_ws/install/route_planner:/home/bigdavid/EPSILON_ws/install/phy_simulator:/home/bigdavid/EPSILON_ws/install/aux_tools:/home/bigdavid/EPSILON_ws/install/utm_to_car_transform:/home/bigdavid/EPSILON_ws/install/playgrounds:/opt/ros/humble LD_LIBRARY_PATH=/home/bigdavid/EPSILON_ws/install/vehicle_msgs/lib:/home/bigdavid/EPSILON_ws/install/ssc_planner/lib:/home/bigdavid/EPSILON_ws/install/eudm_planner/lib:/home/bigdavid/EPSILON_ws/install/behavior_planner/lib:/home/bigdavid/EPSILON_ws/install/route_planner/lib:/home/bigdavid/EPSILON_ws/install/semantic_map_manager/lib:/home/bigdavid/EPSILON_ws/install/phy_simulator/lib:/home/bigdavid/EPSILON_ws/install/motion_predictor/lib:/home/bigdavid/EPSILON_ws/install/forward_simulator/lib:/home/bigdavid/EPSILON_ws/install/vehicle_model/lib:/home/bigdavid/EPSILON_ws/install/common/lib:/usr/local/lib:/usr/local/cuda/lib64:/usr/local/lib:/usr/lib/x86_64-linux-gnu/gazebo-11/plugins:/opt/ros/humble/opt/rviz_ogre_vendor/lib:/opt/ros/humble/lib/x86_64-linux-gnu:/opt/ros/humble/lib:/usr/local/cuda/lib64 /usr/bin/cmake --install /home/bigdavid/EPSILON_ws/build/route_planner
