[0.012s] Invoking command in '/home/bigdavid/EPSILON_ws/build/motion_predictor': CMAKE_PREFIX_PATH=/home/bigdavid/EPSILON_ws/install/forward_simulator:/home/bigdavid/EPSILON_ws/install/vehicle_model:/home/bigdavid/EPSILON_ws/install/common:/home/bigdavid/EPSILON_ws/install/planning_integrated:/home/bigdavid/EPSILON_ws/install/ssc_planner:/home/bigdavid/EPSILON_ws/install/eudm_planner:/home/bigdavid/EPSILON_ws/install/ai_agent_planner:/home/bigdavid/EPSILON_ws/install/behavior_planner:/home/bigdavid/EPSILON_ws/install/route_planner:/home/bigdavid/EPSILON_ws/install/semantic_map_manager:/home/bigdavid/EPSILON_ws/install/phy_simulator:/home/bigdavid/EPSILON_ws/install/aux_tools:/home/bigdavid/EPSILON_ws/install/vehicle_msgs:/home/bigdavid/EPSILON_ws/install/motion_predictor:/home/bigdavid/EPSILON_ws/install/utm_to_car_transform:/home/bigdavid/EPSILON_ws/install/playgrounds:/opt/ros/humble /usr/bin/cmake /home/bigdavid/EPSILON_ws/src/EPSILON_ROS2/core/motion_predictor -DCMAKE_INSTALL_PREFIX=/home/bigdavid/EPSILON_ws/install/motion_predictor
[0.055s] -- The C compiler identification is GNU 11.4.0
[0.092s] -- The CXX compiler identification is GNU 11.4.0
[0.098s] -- Detecting C compiler ABI info
[0.139s] -- Detecting C compiler ABI info - done
[0.146s] -- Check for working C compiler: /usr/lib/ccache/gcc - skipped
[0.146s] -- Detecting C compile features
[0.146s] -- Detecting C compile features - done
[0.148s] -- Detecting CXX compiler ABI info
[0.193s] -- Detecting CXX compiler ABI info - done
[0.196s] -- Check for working CXX compiler: /usr/lib/ccache/g++ - skipped
[0.196s] -- Detecting CXX compile features
[0.197s] -- Detecting CXX compile features - done
[0.198s] -- Found ament_cmake: 1.3.12 (/opt/ros/humble/share/ament_cmake/cmake)
[0.305s] -- Found Python3: /usr/bin/python3 (found version "3.10.12") found components: Interpreter 
[0.362s] -- Found rclcpp: 16.0.15 (/opt/ros/humble/share/rclcpp/cmake)
[0.386s] -- Found rosidl_generator_c: 3.1.6 (/opt/ros/humble/share/rosidl_generator_c/cmake)
[0.389s] -- Found rosidl_adapter: 3.1.6 (/opt/ros/humble/share/rosidl_adapter/cmake)
[0.393s] -- Found rosidl_generator_cpp: 3.1.6 (/opt/ros/humble/share/rosidl_generator_cpp/cmake)
[0.400s] -- Using all available rosidl_typesupport_c: rosidl_typesupport_fastrtps_c;rosidl_typesupport_introspection_c
[0.409s] -- Using all available rosidl_typesupport_cpp: rosidl_typesupport_fastrtps_cpp;rosidl_typesupport_introspection_cpp
[0.432s] -- Found rmw_implementation_cmake: 6.1.2 (/opt/ros/humble/share/rmw_implementation_cmake/cmake)
[0.434s] -- Found rmw_cyclonedds_cpp: 1.3.4 (/opt/ros/humble/share/rmw_cyclonedds_cpp/cmake)
[0.445s] -- Using RMW implementation 'rmw_cyclonedds_cpp' as default
[0.450s] -- Looking for pthread.h
[0.491s] -- Looking for pthread.h - found
[0.491s] -- Performing Test CMAKE_HAVE_LIBC_PTHREAD
[0.532s] -- Performing Test CMAKE_HAVE_LIBC_PTHREAD - Success
[0.533s] -- Found Threads: TRUE  
[0.559s] -- Found visualization_msgs: 4.9.0 (/opt/ros/humble/share/visualization_msgs/cmake)
[0.585s] -- Found common: 0.0.0 (/home/bigdavid/EPSILON_ws/install/common/share/common/cmake)
[0.668s] -- Found eigen3_cmake_module: 0.1.1 (/opt/ros/humble/share/eigen3_cmake_module/cmake)
[0.668s] -- Found Eigen3: TRUE (found version "3.4.0") 
[0.668s] -- Ensuring Eigen3 include directory is part of orocos-kdl CMake target
[0.670s] [33mCMake Warning at /home/bigdavid/EPSILON_ws/install/common/share/common/cmake/ament_cmake_export_include_directories-extras.cmake:11 (message):
[0.670s]   Package 'common' exports the include directory
[0.670s]   '/home/bigdavid/EPSILON_ws/src/EPSILON_ROS2/core/common/thirdparty/OOQP/include'
[0.670s]   which doesn't exist
[0.670s] Call Stack (most recent call first):
[0.670s]   /home/bigdavid/EPSILON_ws/install/common/share/common/cmake/commonConfig.cmake:41 (include)
[0.670s]   CMakeLists.txt:19 (find_package)
[0.670s] 
[0.670s] [0m
[0.672s] -- Found vehicle_model: 0.0.0 (/home/bigdavid/EPSILON_ws/install/vehicle_model/share/vehicle_model/cmake)
[0.682s] [33mCMake Warning at /home/bigdavid/EPSILON_ws/install/vehicle_model/share/vehicle_model/cmake/ament_cmake_export_include_directories-extras.cmake:11 (message):
[0.682s]   Package 'vehicle_model' exports the include directory
[0.682s]   '/home/bigdavid/EPSILON_ws/src/EPSILON_ROS2/core/common/thirdparty/OOQP/include'
[0.682s]   which doesn't exist
[0.682s] Call Stack (most recent call first):
[0.682s]   /home/bigdavid/EPSILON_ws/install/vehicle_model/share/vehicle_model/cmake/vehicle_modelConfig.cmake:41 (include)
[0.682s]   CMakeLists.txt:20 (find_package)
[0.682s] 
[0.682s] [0m
[0.683s] -- Found forward_simulator: 0.0.0 (/home/bigdavid/EPSILON_ws/install/forward_simulator/share/forward_simulator/cmake)
[0.769s] [33mCMake Warning at /home/bigdavid/EPSILON_ws/install/forward_simulator/share/forward_simulator/cmake/ament_cmake_export_include_directories-extras.cmake:11 (message):
[0.769s]   Package 'forward_simulator' exports the include directory
[0.769s]   '/home/bigdavid/EPSILON_ws/src/EPSILON_ROS2/core/common/thirdparty/OOQP/include'
[0.769s]   which doesn't exist
[0.769s] Call Stack (most recent call first):
[0.769s]   /home/bigdavid/EPSILON_ws/install/forward_simulator/share/forward_simulator/cmake/forward_simulatorConfig.cmake:41 (include)
[0.769s]   CMakeLists.txt:21 (find_package)
[0.769s] 
[0.769s] [0m
[1.000s] [33mCMake Warning at /opt/ros/humble/share/ament_cmake_export_include_directories/cmake/ament_export_include_directories.cmake:44 (message):
[1.000s]   ament_export_include_directories() package 'motion_predictor' exports the
[1.000s]   include directory
[1.000s]   '/home/bigdavid/EPSILON_ws/src/EPSILON_ROS2/core/common/thirdparty/OOQP/include'
[1.000s]   which doesn't exist
[1.000s] Call Stack (most recent call first):
[1.000s]   CMakeLists.txt:48 (ament_export_include_directories)
[1.000s] 
[1.000s] [0m
[1.000s] [33mCMake Warning at /opt/ros/humble/share/ament_cmake_export_include_directories/cmake/ament_export_include_directories.cmake:44 (message):
[1.000s]   ament_export_include_directories() package 'motion_predictor' exports the
[1.000s]   include directory
[1.000s]   '/home/bigdavid/EPSILON_ws/src/EPSILON_ROS2/core/common/thirdparty/OOQP/include'
[1.000s]   which doesn't exist
[1.000s] Call Stack (most recent call first):
[1.000s]   CMakeLists.txt:48 (ament_export_include_directories)
[1.000s] 
[1.000s] [0m
[1.000s] [33mCMake Warning at /opt/ros/humble/share/ament_cmake_export_include_directories/cmake/ament_export_include_directories.cmake:44 (message):
[1.000s]   ament_export_include_directories() package 'motion_predictor' exports the
[1.000s]   include directory
[1.000s]   '/home/bigdavid/EPSILON_ws/src/EPSILON_ROS2/core/common/thirdparty/OOQP/include'
[1.000s]   which doesn't exist
[1.000s] Call Stack (most recent call first):
[1.000s]   CMakeLists.txt:48 (ament_export_include_directories)
[1.000s] 
[1.000s] [0m
[1.000s] [33mCMake Warning at /opt/ros/humble/share/ament_cmake_export_include_directories/cmake/ament_export_include_directories.cmake:44 (message):
[1.000s]   ament_export_include_directories() package 'motion_predictor' exports the
[1.000s]   include directory
[1.000s]   '/home/bigdavid/EPSILON_ws/src/EPSILON_ROS2/core/common/thirdparty/OOQP/include'
[1.000s]   which doesn't exist
[1.000s] Call Stack (most recent call first):
[1.001s]   CMakeLists.txt:48 (ament_export_include_directories)
[1.001s] 
[1.001s] [0m
[1.001s] [33mCMake Warning at /opt/ros/humble/share/ament_cmake_export_include_directories/cmake/ament_export_include_directories.cmake:44 (message):
[1.001s]   ament_export_include_directories() package 'motion_predictor' exports the
[1.001s]   include directory
[1.001s]   '/home/bigdavid/EPSILON_ws/src/EPSILON_ROS2/core/common/thirdparty/OOQP/include'
[1.001s]   which doesn't exist
[1.001s] Call Stack (most recent call first):
[1.001s]   CMakeLists.txt:48 (ament_export_include_directories)
[1.001s] 
[1.001s] [0m
[1.035s] -- Configuring done
[1.037s] -- Generating done
[1.038s] -- Build files have been written to: /home/bigdavid/EPSILON_ws/build/motion_predictor
[1.044s] Invoked command in '/home/bigdavid/EPSILON_ws/build/motion_predictor' returned '0': CMAKE_PREFIX_PATH=/home/bigdavid/EPSILON_ws/install/forward_simulator:/home/bigdavid/EPSILON_ws/install/vehicle_model:/home/bigdavid/EPSILON_ws/install/common:/home/bigdavid/EPSILON_ws/install/planning_integrated:/home/bigdavid/EPSILON_ws/install/ssc_planner:/home/bigdavid/EPSILON_ws/install/eudm_planner:/home/bigdavid/EPSILON_ws/install/ai_agent_planner:/home/bigdavid/EPSILON_ws/install/behavior_planner:/home/bigdavid/EPSILON_ws/install/route_planner:/home/bigdavid/EPSILON_ws/install/semantic_map_manager:/home/bigdavid/EPSILON_ws/install/phy_simulator:/home/bigdavid/EPSILON_ws/install/aux_tools:/home/bigdavid/EPSILON_ws/install/vehicle_msgs:/home/bigdavid/EPSILON_ws/install/motion_predictor:/home/bigdavid/EPSILON_ws/install/utm_to_car_transform:/home/bigdavid/EPSILON_ws/install/playgrounds:/opt/ros/humble /usr/bin/cmake /home/bigdavid/EPSILON_ws/src/EPSILON_ROS2/core/motion_predictor -DCMAKE_INSTALL_PREFIX=/home/bigdavid/EPSILON_ws/install/motion_predictor
[1.045s] Invoking command in '/home/bigdavid/EPSILON_ws/build/motion_predictor': CMAKE_PREFIX_PATH=/home/bigdavid/EPSILON_ws/install/forward_simulator:/home/bigdavid/EPSILON_ws/install/vehicle_model:/home/bigdavid/EPSILON_ws/install/common:/home/bigdavid/EPSILON_ws/install/planning_integrated:/home/bigdavid/EPSILON_ws/install/ssc_planner:/home/bigdavid/EPSILON_ws/install/eudm_planner:/home/bigdavid/EPSILON_ws/install/ai_agent_planner:/home/bigdavid/EPSILON_ws/install/behavior_planner:/home/bigdavid/EPSILON_ws/install/route_planner:/home/bigdavid/EPSILON_ws/install/semantic_map_manager:/home/bigdavid/EPSILON_ws/install/phy_simulator:/home/bigdavid/EPSILON_ws/install/aux_tools:/home/bigdavid/EPSILON_ws/install/vehicle_msgs:/home/bigdavid/EPSILON_ws/install/motion_predictor:/home/bigdavid/EPSILON_ws/install/utm_to_car_transform:/home/bigdavid/EPSILON_ws/install/playgrounds:/opt/ros/humble /usr/bin/cmake --build /home/bigdavid/EPSILON_ws/build/motion_predictor -- -j32 -l32
[1.075s] Invoked command in '/home/bigdavid/EPSILON_ws/build/motion_predictor' returned '0': CMAKE_PREFIX_PATH=/home/bigdavid/EPSILON_ws/install/forward_simulator:/home/bigdavid/EPSILON_ws/install/vehicle_model:/home/bigdavid/EPSILON_ws/install/common:/home/bigdavid/EPSILON_ws/install/planning_integrated:/home/bigdavid/EPSILON_ws/install/ssc_planner:/home/bigdavid/EPSILON_ws/install/eudm_planner:/home/bigdavid/EPSILON_ws/install/ai_agent_planner:/home/bigdavid/EPSILON_ws/install/behavior_planner:/home/bigdavid/EPSILON_ws/install/route_planner:/home/bigdavid/EPSILON_ws/install/semantic_map_manager:/home/bigdavid/EPSILON_ws/install/phy_simulator:/home/bigdavid/EPSILON_ws/install/aux_tools:/home/bigdavid/EPSILON_ws/install/vehicle_msgs:/home/bigdavid/EPSILON_ws/install/motion_predictor:/home/bigdavid/EPSILON_ws/install/utm_to_car_transform:/home/bigdavid/EPSILON_ws/install/playgrounds:/opt/ros/humble /usr/bin/cmake --build /home/bigdavid/EPSILON_ws/build/motion_predictor -- -j32 -l32
[1.077s] Invoking command in '/home/bigdavid/EPSILON_ws/build/motion_predictor': CMAKE_PREFIX_PATH=/home/bigdavid/EPSILON_ws/install/forward_simulator:/home/bigdavid/EPSILON_ws/install/vehicle_model:/home/bigdavid/EPSILON_ws/install/common:/home/bigdavid/EPSILON_ws/install/planning_integrated:/home/bigdavid/EPSILON_ws/install/ssc_planner:/home/bigdavid/EPSILON_ws/install/eudm_planner:/home/bigdavid/EPSILON_ws/install/ai_agent_planner:/home/bigdavid/EPSILON_ws/install/behavior_planner:/home/bigdavid/EPSILON_ws/install/route_planner:/home/bigdavid/EPSILON_ws/install/semantic_map_manager:/home/bigdavid/EPSILON_ws/install/phy_simulator:/home/bigdavid/EPSILON_ws/install/aux_tools:/home/bigdavid/EPSILON_ws/install/vehicle_msgs:/home/bigdavid/EPSILON_ws/install/motion_predictor:/home/bigdavid/EPSILON_ws/install/utm_to_car_transform:/home/bigdavid/EPSILON_ws/install/playgrounds:/opt/ros/humble /usr/bin/cmake --install /home/bigdavid/EPSILON_ws/build/motion_predictor
[1.082s] -- Install configuration: "Release"
[1.082s] -- Installing: /home/bigdavid/EPSILON_ws/install/motion_predictor/share/motion_predictor/environment/library_path.sh
[1.082s] -- Installing: /home/bigdavid/EPSILON_ws/install/motion_predictor/share/motion_predictor/environment/library_path.dsv
[1.082s] -- Installing: /home/bigdavid/EPSILON_ws/install/motion_predictor/include
[1.082s] -- Installing: /home/bigdavid/EPSILON_ws/install/motion_predictor/include/motion_predictor
[1.082s] -- Installing: /home/bigdavid/EPSILON_ws/install/motion_predictor/include/motion_predictor/onlane_fs_predictor.h
[1.082s] -- Installing: /home/bigdavid/EPSILON_ws/install/motion_predictor/share/ament_index/resource_index/package_run_dependencies/motion_predictor
[1.082s] -- Installing: /home/bigdavid/EPSILON_ws/install/motion_predictor/share/ament_index/resource_index/parent_prefix_path/motion_predictor
[1.082s] -- Installing: /home/bigdavid/EPSILON_ws/install/motion_predictor/share/motion_predictor/environment/ament_prefix_path.sh
[1.082s] -- Installing: /home/bigdavid/EPSILON_ws/install/motion_predictor/share/motion_predictor/environment/ament_prefix_path.dsv
[1.082s] -- Installing: /home/bigdavid/EPSILON_ws/install/motion_predictor/share/motion_predictor/environment/path.sh
[1.082s] -- Installing: /home/bigdavid/EPSILON_ws/install/motion_predictor/share/motion_predictor/environment/path.dsv
[1.082s] -- Installing: /home/bigdavid/EPSILON_ws/install/motion_predictor/share/motion_predictor/local_setup.bash
[1.082s] -- Installing: /home/bigdavid/EPSILON_ws/install/motion_predictor/share/motion_predictor/local_setup.sh
[1.083s] -- Installing: /home/bigdavid/EPSILON_ws/install/motion_predictor/share/motion_predictor/local_setup.zsh
[1.083s] -- Installing: /home/bigdavid/EPSILON_ws/install/motion_predictor/share/motion_predictor/local_setup.dsv
[1.083s] -- Installing: /home/bigdavid/EPSILON_ws/install/motion_predictor/share/motion_predictor/package.dsv
[1.083s] -- Installing: /home/bigdavid/EPSILON_ws/install/motion_predictor/share/ament_index/resource_index/packages/motion_predictor
[1.083s] -- Installing: /home/bigdavid/EPSILON_ws/install/motion_predictor/share/motion_predictor/cmake/ament_cmake_export_libraries-extras.cmake
[1.083s] -- Installing: /home/bigdavid/EPSILON_ws/install/motion_predictor/share/motion_predictor/cmake/ament_cmake_export_dependencies-extras.cmake
[1.083s] -- Installing: /home/bigdavid/EPSILON_ws/install/motion_predictor/share/motion_predictor/cmake/ament_cmake_export_include_directories-extras.cmake
[1.083s] -- Installing: /home/bigdavid/EPSILON_ws/install/motion_predictor/share/motion_predictor/cmake/motion_predictorConfig.cmake
[1.083s] -- Installing: /home/bigdavid/EPSILON_ws/install/motion_predictor/share/motion_predictor/cmake/motion_predictorConfig-version.cmake
[1.083s] -- Installing: /home/bigdavid/EPSILON_ws/install/motion_predictor/share/motion_predictor/package.xml
[1.084s] Invoked command in '/home/bigdavid/EPSILON_ws/build/motion_predictor' returned '0': CMAKE_PREFIX_PATH=/home/bigdavid/EPSILON_ws/install/forward_simulator:/home/bigdavid/EPSILON_ws/install/vehicle_model:/home/bigdavid/EPSILON_ws/install/common:/home/bigdavid/EPSILON_ws/install/planning_integrated:/home/bigdavid/EPSILON_ws/install/ssc_planner:/home/bigdavid/EPSILON_ws/install/eudm_planner:/home/bigdavid/EPSILON_ws/install/ai_agent_planner:/home/bigdavid/EPSILON_ws/install/behavior_planner:/home/bigdavid/EPSILON_ws/install/route_planner:/home/bigdavid/EPSILON_ws/install/semantic_map_manager:/home/bigdavid/EPSILON_ws/install/phy_simulator:/home/bigdavid/EPSILON_ws/install/aux_tools:/home/bigdavid/EPSILON_ws/install/vehicle_msgs:/home/bigdavid/EPSILON_ws/install/motion_predictor:/home/bigdavid/EPSILON_ws/install/utm_to_car_transform:/home/bigdavid/EPSILON_ws/install/playgrounds:/opt/ros/humble /usr/bin/cmake --install /home/bigdavid/EPSILON_ws/build/motion_predictor
