[0.011s] Invoking command in '/home/bigdavid/EPSILON_ws/build/forward_simulator': CMAKE_PREFIX_PATH=/home/bigdavid/EPSILON_ws/install/vehicle_model:/home/bigdavid/EPSILON_ws/install/common:/home/bigdavid/EPSILON_ws/install/planning_integrated:/home/bigdavid/EPSILON_ws/install/ssc_planner:/home/bigdavid/EPSILON_ws/install/eudm_planner:/home/bigdavid/EPSILON_ws/install/ai_agent_planner:/home/bigdavid/EPSILON_ws/install/behavior_planner:/home/bigdavid/EPSILON_ws/install/route_planner:/home/bigdavid/EPSILON_ws/install/semantic_map_manager:/home/bigdavid/EPSILON_ws/install/phy_simulator:/home/bigdavid/EPSILON_ws/install/aux_tools:/home/bigdavid/EPSILON_ws/install/vehicle_msgs:/home/bigdavid/EPSILON_ws/install/motion_predictor:/home/bigdavid/EPSILON_ws/install/forward_simulator:/home/bigdavid/EPSILON_ws/install/utm_to_car_transform:/home/bigdavid/EPSILON_ws/install/playgrounds:/opt/ros/humble /usr/bin/cmake --build /home/bigdavid/EPSILON_ws/build/forward_simulator -- -j32 -l32
[0.044s] Invoked command in '/home/bigdavid/EPSILON_ws/build/forward_simulator' returned '0': CMAKE_PREFIX_PATH=/home/bigdavid/EPSILON_ws/install/vehicle_model:/home/bigdavid/EPSILON_ws/install/common:/home/bigdavid/EPSILON_ws/install/planning_integrated:/home/bigdavid/EPSILON_ws/install/ssc_planner:/home/bigdavid/EPSILON_ws/install/eudm_planner:/home/bigdavid/EPSILON_ws/install/ai_agent_planner:/home/bigdavid/EPSILON_ws/install/behavior_planner:/home/bigdavid/EPSILON_ws/install/route_planner:/home/bigdavid/EPSILON_ws/install/semantic_map_manager:/home/bigdavid/EPSILON_ws/install/phy_simulator:/home/bigdavid/EPSILON_ws/install/aux_tools:/home/bigdavid/EPSILON_ws/install/vehicle_msgs:/home/bigdavid/EPSILON_ws/install/motion_predictor:/home/bigdavid/EPSILON_ws/install/forward_simulator:/home/bigdavid/EPSILON_ws/install/utm_to_car_transform:/home/bigdavid/EPSILON_ws/install/playgrounds:/opt/ros/humble /usr/bin/cmake --build /home/bigdavid/EPSILON_ws/build/forward_simulator -- -j32 -l32
[0.045s] Invoking command in '/home/bigdavid/EPSILON_ws/build/forward_simulator': CMAKE_PREFIX_PATH=/home/bigdavid/EPSILON_ws/install/vehicle_model:/home/bigdavid/EPSILON_ws/install/common:/home/bigdavid/EPSILON_ws/install/planning_integrated:/home/bigdavid/EPSILON_ws/install/ssc_planner:/home/bigdavid/EPSILON_ws/install/eudm_planner:/home/bigdavid/EPSILON_ws/install/ai_agent_planner:/home/bigdavid/EPSILON_ws/install/behavior_planner:/home/bigdavid/EPSILON_ws/install/route_planner:/home/bigdavid/EPSILON_ws/install/semantic_map_manager:/home/bigdavid/EPSILON_ws/install/phy_simulator:/home/bigdavid/EPSILON_ws/install/aux_tools:/home/bigdavid/EPSILON_ws/install/vehicle_msgs:/home/bigdavid/EPSILON_ws/install/motion_predictor:/home/bigdavid/EPSILON_ws/install/forward_simulator:/home/bigdavid/EPSILON_ws/install/utm_to_car_transform:/home/bigdavid/EPSILON_ws/install/playgrounds:/opt/ros/humble /usr/bin/cmake --install /home/bigdavid/EPSILON_ws/build/forward_simulator
[0.050s] -- Install configuration: "Release"
[0.050s] -- Up-to-date: /home/bigdavid/EPSILON_ws/install/forward_simulator/share/forward_simulator/environment/library_path.sh
[0.050s] -- Up-to-date: /home/bigdavid/EPSILON_ws/install/forward_simulator/share/forward_simulator/environment/library_path.dsv
[0.050s] -- Up-to-date: /home/bigdavid/EPSILON_ws/install/forward_simulator/include
[0.050s] -- Up-to-date: /home/bigdavid/EPSILON_ws/install/forward_simulator/include/forward_simulator
[0.050s] -- Up-to-date: /home/bigdavid/EPSILON_ws/install/forward_simulator/include/forward_simulator/multimodal_forward.h
[0.050s] -- Up-to-date: /home/bigdavid/EPSILON_ws/install/forward_simulator/include/forward_simulator/onlane_forward_simulation.h
[0.050s] -- Up-to-date: /home/bigdavid/EPSILON_ws/install/forward_simulator/share/ament_index/resource_index/package_run_dependencies/forward_simulator
[0.050s] -- Up-to-date: /home/bigdavid/EPSILON_ws/install/forward_simulator/share/ament_index/resource_index/parent_prefix_path/forward_simulator
[0.051s] -- Up-to-date: /home/bigdavid/EPSILON_ws/install/forward_simulator/share/forward_simulator/environment/ament_prefix_path.sh
[0.051s] -- Up-to-date: /home/bigdavid/EPSILON_ws/install/forward_simulator/share/forward_simulator/environment/ament_prefix_path.dsv
[0.051s] -- Up-to-date: /home/bigdavid/EPSILON_ws/install/forward_simulator/share/forward_simulator/environment/path.sh
[0.051s] -- Up-to-date: /home/bigdavid/EPSILON_ws/install/forward_simulator/share/forward_simulator/environment/path.dsv
[0.051s] -- Up-to-date: /home/bigdavid/EPSILON_ws/install/forward_simulator/share/forward_simulator/local_setup.bash
[0.051s] -- Up-to-date: /home/bigdavid/EPSILON_ws/install/forward_simulator/share/forward_simulator/local_setup.sh
[0.052s] -- Up-to-date: /home/bigdavid/EPSILON_ws/install/forward_simulator/share/forward_simulator/local_setup.zsh
[0.052s] -- Up-to-date: /home/bigdavid/EPSILON_ws/install/forward_simulator/share/forward_simulator/local_setup.dsv
[0.052s] -- Installing: /home/bigdavid/EPSILON_ws/install/forward_simulator/share/forward_simulator/package.dsv
[0.052s] -- Up-to-date: /home/bigdavid/EPSILON_ws/install/forward_simulator/share/ament_index/resource_index/packages/forward_simulator
[0.052s] -- Up-to-date: /home/bigdavid/EPSILON_ws/install/forward_simulator/share/forward_simulator/cmake/ament_cmake_export_libraries-extras.cmake
[0.052s] -- Up-to-date: /home/bigdavid/EPSILON_ws/install/forward_simulator/share/forward_simulator/cmake/ament_cmake_export_dependencies-extras.cmake
[0.052s] -- Up-to-date: /home/bigdavid/EPSILON_ws/install/forward_simulator/share/forward_simulator/cmake/ament_cmake_export_include_directories-extras.cmake
[0.053s] -- Up-to-date: /home/bigdavid/EPSILON_ws/install/forward_simulator/share/forward_simulator/cmake/forward_simulatorConfig.cmake
[0.053s] -- Up-to-date: /home/bigdavid/EPSILON_ws/install/forward_simulator/share/forward_simulator/cmake/forward_simulatorConfig-version.cmake
[0.053s] -- Up-to-date: /home/bigdavid/EPSILON_ws/install/forward_simulator/share/forward_simulator/package.xml
[0.053s] Invoked command in '/home/bigdavid/EPSILON_ws/build/forward_simulator' returned '0': CMAKE_PREFIX_PATH=/home/bigdavid/EPSILON_ws/install/vehicle_model:/home/bigdavid/EPSILON_ws/install/common:/home/bigdavid/EPSILON_ws/install/planning_integrated:/home/bigdavid/EPSILON_ws/install/ssc_planner:/home/bigdavid/EPSILON_ws/install/eudm_planner:/home/bigdavid/EPSILON_ws/install/ai_agent_planner:/home/bigdavid/EPSILON_ws/install/behavior_planner:/home/bigdavid/EPSILON_ws/install/route_planner:/home/bigdavid/EPSILON_ws/install/semantic_map_manager:/home/bigdavid/EPSILON_ws/install/phy_simulator:/home/bigdavid/EPSILON_ws/install/aux_tools:/home/bigdavid/EPSILON_ws/install/vehicle_msgs:/home/bigdavid/EPSILON_ws/install/motion_predictor:/home/bigdavid/EPSILON_ws/install/forward_simulator:/home/bigdavid/EPSILON_ws/install/utm_to_car_transform:/home/bigdavid/EPSILON_ws/install/playgrounds:/opt/ros/humble /usr/bin/cmake --install /home/bigdavid/EPSILON_ws/build/forward_simulator
