[0.006s] Invoking command in '/home/bigdavid/EPSILON_ws/build/vehicle_model': AMENT_PREFIX_PATH=/home/bigdavid/EPSILON_ws/install/common:${AMENT_PREFIX_PATH} CMAKE_PREFIX_PATH=/home/bigdavid/EPSILON_ws/install/common:/opt/ros/humble LD_LIBRARY_PATH=/home/bigdavid/EPSILON_ws/install/common/lib:${LD_LIBRARY_PATH} /usr/bin/cmake /home/bigdavid/EPSILON_ws/src/core/vehicle_model -DCMAKE_INSTALL_PREFIX=/home/bigdavid/EPSILON_ws/install/vehicle_model
[0.044s] -- The C compiler identification is GNU 11.4.0
[0.082s] -- The CXX compiler identification is GNU 11.4.0
[0.088s] -- Detecting C compiler ABI info
[0.128s] -- Detecting C compiler ABI info - done
[0.132s] -- Check for working C compiler: /usr/lib/ccache/gcc - skipped
[0.132s] -- Detecting C compile features
[0.132s] -- Detecting C compile features - done
[0.134s] -- Detecting CXX compiler ABI info
[0.179s] -- Detecting CXX compiler ABI info - done
[0.183s] -- Check for working CXX compiler: /usr/lib/ccache/g++ - skipped
[0.183s] -- Detecting CXX compile features
[0.183s] -- Detecting CXX compile features - done
[0.184s] -- Found ament_cmake: 1.3.12 (/opt/ros/humble/share/ament_cmake/cmake)
[0.282s] -- Found Python3: /usr/bin/python3 (found version "3.10.12") found components: Interpreter 
[0.331s] -- Found rclcpp: 16.0.15 (/opt/ros/humble/share/rclcpp/cmake)
[0.364s] -- Found rosidl_generator_c: 3.1.6 (/opt/ros/humble/share/rosidl_generator_c/cmake)
[0.366s] -- Found rosidl_adapter: 3.1.6 (/opt/ros/humble/share/rosidl_adapter/cmake)
[0.370s] -- Found rosidl_generator_cpp: 3.1.6 (/opt/ros/humble/share/rosidl_generator_cpp/cmake)
[0.377s] -- Using all available rosidl_typesupport_c: rosidl_typesupport_fastrtps_c;rosidl_typesupport_introspection_c
[0.385s] -- Using all available rosidl_typesupport_cpp: rosidl_typesupport_fastrtps_cpp;rosidl_typesupport_introspection_cpp
[0.407s] -- Found rmw_implementation_cmake: 6.1.2 (/opt/ros/humble/share/rmw_implementation_cmake/cmake)
[0.408s] -- Found rmw_cyclonedds_cpp: 1.3.4 (/opt/ros/humble/share/rmw_cyclonedds_cpp/cmake)
[0.419s] -- Using RMW implementation 'rmw_cyclonedds_cpp' as default
[0.423s] -- Looking for pthread.h
[0.464s] -- Looking for pthread.h - found
[0.464s] -- Performing Test CMAKE_HAVE_LIBC_PTHREAD
[0.504s] -- Performing Test CMAKE_HAVE_LIBC_PTHREAD - Success
[0.504s] -- Found Threads: TRUE  
[0.530s] -- Found visualization_msgs: 4.9.0 (/opt/ros/humble/share/visualization_msgs/cmake)
[0.556s] -- Found common: 0.0.0 (/home/bigdavid/EPSILON_ws/install/common/share/common/cmake)
[0.637s] -- Found eigen3_cmake_module: 0.1.1 (/opt/ros/humble/share/eigen3_cmake_module/cmake)
[0.637s] -- Found Eigen3: TRUE (found version "3.4.0") 
[0.637s] -- Ensuring Eigen3 include directory is part of orocos-kdl CMake target
[0.639s] [33mCMake Warning at /home/bigdavid/EPSILON_ws/install/common/share/common/cmake/ament_cmake_export_include_directories-extras.cmake:11 (message):
[0.639s]   Package 'common' exports the include directory
[0.639s]   '/home/bigdavid/EPSILON_ws/src/core/common/thirdparty/OOQP/include' which
[0.639s]   doesn't exist
[0.639s] Call Stack (most recent call first):
[0.639s]   /home/bigdavid/EPSILON_ws/install/common/share/common/cmake/commonConfig.cmake:41 (include)
[0.639s]   CMakeLists.txt:19 (find_package)
[0.639s] 
[0.639s] [0m
[0.646s] -- Found Boost: /usr/lib/x86_64-linux-gnu/cmake/Boost-1.74.0/BoostConfig.cmake (found version "1.74.0")  
[0.647s] [33mCMake Warning at /opt/ros/humble/share/ament_cmake_export_include_directories/cmake/ament_export_include_directories.cmake:44 (message):
[0.647s]   ament_export_include_directories() package 'vehicle_model' exports the
[0.647s]   include directory
[0.647s]   '/home/bigdavid/EPSILON_ws/src/core/common/thirdparty/OOQP/include' which
[0.647s]   doesn't exist
[0.647s] Call Stack (most recent call first):
[0.647s]   CMakeLists.txt:65 (ament_export_include_directories)
[0.647s] 
[0.647s] [0m
[0.688s] -- Configuring done
[0.699s] -- Generating done
[0.701s] -- Build files have been written to: /home/bigdavid/EPSILON_ws/build/vehicle_model
[0.707s] Invoked command in '/home/bigdavid/EPSILON_ws/build/vehicle_model' returned '0': AMENT_PREFIX_PATH=/home/bigdavid/EPSILON_ws/install/common:${AMENT_PREFIX_PATH} CMAKE_PREFIX_PATH=/home/bigdavid/EPSILON_ws/install/common:/opt/ros/humble LD_LIBRARY_PATH=/home/bigdavid/EPSILON_ws/install/common/lib:${LD_LIBRARY_PATH} /usr/bin/cmake /home/bigdavid/EPSILON_ws/src/core/vehicle_model -DCMAKE_INSTALL_PREFIX=/home/bigdavid/EPSILON_ws/install/vehicle_model
[0.708s] Invoking command in '/home/bigdavid/EPSILON_ws/build/vehicle_model': AMENT_PREFIX_PATH=/home/bigdavid/EPSILON_ws/install/common:${AMENT_PREFIX_PATH} CMAKE_PREFIX_PATH=/home/bigdavid/EPSILON_ws/install/common:/opt/ros/humble LD_LIBRARY_PATH=/home/bigdavid/EPSILON_ws/install/common/lib:${LD_LIBRARY_PATH} /usr/bin/cmake --build /home/bigdavid/EPSILON_ws/build/vehicle_model -- -j32 -l32
[0.744s] [ 11%] [32mBuilding CXX object CMakeFiles/hkust_pl_vehicle_model.dir/src/vehicle_model/vehicle_model.cc.o[0m
[0.745s] [ 22%] [32mBuilding CXX object CMakeFiles/hkust_pl_vehicle_model.dir/src/vehicle_model/ideal_steer_model.cc.o[0m
[0.745s] [ 33%] [32mBuilding CXX object CMakeFiles/hkust_pl_vehicle_model.dir/src/vehicle_model/controllers/pid_controller.cc.o[0m
[0.745s] [ 55%] [32mBuilding CXX object CMakeFiles/hkust_pl_vehicle_model.dir/src/vehicle_model/controllers/pure_pursuit_controller.cc.o[0m
[0.745s] [ 55%] [32mBuilding CXX object CMakeFiles/hkust_pl_vehicle_model.dir/src/vehicle_model/idm_model.cc.o[0m
[0.745s] [ 77%] [32mBuilding CXX object CMakeFiles/hkust_pl_vehicle_model.dir/src/vehicle_model/ctx_idm_model.cc.o[0m
[0.745s] [ 77%] [32mBuilding CXX object CMakeFiles/hkust_pl_vehicle_model.dir/src/vehicle_model/controllers/idm_velocity_controller.cc.o[0m
[0.745s] [ 88%] [32mBuilding CXX object CMakeFiles/hkust_pl_vehicle_model.dir/src/vehicle_model/controllers/ctx_idm_velocity_controller.cc.o[0m
[5.384s] [100%] [32m[1mLinking CXX static library libhkust_pl_vehicle_model.a[0m
[5.416s] [100%] Built target hkust_pl_vehicle_model
[5.427s] Invoked command in '/home/bigdavid/EPSILON_ws/build/vehicle_model' returned '0': AMENT_PREFIX_PATH=/home/bigdavid/EPSILON_ws/install/common:${AMENT_PREFIX_PATH} CMAKE_PREFIX_PATH=/home/bigdavid/EPSILON_ws/install/common:/opt/ros/humble LD_LIBRARY_PATH=/home/bigdavid/EPSILON_ws/install/common/lib:${LD_LIBRARY_PATH} /usr/bin/cmake --build /home/bigdavid/EPSILON_ws/build/vehicle_model -- -j32 -l32
[5.428s] Invoking command in '/home/bigdavid/EPSILON_ws/build/vehicle_model': AMENT_PREFIX_PATH=/home/bigdavid/EPSILON_ws/install/common:${AMENT_PREFIX_PATH} CMAKE_PREFIX_PATH=/home/bigdavid/EPSILON_ws/install/common:/opt/ros/humble LD_LIBRARY_PATH=/home/bigdavid/EPSILON_ws/install/common/lib:${LD_LIBRARY_PATH} /usr/bin/cmake --install /home/bigdavid/EPSILON_ws/build/vehicle_model
[5.433s] -- Install configuration: "Release"
[5.433s] -- Installing: /home/bigdavid/EPSILON_ws/install/vehicle_model/share/vehicle_model/environment/library_path.sh
[5.433s] -- Installing: /home/bigdavid/EPSILON_ws/install/vehicle_model/share/vehicle_model/environment/library_path.dsv
[5.433s] -- Installing: /home/bigdavid/EPSILON_ws/install/vehicle_model/include
[5.433s] -- Installing: /home/bigdavid/EPSILON_ws/install/vehicle_model/include/vehicle_model
[5.433s] -- Installing: /home/bigdavid/EPSILON_ws/install/vehicle_model/include/vehicle_model/vehicle_model.h
[5.433s] -- Installing: /home/bigdavid/EPSILON_ws/install/vehicle_model/include/vehicle_model/idm_model.h
[5.433s] -- Installing: /home/bigdavid/EPSILON_ws/install/vehicle_model/include/vehicle_model/controllers
[5.433s] -- Installing: /home/bigdavid/EPSILON_ws/install/vehicle_model/include/vehicle_model/controllers/pure_pursuit_controller.h
[5.433s] -- Installing: /home/bigdavid/EPSILON_ws/install/vehicle_model/include/vehicle_model/controllers/ctx_idm_velocity_controller.h
[5.433s] -- Installing: /home/bigdavid/EPSILON_ws/install/vehicle_model/include/vehicle_model/controllers/pid_controller.h
[5.433s] -- Installing: /home/bigdavid/EPSILON_ws/install/vehicle_model/include/vehicle_model/controllers/idm_velocity_controller.h
[5.433s] -- Installing: /home/bigdavid/EPSILON_ws/install/vehicle_model/include/vehicle_model/ctx_idm_model.h
[5.433s] -- Installing: /home/bigdavid/EPSILON_ws/install/vehicle_model/include/vehicle_model/ideal_steer_model.h
[5.433s] -- Installing: /home/bigdavid/EPSILON_ws/install/vehicle_model/lib/libhkust_pl_vehicle_model.a
[5.433s] -- Installing: /home/bigdavid/EPSILON_ws/install/vehicle_model/share/ament_index/resource_index/package_run_dependencies/vehicle_model
[5.434s] -- Installing: /home/bigdavid/EPSILON_ws/install/vehicle_model/share/ament_index/resource_index/parent_prefix_path/vehicle_model
[5.434s] -- Installing: /home/bigdavid/EPSILON_ws/install/vehicle_model/share/vehicle_model/environment/ament_prefix_path.sh
[5.434s] -- Installing: /home/bigdavid/EPSILON_ws/install/vehicle_model/share/vehicle_model/environment/ament_prefix_path.dsv
[5.434s] -- Installing: /home/bigdavid/EPSILON_ws/install/vehicle_model/share/vehicle_model/environment/path.sh
[5.434s] -- Installing: /home/bigdavid/EPSILON_ws/install/vehicle_model/share/vehicle_model/environment/path.dsv
[5.434s] -- Installing: /home/bigdavid/EPSILON_ws/install/vehicle_model/share/vehicle_model/local_setup.bash
[5.434s] -- Installing: /home/bigdavid/EPSILON_ws/install/vehicle_model/share/vehicle_model/local_setup.sh
[5.434s] -- Installing: /home/bigdavid/EPSILON_ws/install/vehicle_model/share/vehicle_model/local_setup.zsh
[5.434s] -- Installing: /home/bigdavid/EPSILON_ws/install/vehicle_model/share/vehicle_model/local_setup.dsv
[5.435s] -- Installing: /home/bigdavid/EPSILON_ws/install/vehicle_model/share/vehicle_model/package.dsv
[5.435s] -- Installing: /home/bigdavid/EPSILON_ws/install/vehicle_model/share/ament_index/resource_index/packages/vehicle_model
[5.435s] -- Installing: /home/bigdavid/EPSILON_ws/install/vehicle_model/share/vehicle_model/cmake/ament_cmake_export_libraries-extras.cmake
[5.436s] -- Installing: /home/bigdavid/EPSILON_ws/install/vehicle_model/share/vehicle_model/cmake/ament_cmake_export_dependencies-extras.cmake
[5.436s] -- Installing: /home/bigdavid/EPSILON_ws/install/vehicle_model/share/vehicle_model/cmake/ament_cmake_export_include_directories-extras.cmake
[5.436s] -- Installing: /home/bigdavid/EPSILON_ws/install/vehicle_model/share/vehicle_model/cmake/vehicle_modelConfig.cmake
[5.436s] -- Installing: /home/bigdavid/EPSILON_ws/install/vehicle_model/share/vehicle_model/cmake/vehicle_modelConfig-version.cmake
[5.436s] -- Installing: /home/bigdavid/EPSILON_ws/install/vehicle_model/share/vehicle_model/package.xml
[5.437s] Invoked command in '/home/bigdavid/EPSILON_ws/build/vehicle_model' returned '0': AMENT_PREFIX_PATH=/home/bigdavid/EPSILON_ws/install/common:${AMENT_PREFIX_PATH} CMAKE_PREFIX_PATH=/home/bigdavid/EPSILON_ws/install/common:/opt/ros/humble LD_LIBRARY_PATH=/home/bigdavid/EPSILON_ws/install/common/lib:${LD_LIBRARY_PATH} /usr/bin/cmake --install /home/bigdavid/EPSILON_ws/build/vehicle_model
