-- The C compiler identification is GNU 11.4.0
-- The CXX compiler identification is GNU 11.4.0
-- Detecting C compiler ABI info
-- Detecting C compiler ABI info - done
-- Check for working C compiler: /usr/lib/ccache/gcc - skipped
-- Detecting C compile features
-- Detecting C compile features - done
-- Detecting CXX compiler ABI info
-- Detecting CXX compiler ABI info - done
-- Check for working CXX compiler: /usr/lib/ccache/g++ - skipped
-- Detecting CXX compile features
-- Detecting CXX compile features - done
-- Found ament_cmake: 1.3.12 (/opt/ros/humble/share/ament_cmake/cmake)
-- Found Python3: /usr/bin/python3 (found version "3.10.12") found components: Interpreter 
-- Found rclcpp: 16.0.15 (/opt/ros/humble/share/rclcpp/cmake)
-- Found rosidl_generator_c: 3.1.6 (/opt/ros/humble/share/rosidl_generator_c/cmake)
-- Found rosidl_adapter: 3.1.6 (/opt/ros/humble/share/rosidl_adapter/cmake)
-- Found rosidl_generator_cpp: 3.1.6 (/opt/ros/humble/share/rosidl_generator_cpp/cmake)
-- Using all available rosidl_typesupport_c: rosidl_typesupport_fastrtps_c;rosidl_typesupport_introspection_c
-- Using all available rosidl_typesupport_cpp: rosidl_typesupport_fastrtps_cpp;rosidl_typesupport_introspection_cpp
-- Found rmw_implementation_cmake: 6.1.2 (/opt/ros/humble/share/rmw_implementation_cmake/cmake)
-- Found rmw_cyclonedds_cpp: 1.3.4 (/opt/ros/humble/share/rmw_cyclonedds_cpp/cmake)
-- Using RMW implementation 'rmw_cyclonedds_cpp' as default
-- Looking for pthread.h
-- Looking for pthread.h - found
-- Performing Test CMAKE_HAVE_LIBC_PTHREAD
-- Performing Test CMAKE_HAVE_LIBC_PTHREAD - Success
-- Found Threads: TRUE  
-- Found visualization_msgs: 4.9.0 (/opt/ros/humble/share/visualization_msgs/cmake)
-- Found OpenMP_C: -fopenmp (found version "4.5") 
-- Found OpenMP_CXX: -fopenmp (found version "4.5") 
-- Found OpenMP: TRUE (found version "4.5")  
-- Found common: 0.0.0 (/home/bigdavid/EPSILON_ws/install/common/share/common/cmake)
-- Found eigen3_cmake_module: 0.1.1 (/opt/ros/humble/share/eigen3_cmake_module/cmake)
-- Found Eigen3: TRUE (found version "3.4.0") 
-- Ensuring Eigen3 include directory is part of orocos-kdl CMake target
[33mCMake Warning at /home/bigdavid/EPSILON_ws/install/common/share/common/cmake/ament_cmake_export_include_directories-extras.cmake:11 (message):
  Package 'common' exports the include directory
  '/home/bigdavid/EPSILON_ws/src/core/common/thirdparty/OOQP/include' which
  doesn't exist
Call Stack (most recent call first):
  /home/bigdavid/EPSILON_ws/install/common/share/common/cmake/commonConfig.cmake:41 (include)
  CMakeLists.txt:21 (find_package)

[0m
-- Found semantic_map_manager: 0.0.0 (/home/bigdavid/EPSILON_ws/install/semantic_map_manager/share/semantic_map_manager/cmake)
[33mCMake Warning at /home/bigdavid/EPSILON_ws/install/vehicle_model/share/vehicle_model/cmake/ament_cmake_export_include_directories-extras.cmake:11 (message):
  Package 'vehicle_model' exports the include directory
  '/home/bigdavid/EPSILON_ws/src/core/common/thirdparty/OOQP/include' which
  doesn't exist
Call Stack (most recent call first):
  /home/bigdavid/EPSILON_ws/install/vehicle_model/share/vehicle_model/cmake/vehicle_modelConfig.cmake:41 (include)
  /home/bigdavid/EPSILON_ws/install/motion_predictor/share/motion_predictor/cmake/ament_cmake_export_dependencies-extras.cmake:21 (find_package)
  /home/bigdavid/EPSILON_ws/install/motion_predictor/share/motion_predictor/cmake/motion_predictorConfig.cmake:41 (include)
  /home/bigdavid/EPSILON_ws/install/semantic_map_manager/share/semantic_map_manager/cmake/ament_cmake_export_dependencies-extras.cmake:21 (find_package)
  /home/bigdavid/EPSILON_ws/install/semantic_map_manager/share/semantic_map_manager/cmake/semantic_map_managerConfig.cmake:41 (include)
  CMakeLists.txt:22 (find_package)

[0m
[33mCMake Warning at /home/bigdavid/EPSILON_ws/install/forward_simulator/share/forward_simulator/cmake/ament_cmake_export_include_directories-extras.cmake:11 (message):
  Package 'forward_simulator' exports the include directory
  '/home/bigdavid/EPSILON_ws/src/core/common/thirdparty/OOQP/include' which
  doesn't exist
Call Stack (most recent call first):
  /home/bigdavid/EPSILON_ws/install/forward_simulator/share/forward_simulator/cmake/forward_simulatorConfig.cmake:41 (include)
  /home/bigdavid/EPSILON_ws/install/motion_predictor/share/motion_predictor/cmake/ament_cmake_export_dependencies-extras.cmake:21 (find_package)
  /home/bigdavid/EPSILON_ws/install/motion_predictor/share/motion_predictor/cmake/motion_predictorConfig.cmake:41 (include)
  /home/bigdavid/EPSILON_ws/install/semantic_map_manager/share/semantic_map_manager/cmake/ament_cmake_export_dependencies-extras.cmake:21 (find_package)
  /home/bigdavid/EPSILON_ws/install/semantic_map_manager/share/semantic_map_manager/cmake/semantic_map_managerConfig.cmake:41 (include)
  CMakeLists.txt:22 (find_package)

[0m
[33mCMake Warning at /home/bigdavid/EPSILON_ws/install/motion_predictor/share/motion_predictor/cmake/ament_cmake_export_include_directories-extras.cmake:11 (message):
  Package 'motion_predictor' exports the include directory
  '/home/bigdavid/EPSILON_ws/src/core/common/thirdparty/OOQP/include' which
  doesn't exist
Call Stack (most recent call first):
  /home/bigdavid/EPSILON_ws/install/motion_predictor/share/motion_predictor/cmake/motion_predictorConfig.cmake:41 (include)
  /home/bigdavid/EPSILON_ws/install/semantic_map_manager/share/semantic_map_manager/cmake/ament_cmake_export_dependencies-extras.cmake:21 (find_package)
  /home/bigdavid/EPSILON_ws/install/semantic_map_manager/share/semantic_map_manager/cmake/semantic_map_managerConfig.cmake:41 (include)
  CMakeLists.txt:22 (find_package)

[0m
[33mCMake Warning at /home/bigdavid/EPSILON_ws/install/vehicle_msgs/share/vehicle_msgs/cmake/ament_cmake_export_include_directories-extras.cmake:11 (message):
  Package 'vehicle_msgs' exports the include directory
  '/home/bigdavid/EPSILON_ws/src/core/common/thirdparty/OOQP/include' which
  doesn't exist
Call Stack (most recent call first):
  /home/bigdavid/EPSILON_ws/install/vehicle_msgs/share/vehicle_msgs/cmake/vehicle_msgsConfig.cmake:41 (include)
  /home/bigdavid/EPSILON_ws/install/semantic_map_manager/share/semantic_map_manager/cmake/ament_cmake_export_dependencies-extras.cmake:21 (find_package)
  /home/bigdavid/EPSILON_ws/install/semantic_map_manager/share/semantic_map_manager/cmake/semantic_map_managerConfig.cmake:41 (include)
  CMakeLists.txt:22 (find_package)

[0m
[33mCMake Warning at /home/bigdavid/EPSILON_ws/install/semantic_map_manager/share/semantic_map_manager/cmake/ament_cmake_export_include_directories-extras.cmake:11 (message):
  Package 'semantic_map_manager' exports the include directory
  '/home/bigdavid/EPSILON_ws/src/core/common/thirdparty/OOQP/include' which
  doesn't exist
Call Stack (most recent call first):
  /home/bigdavid/EPSILON_ws/install/semantic_map_manager/share/semantic_map_manager/cmake/semantic_map_managerConfig.cmake:41 (include)
  CMakeLists.txt:22 (find_package)

[0m
-- Found Protobuf: /usr/lib/x86_64-linux-gnu/libprotobuf.so (found version "3.12.4") 
-- Found Unwind: /usr/include/x86_64-linux-gnu (found suitable version "1.3.2", minimum required is "1.3.2") 
[33mCMake Warning at /opt/ros/humble/share/ament_cmake_export_include_directories/cmake/ament_export_include_directories.cmake:44 (message):
  ament_export_include_directories() package 'ssc_planner' exports the
  include directory
  '/home/bigdavid/EPSILON_ws/src/core/common/thirdparty/OOQP/include' which
  doesn't exist
Call Stack (most recent call first):
  CMakeLists.txt:85 (ament_export_include_directories)

[0m
[33mCMake Warning at /opt/ros/humble/share/ament_cmake_export_include_directories/cmake/ament_export_include_directories.cmake:44 (message):
  ament_export_include_directories() package 'ssc_planner' exports the
  include directory
  '/home/bigdavid/EPSILON_ws/src/core/common/thirdparty/OOQP/include' which
  doesn't exist
Call Stack (most recent call first):
  CMakeLists.txt:85 (ament_export_include_directories)

[0m
[33mCMake Warning at /opt/ros/humble/share/ament_cmake_export_include_directories/cmake/ament_export_include_directories.cmake:44 (message):
  ament_export_include_directories() package 'ssc_planner' exports the
  include directory
  '/home/bigdavid/EPSILON_ws/src/core/common/thirdparty/OOQP/include' which
  doesn't exist
Call Stack (most recent call first):
  CMakeLists.txt:85 (ament_export_include_directories)

[0m
[33mCMake Warning at /opt/ros/humble/share/ament_cmake_export_include_directories/cmake/ament_export_include_directories.cmake:44 (message):
  ament_export_include_directories() package 'ssc_planner' exports the
  include directory
  '/home/bigdavid/EPSILON_ws/src/core/common/thirdparty/OOQP/include' which
  doesn't exist
Call Stack (most recent call first):
  CMakeLists.txt:85 (ament_export_include_directories)

[0m
-- Configuring done
-- Generating done
-- Build files have been written to: /home/bigdavid/EPSILON_ws/build/ssc_planner
[ 11%] [34m[1mRunning cpp protocol buffer compiler on proto/ssc_config.proto[0m
[ 22%] [32mBuilding CXX object CMakeFiles/hkust_pl_ssc.dir/src/ssc_planner/ssc_planner.cc.o[0m
[ 33%] [32mBuilding CXX object CMakeFiles/hkust_pl_ssc.dir/src/ssc_planner/ssc_map.cc.o[0m
[ 44%] [32mBuilding CXX object CMakeFiles/hkust_pl_ssc.dir/src/ssc_planner/map_adapter.cc.o[0m
[ 55%] [32mBuilding CXX object CMakeFiles/hkust_pl_ssc.dir/ssc_config.pb.cc.o[0m
In file included from [01m[K/home/bigdavid/EPSILON_ws/src/util/ssc_planner/include/ssc_planner/ssc_map.h:26[m[K,
                 from [01m[K/home/bigdavid/EPSILON_ws/src/util/ssc_planner/src/ssc_planner/ssc_map.cc:10[m[K:
In copy constructor ‘[01m[Kcommon::DrivingCorridor::DrivingCorridor(const common::DrivingCorridor&)[m[K’,
    inlined from ‘[01m[Kvoid __gnu_cxx::new_allocator<_Tp>::construct(_Up*, _Args&& ...) [with _Up = common::DrivingCorridor; _Args = {const common::DrivingCorridor&}; _Tp = common::DrivingCorridor][m[K’ at [01m[K/usr/include/c++/11/ext/new_allocator.h:162:4[m[K,
    inlined from ‘[01m[Kstatic constexpr std::_Require<typename std::allocator_traits< <template-parameter-1-1> >::__construct_helper<_Tp, _Args>::type> std::allocator_traits< <template-parameter-1-1> >::_S_construct(_Alloc&, _Tp*, _Args&& ...) [with _Tp = common::DrivingCorridor; _Args = {const common::DrivingCorridor&}; _Alloc = Eigen::aligned_allocator<common::DrivingCorridor>][m[K’ at [01m[K/usr/include/c++/11/bits/alloc_traits.h:251:17[m[K,
    inlined from ‘[01m[Kstatic decltype (std::allocator_traits< <template-parameter-1-1> >::_S_construct(__a, __p, (forward<_Args>)(std::allocator_traits< <template-parameter-1-1> >::construct::__args)...)) std::allocator_traits< <template-parameter-1-1> >::construct(_Alloc&, _Tp*, _Args&& ...) [with _Tp = common::DrivingCorridor; _Args = {const common::DrivingCorridor&}; _Alloc = Eigen::aligned_allocator<common::DrivingCorridor>][m[K’ at [01m[K/usr/include/c++/11/bits/alloc_traits.h:364:16[m[K,
    inlined from ‘[01m[Kvoid std::vector<_Tp, _Alloc>::push_back(const value_type&) [with _Tp = common::DrivingCorridor; _Alloc = Eigen::aligned_allocator<common::DrivingCorridor>][m[K’ at [01m[K/usr/include/c++/11/bits/stl_vector.h:1192:30[m[K,
    inlined from ‘[01m[KErrorType planning::SscMap::ConstructCorridorUsingInitialTrajectory(planning::SscMap::GridMap3D*, vec_E<common::FsVehicle>&)[m[K’ at [01m[K/home/bigdavid/EPSILON_ws/src/util/ssc_planner/src/ssc_planner/ssc_map.cc:152:36[m[K:
[01m[K/home/bigdavid/EPSILON_ws/install/common/include/common/basics/semantics.h:801:8:[m[K [01;35m[Kwarning: [m[K‘[01m[Kdriving_corridor.common::DrivingCorridor::id[m[K’ may be used uninitialized [[01;35m[K-Wmaybe-uninitialized[m[K]
  801 | struct [01;35m[KDrivingCorridor[m[K {
      |        [01;35m[K^~~~~~~~~~~~~~~[m[K
[01m[K/home/bigdavid/EPSILON_ws/src/util/ssc_planner/src/ssc_planner/ssc_map.cc:[m[K In member function ‘[01m[KErrorType planning::SscMap::ConstructCorridorUsingInitialTrajectory(planning::SscMap::GridMap3D*, vec_E<common::FsVehicle>&)[m[K’:
[01m[K/home/bigdavid/EPSILON_ws/src/util/ssc_planner/src/ssc_planner/ssc_map.cc:147:27:[m[K [01;36m[Knote: [m[K‘[01m[Kdriving_corridor[m[K’ declared here
  147 |   common::DrivingCorridor [01;36m[Kdriving_corridor[m[K;
      |                           [01;36m[K^~~~~~~~~~~~~~~~[m[K
[01m[K/home/bigdavid/EPSILON_ws/src/util/ssc_planner/src/ssc_planner/ssc_planner.cc:[m[K In member function ‘[01m[KErrorType planning::SscPlanner::RunQpOptimization()[m[K’:
[01m[K/home/bigdavid/EPSILON_ws/src/util/ssc_planner/src/ssc_planner/ssc_planner.cc:318:27:[m[K [01;35m[Kwarning: [m[Kcomparison of integer expressions of different signedness: ‘[01m[Kint[m[K’ and ‘[01m[Kstd::vector<double>::size_type[m[K’ {aka ‘[01m[Klong unsigned int[m[K’} [[01;35m[K-Wsign-compare[m[K]
  318 |         for (int k = 0; [01;35m[Kk < ref_stamps.size()[m[K; ++k) {
      |                         [01;35m[K~~^~~~~~~~~~~~~~~~~~~[m[K
[01m[K/home/bigdavid/EPSILON_ws/src/util/ssc_planner/src/ssc_planner/ssc_planner.cc:324:27:[m[K [01;35m[Kwarning: [m[Kcomparison of integer expressions of different signedness: ‘[01m[Kint[m[K’ and ‘[01m[Kstd::vector<common::Vehicle, Eigen::aligned_allocator<common::Vehicle> >::size_type[m[K’ {aka ‘[01m[Klong unsigned int[m[K’} [[01;35m[K-Wsign-compare[m[K]
  324 |         for (int k = 0; [01;35m[Kk < forward_trajs_[i].size()[m[K; ++k) {
      |                         [01;35m[K~~^~~~~~~~~~~~~~~~~~~~~~~~~~[m[K
[01m[K/home/bigdavid/EPSILON_ws/src/util/ssc_planner/src/ssc_planner/ssc_planner.cc:247:9:[m[K [01;35m[Kwarning: [m[Kunused variable ‘[01m[Kbeh[m[K’ [[01;35m[K-Wunused-variable[m[K]
  247 |     int [01;35m[Kbeh[m[K = static_cast<int>(forward_behaviors_[i]);
      |         [01;35m[K^~~[m[K
[01m[K/home/bigdavid/EPSILON_ws/src/util/ssc_planner/src/ssc_planner/ssc_planner.cc:[m[K In member function ‘[01m[KErrorType planning::SscPlanner::StateTransformForInputData()[m[K’:
[01m[K/home/bigdavid/EPSILON_ws/src/util/ssc_planner/src/ssc_planner/ssc_planner.cc:470:23:[m[K [01;35m[Kwarning: [m[Kcomparison of integer expressions of different signedness: ‘[01m[Kint[m[K’ and ‘[01m[Kstd::vector<std::unordered_map<int, std::vector<common::Vehicle, Eigen::aligned_allocator<common::Vehicle> > >, Eigen::aligned_allocator<std::unordered_map<int, std::vector<common::Vehicle, Eigen::aligned_allocator<common::Vehicle> > > > >::size_type[m[K’ {aka ‘[01m[Klong unsigned int[m[K’} [[01;35m[K-Wsign-compare[m[K]
  470 |     for (int i = 0; [01;35m[Ki < surround_forward_trajs_.size()[m[K; ++i) {
      |                     [01;35m[K~~^~~~~~~~~~~~~~~~~~~~~~~~~~~~~~~~[m[K
[01m[K/home/bigdavid/EPSILON_ws/src/util/ssc_planner/src/ssc_planner/ssc_planner.cc:473:27:[m[K [01;35m[Kwarning: [m[Kcomparison of integer expressions of different signedness: ‘[01m[Kint[m[K’ and ‘[01m[Kstd::vector<common::Vehicle, Eigen::aligned_allocator<common::Vehicle> >::size_type[m[K’ {aka ‘[01m[Klong unsigned int[m[K’} [[01;35m[K-Wsign-compare[m[K]
  473 |         for (int k = 0; [01;35m[Kk < it->second.size()[m[K; ++k) {
      |                         [01;35m[K~~^~~~~~~~~~~~~~~~~~~[m[K
[01m[K/home/bigdavid/EPSILON_ws/src/util/ssc_planner/src/ssc_planner/ssc_planner.cc:549:23:[m[K [01;35m[Kwarning: [m[Kcomparison of integer expressions of different signedness: ‘[01m[Kint[m[K’ and ‘[01m[Kstd::vector<std::unordered_map<int, std::vector<common::Vehicle, Eigen::aligned_allocator<common::Vehicle> > >, Eigen::aligned_allocator<std::unordered_map<int, std::vector<common::Vehicle, Eigen::aligned_allocator<common::Vehicle> > > > >::size_type[m[K’ {aka ‘[01m[Klong unsigned int[m[K’} [[01;35m[K-Wsign-compare[m[K]
  549 |     for (int j = 0; [01;35m[Kj < surround_forward_trajs_.size()[m[K; ++j) {
      |                     [01;35m[K~~^~~~~~~~~~~~~~~~~~~~~~~~~~~~~~~~[m[K
[01m[K/home/bigdavid/EPSILON_ws/src/util/ssc_planner/src/ssc_planner/ssc_planner.cc:555:27:[m[K [01;35m[Kwarning: [m[Kcomparison of integer expressions of different signedness: ‘[01m[Kint[m[K’ and ‘[01m[Kstd::vector<common::Vehicle, Eigen::aligned_allocator<common::Vehicle> >::size_type[m[K’ {aka ‘[01m[Klong unsigned int[m[K’} [[01;35m[K-Wsign-compare[m[K]
  555 |         for (int k = 0; [01;35m[Kk < it->second.size()[m[K; ++k) {
      |                         [01;35m[K~~^~~~~~~~~~~~~~~~~~~[m[K
In file included from [01m[K/home/bigdavid/EPSILON_ws/install/common/include/common/spline/spline_generator.h:17[m[K,
                 from [01m[K/home/bigdavid/EPSILON_ws/src/util/ssc_planner/include/ssc_planner/ssc_planner.h:21[m[K,
                 from [01m[K/home/bigdavid/EPSILON_ws/src/util/ssc_planner/src/ssc_planner/ssc_planner.cc:9[m[K:
[01m[K/home/bigdavid/EPSILON_ws/src/core/common/thirdparty/tk_spline/spline.h:[m[K At global scope:
[01m[K/home/bigdavid/EPSILON_ws/src/core/common/thirdparty/tk_spline/spline.h:371:8:[m[K [01;35m[Kwarning: [m[K‘[01m[Kdouble {anonymous}::tk::spline::get_coeff(int, int) const[m[K’ defined but not used [[01;35m[K-Wunused-function[m[K]
  371 | double [01;35m[Kspline[m[K::get_coeff(int n, int j) const {
      |        [01;35m[K^~~~~~[m[K
[01m[K/home/bigdavid/EPSILON_ws/src/core/common/thirdparty/tk_spline/spline.h:369:5:[m[K [01;35m[Kwarning: [m[K‘[01m[Kint {anonymous}::tk::spline::num_pts() const[m[K’ defined but not used [[01;35m[K-Wunused-function[m[K]
  369 | int [01;35m[Kspline[m[K::num_pts() const { return m_a.size(); }
      |     [01;35m[K^~~~~~[m[K
[01m[K/home/bigdavid/EPSILON_ws/src/core/common/thirdparty/tk_spline/spline.h:347:8:[m[K [01;35m[Kwarning: [m[K‘[01m[Kdouble {anonymous}::tk::spline::operator()(double) const[m[K’ defined but not used [[01;35m[K-Wunused-function[m[K]
  347 | double [01;35m[Kspline[m[K::operator()(double x) const {
      |        [01;35m[K^~~~~~[m[K
[01m[K/home/bigdavid/EPSILON_ws/src/core/common/thirdparty/tk_spline/spline.h:255:6:[m[K [01;35m[Kwarning: [m[K‘[01m[Kvoid {anonymous}::tk::spline::set_points(const std::vector<double>&, const std::vector<double>&, bool)[m[K’ defined but not used [[01;35m[K-Wunused-function[m[K]
  255 | void [01;35m[Kspline[m[K::set_points(const std::vector<double>& x,
      |      [01;35m[K^~~~~~[m[K
[01m[K/home/bigdavid/EPSILON_ws/src/core/common/thirdparty/tk_spline/spline.h:244:6:[m[K [01;35m[Kwarning: [m[K‘[01m[Kvoid {anonymous}::tk::spline::set_boundary({anonymous}::tk::spline::bd_type, double, {anonymous}::tk::spline::bd_type, double, bool)[m[K’ defined but not used [[01;35m[K-Wunused-function[m[K]
  244 | void [01;35m[Kspline[m[K::set_boundary(spline::bd_type left, double left_value,
      |      [01;35m[K^~~~~~[m[K
[ 66%] [32m[1mLinking CXX static library libhkust_pl_ssc.a[0m
[ 66%] Built target hkust_pl_ssc
[ 77%] [32mBuilding CXX object CMakeFiles/ssc_server_ros.dir/src/ssc_planner/ssc_server_ros.cc.o[0m
[ 88%] [32mBuilding CXX object CMakeFiles/ssc_server_ros.dir/src/ssc_planner/ssc_visualizer.cc.o[0m
In file included from [01m[K/home/bigdavid/EPSILON_ws/install/common/include/common/spline/spline_generator.h:17[m[K,
                 from [01m[K/home/bigdavid/EPSILON_ws/src/util/ssc_planner/include/ssc_planner/ssc_planner.h:21[m[K,
                 from [01m[K/home/bigdavid/EPSILON_ws/src/util/ssc_planner/include/ssc_planner/ssc_visualizer.h:17[m[K,
                 from [01m[K/home/bigdavid/EPSILON_ws/src/util/ssc_planner/src/ssc_planner/ssc_visualizer.cc:1[m[K:
[01m[K/home/bigdavid/EPSILON_ws/src/core/common/thirdparty/tk_spline/spline.h:371:8:[m[K [01;35m[Kwarning: [m[K‘[01m[Kdouble {anonymous}::tk::spline::get_coeff(int, int) const[m[K’ defined but not used [[01;35m[K-Wunused-function[m[K]
  371 | double [01;35m[Kspline[m[K::get_coeff(int n, int j) const {
      |        [01;35m[K^~~~~~[m[K
[01m[K/home/bigdavid/EPSILON_ws/src/core/common/thirdparty/tk_spline/spline.h:369:5:[m[K [01;35m[Kwarning: [m[K‘[01m[Kint {anonymous}::tk::spline::num_pts() const[m[K’ defined but not used [[01;35m[K-Wunused-function[m[K]
  369 | int [01;35m[Kspline[m[K::num_pts() const { return m_a.size(); }
      |     [01;35m[K^~~~~~[m[K
[01m[K/home/bigdavid/EPSILON_ws/src/core/common/thirdparty/tk_spline/spline.h:347:8:[m[K [01;35m[Kwarning: [m[K‘[01m[Kdouble {anonymous}::tk::spline::operator()(double) const[m[K’ defined but not used [[01;35m[K-Wunused-function[m[K]
  347 | double [01;35m[Kspline[m[K::operator()(double x) const {
      |        [01;35m[K^~~~~~[m[K
[01m[K/home/bigdavid/EPSILON_ws/src/core/common/thirdparty/tk_spline/spline.h:255:6:[m[K [01;35m[Kwarning: [m[K‘[01m[Kvoid {anonymous}::tk::spline::set_points(const std::vector<double, std::allocator<double> >&, const std::vector<double, std::allocator<double> >&, bool)[m[K’ defined but not used [[01;35m[K-Wunused-function[m[K]
  255 | void [01;35m[Kspline[m[K::set_points(const std::vector<double>& x,
      |      [01;35m[K^~~~~~[m[K
[01m[K/home/bigdavid/EPSILON_ws/src/core/common/thirdparty/tk_spline/spline.h:244:6:[m[K [01;35m[Kwarning: [m[K‘[01m[Kvoid {anonymous}::tk::spline::set_boundary({anonymous}::tk::spline::bd_type, double, {anonymous}::tk::spline::bd_type, double, bool)[m[K’ defined but not used [[01;35m[K-Wunused-function[m[K]
  244 | void [01;35m[Kspline[m[K::set_boundary(spline::bd_type left, double left_value,
      |      [01;35m[K^~~~~~[m[K
[01m[K/home/bigdavid/EPSILON_ws/src/util/ssc_planner/src/ssc_planner/ssc_server_ros.cc:[m[K In member function ‘[01m[KErrorType planning::SscPlannerServer::FilterSingularityState(vec_E<common::State>&, common::State*)[m[K’:
[01m[K/home/bigdavid/EPSILON_ws/src/util/ssc_planner/src/ssc_planner/ssc_server_ros.cc:104:13:[m[K [01;35m[Kwarning: [m[Kunused variable ‘[01m[Kwheel_base[m[K’ [[01;35m[K-Wunused-variable[m[K]
  104 |   decimal_t [01;35m[Kwheel_base[m[K = 2.85;
      |             [01;35m[K^~~~~~~~~~[m[K
In file included from [01m[K/home/bigdavid/EPSILON_ws/install/common/include/common/spline/spline_generator.h:17[m[K,
                 from [01m[K/home/bigdavid/EPSILON_ws/src/util/ssc_planner/include/ssc_planner/ssc_planner.h:21[m[K,
                 from [01m[K/home/bigdavid/EPSILON_ws/src/util/ssc_planner/include/ssc_planner/ssc_server_ros.h:21[m[K,
                 from [01m[K/home/bigdavid/EPSILON_ws/src/util/ssc_planner/src/ssc_planner/ssc_server_ros.cc:1[m[K:
[01m[K/home/bigdavid/EPSILON_ws/src/core/common/thirdparty/tk_spline/spline.h:[m[K At global scope:
[01m[K/home/bigdavid/EPSILON_ws/src/core/common/thirdparty/tk_spline/spline.h:371:8:[m[K [01;35m[Kwarning: [m[K‘[01m[Kdouble {anonymous}::tk::spline::get_coeff(int, int) const[m[K’ defined but not used [[01;35m[K-Wunused-function[m[K]
  371 | double [01;35m[Kspline[m[K::get_coeff(int n, int j) const {
      |        [01;35m[K^~~~~~[m[K
[01m[K/home/bigdavid/EPSILON_ws/src/core/common/thirdparty/tk_spline/spline.h:369:5:[m[K [01;35m[Kwarning: [m[K‘[01m[Kint {anonymous}::tk::spline::num_pts() const[m[K’ defined but not used [[01;35m[K-Wunused-function[m[K]
  369 | int [01;35m[Kspline[m[K::num_pts() const { return m_a.size(); }
      |     [01;35m[K^~~~~~[m[K
[01m[K/home/bigdavid/EPSILON_ws/src/core/common/thirdparty/tk_spline/spline.h:347:8:[m[K [01;35m[Kwarning: [m[K‘[01m[Kdouble {anonymous}::tk::spline::operator()(double) const[m[K’ defined but not used [[01;35m[K-Wunused-function[m[K]
  347 | double [01;35m[Kspline[m[K::operator()(double x) const {
      |        [01;35m[K^~~~~~[m[K
[01m[K/home/bigdavid/EPSILON_ws/src/core/common/thirdparty/tk_spline/spline.h:255:6:[m[K [01;35m[Kwarning: [m[K‘[01m[Kvoid {anonymous}::tk::spline::set_points(const std::vector<double>&, const std::vector<double>&, bool)[m[K’ defined but not used [[01;35m[K-Wunused-function[m[K]
  255 | void [01;35m[Kspline[m[K::set_points(const std::vector<double>& x,
      |      [01;35m[K^~~~~~[m[K
[01m[K/home/bigdavid/EPSILON_ws/src/core/common/thirdparty/tk_spline/spline.h:244:6:[m[K [01;35m[Kwarning: [m[K‘[01m[Kvoid {anonymous}::tk::spline::set_boundary({anonymous}::tk::spline::bd_type, double, {anonymous}::tk::spline::bd_type, double, bool)[m[K’ defined but not used [[01;35m[K-Wunused-function[m[K]
  244 | void [01;35m[Kspline[m[K::set_boundary(spline::bd_type left, double left_value,
      |      [01;35m[K^~~~~~[m[K
[100%] [32m[1mLinking CXX static library libssc_server_ros.a[0m
[100%] Built target ssc_server_ros
-- Install configuration: "Release"
-- Installing: /home/bigdavid/EPSILON_ws/install/ssc_planner/share/ssc_planner/config
-- Installing: /home/bigdavid/EPSILON_ws/install/ssc_planner/share/ssc_planner/config/ssc_config.pb.txt
-- Installing: /home/bigdavid/EPSILON_ws/install/ssc_planner/share/ssc_planner/environment/library_path.sh
-- Installing: /home/bigdavid/EPSILON_ws/install/ssc_planner/share/ssc_planner/environment/library_path.dsv
-- Installing: /home/bigdavid/EPSILON_ws/install/ssc_planner/lib/libhkust_pl_ssc.a
-- Installing: /home/bigdavid/EPSILON_ws/install/ssc_planner/lib/libssc_server_ros.a
-- Installing: /home/bigdavid/EPSILON_ws/install/ssc_planner/include
-- Installing: /home/bigdavid/EPSILON_ws/install/ssc_planner/include/ssc_planner
-- Installing: /home/bigdavid/EPSILON_ws/install/ssc_planner/include/ssc_planner/map_interface.h
-- Installing: /home/bigdavid/EPSILON_ws/install/ssc_planner/include/ssc_planner/ssc_planner.h
-- Installing: /home/bigdavid/EPSILON_ws/install/ssc_planner/include/ssc_planner/ssc_map.h
-- Installing: /home/bigdavid/EPSILON_ws/install/ssc_planner/include/ssc_planner/ssc_server_ros.h
-- Installing: /home/bigdavid/EPSILON_ws/install/ssc_planner/include/ssc_planner/map_adapter.h
-- Installing: /home/bigdavid/EPSILON_ws/install/ssc_planner/include/ssc_planner/ssc_visualizer.h
-- Installing: /home/bigdavid/EPSILON_ws/install/ssc_planner/share/ament_index/resource_index/package_run_dependencies/ssc_planner
-- Installing: /home/bigdavid/EPSILON_ws/install/ssc_planner/share/ament_index/resource_index/parent_prefix_path/ssc_planner
-- Installing: /home/bigdavid/EPSILON_ws/install/ssc_planner/share/ssc_planner/environment/ament_prefix_path.sh
-- Installing: /home/bigdavid/EPSILON_ws/install/ssc_planner/share/ssc_planner/environment/ament_prefix_path.dsv
-- Installing: /home/bigdavid/EPSILON_ws/install/ssc_planner/share/ssc_planner/environment/path.sh
-- Installing: /home/bigdavid/EPSILON_ws/install/ssc_planner/share/ssc_planner/environment/path.dsv
-- Installing: /home/bigdavid/EPSILON_ws/install/ssc_planner/share/ssc_planner/local_setup.bash
-- Installing: /home/bigdavid/EPSILON_ws/install/ssc_planner/share/ssc_planner/local_setup.sh
-- Installing: /home/bigdavid/EPSILON_ws/install/ssc_planner/share/ssc_planner/local_setup.zsh
-- Installing: /home/bigdavid/EPSILON_ws/install/ssc_planner/share/ssc_planner/local_setup.dsv
-- Installing: /home/bigdavid/EPSILON_ws/install/ssc_planner/share/ssc_planner/package.dsv
-- Installing: /home/bigdavid/EPSILON_ws/install/ssc_planner/share/ament_index/resource_index/packages/ssc_planner
-- Installing: /home/bigdavid/EPSILON_ws/install/ssc_planner/share/ssc_planner/cmake/ament_cmake_export_dependencies-extras.cmake
-- Installing: /home/bigdavid/EPSILON_ws/install/ssc_planner/share/ssc_planner/cmake/ament_cmake_export_include_directories-extras.cmake
-- Installing: /home/bigdavid/EPSILON_ws/install/ssc_planner/share/ssc_planner/cmake/ament_cmake_export_libraries-extras.cmake
-- Installing: /home/bigdavid/EPSILON_ws/install/ssc_planner/share/ssc_planner/cmake/ssc_plannerConfig.cmake
-- Installing: /home/bigdavid/EPSILON_ws/install/ssc_planner/share/ssc_planner/cmake/ssc_plannerConfig-version.cmake
-- Installing: /home/bigdavid/EPSILON_ws/install/ssc_planner/share/ssc_planner/package.xml
