[0.025s] Invoking command in '/home/bigdavid/EPSILON_ws/build/eudm_planner': AMENT_PREFIX_PATH=/home/bigdavid/EPSILON_ws/install/route_planner:/home/bigdavid/EPSILON_ws/install/semantic_map_manager:/home/bigdavid/EPSILON_ws/install/motion_predictor:/home/bigdavid/EPSILON_ws/install/forward_simulator:/home/bigdavid/EPSILON_ws/install/vehicle_msgs:/home/bigdavid/EPSILON_ws/install/vehicle_model:/home/bigdavid/EPSILON_ws/install/common:${AMENT_PREFIX_PATH} CMAKE_PREFIX_PATH=/home/bigdavid/EPSILON_ws/install/route_planner:/home/bigdavid/EPSILON_ws/install/semantic_map_manager:/home/bigdavid/EPSILON_ws/install/motion_predictor:/home/bigdavid/EPSILON_ws/install/forward_simulator:/home/bigdavid/EPSILON_ws/install/vehicle_msgs:/home/bigdavid/EPSILON_ws/install/vehicle_model:/home/bigdavid/EPSILON_ws/install/common:/opt/ros/humble LD_LIBRARY_PATH=/home/bigdavid/EPSILON_ws/install/route_planner/lib:/home/bigdavid/EPSILON_ws/install/semantic_map_manager/lib:/home/bigdavid/EPSILON_ws/install/motion_predictor/lib:/home/bigdavid/EPSILON_ws/install/forward_simulator/lib:/home/bigdavid/EPSILON_ws/install/vehicle_msgs/lib:/home/bigdavid/EPSILON_ws/install/vehicle_model/lib:/home/bigdavid/EPSILON_ws/install/common/lib:/usr/local/lib:/usr/lib/x86_64-linux-gnu/gazebo-11/plugins:/opt/ros/humble/opt/rviz_ogre_vendor/lib:/opt/ros/humble/lib/x86_64-linux-gnu:/opt/ros/humble/lib:/usr/local/cuda/lib64 PYTHONPATH=/home/bigdavid/EPSILON_ws/install/vehicle_msgs/local/lib/python3.10/dist-packages:${PYTHONPATH} /usr/bin/cmake /home/bigdavid/EPSILON_ws/src/util/eudm_planner -DCMAKE_INSTALL_PREFIX=/home/bigdavid/EPSILON_ws/install/eudm_planner
[0.089s] -- The C compiler identification is GNU 11.4.0
[0.153s] -- The CXX compiler identification is GNU 11.4.0
[0.163s] -- Detecting C compiler ABI info
[0.236s] -- Detecting C compiler ABI info - done
[0.242s] -- Check for working C compiler: /usr/lib/ccache/gcc - skipped
[0.243s] -- Detecting C compile features
[0.243s] -- Detecting C compile features - done
[0.246s] -- Detecting CXX compiler ABI info
[0.332s] -- Detecting CXX compiler ABI info - done
[0.340s] -- Check for working CXX compiler: /usr/lib/ccache/g++ - skipped
[0.340s] -- Detecting CXX compile features
[0.341s] -- Detecting CXX compile features - done
[0.343s] -- Found ament_cmake: 1.3.12 (/opt/ros/humble/share/ament_cmake/cmake)
[0.510s] -- Found Python3: /usr/bin/python3 (found version "3.10.12") found components: Interpreter 
[0.634s] -- Found rclcpp: 16.0.15 (/opt/ros/humble/share/rclcpp/cmake)
[0.685s] -- Found rosidl_generator_c: 3.1.6 (/opt/ros/humble/share/rosidl_generator_c/cmake)
[0.691s] -- Found rosidl_adapter: 3.1.6 (/opt/ros/humble/share/rosidl_adapter/cmake)
[0.700s] -- Found rosidl_generator_cpp: 3.1.6 (/opt/ros/humble/share/rosidl_generator_cpp/cmake)
[0.713s] -- Using all available rosidl_typesupport_c: rosidl_typesupport_fastrtps_c;rosidl_typesupport_introspection_c
[0.730s] -- Using all available rosidl_typesupport_cpp: rosidl_typesupport_fastrtps_cpp;rosidl_typesupport_introspection_cpp
[0.778s] -- Found rmw_implementation_cmake: 6.1.2 (/opt/ros/humble/share/rmw_implementation_cmake/cmake)
[0.781s] -- Found rmw_cyclonedds_cpp: 1.3.4 (/opt/ros/humble/share/rmw_cyclonedds_cpp/cmake)
[0.804s] -- Using RMW implementation 'rmw_cyclonedds_cpp' as default
[0.813s] -- Looking for pthread.h
[0.889s] -- Looking for pthread.h - found
[0.889s] -- Performing Test CMAKE_HAVE_LIBC_PTHREAD
[0.961s] -- Performing Test CMAKE_HAVE_LIBC_PTHREAD - Success
[0.962s] -- Found Threads: TRUE  
[1.015s] -- Found visualization_msgs: 4.9.0 (/opt/ros/humble/share/visualization_msgs/cmake)
[1.078s] -- Found Protobuf: /usr/lib/x86_64-linux-gnu/libprotobuf.so (found version "3.12.4") 
[1.079s] -- Found common: 0.0.0 (/home/bigdavid/EPSILON_ws/install/common/share/common/cmake)
[1.224s] -- Found eigen3_cmake_module: 0.1.1 (/opt/ros/humble/share/eigen3_cmake_module/cmake)
[1.226s] -- Found Eigen3: TRUE (found version "3.4.0") 
[1.226s] -- Ensuring Eigen3 include directory is part of orocos-kdl CMake target
[1.229s] [33mCMake Warning at /home/bigdavid/EPSILON_ws/install/common/share/common/cmake/ament_cmake_export_include_directories-extras.cmake:11 (message):
[1.229s]   Package 'common' exports the include directory
[1.229s]   '/home/bigdavid/EPSILON_ws/src/core/common/thirdparty/OOQP/include' which
[1.229s]   doesn't exist
[1.229s] Call Stack (most recent call first):
[1.229s]   /home/bigdavid/EPSILON_ws/install/common/share/common/cmake/commonConfig.cmake:41 (include)
[1.229s]   CMakeLists.txt:20 (find_package)
[1.229s] 
[1.230s] [0m
[1.232s] -- Found vehicle_model: 0.0.0 (/home/bigdavid/EPSILON_ws/install/vehicle_model/share/vehicle_model/cmake)
[1.251s] [33mCMake Warning at /home/bigdavid/EPSILON_ws/install/vehicle_model/share/vehicle_model/cmake/ament_cmake_export_include_directories-extras.cmake:11 (message):
[1.252s]   Package 'vehicle_model' exports the include directory
[1.252s]   '/home/bigdavid/EPSILON_ws/src/core/common/thirdparty/OOQP/include' which
[1.252s]   doesn't exist
[1.252s] Call Stack (most recent call first):
[1.252s]   /home/bigdavid/EPSILON_ws/install/vehicle_model/share/vehicle_model/cmake/vehicle_modelConfig.cmake:41 (include)
[1.252s]   CMakeLists.txt:21 (find_package)
[1.252s] 
[1.252s] [0m
[1.254s] -- Found semantic_map_manager: 0.0.0 (/home/bigdavid/EPSILON_ws/install/semantic_map_manager/share/semantic_map_manager/cmake)
[1.818s] [33mCMake Warning at /home/bigdavid/EPSILON_ws/install/forward_simulator/share/forward_simulator/cmake/ament_cmake_export_include_directories-extras.cmake:11 (message):
[1.818s]   Package 'forward_simulator' exports the include directory
[1.818s]   '/home/bigdavid/EPSILON_ws/src/core/common/thirdparty/OOQP/include' which
[1.818s]   doesn't exist
[1.818s] Call Stack (most recent call first):
[1.818s]   /home/bigdavid/EPSILON_ws/install/forward_simulator/share/forward_simulator/cmake/forward_simulatorConfig.cmake:41 (include)
[1.818s]   /home/bigdavid/EPSILON_ws/install/motion_predictor/share/motion_predictor/cmake/ament_cmake_export_dependencies-extras.cmake:21 (find_package)
[1.818s]   /home/bigdavid/EPSILON_ws/install/motion_predictor/share/motion_predictor/cmake/motion_predictorConfig.cmake:41 (include)
[1.818s]   /home/bigdavid/EPSILON_ws/install/semantic_map_manager/share/semantic_map_manager/cmake/ament_cmake_export_dependencies-extras.cmake:21 (find_package)
[1.819s]   /home/bigdavid/EPSILON_ws/install/semantic_map_manager/share/semantic_map_manager/cmake/semantic_map_managerConfig.cmake:41 (include)
[1.819s]   CMakeLists.txt:22 (find_package)
[1.819s] 
[1.819s] [0m
[1.827s] [33mCMake Warning at /home/bigdavid/EPSILON_ws/install/motion_predictor/share/motion_predictor/cmake/ament_cmake_export_include_directories-extras.cmake:11 (message):
[1.827s]   Package 'motion_predictor' exports the include directory
[1.827s]   '/home/bigdavid/EPSILON_ws/src/core/common/thirdparty/OOQP/include' which
[1.827s]   doesn't exist
[1.827s] Call Stack (most recent call first):
[1.827s]   /home/bigdavid/EPSILON_ws/install/motion_predictor/share/motion_predictor/cmake/motion_predictorConfig.cmake:41 (include)
[1.827s]   /home/bigdavid/EPSILON_ws/install/semantic_map_manager/share/semantic_map_manager/cmake/ament_cmake_export_dependencies-extras.cmake:21 (find_package)
[1.827s]   /home/bigdavid/EPSILON_ws/install/semantic_map_manager/share/semantic_map_manager/cmake/semantic_map_managerConfig.cmake:41 (include)
[1.827s]   CMakeLists.txt:22 (find_package)
[1.827s] 
[1.827s] [0m
[1.862s] [33mCMake Warning at /home/bigdavid/EPSILON_ws/install/vehicle_msgs/share/vehicle_msgs/cmake/ament_cmake_export_include_directories-extras.cmake:11 (message):
[1.862s]   Package 'vehicle_msgs' exports the include directory
[1.862s]   '/home/bigdavid/EPSILON_ws/src/core/common/thirdparty/OOQP/include' which
[1.862s]   doesn't exist
[1.862s] Call Stack (most recent call first):
[1.862s]   /home/bigdavid/EPSILON_ws/install/vehicle_msgs/share/vehicle_msgs/cmake/vehicle_msgsConfig.cmake:41 (include)
[1.863s]   /home/bigdavid/EPSILON_ws/install/semantic_map_manager/share/semantic_map_manager/cmake/ament_cmake_export_dependencies-extras.cmake:21 (find_package)
[1.863s]   /home/bigdavid/EPSILON_ws/install/semantic_map_manager/share/semantic_map_manager/cmake/semantic_map_managerConfig.cmake:41 (include)
[1.863s]   CMakeLists.txt:22 (find_package)
[1.863s] 
[1.863s] [0m
[1.876s] [33mCMake Warning at /home/bigdavid/EPSILON_ws/install/semantic_map_manager/share/semantic_map_manager/cmake/ament_cmake_export_include_directories-extras.cmake:11 (message):
[1.876s]   Package 'semantic_map_manager' exports the include directory
[1.876s]   '/home/bigdavid/EPSILON_ws/src/core/common/thirdparty/OOQP/include' which
[1.876s]   doesn't exist
[1.876s] Call Stack (most recent call first):
[1.877s]   /home/bigdavid/EPSILON_ws/install/semantic_map_manager/share/semantic_map_manager/cmake/semantic_map_managerConfig.cmake:41 (include)
[1.877s]   CMakeLists.txt:22 (find_package)
[1.877s] 
[1.877s] [0m
[1.879s] -- Found route_planner: 0.0.0 (/home/bigdavid/EPSILON_ws/install/route_planner/share/route_planner/cmake)
[1.890s] [33mCMake Warning at /home/bigdavid/EPSILON_ws/install/route_planner/share/route_planner/cmake/ament_cmake_export_include_directories-extras.cmake:11 (message):
[1.891s]   Package 'route_planner' exports the include directory
[1.891s]   '/home/bigdavid/EPSILON_ws/src/core/common/thirdparty/OOQP/include' which
[1.891s]   doesn't exist
[1.891s] Call Stack (most recent call first):
[1.891s]   /home/bigdavid/EPSILON_ws/install/route_planner/share/route_planner/cmake/route_plannerConfig.cmake:41 (include)
[1.891s]   CMakeLists.txt:24 (find_package)
[1.891s] 
[1.891s] [0m
[1.898s] -- Found Unwind: /usr/include/x86_64-linux-gnu (found suitable version "1.3.2", minimum required is "1.3.2") 
[1.900s] [33mCMake Warning at /opt/ros/humble/share/ament_cmake_export_include_directories/cmake/ament_export_include_directories.cmake:44 (message):
[1.901s]   ament_export_include_directories() package 'eudm_planner' exports the
[1.901s]   include directory
[1.901s]   '/home/bigdavid/EPSILON_ws/src/core/common/thirdparty/OOQP/include' which
[1.901s]   doesn't exist
[1.901s] Call Stack (most recent call first):
[1.901s]   CMakeLists.txt:92 (ament_export_include_directories)
[1.901s] 
[1.901s] [0m
[1.901s] [33mCMake Warning at /opt/ros/humble/share/ament_cmake_export_include_directories/cmake/ament_export_include_directories.cmake:44 (message):
[1.901s]   ament_export_include_directories() package 'eudm_planner' exports the
[1.901s]   include directory
[1.902s]   '/home/bigdavid/EPSILON_ws/src/core/common/thirdparty/OOQP/include' which
[1.902s]   doesn't exist
[1.902s] Call Stack (most recent call first):
[1.902s]   CMakeLists.txt:92 (ament_export_include_directories)
[1.902s] 
[1.902s] [0m
[1.902s] [33mCMake Warning at /opt/ros/humble/share/ament_cmake_export_include_directories/cmake/ament_export_include_directories.cmake:44 (message):
[1.902s]   ament_export_include_directories() package 'eudm_planner' exports the
[1.902s]   include directory
[1.902s]   '/home/bigdavid/EPSILON_ws/src/core/common/thirdparty/OOQP/include' which
[1.902s]   doesn't exist
[1.902s] Call Stack (most recent call first):
[1.902s]   CMakeLists.txt:92 (ament_export_include_directories)
[1.903s] 
[1.903s] [0m
[1.903s] [33mCMake Warning at /opt/ros/humble/share/ament_cmake_export_include_directories/cmake/ament_export_include_directories.cmake:44 (message):
[1.903s]   ament_export_include_directories() package 'eudm_planner' exports the
[1.903s]   include directory
[1.903s]   '/home/bigdavid/EPSILON_ws/src/core/common/thirdparty/OOQP/include' which
[1.904s]   doesn't exist
[1.904s] Call Stack (most recent call first):
[1.904s]   CMakeLists.txt:92 (ament_export_include_directories)
[1.904s] 
[1.904s] [0m
[1.904s] [33mCMake Warning at /opt/ros/humble/share/ament_cmake_export_include_directories/cmake/ament_export_include_directories.cmake:44 (message):
[1.904s]   ament_export_include_directories() package 'eudm_planner' exports the
[1.905s]   include directory
[1.905s]   '/home/bigdavid/EPSILON_ws/src/core/common/thirdparty/OOQP/include' which
[1.905s]   doesn't exist
[1.905s] Call Stack (most recent call first):
[1.905s]   CMakeLists.txt:92 (ament_export_include_directories)
[1.905s] 
[1.905s] [0m
[1.905s] [33mCMake Warning at /opt/ros/humble/share/ament_cmake_export_include_directories/cmake/ament_export_include_directories.cmake:44 (message):
[1.905s]   ament_export_include_directories() package 'eudm_planner' exports the
[1.905s]   include directory
[1.905s]   '/home/bigdavid/EPSILON_ws/src/core/common/thirdparty/OOQP/include' which
[1.905s]   doesn't exist
[1.906s] Call Stack (most recent call first):
[1.906s]   CMakeLists.txt:92 (ament_export_include_directories)
[1.906s] 
[1.906s] [0m
[1.906s] [33mCMake Warning at /opt/ros/humble/share/ament_cmake_export_include_directories/cmake/ament_export_include_directories.cmake:44 (message):
[1.906s]   ament_export_include_directories() package 'eudm_planner' exports the
[1.906s]   include directory
[1.906s]   '/home/bigdavid/EPSILON_ws/src/core/common/thirdparty/OOQP/include' which
[1.906s]   doesn't exist
[1.907s] Call Stack (most recent call first):
[1.907s]   CMakeLists.txt:92 (ament_export_include_directories)
[1.907s] 
[1.907s] [0m
[1.908s] [33mCMake Warning at /opt/ros/humble/share/ament_cmake_export_include_directories/cmake/ament_export_include_directories.cmake:44 (message):
[1.908s]   ament_export_include_directories() package 'eudm_planner' exports the
[1.908s]   include directory
[1.908s]   '/home/bigdavid/EPSILON_ws/src/core/common/thirdparty/OOQP/include' which
[1.908s]   doesn't exist
[1.908s] Call Stack (most recent call first):
[1.908s]   CMakeLists.txt:92 (ament_export_include_directories)
[1.909s] 
[1.909s] [0m
[1.910s] [33mCMake Warning at /opt/ros/humble/share/ament_cmake_export_include_directories/cmake/ament_export_include_directories.cmake:44 (message):
[1.910s]   ament_export_include_directories() package 'eudm_planner' exports the
[1.910s]   include directory
[1.910s]   '/home/bigdavid/EPSILON_ws/src/core/common/thirdparty/OOQP/include' which
[1.910s]   doesn't exist
[1.910s] Call Stack (most recent call first):
[1.910s]   CMakeLists.txt:92 (ament_export_include_directories)
[1.911s] 
[1.911s] [0m
[1.912s] [33mCMake Warning at /opt/ros/humble/share/ament_cmake_export_include_directories/cmake/ament_export_include_directories.cmake:44 (message):
[1.912s]   ament_export_include_directories() package 'eudm_planner' exports the
[1.912s]   include directory
[1.912s]   '/home/bigdavid/EPSILON_ws/src/core/common/thirdparty/OOQP/include' which
[1.912s]   doesn't exist
[1.912s] Call Stack (most recent call first):
[1.913s]   CMakeLists.txt:92 (ament_export_include_directories)
[1.913s] 
[1.913s] [0m
[1.965s] -- Configuring done
[1.972s] -- Generating done
[1.976s] -- Build files have been written to: /home/bigdavid/EPSILON_ws/build/eudm_planner
[1.985s] Invoked command in '/home/bigdavid/EPSILON_ws/build/eudm_planner' returned '0': AMENT_PREFIX_PATH=/home/bigdavid/EPSILON_ws/install/route_planner:/home/bigdavid/EPSILON_ws/install/semantic_map_manager:/home/bigdavid/EPSILON_ws/install/motion_predictor:/home/bigdavid/EPSILON_ws/install/forward_simulator:/home/bigdavid/EPSILON_ws/install/vehicle_msgs:/home/bigdavid/EPSILON_ws/install/vehicle_model:/home/bigdavid/EPSILON_ws/install/common:${AMENT_PREFIX_PATH} CMAKE_PREFIX_PATH=/home/bigdavid/EPSILON_ws/install/route_planner:/home/bigdavid/EPSILON_ws/install/semantic_map_manager:/home/bigdavid/EPSILON_ws/install/motion_predictor:/home/bigdavid/EPSILON_ws/install/forward_simulator:/home/bigdavid/EPSILON_ws/install/vehicle_msgs:/home/bigdavid/EPSILON_ws/install/vehicle_model:/home/bigdavid/EPSILON_ws/install/common:/opt/ros/humble LD_LIBRARY_PATH=/home/bigdavid/EPSILON_ws/install/route_planner/lib:/home/bigdavid/EPSILON_ws/install/semantic_map_manager/lib:/home/bigdavid/EPSILON_ws/install/motion_predictor/lib:/home/bigdavid/EPSILON_ws/install/forward_simulator/lib:/home/bigdavid/EPSILON_ws/install/vehicle_msgs/lib:/home/bigdavid/EPSILON_ws/install/vehicle_model/lib:/home/bigdavid/EPSILON_ws/install/common/lib:/usr/local/lib:/usr/lib/x86_64-linux-gnu/gazebo-11/plugins:/opt/ros/humble/opt/rviz_ogre_vendor/lib:/opt/ros/humble/lib/x86_64-linux-gnu:/opt/ros/humble/lib:/usr/local/cuda/lib64 PYTHONPATH=/home/bigdavid/EPSILON_ws/install/vehicle_msgs/local/lib/python3.10/dist-packages:${PYTHONPATH} /usr/bin/cmake /home/bigdavid/EPSILON_ws/src/util/eudm_planner -DCMAKE_INSTALL_PREFIX=/home/bigdavid/EPSILON_ws/install/eudm_planner
[1.987s] Invoking command in '/home/bigdavid/EPSILON_ws/build/eudm_planner': AMENT_PREFIX_PATH=/home/bigdavid/EPSILON_ws/install/route_planner:/home/bigdavid/EPSILON_ws/install/semantic_map_manager:/home/bigdavid/EPSILON_ws/install/motion_predictor:/home/bigdavid/EPSILON_ws/install/forward_simulator:/home/bigdavid/EPSILON_ws/install/vehicle_msgs:/home/bigdavid/EPSILON_ws/install/vehicle_model:/home/bigdavid/EPSILON_ws/install/common:${AMENT_PREFIX_PATH} CMAKE_PREFIX_PATH=/home/bigdavid/EPSILON_ws/install/route_planner:/home/bigdavid/EPSILON_ws/install/semantic_map_manager:/home/bigdavid/EPSILON_ws/install/motion_predictor:/home/bigdavid/EPSILON_ws/install/forward_simulator:/home/bigdavid/EPSILON_ws/install/vehicle_msgs:/home/bigdavid/EPSILON_ws/install/vehicle_model:/home/bigdavid/EPSILON_ws/install/common:/opt/ros/humble LD_LIBRARY_PATH=/home/bigdavid/EPSILON_ws/install/route_planner/lib:/home/bigdavid/EPSILON_ws/install/semantic_map_manager/lib:/home/bigdavid/EPSILON_ws/install/motion_predictor/lib:/home/bigdavid/EPSILON_ws/install/forward_simulator/lib:/home/bigdavid/EPSILON_ws/install/vehicle_msgs/lib:/home/bigdavid/EPSILON_ws/install/vehicle_model/lib:/home/bigdavid/EPSILON_ws/install/common/lib:/usr/local/lib:/usr/lib/x86_64-linux-gnu/gazebo-11/plugins:/opt/ros/humble/opt/rviz_ogre_vendor/lib:/opt/ros/humble/lib/x86_64-linux-gnu:/opt/ros/humble/lib:/usr/local/cuda/lib64 PYTHONPATH=/home/bigdavid/EPSILON_ws/install/vehicle_msgs/local/lib/python3.10/dist-packages:${PYTHONPATH} /usr/bin/cmake --build /home/bigdavid/EPSILON_ws/build/eudm_planner -- -j32 -l32
[2.030s] [ 11%] [34m[1mRunning cpp protocol buffer compiler on proto/eudm_config.proto[0m
[2.077s] [ 22%] [32mBuilding CXX object CMakeFiles/hkust_pl_eudm.dir/src/eudm_planner/eudm_planner.cc.o[0m
[2.077s] [ 33%] [32mBuilding CXX object CMakeFiles/hkust_pl_eudm.dir/src/eudm_planner/map_adapter.cc.o[0m
[2.077s] [ 44%] [32mBuilding CXX object CMakeFiles/hkust_pl_eudm.dir/src/eudm_planner/eudm_manager.cc.o[0m
[2.077s] [ 55%] [32mBuilding CXX object CMakeFiles/hkust_pl_eudm.dir/src/eudm_planner/dcp_tree.cc.o[0m
[2.077s] [ 66%] [32mBuilding CXX object CMakeFiles/hkust_pl_eudm.dir/eudm_config.pb.cc.o[0m
[7.891s] [01m[K/home/bigdavid/EPSILON_ws/src/util/eudm_planner/src/eudm_planner/eudm_manager.cc:[m[K In member function ‘[01m[Kbool planning::EudmManager::IsTriggerAppropriate(const LateralBehavior&)[m[K’:
[7.891s] [01m[K/home/bigdavid/EPSILON_ws/src/util/eudm_planner/src/eudm_planner/eudm_manager.cc:54:9:[m[K [01;35m[Kwarning: [m[Kunused variable ‘[01m[Knum_actions[m[K’ [[01;35m[K-Wunused-variable[m[K]
[7.891s]    54 |     int [01;35m[Knum_actions[m[K = action_seq.size();
[7.891s]       |         [01;35m[K^~~~~~~~~~~[m[K
[8.519s] [01m[K/home/bigdavid/EPSILON_ws/src/util/eudm_planner/src/eudm_planner/eudm_planner.cc:[m[K In member function ‘[01m[KErrorType planning::EudmPlanner::ClassifyActionSeq(const std::vector<planning::DcpTree::DcpAction>&, decimal_t*, common::LateralBehavior*, bool*) const[m[K’:
[8.519s] [01m[K/home/bigdavid/EPSILON_ws/src/util/eudm_planner/src/eudm_planner/eudm_planner.cc:146:13:[m[K [01;35m[Kwarning: [m[Kunused variable ‘[01m[Koperation_at[m[K’ [[01;35m[K-Wunused-variable[m[K]
[8.519s]   146 |   decimal_t [01;35m[Koperation_at[m[K = 0.0;
[8.519s]       |             [01;35m[K^~~~~~~~~~~~[m[K
[8.519s] [01m[K/home/bigdavid/EPSILON_ws/src/util/eudm_planner/src/eudm_planner/eudm_planner.cc:[m[K In member function ‘[01m[KErrorType planning::EudmPlanner::CostFunction(const DcpAction&, const planning::EudmPlanner::ForwardSimEgoAgent&, const planning::EudmPlanner::ForwardSimAgentSet&, vec_E<common::Vehicle>&, const std::unordered_map<int, std::vector<common::Vehicle, Eigen::aligned_allocator<common::Vehicle> > >&, bool, planning::EudmPlanner::CostStructure*, bool*, std::set<int>*)[m[K’:
[8.520s] [01m[K/home/bigdavid/EPSILON_ws/src/util/eudm_planner/src/eudm_planner/eudm_planner.cc:1092:8:[m[K [01;35m[Kwarning: [m[Kunused variable ‘[01m[Kego_lon_behavior_this_layer[m[K’ [[01;35m[K-Wunused-variable[m[K]
[8.520s]  1092 |   auto [01;35m[Kego_lon_behavior_this_layer[m[K = ego_fsagent.lon_behavior;
[8.520s]       |        [01;35m[K^~~~~~~~~~~~~~~~~~~~~~~~~~~[m[K
[8.520s] [01m[K/home/bigdavid/EPSILON_ws/src/util/eudm_planner/src/eudm_planner/eudm_planner.cc:1093:8:[m[K [01;35m[Kwarning: [m[Kunused variable ‘[01m[Kego_lat_behavior_this_layer[m[K’ [[01;35m[K-Wunused-variable[m[K]
[8.520s]  1093 |   auto [01;35m[Kego_lat_behavior_this_layer[m[K = ego_fsagent.lat_behavior;
[8.520s]       |        [01;35m[K^~~~~~~~~~~~~~~~~~~~~~~~~~~[m[K
[8.520s] [01m[K/home/bigdavid/EPSILON_ws/src/util/eudm_planner/src/eudm_planner/eudm_planner.cc:[m[K In member function ‘[01m[KErrorType planning::EudmPlanner::UpdateSimSetupForScenario(const std::vector<planning::DcpTree::DcpAction>&, planning::EudmPlanner::ForwardSimEgoAgent*) const[m[K’:
[8.520s] [01m[K/home/bigdavid/EPSILON_ws/src/util/eudm_planner/src/eudm_planner/eudm_planner.cc:364:37:[m[K [01;35m[Kwarning: [m[K‘[01m[Koperation_at_seconds[m[K’ may be used uninitialized in this function [[01;35m[K-Wmaybe-uninitialized[m[K]
[8.520s]   364 |   [01;35m[Kego_fsagent->operation_at_seconds = operation_at_seconds[m[K;
[8.520s]       |   [01;35m[K~~~~~~~~~~~~~~~~~~~~~~~~~~~~~~~~~~^~~~~~~~~~~~~~~~~~~~~~[m[K
[8.520s] [01m[K/home/bigdavid/EPSILON_ws/src/util/eudm_planner/src/eudm_planner/eudm_planner.cc:366:33:[m[K [01;35m[Kwarning: [m[K‘[01m[Kseq_lat_behavior[m[K’ may be used uninitialized in this function [[01;35m[K-Wmaybe-uninitialized[m[K]
[8.520s]   366 |   [01;35m[Kego_fsagent->seq_lat_behavior = seq_lat_behavior[m[K;
[8.520s]       |   [01;35m[K~~~~~~~~~~~~~~~~~~~~~~~~~~~~~~^~~~~~~~~~~~~~~~~~[m[K
[8.531s] [ 77%] [32m[1mLinking CXX static library libhkust_pl_eudm.a[0m
[8.572s] [ 77%] Built target hkust_pl_eudm
[8.599s] [ 88%] [32mBuilding CXX object CMakeFiles/hkust_eudm_ros.dir/src/eudm_planner/eudm_server_ros.cc.o[0m
[20.773s] [100%] [32m[1mLinking CXX static library libhkust_eudm_ros.a[0m
[20.809s] [100%] Built target hkust_eudm_ros
[20.818s] Invoked command in '/home/bigdavid/EPSILON_ws/build/eudm_planner' returned '0': AMENT_PREFIX_PATH=/home/bigdavid/EPSILON_ws/install/route_planner:/home/bigdavid/EPSILON_ws/install/semantic_map_manager:/home/bigdavid/EPSILON_ws/install/motion_predictor:/home/bigdavid/EPSILON_ws/install/forward_simulator:/home/bigdavid/EPSILON_ws/install/vehicle_msgs:/home/bigdavid/EPSILON_ws/install/vehicle_model:/home/bigdavid/EPSILON_ws/install/common:${AMENT_PREFIX_PATH} CMAKE_PREFIX_PATH=/home/bigdavid/EPSILON_ws/install/route_planner:/home/bigdavid/EPSILON_ws/install/semantic_map_manager:/home/bigdavid/EPSILON_ws/install/motion_predictor:/home/bigdavid/EPSILON_ws/install/forward_simulator:/home/bigdavid/EPSILON_ws/install/vehicle_msgs:/home/bigdavid/EPSILON_ws/install/vehicle_model:/home/bigdavid/EPSILON_ws/install/common:/opt/ros/humble LD_LIBRARY_PATH=/home/bigdavid/EPSILON_ws/install/route_planner/lib:/home/bigdavid/EPSILON_ws/install/semantic_map_manager/lib:/home/bigdavid/EPSILON_ws/install/motion_predictor/lib:/home/bigdavid/EPSILON_ws/install/forward_simulator/lib:/home/bigdavid/EPSILON_ws/install/vehicle_msgs/lib:/home/bigdavid/EPSILON_ws/install/vehicle_model/lib:/home/bigdavid/EPSILON_ws/install/common/lib:/usr/local/lib:/usr/lib/x86_64-linux-gnu/gazebo-11/plugins:/opt/ros/humble/opt/rviz_ogre_vendor/lib:/opt/ros/humble/lib/x86_64-linux-gnu:/opt/ros/humble/lib:/usr/local/cuda/lib64 PYTHONPATH=/home/bigdavid/EPSILON_ws/install/vehicle_msgs/local/lib/python3.10/dist-packages:${PYTHONPATH} /usr/bin/cmake --build /home/bigdavid/EPSILON_ws/build/eudm_planner -- -j32 -l32
[20.819s] Invoking command in '/home/bigdavid/EPSILON_ws/build/eudm_planner': AMENT_PREFIX_PATH=/home/bigdavid/EPSILON_ws/install/route_planner:/home/bigdavid/EPSILON_ws/install/semantic_map_manager:/home/bigdavid/EPSILON_ws/install/motion_predictor:/home/bigdavid/EPSILON_ws/install/forward_simulator:/home/bigdavid/EPSILON_ws/install/vehicle_msgs:/home/bigdavid/EPSILON_ws/install/vehicle_model:/home/bigdavid/EPSILON_ws/install/common:${AMENT_PREFIX_PATH} CMAKE_PREFIX_PATH=/home/bigdavid/EPSILON_ws/install/route_planner:/home/bigdavid/EPSILON_ws/install/semantic_map_manager:/home/bigdavid/EPSILON_ws/install/motion_predictor:/home/bigdavid/EPSILON_ws/install/forward_simulator:/home/bigdavid/EPSILON_ws/install/vehicle_msgs:/home/bigdavid/EPSILON_ws/install/vehicle_model:/home/bigdavid/EPSILON_ws/install/common:/opt/ros/humble LD_LIBRARY_PATH=/home/bigdavid/EPSILON_ws/install/route_planner/lib:/home/bigdavid/EPSILON_ws/install/semantic_map_manager/lib:/home/bigdavid/EPSILON_ws/install/motion_predictor/lib:/home/bigdavid/EPSILON_ws/install/forward_simulator/lib:/home/bigdavid/EPSILON_ws/install/vehicle_msgs/lib:/home/bigdavid/EPSILON_ws/install/vehicle_model/lib:/home/bigdavid/EPSILON_ws/install/common/lib:/usr/local/lib:/usr/lib/x86_64-linux-gnu/gazebo-11/plugins:/opt/ros/humble/opt/rviz_ogre_vendor/lib:/opt/ros/humble/lib/x86_64-linux-gnu:/opt/ros/humble/lib:/usr/local/cuda/lib64 PYTHONPATH=/home/bigdavid/EPSILON_ws/install/vehicle_msgs/local/lib/python3.10/dist-packages:${PYTHONPATH} /usr/bin/cmake --install /home/bigdavid/EPSILON_ws/build/eudm_planner
[20.824s] -- Install configuration: "Release"
[20.824s] -- Installing: /home/bigdavid/EPSILON_ws/install/eudm_planner/share/eudm_planner/config
[20.825s] -- Installing: /home/bigdavid/EPSILON_ws/install/eudm_planner/share/eudm_planner/config/eudm_config.pb.txt
[20.825s] -- Installing: /home/bigdavid/EPSILON_ws/install/eudm_planner/share/eudm_planner/environment/library_path.sh
[20.825s] -- Installing: /home/bigdavid/EPSILON_ws/install/eudm_planner/share/eudm_planner/environment/library_path.dsv
[20.825s] -- Installing: /home/bigdavid/EPSILON_ws/install/eudm_planner/lib/libhkust_pl_eudm.a
[20.825s] -- Installing: /home/bigdavid/EPSILON_ws/install/eudm_planner/lib/libhkust_eudm_ros.a
[20.827s] -- Installing: /home/bigdavid/EPSILON_ws/install/eudm_planner/include
[20.827s] -- Installing: /home/bigdavid/EPSILON_ws/install/eudm_planner/include/eudm_planner
[20.827s] -- Installing: /home/bigdavid/EPSILON_ws/install/eudm_planner/include/eudm_planner/eudm_itf.h
[20.827s] -- Installing: /home/bigdavid/EPSILON_ws/install/eudm_planner/include/eudm_planner/dcp_tree.h
[20.827s] -- Installing: /home/bigdavid/EPSILON_ws/install/eudm_planner/include/eudm_planner/eudm_planner.h
[20.827s] -- Installing: /home/bigdavid/EPSILON_ws/install/eudm_planner/include/eudm_planner/map_interface.h
[20.827s] -- Installing: /home/bigdavid/EPSILON_ws/install/eudm_planner/include/eudm_planner/eudm_manager.h
[20.827s] -- Installing: /home/bigdavid/EPSILON_ws/install/eudm_planner/include/eudm_planner/map_adapter.h
[20.827s] -- Installing: /home/bigdavid/EPSILON_ws/install/eudm_planner/include/eudm_planner/eudm_server_ros.h
[20.827s] -- Installing: /home/bigdavid/EPSILON_ws/install/eudm_planner/include/eudm_planner/visualizer.h
[20.827s] -- Installing: /home/bigdavid/EPSILON_ws/install/eudm_planner/share/ament_index/resource_index/package_run_dependencies/eudm_planner
[20.827s] -- Installing: /home/bigdavid/EPSILON_ws/install/eudm_planner/share/ament_index/resource_index/parent_prefix_path/eudm_planner
[20.827s] -- Installing: /home/bigdavid/EPSILON_ws/install/eudm_planner/share/eudm_planner/environment/ament_prefix_path.sh
[20.827s] -- Installing: /home/bigdavid/EPSILON_ws/install/eudm_planner/share/eudm_planner/environment/ament_prefix_path.dsv
[20.827s] -- Installing: /home/bigdavid/EPSILON_ws/install/eudm_planner/share/eudm_planner/environment/path.sh
[20.827s] -- Installing: /home/bigdavid/EPSILON_ws/install/eudm_planner/share/eudm_planner/environment/path.dsv
[20.827s] -- Installing: /home/bigdavid/EPSILON_ws/install/eudm_planner/share/eudm_planner/local_setup.bash
[20.827s] -- Installing: /home/bigdavid/EPSILON_ws/install/eudm_planner/share/eudm_planner/local_setup.sh
[20.827s] -- Installing: /home/bigdavid/EPSILON_ws/install/eudm_planner/share/eudm_planner/local_setup.zsh
[20.827s] -- Installing: /home/bigdavid/EPSILON_ws/install/eudm_planner/share/eudm_planner/local_setup.dsv
[20.827s] -- Installing: /home/bigdavid/EPSILON_ws/install/eudm_planner/share/eudm_planner/package.dsv
[20.827s] -- Installing: /home/bigdavid/EPSILON_ws/install/eudm_planner/share/ament_index/resource_index/packages/eudm_planner
[20.827s] -- Installing: /home/bigdavid/EPSILON_ws/install/eudm_planner/share/eudm_planner/cmake/ament_cmake_export_libraries-extras.cmake
[20.827s] -- Installing: /home/bigdavid/EPSILON_ws/install/eudm_planner/share/eudm_planner/cmake/ament_cmake_export_dependencies-extras.cmake
[20.827s] -- Installing: /home/bigdavid/EPSILON_ws/install/eudm_planner/share/eudm_planner/cmake/ament_cmake_export_include_directories-extras.cmake
[20.828s] -- Installing: /home/bigdavid/EPSILON_ws/install/eudm_planner/share/eudm_planner/cmake/eudm_plannerConfig.cmake
[20.828s] -- Installing: /home/bigdavid/EPSILON_ws/install/eudm_planner/share/eudm_planner/cmake/eudm_plannerConfig-version.cmake
[20.828s] -- Installing: /home/bigdavid/EPSILON_ws/install/eudm_planner/share/eudm_planner/package.xml
[20.829s] Invoked command in '/home/bigdavid/EPSILON_ws/build/eudm_planner' returned '0': AMENT_PREFIX_PATH=/home/bigdavid/EPSILON_ws/install/route_planner:/home/bigdavid/EPSILON_ws/install/semantic_map_manager:/home/bigdavid/EPSILON_ws/install/motion_predictor:/home/bigdavid/EPSILON_ws/install/forward_simulator:/home/bigdavid/EPSILON_ws/install/vehicle_msgs:/home/bigdavid/EPSILON_ws/install/vehicle_model:/home/bigdavid/EPSILON_ws/install/common:${AMENT_PREFIX_PATH} CMAKE_PREFIX_PATH=/home/bigdavid/EPSILON_ws/install/route_planner:/home/bigdavid/EPSILON_ws/install/semantic_map_manager:/home/bigdavid/EPSILON_ws/install/motion_predictor:/home/bigdavid/EPSILON_ws/install/forward_simulator:/home/bigdavid/EPSILON_ws/install/vehicle_msgs:/home/bigdavid/EPSILON_ws/install/vehicle_model:/home/bigdavid/EPSILON_ws/install/common:/opt/ros/humble LD_LIBRARY_PATH=/home/bigdavid/EPSILON_ws/install/route_planner/lib:/home/bigdavid/EPSILON_ws/install/semantic_map_manager/lib:/home/bigdavid/EPSILON_ws/install/motion_predictor/lib:/home/bigdavid/EPSILON_ws/install/forward_simulator/lib:/home/bigdavid/EPSILON_ws/install/vehicle_msgs/lib:/home/bigdavid/EPSILON_ws/install/vehicle_model/lib:/home/bigdavid/EPSILON_ws/install/common/lib:/usr/local/lib:/usr/lib/x86_64-linux-gnu/gazebo-11/plugins:/opt/ros/humble/opt/rviz_ogre_vendor/lib:/opt/ros/humble/lib/x86_64-linux-gnu:/opt/ros/humble/lib:/usr/local/cuda/lib64 PYTHONPATH=/home/bigdavid/EPSILON_ws/install/vehicle_msgs/local/lib/python3.10/dist-packages:${PYTHONPATH} /usr/bin/cmake --install /home/bigdavid/EPSILON_ws/build/eudm_planner
