-- The C compiler identification is GNU 11.4.0
-- The CXX compiler identification is GNU 11.4.0
-- Detecting C compiler ABI info
-- Detecting C compiler ABI info - done
-- Check for working C compiler: /usr/lib/ccache/gcc - skipped
-- Detecting C compile features
-- Detecting C compile features - done
-- Detecting CXX compiler ABI info
-- Detecting CXX compiler ABI info - done
-- Check for working CXX compiler: /usr/lib/ccache/g++ - skipped
-- Detecting CXX compile features
-- Detecting CXX compile features - done
-- Found ament_cmake: 1.3.12 (/opt/ros/humble/share/ament_cmake/cmake)
-- Found Python3: /usr/bin/python3 (found version "3.10.12") found components: Interpreter 
-- Found rclcpp: 16.0.15 (/opt/ros/humble/share/rclcpp/cmake)
-- Found rosidl_generator_c: 3.1.6 (/opt/ros/humble/share/rosidl_generator_c/cmake)
-- Found rosidl_adapter: 3.1.6 (/opt/ros/humble/share/rosidl_adapter/cmake)
-- Found rosidl_generator_cpp: 3.1.6 (/opt/ros/humble/share/rosidl_generator_cpp/cmake)
-- Using all available rosidl_typesupport_c: rosidl_typesupport_fastrtps_c;rosidl_typesupport_introspection_c
-- Using all available rosidl_typesupport_cpp: rosidl_typesupport_fastrtps_cpp;rosidl_typesupport_introspection_cpp
-- Found rmw_implementation_cmake: 6.1.2 (/opt/ros/humble/share/rmw_implementation_cmake/cmake)
-- Found rmw_cyclonedds_cpp: 1.3.4 (/opt/ros/humble/share/rmw_cyclonedds_cpp/cmake)
-- Using RMW implementation 'rmw_cyclonedds_cpp' as default
-- Looking for pthread.h
-- Looking for pthread.h - found
-- Performing Test CMAKE_HAVE_LIBC_PTHREAD
-- Performing Test CMAKE_HAVE_LIBC_PTHREAD - Success
-- Found Threads: TRUE  
-- Found rclpy: 3.3.16 (/opt/ros/humble/share/rclpy/cmake)
-- Found sensor_msgs: 4.9.0 (/opt/ros/humble/share/sensor_msgs/cmake)
-- Found vehicle_msgs: 0.0.1 (/home/bigdavid/EPSILON_ws/install/vehicle_msgs/share/vehicle_msgs/cmake)
[33mCMake Warning at /home/bigdavid/EPSILON_ws/install/vehicle_msgs/share/vehicle_msgs/cmake/ament_cmake_export_include_directories-extras.cmake:11 (message):
  Package 'vehicle_msgs' exports the include directory
  '/home/bigdavid/EPSILON_ws/src/EPSILON_ROS2/core/common/thirdparty/OOQP/include'
  which doesn't exist
Call Stack (most recent call first):
  /home/bigdavid/EPSILON_ws/install/vehicle_msgs/share/vehicle_msgs/cmake/vehicle_msgsConfig.cmake:41 (include)
  CMakeLists.txt:15 (find_package)

[0m
-- Found tf2: 0.25.16 (/opt/ros/humble/share/tf2/cmake)
-- Found tf2_ros: 0.25.16 (/opt/ros/humble/share/tf2_ros/cmake)
-- Found OpenCV: /usr (found version "4.5.4") 
-- Configuring done
-- Generating done
-- Build files have been written to: /home/bigdavid/EPSILON_ws/build/aux_tools
-- Install configuration: ""
-- Installing: /home/bigdavid/EPSILON_ws/install/aux_tools/share/ament_index/resource_index/package_run_dependencies/aux_tools
-- Installing: /home/bigdavid/EPSILON_ws/install/aux_tools/share/ament_index/resource_index/parent_prefix_path/aux_tools
-- Installing: /home/bigdavid/EPSILON_ws/install/aux_tools/share/aux_tools/environment/ament_prefix_path.sh
-- Installing: /home/bigdavid/EPSILON_ws/install/aux_tools/share/aux_tools/environment/ament_prefix_path.dsv
-- Installing: /home/bigdavid/EPSILON_ws/install/aux_tools/share/aux_tools/environment/path.sh
-- Installing: /home/bigdavid/EPSILON_ws/install/aux_tools/share/aux_tools/environment/path.dsv
-- Installing: /home/bigdavid/EPSILON_ws/install/aux_tools/share/aux_tools/local_setup.bash
-- Installing: /home/bigdavid/EPSILON_ws/install/aux_tools/share/aux_tools/local_setup.sh
-- Installing: /home/bigdavid/EPSILON_ws/install/aux_tools/share/aux_tools/local_setup.zsh
-- Installing: /home/bigdavid/EPSILON_ws/install/aux_tools/share/aux_tools/local_setup.dsv
-- Installing: /home/bigdavid/EPSILON_ws/install/aux_tools/share/aux_tools/package.dsv
-- Installing: /home/bigdavid/EPSILON_ws/install/aux_tools/share/ament_index/resource_index/packages/aux_tools
-- Installing: /home/bigdavid/EPSILON_ws/install/aux_tools/share/aux_tools/cmake/aux_toolsConfig.cmake
-- Installing: /home/bigdavid/EPSILON_ws/install/aux_tools/share/aux_tools/cmake/aux_toolsConfig-version.cmake
-- Installing: /home/bigdavid/EPSILON_ws/install/aux_tools/share/aux_tools/package.xml
