[0.012s] Invoking command in '/home/bigdavid/EPSILON_ws/build/common': CMAKE_PREFIX_PATH=${CMAKE_PREFIX_PATH}:/opt/ros/humble /usr/bin/cmake --build /home/bigdavid/EPSILON_ws/build/common -- -j32 -l32
[0.054s] [ 13%] Built target hkust_pl_ooqp_itf
[0.082s] [100%] Built target hkust_pl_common
[0.090s] Invoked command in '/home/bigdavid/EPSILON_ws/build/common' returned '0': CMAKE_PREFIX_PATH=${CMAKE_PREFIX_PATH}:/opt/ros/humble /usr/bin/cmake --build /home/bigdavid/EPSILON_ws/build/common -- -j32 -l32
[0.091s] Invoking command in '/home/bigdavid/EPSILON_ws/build/common': CMAKE_PREFIX_PATH=${CMAKE_PREFIX_PATH}:/opt/ros/humble /usr/bin/cmake --install /home/bigdavid/EPSILON_ws/build/common
[0.099s] -- Install configuration: "Release"
[0.099s] -- Up-to-date: /home/bigdavid/EPSILON_ws/install/common/share/common/environment/library_path.sh
[0.099s] -- Up-to-date: /home/bigdavid/EPSILON_ws/install/common/share/common/environment/library_path.dsv
[0.099s] -- Up-to-date: /home/bigdavid/EPSILON_ws/install/common/include/common
[0.100s] -- Up-to-date: /home/bigdavid/EPSILON_ws/install/common/include/common/state
[0.100s] -- Up-to-date: /home/bigdavid/EPSILON_ws/install/common/include/common/state/state_transformer.h
[0.100s] -- Up-to-date: /home/bigdavid/EPSILON_ws/install/common/include/common/state/state.h
[0.100s] -- Up-to-date: /home/bigdavid/EPSILON_ws/install/common/include/common/state/waypoint.h
[0.100s] -- Up-to-date: /home/bigdavid/EPSILON_ws/install/common/include/common/state/frenet_state.h
[0.100s] -- Up-to-date: /home/bigdavid/EPSILON_ws/install/common/include/common/state/free_state.h
[0.100s] -- Up-to-date: /home/bigdavid/EPSILON_ws/install/common/include/common/solver
[0.100s] -- Up-to-date: /home/bigdavid/EPSILON_ws/install/common/include/common/solver/ooqp_interface.h
[0.100s] -- Up-to-date: /home/bigdavid/EPSILON_ws/install/common/include/common/solver/qp_solver.h
[0.100s] -- Up-to-date: /home/bigdavid/EPSILON_ws/install/common/include/common/rss
[0.100s] -- Up-to-date: /home/bigdavid/EPSILON_ws/install/common/include/common/rss/rss_checker.h
[0.100s] -- Up-to-date: /home/bigdavid/EPSILON_ws/install/common/include/common/primitive
[0.100s] -- Up-to-date: /home/bigdavid/EPSILON_ws/install/common/include/common/primitive/frenet_primitive.h
[0.100s] -- Up-to-date: /home/bigdavid/EPSILON_ws/install/common/include/common/trajectory
[0.100s] -- Up-to-date: /home/bigdavid/EPSILON_ws/install/common/include/common/trajectory/frenet_traj.h
[0.100s] -- Up-to-date: /home/bigdavid/EPSILON_ws/install/common/include/common/trajectory/frenet_primitive_traj.h
[0.101s] -- Up-to-date: /home/bigdavid/EPSILON_ws/install/common/include/common/trajectory/frenet_bezier_traj.h
[0.101s] -- Up-to-date: /home/bigdavid/EPSILON_ws/install/common/include/common/trajectory/trajectory.h
[0.101s] -- Up-to-date: /home/bigdavid/EPSILON_ws/install/common/include/common/circle_arc
[0.101s] -- Up-to-date: /home/bigdavid/EPSILON_ws/install/common/include/common/circle_arc/circle_arc.h
[0.101s] -- Up-to-date: /home/bigdavid/EPSILON_ws/install/common/include/common/circle_arc/circle_arc_branch.h
[0.101s] -- Up-to-date: /home/bigdavid/EPSILON_ws/install/common/include/common/lane
[0.101s] -- Up-to-date: /home/bigdavid/EPSILON_ws/install/common/include/common/lane/lane_generator.h
[0.101s] -- Up-to-date: /home/bigdavid/EPSILON_ws/install/common/include/common/lane/lane.h
[0.101s] -- Up-to-date: /home/bigdavid/EPSILON_ws/install/common/include/common/idm
[0.101s] -- Up-to-date: /home/bigdavid/EPSILON_ws/install/common/include/common/idm/intelligent_driver_model.h
[0.101s] -- Up-to-date: /home/bigdavid/EPSILON_ws/install/common/include/common/math
[0.101s] -- Up-to-date: /home/bigdavid/EPSILON_ws/install/common/include/common/math/poly_roots.h
[0.101s] -- Up-to-date: /home/bigdavid/EPSILON_ws/install/common/include/common/math/calculations.h
[0.101s] -- Up-to-date: /home/bigdavid/EPSILON_ws/install/common/include/common/visualization
[0.102s] -- Up-to-date: /home/bigdavid/EPSILON_ws/install/common/include/common/visualization/common_visualization_util.h
[0.102s] -- Up-to-date: /home/bigdavid/EPSILON_ws/install/common/include/common/basics
[0.102s] -- Up-to-date: /home/bigdavid/EPSILON_ws/install/common/include/common/basics/shapes.h
[0.102s] -- Up-to-date: /home/bigdavid/EPSILON_ws/install/common/include/common/basics/thread_pool.h
[0.102s] -- Up-to-date: /home/bigdavid/EPSILON_ws/install/common/include/common/basics/macros.h
[0.102s] -- Up-to-date: /home/bigdavid/EPSILON_ws/install/common/include/common/basics/tool_func.h
[0.102s] -- Up-to-date: /home/bigdavid/EPSILON_ws/install/common/include/common/basics/config.h
[0.102s] -- Up-to-date: /home/bigdavid/EPSILON_ws/install/common/include/common/basics/colormap.h
[0.103s] -- Up-to-date: /home/bigdavid/EPSILON_ws/install/common/include/common/basics/semantics.h
[0.103s] -- Up-to-date: /home/bigdavid/EPSILON_ws/install/common/include/common/basics/tic_toc.h
[0.103s] -- Up-to-date: /home/bigdavid/EPSILON_ws/install/common/include/common/basics/basics.h
[0.103s] -- Up-to-date: /home/bigdavid/EPSILON_ws/install/common/include/common/spline
[0.103s] -- Up-to-date: /home/bigdavid/EPSILON_ws/install/common/include/common/spline/spline_generator.h
[0.103s] -- Up-to-date: /home/bigdavid/EPSILON_ws/install/common/include/common/spline/lookup_table.h
[0.103s] -- Up-to-date: /home/bigdavid/EPSILON_ws/install/common/include/common/spline/spline.h
[0.103s] -- Up-to-date: /home/bigdavid/EPSILON_ws/install/common/include/common/spline/polynomial.h
[0.104s] -- Up-to-date: /home/bigdavid/EPSILON_ws/install/common/include/common/spline/bezier.h
[0.104s] -- Up-to-date: /home/bigdavid/EPSILON_ws/install/common/include/common/mobil
[0.104s] -- Up-to-date: /home/bigdavid/EPSILON_ws/install/common/include/common/mobil/mobil_behavior_prediction.h
[0.104s] -- Up-to-date: /home/bigdavid/EPSILON_ws/install/common/include/common/mobil/mobil_model.h
[0.104s] -- Up-to-date: /home/bigdavid/EPSILON_ws/install/common/include/common/interface
[0.104s] -- Up-to-date: /home/bigdavid/EPSILON_ws/install/common/include/common/interface/planner.h
[0.104s] -- Up-to-date: /home/bigdavid/EPSILON_ws/install/common/lib/libhkust_pl_common.a
[0.104s] -- Up-to-date: /home/bigdavid/EPSILON_ws/install/common/lib/libhkust_pl_ooqp_itf.a
[0.104s] -- Up-to-date: /home/bigdavid/EPSILON_ws/install/common/share/common/cmake/hkust_pl_export.cmake
[0.104s] -- Up-to-date: /home/bigdavid/EPSILON_ws/install/common/share/common/cmake/hkust_pl_export-release.cmake
[0.104s] -- Up-to-date: /home/bigdavid/EPSILON_ws/install/common/share/common/materials
[0.104s] -- Up-to-date: /home/bigdavid/EPSILON_ws/install/common/share/common/materials/lexus.jpg
[0.104s] -- Up-to-date: /home/bigdavid/EPSILON_ws/install/common/share/common/materials/hexagon_sign.dae
[0.104s] -- Up-to-date: /home/bigdavid/EPSILON_ws/install/common/share/common/materials/bmw_x5.dae
[0.105s] -- Up-to-date: /home/bigdavid/EPSILON_ws/install/common/share/common/materials/traffic_cone.dae
[0.105s] -- Up-to-date: /home/bigdavid/EPSILON_ws/install/common/share/common/materials/lexus.dae
[0.105s] -- Up-to-date: /home/bigdavid/EPSILON_ws/install/common/share/ament_index/resource_index/package_run_dependencies/common
[0.105s] -- Up-to-date: /home/bigdavid/EPSILON_ws/install/common/share/ament_index/resource_index/parent_prefix_path/common
[0.105s] -- Up-to-date: /home/bigdavid/EPSILON_ws/install/common/share/common/environment/ament_prefix_path.sh
[0.105s] -- Up-to-date: /home/bigdavid/EPSILON_ws/install/common/share/common/environment/ament_prefix_path.dsv
[0.105s] -- Up-to-date: /home/bigdavid/EPSILON_ws/install/common/share/common/environment/path.sh
[0.105s] -- Up-to-date: /home/bigdavid/EPSILON_ws/install/common/share/common/environment/path.dsv
[0.105s] -- Up-to-date: /home/bigdavid/EPSILON_ws/install/common/share/common/local_setup.bash
[0.105s] -- Up-to-date: /home/bigdavid/EPSILON_ws/install/common/share/common/local_setup.sh
[0.105s] -- Up-to-date: /home/bigdavid/EPSILON_ws/install/common/share/common/local_setup.zsh
[0.105s] -- Up-to-date: /home/bigdavid/EPSILON_ws/install/common/share/common/local_setup.dsv
[0.105s] -- Installing: /home/bigdavid/EPSILON_ws/install/common/share/common/package.dsv
[0.105s] -- Up-to-date: /home/bigdavid/EPSILON_ws/install/common/share/ament_index/resource_index/packages/common
[0.105s] -- Up-to-date: /home/bigdavid/EPSILON_ws/install/common/share/common/cmake/ament_cmake_export_libraries-extras.cmake
[0.106s] -- Up-to-date: /home/bigdavid/EPSILON_ws/install/common/share/common/cmake/ament_cmake_export_dependencies-extras.cmake
[0.106s] -- Up-to-date: /home/bigdavid/EPSILON_ws/install/common/share/common/cmake/ament_cmake_export_include_directories-extras.cmake
[0.106s] -- Up-to-date: /home/bigdavid/EPSILON_ws/install/common/share/common/cmake/commonConfig.cmake
[0.106s] -- Up-to-date: /home/bigdavid/EPSILON_ws/install/common/share/common/cmake/commonConfig-version.cmake
[0.106s] -- Up-to-date: /home/bigdavid/EPSILON_ws/install/common/share/common/package.xml
[0.106s] Invoked command in '/home/bigdavid/EPSILON_ws/build/common' returned '0': CMAKE_PREFIX_PATH=${CMAKE_PREFIX_PATH}:/opt/ros/humble /usr/bin/cmake --install /home/bigdavid/EPSILON_ws/build/common
