[0.006s] Invoking command in '/home/bigdavid/EPSILON_ws/build/common': CMAKE_PREFIX_PATH=/opt/ros/humble /usr/bin/cmake /home/bigdavid/EPSILON_ws/src/EPSILON_ROS2/core/common -DCMAKE_INSTALL_PREFIX=/home/bigdavid/EPSILON_ws/install/common
[0.070s] -- The C compiler identification is GNU 11.4.0
[0.109s] -- The CXX compiler identification is GNU 11.4.0
[0.116s] -- Detecting C compiler ABI info
[0.155s] -- Detecting C compiler ABI info - done
[0.158s] -- Check for working C compiler: /usr/lib/ccache/gcc - skipped
[0.158s] -- Detecting C compile features
[0.158s] -- Detecting C compile features - done
[0.160s] -- Detecting CXX compiler ABI info
[0.205s] -- Detecting CXX compiler ABI info - done
[0.211s] -- Check for working CXX compiler: /usr/lib/ccache/g++ - skipped
[0.211s] -- Detecting CXX compile features
[0.212s] -- Detecting CXX compile features - done
[0.213s] -- Found ament_cmake: 1.3.12 (/opt/ros/humble/share/ament_cmake/cmake)
[0.304s] -- Found Python3: /usr/bin/python3 (found version "3.10.12") found components: Interpreter 
[0.362s] -- Found rclcpp: 16.0.15 (/opt/ros/humble/share/rclcpp/cmake)
[0.398s] -- Found rosidl_generator_c: 3.1.6 (/opt/ros/humble/share/rosidl_generator_c/cmake)
[0.402s] -- Found rosidl_adapter: 3.1.6 (/opt/ros/humble/share/rosidl_adapter/cmake)
[0.407s] -- Found rosidl_generator_cpp: 3.1.6 (/opt/ros/humble/share/rosidl_generator_cpp/cmake)
[0.416s] -- Using all available rosidl_typesupport_c: rosidl_typesupport_fastrtps_c;rosidl_typesupport_introspection_c
[0.425s] -- Using all available rosidl_typesupport_cpp: rosidl_typesupport_fastrtps_cpp;rosidl_typesupport_introspection_cpp
[0.454s] -- Found rmw_implementation_cmake: 6.1.2 (/opt/ros/humble/share/rmw_implementation_cmake/cmake)
[0.456s] -- Found rmw_cyclonedds_cpp: 1.3.4 (/opt/ros/humble/share/rmw_cyclonedds_cpp/cmake)
[0.470s] -- Using RMW implementation 'rmw_cyclonedds_cpp' as default
[0.476s] -- Looking for pthread.h
[0.520s] -- Looking for pthread.h - found
[0.520s] -- Performing Test CMAKE_HAVE_LIBC_PTHREAD
[0.562s] -- Performing Test CMAKE_HAVE_LIBC_PTHREAD - Success
[0.563s] -- Found Threads: TRUE  
[0.594s] -- Found visualization_msgs: 4.9.0 (/opt/ros/humble/share/visualization_msgs/cmake)
[0.625s] -- Found tf2: 0.25.16 (/opt/ros/humble/share/tf2/cmake)
[0.632s] -- Found tf2_ros: 0.25.16 (/opt/ros/humble/share/tf2_ros/cmake)
[0.685s] -- Found tf2_geometry_msgs: 0.25.16 (/opt/ros/humble/share/tf2_geometry_msgs/cmake)
[0.692s] -- Found eigen3_cmake_module: 0.1.1 (/opt/ros/humble/share/eigen3_cmake_module/cmake)
[0.692s] -- Found Eigen3: TRUE (found version "3.4.0") 
[0.692s] -- Ensuring Eigen3 include directory is part of orocos-kdl CMake target
[0.703s] -- Found Protobuf: /usr/lib/x86_64-linux-gnu/libprotobuf.so (found version "3.12.4") 
[0.705s] -- Found Glog: /usr/local/include  
[0.705s] -- Found glog    (include: /usr/local/include, library: /usr/local/lib/libglog.so)
[0.709s] -- Found OpenCV: /usr (found version "4.5.4") 
[0.709s] -- Found OOQP include dirs: /home/bigdavid/EPSILON_ws/src/EPSILON_ROS2/core/common/thirdparty/ooqp/include/ooqp
[0.709s] -- Found OOQP libraries: /home/bigdavid/EPSILON_ws/src/EPSILON_ROS2/core/common/thirdparty/ooqp/lib/libooqpgensparse.a;/home/bigdavid/EPSILON_ws/src/EPSILON_ROS2/core/common/thirdparty/ooqp/lib/libooqpsparse.a;/home/bigdavid/EPSILON_ws/src/EPSILON_ROS2/core/common/thirdparty/ooqp/lib/libooqpgondzio.a;/home/bigdavid/EPSILON_ws/src/EPSILON_ROS2/core/common/thirdparty/ooqp/lib/libooqpbase.a;/home/bigdavid/EPSILON_ws/src/EPSILON_ROS2/core/common/thirdparty/ooqp/lib/libma27.a;blas;gfortran
[0.709s] -- Found OOQP
[0.714s] [33mCMake Warning at /opt/ros/humble/share/ament_cmake_export_include_directories/cmake/ament_export_include_directories.cmake:44 (message):
[0.714s]   ament_export_include_directories() package 'common' exports the include
[0.714s]   directory
[0.714s]   '/home/bigdavid/EPSILON_ws/src/EPSILON_ROS2/core/common/thirdparty/OOQP/include'
[0.714s]   which doesn't exist
[0.714s] Call Stack (most recent call first):
[0.714s]   CMakeLists.txt:126 (ament_export_include_directories)
[0.714s] 
[0.714s] [0m
[0.752s] -- Configuring done
[0.777s] -- Generating done
[0.780s] -- Build files have been written to: /home/bigdavid/EPSILON_ws/build/common
[0.785s] Invoked command in '/home/bigdavid/EPSILON_ws/build/common' returned '0': CMAKE_PREFIX_PATH=/opt/ros/humble /usr/bin/cmake /home/bigdavid/EPSILON_ws/src/EPSILON_ROS2/core/common -DCMAKE_INSTALL_PREFIX=/home/bigdavid/EPSILON_ws/install/common
[0.786s] Invoking command in '/home/bigdavid/EPSILON_ws/build/common': CMAKE_PREFIX_PATH=/opt/ros/humble /usr/bin/cmake --build /home/bigdavid/EPSILON_ws/build/common -- -j32 -l32
[0.822s] [  9%] [32mBuilding CXX object CMakeFiles/hkust_pl_ooqp_itf.dir/src/common/solver/qp_solver.cc.o[0m
[0.822s] [  9%] [32mBuilding CXX object CMakeFiles/hkust_pl_ooqp_itf.dir/src/common/solver/ooqp_interface.cc.o[0m
[0.830s] [01m[K/home/bigdavid/EPSILON_ws/src/EPSILON_ROS2/core/common/src/common/solver/qp_solver.cc:[m[K In static member function ‘[01m[Kstatic bool common::QuadraticProblem::solve(const Eigen::SparseMatrix<double, 1>&, const Eigen::DiagonalMatrix<double, -1>&, const VectorXd&, const Eigen::DiagonalMatrix<double, -1>&, const Eigen::SparseMatrix<double, 1>&, const VectorXd&, const Eigen::SparseMatrix<double, 1>&, const VectorXd&, const VectorXd&, const VectorXd&, const VectorXd&, Eigen::VectorXd&)[m[K’:
[0.830s] [01m[K/home/bigdavid/EPSILON_ws/src/EPSILON_ROS2/core/common/src/common/solver/qp_solver.cc:23:7:[m[K [01;35m[Kwarning: [m[Kunused variable ‘[01m[Km[m[K’ [[01;35m[K-Wunused-variable[m[K]
[0.830s]    23 |   int [01;35m[Km[m[K = A.rows();
[0.830s]       |       [01;35m[K^[m[K
[0.836s] [ 13%] [32m[1mLinking CXX static library libhkust_pl_ooqp_itf.a[0m
[0.857s] [ 13%] Built target hkust_pl_ooqp_itf
[0.874s] [ 18%] [32mBuilding CXX object CMakeFiles/hkust_pl_common.dir/src/common/mobil/mobil_behavior_prediction.cc.o[0m
[0.874s] [ 22%] [32mBuilding CXX object CMakeFiles/hkust_pl_common.dir/src/common/basics/colormap.cc.o[0m
[0.874s] [ 31%] [32mBuilding CXX object CMakeFiles/hkust_pl_common.dir/src/common/spline/lookup_table.cc.o[0m
[0.874s] [ 31%] [32mBuilding CXX object CMakeFiles/hkust_pl_common.dir/src/common/basics/semantics.cc.o[0m
[0.874s] [ 36%] [32mBuilding CXX object CMakeFiles/hkust_pl_common.dir/src/common/spline/spline_generator.cc.o[0m
[0.874s] [ 40%] [32mBuilding CXX object CMakeFiles/hkust_pl_common.dir/src/common/basics/shapes.cc.o[0m
[0.874s] [ 45%] [32mBuilding CXX object CMakeFiles/hkust_pl_common.dir/src/common/lane/lane.cc.o[0m
[0.875s] [ 50%] [32mBuilding CXX object CMakeFiles/hkust_pl_common.dir/src/common/basics/tool_func.cc.o[0m
[0.875s] [ 54%] [32mBuilding CXX object CMakeFiles/hkust_pl_common.dir/src/common/lane/lane_generator.cc.o[0m
[0.875s] [ 59%] [32mBuilding CXX object CMakeFiles/hkust_pl_common.dir/src/common/math/calculations.cc.o[0m
[0.875s] [ 63%] [32mBuilding CXX object CMakeFiles/hkust_pl_common.dir/src/common/state/state_transformer.cc.o[0m
[0.875s] [ 68%] [32mBuilding CXX object CMakeFiles/hkust_pl_common.dir/src/common/rss/rss_checker.cc.o[0m
[0.875s] [ 77%] [32mBuilding CXX object CMakeFiles/hkust_pl_common.dir/src/common/circle_arc/circle_arc.cc.o[0m
[0.875s] [ 77%] [32mBuilding CXX object CMakeFiles/hkust_pl_common.dir/src/common/idm/intelligent_driver_model.cc.o[0m
[0.876s] [ 81%] [32mBuilding CXX object CMakeFiles/hkust_pl_common.dir/src/common/mobil/mobil_model.cc.o[0m
[0.877s] [ 86%] [32mBuilding CXX object CMakeFiles/hkust_pl_common.dir/src/common/circle_arc/circle_arc_branch.cc.o[0m
[0.877s] [ 90%] [32mBuilding CXX object CMakeFiles/hkust_pl_common.dir/src/common/primitive/frenet_primitive.cc.o[0m
[0.877s] [ 95%] [32mBuilding CXX object CMakeFiles/hkust_pl_common.dir/src/common/state/free_state.cc.o[0m
[0.882s] [01m[K/home/bigdavid/EPSILON_ws/src/EPSILON_ROS2/core/common/src/common/basics/tool_func.cc:[m[K In function ‘[01m[Kvoid common::GetResultInVector(const std::vector<std::vector<int> >&, const int&, std::vector<int>*, std::vector<std::vector<int> >*)[m[K’:
[0.882s] [01m[K/home/bigdavid/EPSILON_ws/src/EPSILON_ROS2/core/common/src/common/basics/tool_func.cc:30:21:[m[K [01;35m[Kwarning: [m[Kcomparison of integer expressions of different signedness: ‘[01m[Kint[m[K’ and ‘[01m[Kstd::vector<int>::size_type[m[K’ {aka ‘[01m[Klong unsigned int[m[K’} [[01;35m[K-Wsign-compare[m[K]
[0.882s]    30 |   for (int i = 0; [01;35m[Ki < vec[N].size()[m[K; ++i) {
[0.882s]       |                   [01;35m[K~~^~~~~~~~~~~~~~~[m[K
[0.882s] [01m[K/home/bigdavid/EPSILON_ws/src/EPSILON_ROS2/core/common/src/common/basics/tool_func.cc:32:11:[m[K [01;35m[Kwarning: [m[Kcomparison of integer expressions of different signedness: ‘[01m[Kconst int[m[K’ and ‘[01m[Kstd::vector<std::vector<int> >::size_type[m[K’ {aka ‘[01m[Klong unsigned int[m[K’} [[01;35m[K-Wsign-compare[m[K]
[0.882s]    32 |     if ([01;35m[KN < vec.size() - 1[m[K) {
[0.882s]       |         [01;35m[K~~^~~~~~~~~~~~~~~~[m[K
[0.883s] [01m[K/home/bigdavid/EPSILON_ws/src/EPSILON_ROS2/core/common/src/common/basics/tool_func.cc:36:25:[m[K [01;35m[Kwarning: [m[Kcomparison of integer expressions of different signedness: ‘[01m[Kint[m[K’ and ‘[01m[Kstd::vector<int>::size_type[m[K’ {aka ‘[01m[Klong unsigned int[m[K’} [[01;35m[K-Wsign-compare[m[K]
[0.883s]    36 |       for (int i = 0; [01;35m[Ki < tmp->size()[m[K; ++i) {
[0.883s]       |                       [01;35m[K~~^~~~~~~~~~~~~[m[K
[0.883s] In file included from [01m[K/home/bigdavid/EPSILON_ws/src/EPSILON_ROS2/core/common/include/common/spline/spline_generator.h:17[m[K,
[0.883s]                  from [01m[K/home/bigdavid/EPSILON_ws/src/EPSILON_ROS2/core/common/src/common/spline/spline_generator.cc:1[m[K:
[0.884s] [01m[K/home/bigdavid/EPSILON_ws/src/EPSILON_ROS2/core/common/thirdparty/tk_spline/spline.h:347:8:[m[K [01;35m[Kwarning: [m[K‘[01m[Kdouble {anonymous}::tk::spline::operator()(double) const[m[K’ defined but not used [[01;35m[K-Wunused-function[m[K]
[0.884s]   347 | double [01;35m[Kspline[m[K::operator()(double x) const {
[0.884s]       |        [01;35m[K^~~~~~[m[K
[0.884s] [01m[K/home/bigdavid/EPSILON_ws/src/EPSILON_ROS2/core/common/thirdparty/tk_spline/spline.h:244:6:[m[K [01;35m[Kwarning: [m[K‘[01m[Kvoid {anonymous}::tk::spline::set_boundary({anonymous}::tk::spline::bd_type, double, {anonymous}::tk::spline::bd_type, double, bool)[m[K’ defined but not used [[01;35m[K-Wunused-function[m[K]
[0.884s]   244 | void [01;35m[Kspline[m[K::set_boundary(spline::bd_type left, double left_value,
[0.884s]       |      [01;35m[K^~~~~~[m[K
[0.884s] In file included from [01m[K/home/bigdavid/EPSILON_ws/src/EPSILON_ROS2/core/common/include/common/spline/spline_generator.h:17[m[K,
[0.884s]                  from [01m[K/home/bigdavid/EPSILON_ws/src/EPSILON_ROS2/core/common/src/common/lane/lane_generator.cc:3[m[K:
[0.884s] [01m[K/home/bigdavid/EPSILON_ws/src/EPSILON_ROS2/core/common/thirdparty/tk_spline/spline.h:371:8:[m[K [01;35m[Kwarning: [m[K‘[01m[Kdouble {anonymous}::tk::spline::get_coeff(int, int) const[m[K’ defined but not used [[01;35m[K-Wunused-function[m[K]
[0.884s]   371 | double [01;35m[Kspline[m[K::get_coeff(int n, int j) const {
[0.885s]       |        [01;35m[K^~~~~~[m[K
[0.885s] [01m[K/home/bigdavid/EPSILON_ws/src/EPSILON_ROS2/core/common/thirdparty/tk_spline/spline.h:369:5:[m[K [01;35m[Kwarning: [m[K‘[01m[Kint {anonymous}::tk::spline::num_pts() const[m[K’ defined but not used [[01;35m[K-Wunused-function[m[K]
[0.885s]   369 | int [01;35m[Kspline[m[K::num_pts() const { return m_a.size(); }
[0.885s]       |     [01;35m[K^~~~~~[m[K
[0.885s] [01m[K/home/bigdavid/EPSILON_ws/src/EPSILON_ROS2/core/common/thirdparty/tk_spline/spline.h:347:8:[m[K [01;35m[Kwarning: [m[K‘[01m[Kdouble {anonymous}::tk::spline::operator()(double) const[m[K’ defined but not used [[01;35m[K-Wunused-function[m[K]
[0.885s]   347 | double [01;35m[Kspline[m[K::operator()(double x) const {
[0.885s]       |        [01;35m[K^~~~~~[m[K
[0.885s] [01m[K/home/bigdavid/EPSILON_ws/src/EPSILON_ROS2/core/common/thirdparty/tk_spline/spline.h:255:6:[m[K [01;35m[Kwarning: [m[K‘[01m[Kvoid {anonymous}::tk::spline::set_points(const std::vector<double>&, const std::vector<double>&, bool)[m[K’ defined but not used [[01;35m[K-Wunused-function[m[K]
[0.885s]   255 | void [01;35m[Kspline[m[K::set_points(const std::vector<double>& x,
[0.885s]       |      [01;35m[K^~~~~~[m[K
[0.885s] [01m[K/home/bigdavid/EPSILON_ws/src/EPSILON_ROS2/core/common/thirdparty/tk_spline/spline.h:244:6:[m[K [01;35m[Kwarning: [m[K‘[01m[Kvoid {anonymous}::tk::spline::set_boundary({anonymous}::tk::spline::bd_type, double, {anonymous}::tk::spline::bd_type, double, bool)[m[K’ defined but not used [[01;35m[K-Wunused-function[m[K]
[0.885s]   244 | void [01;35m[Kspline[m[K::set_boundary(spline::bd_type left, double left_value,
[0.885s]       |      [01;35m[K^~~~~~[m[K
[0.893s] [100%] [32m[1mLinking CXX static library libhkust_pl_common.a[0m
[0.918s] [100%] Built target hkust_pl_common
[0.927s] Invoked command in '/home/bigdavid/EPSILON_ws/build/common' returned '0': CMAKE_PREFIX_PATH=/opt/ros/humble /usr/bin/cmake --build /home/bigdavid/EPSILON_ws/build/common -- -j32 -l32
[0.927s] Invoking command in '/home/bigdavid/EPSILON_ws/build/common': CMAKE_PREFIX_PATH=/opt/ros/humble /usr/bin/cmake --install /home/bigdavid/EPSILON_ws/build/common
[0.932s] -- Install configuration: "Release"
[0.932s] -- Installing: /home/bigdavid/EPSILON_ws/install/common/share/common/environment/library_path.sh
[0.932s] -- Installing: /home/bigdavid/EPSILON_ws/install/common/share/common/environment/library_path.dsv
[0.932s] -- Installing: /home/bigdavid/EPSILON_ws/install/common/include/common
[0.932s] -- Installing: /home/bigdavid/EPSILON_ws/install/common/include/common/state
[0.932s] -- Installing: /home/bigdavid/EPSILON_ws/install/common/include/common/state/state_transformer.h
[0.932s] -- Installing: /home/bigdavid/EPSILON_ws/install/common/include/common/state/state.h
[0.933s] -- Installing: /home/bigdavid/EPSILON_ws/install/common/include/common/state/waypoint.h
[0.933s] -- Installing: /home/bigdavid/EPSILON_ws/install/common/include/common/state/frenet_state.h
[0.933s] -- Installing: /home/bigdavid/EPSILON_ws/install/common/include/common/state/free_state.h
[0.933s] -- Installing: /home/bigdavid/EPSILON_ws/install/common/include/common/solver
[0.933s] -- Installing: /home/bigdavid/EPSILON_ws/install/common/include/common/solver/ooqp_interface.h
[0.933s] -- Installing: /home/bigdavid/EPSILON_ws/install/common/include/common/solver/qp_solver.h
[0.933s] -- Installing: /home/bigdavid/EPSILON_ws/install/common/include/common/rss
[0.933s] -- Installing: /home/bigdavid/EPSILON_ws/install/common/include/common/rss/rss_checker.h
[0.933s] -- Installing: /home/bigdavid/EPSILON_ws/install/common/include/common/primitive
[0.933s] -- Installing: /home/bigdavid/EPSILON_ws/install/common/include/common/primitive/frenet_primitive.h
[0.933s] -- Installing: /home/bigdavid/EPSILON_ws/install/common/include/common/trajectory
[0.933s] -- Installing: /home/bigdavid/EPSILON_ws/install/common/include/common/trajectory/frenet_traj.h
[0.933s] -- Installing: /home/bigdavid/EPSILON_ws/install/common/include/common/trajectory/frenet_primitive_traj.h
[0.933s] -- Installing: /home/bigdavid/EPSILON_ws/install/common/include/common/trajectory/frenet_bezier_traj.h
[0.933s] -- Installing: /home/bigdavid/EPSILON_ws/install/common/include/common/trajectory/trajectory.h
[0.933s] -- Installing: /home/bigdavid/EPSILON_ws/install/common/include/common/circle_arc
[0.934s] -- Installing: /home/bigdavid/EPSILON_ws/install/common/include/common/circle_arc/circle_arc.h
[0.934s] -- Installing: /home/bigdavid/EPSILON_ws/install/common/include/common/circle_arc/circle_arc_branch.h
[0.934s] -- Installing: /home/bigdavid/EPSILON_ws/install/common/include/common/lane
[0.934s] -- Installing: /home/bigdavid/EPSILON_ws/install/common/include/common/lane/lane_generator.h
[0.934s] -- Installing: /home/bigdavid/EPSILON_ws/install/common/include/common/lane/lane.h
[0.934s] -- Installing: /home/bigdavid/EPSILON_ws/install/common/include/common/idm
[0.934s] -- Installing: /home/bigdavid/EPSILON_ws/install/common/include/common/idm/intelligent_driver_model.h
[0.934s] -- Installing: /home/bigdavid/EPSILON_ws/install/common/include/common/math
[0.934s] -- Installing: /home/bigdavid/EPSILON_ws/install/common/include/common/math/poly_roots.h
[0.934s] -- Installing: /home/bigdavid/EPSILON_ws/install/common/include/common/math/calculations.h
[0.934s] -- Installing: /home/bigdavid/EPSILON_ws/install/common/include/common/visualization
[0.934s] -- Installing: /home/bigdavid/EPSILON_ws/install/common/include/common/visualization/common_visualization_util.h
[0.934s] -- Installing: /home/bigdavid/EPSILON_ws/install/common/include/common/basics
[0.934s] -- Installing: /home/bigdavid/EPSILON_ws/install/common/include/common/basics/shapes.h
[0.934s] -- Installing: /home/bigdavid/EPSILON_ws/install/common/include/common/basics/thread_pool.h
[0.934s] -- Installing: /home/bigdavid/EPSILON_ws/install/common/include/common/basics/macros.h
[0.934s] -- Installing: /home/bigdavid/EPSILON_ws/install/common/include/common/basics/tool_func.h
[0.935s] -- Installing: /home/bigdavid/EPSILON_ws/install/common/include/common/basics/config.h
[0.935s] -- Installing: /home/bigdavid/EPSILON_ws/install/common/include/common/basics/colormap.h
[0.935s] -- Installing: /home/bigdavid/EPSILON_ws/install/common/include/common/basics/semantics.h
[0.935s] -- Installing: /home/bigdavid/EPSILON_ws/install/common/include/common/basics/tic_toc.h
[0.935s] -- Installing: /home/bigdavid/EPSILON_ws/install/common/include/common/basics/basics.h
[0.935s] -- Installing: /home/bigdavid/EPSILON_ws/install/common/include/common/spline
[0.935s] -- Installing: /home/bigdavid/EPSILON_ws/install/common/include/common/spline/spline_generator.h
[0.935s] -- Installing: /home/bigdavid/EPSILON_ws/install/common/include/common/spline/lookup_table.h
[0.935s] -- Installing: /home/bigdavid/EPSILON_ws/install/common/include/common/spline/spline.h
[0.935s] -- Installing: /home/bigdavid/EPSILON_ws/install/common/include/common/spline/polynomial.h
[0.935s] -- Installing: /home/bigdavid/EPSILON_ws/install/common/include/common/spline/bezier.h
[0.935s] -- Installing: /home/bigdavid/EPSILON_ws/install/common/include/common/mobil
[0.935s] -- Installing: /home/bigdavid/EPSILON_ws/install/common/include/common/mobil/mobil_behavior_prediction.h
[0.935s] -- Installing: /home/bigdavid/EPSILON_ws/install/common/include/common/mobil/mobil_model.h
[0.935s] -- Installing: /home/bigdavid/EPSILON_ws/install/common/include/common/interface
[0.935s] -- Installing: /home/bigdavid/EPSILON_ws/install/common/include/common/interface/planner.h
[0.935s] -- Installing: /home/bigdavid/EPSILON_ws/install/common/lib/libhkust_pl_common.a
[0.935s] -- Installing: /home/bigdavid/EPSILON_ws/install/common/lib/libhkust_pl_ooqp_itf.a
[0.935s] -- Installing: /home/bigdavid/EPSILON_ws/install/common/share/common/cmake/hkust_pl_export.cmake
[0.936s] -- Installing: /home/bigdavid/EPSILON_ws/install/common/share/common/cmake/hkust_pl_export-release.cmake
[0.936s] -- Installing: /home/bigdavid/EPSILON_ws/install/common/share/common/materials
[0.936s] -- Installing: /home/bigdavid/EPSILON_ws/install/common/share/common/materials/hexagon_sign.dae
[0.936s] -- Installing: /home/bigdavid/EPSILON_ws/install/common/share/common/materials/bmw_x5.dae
[0.941s] -- Installing: /home/bigdavid/EPSILON_ws/install/common/share/common/materials/traffic_cone.dae
[0.941s] -- Installing: /home/bigdavid/EPSILON_ws/install/common/share/ament_index/resource_index/package_run_dependencies/common
[0.941s] -- Installing: /home/bigdavid/EPSILON_ws/install/common/share/ament_index/resource_index/parent_prefix_path/common
[0.941s] -- Installing: /home/bigdavid/EPSILON_ws/install/common/share/common/environment/ament_prefix_path.sh
[0.942s] -- Installing: /home/bigdavid/EPSILON_ws/install/common/share/common/environment/ament_prefix_path.dsv
[0.942s] -- Installing: /home/bigdavid/EPSILON_ws/install/common/share/common/environment/path.sh
[0.942s] -- Installing: /home/bigdavid/EPSILON_ws/install/common/share/common/environment/path.dsv
[0.942s] -- Installing: /home/bigdavid/EPSILON_ws/install/common/share/common/local_setup.bash
[0.942s] -- Installing: /home/bigdavid/EPSILON_ws/install/common/share/common/local_setup.sh
[0.942s] -- Installing: /home/bigdavid/EPSILON_ws/install/common/share/common/local_setup.zsh
[0.942s] -- Installing: /home/bigdavid/EPSILON_ws/install/common/share/common/local_setup.dsv
[0.942s] -- Installing: /home/bigdavid/EPSILON_ws/install/common/share/common/package.dsv
[0.942s] -- Installing: /home/bigdavid/EPSILON_ws/install/common/share/ament_index/resource_index/packages/common
[0.942s] -- Installing: /home/bigdavid/EPSILON_ws/install/common/share/common/cmake/ament_cmake_export_libraries-extras.cmake
[0.942s] -- Installing: /home/bigdavid/EPSILON_ws/install/common/share/common/cmake/ament_cmake_export_dependencies-extras.cmake
[0.942s] -- Installing: /home/bigdavid/EPSILON_ws/install/common/share/common/cmake/ament_cmake_export_include_directories-extras.cmake
[0.942s] -- Installing: /home/bigdavid/EPSILON_ws/install/common/share/common/cmake/commonConfig.cmake
[0.942s] -- Installing: /home/bigdavid/EPSILON_ws/install/common/share/common/cmake/commonConfig-version.cmake
[0.942s] -- Installing: /home/bigdavid/EPSILON_ws/install/common/share/common/package.xml
[0.944s] Invoked command in '/home/bigdavid/EPSILON_ws/build/common' returned '0': CMAKE_PREFIX_PATH=/opt/ros/humble /usr/bin/cmake --install /home/bigdavid/EPSILON_ws/build/common
