[0.032s] Invoking command in '/home/bigdavid/EPSILON_ws/build/vehicle_msgs': AMENT_PREFIX_PATH=/home/bigdavid/EPSILON_ws/install/common:${AMENT_PREFIX_PATH} CMAKE_PREFIX_PATH=/home/bigdavid/EPSILON_ws/install/common:/opt/ros/humble LD_LIBRARY_PATH=/home/bigdavid/EPSILON_ws/install/common/lib:${LD_LIBRARY_PATH} /usr/bin/cmake --build /home/bigdavid/EPSILON_ws/build/vehicle_msgs -- -j32 -l32
[0.130s] [35m[1mConsolidate compiler generated dependencies of target vehicle_msgs__rosidl_generator_c[0m
[0.134s] [  0%] Built target vehicle_msgs__cpp
[0.158s] [  0%] Built target ament_cmake_python_copy_vehicle_msgs
[0.159s] [35m[1mConsolidate compiler generated dependencies of target vehicle_msgs__rosidl_typesupport_cpp[0m
[0.160s] [ 12%] Built target vehicle_msgs__rosidl_generator_c
[0.183s] [35m[1mConsolidate compiler generated dependencies of target vehicle_msgs__rosidl_typesupport_fastrtps_c[0m
[0.185s] [35m[1mConsolidate compiler generated dependencies of target vehicle_msgs__rosidl_typesupport_introspection_cpp[0m
[0.187s] [35m[1mConsolidate compiler generated dependencies of target vehicle_msgs__rosidl_typesupport_fastrtps_cpp[0m
[0.204s] [35m[1mConsolidate compiler generated dependencies of target vehicle_msgs__rosidl_typesupport_c[0m
[0.207s] [35m[1mConsolidate compiler generated dependencies of target vehicle_msgs__rosidl_typesupport_introspection_c[0m
[0.215s] [ 24%] Built target vehicle_msgs__rosidl_typesupport_cpp
[0.218s] [ 36%] Built target vehicle_msgs__rosidl_typesupport_fastrtps_c
[0.234s] [ 48%] Built target vehicle_msgs__rosidl_typesupport_c
[0.251s] [ 60%] Built target vehicle_msgs__rosidl_typesupport_introspection_c
[0.251s] [ 72%] Built target vehicle_msgs__rosidl_typesupport_fastrtps_cpp
[0.260s] [ 84%] Built target vehicle_msgs__rosidl_typesupport_introspection_cpp
[0.292s] [ 84%] Built target vehicle_msgs
[0.330s] [ 85%] Built target vehicle_msgs__py
[0.348s] [35m[1mConsolidate compiler generated dependencies of target vehicle_msgs__rosidl_generator_py[0m
[0.397s] [ 96%] Built target vehicle_msgs__rosidl_generator_py
[0.414s] [35m[1mConsolidate compiler generated dependencies of target vehicle_msgs__rosidl_typesupport_fastrtps_c__pyext[0m
[0.425s] [35m[1mConsolidate compiler generated dependencies of target vehicle_msgs__rosidl_typesupport_introspection_c__pyext[0m
[0.429s] [35m[1mConsolidate compiler generated dependencies of target vehicle_msgs__rosidl_typesupport_c__pyext[0m
[0.434s] [ 97%] Built target vehicle_msgs__rosidl_typesupport_fastrtps_c__pyext
[0.444s] [ 99%] Built target vehicle_msgs__rosidl_typesupport_introspection_c__pyext
[0.449s] [100%] Built target vehicle_msgs__rosidl_typesupport_c__pyext
[0.533s] running egg_info
[0.547s] writing vehicle_msgs.egg-info/PKG-INFO
[0.548s] writing dependency_links to vehicle_msgs.egg-info/dependency_links.txt
[0.548s] writing top-level names to vehicle_msgs.egg-info/top_level.txt
[0.549s] reading manifest file 'vehicle_msgs.egg-info/SOURCES.txt'
[0.549s] writing manifest file 'vehicle_msgs.egg-info/SOURCES.txt'
[0.565s] [100%] Built target ament_cmake_python_build_vehicle_msgs_egg
[0.593s] Invoked command in '/home/bigdavid/EPSILON_ws/build/vehicle_msgs' returned '0': AMENT_PREFIX_PATH=/home/bigdavid/EPSILON_ws/install/common:${AMENT_PREFIX_PATH} CMAKE_PREFIX_PATH=/home/bigdavid/EPSILON_ws/install/common:/opt/ros/humble LD_LIBRARY_PATH=/home/bigdavid/EPSILON_ws/install/common/lib:${LD_LIBRARY_PATH} /usr/bin/cmake --build /home/bigdavid/EPSILON_ws/build/vehicle_msgs -- -j32 -l32
[0.595s] Invoking command in '/home/bigdavid/EPSILON_ws/build/vehicle_msgs': AMENT_PREFIX_PATH=/home/bigdavid/EPSILON_ws/install/common:${AMENT_PREFIX_PATH} CMAKE_PREFIX_PATH=/home/bigdavid/EPSILON_ws/install/common:/opt/ros/humble LD_LIBRARY_PATH=/home/bigdavid/EPSILON_ws/install/common/lib:${LD_LIBRARY_PATH} /usr/bin/cmake --install /home/bigdavid/EPSILON_ws/build/vehicle_msgs
[0.609s] -- Install configuration: ""
[0.609s] -- Up-to-date: /home/bigdavid/EPSILON_ws/install/vehicle_msgs/share/ament_index/resource_index/rosidl_interfaces/vehicle_msgs
[0.609s] -- Up-to-date: /home/bigdavid/EPSILON_ws/install/vehicle_msgs/include/vehicle_msgs/vehicle_msgs
[0.609s] -- Up-to-date: /home/bigdavid/EPSILON_ws/install/vehicle_msgs/include/vehicle_msgs/vehicle_msgs/msg
[0.610s] -- Up-to-date: /home/bigdavid/EPSILON_ws/install/vehicle_msgs/include/vehicle_msgs/vehicle_msgs/msg/vehicle.h
[0.610s] -- Up-to-date: /home/bigdavid/EPSILON_ws/install/vehicle_msgs/include/vehicle_msgs/vehicle_msgs/msg/state.h
[0.610s] -- Up-to-date: /home/bigdavid/EPSILON_ws/install/vehicle_msgs/include/vehicle_msgs/vehicle_msgs/msg/occupancy_grid_float.h
[0.611s] -- Up-to-date: /home/bigdavid/EPSILON_ws/install/vehicle_msgs/include/vehicle_msgs/vehicle_msgs/msg/arena_info.h
[0.612s] -- Up-to-date: /home/bigdavid/EPSILON_ws/install/vehicle_msgs/include/vehicle_msgs/vehicle_msgs/msg/detail
[0.613s] -- Up-to-date: /home/bigdavid/EPSILON_ws/install/vehicle_msgs/include/vehicle_msgs/vehicle_msgs/msg/detail/polygon_obstacle__functions.h
[0.614s] -- Up-to-date: /home/bigdavid/EPSILON_ws/install/vehicle_msgs/include/vehicle_msgs/vehicle_msgs/msg/detail/vehicle_param__functions.h
[0.615s] -- Up-to-date: /home/bigdavid/EPSILON_ws/install/vehicle_msgs/include/vehicle_msgs/vehicle_msgs/msg/detail/obstacle_set__functions.h
[0.615s] -- Up-to-date: /home/bigdavid/EPSILON_ws/install/vehicle_msgs/include/vehicle_msgs/vehicle_msgs/msg/detail/vehicle__struct.h
[0.616s] -- Up-to-date: /home/bigdavid/EPSILON_ws/install/vehicle_msgs/include/vehicle_msgs/vehicle_msgs/msg/detail/state__type_support.h
[0.616s] -- Up-to-date: /home/bigdavid/EPSILON_ws/install/vehicle_msgs/include/vehicle_msgs/vehicle_msgs/msg/detail/occupancy_grid_u_int8__functions.c
[0.617s] -- Up-to-date: /home/bigdavid/EPSILON_ws/install/vehicle_msgs/include/vehicle_msgs/vehicle_msgs/msg/detail/free_state__type_support.h
[0.617s] -- Up-to-date: /home/bigdavid/EPSILON_ws/install/vehicle_msgs/include/vehicle_msgs/vehicle_msgs/msg/detail/occupancy_grid_float__functions.c
[0.617s] -- Up-to-date: /home/bigdavid/EPSILON_ws/install/vehicle_msgs/include/vehicle_msgs/vehicle_msgs/msg/detail/lane_net__functions.h
[0.618s] -- Up-to-date: /home/bigdavid/EPSILON_ws/install/vehicle_msgs/include/vehicle_msgs/vehicle_msgs/msg/detail/control_signal__struct.h
[0.618s] -- Up-to-date: /home/bigdavid/EPSILON_ws/install/vehicle_msgs/include/vehicle_msgs/vehicle_msgs/msg/detail/arena_info_static__type_support.h
[0.619s] -- Up-to-date: /home/bigdavid/EPSILON_ws/install/vehicle_msgs/include/vehicle_msgs/vehicle_msgs/msg/detail/occupancy_grid_float__type_support.h
[0.619s] -- Up-to-date: /home/bigdavid/EPSILON_ws/install/vehicle_msgs/include/vehicle_msgs/vehicle_msgs/msg/detail/circle_obstacle__type_support.h
[0.619s] -- Up-to-date: /home/bigdavid/EPSILON_ws/install/vehicle_msgs/include/vehicle_msgs/vehicle_msgs/msg/detail/occupancy_grid_float__functions.h
[0.620s] -- Up-to-date: /home/bigdavid/EPSILON_ws/install/vehicle_msgs/include/vehicle_msgs/vehicle_msgs/msg/detail/free_state__functions.c
[0.620s] -- Up-to-date: /home/bigdavid/EPSILON_ws/install/vehicle_msgs/include/vehicle_msgs/vehicle_msgs/msg/detail/vehicle__type_support.h
[0.620s] -- Up-to-date: /home/bigdavid/EPSILON_ws/install/vehicle_msgs/include/vehicle_msgs/vehicle_msgs/msg/detail/arena_info_static__functions.h
[0.620s] -- Up-to-date: /home/bigdavid/EPSILON_ws/install/vehicle_msgs/include/vehicle_msgs/vehicle_msgs/msg/detail/vehicle_set__type_support.h
[0.620s] -- Up-to-date: /home/bigdavid/EPSILON_ws/install/vehicle_msgs/include/vehicle_msgs/vehicle_msgs/msg/detail/arena_info_dynamic__functions.c
[0.621s] -- Up-to-date: /home/bigdavid/EPSILON_ws/install/vehicle_msgs/include/vehicle_msgs/vehicle_msgs/msg/detail/circle__struct.h
[0.621s] -- Up-to-date: /home/bigdavid/EPSILON_ws/install/vehicle_msgs/include/vehicle_msgs/vehicle_msgs/msg/detail/state__functions.h
[0.621s] -- Up-to-date: /home/bigdavid/EPSILON_ws/install/vehicle_msgs/include/vehicle_msgs/vehicle_msgs/msg/detail/arena_info__functions.h
[0.621s] -- Up-to-date: /home/bigdavid/EPSILON_ws/install/vehicle_msgs/include/vehicle_msgs/vehicle_msgs/msg/detail/vehicle_param__functions.c
[0.621s] -- Up-to-date: /home/bigdavid/EPSILON_ws/install/vehicle_msgs/include/vehicle_msgs/vehicle_msgs/msg/detail/arena_info_dynamic__struct.h
[0.621s] -- Up-to-date: /home/bigdavid/EPSILON_ws/install/vehicle_msgs/include/vehicle_msgs/vehicle_msgs/msg/detail/circle__type_support.h
[0.621s] -- Up-to-date: /home/bigdavid/EPSILON_ws/install/vehicle_msgs/include/vehicle_msgs/vehicle_msgs/msg/detail/obstacle_set__type_support.h
[0.621s] -- Up-to-date: /home/bigdavid/EPSILON_ws/install/vehicle_msgs/include/vehicle_msgs/vehicle_msgs/msg/detail/obstacle_set__struct.h
[0.621s] -- Up-to-date: /home/bigdavid/EPSILON_ws/install/vehicle_msgs/include/vehicle_msgs/vehicle_msgs/msg/detail/state__struct.h
[0.621s] -- Up-to-date: /home/bigdavid/EPSILON_ws/install/vehicle_msgs/include/vehicle_msgs/vehicle_msgs/msg/detail/lane__type_support.h
[0.621s] -- Up-to-date: /home/bigdavid/EPSILON_ws/install/vehicle_msgs/include/vehicle_msgs/vehicle_msgs/msg/detail/lane__struct.h
[0.621s] -- Up-to-date: /home/bigdavid/EPSILON_ws/install/vehicle_msgs/include/vehicle_msgs/vehicle_msgs/msg/detail/vehicle_param__struct.h
[0.621s] -- Up-to-date: /home/bigdavid/EPSILON_ws/install/vehicle_msgs/include/vehicle_msgs/vehicle_msgs/msg/detail/occupancy_grid_u_int8__type_support.h
[0.621s] -- Up-to-date: /home/bigdavid/EPSILON_ws/install/vehicle_msgs/include/vehicle_msgs/vehicle_msgs/msg/detail/polygon_obstacle__struct.h
[0.621s] -- Up-to-date: /home/bigdavid/EPSILON_ws/install/vehicle_msgs/include/vehicle_msgs/vehicle_msgs/msg/detail/state__functions.c
[0.621s] -- Up-to-date: /home/bigdavid/EPSILON_ws/install/vehicle_msgs/include/vehicle_msgs/vehicle_msgs/msg/detail/vehicle_set__functions.c
[0.621s] -- Up-to-date: /home/bigdavid/EPSILON_ws/install/vehicle_msgs/include/vehicle_msgs/vehicle_msgs/msg/detail/circle__functions.h
[0.621s] -- Up-to-date: /home/bigdavid/EPSILON_ws/install/vehicle_msgs/include/vehicle_msgs/vehicle_msgs/msg/detail/arena_info__functions.c
[0.621s] -- Up-to-date: /home/bigdavid/EPSILON_ws/install/vehicle_msgs/include/vehicle_msgs/vehicle_msgs/msg/detail/arena_info__type_support.h
[0.621s] -- Up-to-date: /home/bigdavid/EPSILON_ws/install/vehicle_msgs/include/vehicle_msgs/vehicle_msgs/msg/detail/occupancy_grid_u_int8__struct.h
[0.621s] -- Up-to-date: /home/bigdavid/EPSILON_ws/install/vehicle_msgs/include/vehicle_msgs/vehicle_msgs/msg/detail/polygon_obstacle__type_support.h
[0.621s] -- Up-to-date: /home/bigdavid/EPSILON_ws/install/vehicle_msgs/include/vehicle_msgs/vehicle_msgs/msg/detail/vehicle_set__struct.h
[0.622s] -- Up-to-date: /home/bigdavid/EPSILON_ws/install/vehicle_msgs/include/vehicle_msgs/vehicle_msgs/msg/detail/lane__functions.h
[0.622s] -- Up-to-date: /home/bigdavid/EPSILON_ws/install/vehicle_msgs/include/vehicle_msgs/vehicle_msgs/msg/detail/arena_info_static__functions.c
[0.622s] -- Up-to-date: /home/bigdavid/EPSILON_ws/install/vehicle_msgs/include/vehicle_msgs/vehicle_msgs/msg/detail/free_state__struct.h
[0.622s] -- Up-to-date: /home/bigdavid/EPSILON_ws/install/vehicle_msgs/include/vehicle_msgs/vehicle_msgs/msg/detail/circle_obstacle__struct.h
[0.622s] -- Up-to-date: /home/bigdavid/EPSILON_ws/install/vehicle_msgs/include/vehicle_msgs/vehicle_msgs/msg/detail/control_signal__functions.h
[0.622s] -- Up-to-date: /home/bigdavid/EPSILON_ws/install/vehicle_msgs/include/vehicle_msgs/vehicle_msgs/msg/detail/obstacle_set__functions.c
[0.622s] -- Up-to-date: /home/bigdavid/EPSILON_ws/install/vehicle_msgs/include/vehicle_msgs/vehicle_msgs/msg/detail/control_signal__type_support.h
[0.622s] -- Up-to-date: /home/bigdavid/EPSILON_ws/install/vehicle_msgs/include/vehicle_msgs/vehicle_msgs/msg/detail/vehicle__functions.h
[0.622s] -- Up-to-date: /home/bigdavid/EPSILON_ws/install/vehicle_msgs/include/vehicle_msgs/vehicle_msgs/msg/detail/lane_net__struct.h
[0.622s] -- Up-to-date: /home/bigdavid/EPSILON_ws/install/vehicle_msgs/include/vehicle_msgs/vehicle_msgs/msg/detail/occupancy_grid_float__struct.h
[0.622s] -- Up-to-date: /home/bigdavid/EPSILON_ws/install/vehicle_msgs/include/vehicle_msgs/vehicle_msgs/msg/detail/lane_net__type_support.h
[0.622s] -- Up-to-date: /home/bigdavid/EPSILON_ws/install/vehicle_msgs/include/vehicle_msgs/vehicle_msgs/msg/detail/arena_info_dynamic__type_support.h
[0.622s] -- Up-to-date: /home/bigdavid/EPSILON_ws/install/vehicle_msgs/include/vehicle_msgs/vehicle_msgs/msg/detail/lane_net__functions.c
[0.622s] -- Up-to-date: /home/bigdavid/EPSILON_ws/install/vehicle_msgs/include/vehicle_msgs/vehicle_msgs/msg/detail/polygon_obstacle__functions.c
[0.622s] -- Up-to-date: /home/bigdavid/EPSILON_ws/install/vehicle_msgs/include/vehicle_msgs/vehicle_msgs/msg/detail/control_signal__functions.c
[0.622s] -- Up-to-date: /home/bigdavid/EPSILON_ws/install/vehicle_msgs/include/vehicle_msgs/vehicle_msgs/msg/detail/free_state__functions.h
[0.622s] -- Up-to-date: /home/bigdavid/EPSILON_ws/install/vehicle_msgs/include/vehicle_msgs/vehicle_msgs/msg/detail/lane__functions.c
[0.622s] -- Up-to-date: /home/bigdavid/EPSILON_ws/install/vehicle_msgs/include/vehicle_msgs/vehicle_msgs/msg/detail/vehicle__functions.c
[0.622s] -- Up-to-date: /home/bigdavid/EPSILON_ws/install/vehicle_msgs/include/vehicle_msgs/vehicle_msgs/msg/detail/vehicle_set__functions.h
[0.622s] -- Up-to-date: /home/bigdavid/EPSILON_ws/install/vehicle_msgs/include/vehicle_msgs/vehicle_msgs/msg/detail/vehicle_param__type_support.h
[0.622s] -- Up-to-date: /home/bigdavid/EPSILON_ws/install/vehicle_msgs/include/vehicle_msgs/vehicle_msgs/msg/detail/arena_info_static__struct.h
[0.622s] -- Up-to-date: /home/bigdavid/EPSILON_ws/install/vehicle_msgs/include/vehicle_msgs/vehicle_msgs/msg/detail/arena_info__struct.h
[0.623s] -- Up-to-date: /home/bigdavid/EPSILON_ws/install/vehicle_msgs/include/vehicle_msgs/vehicle_msgs/msg/detail/circle_obstacle__functions.h
[0.623s] -- Up-to-date: /home/bigdavid/EPSILON_ws/install/vehicle_msgs/include/vehicle_msgs/vehicle_msgs/msg/detail/circle_obstacle__functions.c
[0.623s] -- Up-to-date: /home/bigdavid/EPSILON_ws/install/vehicle_msgs/include/vehicle_msgs/vehicle_msgs/msg/detail/circle__functions.c
[0.623s] -- Up-to-date: /home/bigdavid/EPSILON_ws/install/vehicle_msgs/include/vehicle_msgs/vehicle_msgs/msg/detail/arena_info_dynamic__functions.h
[0.623s] -- Up-to-date: /home/bigdavid/EPSILON_ws/install/vehicle_msgs/include/vehicle_msgs/vehicle_msgs/msg/detail/occupancy_grid_u_int8__functions.h
[0.623s] -- Up-to-date: /home/bigdavid/EPSILON_ws/install/vehicle_msgs/include/vehicle_msgs/vehicle_msgs/msg/vehicle_set.h
[0.623s] -- Up-to-date: /home/bigdavid/EPSILON_ws/install/vehicle_msgs/include/vehicle_msgs/vehicle_msgs/msg/control_signal.h
[0.623s] -- Up-to-date: /home/bigdavid/EPSILON_ws/install/vehicle_msgs/include/vehicle_msgs/vehicle_msgs/msg/free_state.h
[0.623s] -- Up-to-date: /home/bigdavid/EPSILON_ws/install/vehicle_msgs/include/vehicle_msgs/vehicle_msgs/msg/obstacle_set.h
[0.623s] -- Up-to-date: /home/bigdavid/EPSILON_ws/install/vehicle_msgs/include/vehicle_msgs/vehicle_msgs/msg/lane.h
[0.623s] -- Up-to-date: /home/bigdavid/EPSILON_ws/install/vehicle_msgs/include/vehicle_msgs/vehicle_msgs/msg/arena_info_static.h
[0.623s] -- Up-to-date: /home/bigdavid/EPSILON_ws/install/vehicle_msgs/include/vehicle_msgs/vehicle_msgs/msg/circle.h
[0.623s] -- Up-to-date: /home/bigdavid/EPSILON_ws/install/vehicle_msgs/include/vehicle_msgs/vehicle_msgs/msg/vehicle_param.h
[0.623s] -- Up-to-date: /home/bigdavid/EPSILON_ws/install/vehicle_msgs/include/vehicle_msgs/vehicle_msgs/msg/arena_info_dynamic.h
[0.623s] -- Up-to-date: /home/bigdavid/EPSILON_ws/install/vehicle_msgs/include/vehicle_msgs/vehicle_msgs/msg/rosidl_generator_c__visibility_control.h
[0.623s] -- Up-to-date: /home/bigdavid/EPSILON_ws/install/vehicle_msgs/include/vehicle_msgs/vehicle_msgs/msg/polygon_obstacle.h
[0.623s] -- Up-to-date: /home/bigdavid/EPSILON_ws/install/vehicle_msgs/include/vehicle_msgs/vehicle_msgs/msg/occupancy_grid_u_int8.h
[0.623s] -- Up-to-date: /home/bigdavid/EPSILON_ws/install/vehicle_msgs/include/vehicle_msgs/vehicle_msgs/msg/circle_obstacle.h
[0.623s] -- Up-to-date: /home/bigdavid/EPSILON_ws/install/vehicle_msgs/include/vehicle_msgs/vehicle_msgs/msg/lane_net.h
[0.623s] -- Up-to-date: /home/bigdavid/EPSILON_ws/install/vehicle_msgs/share/vehicle_msgs/environment/library_path.sh
[0.623s] -- Up-to-date: /home/bigdavid/EPSILON_ws/install/vehicle_msgs/share/vehicle_msgs/environment/library_path.dsv
[0.623s] -- Up-to-date: /home/bigdavid/EPSILON_ws/install/vehicle_msgs/lib/libvehicle_msgs__rosidl_generator_c.so
[0.623s] -- Up-to-date: /home/bigdavid/EPSILON_ws/install/vehicle_msgs/include/vehicle_msgs/vehicle_msgs
[0.624s] -- Up-to-date: /home/bigdavid/EPSILON_ws/install/vehicle_msgs/include/vehicle_msgs/vehicle_msgs/msg
[0.624s] -- Up-to-date: /home/bigdavid/EPSILON_ws/install/vehicle_msgs/include/vehicle_msgs/vehicle_msgs/msg/detail
[0.624s] -- Up-to-date: /home/bigdavid/EPSILON_ws/install/vehicle_msgs/include/vehicle_msgs/vehicle_msgs/msg/detail/arena_info__rosidl_typesupport_fastrtps_c.h
[0.624s] -- Up-to-date: /home/bigdavid/EPSILON_ws/install/vehicle_msgs/include/vehicle_msgs/vehicle_msgs/msg/detail/lane__rosidl_typesupport_fastrtps_c.h
[0.624s] -- Up-to-date: /home/bigdavid/EPSILON_ws/install/vehicle_msgs/include/vehicle_msgs/vehicle_msgs/msg/detail/arena_info_static__rosidl_typesupport_fastrtps_c.h
[0.624s] -- Up-to-date: /home/bigdavid/EPSILON_ws/install/vehicle_msgs/include/vehicle_msgs/vehicle_msgs/msg/detail/lane_net__rosidl_typesupport_fastrtps_c.h
[0.624s] -- Up-to-date: /home/bigdavid/EPSILON_ws/install/vehicle_msgs/include/vehicle_msgs/vehicle_msgs/msg/detail/vehicle_param__rosidl_typesupport_fastrtps_c.h
[0.624s] -- Up-to-date: /home/bigdavid/EPSILON_ws/install/vehicle_msgs/include/vehicle_msgs/vehicle_msgs/msg/detail/control_signal__rosidl_typesupport_fastrtps_c.h
[0.624s] -- Up-to-date: /home/bigdavid/EPSILON_ws/install/vehicle_msgs/include/vehicle_msgs/vehicle_msgs/msg/detail/circle_obstacle__rosidl_typesupport_fastrtps_c.h
[0.624s] -- Up-to-date: /home/bigdavid/EPSILON_ws/install/vehicle_msgs/include/vehicle_msgs/vehicle_msgs/msg/detail/vehicle__rosidl_typesupport_fastrtps_c.h
[0.624s] -- Up-to-date: /home/bigdavid/EPSILON_ws/install/vehicle_msgs/include/vehicle_msgs/vehicle_msgs/msg/detail/obstacle_set__rosidl_typesupport_fastrtps_c.h
[0.624s] -- Up-to-date: /home/bigdavid/EPSILON_ws/install/vehicle_msgs/include/vehicle_msgs/vehicle_msgs/msg/detail/vehicle_set__rosidl_typesupport_fastrtps_c.h
[0.624s] -- Up-to-date: /home/bigdavid/EPSILON_ws/install/vehicle_msgs/include/vehicle_msgs/vehicle_msgs/msg/detail/occupancy_grid_float__rosidl_typesupport_fastrtps_c.h
[0.624s] -- Up-to-date: /home/bigdavid/EPSILON_ws/install/vehicle_msgs/include/vehicle_msgs/vehicle_msgs/msg/detail/occupancy_grid_u_int8__rosidl_typesupport_fastrtps_c.h
[0.624s] -- Up-to-date: /home/bigdavid/EPSILON_ws/install/vehicle_msgs/include/vehicle_msgs/vehicle_msgs/msg/detail/free_state__rosidl_typesupport_fastrtps_c.h
[0.624s] -- Up-to-date: /home/bigdavid/EPSILON_ws/install/vehicle_msgs/include/vehicle_msgs/vehicle_msgs/msg/detail/arena_info_dynamic__rosidl_typesupport_fastrtps_c.h
[0.624s] -- Up-to-date: /home/bigdavid/EPSILON_ws/install/vehicle_msgs/include/vehicle_msgs/vehicle_msgs/msg/detail/polygon_obstacle__rosidl_typesupport_fastrtps_c.h
[0.624s] -- Up-to-date: /home/bigdavid/EPSILON_ws/install/vehicle_msgs/include/vehicle_msgs/vehicle_msgs/msg/detail/state__rosidl_typesupport_fastrtps_c.h
[0.624s] -- Up-to-date: /home/bigdavid/EPSILON_ws/install/vehicle_msgs/include/vehicle_msgs/vehicle_msgs/msg/detail/circle__rosidl_typesupport_fastrtps_c.h
[0.624s] -- Up-to-date: /home/bigdavid/EPSILON_ws/install/vehicle_msgs/include/vehicle_msgs/vehicle_msgs/msg/rosidl_typesupport_fastrtps_c__visibility_control.h
[0.624s] -- Up-to-date: /home/bigdavid/EPSILON_ws/install/vehicle_msgs/lib/libvehicle_msgs__rosidl_typesupport_fastrtps_c.so
[0.624s] -- Up-to-date: /home/bigdavid/EPSILON_ws/install/vehicle_msgs/include/vehicle_msgs/vehicle_msgs
[0.625s] -- Up-to-date: /home/bigdavid/EPSILON_ws/install/vehicle_msgs/include/vehicle_msgs/vehicle_msgs/msg
[0.625s] -- Up-to-date: /home/bigdavid/EPSILON_ws/install/vehicle_msgs/include/vehicle_msgs/vehicle_msgs/msg/lane.hpp
[0.625s] -- Up-to-date: /home/bigdavid/EPSILON_ws/install/vehicle_msgs/include/vehicle_msgs/vehicle_msgs/msg/obstacle_set.hpp
[0.625s] -- Up-to-date: /home/bigdavid/EPSILON_ws/install/vehicle_msgs/include/vehicle_msgs/vehicle_msgs/msg/vehicle_param.hpp
[0.625s] -- Up-to-date: /home/bigdavid/EPSILON_ws/install/vehicle_msgs/include/vehicle_msgs/vehicle_msgs/msg/arena_info_dynamic.hpp
[0.625s] -- Up-to-date: /home/bigdavid/EPSILON_ws/install/vehicle_msgs/include/vehicle_msgs/vehicle_msgs/msg/control_signal.hpp
[0.625s] -- Up-to-date: /home/bigdavid/EPSILON_ws/install/vehicle_msgs/include/vehicle_msgs/vehicle_msgs/msg/circle_obstacle.hpp
[0.625s] -- Up-to-date: /home/bigdavid/EPSILON_ws/install/vehicle_msgs/include/vehicle_msgs/vehicle_msgs/msg/arena_info_static.hpp
[0.625s] -- Up-to-date: /home/bigdavid/EPSILON_ws/install/vehicle_msgs/include/vehicle_msgs/vehicle_msgs/msg/detail
[0.625s] -- Up-to-date: /home/bigdavid/EPSILON_ws/install/vehicle_msgs/include/vehicle_msgs/vehicle_msgs/msg/detail/polygon_obstacle__type_support.hpp
[0.625s] -- Up-to-date: /home/bigdavid/EPSILON_ws/install/vehicle_msgs/include/vehicle_msgs/vehicle_msgs/msg/detail/arena_info__builder.hpp
[0.625s] -- Up-to-date: /home/bigdavid/EPSILON_ws/install/vehicle_msgs/include/vehicle_msgs/vehicle_msgs/msg/detail/arena_info_dynamic__builder.hpp
[0.625s] -- Up-to-date: /home/bigdavid/EPSILON_ws/install/vehicle_msgs/include/vehicle_msgs/vehicle_msgs/msg/detail/vehicle_set__struct.hpp
[0.625s] -- Up-to-date: /home/bigdavid/EPSILON_ws/install/vehicle_msgs/include/vehicle_msgs/vehicle_msgs/msg/detail/lane__type_support.hpp
[0.625s] -- Up-to-date: /home/bigdavid/EPSILON_ws/install/vehicle_msgs/include/vehicle_msgs/vehicle_msgs/msg/detail/obstacle_set__builder.hpp
[0.625s] -- Up-to-date: /home/bigdavid/EPSILON_ws/install/vehicle_msgs/include/vehicle_msgs/vehicle_msgs/msg/detail/occupancy_grid_u_int8__type_support.hpp
[0.625s] -- Up-to-date: /home/bigdavid/EPSILON_ws/install/vehicle_msgs/include/vehicle_msgs/vehicle_msgs/msg/detail/arena_info_static__struct.hpp
[0.625s] -- Up-to-date: /home/bigdavid/EPSILON_ws/install/vehicle_msgs/include/vehicle_msgs/vehicle_msgs/msg/detail/lane_net__type_support.hpp
[0.625s] -- Up-to-date: /home/bigdavid/EPSILON_ws/install/vehicle_msgs/include/vehicle_msgs/vehicle_msgs/msg/detail/arena_info_dynamic__type_support.hpp
[0.625s] -- Up-to-date: /home/bigdavid/EPSILON_ws/install/vehicle_msgs/include/vehicle_msgs/vehicle_msgs/msg/detail/obstacle_set__struct.hpp
[0.625s] -- Up-to-date: /home/bigdavid/EPSILON_ws/install/vehicle_msgs/include/vehicle_msgs/vehicle_msgs/msg/detail/polygon_obstacle__traits.hpp
[0.625s] -- Up-to-date: /home/bigdavid/EPSILON_ws/install/vehicle_msgs/include/vehicle_msgs/vehicle_msgs/msg/detail/circle__type_support.hpp
[0.626s] -- Up-to-date: /home/bigdavid/EPSILON_ws/install/vehicle_msgs/include/vehicle_msgs/vehicle_msgs/msg/detail/control_signal__struct.hpp
[0.626s] -- Up-to-date: /home/bigdavid/EPSILON_ws/install/vehicle_msgs/include/vehicle_msgs/vehicle_msgs/msg/detail/lane_net__builder.hpp
[0.626s] -- Up-to-date: /home/bigdavid/EPSILON_ws/install/vehicle_msgs/include/vehicle_msgs/vehicle_msgs/msg/detail/arena_info__traits.hpp
[0.626s] -- Up-to-date: /home/bigdavid/EPSILON_ws/install/vehicle_msgs/include/vehicle_msgs/vehicle_msgs/msg/detail/arena_info_static__traits.hpp
[0.626s] -- Up-to-date: /home/bigdavid/EPSILON_ws/install/vehicle_msgs/include/vehicle_msgs/vehicle_msgs/msg/detail/free_state__builder.hpp
[0.626s] -- Up-to-date: /home/bigdavid/EPSILON_ws/install/vehicle_msgs/include/vehicle_msgs/vehicle_msgs/msg/detail/arena_info_dynamic__traits.hpp
[0.626s] -- Up-to-date: /home/bigdavid/EPSILON_ws/install/vehicle_msgs/include/vehicle_msgs/vehicle_msgs/msg/detail/arena_info__struct.hpp
[0.626s] -- Up-to-date: /home/bigdavid/EPSILON_ws/install/vehicle_msgs/include/vehicle_msgs/vehicle_msgs/msg/detail/vehicle_set__builder.hpp
[0.626s] -- Up-to-date: /home/bigdavid/EPSILON_ws/install/vehicle_msgs/include/vehicle_msgs/vehicle_msgs/msg/detail/circle_obstacle__builder.hpp
[0.626s] -- Up-to-date: /home/bigdavid/EPSILON_ws/install/vehicle_msgs/include/vehicle_msgs/vehicle_msgs/msg/detail/vehicle_set__traits.hpp
[0.626s] -- Up-to-date: /home/bigdavid/EPSILON_ws/install/vehicle_msgs/include/vehicle_msgs/vehicle_msgs/msg/detail/vehicle_param__struct.hpp
[0.626s] -- Up-to-date: /home/bigdavid/EPSILON_ws/install/vehicle_msgs/include/vehicle_msgs/vehicle_msgs/msg/detail/vehicle__builder.hpp
[0.626s] -- Up-to-date: /home/bigdavid/EPSILON_ws/install/vehicle_msgs/include/vehicle_msgs/vehicle_msgs/msg/detail/occupancy_grid_float__builder.hpp
[0.626s] -- Up-to-date: /home/bigdavid/EPSILON_ws/install/vehicle_msgs/include/vehicle_msgs/vehicle_msgs/msg/detail/state__type_support.hpp
[0.626s] -- Up-to-date: /home/bigdavid/EPSILON_ws/install/vehicle_msgs/include/vehicle_msgs/vehicle_msgs/msg/detail/circle__builder.hpp
[0.626s] -- Up-to-date: /home/bigdavid/EPSILON_ws/install/vehicle_msgs/include/vehicle_msgs/vehicle_msgs/msg/detail/arena_info__type_support.hpp
[0.626s] -- Up-to-date: /home/bigdavid/EPSILON_ws/install/vehicle_msgs/include/vehicle_msgs/vehicle_msgs/msg/detail/free_state__struct.hpp
[0.626s] -- Up-to-date: /home/bigdavid/EPSILON_ws/install/vehicle_msgs/include/vehicle_msgs/vehicle_msgs/msg/detail/state__traits.hpp
[0.626s] -- Up-to-date: /home/bigdavid/EPSILON_ws/install/vehicle_msgs/include/vehicle_msgs/vehicle_msgs/msg/detail/vehicle_param__traits.hpp
[0.626s] -- Up-to-date: /home/bigdavid/EPSILON_ws/install/vehicle_msgs/include/vehicle_msgs/vehicle_msgs/msg/detail/state__builder.hpp
[0.626s] -- Up-to-date: /home/bigdavid/EPSILON_ws/install/vehicle_msgs/include/vehicle_msgs/vehicle_msgs/msg/detail/occupancy_grid_float__traits.hpp
[0.626s] -- Up-to-date: /home/bigdavid/EPSILON_ws/install/vehicle_msgs/include/vehicle_msgs/vehicle_msgs/msg/detail/vehicle__type_support.hpp
[0.626s] -- Up-to-date: /home/bigdavid/EPSILON_ws/install/vehicle_msgs/include/vehicle_msgs/vehicle_msgs/msg/detail/free_state__type_support.hpp
[0.627s] -- Up-to-date: /home/bigdavid/EPSILON_ws/install/vehicle_msgs/include/vehicle_msgs/vehicle_msgs/msg/detail/occupancy_grid_float__struct.hpp
[0.627s] -- Up-to-date: /home/bigdavid/EPSILON_ws/install/vehicle_msgs/include/vehicle_msgs/vehicle_msgs/msg/detail/circle_obstacle__type_support.hpp
[0.627s] -- Up-to-date: /home/bigdavid/EPSILON_ws/install/vehicle_msgs/include/vehicle_msgs/vehicle_msgs/msg/detail/polygon_obstacle__builder.hpp
[0.627s] -- Up-to-date: /home/bigdavid/EPSILON_ws/install/vehicle_msgs/include/vehicle_msgs/vehicle_msgs/msg/detail/occupancy_grid_float__type_support.hpp
[0.627s] -- Up-to-date: /home/bigdavid/EPSILON_ws/install/vehicle_msgs/include/vehicle_msgs/vehicle_msgs/msg/detail/occupancy_grid_u_int8__builder.hpp
[0.627s] -- Up-to-date: /home/bigdavid/EPSILON_ws/install/vehicle_msgs/include/vehicle_msgs/vehicle_msgs/msg/detail/vehicle__traits.hpp
[0.627s] -- Up-to-date: /home/bigdavid/EPSILON_ws/install/vehicle_msgs/include/vehicle_msgs/vehicle_msgs/msg/detail/circle_obstacle__struct.hpp
[0.627s] -- Up-to-date: /home/bigdavid/EPSILON_ws/install/vehicle_msgs/include/vehicle_msgs/vehicle_msgs/msg/detail/arena_info_dynamic__struct.hpp
[0.627s] -- Up-to-date: /home/bigdavid/EPSILON_ws/install/vehicle_msgs/include/vehicle_msgs/vehicle_msgs/msg/detail/vehicle_set__type_support.hpp
[0.627s] -- Up-to-date: /home/bigdavid/EPSILON_ws/install/vehicle_msgs/include/vehicle_msgs/vehicle_msgs/msg/detail/lane__builder.hpp
[0.627s] -- Up-to-date: /home/bigdavid/EPSILON_ws/install/vehicle_msgs/include/vehicle_msgs/vehicle_msgs/msg/detail/control_signal__type_support.hpp
[0.627s] -- Up-to-date: /home/bigdavid/EPSILON_ws/install/vehicle_msgs/include/vehicle_msgs/vehicle_msgs/msg/detail/vehicle_param__type_support.hpp
[0.627s] -- Up-to-date: /home/bigdavid/EPSILON_ws/install/vehicle_msgs/include/vehicle_msgs/vehicle_msgs/msg/detail/circle__traits.hpp
[0.627s] -- Up-to-date: /home/bigdavid/EPSILON_ws/install/vehicle_msgs/include/vehicle_msgs/vehicle_msgs/msg/detail/circle_obstacle__traits.hpp
[0.627s] -- Up-to-date: /home/bigdavid/EPSILON_ws/install/vehicle_msgs/include/vehicle_msgs/vehicle_msgs/msg/detail/lane_net__traits.hpp
[0.627s] -- Up-to-date: /home/bigdavid/EPSILON_ws/install/vehicle_msgs/include/vehicle_msgs/vehicle_msgs/msg/detail/arena_info_static__type_support.hpp
[0.627s] -- Up-to-date: /home/bigdavid/EPSILON_ws/install/vehicle_msgs/include/vehicle_msgs/vehicle_msgs/msg/detail/occupancy_grid_u_int8__traits.hpp
[0.627s] -- Up-to-date: /home/bigdavid/EPSILON_ws/install/vehicle_msgs/include/vehicle_msgs/vehicle_msgs/msg/detail/occupancy_grid_u_int8__struct.hpp
[0.627s] -- Up-to-date: /home/bigdavid/EPSILON_ws/install/vehicle_msgs/include/vehicle_msgs/vehicle_msgs/msg/detail/state__struct.hpp
[0.627s] -- Up-to-date: /home/bigdavid/EPSILON_ws/install/vehicle_msgs/include/vehicle_msgs/vehicle_msgs/msg/detail/obstacle_set__type_support.hpp
[0.627s] -- Up-to-date: /home/bigdavid/EPSILON_ws/install/vehicle_msgs/include/vehicle_msgs/vehicle_msgs/msg/detail/control_signal__builder.hpp
[0.627s] -- Up-to-date: /home/bigdavid/EPSILON_ws/install/vehicle_msgs/include/vehicle_msgs/vehicle_msgs/msg/detail/lane_net__struct.hpp
[0.628s] -- Up-to-date: /home/bigdavid/EPSILON_ws/install/vehicle_msgs/include/vehicle_msgs/vehicle_msgs/msg/detail/lane__struct.hpp
[0.628s] -- Up-to-date: /home/bigdavid/EPSILON_ws/install/vehicle_msgs/include/vehicle_msgs/vehicle_msgs/msg/detail/obstacle_set__traits.hpp
[0.628s] -- Up-to-date: /home/bigdavid/EPSILON_ws/install/vehicle_msgs/include/vehicle_msgs/vehicle_msgs/msg/detail/circle__struct.hpp
[0.628s] -- Up-to-date: /home/bigdavid/EPSILON_ws/install/vehicle_msgs/include/vehicle_msgs/vehicle_msgs/msg/detail/free_state__traits.hpp
[0.628s] -- Up-to-date: /home/bigdavid/EPSILON_ws/install/vehicle_msgs/include/vehicle_msgs/vehicle_msgs/msg/detail/control_signal__traits.hpp
[0.628s] -- Up-to-date: /home/bigdavid/EPSILON_ws/install/vehicle_msgs/include/vehicle_msgs/vehicle_msgs/msg/detail/polygon_obstacle__struct.hpp
[0.628s] -- Up-to-date: /home/bigdavid/EPSILON_ws/install/vehicle_msgs/include/vehicle_msgs/vehicle_msgs/msg/detail/vehicle__struct.hpp
[0.628s] -- Up-to-date: /home/bigdavid/EPSILON_ws/install/vehicle_msgs/include/vehicle_msgs/vehicle_msgs/msg/detail/lane__traits.hpp
[0.628s] -- Up-to-date: /home/bigdavid/EPSILON_ws/install/vehicle_msgs/include/vehicle_msgs/vehicle_msgs/msg/detail/arena_info_static__builder.hpp
[0.628s] -- Up-to-date: /home/bigdavid/EPSILON_ws/install/vehicle_msgs/include/vehicle_msgs/vehicle_msgs/msg/detail/vehicle_param__builder.hpp
[0.628s] -- Up-to-date: /home/bigdavid/EPSILON_ws/install/vehicle_msgs/include/vehicle_msgs/vehicle_msgs/msg/free_state.hpp
[0.628s] -- Up-to-date: /home/bigdavid/EPSILON_ws/install/vehicle_msgs/include/vehicle_msgs/vehicle_msgs/msg/arena_info.hpp
[0.628s] -- Up-to-date: /home/bigdavid/EPSILON_ws/install/vehicle_msgs/include/vehicle_msgs/vehicle_msgs/msg/vehicle.hpp
[0.628s] -- Up-to-date: /home/bigdavid/EPSILON_ws/install/vehicle_msgs/include/vehicle_msgs/vehicle_msgs/msg/circle.hpp
[0.628s] -- Up-to-date: /home/bigdavid/EPSILON_ws/install/vehicle_msgs/include/vehicle_msgs/vehicle_msgs/msg/rosidl_generator_cpp__visibility_control.hpp
[0.628s] -- Up-to-date: /home/bigdavid/EPSILON_ws/install/vehicle_msgs/include/vehicle_msgs/vehicle_msgs/msg/lane_net.hpp
[0.628s] -- Up-to-date: /home/bigdavid/EPSILON_ws/install/vehicle_msgs/include/vehicle_msgs/vehicle_msgs/msg/state.hpp
[0.628s] -- Up-to-date: /home/bigdavid/EPSILON_ws/install/vehicle_msgs/include/vehicle_msgs/vehicle_msgs/msg/vehicle_set.hpp
[0.628s] -- Up-to-date: /home/bigdavid/EPSILON_ws/install/vehicle_msgs/include/vehicle_msgs/vehicle_msgs/msg/occupancy_grid_float.hpp
[0.628s] -- Up-to-date: /home/bigdavid/EPSILON_ws/install/vehicle_msgs/include/vehicle_msgs/vehicle_msgs/msg/polygon_obstacle.hpp
[0.628s] -- Up-to-date: /home/bigdavid/EPSILON_ws/install/vehicle_msgs/include/vehicle_msgs/vehicle_msgs/msg/occupancy_grid_u_int8.hpp
[0.628s] -- Up-to-date: /home/bigdavid/EPSILON_ws/install/vehicle_msgs/include/vehicle_msgs/vehicle_msgs
[0.628s] -- Up-to-date: /home/bigdavid/EPSILON_ws/install/vehicle_msgs/include/vehicle_msgs/vehicle_msgs/msg
[0.629s] -- Up-to-date: /home/bigdavid/EPSILON_ws/install/vehicle_msgs/include/vehicle_msgs/vehicle_msgs/msg/rosidl_typesupport_fastrtps_cpp__visibility_control.h
[0.629s] -- Up-to-date: /home/bigdavid/EPSILON_ws/install/vehicle_msgs/include/vehicle_msgs/vehicle_msgs/msg/detail
[0.629s] -- Up-to-date: /home/bigdavid/EPSILON_ws/install/vehicle_msgs/include/vehicle_msgs/vehicle_msgs/msg/detail/lane_net__rosidl_typesupport_fastrtps_cpp.hpp
[0.629s] -- Up-to-date: /home/bigdavid/EPSILON_ws/install/vehicle_msgs/include/vehicle_msgs/vehicle_msgs/msg/detail/obstacle_set__rosidl_typesupport_fastrtps_cpp.hpp
[0.629s] -- Up-to-date: /home/bigdavid/EPSILON_ws/install/vehicle_msgs/include/vehicle_msgs/vehicle_msgs/msg/detail/circle__rosidl_typesupport_fastrtps_cpp.hpp
[0.629s] -- Up-to-date: /home/bigdavid/EPSILON_ws/install/vehicle_msgs/include/vehicle_msgs/vehicle_msgs/msg/detail/control_signal__rosidl_typesupport_fastrtps_cpp.hpp
[0.629s] -- Up-to-date: /home/bigdavid/EPSILON_ws/install/vehicle_msgs/include/vehicle_msgs/vehicle_msgs/msg/detail/occupancy_grid_float__rosidl_typesupport_fastrtps_cpp.hpp
[0.629s] -- Up-to-date: /home/bigdavid/EPSILON_ws/install/vehicle_msgs/include/vehicle_msgs/vehicle_msgs/msg/detail/occupancy_grid_u_int8__rosidl_typesupport_fastrtps_cpp.hpp
[0.629s] -- Up-to-date: /home/bigdavid/EPSILON_ws/install/vehicle_msgs/include/vehicle_msgs/vehicle_msgs/msg/detail/vehicle_set__rosidl_typesupport_fastrtps_cpp.hpp
[0.629s] -- Up-to-date: /home/bigdavid/EPSILON_ws/install/vehicle_msgs/include/vehicle_msgs/vehicle_msgs/msg/detail/state__rosidl_typesupport_fastrtps_cpp.hpp
[0.629s] -- Up-to-date: /home/bigdavid/EPSILON_ws/install/vehicle_msgs/include/vehicle_msgs/vehicle_msgs/msg/detail/arena_info__rosidl_typesupport_fastrtps_cpp.hpp
[0.629s] -- Up-to-date: /home/bigdavid/EPSILON_ws/install/vehicle_msgs/include/vehicle_msgs/vehicle_msgs/msg/detail/free_state__rosidl_typesupport_fastrtps_cpp.hpp
[0.629s] -- Up-to-date: /home/bigdavid/EPSILON_ws/install/vehicle_msgs/include/vehicle_msgs/vehicle_msgs/msg/detail/vehicle_param__rosidl_typesupport_fastrtps_cpp.hpp
[0.629s] -- Up-to-date: /home/bigdavid/EPSILON_ws/install/vehicle_msgs/include/vehicle_msgs/vehicle_msgs/msg/detail/arena_info_static__rosidl_typesupport_fastrtps_cpp.hpp
[0.629s] -- Up-to-date: /home/bigdavid/EPSILON_ws/install/vehicle_msgs/include/vehicle_msgs/vehicle_msgs/msg/detail/circle_obstacle__rosidl_typesupport_fastrtps_cpp.hpp
[0.629s] -- Up-to-date: /home/bigdavid/EPSILON_ws/install/vehicle_msgs/include/vehicle_msgs/vehicle_msgs/msg/detail/vehicle__rosidl_typesupport_fastrtps_cpp.hpp
[0.629s] -- Up-to-date: /home/bigdavid/EPSILON_ws/install/vehicle_msgs/include/vehicle_msgs/vehicle_msgs/msg/detail/lane__rosidl_typesupport_fastrtps_cpp.hpp
[0.629s] -- Up-to-date: /home/bigdavid/EPSILON_ws/install/vehicle_msgs/include/vehicle_msgs/vehicle_msgs/msg/detail/arena_info_dynamic__rosidl_typesupport_fastrtps_cpp.hpp
[0.629s] -- Up-to-date: /home/bigdavid/EPSILON_ws/install/vehicle_msgs/include/vehicle_msgs/vehicle_msgs/msg/detail/polygon_obstacle__rosidl_typesupport_fastrtps_cpp.hpp
[0.630s] -- Up-to-date: /home/bigdavid/EPSILON_ws/install/vehicle_msgs/include/vehicle_msgs/vehicle_msgs/msg/detail/dds_fastrtps
[0.630s] -- Up-to-date: /home/bigdavid/EPSILON_ws/install/vehicle_msgs/lib/libvehicle_msgs__rosidl_typesupport_fastrtps_cpp.so
[0.630s] -- Up-to-date: /home/bigdavid/EPSILON_ws/install/vehicle_msgs/include/vehicle_msgs/vehicle_msgs
[0.630s] -- Up-to-date: /home/bigdavid/EPSILON_ws/install/vehicle_msgs/include/vehicle_msgs/vehicle_msgs/msg
[0.630s] -- Up-to-date: /home/bigdavid/EPSILON_ws/install/vehicle_msgs/include/vehicle_msgs/vehicle_msgs/msg/rosidl_typesupport_introspection_c__visibility_control.h
[0.630s] -- Up-to-date: /home/bigdavid/EPSILON_ws/install/vehicle_msgs/include/vehicle_msgs/vehicle_msgs/msg/detail
[0.630s] -- Up-to-date: /home/bigdavid/EPSILON_ws/install/vehicle_msgs/include/vehicle_msgs/vehicle_msgs/msg/detail/arena_info_static__rosidl_typesupport_introspection_c.h
[0.630s] -- Up-to-date: /home/bigdavid/EPSILON_ws/install/vehicle_msgs/include/vehicle_msgs/vehicle_msgs/msg/detail/occupancy_grid_u_int8__type_support.c
[0.630s] -- Up-to-date: /home/bigdavid/EPSILON_ws/install/vehicle_msgs/include/vehicle_msgs/vehicle_msgs/msg/detail/vehicle_param__type_support.c
[0.630s] -- Up-to-date: /home/bigdavid/EPSILON_ws/install/vehicle_msgs/include/vehicle_msgs/vehicle_msgs/msg/detail/control_signal__type_support.c
[0.630s] -- Up-to-date: /home/bigdavid/EPSILON_ws/install/vehicle_msgs/include/vehicle_msgs/vehicle_msgs/msg/detail/arena_info_static__type_support.c
[0.630s] -- Up-to-date: /home/bigdavid/EPSILON_ws/install/vehicle_msgs/include/vehicle_msgs/vehicle_msgs/msg/detail/circle_obstacle__rosidl_typesupport_introspection_c.h
[0.630s] -- Up-to-date: /home/bigdavid/EPSILON_ws/install/vehicle_msgs/include/vehicle_msgs/vehicle_msgs/msg/detail/circle__rosidl_typesupport_introspection_c.h
[0.630s] -- Up-to-date: /home/bigdavid/EPSILON_ws/install/vehicle_msgs/include/vehicle_msgs/vehicle_msgs/msg/detail/free_state__type_support.c
[0.630s] -- Up-to-date: /home/bigdavid/EPSILON_ws/install/vehicle_msgs/include/vehicle_msgs/vehicle_msgs/msg/detail/arena_info__rosidl_typesupport_introspection_c.h
[0.630s] -- Up-to-date: /home/bigdavid/EPSILON_ws/install/vehicle_msgs/include/vehicle_msgs/vehicle_msgs/msg/detail/state__rosidl_typesupport_introspection_c.h
[0.630s] -- Up-to-date: /home/bigdavid/EPSILON_ws/install/vehicle_msgs/include/vehicle_msgs/vehicle_msgs/msg/detail/vehicle__rosidl_typesupport_introspection_c.h
[0.630s] -- Up-to-date: /home/bigdavid/EPSILON_ws/install/vehicle_msgs/include/vehicle_msgs/vehicle_msgs/msg/detail/lane__rosidl_typesupport_introspection_c.h
[0.630s] -- Up-to-date: /home/bigdavid/EPSILON_ws/install/vehicle_msgs/include/vehicle_msgs/vehicle_msgs/msg/detail/lane_net__type_support.c
[0.630s] -- Up-to-date: /home/bigdavid/EPSILON_ws/install/vehicle_msgs/include/vehicle_msgs/vehicle_msgs/msg/detail/circle_obstacle__type_support.c
[0.630s] -- Up-to-date: /home/bigdavid/EPSILON_ws/install/vehicle_msgs/include/vehicle_msgs/vehicle_msgs/msg/detail/vehicle_param__rosidl_typesupport_introspection_c.h
[0.631s] -- Up-to-date: /home/bigdavid/EPSILON_ws/install/vehicle_msgs/include/vehicle_msgs/vehicle_msgs/msg/detail/arena_info_dynamic__type_support.c
[0.631s] -- Up-to-date: /home/bigdavid/EPSILON_ws/install/vehicle_msgs/include/vehicle_msgs/vehicle_msgs/msg/detail/arena_info_dynamic__rosidl_typesupport_introspection_c.h
[0.631s] -- Up-to-date: /home/bigdavid/EPSILON_ws/install/vehicle_msgs/include/vehicle_msgs/vehicle_msgs/msg/detail/lane_net__rosidl_typesupport_introspection_c.h
[0.631s] -- Up-to-date: /home/bigdavid/EPSILON_ws/install/vehicle_msgs/include/vehicle_msgs/vehicle_msgs/msg/detail/arena_info__type_support.c
[0.631s] -- Up-to-date: /home/bigdavid/EPSILON_ws/install/vehicle_msgs/include/vehicle_msgs/vehicle_msgs/msg/detail/occupancy_grid_u_int8__rosidl_typesupport_introspection_c.h
[0.631s] -- Up-to-date: /home/bigdavid/EPSILON_ws/install/vehicle_msgs/include/vehicle_msgs/vehicle_msgs/msg/detail/polygon_obstacle__rosidl_typesupport_introspection_c.h
[0.631s] -- Up-to-date: /home/bigdavid/EPSILON_ws/install/vehicle_msgs/include/vehicle_msgs/vehicle_msgs/msg/detail/obstacle_set__type_support.c
[0.631s] -- Up-to-date: /home/bigdavid/EPSILON_ws/install/vehicle_msgs/include/vehicle_msgs/vehicle_msgs/msg/detail/occupancy_grid_float__type_support.c
[0.631s] -- Up-to-date: /home/bigdavid/EPSILON_ws/install/vehicle_msgs/include/vehicle_msgs/vehicle_msgs/msg/detail/occupancy_grid_float__rosidl_typesupport_introspection_c.h
[0.631s] -- Up-to-date: /home/bigdavid/EPSILON_ws/install/vehicle_msgs/include/vehicle_msgs/vehicle_msgs/msg/detail/lane__type_support.c
[0.631s] -- Up-to-date: /home/bigdavid/EPSILON_ws/install/vehicle_msgs/include/vehicle_msgs/vehicle_msgs/msg/detail/circle__type_support.c
[0.631s] -- Up-to-date: /home/bigdavid/EPSILON_ws/install/vehicle_msgs/include/vehicle_msgs/vehicle_msgs/msg/detail/vehicle_set__rosidl_typesupport_introspection_c.h
[0.631s] -- Up-to-date: /home/bigdavid/EPSILON_ws/install/vehicle_msgs/include/vehicle_msgs/vehicle_msgs/msg/detail/polygon_obstacle__type_support.c
[0.631s] -- Up-to-date: /home/bigdavid/EPSILON_ws/install/vehicle_msgs/include/vehicle_msgs/vehicle_msgs/msg/detail/obstacle_set__rosidl_typesupport_introspection_c.h
[0.631s] -- Up-to-date: /home/bigdavid/EPSILON_ws/install/vehicle_msgs/include/vehicle_msgs/vehicle_msgs/msg/detail/control_signal__rosidl_typesupport_introspection_c.h
[0.631s] -- Up-to-date: /home/bigdavid/EPSILON_ws/install/vehicle_msgs/include/vehicle_msgs/vehicle_msgs/msg/detail/vehicle__type_support.c
[0.631s] -- Up-to-date: /home/bigdavid/EPSILON_ws/install/vehicle_msgs/include/vehicle_msgs/vehicle_msgs/msg/detail/vehicle_set__type_support.c
[0.631s] -- Up-to-date: /home/bigdavid/EPSILON_ws/install/vehicle_msgs/include/vehicle_msgs/vehicle_msgs/msg/detail/state__type_support.c
[0.631s] -- Up-to-date: /home/bigdavid/EPSILON_ws/install/vehicle_msgs/include/vehicle_msgs/vehicle_msgs/msg/detail/free_state__rosidl_typesupport_introspection_c.h
[0.631s] -- Up-to-date: /home/bigdavid/EPSILON_ws/install/vehicle_msgs/lib/libvehicle_msgs__rosidl_typesupport_introspection_c.so
[0.631s] -- Up-to-date: /home/bigdavid/EPSILON_ws/install/vehicle_msgs/lib/libvehicle_msgs__rosidl_typesupport_c.so
[0.631s] -- Up-to-date: /home/bigdavid/EPSILON_ws/install/vehicle_msgs/include/vehicle_msgs/vehicle_msgs
[0.631s] -- Up-to-date: /home/bigdavid/EPSILON_ws/install/vehicle_msgs/include/vehicle_msgs/vehicle_msgs/msg
[0.632s] -- Up-to-date: /home/bigdavid/EPSILON_ws/install/vehicle_msgs/include/vehicle_msgs/vehicle_msgs/msg/detail
[0.632s] -- Up-to-date: /home/bigdavid/EPSILON_ws/install/vehicle_msgs/include/vehicle_msgs/vehicle_msgs/msg/detail/control_signal__type_support.cpp
[0.632s] -- Up-to-date: /home/bigdavid/EPSILON_ws/install/vehicle_msgs/include/vehicle_msgs/vehicle_msgs/msg/detail/lane_net__rosidl_typesupport_introspection_cpp.hpp
[0.632s] -- Up-to-date: /home/bigdavid/EPSILON_ws/install/vehicle_msgs/include/vehicle_msgs/vehicle_msgs/msg/detail/occupancy_grid_u_int8__rosidl_typesupport_introspection_cpp.hpp
[0.632s] -- Up-to-date: /home/bigdavid/EPSILON_ws/install/vehicle_msgs/include/vehicle_msgs/vehicle_msgs/msg/detail/vehicle__type_support.cpp
[0.632s] -- Up-to-date: /home/bigdavid/EPSILON_ws/install/vehicle_msgs/include/vehicle_msgs/vehicle_msgs/msg/detail/polygon_obstacle__rosidl_typesupport_introspection_cpp.hpp
[0.632s] -- Up-to-date: /home/bigdavid/EPSILON_ws/install/vehicle_msgs/include/vehicle_msgs/vehicle_msgs/msg/detail/vehicle_param__type_support.cpp
[0.632s] -- Up-to-date: /home/bigdavid/EPSILON_ws/install/vehicle_msgs/include/vehicle_msgs/vehicle_msgs/msg/detail/obstacle_set__type_support.cpp
[0.632s] -- Up-to-date: /home/bigdavid/EPSILON_ws/install/vehicle_msgs/include/vehicle_msgs/vehicle_msgs/msg/detail/occupancy_grid_float__rosidl_typesupport_introspection_cpp.hpp
[0.632s] -- Up-to-date: /home/bigdavid/EPSILON_ws/install/vehicle_msgs/include/vehicle_msgs/vehicle_msgs/msg/detail/circle__rosidl_typesupport_introspection_cpp.hpp
[0.632s] -- Up-to-date: /home/bigdavid/EPSILON_ws/install/vehicle_msgs/include/vehicle_msgs/vehicle_msgs/msg/detail/circle_obstacle__type_support.cpp
[0.632s] -- Up-to-date: /home/bigdavid/EPSILON_ws/install/vehicle_msgs/include/vehicle_msgs/vehicle_msgs/msg/detail/obstacle_set__rosidl_typesupport_introspection_cpp.hpp
[0.632s] -- Up-to-date: /home/bigdavid/EPSILON_ws/install/vehicle_msgs/include/vehicle_msgs/vehicle_msgs/msg/detail/arena_info_static__rosidl_typesupport_introspection_cpp.hpp
[0.632s] -- Up-to-date: /home/bigdavid/EPSILON_ws/install/vehicle_msgs/include/vehicle_msgs/vehicle_msgs/msg/detail/vehicle_set__rosidl_typesupport_introspection_cpp.hpp
[0.632s] -- Up-to-date: /home/bigdavid/EPSILON_ws/install/vehicle_msgs/include/vehicle_msgs/vehicle_msgs/msg/detail/arena_info__rosidl_typesupport_introspection_cpp.hpp
[0.632s] -- Up-to-date: /home/bigdavid/EPSILON_ws/install/vehicle_msgs/include/vehicle_msgs/vehicle_msgs/msg/detail/circle_obstacle__rosidl_typesupport_introspection_cpp.hpp
[0.632s] -- Up-to-date: /home/bigdavid/EPSILON_ws/install/vehicle_msgs/include/vehicle_msgs/vehicle_msgs/msg/detail/free_state__type_support.cpp
[0.632s] -- Up-to-date: /home/bigdavid/EPSILON_ws/install/vehicle_msgs/include/vehicle_msgs/vehicle_msgs/msg/detail/control_signal__rosidl_typesupport_introspection_cpp.hpp
[0.632s] -- Up-to-date: /home/bigdavid/EPSILON_ws/install/vehicle_msgs/include/vehicle_msgs/vehicle_msgs/msg/detail/lane__type_support.cpp
[0.632s] -- Up-to-date: /home/bigdavid/EPSILON_ws/install/vehicle_msgs/include/vehicle_msgs/vehicle_msgs/msg/detail/polygon_obstacle__type_support.cpp
[0.632s] -- Up-to-date: /home/bigdavid/EPSILON_ws/install/vehicle_msgs/include/vehicle_msgs/vehicle_msgs/msg/detail/lane_net__type_support.cpp
[0.632s] -- Up-to-date: /home/bigdavid/EPSILON_ws/install/vehicle_msgs/include/vehicle_msgs/vehicle_msgs/msg/detail/arena_info_dynamic__rosidl_typesupport_introspection_cpp.hpp
[0.633s] -- Up-to-date: /home/bigdavid/EPSILON_ws/install/vehicle_msgs/include/vehicle_msgs/vehicle_msgs/msg/detail/arena_info__type_support.cpp
[0.633s] -- Up-to-date: /home/bigdavid/EPSILON_ws/install/vehicle_msgs/include/vehicle_msgs/vehicle_msgs/msg/detail/state__rosidl_typesupport_introspection_cpp.hpp
[0.633s] -- Up-to-date: /home/bigdavid/EPSILON_ws/install/vehicle_msgs/include/vehicle_msgs/vehicle_msgs/msg/detail/arena_info_dynamic__type_support.cpp
[0.633s] -- Up-to-date: /home/bigdavid/EPSILON_ws/install/vehicle_msgs/include/vehicle_msgs/vehicle_msgs/msg/detail/lane__rosidl_typesupport_introspection_cpp.hpp
[0.633s] -- Up-to-date: /home/bigdavid/EPSILON_ws/install/vehicle_msgs/include/vehicle_msgs/vehicle_msgs/msg/detail/occupancy_grid_float__type_support.cpp
[0.633s] -- Up-to-date: /home/bigdavid/EPSILON_ws/install/vehicle_msgs/include/vehicle_msgs/vehicle_msgs/msg/detail/state__type_support.cpp
[0.633s] -- Up-to-date: /home/bigdavid/EPSILON_ws/install/vehicle_msgs/include/vehicle_msgs/vehicle_msgs/msg/detail/occupancy_grid_u_int8__type_support.cpp
[0.633s] -- Up-to-date: /home/bigdavid/EPSILON_ws/install/vehicle_msgs/include/vehicle_msgs/vehicle_msgs/msg/detail/circle__type_support.cpp
[0.633s] -- Up-to-date: /home/bigdavid/EPSILON_ws/install/vehicle_msgs/include/vehicle_msgs/vehicle_msgs/msg/detail/vehicle_set__type_support.cpp
[0.633s] -- Up-to-date: /home/bigdavid/EPSILON_ws/install/vehicle_msgs/include/vehicle_msgs/vehicle_msgs/msg/detail/vehicle__rosidl_typesupport_introspection_cpp.hpp
[0.633s] -- Up-to-date: /home/bigdavid/EPSILON_ws/install/vehicle_msgs/include/vehicle_msgs/vehicle_msgs/msg/detail/arena_info_static__type_support.cpp
[0.633s] -- Up-to-date: /home/bigdavid/EPSILON_ws/install/vehicle_msgs/include/vehicle_msgs/vehicle_msgs/msg/detail/vehicle_param__rosidl_typesupport_introspection_cpp.hpp
[0.633s] -- Up-to-date: /home/bigdavid/EPSILON_ws/install/vehicle_msgs/include/vehicle_msgs/vehicle_msgs/msg/detail/free_state__rosidl_typesupport_introspection_cpp.hpp
[0.633s] -- Up-to-date: /home/bigdavid/EPSILON_ws/install/vehicle_msgs/lib/libvehicle_msgs__rosidl_typesupport_introspection_cpp.so
[0.633s] -- Up-to-date: /home/bigdavid/EPSILON_ws/install/vehicle_msgs/lib/libvehicle_msgs__rosidl_typesupport_cpp.so
[0.633s] -- Up-to-date: /home/bigdavid/EPSILON_ws/install/vehicle_msgs/share/vehicle_msgs/environment/pythonpath.sh
[0.633s] -- Up-to-date: /home/bigdavid/EPSILON_ws/install/vehicle_msgs/share/vehicle_msgs/environment/pythonpath.dsv
[0.633s] -- Up-to-date: /home/bigdavid/EPSILON_ws/install/vehicle_msgs/local/lib/python3.10/dist-packages/vehicle_msgs-0.0.1-py3.10.egg-info
[0.633s] -- Installing: /home/bigdavid/EPSILON_ws/install/vehicle_msgs/local/lib/python3.10/dist-packages/vehicle_msgs-0.0.1-py3.10.egg-info/top_level.txt
[0.633s] -- Installing: /home/bigdavid/EPSILON_ws/install/vehicle_msgs/local/lib/python3.10/dist-packages/vehicle_msgs-0.0.1-py3.10.egg-info/dependency_links.txt
[0.633s] -- Installing: /home/bigdavid/EPSILON_ws/install/vehicle_msgs/local/lib/python3.10/dist-packages/vehicle_msgs-0.0.1-py3.10.egg-info/PKG-INFO
[0.633s] -- Installing: /home/bigdavid/EPSILON_ws/install/vehicle_msgs/local/lib/python3.10/dist-packages/vehicle_msgs-0.0.1-py3.10.egg-info/SOURCES.txt
[0.634s] -- Up-to-date: /home/bigdavid/EPSILON_ws/install/vehicle_msgs/local/lib/python3.10/dist-packages/vehicle_msgs
[0.634s] -- Up-to-date: /home/bigdavid/EPSILON_ws/install/vehicle_msgs/local/lib/python3.10/dist-packages/vehicle_msgs/libvehicle_msgs__rosidl_generator_py.so
[0.634s] -- Up-to-date: /home/bigdavid/EPSILON_ws/install/vehicle_msgs/local/lib/python3.10/dist-packages/vehicle_msgs/_vehicle_msgs_s.ep.rosidl_typesupport_introspection_c.c
[0.634s] -- Up-to-date: /home/bigdavid/EPSILON_ws/install/vehicle_msgs/local/lib/python3.10/dist-packages/vehicle_msgs/_vehicle_msgs_s.ep.rosidl_typesupport_c.c
[0.634s] -- Up-to-date: /home/bigdavid/EPSILON_ws/install/vehicle_msgs/local/lib/python3.10/dist-packages/vehicle_msgs/vehicle_msgs_s__rosidl_typesupport_c.cpython-310-x86_64-linux-gnu.so
[0.634s] -- Up-to-date: /home/bigdavid/EPSILON_ws/install/vehicle_msgs/local/lib/python3.10/dist-packages/vehicle_msgs/__init__.py
[0.634s] -- Up-to-date: /home/bigdavid/EPSILON_ws/install/vehicle_msgs/local/lib/python3.10/dist-packages/vehicle_msgs/vehicle_msgs_s__rosidl_typesupport_fastrtps_c.cpython-310-x86_64-linux-gnu.so
[0.634s] -- Up-to-date: /home/bigdavid/EPSILON_ws/install/vehicle_msgs/local/lib/python3.10/dist-packages/vehicle_msgs/_vehicle_msgs_s.ep.rosidl_typesupport_fastrtps_c.c
[0.634s] -- Up-to-date: /home/bigdavid/EPSILON_ws/install/vehicle_msgs/local/lib/python3.10/dist-packages/vehicle_msgs/vehicle_msgs_s__rosidl_typesupport_introspection_c.cpython-310-x86_64-linux-gnu.so
[0.634s] -- Up-to-date: /home/bigdavid/EPSILON_ws/install/vehicle_msgs/local/lib/python3.10/dist-packages/vehicle_msgs/msg
[0.634s] -- Up-to-date: /home/bigdavid/EPSILON_ws/install/vehicle_msgs/local/lib/python3.10/dist-packages/vehicle_msgs/msg/_arena_info_dynamic_s.c
[0.634s] -- Up-to-date: /home/bigdavid/EPSILON_ws/install/vehicle_msgs/local/lib/python3.10/dist-packages/vehicle_msgs/msg/_polygon_obstacle.py
[0.634s] -- Up-to-date: /home/bigdavid/EPSILON_ws/install/vehicle_msgs/local/lib/python3.10/dist-packages/vehicle_msgs/msg/_lane_net.py
[0.634s] -- Up-to-date: /home/bigdavid/EPSILON_ws/install/vehicle_msgs/local/lib/python3.10/dist-packages/vehicle_msgs/msg/_vehicle_param.py
[0.634s] -- Up-to-date: /home/bigdavid/EPSILON_ws/install/vehicle_msgs/local/lib/python3.10/dist-packages/vehicle_msgs/msg/_free_state.py
[0.634s] -- Up-to-date: /home/bigdavid/EPSILON_ws/install/vehicle_msgs/local/lib/python3.10/dist-packages/vehicle_msgs/msg/_occupancy_grid_float_s.c
[0.634s] -- Up-to-date: /home/bigdavid/EPSILON_ws/install/vehicle_msgs/local/lib/python3.10/dist-packages/vehicle_msgs/msg/_state.py
[0.634s] -- Up-to-date: /home/bigdavid/EPSILON_ws/install/vehicle_msgs/local/lib/python3.10/dist-packages/vehicle_msgs/msg/_circle_obstacle_s.c
[0.634s] -- Up-to-date: /home/bigdavid/EPSILON_ws/install/vehicle_msgs/local/lib/python3.10/dist-packages/vehicle_msgs/msg/_occupancy_grid_u_int8_s.c
[0.634s] -- Up-to-date: /home/bigdavid/EPSILON_ws/install/vehicle_msgs/local/lib/python3.10/dist-packages/vehicle_msgs/msg/_vehicle_set_s.c
[0.634s] -- Up-to-date: /home/bigdavid/EPSILON_ws/install/vehicle_msgs/local/lib/python3.10/dist-packages/vehicle_msgs/msg/_obstacle_set.py
[0.634s] -- Up-to-date: /home/bigdavid/EPSILON_ws/install/vehicle_msgs/local/lib/python3.10/dist-packages/vehicle_msgs/msg/__init__.py
[0.634s] -- Up-to-date: /home/bigdavid/EPSILON_ws/install/vehicle_msgs/local/lib/python3.10/dist-packages/vehicle_msgs/msg/_vehicle.py
[0.635s] -- Up-to-date: /home/bigdavid/EPSILON_ws/install/vehicle_msgs/local/lib/python3.10/dist-packages/vehicle_msgs/msg/_free_state_s.c
[0.635s] -- Up-to-date: /home/bigdavid/EPSILON_ws/install/vehicle_msgs/local/lib/python3.10/dist-packages/vehicle_msgs/msg/_control_signal_s.c
[0.635s] -- Up-to-date: /home/bigdavid/EPSILON_ws/install/vehicle_msgs/local/lib/python3.10/dist-packages/vehicle_msgs/msg/_arena_info_dynamic.py
[0.635s] -- Up-to-date: /home/bigdavid/EPSILON_ws/install/vehicle_msgs/local/lib/python3.10/dist-packages/vehicle_msgs/msg/_circle.py
[0.635s] -- Up-to-date: /home/bigdavid/EPSILON_ws/install/vehicle_msgs/local/lib/python3.10/dist-packages/vehicle_msgs/msg/_circle_s.c
[0.635s] -- Up-to-date: /home/bigdavid/EPSILON_ws/install/vehicle_msgs/local/lib/python3.10/dist-packages/vehicle_msgs/msg/_state_s.c
[0.635s] -- Up-to-date: /home/bigdavid/EPSILON_ws/install/vehicle_msgs/local/lib/python3.10/dist-packages/vehicle_msgs/msg/_occupancy_grid_u_int8.py
[0.635s] -- Up-to-date: /home/bigdavid/EPSILON_ws/install/vehicle_msgs/local/lib/python3.10/dist-packages/vehicle_msgs/msg/_control_signal.py
[0.635s] -- Up-to-date: /home/bigdavid/EPSILON_ws/install/vehicle_msgs/local/lib/python3.10/dist-packages/vehicle_msgs/msg/_polygon_obstacle_s.c
[0.635s] -- Up-to-date: /home/bigdavid/EPSILON_ws/install/vehicle_msgs/local/lib/python3.10/dist-packages/vehicle_msgs/msg/_lane_s.c
[0.635s] -- Up-to-date: /home/bigdavid/EPSILON_ws/install/vehicle_msgs/local/lib/python3.10/dist-packages/vehicle_msgs/msg/_circle_obstacle.py
[0.635s] -- Up-to-date: /home/bigdavid/EPSILON_ws/install/vehicle_msgs/local/lib/python3.10/dist-packages/vehicle_msgs/msg/_lane_net_s.c
[0.635s] -- Up-to-date: /home/bigdavid/EPSILON_ws/install/vehicle_msgs/local/lib/python3.10/dist-packages/vehicle_msgs/msg/_obstacle_set_s.c
[0.635s] -- Up-to-date: /home/bigdavid/EPSILON_ws/install/vehicle_msgs/local/lib/python3.10/dist-packages/vehicle_msgs/msg/_arena_info_s.c
[0.635s] -- Up-to-date: /home/bigdavid/EPSILON_ws/install/vehicle_msgs/local/lib/python3.10/dist-packages/vehicle_msgs/msg/_lane.py
[0.635s] -- Up-to-date: /home/bigdavid/EPSILON_ws/install/vehicle_msgs/local/lib/python3.10/dist-packages/vehicle_msgs/msg/_arena_info_static.py
[0.635s] -- Up-to-date: /home/bigdavid/EPSILON_ws/install/vehicle_msgs/local/lib/python3.10/dist-packages/vehicle_msgs/msg/_arena_info_static_s.c
[0.635s] -- Up-to-date: /home/bigdavid/EPSILON_ws/install/vehicle_msgs/local/lib/python3.10/dist-packages/vehicle_msgs/msg/_arena_info.py
[0.635s] -- Up-to-date: /home/bigdavid/EPSILON_ws/install/vehicle_msgs/local/lib/python3.10/dist-packages/vehicle_msgs/msg/_occupancy_grid_float.py
[0.635s] -- Up-to-date: /home/bigdavid/EPSILON_ws/install/vehicle_msgs/local/lib/python3.10/dist-packages/vehicle_msgs/msg/_vehicle_param_s.c
[0.635s] -- Up-to-date: /home/bigdavid/EPSILON_ws/install/vehicle_msgs/local/lib/python3.10/dist-packages/vehicle_msgs/msg/_vehicle_set.py
[0.635s] -- Up-to-date: /home/bigdavid/EPSILON_ws/install/vehicle_msgs/local/lib/python3.10/dist-packages/vehicle_msgs/msg/_vehicle_s.c
[0.658s] Listing '/home/bigdavid/EPSILON_ws/install/vehicle_msgs/local/lib/python3.10/dist-packages/vehicle_msgs'...
[0.658s] Listing '/home/bigdavid/EPSILON_ws/install/vehicle_msgs/local/lib/python3.10/dist-packages/vehicle_msgs/msg'...
[0.663s] -- Up-to-date: /home/bigdavid/EPSILON_ws/install/vehicle_msgs/local/lib/python3.10/dist-packages/vehicle_msgs/vehicle_msgs_s__rosidl_typesupport_fastrtps_c.cpython-310-x86_64-linux-gnu.so
[0.664s] -- Up-to-date: /home/bigdavid/EPSILON_ws/install/vehicle_msgs/local/lib/python3.10/dist-packages/vehicle_msgs/vehicle_msgs_s__rosidl_typesupport_introspection_c.cpython-310-x86_64-linux-gnu.so
[0.664s] -- Up-to-date: /home/bigdavid/EPSILON_ws/install/vehicle_msgs/local/lib/python3.10/dist-packages/vehicle_msgs/vehicle_msgs_s__rosidl_typesupport_c.cpython-310-x86_64-linux-gnu.so
[0.664s] -- Up-to-date: /home/bigdavid/EPSILON_ws/install/vehicle_msgs/lib/libvehicle_msgs__rosidl_generator_py.so
[0.664s] -- Up-to-date: /home/bigdavid/EPSILON_ws/install/vehicle_msgs/share/vehicle_msgs/msg/State.idl
[0.664s] -- Up-to-date: /home/bigdavid/EPSILON_ws/install/vehicle_msgs/share/vehicle_msgs/msg/ControlSignal.idl
[0.665s] -- Up-to-date: /home/bigdavid/EPSILON_ws/install/vehicle_msgs/share/vehicle_msgs/msg/Lane.idl
[0.665s] -- Up-to-date: /home/bigdavid/EPSILON_ws/install/vehicle_msgs/share/vehicle_msgs/msg/LaneNet.idl
[0.665s] -- Up-to-date: /home/bigdavid/EPSILON_ws/install/vehicle_msgs/share/vehicle_msgs/msg/VehicleParam.idl
[0.665s] -- Up-to-date: /home/bigdavid/EPSILON_ws/install/vehicle_msgs/share/vehicle_msgs/msg/Vehicle.idl
[0.665s] -- Up-to-date: /home/bigdavid/EPSILON_ws/install/vehicle_msgs/share/vehicle_msgs/msg/VehicleSet.idl
[0.665s] -- Up-to-date: /home/bigdavid/EPSILON_ws/install/vehicle_msgs/share/vehicle_msgs/msg/OccupancyGridFloat.idl
[0.666s] -- Up-to-date: /home/bigdavid/EPSILON_ws/install/vehicle_msgs/share/vehicle_msgs/msg/OccupancyGridUInt8.idl
[0.666s] -- Up-to-date: /home/bigdavid/EPSILON_ws/install/vehicle_msgs/share/vehicle_msgs/msg/Circle.idl
[0.666s] -- Up-to-date: /home/bigdavid/EPSILON_ws/install/vehicle_msgs/share/vehicle_msgs/msg/CircleObstacle.idl
[0.666s] -- Up-to-date: /home/bigdavid/EPSILON_ws/install/vehicle_msgs/share/vehicle_msgs/msg/PolygonObstacle.idl
[0.667s] -- Up-to-date: /home/bigdavid/EPSILON_ws/install/vehicle_msgs/share/vehicle_msgs/msg/ObstacleSet.idl
[0.667s] -- Up-to-date: /home/bigdavid/EPSILON_ws/install/vehicle_msgs/share/vehicle_msgs/msg/FreeState.idl
[0.669s] -- Up-to-date: /home/bigdavid/EPSILON_ws/install/vehicle_msgs/share/vehicle_msgs/msg/ArenaInfo.idl
[0.669s] -- Up-to-date: /home/bigdavid/EPSILON_ws/install/vehicle_msgs/share/vehicle_msgs/msg/ArenaInfoDynamic.idl
[0.671s] -- Up-to-date: /home/bigdavid/EPSILON_ws/install/vehicle_msgs/share/vehicle_msgs/msg/ArenaInfoStatic.idl
[0.672s] -- Up-to-date: /home/bigdavid/EPSILON_ws/install/vehicle_msgs/share/vehicle_msgs/msg/State.msg
[0.672s] -- Up-to-date: /home/bigdavid/EPSILON_ws/install/vehicle_msgs/share/vehicle_msgs/msg/ControlSignal.msg
[0.672s] -- Up-to-date: /home/bigdavid/EPSILON_ws/install/vehicle_msgs/share/vehicle_msgs/msg/Lane.msg
[0.673s] -- Up-to-date: /home/bigdavid/EPSILON_ws/install/vehicle_msgs/share/vehicle_msgs/msg/LaneNet.msg
[0.673s] -- Up-to-date: /home/bigdavid/EPSILON_ws/install/vehicle_msgs/share/vehicle_msgs/msg/VehicleParam.msg
[0.673s] -- Up-to-date: /home/bigdavid/EPSILON_ws/install/vehicle_msgs/share/vehicle_msgs/msg/Vehicle.msg
[0.673s] -- Up-to-date: /home/bigdavid/EPSILON_ws/install/vehicle_msgs/share/vehicle_msgs/msg/VehicleSet.msg
[0.673s] -- Up-to-date: /home/bigdavid/EPSILON_ws/install/vehicle_msgs/share/vehicle_msgs/msg/OccupancyGridFloat.msg
[0.673s] -- Up-to-date: /home/bigdavid/EPSILON_ws/install/vehicle_msgs/share/vehicle_msgs/msg/OccupancyGridUInt8.msg
[0.673s] -- Up-to-date: /home/bigdavid/EPSILON_ws/install/vehicle_msgs/share/vehicle_msgs/msg/Circle.msg
[0.673s] -- Up-to-date: /home/bigdavid/EPSILON_ws/install/vehicle_msgs/share/vehicle_msgs/msg/CircleObstacle.msg
[0.673s] -- Up-to-date: /home/bigdavid/EPSILON_ws/install/vehicle_msgs/share/vehicle_msgs/msg/PolygonObstacle.msg
[0.673s] -- Up-to-date: /home/bigdavid/EPSILON_ws/install/vehicle_msgs/share/vehicle_msgs/msg/ObstacleSet.msg
[0.673s] -- Up-to-date: /home/bigdavid/EPSILON_ws/install/vehicle_msgs/share/vehicle_msgs/msg/FreeState.msg
[0.674s] -- Up-to-date: /home/bigdavid/EPSILON_ws/install/vehicle_msgs/share/vehicle_msgs/msg/ArenaInfo.msg
[0.674s] -- Up-to-date: /home/bigdavid/EPSILON_ws/install/vehicle_msgs/share/vehicle_msgs/msg/ArenaInfoDynamic.msg
[0.674s] -- Up-to-date: /home/bigdavid/EPSILON_ws/install/vehicle_msgs/share/vehicle_msgs/msg/ArenaInfoStatic.msg
[0.674s] -- Up-to-date: /home/bigdavid/EPSILON_ws/install/vehicle_msgs/share/vehicle_msgs/msg
[0.674s] -- Up-to-date: /home/bigdavid/EPSILON_ws/install/vehicle_msgs/share/vehicle_msgs/msg/FreeState.msg
[0.674s] -- Up-to-date: /home/bigdavid/EPSILON_ws/install/vehicle_msgs/share/vehicle_msgs/msg/VehicleSet.msg
[0.674s] -- Up-to-date: /home/bigdavid/EPSILON_ws/install/vehicle_msgs/share/vehicle_msgs/msg/ArenaInfoStatic.msg
[0.674s] -- Up-to-date: /home/bigdavid/EPSILON_ws/install/vehicle_msgs/share/vehicle_msgs/msg/MotionControl.msg
[0.674s] -- Up-to-date: /home/bigdavid/EPSILON_ws/install/vehicle_msgs/share/vehicle_msgs/msg/Lane.msg
[0.674s] -- Up-to-date: /home/bigdavid/EPSILON_ws/install/vehicle_msgs/share/vehicle_msgs/msg/VehicleParam.msg
[0.674s] -- Up-to-date: /home/bigdavid/EPSILON_ws/install/vehicle_msgs/share/vehicle_msgs/msg/ObstacleSet.msg
[0.674s] -- Up-to-date: /home/bigdavid/EPSILON_ws/install/vehicle_msgs/share/vehicle_msgs/msg/PolygonObstacle.msg
[0.674s] -- Up-to-date: /home/bigdavid/EPSILON_ws/install/vehicle_msgs/share/vehicle_msgs/msg/LaneNet.msg
[0.674s] -- Up-to-date: /home/bigdavid/EPSILON_ws/install/vehicle_msgs/share/vehicle_msgs/msg/State.msg
[0.674s] -- Up-to-date: /home/bigdavid/EPSILON_ws/install/vehicle_msgs/share/vehicle_msgs/msg/Vehicle.msg
[0.674s] -- Up-to-date: /home/bigdavid/EPSILON_ws/install/vehicle_msgs/share/vehicle_msgs/msg/OccupancyGridUInt8.msg
[0.674s] -- Up-to-date: /home/bigdavid/EPSILON_ws/install/vehicle_msgs/share/vehicle_msgs/msg/Circle.msg
[0.674s] -- Up-to-date: /home/bigdavid/EPSILON_ws/install/vehicle_msgs/share/vehicle_msgs/msg/ControlSignal.msg
[0.675s] -- Up-to-date: /home/bigdavid/EPSILON_ws/install/vehicle_msgs/share/vehicle_msgs/msg/OccupancyGridFloat.msg
[0.675s] -- Up-to-date: /home/bigdavid/EPSILON_ws/install/vehicle_msgs/share/vehicle_msgs/msg/ArenaInfo.msg
[0.675s] -- Up-to-date: /home/bigdavid/EPSILON_ws/install/vehicle_msgs/share/vehicle_msgs/msg/CircleObstacle.msg
[0.675s] -- Up-to-date: /home/bigdavid/EPSILON_ws/install/vehicle_msgs/share/vehicle_msgs/msg/ArenaInfoDynamic.msg
[0.675s] -- Up-to-date: /home/bigdavid/EPSILON_ws/install/vehicle_msgs/include
[0.675s] -- Up-to-date: /home/bigdavid/EPSILON_ws/install/vehicle_msgs/include/vehicle_msgs
[0.675s] -- Up-to-date: /home/bigdavid/EPSILON_ws/install/vehicle_msgs/include/vehicle_msgs/decoder.h
[0.675s] -- Up-to-date: /home/bigdavid/EPSILON_ws/install/vehicle_msgs/include/vehicle_msgs/encoder.h
[0.675s] -- Up-to-date: /home/bigdavid/EPSILON_ws/install/vehicle_msgs/share/ament_index/resource_index/package_run_dependencies/vehicle_msgs
[0.675s] -- Up-to-date: /home/bigdavid/EPSILON_ws/install/vehicle_msgs/share/ament_index/resource_index/parent_prefix_path/vehicle_msgs
[0.675s] -- Up-to-date: /home/bigdavid/EPSILON_ws/install/vehicle_msgs/share/vehicle_msgs/environment/ament_prefix_path.sh
[0.676s] -- Up-to-date: /home/bigdavid/EPSILON_ws/install/vehicle_msgs/share/vehicle_msgs/environment/ament_prefix_path.dsv
[0.676s] -- Up-to-date: /home/bigdavid/EPSILON_ws/install/vehicle_msgs/share/vehicle_msgs/environment/path.sh
[0.676s] -- Up-to-date: /home/bigdavid/EPSILON_ws/install/vehicle_msgs/share/vehicle_msgs/environment/path.dsv
[0.676s] -- Up-to-date: /home/bigdavid/EPSILON_ws/install/vehicle_msgs/share/vehicle_msgs/local_setup.bash
[0.676s] -- Up-to-date: /home/bigdavid/EPSILON_ws/install/vehicle_msgs/share/vehicle_msgs/local_setup.sh
[0.676s] -- Up-to-date: /home/bigdavid/EPSILON_ws/install/vehicle_msgs/share/vehicle_msgs/local_setup.zsh
[0.676s] -- Up-to-date: /home/bigdavid/EPSILON_ws/install/vehicle_msgs/share/vehicle_msgs/local_setup.dsv
[0.676s] -- Installing: /home/bigdavid/EPSILON_ws/install/vehicle_msgs/share/vehicle_msgs/package.dsv
[0.676s] -- Up-to-date: /home/bigdavid/EPSILON_ws/install/vehicle_msgs/share/ament_index/resource_index/packages/vehicle_msgs
[0.676s] -- Up-to-date: /home/bigdavid/EPSILON_ws/install/vehicle_msgs/share/vehicle_msgs/cmake/export_vehicle_msgs__rosidl_generator_cExport.cmake
[0.676s] -- Up-to-date: /home/bigdavid/EPSILON_ws/install/vehicle_msgs/share/vehicle_msgs/cmake/export_vehicle_msgs__rosidl_generator_cExport-noconfig.cmake
[0.676s] -- Up-to-date: /home/bigdavid/EPSILON_ws/install/vehicle_msgs/share/vehicle_msgs/cmake/export_vehicle_msgs__rosidl_typesupport_fastrtps_cExport.cmake
[0.676s] -- Up-to-date: /home/bigdavid/EPSILON_ws/install/vehicle_msgs/share/vehicle_msgs/cmake/export_vehicle_msgs__rosidl_typesupport_fastrtps_cExport-noconfig.cmake
[0.676s] -- Up-to-date: /home/bigdavid/EPSILON_ws/install/vehicle_msgs/share/vehicle_msgs/cmake/export_vehicle_msgs__rosidl_generator_cppExport.cmake
[0.676s] -- Up-to-date: /home/bigdavid/EPSILON_ws/install/vehicle_msgs/share/vehicle_msgs/cmake/export_vehicle_msgs__rosidl_typesupport_fastrtps_cppExport.cmake
[0.676s] -- Up-to-date: /home/bigdavid/EPSILON_ws/install/vehicle_msgs/share/vehicle_msgs/cmake/export_vehicle_msgs__rosidl_typesupport_fastrtps_cppExport-noconfig.cmake
[0.677s] -- Up-to-date: /home/bigdavid/EPSILON_ws/install/vehicle_msgs/share/vehicle_msgs/cmake/vehicle_msgs__rosidl_typesupport_introspection_cExport.cmake
[0.677s] -- Up-to-date: /home/bigdavid/EPSILON_ws/install/vehicle_msgs/share/vehicle_msgs/cmake/vehicle_msgs__rosidl_typesupport_introspection_cExport-noconfig.cmake
[0.677s] -- Up-to-date: /home/bigdavid/EPSILON_ws/install/vehicle_msgs/share/vehicle_msgs/cmake/vehicle_msgs__rosidl_typesupport_cExport.cmake
[0.677s] -- Up-to-date: /home/bigdavid/EPSILON_ws/install/vehicle_msgs/share/vehicle_msgs/cmake/vehicle_msgs__rosidl_typesupport_cExport-noconfig.cmake
[0.677s] -- Up-to-date: /home/bigdavid/EPSILON_ws/install/vehicle_msgs/share/vehicle_msgs/cmake/vehicle_msgs__rosidl_typesupport_introspection_cppExport.cmake
[0.677s] -- Up-to-date: /home/bigdavid/EPSILON_ws/install/vehicle_msgs/share/vehicle_msgs/cmake/vehicle_msgs__rosidl_typesupport_introspection_cppExport-noconfig.cmake
[0.677s] -- Up-to-date: /home/bigdavid/EPSILON_ws/install/vehicle_msgs/share/vehicle_msgs/cmake/vehicle_msgs__rosidl_typesupport_cppExport.cmake
[0.677s] -- Up-to-date: /home/bigdavid/EPSILON_ws/install/vehicle_msgs/share/vehicle_msgs/cmake/vehicle_msgs__rosidl_typesupport_cppExport-noconfig.cmake
[0.677s] -- Up-to-date: /home/bigdavid/EPSILON_ws/install/vehicle_msgs/share/vehicle_msgs/cmake/export_vehicle_msgs__rosidl_generator_pyExport.cmake
[0.677s] -- Up-to-date: /home/bigdavid/EPSILON_ws/install/vehicle_msgs/share/vehicle_msgs/cmake/export_vehicle_msgs__rosidl_generator_pyExport-noconfig.cmake
[0.677s] -- Up-to-date: /home/bigdavid/EPSILON_ws/install/vehicle_msgs/share/vehicle_msgs/cmake/rosidl_cmake-extras.cmake
[0.677s] -- Up-to-date: /home/bigdavid/EPSILON_ws/install/vehicle_msgs/share/vehicle_msgs/cmake/ament_cmake_export_dependencies-extras.cmake
[0.677s] -- Up-to-date: /home/bigdavid/EPSILON_ws/install/vehicle_msgs/share/vehicle_msgs/cmake/ament_cmake_export_include_directories-extras.cmake
[0.677s] -- Up-to-date: /home/bigdavid/EPSILON_ws/install/vehicle_msgs/share/vehicle_msgs/cmake/ament_cmake_export_libraries-extras.cmake
[0.677s] -- Up-to-date: /home/bigdavid/EPSILON_ws/install/vehicle_msgs/share/vehicle_msgs/cmake/ament_cmake_export_targets-extras.cmake
[0.677s] -- Up-to-date: /home/bigdavid/EPSILON_ws/install/vehicle_msgs/share/vehicle_msgs/cmake/rosidl_cmake_export_typesupport_targets-extras.cmake
[0.677s] -- Up-to-date: /home/bigdavid/EPSILON_ws/install/vehicle_msgs/share/vehicle_msgs/cmake/rosidl_cmake_export_typesupport_libraries-extras.cmake
[0.677s] -- Up-to-date: /home/bigdavid/EPSILON_ws/install/vehicle_msgs/share/vehicle_msgs/cmake/vehicle_msgsConfig.cmake
[0.677s] -- Up-to-date: /home/bigdavid/EPSILON_ws/install/vehicle_msgs/share/vehicle_msgs/cmake/vehicle_msgsConfig-version.cmake
[0.678s] -- Up-to-date: /home/bigdavid/EPSILON_ws/install/vehicle_msgs/share/vehicle_msgs/package.xml
[0.691s] Invoked command in '/home/bigdavid/EPSILON_ws/build/vehicle_msgs' returned '0': AMENT_PREFIX_PATH=/home/bigdavid/EPSILON_ws/install/common:${AMENT_PREFIX_PATH} CMAKE_PREFIX_PATH=/home/bigdavid/EPSILON_ws/install/common:/opt/ros/humble LD_LIBRARY_PATH=/home/bigdavid/EPSILON_ws/install/common/lib:${LD_LIBRARY_PATH} /usr/bin/cmake --install /home/bigdavid/EPSILON_ws/build/vehicle_msgs
