/usr/bin/cmake -S/home/bigdavid/EPSILON_ws/src/EPSILON_ROS2/core/semantic_map_manager -B/home/bigdavid/EPSILON_ws/build/semantic_map_manager --check-build-system CMakeFiles/Makefile.cmake 0
/usr/bin/cmake -E cmake_progress_start /home/bigdavid/EPSILON_ws/build/semantic_map_manager/CMakeFiles /home/bigdavid/EPSILON_ws/build/semantic_map_manager//CMakeFiles/progress.marks
/usr/bin/gmake  -f CMakeFiles/Makefile2 all
gmake[1]: 进入目录“/home/bigdavid/EPSILON_ws/build/semantic_map_manager”
/usr/bin/gmake  -f CMakeFiles/hkust_pl_smm.dir/build.make CMakeFiles/hkust_pl_smm.dir/depend
gmake[2]: 进入目录“/home/bigdavid/EPSILON_ws/build/semantic_map_manager”
cd /home/bigdavid/EPSILON_ws/build/semantic_map_manager && /usr/bin/cmake -E cmake_depends "Unix Makefiles" /home/bigdavid/EPSILON_ws/src/EPSILON_ROS2/core/semantic_map_manager /home/bigdavid/EPSILON_ws/src/EPSILON_ROS2/core/semantic_map_manager /home/bigdavid/EPSILON_ws/build/semantic_map_manager /home/bigdavid/EPSILON_ws/build/semantic_map_manager /home/bigdavid/EPSILON_ws/build/semantic_map_manager/CMakeFiles/hkust_pl_smm.dir/DependInfo.cmake --color=
gmake[2]: 离开目录“/home/bigdavid/EPSILON_ws/build/semantic_map_manager”
/usr/bin/gmake  -f CMakeFiles/hkust_pl_smm.dir/build.make CMakeFiles/hkust_pl_smm.dir/build
gmake[2]: 进入目录“/home/bigdavid/EPSILON_ws/build/semantic_map_manager”
gmake[2]: 对“CMakeFiles/hkust_pl_smm.dir/build”无需做任何事。
gmake[2]: 离开目录“/home/bigdavid/EPSILON_ws/build/semantic_map_manager”
[ 62%] Built target hkust_pl_smm
/usr/bin/gmake  -f CMakeFiles/hkust_smm_ros.dir/build.make CMakeFiles/hkust_smm_ros.dir/depend
gmake[2]: 进入目录“/home/bigdavid/EPSILON_ws/build/semantic_map_manager”
cd /home/bigdavid/EPSILON_ws/build/semantic_map_manager && /usr/bin/cmake -E cmake_depends "Unix Makefiles" /home/bigdavid/EPSILON_ws/src/EPSILON_ROS2/core/semantic_map_manager /home/bigdavid/EPSILON_ws/src/EPSILON_ROS2/core/semantic_map_manager /home/bigdavid/EPSILON_ws/build/semantic_map_manager /home/bigdavid/EPSILON_ws/build/semantic_map_manager /home/bigdavid/EPSILON_ws/build/semantic_map_manager/CMakeFiles/hkust_smm_ros.dir/DependInfo.cmake --color=
gmake[2]: 离开目录“/home/bigdavid/EPSILON_ws/build/semantic_map_manager”
/usr/bin/gmake  -f CMakeFiles/hkust_smm_ros.dir/build.make CMakeFiles/hkust_smm_ros.dir/build
gmake[2]: 进入目录“/home/bigdavid/EPSILON_ws/build/semantic_map_manager”
gmake[2]: 对“CMakeFiles/hkust_smm_ros.dir/build”无需做任何事。
gmake[2]: 离开目录“/home/bigdavid/EPSILON_ws/build/semantic_map_manager”
[100%] Built target hkust_smm_ros
gmake[1]: 离开目录“/home/bigdavid/EPSILON_ws/build/semantic_map_manager”
/usr/bin/cmake -E cmake_progress_start /home/bigdavid/EPSILON_ws/build/semantic_map_manager/CMakeFiles 0
-- Install configuration: "Release"
-- Up-to-date: /home/bigdavid/EPSILON_ws/install/semantic_map_manager/share/semantic_map_manager/environment/library_path.sh
-- Up-to-date: /home/bigdavid/EPSILON_ws/install/semantic_map_manager/share/semantic_map_manager/environment/library_path.dsv
-- Up-to-date: /home/bigdavid/EPSILON_ws/install/semantic_map_manager/include
-- Up-to-date: /home/bigdavid/EPSILON_ws/install/semantic_map_manager/include/semantic_map_manager
-- Up-to-date: /home/bigdavid/EPSILON_ws/install/semantic_map_manager/include/semantic_map_manager/data_renderer.h
-- Up-to-date: /home/bigdavid/EPSILON_ws/install/semantic_map_manager/include/semantic_map_manager/ros_adapter.h
-- Up-to-date: /home/bigdavid/EPSILON_ws/install/semantic_map_manager/include/semantic_map_manager/traffic_signal_manager.h
-- Up-to-date: /home/bigdavid/EPSILON_ws/install/semantic_map_manager/include/semantic_map_manager/visualizer.h
-- Up-to-date: /home/bigdavid/EPSILON_ws/install/semantic_map_manager/include/semantic_map_manager/config_loader.h
-- Up-to-date: /home/bigdavid/EPSILON_ws/install/semantic_map_manager/include/semantic_map_manager/semantic_map_manager.h
-- Up-to-date: /home/bigdavid/EPSILON_ws/install/semantic_map_manager/include/semantic_map_manager/basics.h
-- Up-to-date: /home/bigdavid/EPSILON_ws/install/semantic_map_manager/lib/libhkust_pl_smm.a
-- Up-to-date: /home/bigdavid/EPSILON_ws/install/semantic_map_manager/lib/libhkust_smm_ros.a
-- Up-to-date: /home/bigdavid/EPSILON_ws/install/semantic_map_manager/share/ament_index/resource_index/package_run_dependencies/semantic_map_manager
-- Up-to-date: /home/bigdavid/EPSILON_ws/install/semantic_map_manager/share/ament_index/resource_index/parent_prefix_path/semantic_map_manager
-- Up-to-date: /home/bigdavid/EPSILON_ws/install/semantic_map_manager/share/semantic_map_manager/environment/ament_prefix_path.sh
-- Up-to-date: /home/bigdavid/EPSILON_ws/install/semantic_map_manager/share/semantic_map_manager/environment/ament_prefix_path.dsv
-- Up-to-date: /home/bigdavid/EPSILON_ws/install/semantic_map_manager/share/semantic_map_manager/environment/path.sh
-- Up-to-date: /home/bigdavid/EPSILON_ws/install/semantic_map_manager/share/semantic_map_manager/environment/path.dsv
-- Up-to-date: /home/bigdavid/EPSILON_ws/install/semantic_map_manager/share/semantic_map_manager/local_setup.bash
-- Up-to-date: /home/bigdavid/EPSILON_ws/install/semantic_map_manager/share/semantic_map_manager/local_setup.sh
-- Up-to-date: /home/bigdavid/EPSILON_ws/install/semantic_map_manager/share/semantic_map_manager/local_setup.zsh
-- Up-to-date: /home/bigdavid/EPSILON_ws/install/semantic_map_manager/share/semantic_map_manager/local_setup.dsv
-- Installing: /home/bigdavid/EPSILON_ws/install/semantic_map_manager/share/semantic_map_manager/package.dsv
-- Up-to-date: /home/bigdavid/EPSILON_ws/install/semantic_map_manager/share/ament_index/resource_index/packages/semantic_map_manager
-- Up-to-date: /home/bigdavid/EPSILON_ws/install/semantic_map_manager/share/semantic_map_manager/cmake/ament_cmake_export_libraries-extras.cmake
-- Up-to-date: /home/bigdavid/EPSILON_ws/install/semantic_map_manager/share/semantic_map_manager/cmake/ament_cmake_export_dependencies-extras.cmake
-- Up-to-date: /home/bigdavid/EPSILON_ws/install/semantic_map_manager/share/semantic_map_manager/cmake/ament_cmake_export_include_directories-extras.cmake
-- Up-to-date: /home/bigdavid/EPSILON_ws/install/semantic_map_manager/share/semantic_map_manager/cmake/semantic_map_managerConfig.cmake
-- Up-to-date: /home/bigdavid/EPSILON_ws/install/semantic_map_manager/share/semantic_map_manager/cmake/semantic_map_managerConfig-version.cmake
-- Up-to-date: /home/bigdavid/EPSILON_ws/install/semantic_map_manager/share/semantic_map_manager/package.xml
