[0.010s] Invoking command in '/home/bigdavid/EPSILON_ws/build/forward_simulator': AMENT_PREFIX_PATH=/home/bigdavid/EPSILON_ws/install/vehicle_model:/home/bigdavid/EPSILON_ws/install/common:${AMENT_PREFIX_PATH} CMAKE_PREFIX_PATH=/home/bigdavid/EPSILON_ws/install/vehicle_model:/home/bigdavid/EPSILON_ws/install/common:/opt/ros/humble LD_LIBRARY_PATH=/home/bigdavid/EPSILON_ws/install/vehicle_model/lib:/home/bigdavid/EPSILON_ws/install/common/lib:${LD_LIBRARY_PATH} /usr/bin/cmake /home/bigdavid/EPSILON_ws/src/core/forward_simulator -DCMAKE_INSTALL_PREFIX=/home/bigdavid/EPSILON_ws/install/forward_simulator
[0.055s] -- The C compiler identification is GNU 11.4.0
[0.104s] -- The CXX compiler identification is GNU 11.4.0
[0.113s] -- Detecting C compiler ABI info
[0.160s] -- Detecting C compiler ABI info - done
[0.165s] -- Check for working C compiler: /usr/lib/ccache/gcc - skipped
[0.165s] -- Detecting C compile features
[0.165s] -- Detecting C compile features - done
[0.167s] -- Detecting CXX compiler ABI info
[0.221s] -- Detecting CXX compiler ABI info - done
[0.225s] -- Check for working CXX compiler: /usr/lib/ccache/g++ - skipped
[0.225s] -- Detecting CXX compile features
[0.225s] -- Detecting CXX compile features - done
[0.227s] -- Found ament_cmake: 1.3.12 (/opt/ros/humble/share/ament_cmake/cmake)
[0.352s] -- Found Python3: /usr/bin/python3 (found version "3.10.12") found components: Interpreter 
[0.419s] -- Found rclcpp: 16.0.15 (/opt/ros/humble/share/rclcpp/cmake)
[0.458s] -- Found rosidl_generator_c: 3.1.6 (/opt/ros/humble/share/rosidl_generator_c/cmake)
[0.461s] -- Found rosidl_adapter: 3.1.6 (/opt/ros/humble/share/rosidl_adapter/cmake)
[0.467s] -- Found rosidl_generator_cpp: 3.1.6 (/opt/ros/humble/share/rosidl_generator_cpp/cmake)
[0.475s] -- Using all available rosidl_typesupport_c: rosidl_typesupport_fastrtps_c;rosidl_typesupport_introspection_c
[0.491s] -- Using all available rosidl_typesupport_cpp: rosidl_typesupport_fastrtps_cpp;rosidl_typesupport_introspection_cpp
[0.526s] -- Found rmw_implementation_cmake: 6.1.2 (/opt/ros/humble/share/rmw_implementation_cmake/cmake)
[0.529s] -- Found rmw_cyclonedds_cpp: 1.3.4 (/opt/ros/humble/share/rmw_cyclonedds_cpp/cmake)
[0.548s] -- Using RMW implementation 'rmw_cyclonedds_cpp' as default
[0.556s] -- Looking for pthread.h
[0.632s] -- Looking for pthread.h - found
[0.632s] -- Performing Test CMAKE_HAVE_LIBC_PTHREAD
[0.689s] -- Performing Test CMAKE_HAVE_LIBC_PTHREAD - Success
[0.690s] -- Found Threads: TRUE  
[0.730s] -- Found visualization_msgs: 4.9.0 (/opt/ros/humble/share/visualization_msgs/cmake)
[0.769s] -- Found common: 0.0.0 (/home/bigdavid/EPSILON_ws/install/common/share/common/cmake)
[0.881s] -- Found eigen3_cmake_module: 0.1.1 (/opt/ros/humble/share/eigen3_cmake_module/cmake)
[0.882s] -- Found Eigen3: TRUE (found version "3.4.0") 
[0.882s] -- Ensuring Eigen3 include directory is part of orocos-kdl CMake target
[0.884s] [33mCMake Warning at /home/bigdavid/EPSILON_ws/install/common/share/common/cmake/ament_cmake_export_include_directories-extras.cmake:11 (message):
[0.884s]   Package 'common' exports the include directory
[0.884s]   '/home/bigdavid/EPSILON_ws/src/core/common/thirdparty/OOQP/include' which
[0.884s]   doesn't exist
[0.884s] Call Stack (most recent call first):
[0.885s]   /home/bigdavid/EPSILON_ws/install/common/share/common/cmake/commonConfig.cmake:41 (include)
[0.885s]   CMakeLists.txt:18 (find_package)
[0.885s] 
[0.885s] [0m
[0.886s] -- Found vehicle_model: 0.0.0 (/home/bigdavid/EPSILON_ws/install/vehicle_model/share/vehicle_model/cmake)
[0.899s] [33mCMake Warning at /home/bigdavid/EPSILON_ws/install/vehicle_model/share/vehicle_model/cmake/ament_cmake_export_include_directories-extras.cmake:11 (message):
[0.899s]   Package 'vehicle_model' exports the include directory
[0.899s]   '/home/bigdavid/EPSILON_ws/src/core/common/thirdparty/OOQP/include' which
[0.899s]   doesn't exist
[0.899s] Call Stack (most recent call first):
[0.900s]   /home/bigdavid/EPSILON_ws/install/vehicle_model/share/vehicle_model/cmake/vehicle_modelConfig.cmake:41 (include)
[0.900s]   CMakeLists.txt:19 (find_package)
[0.900s] 
[0.900s] [0m
[1.022s] [33mCMake Warning at /opt/ros/humble/share/ament_cmake_export_include_directories/cmake/ament_export_include_directories.cmake:44 (message):
[1.022s]   ament_export_include_directories() package 'forward_simulator' exports the
[1.022s]   include directory
[1.022s]   '/home/bigdavid/EPSILON_ws/src/core/common/thirdparty/OOQP/include' which
[1.022s]   doesn't exist
[1.022s] Call Stack (most recent call first):
[1.022s]   CMakeLists.txt:41 (ament_export_include_directories)
[1.022s] 
[1.022s] [0m
[1.022s] [33mCMake Warning at /opt/ros/humble/share/ament_cmake_export_include_directories/cmake/ament_export_include_directories.cmake:44 (message):
[1.022s]   ament_export_include_directories() package 'forward_simulator' exports the
[1.022s]   include directory
[1.022s]   '/home/bigdavid/EPSILON_ws/src/core/common/thirdparty/OOQP/include' which
[1.022s]   doesn't exist
[1.022s] Call Stack (most recent call first):
[1.022s]   CMakeLists.txt:41 (ament_export_include_directories)
[1.022s] 
[1.022s] [0m
[1.068s] -- Configuring done
[1.071s] -- Generating done
[1.072s] -- Build files have been written to: /home/bigdavid/EPSILON_ws/build/forward_simulator
[1.079s] Invoked command in '/home/bigdavid/EPSILON_ws/build/forward_simulator' returned '0': AMENT_PREFIX_PATH=/home/bigdavid/EPSILON_ws/install/vehicle_model:/home/bigdavid/EPSILON_ws/install/common:${AMENT_PREFIX_PATH} CMAKE_PREFIX_PATH=/home/bigdavid/EPSILON_ws/install/vehicle_model:/home/bigdavid/EPSILON_ws/install/common:/opt/ros/humble LD_LIBRARY_PATH=/home/bigdavid/EPSILON_ws/install/vehicle_model/lib:/home/bigdavid/EPSILON_ws/install/common/lib:${LD_LIBRARY_PATH} /usr/bin/cmake /home/bigdavid/EPSILON_ws/src/core/forward_simulator -DCMAKE_INSTALL_PREFIX=/home/bigdavid/EPSILON_ws/install/forward_simulator
[1.080s] Invoking command in '/home/bigdavid/EPSILON_ws/build/forward_simulator': AMENT_PREFIX_PATH=/home/bigdavid/EPSILON_ws/install/vehicle_model:/home/bigdavid/EPSILON_ws/install/common:${AMENT_PREFIX_PATH} CMAKE_PREFIX_PATH=/home/bigdavid/EPSILON_ws/install/vehicle_model:/home/bigdavid/EPSILON_ws/install/common:/opt/ros/humble LD_LIBRARY_PATH=/home/bigdavid/EPSILON_ws/install/vehicle_model/lib:/home/bigdavid/EPSILON_ws/install/common/lib:${LD_LIBRARY_PATH} /usr/bin/cmake --build /home/bigdavid/EPSILON_ws/build/forward_simulator -- -j32 -l32
[1.113s] Invoked command in '/home/bigdavid/EPSILON_ws/build/forward_simulator' returned '0': AMENT_PREFIX_PATH=/home/bigdavid/EPSILON_ws/install/vehicle_model:/home/bigdavid/EPSILON_ws/install/common:${AMENT_PREFIX_PATH} CMAKE_PREFIX_PATH=/home/bigdavid/EPSILON_ws/install/vehicle_model:/home/bigdavid/EPSILON_ws/install/common:/opt/ros/humble LD_LIBRARY_PATH=/home/bigdavid/EPSILON_ws/install/vehicle_model/lib:/home/bigdavid/EPSILON_ws/install/common/lib:${LD_LIBRARY_PATH} /usr/bin/cmake --build /home/bigdavid/EPSILON_ws/build/forward_simulator -- -j32 -l32
[1.114s] Invoking command in '/home/bigdavid/EPSILON_ws/build/forward_simulator': AMENT_PREFIX_PATH=/home/bigdavid/EPSILON_ws/install/vehicle_model:/home/bigdavid/EPSILON_ws/install/common:${AMENT_PREFIX_PATH} CMAKE_PREFIX_PATH=/home/bigdavid/EPSILON_ws/install/vehicle_model:/home/bigdavid/EPSILON_ws/install/common:/opt/ros/humble LD_LIBRARY_PATH=/home/bigdavid/EPSILON_ws/install/vehicle_model/lib:/home/bigdavid/EPSILON_ws/install/common/lib:${LD_LIBRARY_PATH} /usr/bin/cmake --install /home/bigdavid/EPSILON_ws/build/forward_simulator
[1.119s] -- Install configuration: "Release"
[1.119s] -- Installing: /home/bigdavid/EPSILON_ws/install/forward_simulator/share/forward_simulator/environment/library_path.sh
[1.119s] -- Installing: /home/bigdavid/EPSILON_ws/install/forward_simulator/share/forward_simulator/environment/library_path.dsv
[1.119s] -- Installing: /home/bigdavid/EPSILON_ws/install/forward_simulator/include
[1.119s] -- Installing: /home/bigdavid/EPSILON_ws/install/forward_simulator/include/forward_simulator
[1.119s] -- Installing: /home/bigdavid/EPSILON_ws/install/forward_simulator/include/forward_simulator/multimodal_forward.h
[1.119s] -- Installing: /home/bigdavid/EPSILON_ws/install/forward_simulator/include/forward_simulator/onlane_forward_simulation.h
[1.119s] -- Installing: /home/bigdavid/EPSILON_ws/install/forward_simulator/share/ament_index/resource_index/package_run_dependencies/forward_simulator
[1.119s] -- Installing: /home/bigdavid/EPSILON_ws/install/forward_simulator/share/ament_index/resource_index/parent_prefix_path/forward_simulator
[1.119s] -- Installing: /home/bigdavid/EPSILON_ws/install/forward_simulator/share/forward_simulator/environment/ament_prefix_path.sh
[1.119s] -- Installing: /home/bigdavid/EPSILON_ws/install/forward_simulator/share/forward_simulator/environment/ament_prefix_path.dsv
[1.119s] -- Installing: /home/bigdavid/EPSILON_ws/install/forward_simulator/share/forward_simulator/environment/path.sh
[1.120s] -- Installing: /home/bigdavid/EPSILON_ws/install/forward_simulator/share/forward_simulator/environment/path.dsv
[1.120s] -- Installing: /home/bigdavid/EPSILON_ws/install/forward_simulator/share/forward_simulator/local_setup.bash
[1.120s] -- Installing: /home/bigdavid/EPSILON_ws/install/forward_simulator/share/forward_simulator/local_setup.sh
[1.120s] -- Installing: /home/bigdavid/EPSILON_ws/install/forward_simulator/share/forward_simulator/local_setup.zsh
[1.120s] -- Installing: /home/bigdavid/EPSILON_ws/install/forward_simulator/share/forward_simulator/local_setup.dsv
[1.120s] -- Installing: /home/bigdavid/EPSILON_ws/install/forward_simulator/share/forward_simulator/package.dsv
[1.120s] -- Installing: /home/bigdavid/EPSILON_ws/install/forward_simulator/share/ament_index/resource_index/packages/forward_simulator
[1.120s] -- Installing: /home/bigdavid/EPSILON_ws/install/forward_simulator/share/forward_simulator/cmake/ament_cmake_export_libraries-extras.cmake
[1.120s] -- Installing: /home/bigdavid/EPSILON_ws/install/forward_simulator/share/forward_simulator/cmake/ament_cmake_export_dependencies-extras.cmake
[1.120s] -- Installing: /home/bigdavid/EPSILON_ws/install/forward_simulator/share/forward_simulator/cmake/ament_cmake_export_include_directories-extras.cmake
[1.120s] -- Installing: /home/bigdavid/EPSILON_ws/install/forward_simulator/share/forward_simulator/cmake/forward_simulatorConfig.cmake
[1.120s] -- Installing: /home/bigdavid/EPSILON_ws/install/forward_simulator/share/forward_simulator/cmake/forward_simulatorConfig-version.cmake
[1.120s] -- Installing: /home/bigdavid/EPSILON_ws/install/forward_simulator/share/forward_simulator/package.xml
[1.121s] Invoked command in '/home/bigdavid/EPSILON_ws/build/forward_simulator' returned '0': AMENT_PREFIX_PATH=/home/bigdavid/EPSILON_ws/install/vehicle_model:/home/bigdavid/EPSILON_ws/install/common:${AMENT_PREFIX_PATH} CMAKE_PREFIX_PATH=/home/bigdavid/EPSILON_ws/install/vehicle_model:/home/bigdavid/EPSILON_ws/install/common:/opt/ros/humble LD_LIBRARY_PATH=/home/bigdavid/EPSILON_ws/install/vehicle_model/lib:/home/bigdavid/EPSILON_ws/install/common/lib:${LD_LIBRARY_PATH} /usr/bin/cmake --install /home/bigdavid/EPSILON_ws/build/forward_simulator
