[0.010s] Invoking command in '/home/bigdavid/EPSILON_ws/build/playgrounds': CMAKE_PREFIX_PATH=/opt/ros/humble /usr/bin/cmake --build /home/bigdavid/EPSILON_ws/build/playgrounds -- -j32 -l32
[0.049s] Invoked command in '/home/bigdavid/EPSILON_ws/build/playgrounds' returned '0': CMAKE_PREFIX_PATH=/opt/ros/humble /usr/bin/cmake --build /home/bigdavid/EPSILON_ws/build/playgrounds -- -j32 -l32
[0.059s] Invoking command in '/home/bigdavid/EPSILON_ws/build/playgrounds': CMAKE_PREFIX_PATH=/opt/ros/humble /usr/bin/cmake --install /home/bigdavid/EPSILON_ws/build/playgrounds
[0.070s] -- Install configuration: ""
[0.070s] -- Up-to-date: /home/bigdavid/EPSILON_ws/install/playgrounds/share/playgrounds/highway_lite
[0.070s] -- Up-to-date: /home/bigdavid/EPSILON_ws/install/playgrounds/share/playgrounds/highway_lite/obstacles_norm.json
[0.070s] -- Up-to-date: /home/bigdavid/EPSILON_ws/install/playgrounds/share/playgrounds/highway_lite/vehicle_set.json
[0.070s] -- Up-to-date: /home/bigdavid/EPSILON_ws/install/playgrounds/share/playgrounds/highway_lite/agent_config.json
[0.070s] -- Up-to-date: /home/bigdavid/EPSILON_ws/install/playgrounds/share/playgrounds/highway_lite/lane_net_norm.json
[0.070s] -- Up-to-date: /home/bigdavid/EPSILON_ws/install/playgrounds/share/playgrounds/highway_v1.0
[0.071s] -- Up-to-date: /home/bigdavid/EPSILON_ws/install/playgrounds/share/playgrounds/highway_v1.0/obstacles_norm.json
[0.071s] -- Up-to-date: /home/bigdavid/EPSILON_ws/install/playgrounds/share/playgrounds/highway_v1.0/vehicle_set.json
[0.071s] -- Up-to-date: /home/bigdavid/EPSILON_ws/install/playgrounds/share/playgrounds/highway_v1.0/agent_config.json
[0.071s] -- Up-to-date: /home/bigdavid/EPSILON_ws/install/playgrounds/share/playgrounds/highway_v1.0/lane_net_norm.json
[0.071s] -- Up-to-date: /home/bigdavid/EPSILON_ws/install/playgrounds/share/playgrounds/ring_small_v1.0
[0.071s] -- Up-to-date: /home/bigdavid/EPSILON_ws/install/playgrounds/share/playgrounds/ring_small_v1.0/obstacles_norm.json
[0.071s] -- Up-to-date: /home/bigdavid/EPSILON_ws/install/playgrounds/share/playgrounds/ring_small_v1.0/vehicle_set.json
[0.071s] -- Up-to-date: /home/bigdavid/EPSILON_ws/install/playgrounds/share/playgrounds/ring_small_v1.0/agent_config.json
[0.071s] -- Up-to-date: /home/bigdavid/EPSILON_ws/install/playgrounds/share/playgrounds/ring_small_v1.0/lane_net_norm.json
[0.071s] -- Up-to-date: /home/bigdavid/EPSILON_ws/install/playgrounds/share/playgrounds/ring_tiny_v1.0
[0.071s] -- Up-to-date: /home/bigdavid/EPSILON_ws/install/playgrounds/share/playgrounds/ring_tiny_v1.0/obstacles_norm.json
[0.071s] -- Up-to-date: /home/bigdavid/EPSILON_ws/install/playgrounds/share/playgrounds/ring_tiny_v1.0/vehicle_set.json
[0.071s] -- Up-to-date: /home/bigdavid/EPSILON_ws/install/playgrounds/share/playgrounds/ring_tiny_v1.0/agent_config.json
[0.071s] -- Up-to-date: /home/bigdavid/EPSILON_ws/install/playgrounds/share/playgrounds/ring_tiny_v1.0/lane_net_norm.json
[0.071s] -- Up-to-date: /home/bigdavid/EPSILON_ws/install/playgrounds/share/playgrounds/highway_lite
[0.071s] -- Up-to-date: /home/bigdavid/EPSILON_ws/install/playgrounds/share/playgrounds/highway_lite/obstacles_norm.json
[0.071s] -- Up-to-date: /home/bigdavid/EPSILON_ws/install/playgrounds/share/playgrounds/highway_lite/vehicle_set.json
[0.071s] -- Up-to-date: /home/bigdavid/EPSILON_ws/install/playgrounds/share/playgrounds/highway_lite/agent_config.json
[0.071s] -- Up-to-date: /home/bigdavid/EPSILON_ws/install/playgrounds/share/playgrounds/highway_lite/lane_net_norm.json
[0.072s] -- Up-to-date: /home/bigdavid/EPSILON_ws/install/playgrounds/share/playgrounds/highway_v1.0
[0.072s] -- Up-to-date: /home/bigdavid/EPSILON_ws/install/playgrounds/share/playgrounds/highway_v1.0/obstacles_norm.json
[0.072s] -- Up-to-date: /home/bigdavid/EPSILON_ws/install/playgrounds/share/playgrounds/highway_v1.0/vehicle_set.json
[0.072s] -- Up-to-date: /home/bigdavid/EPSILON_ws/install/playgrounds/share/playgrounds/highway_v1.0/agent_config.json
[0.072s] -- Up-to-date: /home/bigdavid/EPSILON_ws/install/playgrounds/share/playgrounds/highway_v1.0/lane_net_norm.json
[0.072s] -- Up-to-date: /home/bigdavid/EPSILON_ws/install/playgrounds/share/playgrounds/ring_small_v1.0
[0.072s] -- Up-to-date: /home/bigdavid/EPSILON_ws/install/playgrounds/share/playgrounds/ring_small_v1.0/obstacles_norm.json
[0.072s] -- Up-to-date: /home/bigdavid/EPSILON_ws/install/playgrounds/share/playgrounds/ring_small_v1.0/vehicle_set.json
[0.072s] -- Up-to-date: /home/bigdavid/EPSILON_ws/install/playgrounds/share/playgrounds/ring_small_v1.0/agent_config.json
[0.072s] -- Up-to-date: /home/bigdavid/EPSILON_ws/install/playgrounds/share/playgrounds/ring_small_v1.0/lane_net_norm.json
[0.072s] -- Up-to-date: /home/bigdavid/EPSILON_ws/install/playgrounds/share/playgrounds/ring_tiny_v1.0
[0.072s] -- Up-to-date: /home/bigdavid/EPSILON_ws/install/playgrounds/share/playgrounds/ring_tiny_v1.0/obstacles_norm.json
[0.072s] -- Up-to-date: /home/bigdavid/EPSILON_ws/install/playgrounds/share/playgrounds/ring_tiny_v1.0/vehicle_set.json
[0.072s] -- Up-to-date: /home/bigdavid/EPSILON_ws/install/playgrounds/share/playgrounds/ring_tiny_v1.0/agent_config.json
[0.072s] -- Up-to-date: /home/bigdavid/EPSILON_ws/install/playgrounds/share/playgrounds/ring_tiny_v1.0/lane_net_norm.json
[0.072s] -- Up-to-date: /home/bigdavid/EPSILON_ws/install/playgrounds/share/ament_index/resource_index/package_run_dependencies/playgrounds
[0.072s] -- Up-to-date: /home/bigdavid/EPSILON_ws/install/playgrounds/share/ament_index/resource_index/parent_prefix_path/playgrounds
[0.073s] -- Up-to-date: /home/bigdavid/EPSILON_ws/install/playgrounds/share/playgrounds/environment/ament_prefix_path.sh
[0.073s] -- Up-to-date: /home/bigdavid/EPSILON_ws/install/playgrounds/share/playgrounds/environment/ament_prefix_path.dsv
[0.073s] -- Up-to-date: /home/bigdavid/EPSILON_ws/install/playgrounds/share/playgrounds/environment/path.sh
[0.073s] -- Up-to-date: /home/bigdavid/EPSILON_ws/install/playgrounds/share/playgrounds/environment/path.dsv
[0.073s] -- Up-to-date: /home/bigdavid/EPSILON_ws/install/playgrounds/share/playgrounds/local_setup.bash
[0.073s] -- Up-to-date: /home/bigdavid/EPSILON_ws/install/playgrounds/share/playgrounds/local_setup.sh
[0.073s] -- Up-to-date: /home/bigdavid/EPSILON_ws/install/playgrounds/share/playgrounds/local_setup.zsh
[0.073s] -- Up-to-date: /home/bigdavid/EPSILON_ws/install/playgrounds/share/playgrounds/local_setup.dsv
[0.073s] -- Installing: /home/bigdavid/EPSILON_ws/install/playgrounds/share/playgrounds/package.dsv
[0.073s] -- Up-to-date: /home/bigdavid/EPSILON_ws/install/playgrounds/share/ament_index/resource_index/packages/playgrounds
[0.074s] -- Up-to-date: /home/bigdavid/EPSILON_ws/install/playgrounds/share/playgrounds/cmake/playgroundsConfig.cmake
[0.074s] -- Up-to-date: /home/bigdavid/EPSILON_ws/install/playgrounds/share/playgrounds/cmake/playgroundsConfig-version.cmake
[0.074s] -- Up-to-date: /home/bigdavid/EPSILON_ws/install/playgrounds/share/playgrounds/package.xml
[0.075s] Invoked command in '/home/bigdavid/EPSILON_ws/build/playgrounds' returned '0': CMAKE_PREFIX_PATH=/opt/ros/humble /usr/bin/cmake --install /home/bigdavid/EPSILON_ws/build/playgrounds
