[0.066s] Invoking command in '/home/bigdavid/EPSILON_ws/build/route_planner': AMENT_PREFIX_PATH=/home/bigdavid/EPSILON_ws/install/semantic_map_manager:/home/bigdavid/EPSILON_ws/install/motion_predictor:/home/bigdavid/EPSILON_ws/install/forward_simulator:/home/bigdavid/EPSILON_ws/install/vehicle_msgs:/home/bigdavid/EPSILON_ws/install/vehicle_model:/home/bigdavid/EPSILON_ws/install/common:${AMENT_PREFIX_PATH} CMAKE_PREFIX_PATH=/home/bigdavid/EPSILON_ws/install/semantic_map_manager:/home/bigdavid/EPSILON_ws/install/motion_predictor:/home/bigdavid/EPSILON_ws/install/forward_simulator:/home/bigdavid/EPSILON_ws/install/vehicle_msgs:/home/bigdavid/EPSILON_ws/install/vehicle_model:/home/bigdavid/EPSILON_ws/install/common:/opt/ros/humble LD_LIBRARY_PATH=/home/bigdavid/EPSILON_ws/install/semantic_map_manager/lib:/home/bigdavid/EPSILON_ws/install/motion_predictor/lib:/home/bigdavid/EPSILON_ws/install/forward_simulator/lib:/home/bigdavid/EPSILON_ws/install/vehicle_msgs/lib:/home/bigdavid/EPSILON_ws/install/vehicle_model/lib:/home/bigdavid/EPSILON_ws/install/common/lib:/usr/local/lib:/usr/lib/x86_64-linux-gnu/gazebo-11/plugins:/opt/ros/humble/opt/rviz_ogre_vendor/lib:/opt/ros/humble/lib/x86_64-linux-gnu:/opt/ros/humble/lib:/usr/local/cuda/lib64 PYTHONPATH=/home/bigdavid/EPSILON_ws/install/vehicle_msgs/local/lib/python3.10/dist-packages:${PYTHONPATH} /usr/bin/cmake --build /home/bigdavid/EPSILON_ws/build/route_planner -- -j32 -l32
[0.163s] [100%] Built target hkust_pl_rp
[0.177s] Invoked command in '/home/bigdavid/EPSILON_ws/build/route_planner' returned '0': AMENT_PREFIX_PATH=/home/bigdavid/EPSILON_ws/install/semantic_map_manager:/home/bigdavid/EPSILON_ws/install/motion_predictor:/home/bigdavid/EPSILON_ws/install/forward_simulator:/home/bigdavid/EPSILON_ws/install/vehicle_msgs:/home/bigdavid/EPSILON_ws/install/vehicle_model:/home/bigdavid/EPSILON_ws/install/common:${AMENT_PREFIX_PATH} CMAKE_PREFIX_PATH=/home/bigdavid/EPSILON_ws/install/semantic_map_manager:/home/bigdavid/EPSILON_ws/install/motion_predictor:/home/bigdavid/EPSILON_ws/install/forward_simulator:/home/bigdavid/EPSILON_ws/install/vehicle_msgs:/home/bigdavid/EPSILON_ws/install/vehicle_model:/home/bigdavid/EPSILON_ws/install/common:/opt/ros/humble LD_LIBRARY_PATH=/home/bigdavid/EPSILON_ws/install/semantic_map_manager/lib:/home/bigdavid/EPSILON_ws/install/motion_predictor/lib:/home/bigdavid/EPSILON_ws/install/forward_simulator/lib:/home/bigdavid/EPSILON_ws/install/vehicle_msgs/lib:/home/bigdavid/EPSILON_ws/install/vehicle_model/lib:/home/bigdavid/EPSILON_ws/install/common/lib:/usr/local/lib:/usr/lib/x86_64-linux-gnu/gazebo-11/plugins:/opt/ros/humble/opt/rviz_ogre_vendor/lib:/opt/ros/humble/lib/x86_64-linux-gnu:/opt/ros/humble/lib:/usr/local/cuda/lib64 PYTHONPATH=/home/bigdavid/EPSILON_ws/install/vehicle_msgs/local/lib/python3.10/dist-packages:${PYTHONPATH} /usr/bin/cmake --build /home/bigdavid/EPSILON_ws/build/route_planner -- -j32 -l32
[0.182s] Invoking command in '/home/bigdavid/EPSILON_ws/build/route_planner': AMENT_PREFIX_PATH=/home/bigdavid/EPSILON_ws/install/semantic_map_manager:/home/bigdavid/EPSILON_ws/install/motion_predictor:/home/bigdavid/EPSILON_ws/install/forward_simulator:/home/bigdavid/EPSILON_ws/install/vehicle_msgs:/home/bigdavid/EPSILON_ws/install/vehicle_model:/home/bigdavid/EPSILON_ws/install/common:${AMENT_PREFIX_PATH} CMAKE_PREFIX_PATH=/home/bigdavid/EPSILON_ws/install/semantic_map_manager:/home/bigdavid/EPSILON_ws/install/motion_predictor:/home/bigdavid/EPSILON_ws/install/forward_simulator:/home/bigdavid/EPSILON_ws/install/vehicle_msgs:/home/bigdavid/EPSILON_ws/install/vehicle_model:/home/bigdavid/EPSILON_ws/install/common:/opt/ros/humble LD_LIBRARY_PATH=/home/bigdavid/EPSILON_ws/install/semantic_map_manager/lib:/home/bigdavid/EPSILON_ws/install/motion_predictor/lib:/home/bigdavid/EPSILON_ws/install/forward_simulator/lib:/home/bigdavid/EPSILON_ws/install/vehicle_msgs/lib:/home/bigdavid/EPSILON_ws/install/vehicle_model/lib:/home/bigdavid/EPSILON_ws/install/common/lib:/usr/local/lib:/usr/lib/x86_64-linux-gnu/gazebo-11/plugins:/opt/ros/humble/opt/rviz_ogre_vendor/lib:/opt/ros/humble/lib/x86_64-linux-gnu:/opt/ros/humble/lib:/usr/local/cuda/lib64 PYTHONPATH=/home/bigdavid/EPSILON_ws/install/vehicle_msgs/local/lib/python3.10/dist-packages:${PYTHONPATH} /usr/bin/cmake --install /home/bigdavid/EPSILON_ws/build/route_planner
[0.194s] -- Install configuration: "Release"
[0.195s] -- Up-to-date: /home/bigdavid/EPSILON_ws/install/route_planner/share/route_planner/environment/library_path.sh
[0.196s] -- Up-to-date: /home/bigdavid/EPSILON_ws/install/route_planner/share/route_planner/environment/library_path.dsv
[0.196s] -- Up-to-date: /home/bigdavid/EPSILON_ws/install/route_planner/lib/libhkust_pl_rp.a
[0.196s] -- Up-to-date: /home/bigdavid/EPSILON_ws/install/route_planner/include
[0.196s] -- Up-to-date: /home/bigdavid/EPSILON_ws/install/route_planner/include/route_planner
[0.197s] -- Up-to-date: /home/bigdavid/EPSILON_ws/install/route_planner/include/route_planner/route_planner.h
[0.198s] -- Up-to-date: /home/bigdavid/EPSILON_ws/install/route_planner/share/ament_index/resource_index/package_run_dependencies/route_planner
[0.199s] -- Up-to-date: /home/bigdavid/EPSILON_ws/install/route_planner/share/ament_index/resource_index/parent_prefix_path/route_planner
[0.202s] -- Up-to-date: /home/bigdavid/EPSILON_ws/install/route_planner/share/route_planner/environment/ament_prefix_path.sh
[0.202s] -- Up-to-date: /home/bigdavid/EPSILON_ws/install/route_planner/share/route_planner/environment/ament_prefix_path.dsv
[0.203s] -- Up-to-date: /home/bigdavid/EPSILON_ws/install/route_planner/share/route_planner/environment/path.sh
[0.204s] -- Up-to-date: /home/bigdavid/EPSILON_ws/install/route_planner/share/route_planner/environment/path.dsv
[0.204s] -- Up-to-date: /home/bigdavid/EPSILON_ws/install/route_planner/share/route_planner/local_setup.bash
[0.205s] -- Up-to-date: /home/bigdavid/EPSILON_ws/install/route_planner/share/route_planner/local_setup.sh
[0.206s] -- Up-to-date: /home/bigdavid/EPSILON_ws/install/route_planner/share/route_planner/local_setup.zsh
[0.207s] -- Up-to-date: /home/bigdavid/EPSILON_ws/install/route_planner/share/route_planner/local_setup.dsv
[0.207s] -- Installing: /home/bigdavid/EPSILON_ws/install/route_planner/share/route_planner/package.dsv
[0.209s] -- Up-to-date: /home/bigdavid/EPSILON_ws/install/route_planner/share/ament_index/resource_index/packages/route_planner
[0.211s] -- Up-to-date: /home/bigdavid/EPSILON_ws/install/route_planner/share/route_planner/cmake/ament_cmake_export_libraries-extras.cmake
[0.211s] -- Up-to-date: /home/bigdavid/EPSILON_ws/install/route_planner/share/route_planner/cmake/ament_cmake_export_dependencies-extras.cmake
[0.212s] -- Up-to-date: /home/bigdavid/EPSILON_ws/install/route_planner/share/route_planner/cmake/ament_cmake_export_include_directories-extras.cmake
[0.213s] -- Up-to-date: /home/bigdavid/EPSILON_ws/install/route_planner/share/route_planner/cmake/route_plannerConfig.cmake
[0.213s] -- Up-to-date: /home/bigdavid/EPSILON_ws/install/route_planner/share/route_planner/cmake/route_plannerConfig-version.cmake
[0.214s] -- Up-to-date: /home/bigdavid/EPSILON_ws/install/route_planner/share/route_planner/package.xml
[0.215s] Invoked command in '/home/bigdavid/EPSILON_ws/build/route_planner' returned '0': AMENT_PREFIX_PATH=/home/bigdavid/EPSILON_ws/install/semantic_map_manager:/home/bigdavid/EPSILON_ws/install/motion_predictor:/home/bigdavid/EPSILON_ws/install/forward_simulator:/home/bigdavid/EPSILON_ws/install/vehicle_msgs:/home/bigdavid/EPSILON_ws/install/vehicle_model:/home/bigdavid/EPSILON_ws/install/common:${AMENT_PREFIX_PATH} CMAKE_PREFIX_PATH=/home/bigdavid/EPSILON_ws/install/semantic_map_manager:/home/bigdavid/EPSILON_ws/install/motion_predictor:/home/bigdavid/EPSILON_ws/install/forward_simulator:/home/bigdavid/EPSILON_ws/install/vehicle_msgs:/home/bigdavid/EPSILON_ws/install/vehicle_model:/home/bigdavid/EPSILON_ws/install/common:/opt/ros/humble LD_LIBRARY_PATH=/home/bigdavid/EPSILON_ws/install/semantic_map_manager/lib:/home/bigdavid/EPSILON_ws/install/motion_predictor/lib:/home/bigdavid/EPSILON_ws/install/forward_simulator/lib:/home/bigdavid/EPSILON_ws/install/vehicle_msgs/lib:/home/bigdavid/EPSILON_ws/install/vehicle_model/lib:/home/bigdavid/EPSILON_ws/install/common/lib:/usr/local/lib:/usr/lib/x86_64-linux-gnu/gazebo-11/plugins:/opt/ros/humble/opt/rviz_ogre_vendor/lib:/opt/ros/humble/lib/x86_64-linux-gnu:/opt/ros/humble/lib:/usr/local/cuda/lib64 PYTHONPATH=/home/bigdavid/EPSILON_ws/install/vehicle_msgs/local/lib/python3.10/dist-packages:${PYTHONPATH} /usr/bin/cmake --install /home/bigdavid/EPSILON_ws/build/route_planner
