[33mCMake Warning at /home/bigdavid/EPSILON_ws/install/common/share/common/cmake/ament_cmake_export_include_directories-extras.cmake:11 (message):
  Package 'common' exports the include directory
  '/home/bigdavid/EPSILON_ws/src/EPSILON_ROS2/core/common/thirdparty/OOQP/include'
  which doesn't exist
Call Stack (most recent call first):
  /home/bigdavid/EPSILON_ws/install/common/share/common/cmake/commonConfig.cmake:41 (include)
  CMakeLists.txt:20 (find_package)

[0m
[33mCMake Warning at /home/bigdavid/EPSILON_ws/install/vehicle_model/share/vehicle_model/cmake/ament_cmake_export_include_directories-extras.cmake:11 (message):
  Package 'vehicle_model' exports the include directory
  '/home/bigdavid/EPSILON_ws/src/EPSILON_ROS2/core/common/thirdparty/OOQP/include'
  which doesn't exist
Call Stack (most recent call first):
  /home/bigdavid/EPSILON_ws/install/vehicle_model/share/vehicle_model/cmake/vehicle_modelConfig.cmake:41 (include)
  CMakeLists.txt:21 (find_package)

[0m
[33mCMake Warning at /home/bigdavid/EPSILON_ws/install/forward_simulator/share/forward_simulator/cmake/ament_cmake_export_include_directories-extras.cmake:11 (message):
  Package 'forward_simulator' exports the include directory
  '/home/bigdavid/EPSILON_ws/src/EPSILON_ROS2/core/common/thirdparty/OOQP/include'
  which doesn't exist
Call Stack (most recent call first):
  /home/bigdavid/EPSILON_ws/install/forward_simulator/share/forward_simulator/cmake/forward_simulatorConfig.cmake:41 (include)
  /home/bigdavid/EPSILON_ws/install/motion_predictor/share/motion_predictor/cmake/ament_cmake_export_dependencies-extras.cmake:21 (find_package)
  /home/bigdavid/EPSILON_ws/install/motion_predictor/share/motion_predictor/cmake/motion_predictorConfig.cmake:41 (include)
  /home/bigdavid/EPSILON_ws/install/semantic_map_manager/share/semantic_map_manager/cmake/ament_cmake_export_dependencies-extras.cmake:21 (find_package)
  /home/bigdavid/EPSILON_ws/install/semantic_map_manager/share/semantic_map_manager/cmake/semantic_map_managerConfig.cmake:41 (include)
  CMakeLists.txt:22 (find_package)

[0m
[33mCMake Warning at /home/bigdavid/EPSILON_ws/install/motion_predictor/share/motion_predictor/cmake/ament_cmake_export_include_directories-extras.cmake:11 (message):
  Package 'motion_predictor' exports the include directory
  '/home/bigdavid/EPSILON_ws/src/EPSILON_ROS2/core/common/thirdparty/OOQP/include'
  which doesn't exist
Call Stack (most recent call first):
  /home/bigdavid/EPSILON_ws/install/motion_predictor/share/motion_predictor/cmake/motion_predictorConfig.cmake:41 (include)
  /home/bigdavid/EPSILON_ws/install/semantic_map_manager/share/semantic_map_manager/cmake/ament_cmake_export_dependencies-extras.cmake:21 (find_package)
  /home/bigdavid/EPSILON_ws/install/semantic_map_manager/share/semantic_map_manager/cmake/semantic_map_managerConfig.cmake:41 (include)
  CMakeLists.txt:22 (find_package)

[0m
[33mCMake Warning at /home/bigdavid/EPSILON_ws/install/vehicle_msgs/share/vehicle_msgs/cmake/ament_cmake_export_include_directories-extras.cmake:11 (message):
  Package 'vehicle_msgs' exports the include directory
  '/home/bigdavid/EPSILON_ws/src/EPSILON_ROS2/core/common/thirdparty/OOQP/include'
  which doesn't exist
Call Stack (most recent call first):
  /home/bigdavid/EPSILON_ws/install/vehicle_msgs/share/vehicle_msgs/cmake/vehicle_msgsConfig.cmake:41 (include)
  /home/bigdavid/EPSILON_ws/install/semantic_map_manager/share/semantic_map_manager/cmake/ament_cmake_export_dependencies-extras.cmake:21 (find_package)
  /home/bigdavid/EPSILON_ws/install/semantic_map_manager/share/semantic_map_manager/cmake/semantic_map_managerConfig.cmake:41 (include)
  CMakeLists.txt:22 (find_package)

[0m
[33mCMake Warning at /home/bigdavid/EPSILON_ws/install/semantic_map_manager/share/semantic_map_manager/cmake/ament_cmake_export_include_directories-extras.cmake:11 (message):
  Package 'semantic_map_manager' exports the include directory
  '/home/bigdavid/EPSILON_ws/src/EPSILON_ROS2/core/common/thirdparty/OOQP/include'
  which doesn't exist
Call Stack (most recent call first):
  /home/bigdavid/EPSILON_ws/install/semantic_map_manager/share/semantic_map_manager/cmake/semantic_map_managerConfig.cmake:41 (include)
  CMakeLists.txt:22 (find_package)

[0m
[33mCMake Warning at /home/bigdavid/EPSILON_ws/install/route_planner/share/route_planner/cmake/ament_cmake_export_include_directories-extras.cmake:11 (message):
  Package 'route_planner' exports the include directory
  '/home/bigdavid/EPSILON_ws/src/EPSILON_ROS2/core/common/thirdparty/OOQP/include'
  which doesn't exist
Call Stack (most recent call first):
  /home/bigdavid/EPSILON_ws/install/route_planner/share/route_planner/cmake/route_plannerConfig.cmake:41 (include)
  CMakeLists.txt:24 (find_package)

[0m
[33mCMake Warning at /opt/ros/humble/share/ament_cmake_export_include_directories/cmake/ament_export_include_directories.cmake:44 (message):
  ament_export_include_directories() package 'eudm_planner' exports the
  include directory
  '/home/bigdavid/EPSILON_ws/src/EPSILON_ROS2/core/common/thirdparty/OOQP/include'
  which doesn't exist
Call Stack (most recent call first):
  CMakeLists.txt:92 (ament_export_include_directories)

[0m
[33mCMake Warning at /opt/ros/humble/share/ament_cmake_export_include_directories/cmake/ament_export_include_directories.cmake:44 (message):
  ament_export_include_directories() package 'eudm_planner' exports the
  include directory
  '/home/bigdavid/EPSILON_ws/src/EPSILON_ROS2/core/common/thirdparty/OOQP/include'
  which doesn't exist
Call Stack (most recent call first):
  CMakeLists.txt:92 (ament_export_include_directories)

[0m
[33mCMake Warning at /opt/ros/humble/share/ament_cmake_export_include_directories/cmake/ament_export_include_directories.cmake:44 (message):
  ament_export_include_directories() package 'eudm_planner' exports the
  include directory
  '/home/bigdavid/EPSILON_ws/src/EPSILON_ROS2/core/common/thirdparty/OOQP/include'
  which doesn't exist
Call Stack (most recent call first):
  CMakeLists.txt:92 (ament_export_include_directories)

[0m
[33mCMake Warning at /opt/ros/humble/share/ament_cmake_export_include_directories/cmake/ament_export_include_directories.cmake:44 (message):
  ament_export_include_directories() package 'eudm_planner' exports the
  include directory
  '/home/bigdavid/EPSILON_ws/src/EPSILON_ROS2/core/common/thirdparty/OOQP/include'
  which doesn't exist
Call Stack (most recent call first):
  CMakeLists.txt:92 (ament_export_include_directories)

[0m
[33mCMake Warning at /opt/ros/humble/share/ament_cmake_export_include_directories/cmake/ament_export_include_directories.cmake:44 (message):
  ament_export_include_directories() package 'eudm_planner' exports the
  include directory
  '/home/bigdavid/EPSILON_ws/src/EPSILON_ROS2/core/common/thirdparty/OOQP/include'
  which doesn't exist
Call Stack (most recent call first):
  CMakeLists.txt:92 (ament_export_include_directories)

[0m
[33mCMake Warning at /opt/ros/humble/share/ament_cmake_export_include_directories/cmake/ament_export_include_directories.cmake:44 (message):
  ament_export_include_directories() package 'eudm_planner' exports the
  include directory
  '/home/bigdavid/EPSILON_ws/src/EPSILON_ROS2/core/common/thirdparty/OOQP/include'
  which doesn't exist
Call Stack (most recent call first):
  CMakeLists.txt:92 (ament_export_include_directories)

[0m
[33mCMake Warning at /opt/ros/humble/share/ament_cmake_export_include_directories/cmake/ament_export_include_directories.cmake:44 (message):
  ament_export_include_directories() package 'eudm_planner' exports the
  include directory
  '/home/bigdavid/EPSILON_ws/src/EPSILON_ROS2/core/common/thirdparty/OOQP/include'
  which doesn't exist
Call Stack (most recent call first):
  CMakeLists.txt:92 (ament_export_include_directories)

[0m
[33mCMake Warning at /opt/ros/humble/share/ament_cmake_export_include_directories/cmake/ament_export_include_directories.cmake:44 (message):
  ament_export_include_directories() package 'eudm_planner' exports the
  include directory
  '/home/bigdavid/EPSILON_ws/src/EPSILON_ROS2/core/common/thirdparty/OOQP/include'
  which doesn't exist
Call Stack (most recent call first):
  CMakeLists.txt:92 (ament_export_include_directories)

[0m
[33mCMake Warning at /opt/ros/humble/share/ament_cmake_export_include_directories/cmake/ament_export_include_directories.cmake:44 (message):
  ament_export_include_directories() package 'eudm_planner' exports the
  include directory
  '/home/bigdavid/EPSILON_ws/src/EPSILON_ROS2/core/common/thirdparty/OOQP/include'
  which doesn't exist
Call Stack (most recent call first):
  CMakeLists.txt:92 (ament_export_include_directories)

[0m
[33mCMake Warning at /opt/ros/humble/share/ament_cmake_export_include_directories/cmake/ament_export_include_directories.cmake:44 (message):
  ament_export_include_directories() package 'eudm_planner' exports the
  include directory
  '/home/bigdavid/EPSILON_ws/src/EPSILON_ROS2/core/common/thirdparty/OOQP/include'
  which doesn't exist
Call Stack (most recent call first):
  CMakeLists.txt:92 (ament_export_include_directories)

[0m
[01m[K/home/bigdavid/EPSILON_ws/src/EPSILON_ROS2/util/eudm_planner/src/eudm_planner/eudm_manager.cc:[m[K In member function ‘[01m[Kbool planning::EudmManager::IsTriggerAppropriate(const LateralBehavior&)[m[K’:
[01m[K/home/bigdavid/EPSILON_ws/src/EPSILON_ROS2/util/eudm_planner/src/eudm_planner/eudm_manager.cc:54:9:[m[K [01;35m[Kwarning: [m[Kunused variable ‘[01m[Knum_actions[m[K’ [[01;35m[K-Wunused-variable[m[K]
   54 |     int [01;35m[Knum_actions[m[K = action_seq.size();
      |         [01;35m[K^~~~~~~~~~~[m[K
[01m[K/home/bigdavid/EPSILON_ws/src/EPSILON_ROS2/util/eudm_planner/src/eudm_planner/eudm_planner.cc:[m[K In member function ‘[01m[KErrorType planning::EudmPlanner::ClassifyActionSeq(const std::vector<planning::DcpTree::DcpAction>&, decimal_t*, common::LateralBehavior*, bool*) const[m[K’:
[01m[K/home/bigdavid/EPSILON_ws/src/EPSILON_ROS2/util/eudm_planner/src/eudm_planner/eudm_planner.cc:146:13:[m[K [01;35m[Kwarning: [m[Kunused variable ‘[01m[Koperation_at[m[K’ [[01;35m[K-Wunused-variable[m[K]
  146 |   decimal_t [01;35m[Koperation_at[m[K = 0.0;
      |             [01;35m[K^~~~~~~~~~~~[m[K
[01m[K/home/bigdavid/EPSILON_ws/src/EPSILON_ROS2/util/eudm_planner/src/eudm_planner/eudm_planner.cc:[m[K In member function ‘[01m[KErrorType planning::EudmPlanner::CostFunction(const DcpAction&, const planning::EudmPlanner::ForwardSimEgoAgent&, const planning::EudmPlanner::ForwardSimAgentSet&, vec_E<common::Vehicle>&, const std::unordered_map<int, std::vector<common::Vehicle, Eigen::aligned_allocator<common::Vehicle> > >&, bool, planning::EudmPlanner::CostStructure*, bool*, std::set<int>*)[m[K’:
[01m[K/home/bigdavid/EPSILON_ws/src/EPSILON_ROS2/util/eudm_planner/src/eudm_planner/eudm_planner.cc:1092:8:[m[K [01;35m[Kwarning: [m[Kunused variable ‘[01m[Kego_lon_behavior_this_layer[m[K’ [[01;35m[K-Wunused-variable[m[K]
 1092 |   auto [01;35m[Kego_lon_behavior_this_layer[m[K = ego_fsagent.lon_behavior;
      |        [01;35m[K^~~~~~~~~~~~~~~~~~~~~~~~~~~[m[K
[01m[K/home/bigdavid/EPSILON_ws/src/EPSILON_ROS2/util/eudm_planner/src/eudm_planner/eudm_planner.cc:1093:8:[m[K [01;35m[Kwarning: [m[Kunused variable ‘[01m[Kego_lat_behavior_this_layer[m[K’ [[01;35m[K-Wunused-variable[m[K]
 1093 |   auto [01;35m[Kego_lat_behavior_this_layer[m[K = ego_fsagent.lat_behavior;
      |        [01;35m[K^~~~~~~~~~~~~~~~~~~~~~~~~~~[m[K
[01m[K/home/bigdavid/EPSILON_ws/src/EPSILON_ROS2/util/eudm_planner/src/eudm_planner/eudm_planner.cc:[m[K In member function ‘[01m[KErrorType planning::EudmPlanner::UpdateSimSetupForScenario(const std::vector<planning::DcpTree::DcpAction>&, planning::EudmPlanner::ForwardSimEgoAgent*) const[m[K’:
[01m[K/home/bigdavid/EPSILON_ws/src/EPSILON_ROS2/util/eudm_planner/src/eudm_planner/eudm_planner.cc:364:37:[m[K [01;35m[Kwarning: [m[K‘[01m[Koperation_at_seconds[m[K’ may be used uninitialized in this function [[01;35m[K-Wmaybe-uninitialized[m[K]
  364 |   [01;35m[Kego_fsagent->operation_at_seconds = operation_at_seconds[m[K;
      |   [01;35m[K~~~~~~~~~~~~~~~~~~~~~~~~~~~~~~~~~~^~~~~~~~~~~~~~~~~~~~~~[m[K
[01m[K/home/bigdavid/EPSILON_ws/src/EPSILON_ROS2/util/eudm_planner/src/eudm_planner/eudm_planner.cc:366:33:[m[K [01;35m[Kwarning: [m[K‘[01m[Kseq_lat_behavior[m[K’ may be used uninitialized in this function [[01;35m[K-Wmaybe-uninitialized[m[K]
  366 |   [01;35m[Kego_fsagent->seq_lat_behavior = seq_lat_behavior[m[K;
      |   [01;35m[K~~~~~~~~~~~~~~~~~~~~~~~~~~~~~~^~~~~~~~~~~~~~~~~~[m[K
