[0.015s] Invoking command in '/home/bigdavid/EPSILON_ws/build/behavior_planner': AMENT_PREFIX_PATH=/home/bigdavid/EPSILON_ws/install/route_planner:/home/bigdavid/EPSILON_ws/install/semantic_map_manager:/home/bigdavid/EPSILON_ws/install/motion_predictor:/home/bigdavid/EPSILON_ws/install/forward_simulator:/home/bigdavid/EPSILON_ws/install/vehicle_msgs:/home/bigdavid/EPSILON_ws/install/vehicle_model:/home/bigdavid/EPSILON_ws/install/common:${AMENT_PREFIX_PATH} CMAKE_PREFIX_PATH=/home/bigdavid/EPSILON_ws/install/route_planner:/home/bigdavid/EPSILON_ws/install/semantic_map_manager:/home/bigdavid/EPSILON_ws/install/motion_predictor:/home/bigdavid/EPSILON_ws/install/forward_simulator:/home/bigdavid/EPSILON_ws/install/vehicle_msgs:/home/bigdavid/EPSILON_ws/install/vehicle_model:/home/bigdavid/EPSILON_ws/install/common:/opt/ros/humble LD_LIBRARY_PATH=/home/bigdavid/EPSILON_ws/install/route_planner/lib:/home/bigdavid/EPSILON_ws/install/semantic_map_manager/lib:/home/bigdavid/EPSILON_ws/install/motion_predictor/lib:/home/bigdavid/EPSILON_ws/install/forward_simulator/lib:/home/bigdavid/EPSILON_ws/install/vehicle_msgs/lib:/home/bigdavid/EPSILON_ws/install/vehicle_model/lib:/home/bigdavid/EPSILON_ws/install/common/lib:/usr/local/lib:/usr/lib/x86_64-linux-gnu/gazebo-11/plugins:/opt/ros/humble/opt/rviz_ogre_vendor/lib:/opt/ros/humble/lib/x86_64-linux-gnu:/opt/ros/humble/lib:/usr/local/cuda/lib64 PYTHONPATH=/home/bigdavid/EPSILON_ws/install/vehicle_msgs/local/lib/python3.10/dist-packages:${PYTHONPATH} /usr/bin/cmake --build /home/bigdavid/EPSILON_ws/build/behavior_planner -- -j32 -l32
[0.044s] [35m[1mConsolidate compiler generated dependencies of target behavior_planner_lib[0m
[0.059s] [ 20%] [32mBuilding CXX object CMakeFiles/behavior_planner_lib.dir/src/behavior_planner/behavior_planner.cc.o[0m
[2.849s] [ 40%] [32m[1mLinking CXX static library libbehavior_planner_lib.a[0m
[2.876s] [ 60%] Built target behavior_planner_lib
[2.899s] [100%] Built target behavior_planner_ros
[2.909s] Invoked command in '/home/bigdavid/EPSILON_ws/build/behavior_planner' returned '0': AMENT_PREFIX_PATH=/home/bigdavid/EPSILON_ws/install/route_planner:/home/bigdavid/EPSILON_ws/install/semantic_map_manager:/home/bigdavid/EPSILON_ws/install/motion_predictor:/home/bigdavid/EPSILON_ws/install/forward_simulator:/home/bigdavid/EPSILON_ws/install/vehicle_msgs:/home/bigdavid/EPSILON_ws/install/vehicle_model:/home/bigdavid/EPSILON_ws/install/common:${AMENT_PREFIX_PATH} CMAKE_PREFIX_PATH=/home/bigdavid/EPSILON_ws/install/route_planner:/home/bigdavid/EPSILON_ws/install/semantic_map_manager:/home/bigdavid/EPSILON_ws/install/motion_predictor:/home/bigdavid/EPSILON_ws/install/forward_simulator:/home/bigdavid/EPSILON_ws/install/vehicle_msgs:/home/bigdavid/EPSILON_ws/install/vehicle_model:/home/bigdavid/EPSILON_ws/install/common:/opt/ros/humble LD_LIBRARY_PATH=/home/bigdavid/EPSILON_ws/install/route_planner/lib:/home/bigdavid/EPSILON_ws/install/semantic_map_manager/lib:/home/bigdavid/EPSILON_ws/install/motion_predictor/lib:/home/bigdavid/EPSILON_ws/install/forward_simulator/lib:/home/bigdavid/EPSILON_ws/install/vehicle_msgs/lib:/home/bigdavid/EPSILON_ws/install/vehicle_model/lib:/home/bigdavid/EPSILON_ws/install/common/lib:/usr/local/lib:/usr/lib/x86_64-linux-gnu/gazebo-11/plugins:/opt/ros/humble/opt/rviz_ogre_vendor/lib:/opt/ros/humble/lib/x86_64-linux-gnu:/opt/ros/humble/lib:/usr/local/cuda/lib64 PYTHONPATH=/home/bigdavid/EPSILON_ws/install/vehicle_msgs/local/lib/python3.10/dist-packages:${PYTHONPATH} /usr/bin/cmake --build /home/bigdavid/EPSILON_ws/build/behavior_planner -- -j32 -l32
[2.910s] Invoking command in '/home/bigdavid/EPSILON_ws/build/behavior_planner': AMENT_PREFIX_PATH=/home/bigdavid/EPSILON_ws/install/route_planner:/home/bigdavid/EPSILON_ws/install/semantic_map_manager:/home/bigdavid/EPSILON_ws/install/motion_predictor:/home/bigdavid/EPSILON_ws/install/forward_simulator:/home/bigdavid/EPSILON_ws/install/vehicle_msgs:/home/bigdavid/EPSILON_ws/install/vehicle_model:/home/bigdavid/EPSILON_ws/install/common:${AMENT_PREFIX_PATH} CMAKE_PREFIX_PATH=/home/bigdavid/EPSILON_ws/install/route_planner:/home/bigdavid/EPSILON_ws/install/semantic_map_manager:/home/bigdavid/EPSILON_ws/install/motion_predictor:/home/bigdavid/EPSILON_ws/install/forward_simulator:/home/bigdavid/EPSILON_ws/install/vehicle_msgs:/home/bigdavid/EPSILON_ws/install/vehicle_model:/home/bigdavid/EPSILON_ws/install/common:/opt/ros/humble LD_LIBRARY_PATH=/home/bigdavid/EPSILON_ws/install/route_planner/lib:/home/bigdavid/EPSILON_ws/install/semantic_map_manager/lib:/home/bigdavid/EPSILON_ws/install/motion_predictor/lib:/home/bigdavid/EPSILON_ws/install/forward_simulator/lib:/home/bigdavid/EPSILON_ws/install/vehicle_msgs/lib:/home/bigdavid/EPSILON_ws/install/vehicle_model/lib:/home/bigdavid/EPSILON_ws/install/common/lib:/usr/local/lib:/usr/lib/x86_64-linux-gnu/gazebo-11/plugins:/opt/ros/humble/opt/rviz_ogre_vendor/lib:/opt/ros/humble/lib/x86_64-linux-gnu:/opt/ros/humble/lib:/usr/local/cuda/lib64 PYTHONPATH=/home/bigdavid/EPSILON_ws/install/vehicle_msgs/local/lib/python3.10/dist-packages:${PYTHONPATH} /usr/bin/cmake --install /home/bigdavid/EPSILON_ws/build/behavior_planner
[2.916s] -- Install configuration: "Release"
[2.916s] -- Up-to-date: /home/bigdavid/EPSILON_ws/install/behavior_planner/share/behavior_planner/environment/library_path.sh
[2.916s] -- Up-to-date: /home/bigdavid/EPSILON_ws/install/behavior_planner/share/behavior_planner/environment/library_path.dsv
[2.916s] -- Installing: /home/bigdavid/EPSILON_ws/install/behavior_planner/lib/libbehavior_planner_lib.a
[2.916s] -- Up-to-date: /home/bigdavid/EPSILON_ws/install/behavior_planner/lib/libbehavior_planner_ros.a
[2.916s] -- Up-to-date: /home/bigdavid/EPSILON_ws/install/behavior_planner/include
[2.917s] -- Up-to-date: /home/bigdavid/EPSILON_ws/install/behavior_planner/include/behavior_planner
[2.917s] -- Up-to-date: /home/bigdavid/EPSILON_ws/install/behavior_planner/include/behavior_planner/map_interface.h
[2.917s] -- Up-to-date: /home/bigdavid/EPSILON_ws/install/behavior_planner/include/behavior_planner/behavior_planner.h
[2.917s] -- Up-to-date: /home/bigdavid/EPSILON_ws/install/behavior_planner/include/behavior_planner/behavior_server_ros.h
[2.917s] -- Up-to-date: /home/bigdavid/EPSILON_ws/install/behavior_planner/include/behavior_planner/map_adapter.h
[2.917s] -- Up-to-date: /home/bigdavid/EPSILON_ws/install/behavior_planner/include/behavior_planner/visualizer.h
[2.917s] -- Up-to-date: /home/bigdavid/EPSILON_ws/install/behavior_planner/share/ament_index/resource_index/package_run_dependencies/behavior_planner
[2.917s] -- Up-to-date: /home/bigdavid/EPSILON_ws/install/behavior_planner/share/ament_index/resource_index/parent_prefix_path/behavior_planner
[2.917s] -- Up-to-date: /home/bigdavid/EPSILON_ws/install/behavior_planner/share/behavior_planner/environment/ament_prefix_path.sh
[2.917s] -- Up-to-date: /home/bigdavid/EPSILON_ws/install/behavior_planner/share/behavior_planner/environment/ament_prefix_path.dsv
[2.917s] -- Up-to-date: /home/bigdavid/EPSILON_ws/install/behavior_planner/share/behavior_planner/environment/path.sh
[2.917s] -- Up-to-date: /home/bigdavid/EPSILON_ws/install/behavior_planner/share/behavior_planner/environment/path.dsv
[2.917s] -- Up-to-date: /home/bigdavid/EPSILON_ws/install/behavior_planner/share/behavior_planner/local_setup.bash
[2.917s] -- Up-to-date: /home/bigdavid/EPSILON_ws/install/behavior_planner/share/behavior_planner/local_setup.sh
[2.917s] -- Up-to-date: /home/bigdavid/EPSILON_ws/install/behavior_planner/share/behavior_planner/local_setup.zsh
[2.917s] -- Up-to-date: /home/bigdavid/EPSILON_ws/install/behavior_planner/share/behavior_planner/local_setup.dsv
[2.917s] -- Installing: /home/bigdavid/EPSILON_ws/install/behavior_planner/share/behavior_planner/package.dsv
[2.917s] -- Up-to-date: /home/bigdavid/EPSILON_ws/install/behavior_planner/share/ament_index/resource_index/packages/behavior_planner
[2.917s] -- Up-to-date: /home/bigdavid/EPSILON_ws/install/behavior_planner/share/behavior_planner/cmake/ament_cmake_export_libraries-extras.cmake
[2.917s] -- Up-to-date: /home/bigdavid/EPSILON_ws/install/behavior_planner/share/behavior_planner/cmake/ament_cmake_export_dependencies-extras.cmake
[2.917s] -- Up-to-date: /home/bigdavid/EPSILON_ws/install/behavior_planner/share/behavior_planner/cmake/ament_cmake_export_include_directories-extras.cmake
[2.917s] -- Up-to-date: /home/bigdavid/EPSILON_ws/install/behavior_planner/share/behavior_planner/cmake/behavior_plannerConfig.cmake
[2.917s] -- Up-to-date: /home/bigdavid/EPSILON_ws/install/behavior_planner/share/behavior_planner/cmake/behavior_plannerConfig-version.cmake
[2.917s] -- Up-to-date: /home/bigdavid/EPSILON_ws/install/behavior_planner/share/behavior_planner/package.xml
[2.919s] Invoked command in '/home/bigdavid/EPSILON_ws/build/behavior_planner' returned '0': AMENT_PREFIX_PATH=/home/bigdavid/EPSILON_ws/install/route_planner:/home/bigdavid/EPSILON_ws/install/semantic_map_manager:/home/bigdavid/EPSILON_ws/install/motion_predictor:/home/bigdavid/EPSILON_ws/install/forward_simulator:/home/bigdavid/EPSILON_ws/install/vehicle_msgs:/home/bigdavid/EPSILON_ws/install/vehicle_model:/home/bigdavid/EPSILON_ws/install/common:${AMENT_PREFIX_PATH} CMAKE_PREFIX_PATH=/home/bigdavid/EPSILON_ws/install/route_planner:/home/bigdavid/EPSILON_ws/install/semantic_map_manager:/home/bigdavid/EPSILON_ws/install/motion_predictor:/home/bigdavid/EPSILON_ws/install/forward_simulator:/home/bigdavid/EPSILON_ws/install/vehicle_msgs:/home/bigdavid/EPSILON_ws/install/vehicle_model:/home/bigdavid/EPSILON_ws/install/common:/opt/ros/humble LD_LIBRARY_PATH=/home/bigdavid/EPSILON_ws/install/route_planner/lib:/home/bigdavid/EPSILON_ws/install/semantic_map_manager/lib:/home/bigdavid/EPSILON_ws/install/motion_predictor/lib:/home/bigdavid/EPSILON_ws/install/forward_simulator/lib:/home/bigdavid/EPSILON_ws/install/vehicle_msgs/lib:/home/bigdavid/EPSILON_ws/install/vehicle_model/lib:/home/bigdavid/EPSILON_ws/install/common/lib:/usr/local/lib:/usr/lib/x86_64-linux-gnu/gazebo-11/plugins:/opt/ros/humble/opt/rviz_ogre_vendor/lib:/opt/ros/humble/lib/x86_64-linux-gnu:/opt/ros/humble/lib:/usr/local/cuda/lib64 PYTHONPATH=/home/bigdavid/EPSILON_ws/install/vehicle_msgs/local/lib/python3.10/dist-packages:${PYTHONPATH} /usr/bin/cmake --install /home/bigdavid/EPSILON_ws/build/behavior_planner
