[0.014s] Invoking command in '/home/bigdavid/EPSILON_ws/build/playgrounds': CMAKE_PREFIX_PATH=${CMAKE_PREFIX_PATH}:/opt/ros/humble /usr/bin/cmake --build /home/bigdavid/EPSILON_ws/build/playgrounds -- -j32 -l32
[0.088s] Invoked command in '/home/bigdavid/EPSILON_ws/build/playgrounds' returned '0': CMAKE_PREFIX_PATH=${CMAKE_PREFIX_PATH}:/opt/ros/humble /usr/bin/cmake --build /home/bigdavid/EPSILON_ws/build/playgrounds -- -j32 -l32
[0.108s] Invoking command in '/home/bigdavid/EPSILON_ws/build/playgrounds': CMAKE_PREFIX_PATH=${CMAKE_PREFIX_PATH}:/opt/ros/humble /usr/bin/cmake --install /home/bigdavid/EPSILON_ws/build/playgrounds
[0.136s] -- Install configuration: ""
[0.137s] -- Up-to-date: /home/bigdavid/EPSILON_ws/install/playgrounds/share/playgrounds/highway_lite
[0.137s] -- Up-to-date: /home/bigdavid/EPSILON_ws/install/playgrounds/share/playgrounds/highway_lite/obstacles_norm.json
[0.137s] -- Up-to-date: /home/bigdavid/EPSILON_ws/install/playgrounds/share/playgrounds/highway_lite/vehicle_set.json
[0.138s] -- Up-to-date: /home/bigdavid/EPSILON_ws/install/playgrounds/share/playgrounds/highway_lite/agent_config.json
[0.138s] -- Up-to-date: /home/bigdavid/EPSILON_ws/install/playgrounds/share/playgrounds/highway_lite/lane_net_norm.json
[0.138s] -- Up-to-date: /home/bigdavid/EPSILON_ws/install/playgrounds/share/playgrounds/highway_v1.0
[0.139s] -- Up-to-date: /home/bigdavid/EPSILON_ws/install/playgrounds/share/playgrounds/highway_v1.0/obstacles_norm.json
[0.139s] -- Up-to-date: /home/bigdavid/EPSILON_ws/install/playgrounds/share/playgrounds/highway_v1.0/vehicle_set.json
[0.140s] -- Up-to-date: /home/bigdavid/EPSILON_ws/install/playgrounds/share/playgrounds/highway_v1.0/agent_config.json
[0.140s] -- Up-to-date: /home/bigdavid/EPSILON_ws/install/playgrounds/share/playgrounds/highway_v1.0/lane_net_norm.json
[0.140s] -- Up-to-date: /home/bigdavid/EPSILON_ws/install/playgrounds/share/playgrounds/ring_small_v1.0
[0.141s] -- Up-to-date: /home/bigdavid/EPSILON_ws/install/playgrounds/share/playgrounds/ring_small_v1.0/obstacles_norm.json
[0.141s] -- Up-to-date: /home/bigdavid/EPSILON_ws/install/playgrounds/share/playgrounds/ring_small_v1.0/vehicle_set.json
[0.141s] -- Up-to-date: /home/bigdavid/EPSILON_ws/install/playgrounds/share/playgrounds/ring_small_v1.0/agent_config.json
[0.142s] -- Up-to-date: /home/bigdavid/EPSILON_ws/install/playgrounds/share/playgrounds/ring_small_v1.0/lane_net_norm.json
[0.142s] -- Up-to-date: /home/bigdavid/EPSILON_ws/install/playgrounds/share/playgrounds/ring_tiny_v1.0
[0.142s] -- Up-to-date: /home/bigdavid/EPSILON_ws/install/playgrounds/share/playgrounds/ring_tiny_v1.0/obstacles_norm.json
[0.143s] -- Up-to-date: /home/bigdavid/EPSILON_ws/install/playgrounds/share/playgrounds/ring_tiny_v1.0/vehicle_set.json
[0.143s] -- Up-to-date: /home/bigdavid/EPSILON_ws/install/playgrounds/share/playgrounds/ring_tiny_v1.0/agent_config.json
[0.143s] -- Up-to-date: /home/bigdavid/EPSILON_ws/install/playgrounds/share/playgrounds/ring_tiny_v1.0/lane_net_norm.json
[0.143s] -- Up-to-date: /home/bigdavid/EPSILON_ws/install/playgrounds/share/playgrounds/highway_lite
[0.144s] -- Up-to-date: /home/bigdavid/EPSILON_ws/install/playgrounds/share/playgrounds/highway_lite/obstacles_norm.json
[0.144s] -- Up-to-date: /home/bigdavid/EPSILON_ws/install/playgrounds/share/playgrounds/highway_lite/vehicle_set.json
[0.145s] -- Up-to-date: /home/bigdavid/EPSILON_ws/install/playgrounds/share/playgrounds/highway_lite/agent_config.json
[0.146s] -- Up-to-date: /home/bigdavid/EPSILON_ws/install/playgrounds/share/playgrounds/highway_lite/lane_net_norm.json
[0.147s] -- Up-to-date: /home/bigdavid/EPSILON_ws/install/playgrounds/share/playgrounds/highway_v1.0
[0.148s] -- Up-to-date: /home/bigdavid/EPSILON_ws/install/playgrounds/share/playgrounds/highway_v1.0/obstacles_norm.json
[0.149s] -- Up-to-date: /home/bigdavid/EPSILON_ws/install/playgrounds/share/playgrounds/highway_v1.0/vehicle_set.json
[0.149s] -- Up-to-date: /home/bigdavid/EPSILON_ws/install/playgrounds/share/playgrounds/highway_v1.0/agent_config.json
[0.150s] -- Up-to-date: /home/bigdavid/EPSILON_ws/install/playgrounds/share/playgrounds/highway_v1.0/lane_net_norm.json
[0.151s] -- Up-to-date: /home/bigdavid/EPSILON_ws/install/playgrounds/share/playgrounds/ring_small_v1.0
[0.152s] -- Up-to-date: /home/bigdavid/EPSILON_ws/install/playgrounds/share/playgrounds/ring_small_v1.0/obstacles_norm.json
[0.153s] -- Up-to-date: /home/bigdavid/EPSILON_ws/install/playgrounds/share/playgrounds/ring_small_v1.0/vehicle_set.json
[0.153s] -- Up-to-date: /home/bigdavid/EPSILON_ws/install/playgrounds/share/playgrounds/ring_small_v1.0/agent_config.json
[0.154s] -- Up-to-date: /home/bigdavid/EPSILON_ws/install/playgrounds/share/playgrounds/ring_small_v1.0/lane_net_norm.json
[0.154s] -- Up-to-date: /home/bigdavid/EPSILON_ws/install/playgrounds/share/playgrounds/ring_tiny_v1.0
[0.154s] -- Up-to-date: /home/bigdavid/EPSILON_ws/install/playgrounds/share/playgrounds/ring_tiny_v1.0/obstacles_norm.json
[0.155s] -- Up-to-date: /home/bigdavid/EPSILON_ws/install/playgrounds/share/playgrounds/ring_tiny_v1.0/vehicle_set.json
[0.156s] -- Up-to-date: /home/bigdavid/EPSILON_ws/install/playgrounds/share/playgrounds/ring_tiny_v1.0/agent_config.json
[0.156s] -- Up-to-date: /home/bigdavid/EPSILON_ws/install/playgrounds/share/playgrounds/ring_tiny_v1.0/lane_net_norm.json
[0.157s] -- Up-to-date: /home/bigdavid/EPSILON_ws/install/playgrounds/share/ament_index/resource_index/package_run_dependencies/playgrounds
[0.158s] -- Up-to-date: /home/bigdavid/EPSILON_ws/install/playgrounds/share/ament_index/resource_index/parent_prefix_path/playgrounds
[0.158s] -- Up-to-date: /home/bigdavid/EPSILON_ws/install/playgrounds/share/playgrounds/environment/ament_prefix_path.sh
[0.158s] -- Up-to-date: /home/bigdavid/EPSILON_ws/install/playgrounds/share/playgrounds/environment/ament_prefix_path.dsv
[0.159s] -- Up-to-date: /home/bigdavid/EPSILON_ws/install/playgrounds/share/playgrounds/environment/path.sh
[0.159s] -- Up-to-date: /home/bigdavid/EPSILON_ws/install/playgrounds/share/playgrounds/environment/path.dsv
[0.159s] -- Up-to-date: /home/bigdavid/EPSILON_ws/install/playgrounds/share/playgrounds/local_setup.bash
[0.160s] -- Up-to-date: /home/bigdavid/EPSILON_ws/install/playgrounds/share/playgrounds/local_setup.sh
[0.161s] -- Up-to-date: /home/bigdavid/EPSILON_ws/install/playgrounds/share/playgrounds/local_setup.zsh
[0.161s] -- Up-to-date: /home/bigdavid/EPSILON_ws/install/playgrounds/share/playgrounds/local_setup.dsv
[0.163s] -- Installing: /home/bigdavid/EPSILON_ws/install/playgrounds/share/playgrounds/package.dsv
[0.163s] -- Up-to-date: /home/bigdavid/EPSILON_ws/install/playgrounds/share/ament_index/resource_index/packages/playgrounds
[0.164s] -- Up-to-date: /home/bigdavid/EPSILON_ws/install/playgrounds/share/playgrounds/cmake/playgroundsConfig.cmake
[0.165s] -- Up-to-date: /home/bigdavid/EPSILON_ws/install/playgrounds/share/playgrounds/cmake/playgroundsConfig-version.cmake
[0.165s] -- Up-to-date: /home/bigdavid/EPSILON_ws/install/playgrounds/share/playgrounds/package.xml
[0.166s] Invoked command in '/home/bigdavid/EPSILON_ws/build/playgrounds' returned '0': CMAKE_PREFIX_PATH=${CMAKE_PREFIX_PATH}:/opt/ros/humble /usr/bin/cmake --install /home/bigdavid/EPSILON_ws/build/playgrounds
