[0.013s] Invoking command in '/home/bigdavid/EPSILON_ws/build/semantic_map_manager': AMENT_PREFIX_PATH=/home/bigdavid/EPSILON_ws/install/motion_predictor:/home/bigdavid/EPSILON_ws/install/forward_simulator:/home/bigdavid/EPSILON_ws/install/vehicle_msgs:/home/bigdavid/EPSILON_ws/install/vehicle_model:/home/bigdavid/EPSILON_ws/install/common:${AMENT_PREFIX_PATH} CMAKE_PREFIX_PATH=/home/bigdavid/EPSILON_ws/install/motion_predictor:/home/bigdavid/EPSILON_ws/install/forward_simulator:/home/bigdavid/EPSILON_ws/install/vehicle_msgs:/home/bigdavid/EPSILON_ws/install/vehicle_model:/home/bigdavid/EPSILON_ws/install/common:/opt/ros/humble LD_LIBRARY_PATH=/home/bigdavid/EPSILON_ws/install/motion_predictor/lib:/home/bigdavid/EPSILON_ws/install/forward_simulator/lib:/home/bigdavid/EPSILON_ws/install/vehicle_msgs/lib:/home/bigdavid/EPSILON_ws/install/vehicle_model/lib:/home/bigdavid/EPSILON_ws/install/common/lib:/usr/local/lib:/usr/lib/x86_64-linux-gnu/gazebo-11/plugins:/opt/ros/humble/opt/rviz_ogre_vendor/lib:/opt/ros/humble/lib/x86_64-linux-gnu:/opt/ros/humble/lib:/usr/local/cuda/lib64 PYTHONPATH=/home/bigdavid/EPSILON_ws/install/vehicle_msgs/local/lib/python3.10/dist-packages:${PYTHONPATH} /usr/bin/cmake --build /home/bigdavid/EPSILON_ws/build/semantic_map_manager -- -j32 -l32
[0.019s] /usr/bin/cmake -S/home/bigdavid/EPSILON_ws/src/EPSILON_ROS2/core/semantic_map_manager -B/home/bigdavid/EPSILON_ws/build/semantic_map_manager --check-build-system CMakeFiles/Makefile.cmake 0
[0.026s] /usr/bin/cmake -E cmake_progress_start /home/bigdavid/EPSILON_ws/build/semantic_map_manager/CMakeFiles /home/bigdavid/EPSILON_ws/build/semantic_map_manager//CMakeFiles/progress.marks
[0.033s] /usr/bin/gmake  -f CMakeFiles/Makefile2 all
[0.034s] gmake[1]: 进入目录“/home/bigdavid/EPSILON_ws/build/semantic_map_manager”
[0.034s] /usr/bin/gmake  -f CMakeFiles/hkust_pl_smm.dir/build.make CMakeFiles/hkust_pl_smm.dir/depend
[0.038s] gmake[2]: 进入目录“/home/bigdavid/EPSILON_ws/build/semantic_map_manager”
[0.038s] cd /home/bigdavid/EPSILON_ws/build/semantic_map_manager && /usr/bin/cmake -E cmake_depends "Unix Makefiles" /home/bigdavid/EPSILON_ws/src/EPSILON_ROS2/core/semantic_map_manager /home/bigdavid/EPSILON_ws/src/EPSILON_ROS2/core/semantic_map_manager /home/bigdavid/EPSILON_ws/build/semantic_map_manager /home/bigdavid/EPSILON_ws/build/semantic_map_manager /home/bigdavid/EPSILON_ws/build/semantic_map_manager/CMakeFiles/hkust_pl_smm.dir/DependInfo.cmake --color=
[0.044s] gmake[2]: 离开目录“/home/bigdavid/EPSILON_ws/build/semantic_map_manager”
[0.044s] /usr/bin/gmake  -f CMakeFiles/hkust_pl_smm.dir/build.make CMakeFiles/hkust_pl_smm.dir/build
[0.047s] gmake[2]: 进入目录“/home/bigdavid/EPSILON_ws/build/semantic_map_manager”
[0.047s] gmake[2]: 对“CMakeFiles/hkust_pl_smm.dir/build”无需做任何事。
[0.047s] gmake[2]: 离开目录“/home/bigdavid/EPSILON_ws/build/semantic_map_manager”
[0.052s] [ 62%] Built target hkust_pl_smm
[0.053s] /usr/bin/gmake  -f CMakeFiles/hkust_smm_ros.dir/build.make CMakeFiles/hkust_smm_ros.dir/depend
[0.055s] gmake[2]: 进入目录“/home/bigdavid/EPSILON_ws/build/semantic_map_manager”
[0.056s] cd /home/bigdavid/EPSILON_ws/build/semantic_map_manager && /usr/bin/cmake -E cmake_depends "Unix Makefiles" /home/bigdavid/EPSILON_ws/src/EPSILON_ROS2/core/semantic_map_manager /home/bigdavid/EPSILON_ws/src/EPSILON_ROS2/core/semantic_map_manager /home/bigdavid/EPSILON_ws/build/semantic_map_manager /home/bigdavid/EPSILON_ws/build/semantic_map_manager /home/bigdavid/EPSILON_ws/build/semantic_map_manager/CMakeFiles/hkust_smm_ros.dir/DependInfo.cmake --color=
[0.061s] gmake[2]: 离开目录“/home/bigdavid/EPSILON_ws/build/semantic_map_manager”
[0.061s] /usr/bin/gmake  -f CMakeFiles/hkust_smm_ros.dir/build.make CMakeFiles/hkust_smm_ros.dir/build
[0.065s] gmake[2]: 进入目录“/home/bigdavid/EPSILON_ws/build/semantic_map_manager”
[0.065s] gmake[2]: 对“CMakeFiles/hkust_smm_ros.dir/build”无需做任何事。
[0.065s] gmake[2]: 离开目录“/home/bigdavid/EPSILON_ws/build/semantic_map_manager”
[0.072s] [100%] Built target hkust_smm_ros
[0.072s] gmake[1]: 离开目录“/home/bigdavid/EPSILON_ws/build/semantic_map_manager”
[0.073s] /usr/bin/cmake -E cmake_progress_start /home/bigdavid/EPSILON_ws/build/semantic_map_manager/CMakeFiles 0
[0.078s] Invoked command in '/home/bigdavid/EPSILON_ws/build/semantic_map_manager' returned '0': AMENT_PREFIX_PATH=/home/bigdavid/EPSILON_ws/install/motion_predictor:/home/bigdavid/EPSILON_ws/install/forward_simulator:/home/bigdavid/EPSILON_ws/install/vehicle_msgs:/home/bigdavid/EPSILON_ws/install/vehicle_model:/home/bigdavid/EPSILON_ws/install/common:${AMENT_PREFIX_PATH} CMAKE_PREFIX_PATH=/home/bigdavid/EPSILON_ws/install/motion_predictor:/home/bigdavid/EPSILON_ws/install/forward_simulator:/home/bigdavid/EPSILON_ws/install/vehicle_msgs:/home/bigdavid/EPSILON_ws/install/vehicle_model:/home/bigdavid/EPSILON_ws/install/common:/opt/ros/humble LD_LIBRARY_PATH=/home/bigdavid/EPSILON_ws/install/motion_predictor/lib:/home/bigdavid/EPSILON_ws/install/forward_simulator/lib:/home/bigdavid/EPSILON_ws/install/vehicle_msgs/lib:/home/bigdavid/EPSILON_ws/install/vehicle_model/lib:/home/bigdavid/EPSILON_ws/install/common/lib:/usr/local/lib:/usr/lib/x86_64-linux-gnu/gazebo-11/plugins:/opt/ros/humble/opt/rviz_ogre_vendor/lib:/opt/ros/humble/lib/x86_64-linux-gnu:/opt/ros/humble/lib:/usr/local/cuda/lib64 PYTHONPATH=/home/bigdavid/EPSILON_ws/install/vehicle_msgs/local/lib/python3.10/dist-packages:${PYTHONPATH} /usr/bin/cmake --build /home/bigdavid/EPSILON_ws/build/semantic_map_manager -- -j32 -l32
[0.079s] Invoking command in '/home/bigdavid/EPSILON_ws/build/semantic_map_manager': AMENT_PREFIX_PATH=/home/bigdavid/EPSILON_ws/install/motion_predictor:/home/bigdavid/EPSILON_ws/install/forward_simulator:/home/bigdavid/EPSILON_ws/install/vehicle_msgs:/home/bigdavid/EPSILON_ws/install/vehicle_model:/home/bigdavid/EPSILON_ws/install/common:${AMENT_PREFIX_PATH} CMAKE_PREFIX_PATH=/home/bigdavid/EPSILON_ws/install/motion_predictor:/home/bigdavid/EPSILON_ws/install/forward_simulator:/home/bigdavid/EPSILON_ws/install/vehicle_msgs:/home/bigdavid/EPSILON_ws/install/vehicle_model:/home/bigdavid/EPSILON_ws/install/common:/opt/ros/humble LD_LIBRARY_PATH=/home/bigdavid/EPSILON_ws/install/motion_predictor/lib:/home/bigdavid/EPSILON_ws/install/forward_simulator/lib:/home/bigdavid/EPSILON_ws/install/vehicle_msgs/lib:/home/bigdavid/EPSILON_ws/install/vehicle_model/lib:/home/bigdavid/EPSILON_ws/install/common/lib:/usr/local/lib:/usr/lib/x86_64-linux-gnu/gazebo-11/plugins:/opt/ros/humble/opt/rviz_ogre_vendor/lib:/opt/ros/humble/lib/x86_64-linux-gnu:/opt/ros/humble/lib:/usr/local/cuda/lib64 PYTHONPATH=/home/bigdavid/EPSILON_ws/install/vehicle_msgs/local/lib/python3.10/dist-packages:${PYTHONPATH} /usr/bin/cmake --install /home/bigdavid/EPSILON_ws/build/semantic_map_manager
[0.085s] -- Install configuration: "Release"
[0.085s] -- Up-to-date: /home/bigdavid/EPSILON_ws/install/semantic_map_manager/share/semantic_map_manager/environment/library_path.sh
[0.085s] -- Up-to-date: /home/bigdavid/EPSILON_ws/install/semantic_map_manager/share/semantic_map_manager/environment/library_path.dsv
[0.085s] -- Up-to-date: /home/bigdavid/EPSILON_ws/install/semantic_map_manager/include
[0.085s] -- Up-to-date: /home/bigdavid/EPSILON_ws/install/semantic_map_manager/include/semantic_map_manager
[0.085s] -- Up-to-date: /home/bigdavid/EPSILON_ws/install/semantic_map_manager/include/semantic_map_manager/data_renderer.h
[0.085s] -- Up-to-date: /home/bigdavid/EPSILON_ws/install/semantic_map_manager/include/semantic_map_manager/ros_adapter.h
[0.086s] -- Up-to-date: /home/bigdavid/EPSILON_ws/install/semantic_map_manager/include/semantic_map_manager/traffic_signal_manager.h
[0.086s] -- Up-to-date: /home/bigdavid/EPSILON_ws/install/semantic_map_manager/include/semantic_map_manager/visualizer.h
[0.086s] -- Up-to-date: /home/bigdavid/EPSILON_ws/install/semantic_map_manager/include/semantic_map_manager/config_loader.h
[0.086s] -- Up-to-date: /home/bigdavid/EPSILON_ws/install/semantic_map_manager/include/semantic_map_manager/semantic_map_manager.h
[0.086s] -- Up-to-date: /home/bigdavid/EPSILON_ws/install/semantic_map_manager/include/semantic_map_manager/basics.h
[0.086s] -- Up-to-date: /home/bigdavid/EPSILON_ws/install/semantic_map_manager/lib/libhkust_pl_smm.a
[0.086s] -- Up-to-date: /home/bigdavid/EPSILON_ws/install/semantic_map_manager/lib/libhkust_smm_ros.a
[0.086s] -- Up-to-date: /home/bigdavid/EPSILON_ws/install/semantic_map_manager/share/ament_index/resource_index/package_run_dependencies/semantic_map_manager
[0.086s] -- Up-to-date: /home/bigdavid/EPSILON_ws/install/semantic_map_manager/share/ament_index/resource_index/parent_prefix_path/semantic_map_manager
[0.086s] -- Up-to-date: /home/bigdavid/EPSILON_ws/install/semantic_map_manager/share/semantic_map_manager/environment/ament_prefix_path.sh
[0.086s] -- Up-to-date: /home/bigdavid/EPSILON_ws/install/semantic_map_manager/share/semantic_map_manager/environment/ament_prefix_path.dsv
[0.086s] -- Up-to-date: /home/bigdavid/EPSILON_ws/install/semantic_map_manager/share/semantic_map_manager/environment/path.sh
[0.086s] -- Up-to-date: /home/bigdavid/EPSILON_ws/install/semantic_map_manager/share/semantic_map_manager/environment/path.dsv
[0.086s] -- Up-to-date: /home/bigdavid/EPSILON_ws/install/semantic_map_manager/share/semantic_map_manager/local_setup.bash
[0.086s] -- Up-to-date: /home/bigdavid/EPSILON_ws/install/semantic_map_manager/share/semantic_map_manager/local_setup.sh
[0.086s] -- Up-to-date: /home/bigdavid/EPSILON_ws/install/semantic_map_manager/share/semantic_map_manager/local_setup.zsh
[0.086s] -- Up-to-date: /home/bigdavid/EPSILON_ws/install/semantic_map_manager/share/semantic_map_manager/local_setup.dsv
[0.086s] -- Installing: /home/bigdavid/EPSILON_ws/install/semantic_map_manager/share/semantic_map_manager/package.dsv
[0.087s] -- Up-to-date: /home/bigdavid/EPSILON_ws/install/semantic_map_manager/share/ament_index/resource_index/packages/semantic_map_manager
[0.087s] -- Up-to-date: /home/bigdavid/EPSILON_ws/install/semantic_map_manager/share/semantic_map_manager/cmake/ament_cmake_export_libraries-extras.cmake
[0.087s] -- Up-to-date: /home/bigdavid/EPSILON_ws/install/semantic_map_manager/share/semantic_map_manager/cmake/ament_cmake_export_dependencies-extras.cmake
[0.087s] -- Up-to-date: /home/bigdavid/EPSILON_ws/install/semantic_map_manager/share/semantic_map_manager/cmake/ament_cmake_export_include_directories-extras.cmake
[0.087s] -- Up-to-date: /home/bigdavid/EPSILON_ws/install/semantic_map_manager/share/semantic_map_manager/cmake/semantic_map_managerConfig.cmake
[0.087s] -- Up-to-date: /home/bigdavid/EPSILON_ws/install/semantic_map_manager/share/semantic_map_manager/cmake/semantic_map_managerConfig-version.cmake
[0.087s] -- Up-to-date: /home/bigdavid/EPSILON_ws/install/semantic_map_manager/share/semantic_map_manager/package.xml
[0.088s] Invoked command in '/home/bigdavid/EPSILON_ws/build/semantic_map_manager' returned '0': AMENT_PREFIX_PATH=/home/bigdavid/EPSILON_ws/install/motion_predictor:/home/bigdavid/EPSILON_ws/install/forward_simulator:/home/bigdavid/EPSILON_ws/install/vehicle_msgs:/home/bigdavid/EPSILON_ws/install/vehicle_model:/home/bigdavid/EPSILON_ws/install/common:${AMENT_PREFIX_PATH} CMAKE_PREFIX_PATH=/home/bigdavid/EPSILON_ws/install/motion_predictor:/home/bigdavid/EPSILON_ws/install/forward_simulator:/home/bigdavid/EPSILON_ws/install/vehicle_msgs:/home/bigdavid/EPSILON_ws/install/vehicle_model:/home/bigdavid/EPSILON_ws/install/common:/opt/ros/humble LD_LIBRARY_PATH=/home/bigdavid/EPSILON_ws/install/motion_predictor/lib:/home/bigdavid/EPSILON_ws/install/forward_simulator/lib:/home/bigdavid/EPSILON_ws/install/vehicle_msgs/lib:/home/bigdavid/EPSILON_ws/install/vehicle_model/lib:/home/bigdavid/EPSILON_ws/install/common/lib:/usr/local/lib:/usr/lib/x86_64-linux-gnu/gazebo-11/plugins:/opt/ros/humble/opt/rviz_ogre_vendor/lib:/opt/ros/humble/lib/x86_64-linux-gnu:/opt/ros/humble/lib:/usr/local/cuda/lib64 PYTHONPATH=/home/bigdavid/EPSILON_ws/install/vehicle_msgs/local/lib/python3.10/dist-packages:${PYTHONPATH} /usr/bin/cmake --install /home/bigdavid/EPSILON_ws/build/semantic_map_manager
