-- The C compiler identification is GNU 11.4.0
-- The CXX compiler identification is GNU 11.4.0
-- Detecting C compiler ABI info
-- Detecting C compiler ABI info - done
-- Check for working C compiler: /usr/lib/ccache/gcc - skipped
-- Detecting C compile features
-- Detecting C compile features - done
-- Detecting CXX compiler ABI info
-- Detecting CXX compiler ABI info - done
-- Check for working CXX compiler: /usr/lib/ccache/g++ - skipped
-- Detecting CXX compile features
-- Detecting CXX compile features - done
-- Found ament_cmake: 1.3.12 (/opt/ros/humble/share/ament_cmake/cmake)
-- Found Python3: /usr/bin/python3 (found version "3.10.12") found components: Interpreter 
-- Found rclcpp: 16.0.15 (/opt/ros/humble/share/rclcpp/cmake)
-- Found rosidl_generator_c: 3.1.6 (/opt/ros/humble/share/rosidl_generator_c/cmake)
-- Found rosidl_adapter: 3.1.6 (/opt/ros/humble/share/rosidl_adapter/cmake)
-- Found rosidl_generator_cpp: 3.1.6 (/opt/ros/humble/share/rosidl_generator_cpp/cmake)
-- Using all available rosidl_typesupport_c: rosidl_typesupport_fastrtps_c;rosidl_typesupport_introspection_c
-- Using all available rosidl_typesupport_cpp: rosidl_typesupport_fastrtps_cpp;rosidl_typesupport_introspection_cpp
-- Found rmw_implementation_cmake: 6.1.2 (/opt/ros/humble/share/rmw_implementation_cmake/cmake)
-- Found rmw_cyclonedds_cpp: 1.3.4 (/opt/ros/humble/share/rmw_cyclonedds_cpp/cmake)
-- Using RMW implementation 'rmw_cyclonedds_cpp' as default
-- Looking for pthread.h
-- Looking for pthread.h - found
-- Performing Test CMAKE_HAVE_LIBC_PTHREAD
-- Performing Test CMAKE_HAVE_LIBC_PTHREAD - Success
-- Found Threads: TRUE  
-- Found visualization_msgs: 4.9.0 (/opt/ros/humble/share/visualization_msgs/cmake)
-- Found Protobuf: /usr/lib/x86_64-linux-gnu/libprotobuf.so (found version "3.12.4") 
-- Found common: 0.0.0 (/home/bigdavid/EPSILON_ws/install/common/share/common/cmake)
-- Found eigen3_cmake_module: 0.1.1 (/opt/ros/humble/share/eigen3_cmake_module/cmake)
-- Found Eigen3: TRUE (found version "3.4.0") 
-- Ensuring Eigen3 include directory is part of orocos-kdl CMake target
[33mCMake Warning at /home/bigdavid/EPSILON_ws/install/common/share/common/cmake/ament_cmake_export_include_directories-extras.cmake:11 (message):
  Package 'common' exports the include directory
  '/home/bigdavid/EPSILON_ws/src/EPSILON_ROS2/core/common/thirdparty/OOQP/include'
  which doesn't exist
Call Stack (most recent call first):
  /home/bigdavid/EPSILON_ws/install/common/share/common/cmake/commonConfig.cmake:41 (include)
  CMakeLists.txt:20 (find_package)

[0m
-- Found vehicle_model: 0.0.0 (/home/bigdavid/EPSILON_ws/install/vehicle_model/share/vehicle_model/cmake)
[33mCMake Warning at /home/bigdavid/EPSILON_ws/install/vehicle_model/share/vehicle_model/cmake/ament_cmake_export_include_directories-extras.cmake:11 (message):
  Package 'vehicle_model' exports the include directory
  '/home/bigdavid/EPSILON_ws/src/EPSILON_ROS2/core/common/thirdparty/OOQP/include'
  which doesn't exist
Call Stack (most recent call first):
  /home/bigdavid/EPSILON_ws/install/vehicle_model/share/vehicle_model/cmake/vehicle_modelConfig.cmake:41 (include)
  CMakeLists.txt:21 (find_package)

[0m
-- Found semantic_map_manager: 0.0.0 (/home/bigdavid/EPSILON_ws/install/semantic_map_manager/share/semantic_map_manager/cmake)
[33mCMake Warning at /home/bigdavid/EPSILON_ws/install/forward_simulator/share/forward_simulator/cmake/ament_cmake_export_include_directories-extras.cmake:11 (message):
  Package 'forward_simulator' exports the include directory
  '/home/bigdavid/EPSILON_ws/src/EPSILON_ROS2/core/common/thirdparty/OOQP/include'
  which doesn't exist
Call Stack (most recent call first):
  /home/bigdavid/EPSILON_ws/install/forward_simulator/share/forward_simulator/cmake/forward_simulatorConfig.cmake:41 (include)
  /home/bigdavid/EPSILON_ws/install/motion_predictor/share/motion_predictor/cmake/ament_cmake_export_dependencies-extras.cmake:21 (find_package)
  /home/bigdavid/EPSILON_ws/install/motion_predictor/share/motion_predictor/cmake/motion_predictorConfig.cmake:41 (include)
  /home/bigdavid/EPSILON_ws/install/semantic_map_manager/share/semantic_map_manager/cmake/ament_cmake_export_dependencies-extras.cmake:21 (find_package)
  /home/bigdavid/EPSILON_ws/install/semantic_map_manager/share/semantic_map_manager/cmake/semantic_map_managerConfig.cmake:41 (include)
  CMakeLists.txt:22 (find_package)

[0m
[33mCMake Warning at /home/bigdavid/EPSILON_ws/install/motion_predictor/share/motion_predictor/cmake/ament_cmake_export_include_directories-extras.cmake:11 (message):
  Package 'motion_predictor' exports the include directory
  '/home/bigdavid/EPSILON_ws/src/EPSILON_ROS2/core/common/thirdparty/OOQP/include'
  which doesn't exist
Call Stack (most recent call first):
  /home/bigdavid/EPSILON_ws/install/motion_predictor/share/motion_predictor/cmake/motion_predictorConfig.cmake:41 (include)
  /home/bigdavid/EPSILON_ws/install/semantic_map_manager/share/semantic_map_manager/cmake/ament_cmake_export_dependencies-extras.cmake:21 (find_package)
  /home/bigdavid/EPSILON_ws/install/semantic_map_manager/share/semantic_map_manager/cmake/semantic_map_managerConfig.cmake:41 (include)
  CMakeLists.txt:22 (find_package)

[0m
[33mCMake Warning at /home/bigdavid/EPSILON_ws/install/vehicle_msgs/share/vehicle_msgs/cmake/ament_cmake_export_include_directories-extras.cmake:11 (message):
  Package 'vehicle_msgs' exports the include directory
  '/home/bigdavid/EPSILON_ws/src/EPSILON_ROS2/core/common/thirdparty/OOQP/include'
  which doesn't exist
Call Stack (most recent call first):
  /home/bigdavid/EPSILON_ws/install/vehicle_msgs/share/vehicle_msgs/cmake/vehicle_msgsConfig.cmake:41 (include)
  /home/bigdavid/EPSILON_ws/install/semantic_map_manager/share/semantic_map_manager/cmake/ament_cmake_export_dependencies-extras.cmake:21 (find_package)
  /home/bigdavid/EPSILON_ws/install/semantic_map_manager/share/semantic_map_manager/cmake/semantic_map_managerConfig.cmake:41 (include)
  CMakeLists.txt:22 (find_package)

[0m
[33mCMake Warning at /home/bigdavid/EPSILON_ws/install/semantic_map_manager/share/semantic_map_manager/cmake/ament_cmake_export_include_directories-extras.cmake:11 (message):
  Package 'semantic_map_manager' exports the include directory
  '/home/bigdavid/EPSILON_ws/src/EPSILON_ROS2/core/common/thirdparty/OOQP/include'
  which doesn't exist
Call Stack (most recent call first):
  /home/bigdavid/EPSILON_ws/install/semantic_map_manager/share/semantic_map_manager/cmake/semantic_map_managerConfig.cmake:41 (include)
  CMakeLists.txt:22 (find_package)

[0m
-- Found route_planner: 0.0.0 (/home/bigdavid/EPSILON_ws/install/route_planner/share/route_planner/cmake)
[33mCMake Warning at /home/bigdavid/EPSILON_ws/install/route_planner/share/route_planner/cmake/ament_cmake_export_include_directories-extras.cmake:11 (message):
  Package 'route_planner' exports the include directory
  '/home/bigdavid/EPSILON_ws/src/EPSILON_ROS2/core/common/thirdparty/OOQP/include'
  which doesn't exist
Call Stack (most recent call first):
  /home/bigdavid/EPSILON_ws/install/route_planner/share/route_planner/cmake/route_plannerConfig.cmake:41 (include)
  CMakeLists.txt:24 (find_package)

[0m
-- Found Unwind: /usr/include/x86_64-linux-gnu (found suitable version "1.3.2", minimum required is "1.3.2") 
[33mCMake Warning at /opt/ros/humble/share/ament_cmake_export_include_directories/cmake/ament_export_include_directories.cmake:44 (message):
  ament_export_include_directories() package 'eudm_planner' exports the
  include directory
  '/home/bigdavid/EPSILON_ws/src/EPSILON_ROS2/core/common/thirdparty/OOQP/include'
  which doesn't exist
Call Stack (most recent call first):
  CMakeLists.txt:92 (ament_export_include_directories)

[0m
[33mCMake Warning at /opt/ros/humble/share/ament_cmake_export_include_directories/cmake/ament_export_include_directories.cmake:44 (message):
  ament_export_include_directories() package 'eudm_planner' exports the
  include directory
  '/home/bigdavid/EPSILON_ws/src/EPSILON_ROS2/core/common/thirdparty/OOQP/include'
  which doesn't exist
Call Stack (most recent call first):
  CMakeLists.txt:92 (ament_export_include_directories)

[0m
[33mCMake Warning at /opt/ros/humble/share/ament_cmake_export_include_directories/cmake/ament_export_include_directories.cmake:44 (message):
  ament_export_include_directories() package 'eudm_planner' exports the
  include directory
  '/home/bigdavid/EPSILON_ws/src/EPSILON_ROS2/core/common/thirdparty/OOQP/include'
  which doesn't exist
Call Stack (most recent call first):
  CMakeLists.txt:92 (ament_export_include_directories)

[0m
[33mCMake Warning at /opt/ros/humble/share/ament_cmake_export_include_directories/cmake/ament_export_include_directories.cmake:44 (message):
  ament_export_include_directories() package 'eudm_planner' exports the
  include directory
  '/home/bigdavid/EPSILON_ws/src/EPSILON_ROS2/core/common/thirdparty/OOQP/include'
  which doesn't exist
Call Stack (most recent call first):
  CMakeLists.txt:92 (ament_export_include_directories)

[0m
[33mCMake Warning at /opt/ros/humble/share/ament_cmake_export_include_directories/cmake/ament_export_include_directories.cmake:44 (message):
  ament_export_include_directories() package 'eudm_planner' exports the
  include directory
  '/home/bigdavid/EPSILON_ws/src/EPSILON_ROS2/core/common/thirdparty/OOQP/include'
  which doesn't exist
Call Stack (most recent call first):
  CMakeLists.txt:92 (ament_export_include_directories)

[0m
[33mCMake Warning at /opt/ros/humble/share/ament_cmake_export_include_directories/cmake/ament_export_include_directories.cmake:44 (message):
  ament_export_include_directories() package 'eudm_planner' exports the
  include directory
  '/home/bigdavid/EPSILON_ws/src/EPSILON_ROS2/core/common/thirdparty/OOQP/include'
  which doesn't exist
Call Stack (most recent call first):
  CMakeLists.txt:92 (ament_export_include_directories)

[0m
[33mCMake Warning at /opt/ros/humble/share/ament_cmake_export_include_directories/cmake/ament_export_include_directories.cmake:44 (message):
  ament_export_include_directories() package 'eudm_planner' exports the
  include directory
  '/home/bigdavid/EPSILON_ws/src/EPSILON_ROS2/core/common/thirdparty/OOQP/include'
  which doesn't exist
Call Stack (most recent call first):
  CMakeLists.txt:92 (ament_export_include_directories)

[0m
[33mCMake Warning at /opt/ros/humble/share/ament_cmake_export_include_directories/cmake/ament_export_include_directories.cmake:44 (message):
  ament_export_include_directories() package 'eudm_planner' exports the
  include directory
  '/home/bigdavid/EPSILON_ws/src/EPSILON_ROS2/core/common/thirdparty/OOQP/include'
  which doesn't exist
Call Stack (most recent call first):
  CMakeLists.txt:92 (ament_export_include_directories)

[0m
[33mCMake Warning at /opt/ros/humble/share/ament_cmake_export_include_directories/cmake/ament_export_include_directories.cmake:44 (message):
  ament_export_include_directories() package 'eudm_planner' exports the
  include directory
  '/home/bigdavid/EPSILON_ws/src/EPSILON_ROS2/core/common/thirdparty/OOQP/include'
  which doesn't exist
Call Stack (most recent call first):
  CMakeLists.txt:92 (ament_export_include_directories)

[0m
[33mCMake Warning at /opt/ros/humble/share/ament_cmake_export_include_directories/cmake/ament_export_include_directories.cmake:44 (message):
  ament_export_include_directories() package 'eudm_planner' exports the
  include directory
  '/home/bigdavid/EPSILON_ws/src/EPSILON_ROS2/core/common/thirdparty/OOQP/include'
  which doesn't exist
Call Stack (most recent call first):
  CMakeLists.txt:92 (ament_export_include_directories)

[0m
-- Configuring done
-- Generating done
-- Build files have been written to: /home/bigdavid/EPSILON_ws/build/eudm_planner
[ 11%] [34m[1mRunning cpp protocol buffer compiler on proto/eudm_config.proto[0m
[ 33%] [32mBuilding CXX object CMakeFiles/hkust_pl_eudm.dir/eudm_config.pb.cc.o[0m
[ 33%] [32mBuilding CXX object CMakeFiles/hkust_pl_eudm.dir/src/eudm_planner/map_adapter.cc.o[0m
[ 44%] [32mBuilding CXX object CMakeFiles/hkust_pl_eudm.dir/src/eudm_planner/eudm_planner.cc.o[0m
[ 55%] [32mBuilding CXX object CMakeFiles/hkust_pl_eudm.dir/src/eudm_planner/dcp_tree.cc.o[0m
[ 66%] [32mBuilding CXX object CMakeFiles/hkust_pl_eudm.dir/src/eudm_planner/eudm_manager.cc.o[0m
[01m[K/home/bigdavid/EPSILON_ws/src/EPSILON_ROS2/util/eudm_planner/src/eudm_planner/eudm_manager.cc:[m[K In member function ‘[01m[Kbool planning::EudmManager::IsTriggerAppropriate(const LateralBehavior&)[m[K’:
[01m[K/home/bigdavid/EPSILON_ws/src/EPSILON_ROS2/util/eudm_planner/src/eudm_planner/eudm_manager.cc:54:9:[m[K [01;35m[Kwarning: [m[Kunused variable ‘[01m[Knum_actions[m[K’ [[01;35m[K-Wunused-variable[m[K]
   54 |     int [01;35m[Knum_actions[m[K = action_seq.size();
      |         [01;35m[K^~~~~~~~~~~[m[K
[01m[K/home/bigdavid/EPSILON_ws/src/EPSILON_ROS2/util/eudm_planner/src/eudm_planner/eudm_planner.cc:[m[K In member function ‘[01m[KErrorType planning::EudmPlanner::ClassifyActionSeq(const std::vector<planning::DcpTree::DcpAction>&, decimal_t*, common::LateralBehavior*, bool*) const[m[K’:
[01m[K/home/bigdavid/EPSILON_ws/src/EPSILON_ROS2/util/eudm_planner/src/eudm_planner/eudm_planner.cc:146:13:[m[K [01;35m[Kwarning: [m[Kunused variable ‘[01m[Koperation_at[m[K’ [[01;35m[K-Wunused-variable[m[K]
  146 |   decimal_t [01;35m[Koperation_at[m[K = 0.0;
      |             [01;35m[K^~~~~~~~~~~~[m[K
[01m[K/home/bigdavid/EPSILON_ws/src/EPSILON_ROS2/util/eudm_planner/src/eudm_planner/eudm_planner.cc:[m[K In member function ‘[01m[KErrorType planning::EudmPlanner::CostFunction(const DcpAction&, const planning::EudmPlanner::ForwardSimEgoAgent&, const planning::EudmPlanner::ForwardSimAgentSet&, vec_E<common::Vehicle>&, const std::unordered_map<int, std::vector<common::Vehicle, Eigen::aligned_allocator<common::Vehicle> > >&, bool, planning::EudmPlanner::CostStructure*, bool*, std::set<int>*)[m[K’:
[01m[K/home/bigdavid/EPSILON_ws/src/EPSILON_ROS2/util/eudm_planner/src/eudm_planner/eudm_planner.cc:1087:8:[m[K [01;35m[Kwarning: [m[Kunused variable ‘[01m[Kego_lon_behavior_this_layer[m[K’ [[01;35m[K-Wunused-variable[m[K]
 1087 |   auto [01;35m[Kego_lon_behavior_this_layer[m[K = ego_fsagent.lon_behavior;
      |        [01;35m[K^~~~~~~~~~~~~~~~~~~~~~~~~~~[m[K
[01m[K/home/bigdavid/EPSILON_ws/src/EPSILON_ROS2/util/eudm_planner/src/eudm_planner/eudm_planner.cc:1088:8:[m[K [01;35m[Kwarning: [m[Kunused variable ‘[01m[Kego_lat_behavior_this_layer[m[K’ [[01;35m[K-Wunused-variable[m[K]
 1088 |   auto [01;35m[Kego_lat_behavior_this_layer[m[K = ego_fsagent.lat_behavior;
      |        [01;35m[K^~~~~~~~~~~~~~~~~~~~~~~~~~~[m[K
[01m[K/home/bigdavid/EPSILON_ws/src/EPSILON_ROS2/util/eudm_planner/src/eudm_planner/eudm_planner.cc:[m[K In member function ‘[01m[KErrorType planning::EudmPlanner::UpdateSimSetupForScenario(const std::vector<planning::DcpTree::DcpAction>&, planning::EudmPlanner::ForwardSimEgoAgent*) const[m[K’:
[01m[K/home/bigdavid/EPSILON_ws/src/EPSILON_ROS2/util/eudm_planner/src/eudm_planner/eudm_planner.cc:363:37:[m[K [01;35m[Kwarning: [m[K‘[01m[Koperation_at_seconds[m[K’ may be used uninitialized in this function [[01;35m[K-Wmaybe-uninitialized[m[K]
  363 |   [01;35m[Kego_fsagent->operation_at_seconds = operation_at_seconds[m[K;
      |   [01;35m[K~~~~~~~~~~~~~~~~~~~~~~~~~~~~~~~~~~^~~~~~~~~~~~~~~~~~~~~~[m[K
[01m[K/home/bigdavid/EPSILON_ws/src/EPSILON_ROS2/util/eudm_planner/src/eudm_planner/eudm_planner.cc:365:33:[m[K [01;35m[Kwarning: [m[K‘[01m[Kseq_lat_behavior[m[K’ may be used uninitialized in this function [[01;35m[K-Wmaybe-uninitialized[m[K]
  365 |   [01;35m[Kego_fsagent->seq_lat_behavior = seq_lat_behavior[m[K;
      |   [01;35m[K~~~~~~~~~~~~~~~~~~~~~~~~~~~~~~^~~~~~~~~~~~~~~~~~[m[K
[ 77%] [32m[1mLinking CXX static library libhkust_pl_eudm.a[0m
[ 77%] Built target hkust_pl_eudm
[ 88%] [32mBuilding CXX object CMakeFiles/hkust_eudm_ros.dir/src/eudm_planner/eudm_server_ros.cc.o[0m
[100%] [32m[1mLinking CXX static library libhkust_eudm_ros.a[0m
[100%] Built target hkust_eudm_ros
-- Install configuration: "Release"
-- Installing: /home/bigdavid/EPSILON_ws/install/eudm_planner/share/eudm_planner/config
-- Installing: /home/bigdavid/EPSILON_ws/install/eudm_planner/share/eudm_planner/config/eudm_config.pb.txt
-- Installing: /home/bigdavid/EPSILON_ws/install/eudm_planner/share/eudm_planner/environment/library_path.sh
-- Installing: /home/bigdavid/EPSILON_ws/install/eudm_planner/share/eudm_planner/environment/library_path.dsv
-- Installing: /home/bigdavid/EPSILON_ws/install/eudm_planner/lib/libhkust_pl_eudm.a
-- Installing: /home/bigdavid/EPSILON_ws/install/eudm_planner/lib/libhkust_eudm_ros.a
-- Installing: /home/bigdavid/EPSILON_ws/install/eudm_planner/include
-- Installing: /home/bigdavid/EPSILON_ws/install/eudm_planner/include/eudm_planner
-- Installing: /home/bigdavid/EPSILON_ws/install/eudm_planner/include/eudm_planner/eudm_itf.h
-- Installing: /home/bigdavid/EPSILON_ws/install/eudm_planner/include/eudm_planner/dcp_tree.h
-- Installing: /home/bigdavid/EPSILON_ws/install/eudm_planner/include/eudm_planner/eudm_planner.h
-- Installing: /home/bigdavid/EPSILON_ws/install/eudm_planner/include/eudm_planner/map_interface.h
-- Installing: /home/bigdavid/EPSILON_ws/install/eudm_planner/include/eudm_planner/eudm_manager.h
-- Installing: /home/bigdavid/EPSILON_ws/install/eudm_planner/include/eudm_planner/map_adapter.h
-- Installing: /home/bigdavid/EPSILON_ws/install/eudm_planner/include/eudm_planner/eudm_server_ros.h
-- Installing: /home/bigdavid/EPSILON_ws/install/eudm_planner/include/eudm_planner/visualizer.h
-- Installing: /home/bigdavid/EPSILON_ws/install/eudm_planner/share/ament_index/resource_index/package_run_dependencies/eudm_planner
-- Installing: /home/bigdavid/EPSILON_ws/install/eudm_planner/share/ament_index/resource_index/parent_prefix_path/eudm_planner
-- Installing: /home/bigdavid/EPSILON_ws/install/eudm_planner/share/eudm_planner/environment/ament_prefix_path.sh
-- Installing: /home/bigdavid/EPSILON_ws/install/eudm_planner/share/eudm_planner/environment/ament_prefix_path.dsv
-- Installing: /home/bigdavid/EPSILON_ws/install/eudm_planner/share/eudm_planner/environment/path.sh
-- Installing: /home/bigdavid/EPSILON_ws/install/eudm_planner/share/eudm_planner/environment/path.dsv
-- Installing: /home/bigdavid/EPSILON_ws/install/eudm_planner/share/eudm_planner/local_setup.bash
-- Installing: /home/bigdavid/EPSILON_ws/install/eudm_planner/share/eudm_planner/local_setup.sh
-- Installing: /home/bigdavid/EPSILON_ws/install/eudm_planner/share/eudm_planner/local_setup.zsh
-- Installing: /home/bigdavid/EPSILON_ws/install/eudm_planner/share/eudm_planner/local_setup.dsv
-- Installing: /home/bigdavid/EPSILON_ws/install/eudm_planner/share/eudm_planner/package.dsv
-- Installing: /home/bigdavid/EPSILON_ws/install/eudm_planner/share/ament_index/resource_index/packages/eudm_planner
-- Installing: /home/bigdavid/EPSILON_ws/install/eudm_planner/share/eudm_planner/cmake/ament_cmake_export_libraries-extras.cmake
-- Installing: /home/bigdavid/EPSILON_ws/install/eudm_planner/share/eudm_planner/cmake/ament_cmake_export_dependencies-extras.cmake
-- Installing: /home/bigdavid/EPSILON_ws/install/eudm_planner/share/eudm_planner/cmake/ament_cmake_export_include_directories-extras.cmake
-- Installing: /home/bigdavid/EPSILON_ws/install/eudm_planner/share/eudm_planner/cmake/eudm_plannerConfig.cmake
-- Installing: /home/bigdavid/EPSILON_ws/install/eudm_planner/share/eudm_planner/cmake/eudm_plannerConfig-version.cmake
-- Installing: /home/bigdavid/EPSILON_ws/install/eudm_planner/share/eudm_planner/package.xml
