[0.054s] Invoking command in '/home/bigdavid/EPSILON_ws/build/eudm_planner': AMENT_PREFIX_PATH=/home/bigdavid/EPSILON_ws/install/route_planner:/home/bigdavid/EPSILON_ws/install/semantic_map_manager:/home/bigdavid/EPSILON_ws/install/motion_predictor:/home/bigdavid/EPSILON_ws/install/forward_simulator:/home/bigdavid/EPSILON_ws/install/vehicle_msgs:/home/bigdavid/EPSILON_ws/install/vehicle_model:/home/bigdavid/EPSILON_ws/install/common:${AMENT_PREFIX_PATH} CMAKE_PREFIX_PATH=/home/bigdavid/EPSILON_ws/install/route_planner:/home/bigdavid/EPSILON_ws/install/semantic_map_manager:/home/bigdavid/EPSILON_ws/install/motion_predictor:/home/bigdavid/EPSILON_ws/install/forward_simulator:/home/bigdavid/EPSILON_ws/install/vehicle_msgs:/home/bigdavid/EPSILON_ws/install/vehicle_model:/home/bigdavid/EPSILON_ws/install/common:/opt/ros/humble LD_LIBRARY_PATH=/home/bigdavid/EPSILON_ws/install/route_planner/lib:/home/bigdavid/EPSILON_ws/install/semantic_map_manager/lib:/home/bigdavid/EPSILON_ws/install/motion_predictor/lib:/home/bigdavid/EPSILON_ws/install/forward_simulator/lib:/home/bigdavid/EPSILON_ws/install/vehicle_msgs/lib:/home/bigdavid/EPSILON_ws/install/vehicle_model/lib:/home/bigdavid/EPSILON_ws/install/common/lib:/usr/local/lib:/usr/lib/x86_64-linux-gnu/gazebo-11/plugins:/opt/ros/humble/opt/rviz_ogre_vendor/lib:/opt/ros/humble/lib/x86_64-linux-gnu:/opt/ros/humble/lib:/usr/local/cuda/lib64 PYTHONPATH=/home/bigdavid/EPSILON_ws/install/vehicle_msgs/local/lib/python3.10/dist-packages:${PYTHONPATH} /usr/bin/cmake /home/bigdavid/EPSILON_ws/src/EPSILON_ROS2/util/eudm_planner -DCMAKE_INSTALL_PREFIX=/home/bigdavid/EPSILON_ws/install/eudm_planner
[0.144s] -- The C compiler identification is GNU 11.4.0
[0.236s] -- The CXX compiler identification is GNU 11.4.0
[0.249s] -- Detecting C compiler ABI info
[0.358s] -- Detecting C compiler ABI info - done
[0.367s] -- Check for working C compiler: /usr/lib/ccache/gcc - skipped
[0.367s] -- Detecting C compile features
[0.368s] -- Detecting C compile features - done
[0.371s] -- Detecting CXX compiler ABI info
[0.483s] -- Detecting CXX compiler ABI info - done
[0.496s] -- Check for working CXX compiler: /usr/lib/ccache/g++ - skipped
[0.496s] -- Detecting CXX compile features
[0.497s] -- Detecting CXX compile features - done
[0.500s] -- Found ament_cmake: 1.3.12 (/opt/ros/humble/share/ament_cmake/cmake)
[0.708s] -- Found Python3: /usr/bin/python3 (found version "3.10.12") found components: Interpreter 
[0.827s] -- Found rclcpp: 16.0.15 (/opt/ros/humble/share/rclcpp/cmake)
[0.884s] -- Found rosidl_generator_c: 3.1.6 (/opt/ros/humble/share/rosidl_generator_c/cmake)
[0.891s] -- Found rosidl_adapter: 3.1.6 (/opt/ros/humble/share/rosidl_adapter/cmake)
[0.902s] -- Found rosidl_generator_cpp: 3.1.6 (/opt/ros/humble/share/rosidl_generator_cpp/cmake)
[0.917s] -- Using all available rosidl_typesupport_c: rosidl_typesupport_fastrtps_c;rosidl_typesupport_introspection_c
[0.937s] -- Using all available rosidl_typesupport_cpp: rosidl_typesupport_fastrtps_cpp;rosidl_typesupport_introspection_cpp
[0.994s] -- Found rmw_implementation_cmake: 6.1.2 (/opt/ros/humble/share/rmw_implementation_cmake/cmake)
[0.997s] -- Found rmw_cyclonedds_cpp: 1.3.4 (/opt/ros/humble/share/rmw_cyclonedds_cpp/cmake)
[1.024s] -- Using RMW implementation 'rmw_cyclonedds_cpp' as default
[1.036s] -- Looking for pthread.h
[1.149s] -- Looking for pthread.h - found
[1.149s] -- Performing Test CMAKE_HAVE_LIBC_PTHREAD
[1.281s] -- Performing Test CMAKE_HAVE_LIBC_PTHREAD - Success
[1.285s] -- Found Threads: TRUE  
[1.359s] -- Found visualization_msgs: 4.9.0 (/opt/ros/humble/share/visualization_msgs/cmake)
[1.435s] -- Found Protobuf: /usr/lib/x86_64-linux-gnu/libprotobuf.so (found version "3.12.4") 
[1.436s] -- Found common: 0.0.0 (/home/bigdavid/EPSILON_ws/install/common/share/common/cmake)
[1.603s] -- Found eigen3_cmake_module: 0.1.1 (/opt/ros/humble/share/eigen3_cmake_module/cmake)
[1.605s] -- Found Eigen3: TRUE (found version "3.4.0") 
[1.605s] -- Ensuring Eigen3 include directory is part of orocos-kdl CMake target
[1.609s] [33mCMake Warning at /home/bigdavid/EPSILON_ws/install/common/share/common/cmake/ament_cmake_export_include_directories-extras.cmake:11 (message):
[1.609s]   Package 'common' exports the include directory
[1.609s]   '/home/bigdavid/EPSILON_ws/src/EPSILON_ROS2/core/common/thirdparty/OOQP/include'
[1.610s]   which doesn't exist
[1.610s] Call Stack (most recent call first):
[1.610s]   /home/bigdavid/EPSILON_ws/install/common/share/common/cmake/commonConfig.cmake:41 (include)
[1.610s]   CMakeLists.txt:20 (find_package)
[1.610s] 
[1.611s] [0m
[1.612s] -- Found vehicle_model: 0.0.0 (/home/bigdavid/EPSILON_ws/install/vehicle_model/share/vehicle_model/cmake)
[1.634s] [33mCMake Warning at /home/bigdavid/EPSILON_ws/install/vehicle_model/share/vehicle_model/cmake/ament_cmake_export_include_directories-extras.cmake:11 (message):
[1.635s]   Package 'vehicle_model' exports the include directory
[1.635s]   '/home/bigdavid/EPSILON_ws/src/EPSILON_ROS2/core/common/thirdparty/OOQP/include'
[1.635s]   which doesn't exist
[1.636s] Call Stack (most recent call first):
[1.636s]   /home/bigdavid/EPSILON_ws/install/vehicle_model/share/vehicle_model/cmake/vehicle_modelConfig.cmake:41 (include)
[1.636s]   CMakeLists.txt:21 (find_package)
[1.636s] 
[1.636s] [0m
[1.637s] -- Found semantic_map_manager: 0.0.0 (/home/bigdavid/EPSILON_ws/install/semantic_map_manager/share/semantic_map_manager/cmake)
[2.354s] [33mCMake Warning at /home/bigdavid/EPSILON_ws/install/forward_simulator/share/forward_simulator/cmake/ament_cmake_export_include_directories-extras.cmake:11 (message):
[2.355s]   Package 'forward_simulator' exports the include directory
[2.355s]   '/home/bigdavid/EPSILON_ws/src/EPSILON_ROS2/core/common/thirdparty/OOQP/include'
[2.355s]   which doesn't exist
[2.356s] Call Stack (most recent call first):
[2.356s]   /home/bigdavid/EPSILON_ws/install/forward_simulator/share/forward_simulator/cmake/forward_simulatorConfig.cmake:41 (include)
[2.356s]   /home/bigdavid/EPSILON_ws/install/motion_predictor/share/motion_predictor/cmake/ament_cmake_export_dependencies-extras.cmake:21 (find_package)
[2.356s]   /home/bigdavid/EPSILON_ws/install/motion_predictor/share/motion_predictor/cmake/motion_predictorConfig.cmake:41 (include)
[2.357s]   /home/bigdavid/EPSILON_ws/install/semantic_map_manager/share/semantic_map_manager/cmake/ament_cmake_export_dependencies-extras.cmake:21 (find_package)
[2.357s]   /home/bigdavid/EPSILON_ws/install/semantic_map_manager/share/semantic_map_manager/cmake/semantic_map_managerConfig.cmake:41 (include)
[2.357s]   CMakeLists.txt:22 (find_package)
[2.357s] 
[2.357s] [0m
[2.365s] [33mCMake Warning at /home/bigdavid/EPSILON_ws/install/motion_predictor/share/motion_predictor/cmake/ament_cmake_export_include_directories-extras.cmake:11 (message):
[2.365s]   Package 'motion_predictor' exports the include directory
[2.366s]   '/home/bigdavid/EPSILON_ws/src/EPSILON_ROS2/core/common/thirdparty/OOQP/include'
[2.366s]   which doesn't exist
[2.366s] Call Stack (most recent call first):
[2.366s]   /home/bigdavid/EPSILON_ws/install/motion_predictor/share/motion_predictor/cmake/motion_predictorConfig.cmake:41 (include)
[2.367s]   /home/bigdavid/EPSILON_ws/install/semantic_map_manager/share/semantic_map_manager/cmake/ament_cmake_export_dependencies-extras.cmake:21 (find_package)
[2.367s]   /home/bigdavid/EPSILON_ws/install/semantic_map_manager/share/semantic_map_manager/cmake/semantic_map_managerConfig.cmake:41 (include)
[2.367s]   CMakeLists.txt:22 (find_package)
[2.367s] 
[2.367s] [0m
[2.416s] [33mCMake Warning at /home/bigdavid/EPSILON_ws/install/vehicle_msgs/share/vehicle_msgs/cmake/ament_cmake_export_include_directories-extras.cmake:11 (message):
[2.416s]   Package 'vehicle_msgs' exports the include directory
[2.416s]   '/home/bigdavid/EPSILON_ws/src/EPSILON_ROS2/core/common/thirdparty/OOQP/include'
[2.416s]   which doesn't exist
[2.417s] Call Stack (most recent call first):
[2.417s]   /home/bigdavid/EPSILON_ws/install/vehicle_msgs/share/vehicle_msgs/cmake/vehicle_msgsConfig.cmake:41 (include)
[2.417s]   /home/bigdavid/EPSILON_ws/install/semantic_map_manager/share/semantic_map_manager/cmake/ament_cmake_export_dependencies-extras.cmake:21 (find_package)
[2.417s]   /home/bigdavid/EPSILON_ws/install/semantic_map_manager/share/semantic_map_manager/cmake/semantic_map_managerConfig.cmake:41 (include)
[2.418s]   CMakeLists.txt:22 (find_package)
[2.418s] 
[2.418s] [0m
[2.435s] [33mCMake Warning at /home/bigdavid/EPSILON_ws/install/semantic_map_manager/share/semantic_map_manager/cmake/ament_cmake_export_include_directories-extras.cmake:11 (message):
[2.435s]   Package 'semantic_map_manager' exports the include directory
[2.436s]   '/home/bigdavid/EPSILON_ws/src/EPSILON_ROS2/core/common/thirdparty/OOQP/include'
[2.436s]   which doesn't exist
[2.436s] Call Stack (most recent call first):
[2.437s]   /home/bigdavid/EPSILON_ws/install/semantic_map_manager/share/semantic_map_manager/cmake/semantic_map_managerConfig.cmake:41 (include)
[2.437s]   CMakeLists.txt:22 (find_package)
[2.437s] 
[2.437s] [0m
[2.441s] -- Found route_planner: 0.0.0 (/home/bigdavid/EPSILON_ws/install/route_planner/share/route_planner/cmake)
[2.454s] [33mCMake Warning at /home/bigdavid/EPSILON_ws/install/route_planner/share/route_planner/cmake/ament_cmake_export_include_directories-extras.cmake:11 (message):
[2.454s]   Package 'route_planner' exports the include directory
[2.454s]   '/home/bigdavid/EPSILON_ws/src/EPSILON_ROS2/core/common/thirdparty/OOQP/include'
[2.455s]   which doesn't exist
[2.455s] Call Stack (most recent call first):
[2.455s]   /home/bigdavid/EPSILON_ws/install/route_planner/share/route_planner/cmake/route_plannerConfig.cmake:41 (include)
[2.455s]   CMakeLists.txt:24 (find_package)
[2.455s] 
[2.456s] [0m
[2.464s] -- Found Unwind: /usr/include/x86_64-linux-gnu (found suitable version "1.3.2", minimum required is "1.3.2") 
[2.467s] [33mCMake Warning at /opt/ros/humble/share/ament_cmake_export_include_directories/cmake/ament_export_include_directories.cmake:44 (message):
[2.467s]   ament_export_include_directories() package 'eudm_planner' exports the
[2.467s]   include directory
[2.467s]   '/home/bigdavid/EPSILON_ws/src/EPSILON_ROS2/core/common/thirdparty/OOQP/include'
[2.467s]   which doesn't exist
[2.467s] Call Stack (most recent call first):
[2.467s]   CMakeLists.txt:92 (ament_export_include_directories)
[2.467s] 
[2.468s] [0m
[2.468s] [33mCMake Warning at /opt/ros/humble/share/ament_cmake_export_include_directories/cmake/ament_export_include_directories.cmake:44 (message):
[2.468s]   ament_export_include_directories() package 'eudm_planner' exports the
[2.468s]   include directory
[2.468s]   '/home/bigdavid/EPSILON_ws/src/EPSILON_ROS2/core/common/thirdparty/OOQP/include'
[2.468s]   which doesn't exist
[2.468s] Call Stack (most recent call first):
[2.468s]   CMakeLists.txt:92 (ament_export_include_directories)
[2.468s] 
[2.468s] [0m
[2.469s] [33mCMake Warning at /opt/ros/humble/share/ament_cmake_export_include_directories/cmake/ament_export_include_directories.cmake:44 (message):
[2.469s]   ament_export_include_directories() package 'eudm_planner' exports the
[2.469s]   include directory
[2.469s]   '/home/bigdavid/EPSILON_ws/src/EPSILON_ROS2/core/common/thirdparty/OOQP/include'
[2.469s]   which doesn't exist
[2.470s] Call Stack (most recent call first):
[2.470s]   CMakeLists.txt:92 (ament_export_include_directories)
[2.470s] 
[2.470s] [0m
[2.471s] [33mCMake Warning at /opt/ros/humble/share/ament_cmake_export_include_directories/cmake/ament_export_include_directories.cmake:44 (message):
[2.471s]   ament_export_include_directories() package 'eudm_planner' exports the
[2.471s]   include directory
[2.471s]   '/home/bigdavid/EPSILON_ws/src/EPSILON_ROS2/core/common/thirdparty/OOQP/include'
[2.471s]   which doesn't exist
[2.471s] Call Stack (most recent call first):
[2.471s]   CMakeLists.txt:92 (ament_export_include_directories)
[2.471s] 
[2.471s] [0m
[2.473s] [33mCMake Warning at /opt/ros/humble/share/ament_cmake_export_include_directories/cmake/ament_export_include_directories.cmake:44 (message):
[2.473s]   ament_export_include_directories() package 'eudm_planner' exports the
[2.473s]   include directory
[2.473s]   '/home/bigdavid/EPSILON_ws/src/EPSILON_ROS2/core/common/thirdparty/OOQP/include'
[2.473s]   which doesn't exist
[2.473s] Call Stack (most recent call first):
[2.473s]   CMakeLists.txt:92 (ament_export_include_directories)
[2.473s] 
[2.473s] [0m
[2.473s] [33mCMake Warning at /opt/ros/humble/share/ament_cmake_export_include_directories/cmake/ament_export_include_directories.cmake:44 (message):
[2.473s]   ament_export_include_directories() package 'eudm_planner' exports the
[2.473s]   include directory
[2.474s]   '/home/bigdavid/EPSILON_ws/src/EPSILON_ROS2/core/common/thirdparty/OOQP/include'
[2.474s]   which doesn't exist
[2.474s] Call Stack (most recent call first):
[2.474s]   CMakeLists.txt:92 (ament_export_include_directories)
[2.474s] 
[2.474s] [0m
[2.474s] [33mCMake Warning at /opt/ros/humble/share/ament_cmake_export_include_directories/cmake/ament_export_include_directories.cmake:44 (message):
[2.474s]   ament_export_include_directories() package 'eudm_planner' exports the
[2.474s]   include directory
[2.474s]   '/home/bigdavid/EPSILON_ws/src/EPSILON_ROS2/core/common/thirdparty/OOQP/include'
[2.474s]   which doesn't exist
[2.474s] Call Stack (most recent call first):
[2.474s]   CMakeLists.txt:92 (ament_export_include_directories)
[2.474s] 
[2.475s] [0m
[2.475s] [33mCMake Warning at /opt/ros/humble/share/ament_cmake_export_include_directories/cmake/ament_export_include_directories.cmake:44 (message):
[2.475s]   ament_export_include_directories() package 'eudm_planner' exports the
[2.475s]   include directory
[2.475s]   '/home/bigdavid/EPSILON_ws/src/EPSILON_ROS2/core/common/thirdparty/OOQP/include'
[2.475s]   which doesn't exist
[2.475s] Call Stack (most recent call first):
[2.475s]   CMakeLists.txt:92 (ament_export_include_directories)
[2.475s] 
[2.475s] [0m
[2.476s] [33mCMake Warning at /opt/ros/humble/share/ament_cmake_export_include_directories/cmake/ament_export_include_directories.cmake:44 (message):
[2.476s]   ament_export_include_directories() package 'eudm_planner' exports the
[2.476s]   include directory
[2.476s]   '/home/bigdavid/EPSILON_ws/src/EPSILON_ROS2/core/common/thirdparty/OOQP/include'
[2.476s]   which doesn't exist
[2.476s] Call Stack (most recent call first):
[2.476s]   CMakeLists.txt:92 (ament_export_include_directories)
[2.476s] 
[2.476s] [0m
[2.477s] [33mCMake Warning at /opt/ros/humble/share/ament_cmake_export_include_directories/cmake/ament_export_include_directories.cmake:44 (message):
[2.477s]   ament_export_include_directories() package 'eudm_planner' exports the
[2.477s]   include directory
[2.477s]   '/home/bigdavid/EPSILON_ws/src/EPSILON_ROS2/core/common/thirdparty/OOQP/include'
[2.477s]   which doesn't exist
[2.477s] Call Stack (most recent call first):
[2.478s]   CMakeLists.txt:92 (ament_export_include_directories)
[2.478s] 
[2.478s] [0m
[2.554s] -- Configuring done
[2.563s] -- Generating done
[2.567s] -- Build files have been written to: /home/bigdavid/EPSILON_ws/build/eudm_planner
[2.578s] Invoked command in '/home/bigdavid/EPSILON_ws/build/eudm_planner' returned '0': AMENT_PREFIX_PATH=/home/bigdavid/EPSILON_ws/install/route_planner:/home/bigdavid/EPSILON_ws/install/semantic_map_manager:/home/bigdavid/EPSILON_ws/install/motion_predictor:/home/bigdavid/EPSILON_ws/install/forward_simulator:/home/bigdavid/EPSILON_ws/install/vehicle_msgs:/home/bigdavid/EPSILON_ws/install/vehicle_model:/home/bigdavid/EPSILON_ws/install/common:${AMENT_PREFIX_PATH} CMAKE_PREFIX_PATH=/home/bigdavid/EPSILON_ws/install/route_planner:/home/bigdavid/EPSILON_ws/install/semantic_map_manager:/home/bigdavid/EPSILON_ws/install/motion_predictor:/home/bigdavid/EPSILON_ws/install/forward_simulator:/home/bigdavid/EPSILON_ws/install/vehicle_msgs:/home/bigdavid/EPSILON_ws/install/vehicle_model:/home/bigdavid/EPSILON_ws/install/common:/opt/ros/humble LD_LIBRARY_PATH=/home/bigdavid/EPSILON_ws/install/route_planner/lib:/home/bigdavid/EPSILON_ws/install/semantic_map_manager/lib:/home/bigdavid/EPSILON_ws/install/motion_predictor/lib:/home/bigdavid/EPSILON_ws/install/forward_simulator/lib:/home/bigdavid/EPSILON_ws/install/vehicle_msgs/lib:/home/bigdavid/EPSILON_ws/install/vehicle_model/lib:/home/bigdavid/EPSILON_ws/install/common/lib:/usr/local/lib:/usr/lib/x86_64-linux-gnu/gazebo-11/plugins:/opt/ros/humble/opt/rviz_ogre_vendor/lib:/opt/ros/humble/lib/x86_64-linux-gnu:/opt/ros/humble/lib:/usr/local/cuda/lib64 PYTHONPATH=/home/bigdavid/EPSILON_ws/install/vehicle_msgs/local/lib/python3.10/dist-packages:${PYTHONPATH} /usr/bin/cmake /home/bigdavid/EPSILON_ws/src/EPSILON_ROS2/util/eudm_planner -DCMAKE_INSTALL_PREFIX=/home/bigdavid/EPSILON_ws/install/eudm_planner
[2.581s] Invoking command in '/home/bigdavid/EPSILON_ws/build/eudm_planner': AMENT_PREFIX_PATH=/home/bigdavid/EPSILON_ws/install/route_planner:/home/bigdavid/EPSILON_ws/install/semantic_map_manager:/home/bigdavid/EPSILON_ws/install/motion_predictor:/home/bigdavid/EPSILON_ws/install/forward_simulator:/home/bigdavid/EPSILON_ws/install/vehicle_msgs:/home/bigdavid/EPSILON_ws/install/vehicle_model:/home/bigdavid/EPSILON_ws/install/common:${AMENT_PREFIX_PATH} CMAKE_PREFIX_PATH=/home/bigdavid/EPSILON_ws/install/route_planner:/home/bigdavid/EPSILON_ws/install/semantic_map_manager:/home/bigdavid/EPSILON_ws/install/motion_predictor:/home/bigdavid/EPSILON_ws/install/forward_simulator:/home/bigdavid/EPSILON_ws/install/vehicle_msgs:/home/bigdavid/EPSILON_ws/install/vehicle_model:/home/bigdavid/EPSILON_ws/install/common:/opt/ros/humble LD_LIBRARY_PATH=/home/bigdavid/EPSILON_ws/install/route_planner/lib:/home/bigdavid/EPSILON_ws/install/semantic_map_manager/lib:/home/bigdavid/EPSILON_ws/install/motion_predictor/lib:/home/bigdavid/EPSILON_ws/install/forward_simulator/lib:/home/bigdavid/EPSILON_ws/install/vehicle_msgs/lib:/home/bigdavid/EPSILON_ws/install/vehicle_model/lib:/home/bigdavid/EPSILON_ws/install/common/lib:/usr/local/lib:/usr/lib/x86_64-linux-gnu/gazebo-11/plugins:/opt/ros/humble/opt/rviz_ogre_vendor/lib:/opt/ros/humble/lib/x86_64-linux-gnu:/opt/ros/humble/lib:/usr/local/cuda/lib64 PYTHONPATH=/home/bigdavid/EPSILON_ws/install/vehicle_msgs/local/lib/python3.10/dist-packages:${PYTHONPATH} /usr/bin/cmake --build /home/bigdavid/EPSILON_ws/build/eudm_planner -- -j32 -l32
[2.666s] [ 11%] [34m[1mRunning cpp protocol buffer compiler on proto/eudm_config.proto[0m
[2.748s] [ 33%] [32mBuilding CXX object CMakeFiles/hkust_pl_eudm.dir/eudm_config.pb.cc.o[0m
[2.748s] [ 33%] [32mBuilding CXX object CMakeFiles/hkust_pl_eudm.dir/src/eudm_planner/map_adapter.cc.o[0m
[2.754s] [ 44%] [32mBuilding CXX object CMakeFiles/hkust_pl_eudm.dir/src/eudm_planner/eudm_planner.cc.o[0m
[2.756s] [ 55%] [32mBuilding CXX object CMakeFiles/hkust_pl_eudm.dir/src/eudm_planner/dcp_tree.cc.o[0m
[2.757s] [ 66%] [32mBuilding CXX object CMakeFiles/hkust_pl_eudm.dir/src/eudm_planner/eudm_manager.cc.o[0m
[9.082s] [01m[K/home/bigdavid/EPSILON_ws/src/EPSILON_ROS2/util/eudm_planner/src/eudm_planner/eudm_manager.cc:[m[K In member function ‘[01m[Kbool planning::EudmManager::IsTriggerAppropriate(const LateralBehavior&)[m[K’:
[9.082s] [01m[K/home/bigdavid/EPSILON_ws/src/EPSILON_ROS2/util/eudm_planner/src/eudm_planner/eudm_manager.cc:54:9:[m[K [01;35m[Kwarning: [m[Kunused variable ‘[01m[Knum_actions[m[K’ [[01;35m[K-Wunused-variable[m[K]
[9.082s]    54 |     int [01;35m[Knum_actions[m[K = action_seq.size();
[9.082s]       |         [01;35m[K^~~~~~~~~~~[m[K
[9.689s] [01m[K/home/bigdavid/EPSILON_ws/src/EPSILON_ROS2/util/eudm_planner/src/eudm_planner/eudm_planner.cc:[m[K In member function ‘[01m[KErrorType planning::EudmPlanner::ClassifyActionSeq(const std::vector<planning::DcpTree::DcpAction>&, decimal_t*, common::LateralBehavior*, bool*) const[m[K’:
[9.689s] [01m[K/home/bigdavid/EPSILON_ws/src/EPSILON_ROS2/util/eudm_planner/src/eudm_planner/eudm_planner.cc:146:13:[m[K [01;35m[Kwarning: [m[Kunused variable ‘[01m[Koperation_at[m[K’ [[01;35m[K-Wunused-variable[m[K]
[9.689s]   146 |   decimal_t [01;35m[Koperation_at[m[K = 0.0;
[9.690s]       |             [01;35m[K^~~~~~~~~~~~[m[K
[9.690s] [01m[K/home/bigdavid/EPSILON_ws/src/EPSILON_ROS2/util/eudm_planner/src/eudm_planner/eudm_planner.cc:[m[K In member function ‘[01m[KErrorType planning::EudmPlanner::CostFunction(const DcpAction&, const planning::EudmPlanner::ForwardSimEgoAgent&, const planning::EudmPlanner::ForwardSimAgentSet&, vec_E<common::Vehicle>&, const std::unordered_map<int, std::vector<common::Vehicle, Eigen::aligned_allocator<common::Vehicle> > >&, bool, planning::EudmPlanner::CostStructure*, bool*, std::set<int>*)[m[K’:
[9.690s] [01m[K/home/bigdavid/EPSILON_ws/src/EPSILON_ROS2/util/eudm_planner/src/eudm_planner/eudm_planner.cc:1087:8:[m[K [01;35m[Kwarning: [m[Kunused variable ‘[01m[Kego_lon_behavior_this_layer[m[K’ [[01;35m[K-Wunused-variable[m[K]
[9.690s]  1087 |   auto [01;35m[Kego_lon_behavior_this_layer[m[K = ego_fsagent.lon_behavior;
[9.691s]       |        [01;35m[K^~~~~~~~~~~~~~~~~~~~~~~~~~~[m[K
[9.691s] [01m[K/home/bigdavid/EPSILON_ws/src/EPSILON_ROS2/util/eudm_planner/src/eudm_planner/eudm_planner.cc:1088:8:[m[K [01;35m[Kwarning: [m[Kunused variable ‘[01m[Kego_lat_behavior_this_layer[m[K’ [[01;35m[K-Wunused-variable[m[K]
[9.691s]  1088 |   auto [01;35m[Kego_lat_behavior_this_layer[m[K = ego_fsagent.lat_behavior;
[9.691s]       |        [01;35m[K^~~~~~~~~~~~~~~~~~~~~~~~~~~[m[K
[9.692s] [01m[K/home/bigdavid/EPSILON_ws/src/EPSILON_ROS2/util/eudm_planner/src/eudm_planner/eudm_planner.cc:[m[K In member function ‘[01m[KErrorType planning::EudmPlanner::UpdateSimSetupForScenario(const std::vector<planning::DcpTree::DcpAction>&, planning::EudmPlanner::ForwardSimEgoAgent*) const[m[K’:
[9.692s] [01m[K/home/bigdavid/EPSILON_ws/src/EPSILON_ROS2/util/eudm_planner/src/eudm_planner/eudm_planner.cc:363:37:[m[K [01;35m[Kwarning: [m[K‘[01m[Koperation_at_seconds[m[K’ may be used uninitialized in this function [[01;35m[K-Wmaybe-uninitialized[m[K]
[9.692s]   363 |   [01;35m[Kego_fsagent->operation_at_seconds = operation_at_seconds[m[K;
[9.692s]       |   [01;35m[K~~~~~~~~~~~~~~~~~~~~~~~~~~~~~~~~~~^~~~~~~~~~~~~~~~~~~~~~[m[K
[9.693s] [01m[K/home/bigdavid/EPSILON_ws/src/EPSILON_ROS2/util/eudm_planner/src/eudm_planner/eudm_planner.cc:365:33:[m[K [01;35m[Kwarning: [m[K‘[01m[Kseq_lat_behavior[m[K’ may be used uninitialized in this function [[01;35m[K-Wmaybe-uninitialized[m[K]
[9.693s]   365 |   [01;35m[Kego_fsagent->seq_lat_behavior = seq_lat_behavior[m[K;
[9.693s]       |   [01;35m[K~~~~~~~~~~~~~~~~~~~~~~~~~~~~~~^~~~~~~~~~~~~~~~~~[m[K
[9.709s] [ 77%] [32m[1mLinking CXX static library libhkust_pl_eudm.a[0m
[9.778s] [ 77%] Built target hkust_pl_eudm
[9.838s] [ 88%] [32mBuilding CXX object CMakeFiles/hkust_eudm_ros.dir/src/eudm_planner/eudm_server_ros.cc.o[0m
[24.721s] [100%] [32m[1mLinking CXX static library libhkust_eudm_ros.a[0m
[24.761s] [100%] Built target hkust_eudm_ros
[24.769s] Invoked command in '/home/bigdavid/EPSILON_ws/build/eudm_planner' returned '0': AMENT_PREFIX_PATH=/home/bigdavid/EPSILON_ws/install/route_planner:/home/bigdavid/EPSILON_ws/install/semantic_map_manager:/home/bigdavid/EPSILON_ws/install/motion_predictor:/home/bigdavid/EPSILON_ws/install/forward_simulator:/home/bigdavid/EPSILON_ws/install/vehicle_msgs:/home/bigdavid/EPSILON_ws/install/vehicle_model:/home/bigdavid/EPSILON_ws/install/common:${AMENT_PREFIX_PATH} CMAKE_PREFIX_PATH=/home/bigdavid/EPSILON_ws/install/route_planner:/home/bigdavid/EPSILON_ws/install/semantic_map_manager:/home/bigdavid/EPSILON_ws/install/motion_predictor:/home/bigdavid/EPSILON_ws/install/forward_simulator:/home/bigdavid/EPSILON_ws/install/vehicle_msgs:/home/bigdavid/EPSILON_ws/install/vehicle_model:/home/bigdavid/EPSILON_ws/install/common:/opt/ros/humble LD_LIBRARY_PATH=/home/bigdavid/EPSILON_ws/install/route_planner/lib:/home/bigdavid/EPSILON_ws/install/semantic_map_manager/lib:/home/bigdavid/EPSILON_ws/install/motion_predictor/lib:/home/bigdavid/EPSILON_ws/install/forward_simulator/lib:/home/bigdavid/EPSILON_ws/install/vehicle_msgs/lib:/home/bigdavid/EPSILON_ws/install/vehicle_model/lib:/home/bigdavid/EPSILON_ws/install/common/lib:/usr/local/lib:/usr/lib/x86_64-linux-gnu/gazebo-11/plugins:/opt/ros/humble/opt/rviz_ogre_vendor/lib:/opt/ros/humble/lib/x86_64-linux-gnu:/opt/ros/humble/lib:/usr/local/cuda/lib64 PYTHONPATH=/home/bigdavid/EPSILON_ws/install/vehicle_msgs/local/lib/python3.10/dist-packages:${PYTHONPATH} /usr/bin/cmake --build /home/bigdavid/EPSILON_ws/build/eudm_planner -- -j32 -l32
[24.770s] Invoking command in '/home/bigdavid/EPSILON_ws/build/eudm_planner': AMENT_PREFIX_PATH=/home/bigdavid/EPSILON_ws/install/route_planner:/home/bigdavid/EPSILON_ws/install/semantic_map_manager:/home/bigdavid/EPSILON_ws/install/motion_predictor:/home/bigdavid/EPSILON_ws/install/forward_simulator:/home/bigdavid/EPSILON_ws/install/vehicle_msgs:/home/bigdavid/EPSILON_ws/install/vehicle_model:/home/bigdavid/EPSILON_ws/install/common:${AMENT_PREFIX_PATH} CMAKE_PREFIX_PATH=/home/bigdavid/EPSILON_ws/install/route_planner:/home/bigdavid/EPSILON_ws/install/semantic_map_manager:/home/bigdavid/EPSILON_ws/install/motion_predictor:/home/bigdavid/EPSILON_ws/install/forward_simulator:/home/bigdavid/EPSILON_ws/install/vehicle_msgs:/home/bigdavid/EPSILON_ws/install/vehicle_model:/home/bigdavid/EPSILON_ws/install/common:/opt/ros/humble LD_LIBRARY_PATH=/home/bigdavid/EPSILON_ws/install/route_planner/lib:/home/bigdavid/EPSILON_ws/install/semantic_map_manager/lib:/home/bigdavid/EPSILON_ws/install/motion_predictor/lib:/home/bigdavid/EPSILON_ws/install/forward_simulator/lib:/home/bigdavid/EPSILON_ws/install/vehicle_msgs/lib:/home/bigdavid/EPSILON_ws/install/vehicle_model/lib:/home/bigdavid/EPSILON_ws/install/common/lib:/usr/local/lib:/usr/lib/x86_64-linux-gnu/gazebo-11/plugins:/opt/ros/humble/opt/rviz_ogre_vendor/lib:/opt/ros/humble/lib/x86_64-linux-gnu:/opt/ros/humble/lib:/usr/local/cuda/lib64 PYTHONPATH=/home/bigdavid/EPSILON_ws/install/vehicle_msgs/local/lib/python3.10/dist-packages:${PYTHONPATH} /usr/bin/cmake --install /home/bigdavid/EPSILON_ws/build/eudm_planner
[24.776s] -- Install configuration: "Release"
[24.776s] -- Installing: /home/bigdavid/EPSILON_ws/install/eudm_planner/share/eudm_planner/config
[24.777s] -- Installing: /home/bigdavid/EPSILON_ws/install/eudm_planner/share/eudm_planner/config/eudm_config.pb.txt
[24.777s] -- Installing: /home/bigdavid/EPSILON_ws/install/eudm_planner/share/eudm_planner/environment/library_path.sh
[24.777s] -- Installing: /home/bigdavid/EPSILON_ws/install/eudm_planner/share/eudm_planner/environment/library_path.dsv
[24.777s] -- Installing: /home/bigdavid/EPSILON_ws/install/eudm_planner/lib/libhkust_pl_eudm.a
[24.777s] -- Installing: /home/bigdavid/EPSILON_ws/install/eudm_planner/lib/libhkust_eudm_ros.a
[24.778s] -- Installing: /home/bigdavid/EPSILON_ws/install/eudm_planner/include
[24.778s] -- Installing: /home/bigdavid/EPSILON_ws/install/eudm_planner/include/eudm_planner
[24.778s] -- Installing: /home/bigdavid/EPSILON_ws/install/eudm_planner/include/eudm_planner/eudm_itf.h
[24.778s] -- Installing: /home/bigdavid/EPSILON_ws/install/eudm_planner/include/eudm_planner/dcp_tree.h
[24.778s] -- Installing: /home/bigdavid/EPSILON_ws/install/eudm_planner/include/eudm_planner/eudm_planner.h
[24.778s] -- Installing: /home/bigdavid/EPSILON_ws/install/eudm_planner/include/eudm_planner/map_interface.h
[24.778s] -- Installing: /home/bigdavid/EPSILON_ws/install/eudm_planner/include/eudm_planner/eudm_manager.h
[24.778s] -- Installing: /home/bigdavid/EPSILON_ws/install/eudm_planner/include/eudm_planner/map_adapter.h
[24.778s] -- Installing: /home/bigdavid/EPSILON_ws/install/eudm_planner/include/eudm_planner/eudm_server_ros.h
[24.779s] -- Installing: /home/bigdavid/EPSILON_ws/install/eudm_planner/include/eudm_planner/visualizer.h
[24.779s] -- Installing: /home/bigdavid/EPSILON_ws/install/eudm_planner/share/ament_index/resource_index/package_run_dependencies/eudm_planner
[24.779s] -- Installing: /home/bigdavid/EPSILON_ws/install/eudm_planner/share/ament_index/resource_index/parent_prefix_path/eudm_planner
[24.779s] -- Installing: /home/bigdavid/EPSILON_ws/install/eudm_planner/share/eudm_planner/environment/ament_prefix_path.sh
[24.779s] -- Installing: /home/bigdavid/EPSILON_ws/install/eudm_planner/share/eudm_planner/environment/ament_prefix_path.dsv
[24.779s] -- Installing: /home/bigdavid/EPSILON_ws/install/eudm_planner/share/eudm_planner/environment/path.sh
[24.779s] -- Installing: /home/bigdavid/EPSILON_ws/install/eudm_planner/share/eudm_planner/environment/path.dsv
[24.779s] -- Installing: /home/bigdavid/EPSILON_ws/install/eudm_planner/share/eudm_planner/local_setup.bash
[24.779s] -- Installing: /home/bigdavid/EPSILON_ws/install/eudm_planner/share/eudm_planner/local_setup.sh
[24.779s] -- Installing: /home/bigdavid/EPSILON_ws/install/eudm_planner/share/eudm_planner/local_setup.zsh
[24.779s] -- Installing: /home/bigdavid/EPSILON_ws/install/eudm_planner/share/eudm_planner/local_setup.dsv
[24.779s] -- Installing: /home/bigdavid/EPSILON_ws/install/eudm_planner/share/eudm_planner/package.dsv
[24.779s] -- Installing: /home/bigdavid/EPSILON_ws/install/eudm_planner/share/ament_index/resource_index/packages/eudm_planner
[24.779s] -- Installing: /home/bigdavid/EPSILON_ws/install/eudm_planner/share/eudm_planner/cmake/ament_cmake_export_libraries-extras.cmake
[24.779s] -- Installing: /home/bigdavid/EPSILON_ws/install/eudm_planner/share/eudm_planner/cmake/ament_cmake_export_dependencies-extras.cmake
[24.779s] -- Installing: /home/bigdavid/EPSILON_ws/install/eudm_planner/share/eudm_planner/cmake/ament_cmake_export_include_directories-extras.cmake
[24.779s] -- Installing: /home/bigdavid/EPSILON_ws/install/eudm_planner/share/eudm_planner/cmake/eudm_plannerConfig.cmake
[24.779s] -- Installing: /home/bigdavid/EPSILON_ws/install/eudm_planner/share/eudm_planner/cmake/eudm_plannerConfig-version.cmake
[24.779s] -- Installing: /home/bigdavid/EPSILON_ws/install/eudm_planner/share/eudm_planner/package.xml
[24.781s] Invoked command in '/home/bigdavid/EPSILON_ws/build/eudm_planner' returned '0': AMENT_PREFIX_PATH=/home/bigdavid/EPSILON_ws/install/route_planner:/home/bigdavid/EPSILON_ws/install/semantic_map_manager:/home/bigdavid/EPSILON_ws/install/motion_predictor:/home/bigdavid/EPSILON_ws/install/forward_simulator:/home/bigdavid/EPSILON_ws/install/vehicle_msgs:/home/bigdavid/EPSILON_ws/install/vehicle_model:/home/bigdavid/EPSILON_ws/install/common:${AMENT_PREFIX_PATH} CMAKE_PREFIX_PATH=/home/bigdavid/EPSILON_ws/install/route_planner:/home/bigdavid/EPSILON_ws/install/semantic_map_manager:/home/bigdavid/EPSILON_ws/install/motion_predictor:/home/bigdavid/EPSILON_ws/install/forward_simulator:/home/bigdavid/EPSILON_ws/install/vehicle_msgs:/home/bigdavid/EPSILON_ws/install/vehicle_model:/home/bigdavid/EPSILON_ws/install/common:/opt/ros/humble LD_LIBRARY_PATH=/home/bigdavid/EPSILON_ws/install/route_planner/lib:/home/bigdavid/EPSILON_ws/install/semantic_map_manager/lib:/home/bigdavid/EPSILON_ws/install/motion_predictor/lib:/home/bigdavid/EPSILON_ws/install/forward_simulator/lib:/home/bigdavid/EPSILON_ws/install/vehicle_msgs/lib:/home/bigdavid/EPSILON_ws/install/vehicle_model/lib:/home/bigdavid/EPSILON_ws/install/common/lib:/usr/local/lib:/usr/lib/x86_64-linux-gnu/gazebo-11/plugins:/opt/ros/humble/opt/rviz_ogre_vendor/lib:/opt/ros/humble/lib/x86_64-linux-gnu:/opt/ros/humble/lib:/usr/local/cuda/lib64 PYTHONPATH=/home/bigdavid/EPSILON_ws/install/vehicle_msgs/local/lib/python3.10/dist-packages:${PYTHONPATH} /usr/bin/cmake --install /home/bigdavid/EPSILON_ws/build/eudm_planner
