[0.032s] Invoking command in '/home/bigdavid/EPSILON_ws/build/phy_simulator': AMENT_PREFIX_PATH=/home/bigdavid/EPSILON_ws/install/vehicle_msgs:/home/bigdavid/EPSILON_ws/install/vehicle_model:/home/bigdavid/EPSILON_ws/install/common:${AMENT_PREFIX_PATH} CMAKE_PREFIX_PATH=/home/bigdavid/EPSILON_ws/install/vehicle_msgs:/home/bigdavid/EPSILON_ws/install/vehicle_model:/home/bigdavid/EPSILON_ws/install/common:/opt/ros/humble LD_LIBRARY_PATH=/home/bigdavid/EPSILON_ws/install/vehicle_msgs/lib:/home/bigdavid/EPSILON_ws/install/vehicle_model/lib:/home/bigdavid/EPSILON_ws/install/common/lib:/usr/local/lib:/usr/lib/x86_64-linux-gnu/gazebo-11/plugins:/opt/ros/humble/opt/rviz_ogre_vendor/lib:/opt/ros/humble/lib/x86_64-linux-gnu:/opt/ros/humble/lib:/usr/local/cuda/lib64 PYTHONPATH=/home/bigdavid/EPSILON_ws/install/vehicle_msgs/local/lib/python3.10/dist-packages:${PYTHONPATH} /usr/bin/cmake /home/bigdavid/EPSILON_ws/src/EPSILON_ROS2/core/phy_simulator -DCMAKE_INSTALL_PREFIX=/home/bigdavid/EPSILON_ws/install/phy_simulator
[0.120s] -- The C compiler identification is GNU 11.4.0
[0.227s] -- The CXX compiler identification is GNU 11.4.0
[0.242s] -- Detecting C compiler ABI info
[0.353s] -- Detecting C compiler ABI info - done
[0.361s] -- Check for working C compiler: /usr/lib/ccache/gcc - skipped
[0.362s] -- Detecting C compile features
[0.362s] -- Detecting C compile features - done
[0.365s] -- Detecting CXX compiler ABI info
[0.470s] -- Detecting CXX compiler ABI info - done
[0.478s] -- Check for working CXX compiler: /usr/lib/ccache/g++ - skipped
[0.478s] -- Detecting CXX compile features
[0.479s] -- Detecting CXX compile features - done
[0.482s] -- Found ament_cmake: 1.3.12 (/opt/ros/humble/share/ament_cmake/cmake)
[0.685s] -- Found Python3: /usr/bin/python3 (found version "3.10.12") found components: Interpreter 
[0.800s] -- Found rclcpp: 16.0.15 (/opt/ros/humble/share/rclcpp/cmake)
[0.852s] -- Found rosidl_generator_c: 3.1.6 (/opt/ros/humble/share/rosidl_generator_c/cmake)
[0.859s] -- Found rosidl_adapter: 3.1.6 (/opt/ros/humble/share/rosidl_adapter/cmake)
[0.868s] -- Found rosidl_generator_cpp: 3.1.6 (/opt/ros/humble/share/rosidl_generator_cpp/cmake)
[0.882s] -- Using all available rosidl_typesupport_c: rosidl_typesupport_fastrtps_c;rosidl_typesupport_introspection_c
[0.901s] -- Using all available rosidl_typesupport_cpp: rosidl_typesupport_fastrtps_cpp;rosidl_typesupport_introspection_cpp
[0.953s] -- Found rmw_implementation_cmake: 6.1.2 (/opt/ros/humble/share/rmw_implementation_cmake/cmake)
[0.956s] -- Found rmw_cyclonedds_cpp: 1.3.4 (/opt/ros/humble/share/rmw_cyclonedds_cpp/cmake)
[0.981s] -- Using RMW implementation 'rmw_cyclonedds_cpp' as default
[0.991s] -- Looking for pthread.h
[1.095s] -- Looking for pthread.h - found
[1.096s] -- Performing Test CMAKE_HAVE_LIBC_PTHREAD
[1.197s] -- Performing Test CMAKE_HAVE_LIBC_PTHREAD - Success
[1.200s] -- Found Threads: TRUE  
[1.259s] -- Found visualization_msgs: 4.9.0 (/opt/ros/humble/share/visualization_msgs/cmake)
[1.320s] -- Found common: 0.0.0 (/home/bigdavid/EPSILON_ws/install/common/share/common/cmake)
[1.492s] -- Found eigen3_cmake_module: 0.1.1 (/opt/ros/humble/share/eigen3_cmake_module/cmake)
[1.494s] -- Found Eigen3: TRUE (found version "3.4.0") 
[1.494s] -- Ensuring Eigen3 include directory is part of orocos-kdl CMake target
[1.498s] [33mCMake Warning at /home/bigdavid/EPSILON_ws/install/common/share/common/cmake/ament_cmake_export_include_directories-extras.cmake:11 (message):
[1.498s]   Package 'common' exports the include directory
[1.498s]   '/home/bigdavid/EPSILON_ws/src/EPSILON_ROS2/core/common/thirdparty/OOQP/include'
[1.498s]   which doesn't exist
[1.498s] Call Stack (most recent call first):
[1.498s]   /home/bigdavid/EPSILON_ws/install/common/share/common/cmake/commonConfig.cmake:41 (include)
[1.498s]   CMakeLists.txt:19 (find_package)
[1.498s] 
[1.498s] [0m
[1.501s] -- Found vehicle_model: 0.0.0 (/home/bigdavid/EPSILON_ws/install/vehicle_model/share/vehicle_model/cmake)
[1.523s] [33mCMake Warning at /home/bigdavid/EPSILON_ws/install/vehicle_model/share/vehicle_model/cmake/ament_cmake_export_include_directories-extras.cmake:11 (message):
[1.523s]   Package 'vehicle_model' exports the include directory
[1.523s]   '/home/bigdavid/EPSILON_ws/src/EPSILON_ROS2/core/common/thirdparty/OOQP/include'
[1.523s]   which doesn't exist
[1.523s] Call Stack (most recent call first):
[1.523s]   /home/bigdavid/EPSILON_ws/install/vehicle_model/share/vehicle_model/cmake/vehicle_modelConfig.cmake:41 (include)
[1.523s]   CMakeLists.txt:20 (find_package)
[1.523s] 
[1.523s] [0m
[1.526s] -- Found vehicle_msgs: 0.0.1 (/home/bigdavid/EPSILON_ws/install/vehicle_msgs/share/vehicle_msgs/cmake)
[1.564s] [33mCMake Warning at /home/bigdavid/EPSILON_ws/install/vehicle_msgs/share/vehicle_msgs/cmake/ament_cmake_export_include_directories-extras.cmake:11 (message):
[1.564s]   Package 'vehicle_msgs' exports the include directory
[1.564s]   '/home/bigdavid/EPSILON_ws/src/EPSILON_ROS2/core/common/thirdparty/OOQP/include'
[1.565s]   which doesn't exist
[1.565s] Call Stack (most recent call first):
[1.565s]   /home/bigdavid/EPSILON_ws/install/vehicle_msgs/share/vehicle_msgs/cmake/vehicle_msgsConfig.cmake:41 (include)
[1.565s]   CMakeLists.txt:21 (find_package)
[1.565s] 
[1.565s] [0m
[1.607s] [33mCMake Warning at /opt/ros/humble/share/ament_cmake_export_include_directories/cmake/ament_export_include_directories.cmake:44 (message):
[1.607s]   ament_export_include_directories() package 'phy_simulator' exports the
[1.607s]   include directory
[1.607s]   '/home/bigdavid/EPSILON_ws/src/EPSILON_ROS2/core/common/thirdparty/OOQP/include'
[1.607s]   which doesn't exist
[1.607s] Call Stack (most recent call first):
[1.607s]   CMakeLists.txt:92 (ament_export_include_directories)
[1.607s] 
[1.607s] [0m
[1.607s] [33mCMake Warning at /opt/ros/humble/share/ament_cmake_export_include_directories/cmake/ament_export_include_directories.cmake:44 (message):
[1.608s]   ament_export_include_directories() package 'phy_simulator' exports the
[1.608s]   include directory
[1.608s]   '/home/bigdavid/EPSILON_ws/src/EPSILON_ROS2/core/common/thirdparty/OOQP/include'
[1.608s]   which doesn't exist
[1.608s] Call Stack (most recent call first):
[1.608s]   CMakeLists.txt:92 (ament_export_include_directories)
[1.608s] 
[1.608s] [0m
[1.608s] [33mCMake Warning at /opt/ros/humble/share/ament_cmake_export_include_directories/cmake/ament_export_include_directories.cmake:44 (message):
[1.608s]   ament_export_include_directories() package 'phy_simulator' exports the
[1.608s]   include directory
[1.608s]   '/home/bigdavid/EPSILON_ws/src/EPSILON_ROS2/core/common/thirdparty/OOQP/include'
[1.608s]   which doesn't exist
[1.608s] Call Stack (most recent call first):
[1.608s]   CMakeLists.txt:92 (ament_export_include_directories)
[1.608s] 
[1.609s] [0m
[1.609s] [33mCMake Warning at /opt/ros/humble/share/ament_cmake_export_include_directories/cmake/ament_export_include_directories.cmake:44 (message):
[1.609s]   ament_export_include_directories() package 'phy_simulator' exports the
[1.609s]   include directory
[1.609s]   '/home/bigdavid/EPSILON_ws/src/EPSILON_ROS2/core/common/thirdparty/OOQP/include'
[1.609s]   which doesn't exist
[1.609s] Call Stack (most recent call first):
[1.609s]   CMakeLists.txt:92 (ament_export_include_directories)
[1.609s] 
[1.609s] [0m
[1.699s] -- Configuring done
[1.938s] -- Generating done
[1.960s] -- Build files have been written to: /home/bigdavid/EPSILON_ws/build/phy_simulator
[1.975s] Invoked command in '/home/bigdavid/EPSILON_ws/build/phy_simulator' returned '0': AMENT_PREFIX_PATH=/home/bigdavid/EPSILON_ws/install/vehicle_msgs:/home/bigdavid/EPSILON_ws/install/vehicle_model:/home/bigdavid/EPSILON_ws/install/common:${AMENT_PREFIX_PATH} CMAKE_PREFIX_PATH=/home/bigdavid/EPSILON_ws/install/vehicle_msgs:/home/bigdavid/EPSILON_ws/install/vehicle_model:/home/bigdavid/EPSILON_ws/install/common:/opt/ros/humble LD_LIBRARY_PATH=/home/bigdavid/EPSILON_ws/install/vehicle_msgs/lib:/home/bigdavid/EPSILON_ws/install/vehicle_model/lib:/home/bigdavid/EPSILON_ws/install/common/lib:/usr/local/lib:/usr/lib/x86_64-linux-gnu/gazebo-11/plugins:/opt/ros/humble/opt/rviz_ogre_vendor/lib:/opt/ros/humble/lib/x86_64-linux-gnu:/opt/ros/humble/lib:/usr/local/cuda/lib64 PYTHONPATH=/home/bigdavid/EPSILON_ws/install/vehicle_msgs/local/lib/python3.10/dist-packages:${PYTHONPATH} /usr/bin/cmake /home/bigdavid/EPSILON_ws/src/EPSILON_ROS2/core/phy_simulator -DCMAKE_INSTALL_PREFIX=/home/bigdavid/EPSILON_ws/install/phy_simulator
[1.975s] Invoking command in '/home/bigdavid/EPSILON_ws/build/phy_simulator': AMENT_PREFIX_PATH=/home/bigdavid/EPSILON_ws/install/vehicle_msgs:/home/bigdavid/EPSILON_ws/install/vehicle_model:/home/bigdavid/EPSILON_ws/install/common:${AMENT_PREFIX_PATH} CMAKE_PREFIX_PATH=/home/bigdavid/EPSILON_ws/install/vehicle_msgs:/home/bigdavid/EPSILON_ws/install/vehicle_model:/home/bigdavid/EPSILON_ws/install/common:/opt/ros/humble LD_LIBRARY_PATH=/home/bigdavid/EPSILON_ws/install/vehicle_msgs/lib:/home/bigdavid/EPSILON_ws/install/vehicle_model/lib:/home/bigdavid/EPSILON_ws/install/common/lib:/usr/local/lib:/usr/lib/x86_64-linux-gnu/gazebo-11/plugins:/opt/ros/humble/opt/rviz_ogre_vendor/lib:/opt/ros/humble/lib/x86_64-linux-gnu:/opt/ros/humble/lib:/usr/local/cuda/lib64 PYTHONPATH=/home/bigdavid/EPSILON_ws/install/vehicle_msgs/local/lib/python3.10/dist-packages:${PYTHONPATH} /usr/bin/cmake --build /home/bigdavid/EPSILON_ws/build/phy_simulator -- -j32 -l32
[2.046s] [ 14%] [32mBuilding CXX object CMakeFiles/phy_simulator_lib.dir/src/phy_simulator/arena_loader.cc.o[0m
[2.050s] [ 28%] [32mBuilding CXX object CMakeFiles/phy_simulator_lib.dir/src/phy_simulator/phy_simulator.cc.o[0m
[8.328s] [ 42%] [32m[1mLinking CXX static library libphy_simulator_lib.a[0m
[8.382s] [ 42%] Built target phy_simulator_lib
[8.468s] [ 57%] [32mBuilding CXX object CMakeFiles/phy_simulator_planning_node.dir/src/phy_simulator/visualizer.cc.o[0m
[8.476s] [ 71%] [32mBuilding CXX object CMakeFiles/phy_simulator_planning_node.dir/src/phy_simulator_planning_node.cc.o[0m
[8.476s] [ 85%] [32mBuilding CXX object CMakeFiles/phy_simulator_planning_node.dir/src/phy_simulator/ros_adapter.cc.o[0m
[30.922s] [100%] [32m[1mLinking CXX executable phy_simulator_planning_node[0m
[359.911s] [100%] Built target phy_simulator_planning_node
[359.925s] Invoked command in '/home/bigdavid/EPSILON_ws/build/phy_simulator' returned '0': AMENT_PREFIX_PATH=/home/bigdavid/EPSILON_ws/install/vehicle_msgs:/home/bigdavid/EPSILON_ws/install/vehicle_model:/home/bigdavid/EPSILON_ws/install/common:${AMENT_PREFIX_PATH} CMAKE_PREFIX_PATH=/home/bigdavid/EPSILON_ws/install/vehicle_msgs:/home/bigdavid/EPSILON_ws/install/vehicle_model:/home/bigdavid/EPSILON_ws/install/common:/opt/ros/humble LD_LIBRARY_PATH=/home/bigdavid/EPSILON_ws/install/vehicle_msgs/lib:/home/bigdavid/EPSILON_ws/install/vehicle_model/lib:/home/bigdavid/EPSILON_ws/install/common/lib:/usr/local/lib:/usr/lib/x86_64-linux-gnu/gazebo-11/plugins:/opt/ros/humble/opt/rviz_ogre_vendor/lib:/opt/ros/humble/lib/x86_64-linux-gnu:/opt/ros/humble/lib:/usr/local/cuda/lib64 PYTHONPATH=/home/bigdavid/EPSILON_ws/install/vehicle_msgs/local/lib/python3.10/dist-packages:${PYTHONPATH} /usr/bin/cmake --build /home/bigdavid/EPSILON_ws/build/phy_simulator -- -j32 -l32
[359.926s] Invoking command in '/home/bigdavid/EPSILON_ws/build/phy_simulator': AMENT_PREFIX_PATH=/home/bigdavid/EPSILON_ws/install/vehicle_msgs:/home/bigdavid/EPSILON_ws/install/vehicle_model:/home/bigdavid/EPSILON_ws/install/common:${AMENT_PREFIX_PATH} CMAKE_PREFIX_PATH=/home/bigdavid/EPSILON_ws/install/vehicle_msgs:/home/bigdavid/EPSILON_ws/install/vehicle_model:/home/bigdavid/EPSILON_ws/install/common:/opt/ros/humble LD_LIBRARY_PATH=/home/bigdavid/EPSILON_ws/install/vehicle_msgs/lib:/home/bigdavid/EPSILON_ws/install/vehicle_model/lib:/home/bigdavid/EPSILON_ws/install/common/lib:/usr/local/lib:/usr/lib/x86_64-linux-gnu/gazebo-11/plugins:/opt/ros/humble/opt/rviz_ogre_vendor/lib:/opt/ros/humble/lib/x86_64-linux-gnu:/opt/ros/humble/lib:/usr/local/cuda/lib64 PYTHONPATH=/home/bigdavid/EPSILON_ws/install/vehicle_msgs/local/lib/python3.10/dist-packages:${PYTHONPATH} /usr/bin/cmake --install /home/bigdavid/EPSILON_ws/build/phy_simulator
[359.930s] -- Install configuration: "Release"
[359.930s] -- Installing: /home/bigdavid/EPSILON_ws/install/phy_simulator/lib/libphy_simulator_lib.a
[359.930s] -- Installing: /home/bigdavid/EPSILON_ws/install/phy_simulator/lib/phy_simulator/phy_simulator_planning_node
[359.931s] -- Set runtime path of "/home/bigdavid/EPSILON_ws/install/phy_simulator/lib/phy_simulator/phy_simulator_planning_node" to ""
[359.931s] -- Installing: /home/bigdavid/EPSILON_ws/install/phy_simulator/include
[359.931s] -- Installing: /home/bigdavid/EPSILON_ws/install/phy_simulator/include/phy_simulator
[359.932s] -- Installing: /home/bigdavid/EPSILON_ws/install/phy_simulator/include/phy_simulator/ros_adapter.h
[359.932s] -- Installing: /home/bigdavid/EPSILON_ws/install/phy_simulator/include/phy_simulator/phy_simulator.h
[359.932s] -- Installing: /home/bigdavid/EPSILON_ws/install/phy_simulator/include/phy_simulator/arena_loader.h
[359.932s] -- Installing: /home/bigdavid/EPSILON_ws/install/phy_simulator/include/phy_simulator/visualizer.h
[359.932s] -- Installing: /home/bigdavid/EPSILON_ws/install/phy_simulator/include/phy_simulator/basics.h
[359.932s] -- Installing: /home/bigdavid/EPSILON_ws/install/phy_simulator/share/phy_simulator/launch
[359.932s] -- Installing: /home/bigdavid/EPSILON_ws/install/phy_simulator/share/phy_simulator/launch/phy_simulator_planning.launch
[359.932s] -- Installing: /home/bigdavid/EPSILON_ws/install/phy_simulator/share/phy_simulator/launch/joy_ctrl.launch
[359.932s] -- Installing: /home/bigdavid/EPSILON_ws/install/phy_simulator/share/phy_simulator/launch/joy_ctrl_launch.py
[359.932s] -- Installing: /home/bigdavid/EPSILON_ws/install/phy_simulator/share/phy_simulator/launch/phy_simulator_planning_launch.py
[359.932s] -- Installing: /home/bigdavid/EPSILON_ws/install/phy_simulator/share/phy_simulator/environment/library_path.sh
[359.932s] -- Installing: /home/bigdavid/EPSILON_ws/install/phy_simulator/share/phy_simulator/environment/library_path.dsv
[359.932s] -- Installing: /home/bigdavid/EPSILON_ws/install/phy_simulator/share/ament_index/resource_index/package_run_dependencies/phy_simulator
[359.932s] -- Installing: /home/bigdavid/EPSILON_ws/install/phy_simulator/share/ament_index/resource_index/parent_prefix_path/phy_simulator
[359.932s] -- Installing: /home/bigdavid/EPSILON_ws/install/phy_simulator/share/phy_simulator/environment/ament_prefix_path.sh
[359.932s] -- Installing: /home/bigdavid/EPSILON_ws/install/phy_simulator/share/phy_simulator/environment/ament_prefix_path.dsv
[359.932s] -- Installing: /home/bigdavid/EPSILON_ws/install/phy_simulator/share/phy_simulator/environment/path.sh
[359.932s] -- Installing: /home/bigdavid/EPSILON_ws/install/phy_simulator/share/phy_simulator/environment/path.dsv
[359.932s] -- Installing: /home/bigdavid/EPSILON_ws/install/phy_simulator/share/phy_simulator/local_setup.bash
[359.932s] -- Installing: /home/bigdavid/EPSILON_ws/install/phy_simulator/share/phy_simulator/local_setup.sh
[359.932s] -- Installing: /home/bigdavid/EPSILON_ws/install/phy_simulator/share/phy_simulator/local_setup.zsh
[359.932s] -- Installing: /home/bigdavid/EPSILON_ws/install/phy_simulator/share/phy_simulator/local_setup.dsv
[359.932s] -- Installing: /home/bigdavid/EPSILON_ws/install/phy_simulator/share/phy_simulator/package.dsv
[359.932s] -- Installing: /home/bigdavid/EPSILON_ws/install/phy_simulator/share/ament_index/resource_index/packages/phy_simulator
[359.932s] -- Installing: /home/bigdavid/EPSILON_ws/install/phy_simulator/share/phy_simulator/cmake/ament_cmake_export_libraries-extras.cmake
[359.932s] -- Installing: /home/bigdavid/EPSILON_ws/install/phy_simulator/share/phy_simulator/cmake/ament_cmake_export_dependencies-extras.cmake
[359.932s] -- Installing: /home/bigdavid/EPSILON_ws/install/phy_simulator/share/phy_simulator/cmake/ament_cmake_export_include_directories-extras.cmake
[359.932s] -- Installing: /home/bigdavid/EPSILON_ws/install/phy_simulator/share/phy_simulator/cmake/phy_simulatorConfig.cmake
[359.932s] -- Installing: /home/bigdavid/EPSILON_ws/install/phy_simulator/share/phy_simulator/cmake/phy_simulatorConfig-version.cmake
[359.932s] -- Installing: /home/bigdavid/EPSILON_ws/install/phy_simulator/share/phy_simulator/package.xml
[359.934s] Invoked command in '/home/bigdavid/EPSILON_ws/build/phy_simulator' returned '0': AMENT_PREFIX_PATH=/home/bigdavid/EPSILON_ws/install/vehicle_msgs:/home/bigdavid/EPSILON_ws/install/vehicle_model:/home/bigdavid/EPSILON_ws/install/common:${AMENT_PREFIX_PATH} CMAKE_PREFIX_PATH=/home/bigdavid/EPSILON_ws/install/vehicle_msgs:/home/bigdavid/EPSILON_ws/install/vehicle_model:/home/bigdavid/EPSILON_ws/install/common:/opt/ros/humble LD_LIBRARY_PATH=/home/bigdavid/EPSILON_ws/install/vehicle_msgs/lib:/home/bigdavid/EPSILON_ws/install/vehicle_model/lib:/home/bigdavid/EPSILON_ws/install/common/lib:/usr/local/lib:/usr/lib/x86_64-linux-gnu/gazebo-11/plugins:/opt/ros/humble/opt/rviz_ogre_vendor/lib:/opt/ros/humble/lib/x86_64-linux-gnu:/opt/ros/humble/lib:/usr/local/cuda/lib64 PYTHONPATH=/home/bigdavid/EPSILON_ws/install/vehicle_msgs/local/lib/python3.10/dist-packages:${PYTHONPATH} /usr/bin/cmake --install /home/bigdavid/EPSILON_ws/build/phy_simulator
