[0.027s] Invoking command in '/home/bigdavid/EPSILON_ws/build/motion_predictor': CMAKE_PREFIX_PATH=/home/bigdavid/EPSILON_ws/install/forward_simulator:/home/bigdavid/EPSILON_ws/install/vehicle_model:/home/bigdavid/EPSILON_ws/install/common:/home/bigdavid/EPSILON_ws/install/planning_integrated:/home/bigdavid/EPSILON_ws/install/ssc_planner:/home/bigdavid/EPSILON_ws/install/eudm_planner:/home/bigdavid/EPSILON_ws/install/ai_agent_planner:/home/bigdavid/EPSILON_ws/install/behavior_planner:/home/bigdavid/EPSILON_ws/install/route_planner:/home/bigdavid/EPSILON_ws/install/semantic_map_manager:/home/bigdavid/EPSILON_ws/install/phy_simulator:/home/bigdavid/EPSILON_ws/install/aux_tools:/home/bigdavid/EPSILON_ws/install/vehicle_msgs:/home/bigdavid/EPSILON_ws/install/motion_predictor:/home/bigdavid/EPSILON_ws/install/utm_to_car_transform:/home/bigdavid/EPSILON_ws/install/playgrounds:/opt/ros/humble /usr/bin/cmake --build /home/bigdavid/EPSILON_ws/build/motion_predictor -- -j32 -l32
[0.102s] Invoked command in '/home/bigdavid/EPSILON_ws/build/motion_predictor' returned '0': CMAKE_PREFIX_PATH=/home/bigdavid/EPSILON_ws/install/forward_simulator:/home/bigdavid/EPSILON_ws/install/vehicle_model:/home/bigdavid/EPSILON_ws/install/common:/home/bigdavid/EPSILON_ws/install/planning_integrated:/home/bigdavid/EPSILON_ws/install/ssc_planner:/home/bigdavid/EPSILON_ws/install/eudm_planner:/home/bigdavid/EPSILON_ws/install/ai_agent_planner:/home/bigdavid/EPSILON_ws/install/behavior_planner:/home/bigdavid/EPSILON_ws/install/route_planner:/home/bigdavid/EPSILON_ws/install/semantic_map_manager:/home/bigdavid/EPSILON_ws/install/phy_simulator:/home/bigdavid/EPSILON_ws/install/aux_tools:/home/bigdavid/EPSILON_ws/install/vehicle_msgs:/home/bigdavid/EPSILON_ws/install/motion_predictor:/home/bigdavid/EPSILON_ws/install/utm_to_car_transform:/home/bigdavid/EPSILON_ws/install/playgrounds:/opt/ros/humble /usr/bin/cmake --build /home/bigdavid/EPSILON_ws/build/motion_predictor -- -j32 -l32
[0.106s] Invoking command in '/home/bigdavid/EPSILON_ws/build/motion_predictor': CMAKE_PREFIX_PATH=/home/bigdavid/EPSILON_ws/install/forward_simulator:/home/bigdavid/EPSILON_ws/install/vehicle_model:/home/bigdavid/EPSILON_ws/install/common:/home/bigdavid/EPSILON_ws/install/planning_integrated:/home/bigdavid/EPSILON_ws/install/ssc_planner:/home/bigdavid/EPSILON_ws/install/eudm_planner:/home/bigdavid/EPSILON_ws/install/ai_agent_planner:/home/bigdavid/EPSILON_ws/install/behavior_planner:/home/bigdavid/EPSILON_ws/install/route_planner:/home/bigdavid/EPSILON_ws/install/semantic_map_manager:/home/bigdavid/EPSILON_ws/install/phy_simulator:/home/bigdavid/EPSILON_ws/install/aux_tools:/home/bigdavid/EPSILON_ws/install/vehicle_msgs:/home/bigdavid/EPSILON_ws/install/motion_predictor:/home/bigdavid/EPSILON_ws/install/utm_to_car_transform:/home/bigdavid/EPSILON_ws/install/playgrounds:/opt/ros/humble /usr/bin/cmake --install /home/bigdavid/EPSILON_ws/build/motion_predictor
[0.118s] -- Install configuration: "Release"
[0.118s] -- Up-to-date: /home/bigdavid/EPSILON_ws/install/motion_predictor/share/motion_predictor/environment/library_path.sh
[0.119s] -- Up-to-date: /home/bigdavid/EPSILON_ws/install/motion_predictor/share/motion_predictor/environment/library_path.dsv
[0.119s] -- Up-to-date: /home/bigdavid/EPSILON_ws/install/motion_predictor/include
[0.119s] -- Up-to-date: /home/bigdavid/EPSILON_ws/install/motion_predictor/include/motion_predictor
[0.119s] -- Up-to-date: /home/bigdavid/EPSILON_ws/install/motion_predictor/include/motion_predictor/onlane_fs_predictor.h
[0.119s] -- Up-to-date: /home/bigdavid/EPSILON_ws/install/motion_predictor/share/ament_index/resource_index/package_run_dependencies/motion_predictor
[0.119s] -- Up-to-date: /home/bigdavid/EPSILON_ws/install/motion_predictor/share/ament_index/resource_index/parent_prefix_path/motion_predictor
[0.119s] -- Up-to-date: /home/bigdavid/EPSILON_ws/install/motion_predictor/share/motion_predictor/environment/ament_prefix_path.sh
[0.119s] -- Up-to-date: /home/bigdavid/EPSILON_ws/install/motion_predictor/share/motion_predictor/environment/ament_prefix_path.dsv
[0.120s] -- Up-to-date: /home/bigdavid/EPSILON_ws/install/motion_predictor/share/motion_predictor/environment/path.sh
[0.120s] -- Up-to-date: /home/bigdavid/EPSILON_ws/install/motion_predictor/share/motion_predictor/environment/path.dsv
[0.120s] -- Up-to-date: /home/bigdavid/EPSILON_ws/install/motion_predictor/share/motion_predictor/local_setup.bash
[0.120s] -- Up-to-date: /home/bigdavid/EPSILON_ws/install/motion_predictor/share/motion_predictor/local_setup.sh
[0.120s] -- Up-to-date: /home/bigdavid/EPSILON_ws/install/motion_predictor/share/motion_predictor/local_setup.zsh
[0.120s] -- Up-to-date: /home/bigdavid/EPSILON_ws/install/motion_predictor/share/motion_predictor/local_setup.dsv
[0.120s] -- Installing: /home/bigdavid/EPSILON_ws/install/motion_predictor/share/motion_predictor/package.dsv
[0.120s] -- Up-to-date: /home/bigdavid/EPSILON_ws/install/motion_predictor/share/ament_index/resource_index/packages/motion_predictor
[0.121s] -- Up-to-date: /home/bigdavid/EPSILON_ws/install/motion_predictor/share/motion_predictor/cmake/ament_cmake_export_libraries-extras.cmake
[0.121s] -- Up-to-date: /home/bigdavid/EPSILON_ws/install/motion_predictor/share/motion_predictor/cmake/ament_cmake_export_dependencies-extras.cmake
[0.121s] -- Up-to-date: /home/bigdavid/EPSILON_ws/install/motion_predictor/share/motion_predictor/cmake/ament_cmake_export_include_directories-extras.cmake
[0.122s] -- Up-to-date: /home/bigdavid/EPSILON_ws/install/motion_predictor/share/motion_predictor/cmake/motion_predictorConfig.cmake
[0.122s] -- Up-to-date: /home/bigdavid/EPSILON_ws/install/motion_predictor/share/motion_predictor/cmake/motion_predictorConfig-version.cmake
[0.122s] -- Up-to-date: /home/bigdavid/EPSILON_ws/install/motion_predictor/share/motion_predictor/package.xml
[0.125s] Invoked command in '/home/bigdavid/EPSILON_ws/build/motion_predictor' returned '0': CMAKE_PREFIX_PATH=/home/bigdavid/EPSILON_ws/install/forward_simulator:/home/bigdavid/EPSILON_ws/install/vehicle_model:/home/bigdavid/EPSILON_ws/install/common:/home/bigdavid/EPSILON_ws/install/planning_integrated:/home/bigdavid/EPSILON_ws/install/ssc_planner:/home/bigdavid/EPSILON_ws/install/eudm_planner:/home/bigdavid/EPSILON_ws/install/ai_agent_planner:/home/bigdavid/EPSILON_ws/install/behavior_planner:/home/bigdavid/EPSILON_ws/install/route_planner:/home/bigdavid/EPSILON_ws/install/semantic_map_manager:/home/bigdavid/EPSILON_ws/install/phy_simulator:/home/bigdavid/EPSILON_ws/install/aux_tools:/home/bigdavid/EPSILON_ws/install/vehicle_msgs:/home/bigdavid/EPSILON_ws/install/motion_predictor:/home/bigdavid/EPSILON_ws/install/utm_to_car_transform:/home/bigdavid/EPSILON_ws/install/playgrounds:/opt/ros/humble /usr/bin/cmake --install /home/bigdavid/EPSILON_ws/build/motion_predictor
