-- Install configuration: "Release"
-- Up-to-date: /home/bigdavid/EPSILON_ws/install/motion_predictor/share/motion_predictor/environment/library_path.sh
-- Up-to-date: /home/bigdavid/EPSILON_ws/install/motion_predictor/share/motion_predictor/environment/library_path.dsv
-- Up-to-date: /home/bigdavid/EPSILON_ws/install/motion_predictor/include
-- Up-to-date: /home/bigdavid/EPSILON_ws/install/motion_predictor/include/motion_predictor
-- Up-to-date: /home/bigdavid/EPSILON_ws/install/motion_predictor/include/motion_predictor/onlane_fs_predictor.h
-- Up-to-date: /home/bigdavid/EPSILON_ws/install/motion_predictor/share/ament_index/resource_index/package_run_dependencies/motion_predictor
-- Up-to-date: /home/bigdavid/EPSILON_ws/install/motion_predictor/share/ament_index/resource_index/parent_prefix_path/motion_predictor
-- Up-to-date: /home/bigdavid/EPSILON_ws/install/motion_predictor/share/motion_predictor/environment/ament_prefix_path.sh
-- Up-to-date: /home/bigdavid/EPSILON_ws/install/motion_predictor/share/motion_predictor/environment/ament_prefix_path.dsv
-- Up-to-date: /home/bigdavid/EPSILON_ws/install/motion_predictor/share/motion_predictor/environment/path.sh
-- Up-to-date: /home/bigdavid/EPSILON_ws/install/motion_predictor/share/motion_predictor/environment/path.dsv
-- Up-to-date: /home/bigdavid/EPSILON_ws/install/motion_predictor/share/motion_predictor/local_setup.bash
-- Up-to-date: /home/bigdavid/EPSILON_ws/install/motion_predictor/share/motion_predictor/local_setup.sh
-- Up-to-date: /home/bigdavid/EPSILON_ws/install/motion_predictor/share/motion_predictor/local_setup.zsh
-- Up-to-date: /home/bigdavid/EPSILON_ws/install/motion_predictor/share/motion_predictor/local_setup.dsv
-- Up-to-date: /home/bigdavid/EPSILON_ws/install/motion_predictor/share/motion_predictor/package.dsv
-- Up-to-date: /home/bigdavid/EPSILON_ws/install/motion_predictor/share/ament_index/resource_index/packages/motion_predictor
-- Up-to-date: /home/bigdavid/EPSILON_ws/install/motion_predictor/share/motion_predictor/cmake/ament_cmake_export_libraries-extras.cmake
-- Up-to-date: /home/bigdavid/EPSILON_ws/install/motion_predictor/share/motion_predictor/cmake/ament_cmake_export_dependencies-extras.cmake
-- Up-to-date: /home/bigdavid/EPSILON_ws/install/motion_predictor/share/motion_predictor/cmake/ament_cmake_export_include_directories-extras.cmake
-- Up-to-date: /home/bigdavid/EPSILON_ws/install/motion_predictor/share/motion_predictor/cmake/motion_predictorConfig.cmake
-- Up-to-date: /home/bigdavid/EPSILON_ws/install/motion_predictor/share/motion_predictor/cmake/motion_predictorConfig-version.cmake
-- Up-to-date: /home/bigdavid/EPSILON_ws/install/motion_predictor/share/motion_predictor/package.xml
