In file included from [01m[K/home/bigdavid/EPSILON_ws/src/EPSILON_ROS2/core/common/include/common/spline/spline_generator.h:17[m[K,
                 from [01m[K/home/bigdavid/EPSILON_ws/src/EPSILON_ROS2/core/common/src/common/lane/lane_generator.cc:3[m[K:
[01m[K/home/bigdavid/EPSILON_ws/src/EPSILON_ROS2/core/common/thirdparty/tk_spline/spline.h:371:8:[m[K [01;35m[Kwarning: [m[K‘[01m[Kdouble {anonymous}::tk::spline::get_coeff(int, int) const[m[K’ defined but not used [[01;35m[K-Wunused-function[m[K]
  371 | double [01;35m[Kspline[m[K::get_coeff(int n, int j) const {
      |        [01;35m[K^~~~~~[m[K
[01m[K/home/bigdavid/EPSILON_ws/src/EPSILON_ROS2/core/common/thirdparty/tk_spline/spline.h:369:5:[m[K [01;35m[Kwarning: [m[K‘[01m[Kint {anonymous}::tk::spline::num_pts() const[m[K’ defined but not used [[01;35m[K-Wunused-function[m[K]
  369 | int [01;35m[Kspline[m[K::num_pts() const { return m_a.size(); }
      |     [01;35m[K^~~~~~[m[K
[01m[K/home/bigdavid/EPSILON_ws/src/EPSILON_ROS2/core/common/thirdparty/tk_spline/spline.h:347:8:[m[K [01;35m[Kwarning: [m[K‘[01m[Kdouble {anonymous}::tk::spline::operator()(double) const[m[K’ defined but not used [[01;35m[K-Wunused-function[m[K]
  347 | double [01;35m[Kspline[m[K::operator()(double x) const {
      |        [01;35m[K^~~~~~[m[K
[01m[K/home/bigdavid/EPSILON_ws/src/EPSILON_ROS2/core/common/thirdparty/tk_spline/spline.h:255:6:[m[K [01;35m[Kwarning: [m[K‘[01m[Kvoid {anonymous}::tk::spline::set_points(const std::vector<double>&, const std::vector<double>&, bool)[m[K’ defined but not used [[01;35m[K-Wunused-function[m[K]
  255 | void [01;35m[Kspline[m[K::set_points(const std::vector<double>& x,
      |      [01;35m[K^~~~~~[m[K
[01m[K/home/bigdavid/EPSILON_ws/src/EPSILON_ROS2/core/common/thirdparty/tk_spline/spline.h:244:6:[m[K [01;35m[Kwarning: [m[K‘[01m[Kvoid {anonymous}::tk::spline::set_boundary({anonymous}::tk::spline::bd_type, double, {anonymous}::tk::spline::bd_type, double, bool)[m[K’ defined but not used [[01;35m[K-Wunused-function[m[K]
  244 | void [01;35m[Kspline[m[K::set_boundary(spline::bd_type left, double left_value,
      |      [01;35m[K^~~~~~[m[K
In file included from [01m[K/home/bigdavid/EPSILON_ws/src/EPSILON_ROS2/core/common/include/common/spline/spline_generator.h:17[m[K,
                 from [01m[K/home/bigdavid/EPSILON_ws/src/EPSILON_ROS2/core/common/src/common/spline/spline_generator.cc:1[m[K:
[01m[K/home/bigdavid/EPSILON_ws/src/EPSILON_ROS2/core/common/thirdparty/tk_spline/spline.h:347:8:[m[K [01;35m[Kwarning: [m[K‘[01m[Kdouble {anonymous}::tk::spline::operator()(double) const[m[K’ defined but not used [[01;35m[K-Wunused-function[m[K]
  347 | double [01;35m[Kspline[m[K::operator()(double x) const {
      |        [01;35m[K^~~~~~[m[K
[01m[K/home/bigdavid/EPSILON_ws/src/EPSILON_ROS2/core/common/thirdparty/tk_spline/spline.h:244:6:[m[K [01;35m[Kwarning: [m[K‘[01m[Kvoid {anonymous}::tk::spline::set_boundary({anonymous}::tk::spline::bd_type, double, {anonymous}::tk::spline::bd_type, double, bool)[m[K’ defined but not used [[01;35m[K-Wunused-function[m[K]
  244 | void [01;35m[Kspline[m[K::set_boundary(spline::bd_type left, double left_value,
      |      [01;35m[K^~~~~~[m[K
