[0.007s] Invoking command in '/home/bigdavid/EPSILON_ws/build/common': CMAKE_PREFIX_PATH=/opt/ros/humble /usr/bin/cmake --build /home/bigdavid/EPSILON_ws/build/common -- -j32 -l32
[0.037s] [35m[1mConsolidate compiler generated dependencies of target hkust_pl_ooqp_itf[0m
[0.047s] [ 13%] Built target hkust_pl_ooqp_itf
[0.066s] [35m[1mConsolidate compiler generated dependencies of target hkust_pl_common[0m
[0.091s] [ 18%] [32mBuilding CXX object CMakeFiles/hkust_pl_common.dir/src/common/basics/semantics.cc.o[0m
[0.092s] [ 22%] [32mBuilding CXX object CMakeFiles/hkust_pl_common.dir/src/common/rss/rss_checker.cc.o[0m
[0.092s] [ 27%] [32mBuilding CXX object CMakeFiles/hkust_pl_common.dir/src/common/mobil/mobil_model.cc.o[0m
[0.092s] [ 31%] [32mBuilding CXX object CMakeFiles/hkust_pl_common.dir/src/common/spline/spline_generator.cc.o[0m
[0.092s] [ 36%] [32mBuilding CXX object CMakeFiles/hkust_pl_common.dir/src/common/mobil/mobil_behavior_prediction.cc.o[0m
[0.094s] [ 40%] [32mBuilding CXX object CMakeFiles/hkust_pl_common.dir/src/common/lane/lane_generator.cc.o[0m
[1.740s] In file included from [01m[K/home/bigdavid/EPSILON_ws/src/EPSILON_ROS2/core/common/include/common/spline/spline_generator.h:17[m[K,
[1.741s]                  from [01m[K/home/bigdavid/EPSILON_ws/src/EPSILON_ROS2/core/common/src/common/lane/lane_generator.cc:3[m[K:
[1.741s] [01m[K/home/bigdavid/EPSILON_ws/src/EPSILON_ROS2/core/common/thirdparty/tk_spline/spline.h:371:8:[m[K [01;35m[Kwarning: [m[K‘[01m[Kdouble {anonymous}::tk::spline::get_coeff(int, int) const[m[K’ defined but not used [[01;35m[K-Wunused-function[m[K]
[1.741s]   371 | double [01;35m[Kspline[m[K::get_coeff(int n, int j) const {
[1.741s]       |        [01;35m[K^~~~~~[m[K
[1.741s] [01m[K/home/bigdavid/EPSILON_ws/src/EPSILON_ROS2/core/common/thirdparty/tk_spline/spline.h:369:5:[m[K [01;35m[Kwarning: [m[K‘[01m[Kint {anonymous}::tk::spline::num_pts() const[m[K’ defined but not used [[01;35m[K-Wunused-function[m[K]
[1.741s]   369 | int [01;35m[Kspline[m[K::num_pts() const { return m_a.size(); }
[1.741s]       |     [01;35m[K^~~~~~[m[K
[1.741s] [01m[K/home/bigdavid/EPSILON_ws/src/EPSILON_ROS2/core/common/thirdparty/tk_spline/spline.h:347:8:[m[K [01;35m[Kwarning: [m[K‘[01m[Kdouble {anonymous}::tk::spline::operator()(double) const[m[K’ defined but not used [[01;35m[K-Wunused-function[m[K]
[1.741s]   347 | double [01;35m[Kspline[m[K::operator()(double x) const {
[1.741s]       |        [01;35m[K^~~~~~[m[K
[1.741s] [01m[K/home/bigdavid/EPSILON_ws/src/EPSILON_ROS2/core/common/thirdparty/tk_spline/spline.h:255:6:[m[K [01;35m[Kwarning: [m[K‘[01m[Kvoid {anonymous}::tk::spline::set_points(const std::vector<double>&, const std::vector<double>&, bool)[m[K’ defined but not used [[01;35m[K-Wunused-function[m[K]
[1.742s]   255 | void [01;35m[Kspline[m[K::set_points(const std::vector<double>& x,
[1.742s]       |      [01;35m[K^~~~~~[m[K
[1.742s] [01m[K/home/bigdavid/EPSILON_ws/src/EPSILON_ROS2/core/common/thirdparty/tk_spline/spline.h:244:6:[m[K [01;35m[Kwarning: [m[K‘[01m[Kvoid {anonymous}::tk::spline::set_boundary({anonymous}::tk::spline::bd_type, double, {anonymous}::tk::spline::bd_type, double, bool)[m[K’ defined but not used [[01;35m[K-Wunused-function[m[K]
[1.742s]   244 | void [01;35m[Kspline[m[K::set_boundary(spline::bd_type left, double left_value,
[1.742s]       |      [01;35m[K^~~~~~[m[K
[3.732s] In file included from [01m[K/home/bigdavid/EPSILON_ws/src/EPSILON_ROS2/core/common/include/common/spline/spline_generator.h:17[m[K,
[3.732s]                  from [01m[K/home/bigdavid/EPSILON_ws/src/EPSILON_ROS2/core/common/src/common/spline/spline_generator.cc:1[m[K:
[3.732s] [01m[K/home/bigdavid/EPSILON_ws/src/EPSILON_ROS2/core/common/thirdparty/tk_spline/spline.h:347:8:[m[K [01;35m[Kwarning: [m[K‘[01m[Kdouble {anonymous}::tk::spline::operator()(double) const[m[K’ defined but not used [[01;35m[K-Wunused-function[m[K]
[3.732s]   347 | double [01;35m[Kspline[m[K::operator()(double x) const {
[3.732s]       |        [01;35m[K^~~~~~[m[K
[3.733s] [01m[K/home/bigdavid/EPSILON_ws/src/EPSILON_ROS2/core/common/thirdparty/tk_spline/spline.h:244:6:[m[K [01;35m[Kwarning: [m[K‘[01m[Kvoid {anonymous}::tk::spline::set_boundary({anonymous}::tk::spline::bd_type, double, {anonymous}::tk::spline::bd_type, double, bool)[m[K’ defined but not used [[01;35m[K-Wunused-function[m[K]
[3.733s]   244 | void [01;35m[Kspline[m[K::set_boundary(spline::bd_type left, double left_value,
[3.733s]       |      [01;35m[K^~~~~~[m[K
[3.743s] [ 45%] [32m[1mLinking CXX static library libhkust_pl_common.a[0m
[3.781s] [100%] Built target hkust_pl_common
[3.792s] Invoked command in '/home/bigdavid/EPSILON_ws/build/common' returned '0': CMAKE_PREFIX_PATH=/opt/ros/humble /usr/bin/cmake --build /home/bigdavid/EPSILON_ws/build/common -- -j32 -l32
[3.793s] Invoking command in '/home/bigdavid/EPSILON_ws/build/common': CMAKE_PREFIX_PATH=/opt/ros/humble /usr/bin/cmake --install /home/bigdavid/EPSILON_ws/build/common
[3.800s] -- Install configuration: "Release"
[3.800s] -- Up-to-date: /home/bigdavid/EPSILON_ws/install/common/share/common/environment/library_path.sh
[3.800s] -- Up-to-date: /home/bigdavid/EPSILON_ws/install/common/share/common/environment/library_path.dsv
[3.800s] -- Up-to-date: /home/bigdavid/EPSILON_ws/install/common/include/common
[3.801s] -- Up-to-date: /home/bigdavid/EPSILON_ws/install/common/include/common/state
[3.801s] -- Up-to-date: /home/bigdavid/EPSILON_ws/install/common/include/common/state/state_transformer.h
[3.801s] -- Up-to-date: /home/bigdavid/EPSILON_ws/install/common/include/common/state/state.h
[3.801s] -- Up-to-date: /home/bigdavid/EPSILON_ws/install/common/include/common/state/waypoint.h
[3.801s] -- Up-to-date: /home/bigdavid/EPSILON_ws/install/common/include/common/state/frenet_state.h
[3.801s] -- Up-to-date: /home/bigdavid/EPSILON_ws/install/common/include/common/state/free_state.h
[3.801s] -- Up-to-date: /home/bigdavid/EPSILON_ws/install/common/include/common/solver
[3.801s] -- Up-to-date: /home/bigdavid/EPSILON_ws/install/common/include/common/solver/ooqp_interface.h
[3.801s] -- Up-to-date: /home/bigdavid/EPSILON_ws/install/common/include/common/solver/qp_solver.h
[3.801s] -- Up-to-date: /home/bigdavid/EPSILON_ws/install/common/include/common/rss
[3.801s] -- Up-to-date: /home/bigdavid/EPSILON_ws/install/common/include/common/rss/rss_checker.h
[3.802s] -- Up-to-date: /home/bigdavid/EPSILON_ws/install/common/include/common/primitive
[3.802s] -- Up-to-date: /home/bigdavid/EPSILON_ws/install/common/include/common/primitive/frenet_primitive.h
[3.802s] -- Up-to-date: /home/bigdavid/EPSILON_ws/install/common/include/common/trajectory
[3.802s] -- Up-to-date: /home/bigdavid/EPSILON_ws/install/common/include/common/trajectory/frenet_traj.h
[3.802s] -- Up-to-date: /home/bigdavid/EPSILON_ws/install/common/include/common/trajectory/frenet_primitive_traj.h
[3.802s] -- Up-to-date: /home/bigdavid/EPSILON_ws/install/common/include/common/trajectory/frenet_bezier_traj.h
[3.802s] -- Up-to-date: /home/bigdavid/EPSILON_ws/install/common/include/common/trajectory/trajectory.h
[3.802s] -- Up-to-date: /home/bigdavid/EPSILON_ws/install/common/include/common/circle_arc
[3.802s] -- Up-to-date: /home/bigdavid/EPSILON_ws/install/common/include/common/circle_arc/circle_arc.h
[3.802s] -- Up-to-date: /home/bigdavid/EPSILON_ws/install/common/include/common/circle_arc/circle_arc_branch.h
[3.802s] -- Up-to-date: /home/bigdavid/EPSILON_ws/install/common/include/common/lane
[3.802s] -- Up-to-date: /home/bigdavid/EPSILON_ws/install/common/include/common/lane/lane_generator.h
[3.803s] -- Up-to-date: /home/bigdavid/EPSILON_ws/install/common/include/common/lane/lane.h
[3.803s] -- Up-to-date: /home/bigdavid/EPSILON_ws/install/common/include/common/idm
[3.803s] -- Up-to-date: /home/bigdavid/EPSILON_ws/install/common/include/common/idm/intelligent_driver_model.h
[3.803s] -- Up-to-date: /home/bigdavid/EPSILON_ws/install/common/include/common/math
[3.803s] -- Up-to-date: /home/bigdavid/EPSILON_ws/install/common/include/common/math/poly_roots.h
[3.803s] -- Up-to-date: /home/bigdavid/EPSILON_ws/install/common/include/common/math/calculations.h
[3.803s] -- Up-to-date: /home/bigdavid/EPSILON_ws/install/common/include/common/visualization
[3.803s] -- Up-to-date: /home/bigdavid/EPSILON_ws/install/common/include/common/visualization/common_visualization_util.h
[3.803s] -- Up-to-date: /home/bigdavid/EPSILON_ws/install/common/include/common/basics
[3.803s] -- Up-to-date: /home/bigdavid/EPSILON_ws/install/common/include/common/basics/shapes.h
[3.803s] -- Up-to-date: /home/bigdavid/EPSILON_ws/install/common/include/common/basics/thread_pool.h
[3.803s] -- Up-to-date: /home/bigdavid/EPSILON_ws/install/common/include/common/basics/macros.h
[3.803s] -- Up-to-date: /home/bigdavid/EPSILON_ws/install/common/include/common/basics/tool_func.h
[3.803s] -- Up-to-date: /home/bigdavid/EPSILON_ws/install/common/include/common/basics/config.h
[3.803s] -- Up-to-date: /home/bigdavid/EPSILON_ws/install/common/include/common/basics/colormap.h
[3.803s] -- Installing: /home/bigdavid/EPSILON_ws/install/common/include/common/basics/semantics.h
[3.803s] -- Up-to-date: /home/bigdavid/EPSILON_ws/install/common/include/common/basics/tic_toc.h
[3.803s] -- Up-to-date: /home/bigdavid/EPSILON_ws/install/common/include/common/basics/basics.h
[3.803s] -- Up-to-date: /home/bigdavid/EPSILON_ws/install/common/include/common/spline
[3.803s] -- Up-to-date: /home/bigdavid/EPSILON_ws/install/common/include/common/spline/spline_generator.h
[3.803s] -- Up-to-date: /home/bigdavid/EPSILON_ws/install/common/include/common/spline/lookup_table.h
[3.804s] -- Up-to-date: /home/bigdavid/EPSILON_ws/install/common/include/common/spline/spline.h
[3.804s] -- Up-to-date: /home/bigdavid/EPSILON_ws/install/common/include/common/spline/polynomial.h
[3.804s] -- Up-to-date: /home/bigdavid/EPSILON_ws/install/common/include/common/spline/bezier.h
[3.804s] -- Up-to-date: /home/bigdavid/EPSILON_ws/install/common/include/common/mobil
[3.804s] -- Up-to-date: /home/bigdavid/EPSILON_ws/install/common/include/common/mobil/mobil_behavior_prediction.h
[3.804s] -- Up-to-date: /home/bigdavid/EPSILON_ws/install/common/include/common/mobil/mobil_model.h
[3.804s] -- Up-to-date: /home/bigdavid/EPSILON_ws/install/common/include/common/interface
[3.804s] -- Up-to-date: /home/bigdavid/EPSILON_ws/install/common/include/common/interface/planner.h
[3.804s] -- Installing: /home/bigdavid/EPSILON_ws/install/common/lib/libhkust_pl_common.a
[3.804s] -- Up-to-date: /home/bigdavid/EPSILON_ws/install/common/lib/libhkust_pl_ooqp_itf.a
[3.804s] -- Up-to-date: /home/bigdavid/EPSILON_ws/install/common/share/common/cmake/hkust_pl_export.cmake
[3.804s] -- Up-to-date: /home/bigdavid/EPSILON_ws/install/common/share/common/cmake/hkust_pl_export-release.cmake
[3.804s] -- Up-to-date: /home/bigdavid/EPSILON_ws/install/common/share/common/materials
[3.804s] -- Up-to-date: /home/bigdavid/EPSILON_ws/install/common/share/common/materials/lexus.jpg
[3.804s] -- Up-to-date: /home/bigdavid/EPSILON_ws/install/common/share/common/materials/hexagon_sign.dae
[3.804s] -- Up-to-date: /home/bigdavid/EPSILON_ws/install/common/share/common/materials/bmw_x5.dae
[3.804s] -- Up-to-date: /home/bigdavid/EPSILON_ws/install/common/share/common/materials/traffic_cone.dae
[3.804s] -- Up-to-date: /home/bigdavid/EPSILON_ws/install/common/share/common/materials/lexus.dae
[3.804s] -- Up-to-date: /home/bigdavid/EPSILON_ws/install/common/share/ament_index/resource_index/package_run_dependencies/common
[3.804s] -- Up-to-date: /home/bigdavid/EPSILON_ws/install/common/share/ament_index/resource_index/parent_prefix_path/common
[3.804s] -- Up-to-date: /home/bigdavid/EPSILON_ws/install/common/share/common/environment/ament_prefix_path.sh
[3.804s] -- Up-to-date: /home/bigdavid/EPSILON_ws/install/common/share/common/environment/ament_prefix_path.dsv
[3.804s] -- Up-to-date: /home/bigdavid/EPSILON_ws/install/common/share/common/environment/path.sh
[3.804s] -- Up-to-date: /home/bigdavid/EPSILON_ws/install/common/share/common/environment/path.dsv
[3.804s] -- Up-to-date: /home/bigdavid/EPSILON_ws/install/common/share/common/local_setup.bash
[3.804s] -- Up-to-date: /home/bigdavid/EPSILON_ws/install/common/share/common/local_setup.sh
[3.804s] -- Up-to-date: /home/bigdavid/EPSILON_ws/install/common/share/common/local_setup.zsh
[3.804s] -- Up-to-date: /home/bigdavid/EPSILON_ws/install/common/share/common/local_setup.dsv
[3.804s] -- Installing: /home/bigdavid/EPSILON_ws/install/common/share/common/package.dsv
[3.805s] -- Up-to-date: /home/bigdavid/EPSILON_ws/install/common/share/ament_index/resource_index/packages/common
[3.805s] -- Up-to-date: /home/bigdavid/EPSILON_ws/install/common/share/common/cmake/ament_cmake_export_libraries-extras.cmake
[3.805s] -- Up-to-date: /home/bigdavid/EPSILON_ws/install/common/share/common/cmake/ament_cmake_export_dependencies-extras.cmake
[3.805s] -- Up-to-date: /home/bigdavid/EPSILON_ws/install/common/share/common/cmake/ament_cmake_export_include_directories-extras.cmake
[3.805s] -- Up-to-date: /home/bigdavid/EPSILON_ws/install/common/share/common/cmake/commonConfig.cmake
[3.805s] -- Up-to-date: /home/bigdavid/EPSILON_ws/install/common/share/common/cmake/commonConfig-version.cmake
[3.805s] -- Up-to-date: /home/bigdavid/EPSILON_ws/install/common/share/common/package.xml
[3.806s] Invoked command in '/home/bigdavid/EPSILON_ws/build/common' returned '0': CMAKE_PREFIX_PATH=/opt/ros/humble /usr/bin/cmake --install /home/bigdavid/EPSILON_ws/build/common
