[0.022s] Invoking command in '/home/bigdavid/EPSILON_ws/build/ssc_planner': AMENT_PREFIX_PATH=/home/bigdavid/EPSILON_ws/install/semantic_map_manager:/home/bigdavid/EPSILON_ws/install/motion_predictor:/home/bigdavid/EPSILON_ws/install/forward_simulator:/home/bigdavid/EPSILON_ws/install/vehicle_msgs:/home/bigdavid/EPSILON_ws/install/vehicle_model:/home/bigdavid/EPSILON_ws/install/common:${AMENT_PREFIX_PATH} CMAKE_PREFIX_PATH=/home/bigdavid/EPSILON_ws/install/semantic_map_manager:/home/bigdavid/EPSILON_ws/install/motion_predictor:/home/bigdavid/EPSILON_ws/install/forward_simulator:/home/bigdavid/EPSILON_ws/install/vehicle_msgs:/home/bigdavid/EPSILON_ws/install/vehicle_model:/home/bigdavid/EPSILON_ws/install/common:/opt/ros/humble LD_LIBRARY_PATH=/home/bigdavid/EPSILON_ws/install/semantic_map_manager/lib:/home/bigdavid/EPSILON_ws/install/motion_predictor/lib:/home/bigdavid/EPSILON_ws/install/forward_simulator/lib:/home/bigdavid/EPSILON_ws/install/vehicle_msgs/lib:/home/bigdavid/EPSILON_ws/install/vehicle_model/lib:/home/bigdavid/EPSILON_ws/install/common/lib:/usr/local/lib:/usr/lib/x86_64-linux-gnu/gazebo-11/plugins:/opt/ros/humble/opt/rviz_ogre_vendor/lib:/opt/ros/humble/lib/x86_64-linux-gnu:/opt/ros/humble/lib:/usr/local/cuda/lib64 PYTHONPATH=/home/bigdavid/EPSILON_ws/install/vehicle_msgs/local/lib/python3.10/dist-packages:${PYTHONPATH} /usr/bin/cmake --build /home/bigdavid/EPSILON_ws/build/ssc_planner -- -j32 -l32
[0.066s] [35m[1mConsolidate compiler generated dependencies of target hkust_pl_ssc[0m
[0.084s] [ 11%] [32mBuilding CXX object CMakeFiles/hkust_pl_ssc.dir/src/ssc_planner/ssc_planner.cc.o[0m
[0.087s] [ 22%] [32mBuilding CXX object CMakeFiles/hkust_pl_ssc.dir/src/ssc_planner/ssc_map.cc.o[0m
[0.088s] [ 33%] [32mBuilding CXX object CMakeFiles/hkust_pl_ssc.dir/src/ssc_planner/map_adapter.cc.o[0m
[5.094s] In file included from [01m[K/home/bigdavid/EPSILON_ws/src/EPSILON_ROS2/util/ssc_planner/include/ssc_planner/ssc_map.h:26[m[K,
[5.095s]                  from [01m[K/home/bigdavid/EPSILON_ws/src/EPSILON_ROS2/util/ssc_planner/src/ssc_planner/ssc_map.cc:10[m[K:
[5.095s] In copy constructor ‘[01m[Kcommon::DrivingCorridor::DrivingCorridor(const common::DrivingCorridor&)[m[K’,
[5.095s]     inlined from ‘[01m[Kvoid __gnu_cxx::new_allocator<_Tp>::construct(_Up*, _Args&& ...) [with _Up = common::DrivingCorridor; _Args = {const common::DrivingCorridor&}; _Tp = common::DrivingCorridor][m[K’ at [01m[K/usr/include/c++/11/ext/new_allocator.h:162:4[m[K,
[5.095s]     inlined from ‘[01m[Kstatic constexpr std::_Require<typename std::allocator_traits< <template-parameter-1-1> >::__construct_helper<_Tp, _Args>::type> std::allocator_traits< <template-parameter-1-1> >::_S_construct(_Alloc&, _Tp*, _Args&& ...) [with _Tp = common::DrivingCorridor; _Args = {const common::DrivingCorridor&}; _Alloc = Eigen::aligned_allocator<common::DrivingCorridor>][m[K’ at [01m[K/usr/include/c++/11/bits/alloc_traits.h:251:17[m[K,
[5.096s]     inlined from ‘[01m[Kstatic decltype (std::allocator_traits< <template-parameter-1-1> >::_S_construct(__a, __p, (forward<_Args>)(std::allocator_traits< <template-parameter-1-1> >::construct::__args)...)) std::allocator_traits< <template-parameter-1-1> >::construct(_Alloc&, _Tp*, _Args&& ...) [with _Tp = common::DrivingCorridor; _Args = {const common::DrivingCorridor&}; _Alloc = Eigen::aligned_allocator<common::DrivingCorridor>][m[K’ at [01m[K/usr/include/c++/11/bits/alloc_traits.h:364:16[m[K,
[5.096s]     inlined from ‘[01m[Kvoid std::vector<_Tp, _Alloc>::push_back(const value_type&) [with _Tp = common::DrivingCorridor; _Alloc = Eigen::aligned_allocator<common::DrivingCorridor>][m[K’ at [01m[K/usr/include/c++/11/bits/stl_vector.h:1192:30[m[K,
[5.096s]     inlined from ‘[01m[KErrorType planning::SscMap::ConstructCorridorUsingInitialTrajectory(planning::SscMap::GridMap3D*, vec_E<common::FsVehicle>&)[m[K’ at [01m[K/home/bigdavid/EPSILON_ws/src/EPSILON_ROS2/util/ssc_planner/src/ssc_planner/ssc_map.cc:152:36[m[K:
[5.096s] [01m[K/home/bigdavid/EPSILON_ws/install/common/include/common/basics/semantics.h:801:8:[m[K [01;35m[Kwarning: [m[K‘[01m[Kdriving_corridor.common::DrivingCorridor::id[m[K’ may be used uninitialized [[01;35m[K-Wmaybe-uninitialized[m[K]
[5.097s]   801 | struct [01;35m[KDrivingCorridor[m[K {
[5.097s]       |        [01;35m[K^~~~~~~~~~~~~~~[m[K
[5.097s] [01m[K/home/bigdavid/EPSILON_ws/src/EPSILON_ROS2/util/ssc_planner/src/ssc_planner/ssc_map.cc:[m[K In member function ‘[01m[KErrorType planning::SscMap::ConstructCorridorUsingInitialTrajectory(planning::SscMap::GridMap3D*, vec_E<common::FsVehicle>&)[m[K’:
[5.097s] [01m[K/home/bigdavid/EPSILON_ws/src/EPSILON_ROS2/util/ssc_planner/src/ssc_planner/ssc_map.cc:147:27:[m[K [01;36m[Knote: [m[K‘[01m[Kdriving_corridor[m[K’ declared here
[5.098s]   147 |   common::DrivingCorridor [01;36m[Kdriving_corridor[m[K;
[5.098s]       |                           [01;36m[K^~~~~~~~~~~~~~~~[m[K
[5.526s] [01m[K/home/bigdavid/EPSILON_ws/src/EPSILON_ROS2/util/ssc_planner/src/ssc_planner/ssc_planner.cc:[m[K In member function ‘[01m[KErrorType planning::SscPlanner::RunQpOptimization()[m[K’:
[5.527s] [01m[K/home/bigdavid/EPSILON_ws/src/EPSILON_ROS2/util/ssc_planner/src/ssc_planner/ssc_planner.cc:318:27:[m[K [01;35m[Kwarning: [m[Kcomparison of integer expressions of different signedness: ‘[01m[Kint[m[K’ and ‘[01m[Kstd::vector<double>::size_type[m[K’ {aka ‘[01m[Klong unsigned int[m[K’} [[01;35m[K-Wsign-compare[m[K]
[5.527s]   318 |         for (int k = 0; [01;35m[Kk < ref_stamps.size()[m[K; ++k) {
[5.527s]       |                         [01;35m[K~~^~~~~~~~~~~~~~~~~~~[m[K
[5.527s] [01m[K/home/bigdavid/EPSILON_ws/src/EPSILON_ROS2/util/ssc_planner/src/ssc_planner/ssc_planner.cc:324:27:[m[K [01;35m[Kwarning: [m[Kcomparison of integer expressions of different signedness: ‘[01m[Kint[m[K’ and ‘[01m[Kstd::vector<common::Vehicle, Eigen::aligned_allocator<common::Vehicle> >::size_type[m[K’ {aka ‘[01m[Klong unsigned int[m[K’} [[01;35m[K-Wsign-compare[m[K]
[5.528s]   324 |         for (int k = 0; [01;35m[Kk < forward_trajs_[i].size()[m[K; ++k) {
[5.528s]       |                         [01;35m[K~~^~~~~~~~~~~~~~~~~~~~~~~~~~[m[K
[5.528s] [01m[K/home/bigdavid/EPSILON_ws/src/EPSILON_ROS2/util/ssc_planner/src/ssc_planner/ssc_planner.cc:247:9:[m[K [01;35m[Kwarning: [m[Kunused variable ‘[01m[Kbeh[m[K’ [[01;35m[K-Wunused-variable[m[K]
[5.528s]   247 |     int [01;35m[Kbeh[m[K = static_cast<int>(forward_behaviors_[i]);
[5.529s]       |         [01;35m[K^~~[m[K
[5.529s] [01m[K/home/bigdavid/EPSILON_ws/src/EPSILON_ROS2/util/ssc_planner/src/ssc_planner/ssc_planner.cc:[m[K In member function ‘[01m[KErrorType planning::SscPlanner::StateTransformForInputData()[m[K’:
[5.529s] [01m[K/home/bigdavid/EPSILON_ws/src/EPSILON_ROS2/util/ssc_planner/src/ssc_planner/ssc_planner.cc:470:23:[m[K [01;35m[Kwarning: [m[Kcomparison of integer expressions of different signedness: ‘[01m[Kint[m[K’ and ‘[01m[Kstd::vector<std::unordered_map<int, std::vector<common::Vehicle, Eigen::aligned_allocator<common::Vehicle> > >, Eigen::aligned_allocator<std::unordered_map<int, std::vector<common::Vehicle, Eigen::aligned_allocator<common::Vehicle> > > > >::size_type[m[K’ {aka ‘[01m[Klong unsigned int[m[K’} [[01;35m[K-Wsign-compare[m[K]
[5.529s]   470 |     for (int i = 0; [01;35m[Ki < surround_forward_trajs_.size()[m[K; ++i) {
[5.530s]       |                     [01;35m[K~~^~~~~~~~~~~~~~~~~~~~~~~~~~~~~~~~[m[K
[5.530s] [01m[K/home/bigdavid/EPSILON_ws/src/EPSILON_ROS2/util/ssc_planner/src/ssc_planner/ssc_planner.cc:473:27:[m[K [01;35m[Kwarning: [m[Kcomparison of integer expressions of different signedness: ‘[01m[Kint[m[K’ and ‘[01m[Kstd::vector<common::Vehicle, Eigen::aligned_allocator<common::Vehicle> >::size_type[m[K’ {aka ‘[01m[Klong unsigned int[m[K’} [[01;35m[K-Wsign-compare[m[K]
[5.530s]   473 |         for (int k = 0; [01;35m[Kk < it->second.size()[m[K; ++k) {
[5.530s]       |                         [01;35m[K~~^~~~~~~~~~~~~~~~~~~[m[K
[5.531s] [01m[K/home/bigdavid/EPSILON_ws/src/EPSILON_ROS2/util/ssc_planner/src/ssc_planner/ssc_planner.cc:549:23:[m[K [01;35m[Kwarning: [m[Kcomparison of integer expressions of different signedness: ‘[01m[Kint[m[K’ and ‘[01m[Kstd::vector<std::unordered_map<int, std::vector<common::Vehicle, Eigen::aligned_allocator<common::Vehicle> > >, Eigen::aligned_allocator<std::unordered_map<int, std::vector<common::Vehicle, Eigen::aligned_allocator<common::Vehicle> > > > >::size_type[m[K’ {aka ‘[01m[Klong unsigned int[m[K’} [[01;35m[K-Wsign-compare[m[K]
[5.531s]   549 |     for (int j = 0; [01;35m[Kj < surround_forward_trajs_.size()[m[K; ++j) {
[5.531s]       |                     [01;35m[K~~^~~~~~~~~~~~~~~~~~~~~~~~~~~~~~~~[m[K
[5.531s] [01m[K/home/bigdavid/EPSILON_ws/src/EPSILON_ROS2/util/ssc_planner/src/ssc_planner/ssc_planner.cc:555:27:[m[K [01;35m[Kwarning: [m[Kcomparison of integer expressions of different signedness: ‘[01m[Kint[m[K’ and ‘[01m[Kstd::vector<common::Vehicle, Eigen::aligned_allocator<common::Vehicle> >::size_type[m[K’ {aka ‘[01m[Klong unsigned int[m[K’} [[01;35m[K-Wsign-compare[m[K]
[5.532s]   555 |         for (int k = 0; [01;35m[Kk < it->second.size()[m[K; ++k) {
[5.532s]       |                         [01;35m[K~~^~~~~~~~~~~~~~~~~~~[m[K
[5.532s] In file included from [01m[K/home/bigdavid/EPSILON_ws/install/common/include/common/spline/spline_generator.h:17[m[K,
[5.532s]                  from [01m[K/home/bigdavid/EPSILON_ws/src/EPSILON_ROS2/util/ssc_planner/include/ssc_planner/ssc_planner.h:21[m[K,
[5.533s]                  from [01m[K/home/bigdavid/EPSILON_ws/src/EPSILON_ROS2/util/ssc_planner/src/ssc_planner/ssc_planner.cc:9[m[K:
[5.533s] [01m[K/home/bigdavid/EPSILON_ws/src/EPSILON_ROS2/core/common/thirdparty/tk_spline/spline.h:[m[K At global scope:
[5.533s] [01m[K/home/bigdavid/EPSILON_ws/src/EPSILON_ROS2/core/common/thirdparty/tk_spline/spline.h:371:8:[m[K [01;35m[Kwarning: [m[K‘[01m[Kdouble {anonymous}::tk::spline::get_coeff(int, int) const[m[K’ defined but not used [[01;35m[K-Wunused-function[m[K]
[5.533s]   371 | double [01;35m[Kspline[m[K::get_coeff(int n, int j) const {
[5.534s]       |        [01;35m[K^~~~~~[m[K
[5.534s] [01m[K/home/bigdavid/EPSILON_ws/src/EPSILON_ROS2/core/common/thirdparty/tk_spline/spline.h:369:5:[m[K [01;35m[Kwarning: [m[K‘[01m[Kint {anonymous}::tk::spline::num_pts() const[m[K’ defined but not used [[01;35m[K-Wunused-function[m[K]
[5.534s]   369 | int [01;35m[Kspline[m[K::num_pts() const { return m_a.size(); }
[5.534s]       |     [01;35m[K^~~~~~[m[K
[5.535s] [01m[K/home/bigdavid/EPSILON_ws/src/EPSILON_ROS2/core/common/thirdparty/tk_spline/spline.h:347:8:[m[K [01;35m[Kwarning: [m[K‘[01m[Kdouble {anonymous}::tk::spline::operator()(double) const[m[K’ defined but not used [[01;35m[K-Wunused-function[m[K]
[5.535s]   347 | double [01;35m[Kspline[m[K::operator()(double x) const {
[5.535s]       |        [01;35m[K^~~~~~[m[K
[5.535s] [01m[K/home/bigdavid/EPSILON_ws/src/EPSILON_ROS2/core/common/thirdparty/tk_spline/spline.h:255:6:[m[K [01;35m[Kwarning: [m[K‘[01m[Kvoid {anonymous}::tk::spline::set_points(const std::vector<double>&, const std::vector<double>&, bool)[m[K’ defined but not used [[01;35m[K-Wunused-function[m[K]
[5.536s]   255 | void [01;35m[Kspline[m[K::set_points(const std::vector<double>& x,
[5.536s]       |      [01;35m[K^~~~~~[m[K
[5.536s] [01m[K/home/bigdavid/EPSILON_ws/src/EPSILON_ROS2/core/common/thirdparty/tk_spline/spline.h:244:6:[m[K [01;35m[Kwarning: [m[K‘[01m[Kvoid {anonymous}::tk::spline::set_boundary({anonymous}::tk::spline::bd_type, double, {anonymous}::tk::spline::bd_type, double, bool)[m[K’ defined but not used [[01;35m[K-Wunused-function[m[K]
[5.536s]   244 | void [01;35m[Kspline[m[K::set_boundary(spline::bd_type left, double left_value,
[5.537s]       |      [01;35m[K^~~~~~[m[K
[5.564s] [ 44%] [32m[1mLinking CXX static library libhkust_pl_ssc.a[0m
[5.664s] [ 66%] Built target hkust_pl_ssc
[5.708s] [35m[1mConsolidate compiler generated dependencies of target ssc_server_ros[0m
[5.765s] [ 88%] [32mBuilding CXX object CMakeFiles/ssc_server_ros.dir/src/ssc_planner/ssc_visualizer.cc.o[0m
[5.765s] [ 88%] [32mBuilding CXX object CMakeFiles/ssc_server_ros.dir/src/ssc_planner/ssc_server_ros.cc.o[0m
[15.121s] In file included from [01m[K/home/bigdavid/EPSILON_ws/install/common/include/common/spline/spline_generator.h:17[m[K,
[15.121s]                  from [01m[K/home/bigdavid/EPSILON_ws/src/EPSILON_ROS2/util/ssc_planner/include/ssc_planner/ssc_planner.h:21[m[K,
[15.121s]                  from [01m[K/home/bigdavid/EPSILON_ws/src/EPSILON_ROS2/util/ssc_planner/include/ssc_planner/ssc_visualizer.h:17[m[K,
[15.121s]                  from [01m[K/home/bigdavid/EPSILON_ws/src/EPSILON_ROS2/util/ssc_planner/src/ssc_planner/ssc_visualizer.cc:1[m[K:
[15.122s] [01m[K/home/bigdavid/EPSILON_ws/src/EPSILON_ROS2/core/common/thirdparty/tk_spline/spline.h:371:8:[m[K [01;35m[Kwarning: [m[K‘[01m[Kdouble {anonymous}::tk::spline::get_coeff(int, int) const[m[K’ defined but not used [[01;35m[K-Wunused-function[m[K]
[15.122s]   371 | double [01;35m[Kspline[m[K::get_coeff(int n, int j) const {
[15.122s]       |        [01;35m[K^~~~~~[m[K
[15.122s] [01m[K/home/bigdavid/EPSILON_ws/src/EPSILON_ROS2/core/common/thirdparty/tk_spline/spline.h:369:5:[m[K [01;35m[Kwarning: [m[K‘[01m[Kint {anonymous}::tk::spline::num_pts() const[m[K’ defined but not used [[01;35m[K-Wunused-function[m[K]
[15.122s]   369 | int [01;35m[Kspline[m[K::num_pts() const { return m_a.size(); }
[15.122s]       |     [01;35m[K^~~~~~[m[K
[15.122s] [01m[K/home/bigdavid/EPSILON_ws/src/EPSILON_ROS2/core/common/thirdparty/tk_spline/spline.h:347:8:[m[K [01;35m[Kwarning: [m[K‘[01m[Kdouble {anonymous}::tk::spline::operator()(double) const[m[K’ defined but not used [[01;35m[K-Wunused-function[m[K]
[15.122s]   347 | double [01;35m[Kspline[m[K::operator()(double x) const {
[15.122s]       |        [01;35m[K^~~~~~[m[K
[15.122s] [01m[K/home/bigdavid/EPSILON_ws/src/EPSILON_ROS2/core/common/thirdparty/tk_spline/spline.h:255:6:[m[K [01;35m[Kwarning: [m[K‘[01m[Kvoid {anonymous}::tk::spline::set_points(const std::vector<double, std::allocator<double> >&, const std::vector<double, std::allocator<double> >&, bool)[m[K’ defined but not used [[01;35m[K-Wunused-function[m[K]
[15.123s]   255 | void [01;35m[Kspline[m[K::set_points(const std::vector<double>& x,
[15.123s]       |      [01;35m[K^~~~~~[m[K
[15.123s] [01m[K/home/bigdavid/EPSILON_ws/src/EPSILON_ROS2/core/common/thirdparty/tk_spline/spline.h:244:6:[m[K [01;35m[Kwarning: [m[K‘[01m[Kvoid {anonymous}::tk::spline::set_boundary({anonymous}::tk::spline::bd_type, double, {anonymous}::tk::spline::bd_type, double, bool)[m[K’ defined but not used [[01;35m[K-Wunused-function[m[K]
[15.123s]   244 | void [01;35m[Kspline[m[K::set_boundary(spline::bd_type left, double left_value,
[15.123s]       |      [01;35m[K^~~~~~[m[K
[19.254s] [01m[K/home/bigdavid/EPSILON_ws/src/EPSILON_ROS2/util/ssc_planner/src/ssc_planner/ssc_server_ros.cc:[m[K In member function ‘[01m[KErrorType planning::SscPlannerServer::FilterSingularityState(vec_E<common::State>&, common::State*)[m[K’:
[19.254s] [01m[K/home/bigdavid/EPSILON_ws/src/EPSILON_ROS2/util/ssc_planner/src/ssc_planner/ssc_server_ros.cc:104:13:[m[K [01;35m[Kwarning: [m[Kunused variable ‘[01m[Kwheel_base[m[K’ [[01;35m[K-Wunused-variable[m[K]
[19.254s]   104 |   decimal_t [01;35m[Kwheel_base[m[K = 2.85;
[19.254s]       |             [01;35m[K^~~~~~~~~~[m[K
[19.254s] In file included from [01m[K/home/bigdavid/EPSILON_ws/install/common/include/common/spline/spline_generator.h:17[m[K,
[19.254s]                  from [01m[K/home/bigdavid/EPSILON_ws/src/EPSILON_ROS2/util/ssc_planner/include/ssc_planner/ssc_planner.h:21[m[K,
[19.254s]                  from [01m[K/home/bigdavid/EPSILON_ws/src/EPSILON_ROS2/util/ssc_planner/include/ssc_planner/ssc_server_ros.h:21[m[K,
[19.254s]                  from [01m[K/home/bigdavid/EPSILON_ws/src/EPSILON_ROS2/util/ssc_planner/src/ssc_planner/ssc_server_ros.cc:1[m[K:
[19.254s] [01m[K/home/bigdavid/EPSILON_ws/src/EPSILON_ROS2/core/common/thirdparty/tk_spline/spline.h:[m[K At global scope:
[19.254s] [01m[K/home/bigdavid/EPSILON_ws/src/EPSILON_ROS2/core/common/thirdparty/tk_spline/spline.h:371:8:[m[K [01;35m[Kwarning: [m[K‘[01m[Kdouble {anonymous}::tk::spline::get_coeff(int, int) const[m[K’ defined but not used [[01;35m[K-Wunused-function[m[K]
[19.254s]   371 | double [01;35m[Kspline[m[K::get_coeff(int n, int j) const {
[19.255s]       |        [01;35m[K^~~~~~[m[K
[19.255s] [01m[K/home/bigdavid/EPSILON_ws/src/EPSILON_ROS2/core/common/thirdparty/tk_spline/spline.h:369:5:[m[K [01;35m[Kwarning: [m[K‘[01m[Kint {anonymous}::tk::spline::num_pts() const[m[K’ defined but not used [[01;35m[K-Wunused-function[m[K]
[19.255s]   369 | int [01;35m[Kspline[m[K::num_pts() const { return m_a.size(); }
[19.255s]       |     [01;35m[K^~~~~~[m[K
[19.255s] [01m[K/home/bigdavid/EPSILON_ws/src/EPSILON_ROS2/core/common/thirdparty/tk_spline/spline.h:347:8:[m[K [01;35m[Kwarning: [m[K‘[01m[Kdouble {anonymous}::tk::spline::operator()(double) const[m[K’ defined but not used [[01;35m[K-Wunused-function[m[K]
[19.255s]   347 | double [01;35m[Kspline[m[K::operator()(double x) const {
[19.255s]       |        [01;35m[K^~~~~~[m[K
[19.255s] [01m[K/home/bigdavid/EPSILON_ws/src/EPSILON_ROS2/core/common/thirdparty/tk_spline/spline.h:255:6:[m[K [01;35m[Kwarning: [m[K‘[01m[Kvoid {anonymous}::tk::spline::set_points(const std::vector<double>&, const std::vector<double>&, bool)[m[K’ defined but not used [[01;35m[K-Wunused-function[m[K]
[19.255s]   255 | void [01;35m[Kspline[m[K::set_points(const std::vector<double>& x,
[19.255s]       |      [01;35m[K^~~~~~[m[K
[19.255s] [01m[K/home/bigdavid/EPSILON_ws/src/EPSILON_ROS2/core/common/thirdparty/tk_spline/spline.h:244:6:[m[K [01;35m[Kwarning: [m[K‘[01m[Kvoid {anonymous}::tk::spline::set_boundary({anonymous}::tk::spline::bd_type, double, {anonymous}::tk::spline::bd_type, double, bool)[m[K’ defined but not used [[01;35m[K-Wunused-function[m[K]
[19.255s]   244 | void [01;35m[Kspline[m[K::set_boundary(spline::bd_type left, double left_value,
[19.255s]       |      [01;35m[K^~~~~~[m[K
[19.276s] [100%] [32m[1mLinking CXX static library libssc_server_ros.a[0m
[19.323s] [100%] Built target ssc_server_ros
[19.336s] Invoked command in '/home/bigdavid/EPSILON_ws/build/ssc_planner' returned '0': AMENT_PREFIX_PATH=/home/bigdavid/EPSILON_ws/install/semantic_map_manager:/home/bigdavid/EPSILON_ws/install/motion_predictor:/home/bigdavid/EPSILON_ws/install/forward_simulator:/home/bigdavid/EPSILON_ws/install/vehicle_msgs:/home/bigdavid/EPSILON_ws/install/vehicle_model:/home/bigdavid/EPSILON_ws/install/common:${AMENT_PREFIX_PATH} CMAKE_PREFIX_PATH=/home/bigdavid/EPSILON_ws/install/semantic_map_manager:/home/bigdavid/EPSILON_ws/install/motion_predictor:/home/bigdavid/EPSILON_ws/install/forward_simulator:/home/bigdavid/EPSILON_ws/install/vehicle_msgs:/home/bigdavid/EPSILON_ws/install/vehicle_model:/home/bigdavid/EPSILON_ws/install/common:/opt/ros/humble LD_LIBRARY_PATH=/home/bigdavid/EPSILON_ws/install/semantic_map_manager/lib:/home/bigdavid/EPSILON_ws/install/motion_predictor/lib:/home/bigdavid/EPSILON_ws/install/forward_simulator/lib:/home/bigdavid/EPSILON_ws/install/vehicle_msgs/lib:/home/bigdavid/EPSILON_ws/install/vehicle_model/lib:/home/bigdavid/EPSILON_ws/install/common/lib:/usr/local/lib:/usr/lib/x86_64-linux-gnu/gazebo-11/plugins:/opt/ros/humble/opt/rviz_ogre_vendor/lib:/opt/ros/humble/lib/x86_64-linux-gnu:/opt/ros/humble/lib:/usr/local/cuda/lib64 PYTHONPATH=/home/bigdavid/EPSILON_ws/install/vehicle_msgs/local/lib/python3.10/dist-packages:${PYTHONPATH} /usr/bin/cmake --build /home/bigdavid/EPSILON_ws/build/ssc_planner -- -j32 -l32
[19.338s] Invoking command in '/home/bigdavid/EPSILON_ws/build/ssc_planner': AMENT_PREFIX_PATH=/home/bigdavid/EPSILON_ws/install/semantic_map_manager:/home/bigdavid/EPSILON_ws/install/motion_predictor:/home/bigdavid/EPSILON_ws/install/forward_simulator:/home/bigdavid/EPSILON_ws/install/vehicle_msgs:/home/bigdavid/EPSILON_ws/install/vehicle_model:/home/bigdavid/EPSILON_ws/install/common:${AMENT_PREFIX_PATH} CMAKE_PREFIX_PATH=/home/bigdavid/EPSILON_ws/install/semantic_map_manager:/home/bigdavid/EPSILON_ws/install/motion_predictor:/home/bigdavid/EPSILON_ws/install/forward_simulator:/home/bigdavid/EPSILON_ws/install/vehicle_msgs:/home/bigdavid/EPSILON_ws/install/vehicle_model:/home/bigdavid/EPSILON_ws/install/common:/opt/ros/humble LD_LIBRARY_PATH=/home/bigdavid/EPSILON_ws/install/semantic_map_manager/lib:/home/bigdavid/EPSILON_ws/install/motion_predictor/lib:/home/bigdavid/EPSILON_ws/install/forward_simulator/lib:/home/bigdavid/EPSILON_ws/install/vehicle_msgs/lib:/home/bigdavid/EPSILON_ws/install/vehicle_model/lib:/home/bigdavid/EPSILON_ws/install/common/lib:/usr/local/lib:/usr/lib/x86_64-linux-gnu/gazebo-11/plugins:/opt/ros/humble/opt/rviz_ogre_vendor/lib:/opt/ros/humble/lib/x86_64-linux-gnu:/opt/ros/humble/lib:/usr/local/cuda/lib64 PYTHONPATH=/home/bigdavid/EPSILON_ws/install/vehicle_msgs/local/lib/python3.10/dist-packages:${PYTHONPATH} /usr/bin/cmake --install /home/bigdavid/EPSILON_ws/build/ssc_planner
[19.347s] -- Install configuration: "Release"
[19.348s] -- Up-to-date: /home/bigdavid/EPSILON_ws/install/ssc_planner/share/ssc_planner/config
[19.348s] -- Up-to-date: /home/bigdavid/EPSILON_ws/install/ssc_planner/share/ssc_planner/config/ssc_config.pb.txt
[19.348s] -- Up-to-date: /home/bigdavid/EPSILON_ws/install/ssc_planner/share/ssc_planner/environment/library_path.sh
[19.348s] -- Up-to-date: /home/bigdavid/EPSILON_ws/install/ssc_planner/share/ssc_planner/environment/library_path.dsv
[19.348s] -- Installing: /home/bigdavid/EPSILON_ws/install/ssc_planner/lib/libhkust_pl_ssc.a
[19.348s] -- Installing: /home/bigdavid/EPSILON_ws/install/ssc_planner/lib/libssc_server_ros.a
[19.349s] -- Up-to-date: /home/bigdavid/EPSILON_ws/install/ssc_planner/include
[19.349s] -- Up-to-date: /home/bigdavid/EPSILON_ws/install/ssc_planner/include/ssc_planner
[19.349s] -- Up-to-date: /home/bigdavid/EPSILON_ws/install/ssc_planner/include/ssc_planner/map_interface.h
[19.349s] -- Up-to-date: /home/bigdavid/EPSILON_ws/install/ssc_planner/include/ssc_planner/ssc_planner.h
[19.349s] -- Up-to-date: /home/bigdavid/EPSILON_ws/install/ssc_planner/include/ssc_planner/ssc_map.h
[19.349s] -- Up-to-date: /home/bigdavid/EPSILON_ws/install/ssc_planner/include/ssc_planner/ssc_server_ros.h
[19.349s] -- Up-to-date: /home/bigdavid/EPSILON_ws/install/ssc_planner/include/ssc_planner/map_adapter.h
[19.350s] -- Up-to-date: /home/bigdavid/EPSILON_ws/install/ssc_planner/include/ssc_planner/ssc_visualizer.h
[19.350s] -- Up-to-date: /home/bigdavid/EPSILON_ws/install/ssc_planner/share/ament_index/resource_index/package_run_dependencies/ssc_planner
[19.350s] -- Up-to-date: /home/bigdavid/EPSILON_ws/install/ssc_planner/share/ament_index/resource_index/parent_prefix_path/ssc_planner
[19.350s] -- Up-to-date: /home/bigdavid/EPSILON_ws/install/ssc_planner/share/ssc_planner/environment/ament_prefix_path.sh
[19.350s] -- Up-to-date: /home/bigdavid/EPSILON_ws/install/ssc_planner/share/ssc_planner/environment/ament_prefix_path.dsv
[19.350s] -- Up-to-date: /home/bigdavid/EPSILON_ws/install/ssc_planner/share/ssc_planner/environment/path.sh
[19.350s] -- Up-to-date: /home/bigdavid/EPSILON_ws/install/ssc_planner/share/ssc_planner/environment/path.dsv
[19.350s] -- Up-to-date: /home/bigdavid/EPSILON_ws/install/ssc_planner/share/ssc_planner/local_setup.bash
[19.350s] -- Up-to-date: /home/bigdavid/EPSILON_ws/install/ssc_planner/share/ssc_planner/local_setup.sh
[19.350s] -- Up-to-date: /home/bigdavid/EPSILON_ws/install/ssc_planner/share/ssc_planner/local_setup.zsh
[19.350s] -- Up-to-date: /home/bigdavid/EPSILON_ws/install/ssc_planner/share/ssc_planner/local_setup.dsv
[19.351s] -- Installing: /home/bigdavid/EPSILON_ws/install/ssc_planner/share/ssc_planner/package.dsv
[19.351s] -- Up-to-date: /home/bigdavid/EPSILON_ws/install/ssc_planner/share/ament_index/resource_index/packages/ssc_planner
[19.351s] -- Up-to-date: /home/bigdavid/EPSILON_ws/install/ssc_planner/share/ssc_planner/cmake/ament_cmake_export_dependencies-extras.cmake
[19.351s] -- Up-to-date: /home/bigdavid/EPSILON_ws/install/ssc_planner/share/ssc_planner/cmake/ament_cmake_export_include_directories-extras.cmake
[19.351s] -- Up-to-date: /home/bigdavid/EPSILON_ws/install/ssc_planner/share/ssc_planner/cmake/ament_cmake_export_libraries-extras.cmake
[19.351s] -- Up-to-date: /home/bigdavid/EPSILON_ws/install/ssc_planner/share/ssc_planner/cmake/ssc_plannerConfig.cmake
[19.351s] -- Up-to-date: /home/bigdavid/EPSILON_ws/install/ssc_planner/share/ssc_planner/cmake/ssc_plannerConfig-version.cmake
[19.352s] -- Up-to-date: /home/bigdavid/EPSILON_ws/install/ssc_planner/share/ssc_planner/package.xml
[19.353s] Invoked command in '/home/bigdavid/EPSILON_ws/build/ssc_planner' returned '0': AMENT_PREFIX_PATH=/home/bigdavid/EPSILON_ws/install/semantic_map_manager:/home/bigdavid/EPSILON_ws/install/motion_predictor:/home/bigdavid/EPSILON_ws/install/forward_simulator:/home/bigdavid/EPSILON_ws/install/vehicle_msgs:/home/bigdavid/EPSILON_ws/install/vehicle_model:/home/bigdavid/EPSILON_ws/install/common:${AMENT_PREFIX_PATH} CMAKE_PREFIX_PATH=/home/bigdavid/EPSILON_ws/install/semantic_map_manager:/home/bigdavid/EPSILON_ws/install/motion_predictor:/home/bigdavid/EPSILON_ws/install/forward_simulator:/home/bigdavid/EPSILON_ws/install/vehicle_msgs:/home/bigdavid/EPSILON_ws/install/vehicle_model:/home/bigdavid/EPSILON_ws/install/common:/opt/ros/humble LD_LIBRARY_PATH=/home/bigdavid/EPSILON_ws/install/semantic_map_manager/lib:/home/bigdavid/EPSILON_ws/install/motion_predictor/lib:/home/bigdavid/EPSILON_ws/install/forward_simulator/lib:/home/bigdavid/EPSILON_ws/install/vehicle_msgs/lib:/home/bigdavid/EPSILON_ws/install/vehicle_model/lib:/home/bigdavid/EPSILON_ws/install/common/lib:/usr/local/lib:/usr/lib/x86_64-linux-gnu/gazebo-11/plugins:/opt/ros/humble/opt/rviz_ogre_vendor/lib:/opt/ros/humble/lib/x86_64-linux-gnu:/opt/ros/humble/lib:/usr/local/cuda/lib64 PYTHONPATH=/home/bigdavid/EPSILON_ws/install/vehicle_msgs/local/lib/python3.10/dist-packages:${PYTHONPATH} /usr/bin/cmake --install /home/bigdavid/EPSILON_ws/build/ssc_planner
