[0.025s] Invoking command in '/home/bigdavid/EPSILON_ws/build/planning_integrated': AMENT_PREFIX_PATH=/home/bigdavid/EPSILON_ws/install/eudm_planner:/home/bigdavid/EPSILON_ws/install/behavior_planner:/home/bigdavid/EPSILON_ws/install/ssc_planner:/home/bigdavid/EPSILON_ws/install/route_planner:/home/bigdavid/EPSILON_ws/install/semantic_map_manager:/home/bigdavid/EPSILON_ws/install/motion_predictor:/home/bigdavid/EPSILON_ws/install/forward_simulator:/home/bigdavid/EPSILON_ws/install/vehicle_msgs:/home/bigdavid/EPSILON_ws/install/vehicle_model:/home/bigdavid/EPSILON_ws/install/common:${AMENT_PREFIX_PATH} CMAKE_PREFIX_PATH=/home/bigdavid/EPSILON_ws/install/eudm_planner:/home/bigdavid/EPSILON_ws/install/behavior_planner:/home/bigdavid/EPSILON_ws/install/ssc_planner:/home/bigdavid/EPSILON_ws/install/route_planner:/home/bigdavid/EPSILON_ws/install/semantic_map_manager:/home/bigdavid/EPSILON_ws/install/motion_predictor:/home/bigdavid/EPSILON_ws/install/forward_simulator:/home/bigdavid/EPSILON_ws/install/vehicle_msgs:/home/bigdavid/EPSILON_ws/install/vehicle_model:/home/bigdavid/EPSILON_ws/install/common:/opt/ros/humble LD_LIBRARY_PATH=/home/bigdavid/EPSILON_ws/install/eudm_planner/lib:/home/bigdavid/EPSILON_ws/install/behavior_planner/lib:/home/bigdavid/EPSILON_ws/install/ssc_planner/lib:/home/bigdavid/EPSILON_ws/install/route_planner/lib:/home/bigdavid/EPSILON_ws/install/semantic_map_manager/lib:/home/bigdavid/EPSILON_ws/install/motion_predictor/lib:/home/bigdavid/EPSILON_ws/install/forward_simulator/lib:/home/bigdavid/EPSILON_ws/install/vehicle_msgs/lib:/home/bigdavid/EPSILON_ws/install/vehicle_model/lib:/home/bigdavid/EPSILON_ws/install/common/lib:/usr/local/lib:/usr/lib/x86_64-linux-gnu/gazebo-11/plugins:/opt/ros/humble/opt/rviz_ogre_vendor/lib:/opt/ros/humble/lib/x86_64-linux-gnu:/opt/ros/humble/lib:/usr/local/cuda/lib64 PYTHONPATH=/home/bigdavid/EPSILON_ws/install/vehicle_msgs/local/lib/python3.10/dist-packages:${PYTHONPATH} /usr/bin/cmake /home/bigdavid/EPSILON_ws/src/EPSILON_ROS2/app/planning_integrated -DCMAKE_INSTALL_PREFIX=/home/bigdavid/EPSILON_ws/install/planning_integrated
[0.069s] -- The C compiler identification is GNU 11.4.0
[0.119s] -- The CXX compiler identification is GNU 11.4.0
[0.126s] -- Detecting C compiler ABI info
[0.172s] -- Detecting C compiler ABI info - done
[0.178s] -- Check for working C compiler: /usr/lib/ccache/gcc - skipped
[0.178s] -- Detecting C compile features
[0.178s] -- Detecting C compile features - done
[0.180s] -- Detecting CXX compiler ABI info
[0.231s] -- Detecting CXX compiler ABI info - done
[0.236s] -- Check for working CXX compiler: /usr/lib/ccache/g++ - skipped
[0.236s] -- Detecting CXX compile features
[0.236s] -- Detecting CXX compile features - done
[0.239s] -- Found ament_cmake: 1.3.12 (/opt/ros/humble/share/ament_cmake/cmake)
[0.356s] -- Found Python3: /usr/bin/python3 (found version "3.10.12") found components: Interpreter 
[0.425s] -- Found rclcpp: 16.0.15 (/opt/ros/humble/share/rclcpp/cmake)
[0.459s] -- Found rosidl_generator_c: 3.1.6 (/opt/ros/humble/share/rosidl_generator_c/cmake)
[0.463s] -- Found rosidl_adapter: 3.1.6 (/opt/ros/humble/share/rosidl_adapter/cmake)
[0.470s] -- Found rosidl_generator_cpp: 3.1.6 (/opt/ros/humble/share/rosidl_generator_cpp/cmake)
[0.479s] -- Using all available rosidl_typesupport_c: rosidl_typesupport_fastrtps_c;rosidl_typesupport_introspection_c
[0.491s] -- Using all available rosidl_typesupport_cpp: rosidl_typesupport_fastrtps_cpp;rosidl_typesupport_introspection_cpp
[0.525s] -- Found rmw_implementation_cmake: 6.1.2 (/opt/ros/humble/share/rmw_implementation_cmake/cmake)
[0.527s] -- Found rmw_cyclonedds_cpp: 1.3.4 (/opt/ros/humble/share/rmw_cyclonedds_cpp/cmake)
[0.543s] -- Using RMW implementation 'rmw_cyclonedds_cpp' as default
[0.550s] -- Looking for pthread.h
[0.596s] -- Looking for pthread.h - found
[0.596s] -- Performing Test CMAKE_HAVE_LIBC_PTHREAD
[0.645s] -- Performing Test CMAKE_HAVE_LIBC_PTHREAD - Success
[0.645s] -- Found Threads: TRUE  
[0.682s] -- Found visualization_msgs: 4.9.0 (/opt/ros/humble/share/visualization_msgs/cmake)
[0.717s] -- Found message_filters: 4.3.7 (/opt/ros/humble/share/message_filters/cmake)
[0.720s] -- Found common: 0.0.0 (/home/bigdavid/EPSILON_ws/install/common/share/common/cmake)
[0.828s] -- Found eigen3_cmake_module: 0.1.1 (/opt/ros/humble/share/eigen3_cmake_module/cmake)
[0.829s] -- Found Eigen3: TRUE (found version "3.4.0") 
[0.829s] -- Ensuring Eigen3 include directory is part of orocos-kdl CMake target
[0.832s] [33mCMake Warning at /home/bigdavid/EPSILON_ws/install/common/share/common/cmake/ament_cmake_export_include_directories-extras.cmake:11 (message):
[0.832s]   Package 'common' exports the include directory
[0.832s]   '/home/bigdavid/EPSILON_ws/src/EPSILON_ROS2/core/common/thirdparty/OOQP/include'
[0.832s]   which doesn't exist
[0.832s] Call Stack (most recent call first):
[0.832s]   /home/bigdavid/EPSILON_ws/install/common/share/common/cmake/commonConfig.cmake:41 (include)
[0.832s]   CMakeLists.txt:18 (find_package)
[0.832s] 
[0.832s] [0m
[0.834s] -- Found semantic_map_manager: 0.0.0 (/home/bigdavid/EPSILON_ws/install/semantic_map_manager/share/semantic_map_manager/cmake)
[1.157s] [33mCMake Warning at /home/bigdavid/EPSILON_ws/install/vehicle_model/share/vehicle_model/cmake/ament_cmake_export_include_directories-extras.cmake:11 (message):
[1.157s]   Package 'vehicle_model' exports the include directory
[1.157s]   '/home/bigdavid/EPSILON_ws/src/EPSILON_ROS2/core/common/thirdparty/OOQP/include'
[1.157s]   which doesn't exist
[1.157s] Call Stack (most recent call first):
[1.157s]   /home/bigdavid/EPSILON_ws/install/vehicle_model/share/vehicle_model/cmake/vehicle_modelConfig.cmake:41 (include)
[1.157s]   /home/bigdavid/EPSILON_ws/install/motion_predictor/share/motion_predictor/cmake/ament_cmake_export_dependencies-extras.cmake:21 (find_package)
[1.157s]   /home/bigdavid/EPSILON_ws/install/motion_predictor/share/motion_predictor/cmake/motion_predictorConfig.cmake:41 (include)
[1.157s]   /home/bigdavid/EPSILON_ws/install/semantic_map_manager/share/semantic_map_manager/cmake/ament_cmake_export_dependencies-extras.cmake:21 (find_package)
[1.157s]   /home/bigdavid/EPSILON_ws/install/semantic_map_manager/share/semantic_map_manager/cmake/semantic_map_managerConfig.cmake:41 (include)
[1.157s]   CMakeLists.txt:19 (find_package)
[1.157s] 
[1.157s] [0m
[1.277s] [33mCMake Warning at /home/bigdavid/EPSILON_ws/install/forward_simulator/share/forward_simulator/cmake/ament_cmake_export_include_directories-extras.cmake:11 (message):
[1.277s]   Package 'forward_simulator' exports the include directory
[1.277s]   '/home/bigdavid/EPSILON_ws/src/EPSILON_ROS2/core/common/thirdparty/OOQP/include'
[1.277s]   which doesn't exist
[1.277s] Call Stack (most recent call first):
[1.277s]   /home/bigdavid/EPSILON_ws/install/forward_simulator/share/forward_simulator/cmake/forward_simulatorConfig.cmake:41 (include)
[1.277s]   /home/bigdavid/EPSILON_ws/install/motion_predictor/share/motion_predictor/cmake/ament_cmake_export_dependencies-extras.cmake:21 (find_package)
[1.277s]   /home/bigdavid/EPSILON_ws/install/motion_predictor/share/motion_predictor/cmake/motion_predictorConfig.cmake:41 (include)
[1.277s]   /home/bigdavid/EPSILON_ws/install/semantic_map_manager/share/semantic_map_manager/cmake/ament_cmake_export_dependencies-extras.cmake:21 (find_package)
[1.277s]   /home/bigdavid/EPSILON_ws/install/semantic_map_manager/share/semantic_map_manager/cmake/semantic_map_managerConfig.cmake:41 (include)
[1.277s]   CMakeLists.txt:19 (find_package)
[1.277s] 
[1.277s] [0m
[1.283s] [33mCMake Warning at /home/bigdavid/EPSILON_ws/install/motion_predictor/share/motion_predictor/cmake/ament_cmake_export_include_directories-extras.cmake:11 (message):
[1.283s]   Package 'motion_predictor' exports the include directory
[1.283s]   '/home/bigdavid/EPSILON_ws/src/EPSILON_ROS2/core/common/thirdparty/OOQP/include'
[1.283s]   which doesn't exist
[1.283s] Call Stack (most recent call first):
[1.283s]   /home/bigdavid/EPSILON_ws/install/motion_predictor/share/motion_predictor/cmake/motion_predictorConfig.cmake:41 (include)
[1.283s]   /home/bigdavid/EPSILON_ws/install/semantic_map_manager/share/semantic_map_manager/cmake/ament_cmake_export_dependencies-extras.cmake:21 (find_package)
[1.283s]   /home/bigdavid/EPSILON_ws/install/semantic_map_manager/share/semantic_map_manager/cmake/semantic_map_managerConfig.cmake:41 (include)
[1.283s]   CMakeLists.txt:19 (find_package)
[1.283s] 
[1.283s] [0m
[1.313s] [33mCMake Warning at /home/bigdavid/EPSILON_ws/install/vehicle_msgs/share/vehicle_msgs/cmake/ament_cmake_export_include_directories-extras.cmake:11 (message):
[1.313s]   Package 'vehicle_msgs' exports the include directory
[1.313s]   '/home/bigdavid/EPSILON_ws/src/EPSILON_ROS2/core/common/thirdparty/OOQP/include'
[1.313s]   which doesn't exist
[1.313s] Call Stack (most recent call first):
[1.313s]   /home/bigdavid/EPSILON_ws/install/vehicle_msgs/share/vehicle_msgs/cmake/vehicle_msgsConfig.cmake:41 (include)
[1.313s]   /home/bigdavid/EPSILON_ws/install/semantic_map_manager/share/semantic_map_manager/cmake/ament_cmake_export_dependencies-extras.cmake:21 (find_package)
[1.313s]   /home/bigdavid/EPSILON_ws/install/semantic_map_manager/share/semantic_map_manager/cmake/semantic_map_managerConfig.cmake:41 (include)
[1.313s]   CMakeLists.txt:19 (find_package)
[1.313s] 
[1.313s] [0m
[1.324s] [33mCMake Warning at /home/bigdavid/EPSILON_ws/install/semantic_map_manager/share/semantic_map_manager/cmake/ament_cmake_export_include_directories-extras.cmake:11 (message):
[1.324s]   Package 'semantic_map_manager' exports the include directory
[1.324s]   '/home/bigdavid/EPSILON_ws/src/EPSILON_ROS2/core/common/thirdparty/OOQP/include'
[1.324s]   which doesn't exist
[1.324s] Call Stack (most recent call first):
[1.324s]   /home/bigdavid/EPSILON_ws/install/semantic_map_manager/share/semantic_map_manager/cmake/semantic_map_managerConfig.cmake:41 (include)
[1.324s]   CMakeLists.txt:19 (find_package)
[1.324s] 
[1.324s] [0m
[1.326s] -- Found behavior_planner: 0.0.0 (/home/bigdavid/EPSILON_ws/install/behavior_planner/share/behavior_planner/cmake)
[1.347s] [33mCMake Warning at /home/bigdavid/EPSILON_ws/install/route_planner/share/route_planner/cmake/ament_cmake_export_include_directories-extras.cmake:11 (message):
[1.347s]   Package 'route_planner' exports the include directory
[1.347s]   '/home/bigdavid/EPSILON_ws/src/EPSILON_ROS2/core/common/thirdparty/OOQP/include'
[1.348s]   which doesn't exist
[1.348s] Call Stack (most recent call first):
[1.348s]   /home/bigdavid/EPSILON_ws/install/route_planner/share/route_planner/cmake/route_plannerConfig.cmake:41 (include)
[1.348s]   /home/bigdavid/EPSILON_ws/install/behavior_planner/share/behavior_planner/cmake/ament_cmake_export_dependencies-extras.cmake:21 (find_package)
[1.348s]   /home/bigdavid/EPSILON_ws/install/behavior_planner/share/behavior_planner/cmake/behavior_plannerConfig.cmake:41 (include)
[1.348s]   CMakeLists.txt:20 (find_package)
[1.348s] 
[1.348s] [0m
[1.356s] [33mCMake Warning at /home/bigdavid/EPSILON_ws/install/behavior_planner/share/behavior_planner/cmake/ament_cmake_export_include_directories-extras.cmake:11 (message):
[1.356s]   Package 'behavior_planner' exports the include directory
[1.357s]   '/home/bigdavid/EPSILON_ws/src/EPSILON_ROS2/core/common/thirdparty/OOQP/include'
[1.357s]   which doesn't exist
[1.357s] Call Stack (most recent call first):
[1.357s]   /home/bigdavid/EPSILON_ws/install/behavior_planner/share/behavior_planner/cmake/behavior_plannerConfig.cmake:41 (include)
[1.357s]   CMakeLists.txt:20 (find_package)
[1.357s] 
[1.357s] [0m
[1.361s] -- Found eudm_planner: 0.0.0 (/home/bigdavid/EPSILON_ws/install/eudm_planner/share/eudm_planner/cmake)
[1.396s] [33mCMake Warning at /home/bigdavid/EPSILON_ws/install/eudm_planner/share/eudm_planner/cmake/ament_cmake_export_include_directories-extras.cmake:11 (message):
[1.396s]   Package 'eudm_planner' exports the include directory
[1.396s]   '/home/bigdavid/EPSILON_ws/src/EPSILON_ROS2/core/common/thirdparty/OOQP/include'
[1.396s]   which doesn't exist
[1.396s] Call Stack (most recent call first):
[1.396s]   /home/bigdavid/EPSILON_ws/install/eudm_planner/share/eudm_planner/cmake/eudm_plannerConfig.cmake:41 (include)
[1.397s]   CMakeLists.txt:21 (find_package)
[1.397s] 
[1.397s] [0m
[1.401s] -- Found ssc_planner: 0.0.0 (/home/bigdavid/EPSILON_ws/install/ssc_planner/share/ssc_planner/cmake)
[1.648s] [33mCMake Warning at /home/bigdavid/EPSILON_ws/install/ssc_planner/share/ssc_planner/cmake/ament_cmake_export_include_directories-extras.cmake:11 (message):
[1.648s]   Package 'ssc_planner' exports the include directory
[1.648s]   '/home/bigdavid/EPSILON_ws/src/EPSILON_ROS2/core/common/thirdparty/OOQP/include'
[1.648s]   which doesn't exist
[1.648s] Call Stack (most recent call first):
[1.648s]   /home/bigdavid/EPSILON_ws/install/ssc_planner/share/ssc_planner/cmake/ssc_plannerConfig.cmake:41 (include)
[1.648s]   CMakeLists.txt:22 (find_package)
[1.648s] 
[1.648s] [0m
[1.658s] -- Found Protobuf: /usr/lib/x86_64-linux-gnu/libprotobuf.so (found version "3.12.4") 
[1.660s] -- Found Unwind: /usr/include/x86_64-linux-gnu (found suitable version "1.3.2", minimum required is "1.3.2") 
[1.662s] -- Found OpenMP_C: -fopenmp (found version "4.5") 
[1.662s] -- Found OpenMP_CXX: -fopenmp (found version "4.5") 
[1.663s] -- Found OpenMP: TRUE (found version "4.5")  
[2.578s] [33mCMake Warning at /opt/ros/humble/share/ament_cmake_export_include_directories/cmake/ament_export_include_directories.cmake:44 (message):
[2.578s]   ament_export_include_directories() package 'planning_integrated' exports
[2.578s]   the include directory
[2.578s]   '/home/bigdavid/EPSILON_ws/src/EPSILON_ROS2/core/common/thirdparty/OOQP/include'
[2.578s]   which doesn't exist
[2.578s] Call Stack (most recent call first):
[2.578s]   CMakeLists.txt:114 (ament_export_include_directories)
[2.578s] 
[2.578s] [0m
[2.578s] [33mCMake Warning at /opt/ros/humble/share/ament_cmake_export_include_directories/cmake/ament_export_include_directories.cmake:44 (message):
[2.578s]   ament_export_include_directories() package 'planning_integrated' exports
[2.578s]   the include directory
[2.578s]   '/home/bigdavid/EPSILON_ws/src/EPSILON_ROS2/core/common/thirdparty/OOQP/include'
[2.578s]   which doesn't exist
[2.578s] Call Stack (most recent call first):
[2.578s]   CMakeLists.txt:114 (ament_export_include_directories)
[2.578s] 
[2.578s] [0m
[2.579s] [33mCMake Warning at /opt/ros/humble/share/ament_cmake_export_include_directories/cmake/ament_export_include_directories.cmake:44 (message):
[2.579s]   ament_export_include_directories() package 'planning_integrated' exports
[2.579s]   the include directory
[2.579s]   '/home/bigdavid/EPSILON_ws/src/EPSILON_ROS2/core/common/thirdparty/OOQP/include'
[2.579s]   which doesn't exist
[2.579s] Call Stack (most recent call first):
[2.579s]   CMakeLists.txt:114 (ament_export_include_directories)
[2.579s] 
[2.579s] [0m
[2.579s] [33mCMake Warning at /opt/ros/humble/share/ament_cmake_export_include_directories/cmake/ament_export_include_directories.cmake:44 (message):
[2.580s]   ament_export_include_directories() package 'planning_integrated' exports
[2.580s]   the include directory
[2.580s]   '/home/bigdavid/EPSILON_ws/src/EPSILON_ROS2/core/common/thirdparty/OOQP/include'
[2.580s]   which doesn't exist
[2.580s] Call Stack (most recent call first):
[2.580s]   CMakeLists.txt:114 (ament_export_include_directories)
[2.580s] 
[2.580s] [0m
[2.581s] [33mCMake Warning at /opt/ros/humble/share/ament_cmake_export_include_directories/cmake/ament_export_include_directories.cmake:44 (message):
[2.581s]   ament_export_include_directories() package 'planning_integrated' exports
[2.581s]   the include directory
[2.581s]   '/home/bigdavid/EPSILON_ws/src/EPSILON_ROS2/core/common/thirdparty/OOQP/include'
[2.581s]   which doesn't exist
[2.581s] Call Stack (most recent call first):
[2.581s]   CMakeLists.txt:114 (ament_export_include_directories)
[2.581s] 
[2.581s] [0m
[2.581s] [33mCMake Warning at /opt/ros/humble/share/ament_cmake_export_include_directories/cmake/ament_export_include_directories.cmake:44 (message):
[2.582s]   ament_export_include_directories() package 'planning_integrated' exports
[2.582s]   the include directory
[2.582s]   '/home/bigdavid/EPSILON_ws/src/EPSILON_ROS2/core/common/thirdparty/OOQP/include'
[2.582s]   which doesn't exist
[2.582s] Call Stack (most recent call first):
[2.582s]   CMakeLists.txt:114 (ament_export_include_directories)
[2.582s] 
[2.582s] [0m
[2.583s] [33mCMake Warning at /opt/ros/humble/share/ament_cmake_export_include_directories/cmake/ament_export_include_directories.cmake:44 (message):
[2.583s]   ament_export_include_directories() package 'planning_integrated' exports
[2.583s]   the include directory
[2.583s]   '/home/bigdavid/EPSILON_ws/src/EPSILON_ROS2/core/common/thirdparty/OOQP/include'
[2.583s]   which doesn't exist
[2.583s] Call Stack (most recent call first):
[2.583s]   CMakeLists.txt:114 (ament_export_include_directories)
[2.583s] 
[2.583s] [0m
[2.584s] [33mCMake Warning at /opt/ros/humble/share/ament_cmake_export_include_directories/cmake/ament_export_include_directories.cmake:44 (message):
[2.584s]   ament_export_include_directories() package 'planning_integrated' exports
[2.584s]   the include directory
[2.584s]   '/home/bigdavid/EPSILON_ws/src/EPSILON_ROS2/core/common/thirdparty/OOQP/include'
[2.584s]   which doesn't exist
[2.584s] Call Stack (most recent call first):
[2.584s]   CMakeLists.txt:114 (ament_export_include_directories)
[2.584s] 
[2.584s] [0m
[2.585s] [33mCMake Warning at /opt/ros/humble/share/ament_cmake_export_include_directories/cmake/ament_export_include_directories.cmake:44 (message):
[2.585s]   ament_export_include_directories() package 'planning_integrated' exports
[2.585s]   the include directory
[2.585s]   '/home/bigdavid/EPSILON_ws/src/EPSILON_ROS2/core/common/thirdparty/OOQP/include'
[2.585s]   which doesn't exist
[2.585s] Call Stack (most recent call first):
[2.585s]   CMakeLists.txt:114 (ament_export_include_directories)
[2.585s] 
[2.585s] [0m
[2.631s] -- Configuring done
[2.832s] -- Generating done
[2.853s] -- Build files have been written to: /home/bigdavid/EPSILON_ws/build/planning_integrated
[2.862s] Invoked command in '/home/bigdavid/EPSILON_ws/build/planning_integrated' returned '0': AMENT_PREFIX_PATH=/home/bigdavid/EPSILON_ws/install/eudm_planner:/home/bigdavid/EPSILON_ws/install/behavior_planner:/home/bigdavid/EPSILON_ws/install/ssc_planner:/home/bigdavid/EPSILON_ws/install/route_planner:/home/bigdavid/EPSILON_ws/install/semantic_map_manager:/home/bigdavid/EPSILON_ws/install/motion_predictor:/home/bigdavid/EPSILON_ws/install/forward_simulator:/home/bigdavid/EPSILON_ws/install/vehicle_msgs:/home/bigdavid/EPSILON_ws/install/vehicle_model:/home/bigdavid/EPSILON_ws/install/common:${AMENT_PREFIX_PATH} CMAKE_PREFIX_PATH=/home/bigdavid/EPSILON_ws/install/eudm_planner:/home/bigdavid/EPSILON_ws/install/behavior_planner:/home/bigdavid/EPSILON_ws/install/ssc_planner:/home/bigdavid/EPSILON_ws/install/route_planner:/home/bigdavid/EPSILON_ws/install/semantic_map_manager:/home/bigdavid/EPSILON_ws/install/motion_predictor:/home/bigdavid/EPSILON_ws/install/forward_simulator:/home/bigdavid/EPSILON_ws/install/vehicle_msgs:/home/bigdavid/EPSILON_ws/install/vehicle_model:/home/bigdavid/EPSILON_ws/install/common:/opt/ros/humble LD_LIBRARY_PATH=/home/bigdavid/EPSILON_ws/install/eudm_planner/lib:/home/bigdavid/EPSILON_ws/install/behavior_planner/lib:/home/bigdavid/EPSILON_ws/install/ssc_planner/lib:/home/bigdavid/EPSILON_ws/install/route_planner/lib:/home/bigdavid/EPSILON_ws/install/semantic_map_manager/lib:/home/bigdavid/EPSILON_ws/install/motion_predictor/lib:/home/bigdavid/EPSILON_ws/install/forward_simulator/lib:/home/bigdavid/EPSILON_ws/install/vehicle_msgs/lib:/home/bigdavid/EPSILON_ws/install/vehicle_model/lib:/home/bigdavid/EPSILON_ws/install/common/lib:/usr/local/lib:/usr/lib/x86_64-linux-gnu/gazebo-11/plugins:/opt/ros/humble/opt/rviz_ogre_vendor/lib:/opt/ros/humble/lib/x86_64-linux-gnu:/opt/ros/humble/lib:/usr/local/cuda/lib64 PYTHONPATH=/home/bigdavid/EPSILON_ws/install/vehicle_msgs/local/lib/python3.10/dist-packages:${PYTHONPATH} /usr/bin/cmake /home/bigdavid/EPSILON_ws/src/EPSILON_ROS2/app/planning_integrated -DCMAKE_INSTALL_PREFIX=/home/bigdavid/EPSILON_ws/install/planning_integrated
[2.863s] Invoking command in '/home/bigdavid/EPSILON_ws/build/planning_integrated': AMENT_PREFIX_PATH=/home/bigdavid/EPSILON_ws/install/eudm_planner:/home/bigdavid/EPSILON_ws/install/behavior_planner:/home/bigdavid/EPSILON_ws/install/ssc_planner:/home/bigdavid/EPSILON_ws/install/route_planner:/home/bigdavid/EPSILON_ws/install/semantic_map_manager:/home/bigdavid/EPSILON_ws/install/motion_predictor:/home/bigdavid/EPSILON_ws/install/forward_simulator:/home/bigdavid/EPSILON_ws/install/vehicle_msgs:/home/bigdavid/EPSILON_ws/install/vehicle_model:/home/bigdavid/EPSILON_ws/install/common:${AMENT_PREFIX_PATH} CMAKE_PREFIX_PATH=/home/bigdavid/EPSILON_ws/install/eudm_planner:/home/bigdavid/EPSILON_ws/install/behavior_planner:/home/bigdavid/EPSILON_ws/install/ssc_planner:/home/bigdavid/EPSILON_ws/install/route_planner:/home/bigdavid/EPSILON_ws/install/semantic_map_manager:/home/bigdavid/EPSILON_ws/install/motion_predictor:/home/bigdavid/EPSILON_ws/install/forward_simulator:/home/bigdavid/EPSILON_ws/install/vehicle_msgs:/home/bigdavid/EPSILON_ws/install/vehicle_model:/home/bigdavid/EPSILON_ws/install/common:/opt/ros/humble LD_LIBRARY_PATH=/home/bigdavid/EPSILON_ws/install/eudm_planner/lib:/home/bigdavid/EPSILON_ws/install/behavior_planner/lib:/home/bigdavid/EPSILON_ws/install/ssc_planner/lib:/home/bigdavid/EPSILON_ws/install/route_planner/lib:/home/bigdavid/EPSILON_ws/install/semantic_map_manager/lib:/home/bigdavid/EPSILON_ws/install/motion_predictor/lib:/home/bigdavid/EPSILON_ws/install/forward_simulator/lib:/home/bigdavid/EPSILON_ws/install/vehicle_msgs/lib:/home/bigdavid/EPSILON_ws/install/vehicle_model/lib:/home/bigdavid/EPSILON_ws/install/common/lib:/usr/local/lib:/usr/lib/x86_64-linux-gnu/gazebo-11/plugins:/opt/ros/humble/opt/rviz_ogre_vendor/lib:/opt/ros/humble/lib/x86_64-linux-gnu:/opt/ros/humble/lib:/usr/local/cuda/lib64 PYTHONPATH=/home/bigdavid/EPSILON_ws/install/vehicle_msgs/local/lib/python3.10/dist-packages:${PYTHONPATH} /usr/bin/cmake --build /home/bigdavid/EPSILON_ws/build/planning_integrated -- -j32 -l32
[2.926s] [ 25%] [32mBuilding CXX object CMakeFiles/test_ssc_with_eudm.dir/src/test_ssc_with_eudm.cc.o[0m
[2.927s] [ 50%] [32mBuilding CXX object CMakeFiles/test_ssc_with_mpdm.dir/src/test_ssc_with_mpdm.cc.o[0m
[10.006s] In file included from [01m[K/home/bigdavid/EPSILON_ws/src/EPSILON_ROS2/app/planning_integrated/src/test_ssc_with_mpdm.cc:9[m[K:
[10.006s] [01m[K/home/bigdavid/EPSILON_ws/install/semantic_map_manager/include/semantic_map_manager/ros_adapter.h:[m[K In constructor ‘[01m[Ksemantic_map_manager::RosAdapter::RosAdapter(std::shared_ptr<rclcpp::Node>, semantic_map_manager::SemanticMapManager*)[m[K’:
[10.006s] [01m[K/home/bigdavid/EPSILON_ws/install/semantic_map_manager/include/semantic_map_manager/ros_adapter.h:59:23:[m[K [01;35m[Kwarning: [m[K‘[01m[Ksemantic_map_manager::RosAdapter::p_smm_[m[K’ will be initialized after [[01;35m[K-Wreorder[m[K]
[10.006s]    59 |   SemanticMapManager* [01;35m[Kp_smm_[m[K;
[10.006s]       |                       [01;35m[K^~~~~~[m[K
[10.007s] [01m[K/home/bigdavid/EPSILON_ws/install/semantic_map_manager/include/semantic_map_manager/ros_adapter.h:58:17:[m[K [01;35m[Kwarning: [m[K  ‘[01m[Ksemantic_map_manager::DataRenderer* semantic_map_manager::RosAdapter::p_data_renderer_[m[K’ [[01;35m[K-Wreorder[m[K]
[10.007s]    58 |   DataRenderer* [01;35m[Kp_data_renderer_[m[K;
[10.007s]       |                 [01;35m[K^~~~~~~~~~~~~~~~[m[K
[10.007s] [01m[K/home/bigdavid/EPSILON_ws/install/semantic_map_manager/include/semantic_map_manager/ros_adapter.h:26:3:[m[K [01;35m[Kwarning: [m[K  when initialized here [[01;35m[K-Wreorder[m[K]
[10.007s]    26 |   [01;35m[KRosAdapter[m[K(std::shared_ptr<rclcpp::Node> node, SemanticMapManager* ptr_smm)
[10.007s]       |   [01;35m[K^~~~~~~~~~[m[K
[10.007s] In file included from [01m[K/home/bigdavid/EPSILON_ws/install/common/include/common/spline/spline_generator.h:17[m[K,
[10.007s]                  from [01m[K/home/bigdavid/EPSILON_ws/install/ssc_planner/include/ssc_planner/ssc_planner.h:21[m[K,
[10.007s]                  from [01m[K/home/bigdavid/EPSILON_ws/install/ssc_planner/include/ssc_planner/ssc_server_ros.h:21[m[K,
[10.007s]                  from [01m[K/home/bigdavid/EPSILON_ws/src/EPSILON_ROS2/app/planning_integrated/src/test_ssc_with_mpdm.cc:12[m[K:
[10.007s] [01m[K/home/bigdavid/EPSILON_ws/src/EPSILON_ROS2/core/common/thirdparty/tk_spline/spline.h:[m[K At global scope:
[10.007s] [01m[K/home/bigdavid/EPSILON_ws/src/EPSILON_ROS2/core/common/thirdparty/tk_spline/spline.h:371:8:[m[K [01;35m[Kwarning: [m[K‘[01m[Kdouble {anonymous}::tk::spline::get_coeff(int, int) const[m[K’ defined but not used [[01;35m[K-Wunused-function[m[K]
[10.007s]   371 | double [01;35m[Kspline[m[K::get_coeff(int n, int j) const {
[10.007s]       |        [01;35m[K^~~~~~[m[K
[10.007s] [01m[K/home/bigdavid/EPSILON_ws/src/EPSILON_ROS2/core/common/thirdparty/tk_spline/spline.h:369:5:[m[K [01;35m[Kwarning: [m[K‘[01m[Kint {anonymous}::tk::spline::num_pts() const[m[K’ defined but not used [[01;35m[K-Wunused-function[m[K]
[10.007s]   369 | int [01;35m[Kspline[m[K::num_pts() const { return m_a.size(); }
[10.007s]       |     [01;35m[K^~~~~~[m[K
[10.007s] [01m[K/home/bigdavid/EPSILON_ws/src/EPSILON_ROS2/core/common/thirdparty/tk_spline/spline.h:347:8:[m[K [01;35m[Kwarning: [m[K‘[01m[Kdouble {anonymous}::tk::spline::operator()(double) const[m[K’ defined but not used [[01;35m[K-Wunused-function[m[K]
[10.007s]   347 | double [01;35m[Kspline[m[K::operator()(double x) const {
[10.007s]       |        [01;35m[K^~~~~~[m[K
[10.007s] [01m[K/home/bigdavid/EPSILON_ws/src/EPSILON_ROS2/core/common/thirdparty/tk_spline/spline.h:255:6:[m[K [01;35m[Kwarning: [m[K‘[01m[Kvoid {anonymous}::tk::spline::set_points(const std::vector<double, std::allocator<double> >&, const std::vector<double, std::allocator<double> >&, bool)[m[K’ defined but not used [[01;35m[K-Wunused-function[m[K]
[10.007s]   255 | void [01;35m[Kspline[m[K::set_points(const std::vector<double>& x,
[10.007s]       |      [01;35m[K^~~~~~[m[K
[10.007s] [01m[K/home/bigdavid/EPSILON_ws/src/EPSILON_ROS2/core/common/thirdparty/tk_spline/spline.h:244:6:[m[K [01;35m[Kwarning: [m[K‘[01m[Kvoid {anonymous}::tk::spline::set_boundary({anonymous}::tk::spline::bd_type, double, {anonymous}::tk::spline::bd_type, double, bool)[m[K’ defined but not used [[01;35m[K-Wunused-function[m[K]
[10.007s]   244 | void [01;35m[Kspline[m[K::set_boundary(spline::bd_type left, double left_value,
[10.007s]       |      [01;35m[K^~~~~~[m[K
[10.020s] [ 75%] [32m[1mLinking CXX executable test_ssc_with_mpdm[0m
[10.154s] In file included from [01m[K/home/bigdavid/EPSILON_ws/src/EPSILON_ROS2/app/planning_integrated/src/test_ssc_with_eudm.cc:10[m[K:
[10.154s] [01m[K/home/bigdavid/EPSILON_ws/install/semantic_map_manager/include/semantic_map_manager/ros_adapter.h:[m[K In constructor ‘[01m[Ksemantic_map_manager::RosAdapter::RosAdapter(std::shared_ptr<rclcpp::Node>, semantic_map_manager::SemanticMapManager*)[m[K’:
[10.154s] [01m[K/home/bigdavid/EPSILON_ws/install/semantic_map_manager/include/semantic_map_manager/ros_adapter.h:59:23:[m[K [01;35m[Kwarning: [m[K‘[01m[Ksemantic_map_manager::RosAdapter::p_smm_[m[K’ will be initialized after [[01;35m[K-Wreorder[m[K]
[10.154s]    59 |   SemanticMapManager* [01;35m[Kp_smm_[m[K;
[10.154s]       |                       [01;35m[K^~~~~~[m[K
[10.154s] [01m[K/home/bigdavid/EPSILON_ws/install/semantic_map_manager/include/semantic_map_manager/ros_adapter.h:58:17:[m[K [01;35m[Kwarning: [m[K  ‘[01m[Ksemantic_map_manager::DataRenderer* semantic_map_manager::RosAdapter::p_data_renderer_[m[K’ [[01;35m[K-Wreorder[m[K]
[10.154s]    58 |   DataRenderer* [01;35m[Kp_data_renderer_[m[K;
[10.154s]       |                 [01;35m[K^~~~~~~~~~~~~~~~[m[K
[10.154s] [01m[K/home/bigdavid/EPSILON_ws/install/semantic_map_manager/include/semantic_map_manager/ros_adapter.h:26:3:[m[K [01;35m[Kwarning: [m[K  when initialized here [[01;35m[K-Wreorder[m[K]
[10.154s]    26 |   [01;35m[KRosAdapter[m[K(std::shared_ptr<rclcpp::Node> node, SemanticMapManager* ptr_smm)
[10.154s]       |   [01;35m[K^~~~~~~~~~[m[K
[10.154s] In file included from [01m[K/home/bigdavid/EPSILON_ws/install/common/include/common/spline/spline_generator.h:17[m[K,
[10.154s]                  from [01m[K/home/bigdavid/EPSILON_ws/install/ssc_planner/include/ssc_planner/ssc_planner.h:21[m[K,
[10.154s]                  from [01m[K/home/bigdavid/EPSILON_ws/install/ssc_planner/include/ssc_planner/ssc_server_ros.h:21[m[K,
[10.154s]                  from [01m[K/home/bigdavid/EPSILON_ws/src/EPSILON_ROS2/app/planning_integrated/src/test_ssc_with_eudm.cc:13[m[K:
[10.154s] [01m[K/home/bigdavid/EPSILON_ws/src/EPSILON_ROS2/core/common/thirdparty/tk_spline/spline.h:[m[K At global scope:
[10.154s] [01m[K/home/bigdavid/EPSILON_ws/src/EPSILON_ROS2/core/common/thirdparty/tk_spline/spline.h:371:8:[m[K [01;35m[Kwarning: [m[K‘[01m[Kdouble {anonymous}::tk::spline::get_coeff(int, int) const[m[K’ defined but not used [[01;35m[K-Wunused-function[m[K]
[10.154s]   371 | double [01;35m[Kspline[m[K::get_coeff(int n, int j) const {
[10.155s]       |        [01;35m[K^~~~~~[m[K
[10.155s] [01m[K/home/bigdavid/EPSILON_ws/src/EPSILON_ROS2/core/common/thirdparty/tk_spline/spline.h:369:5:[m[K [01;35m[Kwarning: [m[K‘[01m[Kint {anonymous}::tk::spline::num_pts() const[m[K’ defined but not used [[01;35m[K-Wunused-function[m[K]
[10.155s]   369 | int [01;35m[Kspline[m[K::num_pts() const { return m_a.size(); }
[10.155s]       |     [01;35m[K^~~~~~[m[K
[10.155s] [01m[K/home/bigdavid/EPSILON_ws/src/EPSILON_ROS2/core/common/thirdparty/tk_spline/spline.h:347:8:[m[K [01;35m[Kwarning: [m[K‘[01m[Kdouble {anonymous}::tk::spline::operator()(double) const[m[K’ defined but not used [[01;35m[K-Wunused-function[m[K]
[10.155s]   347 | double [01;35m[Kspline[m[K::operator()(double x) const {
[10.155s]       |        [01;35m[K^~~~~~[m[K
[10.155s] [01m[K/home/bigdavid/EPSILON_ws/src/EPSILON_ROS2/core/common/thirdparty/tk_spline/spline.h:255:6:[m[K [01;35m[Kwarning: [m[K‘[01m[Kvoid {anonymous}::tk::spline::set_points(const std::vector<double, std::allocator<double> >&, const std::vector<double, std::allocator<double> >&, bool)[m[K’ defined but not used [[01;35m[K-Wunused-function[m[K]
[10.155s]   255 | void [01;35m[Kspline[m[K::set_points(const std::vector<double>& x,
[10.155s]       |      [01;35m[K^~~~~~[m[K
[10.155s] [01m[K/home/bigdavid/EPSILON_ws/src/EPSILON_ROS2/core/common/thirdparty/tk_spline/spline.h:244:6:[m[K [01;35m[Kwarning: [m[K‘[01m[Kvoid {anonymous}::tk::spline::set_boundary({anonymous}::tk::spline::bd_type, double, {anonymous}::tk::spline::bd_type, double, bool)[m[K’ defined but not used [[01;35m[K-Wunused-function[m[K]
[10.155s]   244 | void [01;35m[Kspline[m[K::set_boundary(spline::bd_type left, double left_value,
[10.155s]       |      [01;35m[K^~~~~~[m[K
[10.167s] [100%] [32m[1mLinking CXX executable test_ssc_with_eudm[0m
[12.597s] [100%] Built target test_ssc_with_mpdm
[13.343s] [100%] Built target test_ssc_with_eudm
[13.357s] Invoked command in '/home/bigdavid/EPSILON_ws/build/planning_integrated' returned '0': AMENT_PREFIX_PATH=/home/bigdavid/EPSILON_ws/install/eudm_planner:/home/bigdavid/EPSILON_ws/install/behavior_planner:/home/bigdavid/EPSILON_ws/install/ssc_planner:/home/bigdavid/EPSILON_ws/install/route_planner:/home/bigdavid/EPSILON_ws/install/semantic_map_manager:/home/bigdavid/EPSILON_ws/install/motion_predictor:/home/bigdavid/EPSILON_ws/install/forward_simulator:/home/bigdavid/EPSILON_ws/install/vehicle_msgs:/home/bigdavid/EPSILON_ws/install/vehicle_model:/home/bigdavid/EPSILON_ws/install/common:${AMENT_PREFIX_PATH} CMAKE_PREFIX_PATH=/home/bigdavid/EPSILON_ws/install/eudm_planner:/home/bigdavid/EPSILON_ws/install/behavior_planner:/home/bigdavid/EPSILON_ws/install/ssc_planner:/home/bigdavid/EPSILON_ws/install/route_planner:/home/bigdavid/EPSILON_ws/install/semantic_map_manager:/home/bigdavid/EPSILON_ws/install/motion_predictor:/home/bigdavid/EPSILON_ws/install/forward_simulator:/home/bigdavid/EPSILON_ws/install/vehicle_msgs:/home/bigdavid/EPSILON_ws/install/vehicle_model:/home/bigdavid/EPSILON_ws/install/common:/opt/ros/humble LD_LIBRARY_PATH=/home/bigdavid/EPSILON_ws/install/eudm_planner/lib:/home/bigdavid/EPSILON_ws/install/behavior_planner/lib:/home/bigdavid/EPSILON_ws/install/ssc_planner/lib:/home/bigdavid/EPSILON_ws/install/route_planner/lib:/home/bigdavid/EPSILON_ws/install/semantic_map_manager/lib:/home/bigdavid/EPSILON_ws/install/motion_predictor/lib:/home/bigdavid/EPSILON_ws/install/forward_simulator/lib:/home/bigdavid/EPSILON_ws/install/vehicle_msgs/lib:/home/bigdavid/EPSILON_ws/install/vehicle_model/lib:/home/bigdavid/EPSILON_ws/install/common/lib:/usr/local/lib:/usr/lib/x86_64-linux-gnu/gazebo-11/plugins:/opt/ros/humble/opt/rviz_ogre_vendor/lib:/opt/ros/humble/lib/x86_64-linux-gnu:/opt/ros/humble/lib:/usr/local/cuda/lib64 PYTHONPATH=/home/bigdavid/EPSILON_ws/install/vehicle_msgs/local/lib/python3.10/dist-packages:${PYTHONPATH} /usr/bin/cmake --build /home/bigdavid/EPSILON_ws/build/planning_integrated -- -j32 -l32
[13.359s] Invoking command in '/home/bigdavid/EPSILON_ws/build/planning_integrated': AMENT_PREFIX_PATH=/home/bigdavid/EPSILON_ws/install/eudm_planner:/home/bigdavid/EPSILON_ws/install/behavior_planner:/home/bigdavid/EPSILON_ws/install/ssc_planner:/home/bigdavid/EPSILON_ws/install/route_planner:/home/bigdavid/EPSILON_ws/install/semantic_map_manager:/home/bigdavid/EPSILON_ws/install/motion_predictor:/home/bigdavid/EPSILON_ws/install/forward_simulator:/home/bigdavid/EPSILON_ws/install/vehicle_msgs:/home/bigdavid/EPSILON_ws/install/vehicle_model:/home/bigdavid/EPSILON_ws/install/common:${AMENT_PREFIX_PATH} CMAKE_PREFIX_PATH=/home/bigdavid/EPSILON_ws/install/eudm_planner:/home/bigdavid/EPSILON_ws/install/behavior_planner:/home/bigdavid/EPSILON_ws/install/ssc_planner:/home/bigdavid/EPSILON_ws/install/route_planner:/home/bigdavid/EPSILON_ws/install/semantic_map_manager:/home/bigdavid/EPSILON_ws/install/motion_predictor:/home/bigdavid/EPSILON_ws/install/forward_simulator:/home/bigdavid/EPSILON_ws/install/vehicle_msgs:/home/bigdavid/EPSILON_ws/install/vehicle_model:/home/bigdavid/EPSILON_ws/install/common:/opt/ros/humble LD_LIBRARY_PATH=/home/bigdavid/EPSILON_ws/install/eudm_planner/lib:/home/bigdavid/EPSILON_ws/install/behavior_planner/lib:/home/bigdavid/EPSILON_ws/install/ssc_planner/lib:/home/bigdavid/EPSILON_ws/install/route_planner/lib:/home/bigdavid/EPSILON_ws/install/semantic_map_manager/lib:/home/bigdavid/EPSILON_ws/install/motion_predictor/lib:/home/bigdavid/EPSILON_ws/install/forward_simulator/lib:/home/bigdavid/EPSILON_ws/install/vehicle_msgs/lib:/home/bigdavid/EPSILON_ws/install/vehicle_model/lib:/home/bigdavid/EPSILON_ws/install/common/lib:/usr/local/lib:/usr/lib/x86_64-linux-gnu/gazebo-11/plugins:/opt/ros/humble/opt/rviz_ogre_vendor/lib:/opt/ros/humble/lib/x86_64-linux-gnu:/opt/ros/humble/lib:/usr/local/cuda/lib64 PYTHONPATH=/home/bigdavid/EPSILON_ws/install/vehicle_msgs/local/lib/python3.10/dist-packages:${PYTHONPATH} /usr/bin/cmake --install /home/bigdavid/EPSILON_ws/build/planning_integrated
[13.365s] -- Install configuration: "Release"
[13.365s] -- Installing: /home/bigdavid/EPSILON_ws/install/planning_integrated/lib/planning_integrated/test_ssc_with_mpdm
[13.367s] -- Set runtime path of "/home/bigdavid/EPSILON_ws/install/planning_integrated/lib/planning_integrated/test_ssc_with_mpdm" to ""
[13.367s] -- Installing: /home/bigdavid/EPSILON_ws/install/planning_integrated/lib/planning_integrated/test_ssc_with_eudm
[13.369s] -- Set runtime path of "/home/bigdavid/EPSILON_ws/install/planning_integrated/lib/planning_integrated/test_ssc_with_eudm" to ""
[13.369s] -- Installing: /home/bigdavid/EPSILON_ws/install/planning_integrated/share/planning_integrated/launch
[13.369s] -- Installing: /home/bigdavid/EPSILON_ws/install/planning_integrated/share/planning_integrated/launch/test_ssc_with_eudm_ros.launch
[13.369s] -- Installing: /home/bigdavid/EPSILON_ws/install/planning_integrated/share/planning_integrated/launch/test_ssc_with_mpdm_ros.launch
[13.369s] -- Installing: /home/bigdavid/EPSILON_ws/install/planning_integrated/share/planning_integrated/launch/test_ssc_with_mpdm_ros_launch.py
[13.369s] -- Installing: /home/bigdavid/EPSILON_ws/install/planning_integrated/share/planning_integrated/launch/test_ssc_with_eudm_ros_launch.py
[13.369s] -- Installing: /home/bigdavid/EPSILON_ws/install/planning_integrated/share/ament_index/resource_index/package_run_dependencies/planning_integrated
[13.369s] -- Installing: /home/bigdavid/EPSILON_ws/install/planning_integrated/share/ament_index/resource_index/parent_prefix_path/planning_integrated
[13.369s] -- Installing: /home/bigdavid/EPSILON_ws/install/planning_integrated/share/planning_integrated/environment/ament_prefix_path.sh
[13.369s] -- Installing: /home/bigdavid/EPSILON_ws/install/planning_integrated/share/planning_integrated/environment/ament_prefix_path.dsv
[13.369s] -- Installing: /home/bigdavid/EPSILON_ws/install/planning_integrated/share/planning_integrated/environment/path.sh
[13.369s] -- Installing: /home/bigdavid/EPSILON_ws/install/planning_integrated/share/planning_integrated/environment/path.dsv
[13.369s] -- Installing: /home/bigdavid/EPSILON_ws/install/planning_integrated/share/planning_integrated/local_setup.bash
[13.369s] -- Installing: /home/bigdavid/EPSILON_ws/install/planning_integrated/share/planning_integrated/local_setup.sh
[13.369s] -- Installing: /home/bigdavid/EPSILON_ws/install/planning_integrated/share/planning_integrated/local_setup.zsh
[13.369s] -- Installing: /home/bigdavid/EPSILON_ws/install/planning_integrated/share/planning_integrated/local_setup.dsv
[13.369s] -- Installing: /home/bigdavid/EPSILON_ws/install/planning_integrated/share/planning_integrated/package.dsv
[13.369s] -- Installing: /home/bigdavid/EPSILON_ws/install/planning_integrated/share/ament_index/resource_index/packages/planning_integrated
[13.369s] -- Installing: /home/bigdavid/EPSILON_ws/install/planning_integrated/share/planning_integrated/cmake/ament_cmake_export_dependencies-extras.cmake
[13.369s] -- Installing: /home/bigdavid/EPSILON_ws/install/planning_integrated/share/planning_integrated/cmake/ament_cmake_export_include_directories-extras.cmake
[13.369s] -- Installing: /home/bigdavid/EPSILON_ws/install/planning_integrated/share/planning_integrated/cmake/planning_integratedConfig.cmake
[13.369s] -- Installing: /home/bigdavid/EPSILON_ws/install/planning_integrated/share/planning_integrated/cmake/planning_integratedConfig-version.cmake
[13.369s] -- Installing: /home/bigdavid/EPSILON_ws/install/planning_integrated/share/planning_integrated/package.xml
[13.371s] Invoked command in '/home/bigdavid/EPSILON_ws/build/planning_integrated' returned '0': AMENT_PREFIX_PATH=/home/bigdavid/EPSILON_ws/install/eudm_planner:/home/bigdavid/EPSILON_ws/install/behavior_planner:/home/bigdavid/EPSILON_ws/install/ssc_planner:/home/bigdavid/EPSILON_ws/install/route_planner:/home/bigdavid/EPSILON_ws/install/semantic_map_manager:/home/bigdavid/EPSILON_ws/install/motion_predictor:/home/bigdavid/EPSILON_ws/install/forward_simulator:/home/bigdavid/EPSILON_ws/install/vehicle_msgs:/home/bigdavid/EPSILON_ws/install/vehicle_model:/home/bigdavid/EPSILON_ws/install/common:${AMENT_PREFIX_PATH} CMAKE_PREFIX_PATH=/home/bigdavid/EPSILON_ws/install/eudm_planner:/home/bigdavid/EPSILON_ws/install/behavior_planner:/home/bigdavid/EPSILON_ws/install/ssc_planner:/home/bigdavid/EPSILON_ws/install/route_planner:/home/bigdavid/EPSILON_ws/install/semantic_map_manager:/home/bigdavid/EPSILON_ws/install/motion_predictor:/home/bigdavid/EPSILON_ws/install/forward_simulator:/home/bigdavid/EPSILON_ws/install/vehicle_msgs:/home/bigdavid/EPSILON_ws/install/vehicle_model:/home/bigdavid/EPSILON_ws/install/common:/opt/ros/humble LD_LIBRARY_PATH=/home/bigdavid/EPSILON_ws/install/eudm_planner/lib:/home/bigdavid/EPSILON_ws/install/behavior_planner/lib:/home/bigdavid/EPSILON_ws/install/ssc_planner/lib:/home/bigdavid/EPSILON_ws/install/route_planner/lib:/home/bigdavid/EPSILON_ws/install/semantic_map_manager/lib:/home/bigdavid/EPSILON_ws/install/motion_predictor/lib:/home/bigdavid/EPSILON_ws/install/forward_simulator/lib:/home/bigdavid/EPSILON_ws/install/vehicle_msgs/lib:/home/bigdavid/EPSILON_ws/install/vehicle_model/lib:/home/bigdavid/EPSILON_ws/install/common/lib:/usr/local/lib:/usr/lib/x86_64-linux-gnu/gazebo-11/plugins:/opt/ros/humble/opt/rviz_ogre_vendor/lib:/opt/ros/humble/lib/x86_64-linux-gnu:/opt/ros/humble/lib:/usr/local/cuda/lib64 PYTHONPATH=/home/bigdavid/EPSILON_ws/install/vehicle_msgs/local/lib/python3.10/dist-packages:${PYTHONPATH} /usr/bin/cmake --install /home/bigdavid/EPSILON_ws/build/planning_integrated
