[0.077s] Invoking command in '/home/bigdavid/EPSILON_ws/build/behavior_planner': AMENT_PREFIX_PATH=/home/bigdavid/EPSILON_ws/install/route_planner:/home/bigdavid/EPSILON_ws/install/semantic_map_manager:/home/bigdavid/EPSILON_ws/install/motion_predictor:/home/bigdavid/EPSILON_ws/install/forward_simulator:/home/bigdavid/EPSILON_ws/install/vehicle_msgs:/home/bigdavid/EPSILON_ws/install/vehicle_model:/home/bigdavid/EPSILON_ws/install/common:${AMENT_PREFIX_PATH} CMAKE_PREFIX_PATH=/home/bigdavid/EPSILON_ws/install/route_planner:/home/bigdavid/EPSILON_ws/install/semantic_map_manager:/home/bigdavid/EPSILON_ws/install/motion_predictor:/home/bigdavid/EPSILON_ws/install/forward_simulator:/home/bigdavid/EPSILON_ws/install/vehicle_msgs:/home/bigdavid/EPSILON_ws/install/vehicle_model:/home/bigdavid/EPSILON_ws/install/common:/opt/ros/humble LD_LIBRARY_PATH=/home/bigdavid/EPSILON_ws/install/route_planner/lib:/home/bigdavid/EPSILON_ws/install/semantic_map_manager/lib:/home/bigdavid/EPSILON_ws/install/motion_predictor/lib:/home/bigdavid/EPSILON_ws/install/forward_simulator/lib:/home/bigdavid/EPSILON_ws/install/vehicle_msgs/lib:/home/bigdavid/EPSILON_ws/install/vehicle_model/lib:/home/bigdavid/EPSILON_ws/install/common/lib:/usr/local/lib:/usr/lib/x86_64-linux-gnu/gazebo-11/plugins:/opt/ros/humble/opt/rviz_ogre_vendor/lib:/opt/ros/humble/lib/x86_64-linux-gnu:/opt/ros/humble/lib:/usr/local/cuda/lib64 PYTHONPATH=/home/bigdavid/EPSILON_ws/install/vehicle_msgs/local/lib/python3.10/dist-packages:${PYTHONPATH} /usr/bin/cmake --build /home/bigdavid/EPSILON_ws/build/behavior_planner -- -j32 -l32
[0.140s] [35m[1mConsolidate compiler generated dependencies of target behavior_planner_lib[0m
[0.169s] [ 20%] [32mBuilding CXX object CMakeFiles/behavior_planner_lib.dir/src/behavior_planner/behavior_planner.cc.o[0m
[5.602s] [ 40%] [32m[1mLinking CXX static library libbehavior_planner_lib.a[0m
[5.655s] [ 60%] Built target behavior_planner_lib
[5.699s] [100%] Built target behavior_planner_ros
[5.712s] Invoked command in '/home/bigdavid/EPSILON_ws/build/behavior_planner' returned '0': AMENT_PREFIX_PATH=/home/bigdavid/EPSILON_ws/install/route_planner:/home/bigdavid/EPSILON_ws/install/semantic_map_manager:/home/bigdavid/EPSILON_ws/install/motion_predictor:/home/bigdavid/EPSILON_ws/install/forward_simulator:/home/bigdavid/EPSILON_ws/install/vehicle_msgs:/home/bigdavid/EPSILON_ws/install/vehicle_model:/home/bigdavid/EPSILON_ws/install/common:${AMENT_PREFIX_PATH} CMAKE_PREFIX_PATH=/home/bigdavid/EPSILON_ws/install/route_planner:/home/bigdavid/EPSILON_ws/install/semantic_map_manager:/home/bigdavid/EPSILON_ws/install/motion_predictor:/home/bigdavid/EPSILON_ws/install/forward_simulator:/home/bigdavid/EPSILON_ws/install/vehicle_msgs:/home/bigdavid/EPSILON_ws/install/vehicle_model:/home/bigdavid/EPSILON_ws/install/common:/opt/ros/humble LD_LIBRARY_PATH=/home/bigdavid/EPSILON_ws/install/route_planner/lib:/home/bigdavid/EPSILON_ws/install/semantic_map_manager/lib:/home/bigdavid/EPSILON_ws/install/motion_predictor/lib:/home/bigdavid/EPSILON_ws/install/forward_simulator/lib:/home/bigdavid/EPSILON_ws/install/vehicle_msgs/lib:/home/bigdavid/EPSILON_ws/install/vehicle_model/lib:/home/bigdavid/EPSILON_ws/install/common/lib:/usr/local/lib:/usr/lib/x86_64-linux-gnu/gazebo-11/plugins:/opt/ros/humble/opt/rviz_ogre_vendor/lib:/opt/ros/humble/lib/x86_64-linux-gnu:/opt/ros/humble/lib:/usr/local/cuda/lib64 PYTHONPATH=/home/bigdavid/EPSILON_ws/install/vehicle_msgs/local/lib/python3.10/dist-packages:${PYTHONPATH} /usr/bin/cmake --build /home/bigdavid/EPSILON_ws/build/behavior_planner -- -j32 -l32
[5.715s] Invoking command in '/home/bigdavid/EPSILON_ws/build/behavior_planner': AMENT_PREFIX_PATH=/home/bigdavid/EPSILON_ws/install/route_planner:/home/bigdavid/EPSILON_ws/install/semantic_map_manager:/home/bigdavid/EPSILON_ws/install/motion_predictor:/home/bigdavid/EPSILON_ws/install/forward_simulator:/home/bigdavid/EPSILON_ws/install/vehicle_msgs:/home/bigdavid/EPSILON_ws/install/vehicle_model:/home/bigdavid/EPSILON_ws/install/common:${AMENT_PREFIX_PATH} CMAKE_PREFIX_PATH=/home/bigdavid/EPSILON_ws/install/route_planner:/home/bigdavid/EPSILON_ws/install/semantic_map_manager:/home/bigdavid/EPSILON_ws/install/motion_predictor:/home/bigdavid/EPSILON_ws/install/forward_simulator:/home/bigdavid/EPSILON_ws/install/vehicle_msgs:/home/bigdavid/EPSILON_ws/install/vehicle_model:/home/bigdavid/EPSILON_ws/install/common:/opt/ros/humble LD_LIBRARY_PATH=/home/bigdavid/EPSILON_ws/install/route_planner/lib:/home/bigdavid/EPSILON_ws/install/semantic_map_manager/lib:/home/bigdavid/EPSILON_ws/install/motion_predictor/lib:/home/bigdavid/EPSILON_ws/install/forward_simulator/lib:/home/bigdavid/EPSILON_ws/install/vehicle_msgs/lib:/home/bigdavid/EPSILON_ws/install/vehicle_model/lib:/home/bigdavid/EPSILON_ws/install/common/lib:/usr/local/lib:/usr/lib/x86_64-linux-gnu/gazebo-11/plugins:/opt/ros/humble/opt/rviz_ogre_vendor/lib:/opt/ros/humble/lib/x86_64-linux-gnu:/opt/ros/humble/lib:/usr/local/cuda/lib64 PYTHONPATH=/home/bigdavid/EPSILON_ws/install/vehicle_msgs/local/lib/python3.10/dist-packages:${PYTHONPATH} /usr/bin/cmake --install /home/bigdavid/EPSILON_ws/build/behavior_planner
[5.729s] -- Install configuration: "Release"
[5.729s] -- Up-to-date: /home/bigdavid/EPSILON_ws/install/behavior_planner/share/behavior_planner/environment/library_path.sh
[5.729s] -- Up-to-date: /home/bigdavid/EPSILON_ws/install/behavior_planner/share/behavior_planner/environment/library_path.dsv
[5.729s] -- Installing: /home/bigdavid/EPSILON_ws/install/behavior_planner/lib/libbehavior_planner_lib.a
[5.729s] -- Up-to-date: /home/bigdavid/EPSILON_ws/install/behavior_planner/lib/libbehavior_planner_ros.a
[5.730s] -- Up-to-date: /home/bigdavid/EPSILON_ws/install/behavior_planner/include
[5.730s] -- Up-to-date: /home/bigdavid/EPSILON_ws/install/behavior_planner/include/behavior_planner
[5.730s] -- Up-to-date: /home/bigdavid/EPSILON_ws/install/behavior_planner/include/behavior_planner/map_interface.h
[5.730s] -- Up-to-date: /home/bigdavid/EPSILON_ws/install/behavior_planner/include/behavior_planner/behavior_planner.h
[5.730s] -- Up-to-date: /home/bigdavid/EPSILON_ws/install/behavior_planner/include/behavior_planner/behavior_server_ros.h
[5.730s] -- Up-to-date: /home/bigdavid/EPSILON_ws/install/behavior_planner/include/behavior_planner/map_adapter.h
[5.730s] -- Up-to-date: /home/bigdavid/EPSILON_ws/install/behavior_planner/include/behavior_planner/visualizer.h
[5.730s] -- Up-to-date: /home/bigdavid/EPSILON_ws/install/behavior_planner/share/ament_index/resource_index/package_run_dependencies/behavior_planner
[5.730s] -- Up-to-date: /home/bigdavid/EPSILON_ws/install/behavior_planner/share/ament_index/resource_index/parent_prefix_path/behavior_planner
[5.730s] -- Up-to-date: /home/bigdavid/EPSILON_ws/install/behavior_planner/share/behavior_planner/environment/ament_prefix_path.sh
[5.730s] -- Up-to-date: /home/bigdavid/EPSILON_ws/install/behavior_planner/share/behavior_planner/environment/ament_prefix_path.dsv
[5.730s] -- Up-to-date: /home/bigdavid/EPSILON_ws/install/behavior_planner/share/behavior_planner/environment/path.sh
[5.730s] -- Up-to-date: /home/bigdavid/EPSILON_ws/install/behavior_planner/share/behavior_planner/environment/path.dsv
[5.730s] -- Up-to-date: /home/bigdavid/EPSILON_ws/install/behavior_planner/share/behavior_planner/local_setup.bash
[5.731s] -- Up-to-date: /home/bigdavid/EPSILON_ws/install/behavior_planner/share/behavior_planner/local_setup.sh
[5.731s] -- Up-to-date: /home/bigdavid/EPSILON_ws/install/behavior_planner/share/behavior_planner/local_setup.zsh
[5.731s] -- Up-to-date: /home/bigdavid/EPSILON_ws/install/behavior_planner/share/behavior_planner/local_setup.dsv
[5.731s] -- Installing: /home/bigdavid/EPSILON_ws/install/behavior_planner/share/behavior_planner/package.dsv
[5.731s] -- Up-to-date: /home/bigdavid/EPSILON_ws/install/behavior_planner/share/ament_index/resource_index/packages/behavior_planner
[5.731s] -- Up-to-date: /home/bigdavid/EPSILON_ws/install/behavior_planner/share/behavior_planner/cmake/ament_cmake_export_libraries-extras.cmake
[5.731s] -- Up-to-date: /home/bigdavid/EPSILON_ws/install/behavior_planner/share/behavior_planner/cmake/ament_cmake_export_dependencies-extras.cmake
[5.731s] -- Up-to-date: /home/bigdavid/EPSILON_ws/install/behavior_planner/share/behavior_planner/cmake/ament_cmake_export_include_directories-extras.cmake
[5.731s] -- Up-to-date: /home/bigdavid/EPSILON_ws/install/behavior_planner/share/behavior_planner/cmake/behavior_plannerConfig.cmake
[5.731s] -- Up-to-date: /home/bigdavid/EPSILON_ws/install/behavior_planner/share/behavior_planner/cmake/behavior_plannerConfig-version.cmake
[5.731s] -- Up-to-date: /home/bigdavid/EPSILON_ws/install/behavior_planner/share/behavior_planner/package.xml
[5.734s] Invoked command in '/home/bigdavid/EPSILON_ws/build/behavior_planner' returned '0': AMENT_PREFIX_PATH=/home/bigdavid/EPSILON_ws/install/route_planner:/home/bigdavid/EPSILON_ws/install/semantic_map_manager:/home/bigdavid/EPSILON_ws/install/motion_predictor:/home/bigdavid/EPSILON_ws/install/forward_simulator:/home/bigdavid/EPSILON_ws/install/vehicle_msgs:/home/bigdavid/EPSILON_ws/install/vehicle_model:/home/bigdavid/EPSILON_ws/install/common:${AMENT_PREFIX_PATH} CMAKE_PREFIX_PATH=/home/bigdavid/EPSILON_ws/install/route_planner:/home/bigdavid/EPSILON_ws/install/semantic_map_manager:/home/bigdavid/EPSILON_ws/install/motion_predictor:/home/bigdavid/EPSILON_ws/install/forward_simulator:/home/bigdavid/EPSILON_ws/install/vehicle_msgs:/home/bigdavid/EPSILON_ws/install/vehicle_model:/home/bigdavid/EPSILON_ws/install/common:/opt/ros/humble LD_LIBRARY_PATH=/home/bigdavid/EPSILON_ws/install/route_planner/lib:/home/bigdavid/EPSILON_ws/install/semantic_map_manager/lib:/home/bigdavid/EPSILON_ws/install/motion_predictor/lib:/home/bigdavid/EPSILON_ws/install/forward_simulator/lib:/home/bigdavid/EPSILON_ws/install/vehicle_msgs/lib:/home/bigdavid/EPSILON_ws/install/vehicle_model/lib:/home/bigdavid/EPSILON_ws/install/common/lib:/usr/local/lib:/usr/lib/x86_64-linux-gnu/gazebo-11/plugins:/opt/ros/humble/opt/rviz_ogre_vendor/lib:/opt/ros/humble/lib/x86_64-linux-gnu:/opt/ros/humble/lib:/usr/local/cuda/lib64 PYTHONPATH=/home/bigdavid/EPSILON_ws/install/vehicle_msgs/local/lib/python3.10/dist-packages:${PYTHONPATH} /usr/bin/cmake --install /home/bigdavid/EPSILON_ws/build/behavior_planner
