[0.022s] Invoking command in '/home/bigdavid/EPSILON_ws/build/vehicle_msgs': AMENT_PREFIX_PATH=/home/bigdavid/EPSILON_ws/install/common:${AMENT_PREFIX_PATH} CMAKE_PREFIX_PATH=/home/bigdavid/EPSILON_ws/install/common:/opt/ros/humble LD_LIBRARY_PATH=/home/bigdavid/EPSILON_ws/install/common/lib:${LD_LIBRARY_PATH} /usr/bin/cmake --build /home/bigdavid/EPSILON_ws/build/vehicle_msgs -- -j32 -l32
[0.123s] [ 12%] Built target vehicle_msgs__rosidl_generator_c
[0.126s] [ 12%] Built target vehicle_msgs__cpp
[0.137s] [ 12%] Built target ament_cmake_python_copy_vehicle_msgs
[0.164s] [ 24%] Built target vehicle_msgs__rosidl_typesupport_introspection_cpp
[0.185s] [ 36%] Built target vehicle_msgs__rosidl_typesupport_c
[0.186s] [ 48%] Built target vehicle_msgs__rosidl_typesupport_fastrtps_c
[0.186s] [ 60%] Built target vehicle_msgs__rosidl_typesupport_fastrtps_cpp
[0.188s] [ 72%] Built target vehicle_msgs__rosidl_typesupport_introspection_c
[0.193s] [ 84%] Built target vehicle_msgs__rosidl_typesupport_cpp
[0.228s] [ 84%] Built target vehicle_msgs
[0.274s] [ 85%] Built target vehicle_msgs__py
[0.333s] [ 96%] Built target vehicle_msgs__rosidl_generator_py
[0.369s] [ 97%] Built target vehicle_msgs__rosidl_typesupport_fastrtps_c__pyext
[0.371s] [ 98%] Built target vehicle_msgs__rosidl_typesupport_c__pyext
[0.381s] [100%] Built target vehicle_msgs__rosidl_typesupport_introspection_c__pyext
[0.474s] running egg_info
[0.474s] writing vehicle_msgs.egg-info/PKG-INFO
[0.474s] writing dependency_links to vehicle_msgs.egg-info/dependency_links.txt
[0.474s] writing top-level names to vehicle_msgs.egg-info/top_level.txt
[0.476s] reading manifest file 'vehicle_msgs.egg-info/SOURCES.txt'
[0.476s] writing manifest file 'vehicle_msgs.egg-info/SOURCES.txt'
[0.508s] [100%] Built target ament_cmake_python_build_vehicle_msgs_egg
[0.526s] Invoked command in '/home/bigdavid/EPSILON_ws/build/vehicle_msgs' returned '0': AMENT_PREFIX_PATH=/home/bigdavid/EPSILON_ws/install/common:${AMENT_PREFIX_PATH} CMAKE_PREFIX_PATH=/home/bigdavid/EPSILON_ws/install/common:/opt/ros/humble LD_LIBRARY_PATH=/home/bigdavid/EPSILON_ws/install/common/lib:${LD_LIBRARY_PATH} /usr/bin/cmake --build /home/bigdavid/EPSILON_ws/build/vehicle_msgs -- -j32 -l32
[0.530s] Invoking command in '/home/bigdavid/EPSILON_ws/build/vehicle_msgs': AMENT_PREFIX_PATH=/home/bigdavid/EPSILON_ws/install/common:${AMENT_PREFIX_PATH} CMAKE_PREFIX_PATH=/home/bigdavid/EPSILON_ws/install/common:/opt/ros/humble LD_LIBRARY_PATH=/home/bigdavid/EPSILON_ws/install/common/lib:${LD_LIBRARY_PATH} /usr/bin/cmake --install /home/bigdavid/EPSILON_ws/build/vehicle_msgs
[0.546s] -- Install configuration: ""
[0.547s] -- Up-to-date: /home/bigdavid/EPSILON_ws/install/vehicle_msgs/share/ament_index/resource_index/rosidl_interfaces/vehicle_msgs
[0.548s] -- Up-to-date: /home/bigdavid/EPSILON_ws/install/vehicle_msgs/include/vehicle_msgs/vehicle_msgs
[0.548s] -- Up-to-date: /home/bigdavid/EPSILON_ws/install/vehicle_msgs/include/vehicle_msgs/vehicle_msgs/msg
[0.548s] -- Up-to-date: /home/bigdavid/EPSILON_ws/install/vehicle_msgs/include/vehicle_msgs/vehicle_msgs/msg/vehicle.h
[0.549s] -- Up-to-date: /home/bigdavid/EPSILON_ws/install/vehicle_msgs/include/vehicle_msgs/vehicle_msgs/msg/state.h
[0.549s] -- Up-to-date: /home/bigdavid/EPSILON_ws/install/vehicle_msgs/include/vehicle_msgs/vehicle_msgs/msg/occupancy_grid_float.h
[0.550s] -- Up-to-date: /home/bigdavid/EPSILON_ws/install/vehicle_msgs/include/vehicle_msgs/vehicle_msgs/msg/arena_info.h
[0.550s] -- Up-to-date: /home/bigdavid/EPSILON_ws/install/vehicle_msgs/include/vehicle_msgs/vehicle_msgs/msg/detail
[0.550s] -- Up-to-date: /home/bigdavid/EPSILON_ws/install/vehicle_msgs/include/vehicle_msgs/vehicle_msgs/msg/detail/polygon_obstacle__functions.h
[0.551s] -- Up-to-date: /home/bigdavid/EPSILON_ws/install/vehicle_msgs/include/vehicle_msgs/vehicle_msgs/msg/detail/vehicle_param__functions.h
[0.551s] -- Up-to-date: /home/bigdavid/EPSILON_ws/install/vehicle_msgs/include/vehicle_msgs/vehicle_msgs/msg/detail/obstacle_set__functions.h
[0.551s] -- Up-to-date: /home/bigdavid/EPSILON_ws/install/vehicle_msgs/include/vehicle_msgs/vehicle_msgs/msg/detail/vehicle__struct.h
[0.552s] -- Up-to-date: /home/bigdavid/EPSILON_ws/install/vehicle_msgs/include/vehicle_msgs/vehicle_msgs/msg/detail/state__type_support.h
[0.552s] -- Up-to-date: /home/bigdavid/EPSILON_ws/install/vehicle_msgs/include/vehicle_msgs/vehicle_msgs/msg/detail/occupancy_grid_u_int8__functions.c
[0.553s] -- Up-to-date: /home/bigdavid/EPSILON_ws/install/vehicle_msgs/include/vehicle_msgs/vehicle_msgs/msg/detail/free_state__type_support.h
[0.553s] -- Up-to-date: /home/bigdavid/EPSILON_ws/install/vehicle_msgs/include/vehicle_msgs/vehicle_msgs/msg/detail/occupancy_grid_float__functions.c
[0.553s] -- Up-to-date: /home/bigdavid/EPSILON_ws/install/vehicle_msgs/include/vehicle_msgs/vehicle_msgs/msg/detail/lane_net__functions.h
[0.554s] -- Up-to-date: /home/bigdavid/EPSILON_ws/install/vehicle_msgs/include/vehicle_msgs/vehicle_msgs/msg/detail/control_signal__struct.h
[0.554s] -- Up-to-date: /home/bigdavid/EPSILON_ws/install/vehicle_msgs/include/vehicle_msgs/vehicle_msgs/msg/detail/arena_info_static__type_support.h
[0.554s] -- Up-to-date: /home/bigdavid/EPSILON_ws/install/vehicle_msgs/include/vehicle_msgs/vehicle_msgs/msg/detail/occupancy_grid_float__type_support.h
[0.555s] -- Up-to-date: /home/bigdavid/EPSILON_ws/install/vehicle_msgs/include/vehicle_msgs/vehicle_msgs/msg/detail/circle_obstacle__type_support.h
[0.555s] -- Up-to-date: /home/bigdavid/EPSILON_ws/install/vehicle_msgs/include/vehicle_msgs/vehicle_msgs/msg/detail/occupancy_grid_float__functions.h
[0.555s] -- Up-to-date: /home/bigdavid/EPSILON_ws/install/vehicle_msgs/include/vehicle_msgs/vehicle_msgs/msg/detail/free_state__functions.c
[0.555s] -- Up-to-date: /home/bigdavid/EPSILON_ws/install/vehicle_msgs/include/vehicle_msgs/vehicle_msgs/msg/detail/vehicle__type_support.h
[0.556s] -- Up-to-date: /home/bigdavid/EPSILON_ws/install/vehicle_msgs/include/vehicle_msgs/vehicle_msgs/msg/detail/arena_info_static__functions.h
[0.556s] -- Up-to-date: /home/bigdavid/EPSILON_ws/install/vehicle_msgs/include/vehicle_msgs/vehicle_msgs/msg/detail/vehicle_set__type_support.h
[0.556s] -- Up-to-date: /home/bigdavid/EPSILON_ws/install/vehicle_msgs/include/vehicle_msgs/vehicle_msgs/msg/detail/arena_info_dynamic__functions.c
[0.556s] -- Up-to-date: /home/bigdavid/EPSILON_ws/install/vehicle_msgs/include/vehicle_msgs/vehicle_msgs/msg/detail/circle__struct.h
[0.557s] -- Up-to-date: /home/bigdavid/EPSILON_ws/install/vehicle_msgs/include/vehicle_msgs/vehicle_msgs/msg/detail/state__functions.h
[0.557s] -- Up-to-date: /home/bigdavid/EPSILON_ws/install/vehicle_msgs/include/vehicle_msgs/vehicle_msgs/msg/detail/arena_info__functions.h
[0.557s] -- Up-to-date: /home/bigdavid/EPSILON_ws/install/vehicle_msgs/include/vehicle_msgs/vehicle_msgs/msg/detail/vehicle_param__functions.c
[0.557s] -- Up-to-date: /home/bigdavid/EPSILON_ws/install/vehicle_msgs/include/vehicle_msgs/vehicle_msgs/msg/detail/arena_info_dynamic__struct.h
[0.558s] -- Up-to-date: /home/bigdavid/EPSILON_ws/install/vehicle_msgs/include/vehicle_msgs/vehicle_msgs/msg/detail/circle__type_support.h
[0.558s] -- Up-to-date: /home/bigdavid/EPSILON_ws/install/vehicle_msgs/include/vehicle_msgs/vehicle_msgs/msg/detail/obstacle_set__type_support.h
[0.558s] -- Up-to-date: /home/bigdavid/EPSILON_ws/install/vehicle_msgs/include/vehicle_msgs/vehicle_msgs/msg/detail/obstacle_set__struct.h
[0.558s] -- Up-to-date: /home/bigdavid/EPSILON_ws/install/vehicle_msgs/include/vehicle_msgs/vehicle_msgs/msg/detail/state__struct.h
[0.559s] -- Up-to-date: /home/bigdavid/EPSILON_ws/install/vehicle_msgs/include/vehicle_msgs/vehicle_msgs/msg/detail/lane__type_support.h
[0.559s] -- Up-to-date: /home/bigdavid/EPSILON_ws/install/vehicle_msgs/include/vehicle_msgs/vehicle_msgs/msg/detail/lane__struct.h
[0.559s] -- Up-to-date: /home/bigdavid/EPSILON_ws/install/vehicle_msgs/include/vehicle_msgs/vehicle_msgs/msg/detail/vehicle_param__struct.h
[0.559s] -- Up-to-date: /home/bigdavid/EPSILON_ws/install/vehicle_msgs/include/vehicle_msgs/vehicle_msgs/msg/detail/occupancy_grid_u_int8__type_support.h
[0.560s] -- Up-to-date: /home/bigdavid/EPSILON_ws/install/vehicle_msgs/include/vehicle_msgs/vehicle_msgs/msg/detail/polygon_obstacle__struct.h
[0.560s] -- Up-to-date: /home/bigdavid/EPSILON_ws/install/vehicle_msgs/include/vehicle_msgs/vehicle_msgs/msg/detail/state__functions.c
[0.560s] -- Up-to-date: /home/bigdavid/EPSILON_ws/install/vehicle_msgs/include/vehicle_msgs/vehicle_msgs/msg/detail/vehicle_set__functions.c
[0.561s] -- Up-to-date: /home/bigdavid/EPSILON_ws/install/vehicle_msgs/include/vehicle_msgs/vehicle_msgs/msg/detail/circle__functions.h
[0.561s] -- Up-to-date: /home/bigdavid/EPSILON_ws/install/vehicle_msgs/include/vehicle_msgs/vehicle_msgs/msg/detail/arena_info__functions.c
[0.561s] -- Up-to-date: /home/bigdavid/EPSILON_ws/install/vehicle_msgs/include/vehicle_msgs/vehicle_msgs/msg/detail/arena_info__type_support.h
[0.561s] -- Up-to-date: /home/bigdavid/EPSILON_ws/install/vehicle_msgs/include/vehicle_msgs/vehicle_msgs/msg/detail/occupancy_grid_u_int8__struct.h
[0.562s] -- Up-to-date: /home/bigdavid/EPSILON_ws/install/vehicle_msgs/include/vehicle_msgs/vehicle_msgs/msg/detail/polygon_obstacle__type_support.h
[0.562s] -- Up-to-date: /home/bigdavid/EPSILON_ws/install/vehicle_msgs/include/vehicle_msgs/vehicle_msgs/msg/detail/vehicle_set__struct.h
[0.562s] -- Up-to-date: /home/bigdavid/EPSILON_ws/install/vehicle_msgs/include/vehicle_msgs/vehicle_msgs/msg/detail/lane__functions.h
[0.562s] -- Up-to-date: /home/bigdavid/EPSILON_ws/install/vehicle_msgs/include/vehicle_msgs/vehicle_msgs/msg/detail/arena_info_static__functions.c
[0.563s] -- Up-to-date: /home/bigdavid/EPSILON_ws/install/vehicle_msgs/include/vehicle_msgs/vehicle_msgs/msg/detail/free_state__struct.h
[0.563s] -- Up-to-date: /home/bigdavid/EPSILON_ws/install/vehicle_msgs/include/vehicle_msgs/vehicle_msgs/msg/detail/circle_obstacle__struct.h
[0.563s] -- Up-to-date: /home/bigdavid/EPSILON_ws/install/vehicle_msgs/include/vehicle_msgs/vehicle_msgs/msg/detail/control_signal__functions.h
[0.563s] -- Up-to-date: /home/bigdavid/EPSILON_ws/install/vehicle_msgs/include/vehicle_msgs/vehicle_msgs/msg/detail/obstacle_set__functions.c
[0.564s] -- Up-to-date: /home/bigdavid/EPSILON_ws/install/vehicle_msgs/include/vehicle_msgs/vehicle_msgs/msg/detail/control_signal__type_support.h
[0.564s] -- Up-to-date: /home/bigdavid/EPSILON_ws/install/vehicle_msgs/include/vehicle_msgs/vehicle_msgs/msg/detail/vehicle__functions.h
[0.564s] -- Up-to-date: /home/bigdavid/EPSILON_ws/install/vehicle_msgs/include/vehicle_msgs/vehicle_msgs/msg/detail/lane_net__struct.h
[0.564s] -- Up-to-date: /home/bigdavid/EPSILON_ws/install/vehicle_msgs/include/vehicle_msgs/vehicle_msgs/msg/detail/occupancy_grid_float__struct.h
[0.565s] -- Up-to-date: /home/bigdavid/EPSILON_ws/install/vehicle_msgs/include/vehicle_msgs/vehicle_msgs/msg/detail/lane_net__type_support.h
[0.565s] -- Up-to-date: /home/bigdavid/EPSILON_ws/install/vehicle_msgs/include/vehicle_msgs/vehicle_msgs/msg/detail/arena_info_dynamic__type_support.h
[0.565s] -- Up-to-date: /home/bigdavid/EPSILON_ws/install/vehicle_msgs/include/vehicle_msgs/vehicle_msgs/msg/detail/lane_net__functions.c
[0.565s] -- Up-to-date: /home/bigdavid/EPSILON_ws/install/vehicle_msgs/include/vehicle_msgs/vehicle_msgs/msg/detail/polygon_obstacle__functions.c
[0.566s] -- Up-to-date: /home/bigdavid/EPSILON_ws/install/vehicle_msgs/include/vehicle_msgs/vehicle_msgs/msg/detail/control_signal__functions.c
[0.566s] -- Up-to-date: /home/bigdavid/EPSILON_ws/install/vehicle_msgs/include/vehicle_msgs/vehicle_msgs/msg/detail/free_state__functions.h
[0.566s] -- Up-to-date: /home/bigdavid/EPSILON_ws/install/vehicle_msgs/include/vehicle_msgs/vehicle_msgs/msg/detail/lane__functions.c
[0.566s] -- Up-to-date: /home/bigdavid/EPSILON_ws/install/vehicle_msgs/include/vehicle_msgs/vehicle_msgs/msg/detail/vehicle__functions.c
[0.567s] -- Up-to-date: /home/bigdavid/EPSILON_ws/install/vehicle_msgs/include/vehicle_msgs/vehicle_msgs/msg/detail/vehicle_set__functions.h
[0.567s] -- Up-to-date: /home/bigdavid/EPSILON_ws/install/vehicle_msgs/include/vehicle_msgs/vehicle_msgs/msg/detail/vehicle_param__type_support.h
[0.567s] -- Up-to-date: /home/bigdavid/EPSILON_ws/install/vehicle_msgs/include/vehicle_msgs/vehicle_msgs/msg/detail/arena_info_static__struct.h
[0.567s] -- Up-to-date: /home/bigdavid/EPSILON_ws/install/vehicle_msgs/include/vehicle_msgs/vehicle_msgs/msg/detail/arena_info__struct.h
[0.568s] -- Up-to-date: /home/bigdavid/EPSILON_ws/install/vehicle_msgs/include/vehicle_msgs/vehicle_msgs/msg/detail/circle_obstacle__functions.h
[0.568s] -- Up-to-date: /home/bigdavid/EPSILON_ws/install/vehicle_msgs/include/vehicle_msgs/vehicle_msgs/msg/detail/circle_obstacle__functions.c
[0.568s] -- Up-to-date: /home/bigdavid/EPSILON_ws/install/vehicle_msgs/include/vehicle_msgs/vehicle_msgs/msg/detail/circle__functions.c
[0.568s] -- Up-to-date: /home/bigdavid/EPSILON_ws/install/vehicle_msgs/include/vehicle_msgs/vehicle_msgs/msg/detail/arena_info_dynamic__functions.h
[0.569s] -- Up-to-date: /home/bigdavid/EPSILON_ws/install/vehicle_msgs/include/vehicle_msgs/vehicle_msgs/msg/detail/occupancy_grid_u_int8__functions.h
[0.569s] -- Up-to-date: /home/bigdavid/EPSILON_ws/install/vehicle_msgs/include/vehicle_msgs/vehicle_msgs/msg/vehicle_set.h
[0.569s] -- Up-to-date: /home/bigdavid/EPSILON_ws/install/vehicle_msgs/include/vehicle_msgs/vehicle_msgs/msg/control_signal.h
[0.569s] -- Up-to-date: /home/bigdavid/EPSILON_ws/install/vehicle_msgs/include/vehicle_msgs/vehicle_msgs/msg/free_state.h
[0.570s] -- Up-to-date: /home/bigdavid/EPSILON_ws/install/vehicle_msgs/include/vehicle_msgs/vehicle_msgs/msg/obstacle_set.h
[0.570s] -- Up-to-date: /home/bigdavid/EPSILON_ws/install/vehicle_msgs/include/vehicle_msgs/vehicle_msgs/msg/lane.h
[0.570s] -- Up-to-date: /home/bigdavid/EPSILON_ws/install/vehicle_msgs/include/vehicle_msgs/vehicle_msgs/msg/arena_info_static.h
[0.570s] -- Up-to-date: /home/bigdavid/EPSILON_ws/install/vehicle_msgs/include/vehicle_msgs/vehicle_msgs/msg/circle.h
[0.571s] -- Up-to-date: /home/bigdavid/EPSILON_ws/install/vehicle_msgs/include/vehicle_msgs/vehicle_msgs/msg/vehicle_param.h
[0.571s] -- Up-to-date: /home/bigdavid/EPSILON_ws/install/vehicle_msgs/include/vehicle_msgs/vehicle_msgs/msg/arena_info_dynamic.h
[0.571s] -- Up-to-date: /home/bigdavid/EPSILON_ws/install/vehicle_msgs/include/vehicle_msgs/vehicle_msgs/msg/rosidl_generator_c__visibility_control.h
[0.571s] -- Up-to-date: /home/bigdavid/EPSILON_ws/install/vehicle_msgs/include/vehicle_msgs/vehicle_msgs/msg/polygon_obstacle.h
[0.572s] -- Up-to-date: /home/bigdavid/EPSILON_ws/install/vehicle_msgs/include/vehicle_msgs/vehicle_msgs/msg/occupancy_grid_u_int8.h
[0.572s] -- Up-to-date: /home/bigdavid/EPSILON_ws/install/vehicle_msgs/include/vehicle_msgs/vehicle_msgs/msg/circle_obstacle.h
[0.572s] -- Up-to-date: /home/bigdavid/EPSILON_ws/install/vehicle_msgs/include/vehicle_msgs/vehicle_msgs/msg/lane_net.h
[0.573s] -- Up-to-date: /home/bigdavid/EPSILON_ws/install/vehicle_msgs/share/vehicle_msgs/environment/library_path.sh
[0.573s] -- Up-to-date: /home/bigdavid/EPSILON_ws/install/vehicle_msgs/share/vehicle_msgs/environment/library_path.dsv
[0.573s] -- Up-to-date: /home/bigdavid/EPSILON_ws/install/vehicle_msgs/lib/libvehicle_msgs__rosidl_generator_c.so
[0.573s] -- Up-to-date: /home/bigdavid/EPSILON_ws/install/vehicle_msgs/include/vehicle_msgs/vehicle_msgs
[0.574s] -- Up-to-date: /home/bigdavid/EPSILON_ws/install/vehicle_msgs/include/vehicle_msgs/vehicle_msgs/msg
[0.574s] -- Up-to-date: /home/bigdavid/EPSILON_ws/install/vehicle_msgs/include/vehicle_msgs/vehicle_msgs/msg/detail
[0.574s] -- Up-to-date: /home/bigdavid/EPSILON_ws/install/vehicle_msgs/include/vehicle_msgs/vehicle_msgs/msg/detail/arena_info__rosidl_typesupport_fastrtps_c.h
[0.574s] -- Up-to-date: /home/bigdavid/EPSILON_ws/install/vehicle_msgs/include/vehicle_msgs/vehicle_msgs/msg/detail/lane__rosidl_typesupport_fastrtps_c.h
[0.575s] -- Up-to-date: /home/bigdavid/EPSILON_ws/install/vehicle_msgs/include/vehicle_msgs/vehicle_msgs/msg/detail/arena_info_static__rosidl_typesupport_fastrtps_c.h
[0.575s] -- Up-to-date: /home/bigdavid/EPSILON_ws/install/vehicle_msgs/include/vehicle_msgs/vehicle_msgs/msg/detail/lane_net__rosidl_typesupport_fastrtps_c.h
[0.575s] -- Up-to-date: /home/bigdavid/EPSILON_ws/install/vehicle_msgs/include/vehicle_msgs/vehicle_msgs/msg/detail/vehicle_param__rosidl_typesupport_fastrtps_c.h
[0.575s] -- Up-to-date: /home/bigdavid/EPSILON_ws/install/vehicle_msgs/include/vehicle_msgs/vehicle_msgs/msg/detail/control_signal__rosidl_typesupport_fastrtps_c.h
[0.576s] -- Up-to-date: /home/bigdavid/EPSILON_ws/install/vehicle_msgs/include/vehicle_msgs/vehicle_msgs/msg/detail/circle_obstacle__rosidl_typesupport_fastrtps_c.h
[0.576s] -- Up-to-date: /home/bigdavid/EPSILON_ws/install/vehicle_msgs/include/vehicle_msgs/vehicle_msgs/msg/detail/vehicle__rosidl_typesupport_fastrtps_c.h
[0.576s] -- Up-to-date: /home/bigdavid/EPSILON_ws/install/vehicle_msgs/include/vehicle_msgs/vehicle_msgs/msg/detail/obstacle_set__rosidl_typesupport_fastrtps_c.h
[0.576s] -- Up-to-date: /home/bigdavid/EPSILON_ws/install/vehicle_msgs/include/vehicle_msgs/vehicle_msgs/msg/detail/vehicle_set__rosidl_typesupport_fastrtps_c.h
[0.577s] -- Up-to-date: /home/bigdavid/EPSILON_ws/install/vehicle_msgs/include/vehicle_msgs/vehicle_msgs/msg/detail/occupancy_grid_float__rosidl_typesupport_fastrtps_c.h
[0.577s] -- Up-to-date: /home/bigdavid/EPSILON_ws/install/vehicle_msgs/include/vehicle_msgs/vehicle_msgs/msg/detail/occupancy_grid_u_int8__rosidl_typesupport_fastrtps_c.h
[0.577s] -- Up-to-date: /home/bigdavid/EPSILON_ws/install/vehicle_msgs/include/vehicle_msgs/vehicle_msgs/msg/detail/free_state__rosidl_typesupport_fastrtps_c.h
[0.577s] -- Up-to-date: /home/bigdavid/EPSILON_ws/install/vehicle_msgs/include/vehicle_msgs/vehicle_msgs/msg/detail/arena_info_dynamic__rosidl_typesupport_fastrtps_c.h
[0.578s] -- Up-to-date: /home/bigdavid/EPSILON_ws/install/vehicle_msgs/include/vehicle_msgs/vehicle_msgs/msg/detail/polygon_obstacle__rosidl_typesupport_fastrtps_c.h
[0.578s] -- Up-to-date: /home/bigdavid/EPSILON_ws/install/vehicle_msgs/include/vehicle_msgs/vehicle_msgs/msg/detail/state__rosidl_typesupport_fastrtps_c.h
[0.578s] -- Up-to-date: /home/bigdavid/EPSILON_ws/install/vehicle_msgs/include/vehicle_msgs/vehicle_msgs/msg/detail/circle__rosidl_typesupport_fastrtps_c.h
[0.578s] -- Up-to-date: /home/bigdavid/EPSILON_ws/install/vehicle_msgs/include/vehicle_msgs/vehicle_msgs/msg/rosidl_typesupport_fastrtps_c__visibility_control.h
[0.579s] -- Up-to-date: /home/bigdavid/EPSILON_ws/install/vehicle_msgs/lib/libvehicle_msgs__rosidl_typesupport_fastrtps_c.so
[0.579s] -- Up-to-date: /home/bigdavid/EPSILON_ws/install/vehicle_msgs/include/vehicle_msgs/vehicle_msgs
[0.579s] -- Up-to-date: /home/bigdavid/EPSILON_ws/install/vehicle_msgs/include/vehicle_msgs/vehicle_msgs/msg
[0.580s] -- Up-to-date: /home/bigdavid/EPSILON_ws/install/vehicle_msgs/include/vehicle_msgs/vehicle_msgs/msg/lane.hpp
[0.580s] -- Up-to-date: /home/bigdavid/EPSILON_ws/install/vehicle_msgs/include/vehicle_msgs/vehicle_msgs/msg/obstacle_set.hpp
[0.580s] -- Up-to-date: /home/bigdavid/EPSILON_ws/install/vehicle_msgs/include/vehicle_msgs/vehicle_msgs/msg/vehicle_param.hpp
[0.580s] -- Up-to-date: /home/bigdavid/EPSILON_ws/install/vehicle_msgs/include/vehicle_msgs/vehicle_msgs/msg/arena_info_dynamic.hpp
[0.581s] -- Up-to-date: /home/bigdavid/EPSILON_ws/install/vehicle_msgs/include/vehicle_msgs/vehicle_msgs/msg/control_signal.hpp
[0.581s] -- Up-to-date: /home/bigdavid/EPSILON_ws/install/vehicle_msgs/include/vehicle_msgs/vehicle_msgs/msg/circle_obstacle.hpp
[0.581s] -- Up-to-date: /home/bigdavid/EPSILON_ws/install/vehicle_msgs/include/vehicle_msgs/vehicle_msgs/msg/arena_info_static.hpp
[0.581s] -- Up-to-date: /home/bigdavid/EPSILON_ws/install/vehicle_msgs/include/vehicle_msgs/vehicle_msgs/msg/detail
[0.582s] -- Up-to-date: /home/bigdavid/EPSILON_ws/install/vehicle_msgs/include/vehicle_msgs/vehicle_msgs/msg/detail/polygon_obstacle__type_support.hpp
[0.582s] -- Up-to-date: /home/bigdavid/EPSILON_ws/install/vehicle_msgs/include/vehicle_msgs/vehicle_msgs/msg/detail/arena_info__builder.hpp
[0.582s] -- Up-to-date: /home/bigdavid/EPSILON_ws/install/vehicle_msgs/include/vehicle_msgs/vehicle_msgs/msg/detail/arena_info_dynamic__builder.hpp
[0.582s] -- Up-to-date: /home/bigdavid/EPSILON_ws/install/vehicle_msgs/include/vehicle_msgs/vehicle_msgs/msg/detail/vehicle_set__struct.hpp
[0.583s] -- Up-to-date: /home/bigdavid/EPSILON_ws/install/vehicle_msgs/include/vehicle_msgs/vehicle_msgs/msg/detail/lane__type_support.hpp
[0.583s] -- Up-to-date: /home/bigdavid/EPSILON_ws/install/vehicle_msgs/include/vehicle_msgs/vehicle_msgs/msg/detail/obstacle_set__builder.hpp
[0.583s] -- Up-to-date: /home/bigdavid/EPSILON_ws/install/vehicle_msgs/include/vehicle_msgs/vehicle_msgs/msg/detail/occupancy_grid_u_int8__type_support.hpp
[0.583s] -- Up-to-date: /home/bigdavid/EPSILON_ws/install/vehicle_msgs/include/vehicle_msgs/vehicle_msgs/msg/detail/arena_info_static__struct.hpp
[0.584s] -- Up-to-date: /home/bigdavid/EPSILON_ws/install/vehicle_msgs/include/vehicle_msgs/vehicle_msgs/msg/detail/lane_net__type_support.hpp
[0.584s] -- Up-to-date: /home/bigdavid/EPSILON_ws/install/vehicle_msgs/include/vehicle_msgs/vehicle_msgs/msg/detail/arena_info_dynamic__type_support.hpp
[0.584s] -- Up-to-date: /home/bigdavid/EPSILON_ws/install/vehicle_msgs/include/vehicle_msgs/vehicle_msgs/msg/detail/obstacle_set__struct.hpp
[0.584s] -- Up-to-date: /home/bigdavid/EPSILON_ws/install/vehicle_msgs/include/vehicle_msgs/vehicle_msgs/msg/detail/polygon_obstacle__traits.hpp
[0.585s] -- Up-to-date: /home/bigdavid/EPSILON_ws/install/vehicle_msgs/include/vehicle_msgs/vehicle_msgs/msg/detail/circle__type_support.hpp
[0.585s] -- Up-to-date: /home/bigdavid/EPSILON_ws/install/vehicle_msgs/include/vehicle_msgs/vehicle_msgs/msg/detail/control_signal__struct.hpp
[0.585s] -- Up-to-date: /home/bigdavid/EPSILON_ws/install/vehicle_msgs/include/vehicle_msgs/vehicle_msgs/msg/detail/lane_net__builder.hpp
[0.585s] -- Up-to-date: /home/bigdavid/EPSILON_ws/install/vehicle_msgs/include/vehicle_msgs/vehicle_msgs/msg/detail/arena_info__traits.hpp
[0.586s] -- Up-to-date: /home/bigdavid/EPSILON_ws/install/vehicle_msgs/include/vehicle_msgs/vehicle_msgs/msg/detail/arena_info_static__traits.hpp
[0.586s] -- Up-to-date: /home/bigdavid/EPSILON_ws/install/vehicle_msgs/include/vehicle_msgs/vehicle_msgs/msg/detail/free_state__builder.hpp
[0.586s] -- Up-to-date: /home/bigdavid/EPSILON_ws/install/vehicle_msgs/include/vehicle_msgs/vehicle_msgs/msg/detail/arena_info_dynamic__traits.hpp
[0.586s] -- Up-to-date: /home/bigdavid/EPSILON_ws/install/vehicle_msgs/include/vehicle_msgs/vehicle_msgs/msg/detail/arena_info__struct.hpp
[0.587s] -- Up-to-date: /home/bigdavid/EPSILON_ws/install/vehicle_msgs/include/vehicle_msgs/vehicle_msgs/msg/detail/vehicle_set__builder.hpp
[0.587s] -- Up-to-date: /home/bigdavid/EPSILON_ws/install/vehicle_msgs/include/vehicle_msgs/vehicle_msgs/msg/detail/circle_obstacle__builder.hpp
[0.587s] -- Up-to-date: /home/bigdavid/EPSILON_ws/install/vehicle_msgs/include/vehicle_msgs/vehicle_msgs/msg/detail/vehicle_set__traits.hpp
[0.587s] -- Up-to-date: /home/bigdavid/EPSILON_ws/install/vehicle_msgs/include/vehicle_msgs/vehicle_msgs/msg/detail/vehicle_param__struct.hpp
[0.588s] -- Up-to-date: /home/bigdavid/EPSILON_ws/install/vehicle_msgs/include/vehicle_msgs/vehicle_msgs/msg/detail/vehicle__builder.hpp
[0.588s] -- Up-to-date: /home/bigdavid/EPSILON_ws/install/vehicle_msgs/include/vehicle_msgs/vehicle_msgs/msg/detail/occupancy_grid_float__builder.hpp
[0.588s] -- Up-to-date: /home/bigdavid/EPSILON_ws/install/vehicle_msgs/include/vehicle_msgs/vehicle_msgs/msg/detail/state__type_support.hpp
[0.588s] -- Up-to-date: /home/bigdavid/EPSILON_ws/install/vehicle_msgs/include/vehicle_msgs/vehicle_msgs/msg/detail/circle__builder.hpp
[0.589s] -- Up-to-date: /home/bigdavid/EPSILON_ws/install/vehicle_msgs/include/vehicle_msgs/vehicle_msgs/msg/detail/arena_info__type_support.hpp
[0.589s] -- Up-to-date: /home/bigdavid/EPSILON_ws/install/vehicle_msgs/include/vehicle_msgs/vehicle_msgs/msg/detail/free_state__struct.hpp
[0.589s] -- Up-to-date: /home/bigdavid/EPSILON_ws/install/vehicle_msgs/include/vehicle_msgs/vehicle_msgs/msg/detail/state__traits.hpp
[0.589s] -- Up-to-date: /home/bigdavid/EPSILON_ws/install/vehicle_msgs/include/vehicle_msgs/vehicle_msgs/msg/detail/vehicle_param__traits.hpp
[0.590s] -- Up-to-date: /home/bigdavid/EPSILON_ws/install/vehicle_msgs/include/vehicle_msgs/vehicle_msgs/msg/detail/state__builder.hpp
[0.590s] -- Up-to-date: /home/bigdavid/EPSILON_ws/install/vehicle_msgs/include/vehicle_msgs/vehicle_msgs/msg/detail/occupancy_grid_float__traits.hpp
[0.590s] -- Up-to-date: /home/bigdavid/EPSILON_ws/install/vehicle_msgs/include/vehicle_msgs/vehicle_msgs/msg/detail/vehicle__type_support.hpp
[0.591s] -- Up-to-date: /home/bigdavid/EPSILON_ws/install/vehicle_msgs/include/vehicle_msgs/vehicle_msgs/msg/detail/free_state__type_support.hpp
[0.591s] -- Up-to-date: /home/bigdavid/EPSILON_ws/install/vehicle_msgs/include/vehicle_msgs/vehicle_msgs/msg/detail/occupancy_grid_float__struct.hpp
[0.591s] -- Up-to-date: /home/bigdavid/EPSILON_ws/install/vehicle_msgs/include/vehicle_msgs/vehicle_msgs/msg/detail/circle_obstacle__type_support.hpp
[0.591s] -- Up-to-date: /home/bigdavid/EPSILON_ws/install/vehicle_msgs/include/vehicle_msgs/vehicle_msgs/msg/detail/polygon_obstacle__builder.hpp
[0.592s] -- Up-to-date: /home/bigdavid/EPSILON_ws/install/vehicle_msgs/include/vehicle_msgs/vehicle_msgs/msg/detail/occupancy_grid_float__type_support.hpp
[0.592s] -- Up-to-date: /home/bigdavid/EPSILON_ws/install/vehicle_msgs/include/vehicle_msgs/vehicle_msgs/msg/detail/occupancy_grid_u_int8__builder.hpp
[0.592s] -- Up-to-date: /home/bigdavid/EPSILON_ws/install/vehicle_msgs/include/vehicle_msgs/vehicle_msgs/msg/detail/vehicle__traits.hpp
[0.592s] -- Up-to-date: /home/bigdavid/EPSILON_ws/install/vehicle_msgs/include/vehicle_msgs/vehicle_msgs/msg/detail/circle_obstacle__struct.hpp
[0.593s] -- Up-to-date: /home/bigdavid/EPSILON_ws/install/vehicle_msgs/include/vehicle_msgs/vehicle_msgs/msg/detail/arena_info_dynamic__struct.hpp
[0.593s] -- Up-to-date: /home/bigdavid/EPSILON_ws/install/vehicle_msgs/include/vehicle_msgs/vehicle_msgs/msg/detail/vehicle_set__type_support.hpp
[0.593s] -- Up-to-date: /home/bigdavid/EPSILON_ws/install/vehicle_msgs/include/vehicle_msgs/vehicle_msgs/msg/detail/lane__builder.hpp
[0.593s] -- Up-to-date: /home/bigdavid/EPSILON_ws/install/vehicle_msgs/include/vehicle_msgs/vehicle_msgs/msg/detail/control_signal__type_support.hpp
[0.594s] -- Up-to-date: /home/bigdavid/EPSILON_ws/install/vehicle_msgs/include/vehicle_msgs/vehicle_msgs/msg/detail/vehicle_param__type_support.hpp
[0.594s] -- Up-to-date: /home/bigdavid/EPSILON_ws/install/vehicle_msgs/include/vehicle_msgs/vehicle_msgs/msg/detail/circle__traits.hpp
[0.594s] -- Up-to-date: /home/bigdavid/EPSILON_ws/install/vehicle_msgs/include/vehicle_msgs/vehicle_msgs/msg/detail/circle_obstacle__traits.hpp
[0.594s] -- Up-to-date: /home/bigdavid/EPSILON_ws/install/vehicle_msgs/include/vehicle_msgs/vehicle_msgs/msg/detail/lane_net__traits.hpp
[0.595s] -- Up-to-date: /home/bigdavid/EPSILON_ws/install/vehicle_msgs/include/vehicle_msgs/vehicle_msgs/msg/detail/arena_info_static__type_support.hpp
[0.595s] -- Up-to-date: /home/bigdavid/EPSILON_ws/install/vehicle_msgs/include/vehicle_msgs/vehicle_msgs/msg/detail/occupancy_grid_u_int8__traits.hpp
[0.596s] -- Up-to-date: /home/bigdavid/EPSILON_ws/install/vehicle_msgs/include/vehicle_msgs/vehicle_msgs/msg/detail/occupancy_grid_u_int8__struct.hpp
[0.596s] -- Up-to-date: /home/bigdavid/EPSILON_ws/install/vehicle_msgs/include/vehicle_msgs/vehicle_msgs/msg/detail/state__struct.hpp
[0.596s] -- Up-to-date: /home/bigdavid/EPSILON_ws/install/vehicle_msgs/include/vehicle_msgs/vehicle_msgs/msg/detail/obstacle_set__type_support.hpp
[0.596s] -- Up-to-date: /home/bigdavid/EPSILON_ws/install/vehicle_msgs/include/vehicle_msgs/vehicle_msgs/msg/detail/control_signal__builder.hpp
[0.597s] -- Up-to-date: /home/bigdavid/EPSILON_ws/install/vehicle_msgs/include/vehicle_msgs/vehicle_msgs/msg/detail/lane_net__struct.hpp
[0.597s] -- Up-to-date: /home/bigdavid/EPSILON_ws/install/vehicle_msgs/include/vehicle_msgs/vehicle_msgs/msg/detail/lane__struct.hpp
[0.597s] -- Up-to-date: /home/bigdavid/EPSILON_ws/install/vehicle_msgs/include/vehicle_msgs/vehicle_msgs/msg/detail/obstacle_set__traits.hpp
[0.597s] -- Up-to-date: /home/bigdavid/EPSILON_ws/install/vehicle_msgs/include/vehicle_msgs/vehicle_msgs/msg/detail/circle__struct.hpp
[0.598s] -- Up-to-date: /home/bigdavid/EPSILON_ws/install/vehicle_msgs/include/vehicle_msgs/vehicle_msgs/msg/detail/free_state__traits.hpp
[0.598s] -- Up-to-date: /home/bigdavid/EPSILON_ws/install/vehicle_msgs/include/vehicle_msgs/vehicle_msgs/msg/detail/control_signal__traits.hpp
[0.598s] -- Up-to-date: /home/bigdavid/EPSILON_ws/install/vehicle_msgs/include/vehicle_msgs/vehicle_msgs/msg/detail/polygon_obstacle__struct.hpp
[0.598s] -- Up-to-date: /home/bigdavid/EPSILON_ws/install/vehicle_msgs/include/vehicle_msgs/vehicle_msgs/msg/detail/vehicle__struct.hpp
[0.599s] -- Up-to-date: /home/bigdavid/EPSILON_ws/install/vehicle_msgs/include/vehicle_msgs/vehicle_msgs/msg/detail/lane__traits.hpp
[0.599s] -- Up-to-date: /home/bigdavid/EPSILON_ws/install/vehicle_msgs/include/vehicle_msgs/vehicle_msgs/msg/detail/arena_info_static__builder.hpp
[0.599s] -- Up-to-date: /home/bigdavid/EPSILON_ws/install/vehicle_msgs/include/vehicle_msgs/vehicle_msgs/msg/detail/vehicle_param__builder.hpp
[0.599s] -- Up-to-date: /home/bigdavid/EPSILON_ws/install/vehicle_msgs/include/vehicle_msgs/vehicle_msgs/msg/free_state.hpp
[0.600s] -- Up-to-date: /home/bigdavid/EPSILON_ws/install/vehicle_msgs/include/vehicle_msgs/vehicle_msgs/msg/arena_info.hpp
[0.600s] -- Up-to-date: /home/bigdavid/EPSILON_ws/install/vehicle_msgs/include/vehicle_msgs/vehicle_msgs/msg/vehicle.hpp
[0.600s] -- Up-to-date: /home/bigdavid/EPSILON_ws/install/vehicle_msgs/include/vehicle_msgs/vehicle_msgs/msg/circle.hpp
[0.601s] -- Up-to-date: /home/bigdavid/EPSILON_ws/install/vehicle_msgs/include/vehicle_msgs/vehicle_msgs/msg/rosidl_generator_cpp__visibility_control.hpp
[0.601s] -- Up-to-date: /home/bigdavid/EPSILON_ws/install/vehicle_msgs/include/vehicle_msgs/vehicle_msgs/msg/lane_net.hpp
[0.601s] -- Up-to-date: /home/bigdavid/EPSILON_ws/install/vehicle_msgs/include/vehicle_msgs/vehicle_msgs/msg/state.hpp
[0.601s] -- Up-to-date: /home/bigdavid/EPSILON_ws/install/vehicle_msgs/include/vehicle_msgs/vehicle_msgs/msg/vehicle_set.hpp
[0.602s] -- Up-to-date: /home/bigdavid/EPSILON_ws/install/vehicle_msgs/include/vehicle_msgs/vehicle_msgs/msg/occupancy_grid_float.hpp
[0.602s] -- Up-to-date: /home/bigdavid/EPSILON_ws/install/vehicle_msgs/include/vehicle_msgs/vehicle_msgs/msg/polygon_obstacle.hpp
[0.602s] -- Up-to-date: /home/bigdavid/EPSILON_ws/install/vehicle_msgs/include/vehicle_msgs/vehicle_msgs/msg/occupancy_grid_u_int8.hpp
[0.603s] -- Up-to-date: /home/bigdavid/EPSILON_ws/install/vehicle_msgs/include/vehicle_msgs/vehicle_msgs
[0.603s] -- Up-to-date: /home/bigdavid/EPSILON_ws/install/vehicle_msgs/include/vehicle_msgs/vehicle_msgs/msg
[0.603s] -- Up-to-date: /home/bigdavid/EPSILON_ws/install/vehicle_msgs/include/vehicle_msgs/vehicle_msgs/msg/rosidl_typesupport_fastrtps_cpp__visibility_control.h
[0.603s] -- Up-to-date: /home/bigdavid/EPSILON_ws/install/vehicle_msgs/include/vehicle_msgs/vehicle_msgs/msg/detail
[0.604s] -- Up-to-date: /home/bigdavid/EPSILON_ws/install/vehicle_msgs/include/vehicle_msgs/vehicle_msgs/msg/detail/lane_net__rosidl_typesupport_fastrtps_cpp.hpp
[0.604s] -- Up-to-date: /home/bigdavid/EPSILON_ws/install/vehicle_msgs/include/vehicle_msgs/vehicle_msgs/msg/detail/obstacle_set__rosidl_typesupport_fastrtps_cpp.hpp
[0.604s] -- Up-to-date: /home/bigdavid/EPSILON_ws/install/vehicle_msgs/include/vehicle_msgs/vehicle_msgs/msg/detail/circle__rosidl_typesupport_fastrtps_cpp.hpp
[0.605s] -- Up-to-date: /home/bigdavid/EPSILON_ws/install/vehicle_msgs/include/vehicle_msgs/vehicle_msgs/msg/detail/control_signal__rosidl_typesupport_fastrtps_cpp.hpp
[0.605s] -- Up-to-date: /home/bigdavid/EPSILON_ws/install/vehicle_msgs/include/vehicle_msgs/vehicle_msgs/msg/detail/occupancy_grid_float__rosidl_typesupport_fastrtps_cpp.hpp
[0.605s] -- Up-to-date: /home/bigdavid/EPSILON_ws/install/vehicle_msgs/include/vehicle_msgs/vehicle_msgs/msg/detail/occupancy_grid_u_int8__rosidl_typesupport_fastrtps_cpp.hpp
[0.606s] -- Up-to-date: /home/bigdavid/EPSILON_ws/install/vehicle_msgs/include/vehicle_msgs/vehicle_msgs/msg/detail/vehicle_set__rosidl_typesupport_fastrtps_cpp.hpp
[0.606s] -- Up-to-date: /home/bigdavid/EPSILON_ws/install/vehicle_msgs/include/vehicle_msgs/vehicle_msgs/msg/detail/state__rosidl_typesupport_fastrtps_cpp.hpp
[0.606s] -- Up-to-date: /home/bigdavid/EPSILON_ws/install/vehicle_msgs/include/vehicle_msgs/vehicle_msgs/msg/detail/arena_info__rosidl_typesupport_fastrtps_cpp.hpp
[0.606s] -- Up-to-date: /home/bigdavid/EPSILON_ws/install/vehicle_msgs/include/vehicle_msgs/vehicle_msgs/msg/detail/free_state__rosidl_typesupport_fastrtps_cpp.hpp
[0.607s] -- Up-to-date: /home/bigdavid/EPSILON_ws/install/vehicle_msgs/include/vehicle_msgs/vehicle_msgs/msg/detail/vehicle_param__rosidl_typesupport_fastrtps_cpp.hpp
[0.607s] -- Up-to-date: /home/bigdavid/EPSILON_ws/install/vehicle_msgs/include/vehicle_msgs/vehicle_msgs/msg/detail/arena_info_static__rosidl_typesupport_fastrtps_cpp.hpp
[0.607s] -- Up-to-date: /home/bigdavid/EPSILON_ws/install/vehicle_msgs/include/vehicle_msgs/vehicle_msgs/msg/detail/circle_obstacle__rosidl_typesupport_fastrtps_cpp.hpp
[0.608s] -- Up-to-date: /home/bigdavid/EPSILON_ws/install/vehicle_msgs/include/vehicle_msgs/vehicle_msgs/msg/detail/vehicle__rosidl_typesupport_fastrtps_cpp.hpp
[0.608s] -- Up-to-date: /home/bigdavid/EPSILON_ws/install/vehicle_msgs/include/vehicle_msgs/vehicle_msgs/msg/detail/lane__rosidl_typesupport_fastrtps_cpp.hpp
[0.608s] -- Up-to-date: /home/bigdavid/EPSILON_ws/install/vehicle_msgs/include/vehicle_msgs/vehicle_msgs/msg/detail/arena_info_dynamic__rosidl_typesupport_fastrtps_cpp.hpp
[0.609s] -- Up-to-date: /home/bigdavid/EPSILON_ws/install/vehicle_msgs/include/vehicle_msgs/vehicle_msgs/msg/detail/polygon_obstacle__rosidl_typesupport_fastrtps_cpp.hpp
[0.609s] -- Up-to-date: /home/bigdavid/EPSILON_ws/install/vehicle_msgs/include/vehicle_msgs/vehicle_msgs/msg/detail/dds_fastrtps
[0.609s] -- Up-to-date: /home/bigdavid/EPSILON_ws/install/vehicle_msgs/lib/libvehicle_msgs__rosidl_typesupport_fastrtps_cpp.so
[0.610s] -- Up-to-date: /home/bigdavid/EPSILON_ws/install/vehicle_msgs/include/vehicle_msgs/vehicle_msgs
[0.610s] -- Up-to-date: /home/bigdavid/EPSILON_ws/install/vehicle_msgs/include/vehicle_msgs/vehicle_msgs/msg
[0.610s] -- Up-to-date: /home/bigdavid/EPSILON_ws/install/vehicle_msgs/include/vehicle_msgs/vehicle_msgs/msg/rosidl_typesupport_introspection_c__visibility_control.h
[0.611s] -- Up-to-date: /home/bigdavid/EPSILON_ws/install/vehicle_msgs/include/vehicle_msgs/vehicle_msgs/msg/detail
[0.611s] -- Up-to-date: /home/bigdavid/EPSILON_ws/install/vehicle_msgs/include/vehicle_msgs/vehicle_msgs/msg/detail/arena_info_static__rosidl_typesupport_introspection_c.h
[0.611s] -- Up-to-date: /home/bigdavid/EPSILON_ws/install/vehicle_msgs/include/vehicle_msgs/vehicle_msgs/msg/detail/occupancy_grid_u_int8__type_support.c
[0.612s] -- Up-to-date: /home/bigdavid/EPSILON_ws/install/vehicle_msgs/include/vehicle_msgs/vehicle_msgs/msg/detail/vehicle_param__type_support.c
[0.612s] -- Up-to-date: /home/bigdavid/EPSILON_ws/install/vehicle_msgs/include/vehicle_msgs/vehicle_msgs/msg/detail/control_signal__type_support.c
[0.612s] -- Up-to-date: /home/bigdavid/EPSILON_ws/install/vehicle_msgs/include/vehicle_msgs/vehicle_msgs/msg/detail/arena_info_static__type_support.c
[0.612s] -- Up-to-date: /home/bigdavid/EPSILON_ws/install/vehicle_msgs/include/vehicle_msgs/vehicle_msgs/msg/detail/circle_obstacle__rosidl_typesupport_introspection_c.h
[0.613s] -- Up-to-date: /home/bigdavid/EPSILON_ws/install/vehicle_msgs/include/vehicle_msgs/vehicle_msgs/msg/detail/circle__rosidl_typesupport_introspection_c.h
[0.614s] -- Up-to-date: /home/bigdavid/EPSILON_ws/install/vehicle_msgs/include/vehicle_msgs/vehicle_msgs/msg/detail/free_state__type_support.c
[0.614s] -- Up-to-date: /home/bigdavid/EPSILON_ws/install/vehicle_msgs/include/vehicle_msgs/vehicle_msgs/msg/detail/arena_info__rosidl_typesupport_introspection_c.h
[0.614s] -- Up-to-date: /home/bigdavid/EPSILON_ws/install/vehicle_msgs/include/vehicle_msgs/vehicle_msgs/msg/detail/state__rosidl_typesupport_introspection_c.h
[0.615s] -- Up-to-date: /home/bigdavid/EPSILON_ws/install/vehicle_msgs/include/vehicle_msgs/vehicle_msgs/msg/detail/vehicle__rosidl_typesupport_introspection_c.h
[0.615s] -- Up-to-date: /home/bigdavid/EPSILON_ws/install/vehicle_msgs/include/vehicle_msgs/vehicle_msgs/msg/detail/lane__rosidl_typesupport_introspection_c.h
[0.615s] -- Up-to-date: /home/bigdavid/EPSILON_ws/install/vehicle_msgs/include/vehicle_msgs/vehicle_msgs/msg/detail/lane_net__type_support.c
[0.616s] -- Up-to-date: /home/bigdavid/EPSILON_ws/install/vehicle_msgs/include/vehicle_msgs/vehicle_msgs/msg/detail/circle_obstacle__type_support.c
[0.616s] -- Up-to-date: /home/bigdavid/EPSILON_ws/install/vehicle_msgs/include/vehicle_msgs/vehicle_msgs/msg/detail/vehicle_param__rosidl_typesupport_introspection_c.h
[0.616s] -- Up-to-date: /home/bigdavid/EPSILON_ws/install/vehicle_msgs/include/vehicle_msgs/vehicle_msgs/msg/detail/arena_info_dynamic__type_support.c
[0.617s] -- Up-to-date: /home/bigdavid/EPSILON_ws/install/vehicle_msgs/include/vehicle_msgs/vehicle_msgs/msg/detail/arena_info_dynamic__rosidl_typesupport_introspection_c.h
[0.617s] -- Up-to-date: /home/bigdavid/EPSILON_ws/install/vehicle_msgs/include/vehicle_msgs/vehicle_msgs/msg/detail/lane_net__rosidl_typesupport_introspection_c.h
[0.617s] -- Up-to-date: /home/bigdavid/EPSILON_ws/install/vehicle_msgs/include/vehicle_msgs/vehicle_msgs/msg/detail/arena_info__type_support.c
[0.617s] -- Up-to-date: /home/bigdavid/EPSILON_ws/install/vehicle_msgs/include/vehicle_msgs/vehicle_msgs/msg/detail/occupancy_grid_u_int8__rosidl_typesupport_introspection_c.h
[0.618s] -- Up-to-date: /home/bigdavid/EPSILON_ws/install/vehicle_msgs/include/vehicle_msgs/vehicle_msgs/msg/detail/polygon_obstacle__rosidl_typesupport_introspection_c.h
[0.618s] -- Up-to-date: /home/bigdavid/EPSILON_ws/install/vehicle_msgs/include/vehicle_msgs/vehicle_msgs/msg/detail/obstacle_set__type_support.c
[0.618s] -- Up-to-date: /home/bigdavid/EPSILON_ws/install/vehicle_msgs/include/vehicle_msgs/vehicle_msgs/msg/detail/occupancy_grid_float__type_support.c
[0.619s] -- Up-to-date: /home/bigdavid/EPSILON_ws/install/vehicle_msgs/include/vehicle_msgs/vehicle_msgs/msg/detail/occupancy_grid_float__rosidl_typesupport_introspection_c.h
[0.619s] -- Up-to-date: /home/bigdavid/EPSILON_ws/install/vehicle_msgs/include/vehicle_msgs/vehicle_msgs/msg/detail/lane__type_support.c
[0.620s] -- Up-to-date: /home/bigdavid/EPSILON_ws/install/vehicle_msgs/include/vehicle_msgs/vehicle_msgs/msg/detail/circle__type_support.c
[0.620s] -- Up-to-date: /home/bigdavid/EPSILON_ws/install/vehicle_msgs/include/vehicle_msgs/vehicle_msgs/msg/detail/vehicle_set__rosidl_typesupport_introspection_c.h
[0.620s] -- Up-to-date: /home/bigdavid/EPSILON_ws/install/vehicle_msgs/include/vehicle_msgs/vehicle_msgs/msg/detail/polygon_obstacle__type_support.c
[0.621s] -- Up-to-date: /home/bigdavid/EPSILON_ws/install/vehicle_msgs/include/vehicle_msgs/vehicle_msgs/msg/detail/obstacle_set__rosidl_typesupport_introspection_c.h
[0.621s] -- Up-to-date: /home/bigdavid/EPSILON_ws/install/vehicle_msgs/include/vehicle_msgs/vehicle_msgs/msg/detail/control_signal__rosidl_typesupport_introspection_c.h
[0.621s] -- Up-to-date: /home/bigdavid/EPSILON_ws/install/vehicle_msgs/include/vehicle_msgs/vehicle_msgs/msg/detail/vehicle__type_support.c
[0.621s] -- Up-to-date: /home/bigdavid/EPSILON_ws/install/vehicle_msgs/include/vehicle_msgs/vehicle_msgs/msg/detail/vehicle_set__type_support.c
[0.622s] -- Up-to-date: /home/bigdavid/EPSILON_ws/install/vehicle_msgs/include/vehicle_msgs/vehicle_msgs/msg/detail/state__type_support.c
[0.622s] -- Up-to-date: /home/bigdavid/EPSILON_ws/install/vehicle_msgs/include/vehicle_msgs/vehicle_msgs/msg/detail/free_state__rosidl_typesupport_introspection_c.h
[0.622s] -- Up-to-date: /home/bigdavid/EPSILON_ws/install/vehicle_msgs/lib/libvehicle_msgs__rosidl_typesupport_introspection_c.so
[0.623s] -- Up-to-date: /home/bigdavid/EPSILON_ws/install/vehicle_msgs/lib/libvehicle_msgs__rosidl_typesupport_c.so
[0.627s] -- Up-to-date: /home/bigdavid/EPSILON_ws/install/vehicle_msgs/include/vehicle_msgs/vehicle_msgs
[0.627s] -- Up-to-date: /home/bigdavid/EPSILON_ws/install/vehicle_msgs/include/vehicle_msgs/vehicle_msgs/msg
[0.628s] -- Up-to-date: /home/bigdavid/EPSILON_ws/install/vehicle_msgs/include/vehicle_msgs/vehicle_msgs/msg/detail
[0.629s] -- Up-to-date: /home/bigdavid/EPSILON_ws/install/vehicle_msgs/include/vehicle_msgs/vehicle_msgs/msg/detail/control_signal__type_support.cpp
[0.629s] -- Up-to-date: /home/bigdavid/EPSILON_ws/install/vehicle_msgs/include/vehicle_msgs/vehicle_msgs/msg/detail/lane_net__rosidl_typesupport_introspection_cpp.hpp
[0.629s] -- Up-to-date: /home/bigdavid/EPSILON_ws/install/vehicle_msgs/include/vehicle_msgs/vehicle_msgs/msg/detail/occupancy_grid_u_int8__rosidl_typesupport_introspection_cpp.hpp
[0.630s] -- Up-to-date: /home/bigdavid/EPSILON_ws/install/vehicle_msgs/include/vehicle_msgs/vehicle_msgs/msg/detail/vehicle__type_support.cpp
[0.631s] -- Up-to-date: /home/bigdavid/EPSILON_ws/install/vehicle_msgs/include/vehicle_msgs/vehicle_msgs/msg/detail/polygon_obstacle__rosidl_typesupport_introspection_cpp.hpp
[0.632s] -- Up-to-date: /home/bigdavid/EPSILON_ws/install/vehicle_msgs/include/vehicle_msgs/vehicle_msgs/msg/detail/vehicle_param__type_support.cpp
[0.632s] -- Up-to-date: /home/bigdavid/EPSILON_ws/install/vehicle_msgs/include/vehicle_msgs/vehicle_msgs/msg/detail/obstacle_set__type_support.cpp
[0.633s] -- Up-to-date: /home/bigdavid/EPSILON_ws/install/vehicle_msgs/include/vehicle_msgs/vehicle_msgs/msg/detail/occupancy_grid_float__rosidl_typesupport_introspection_cpp.hpp
[0.633s] -- Up-to-date: /home/bigdavid/EPSILON_ws/install/vehicle_msgs/include/vehicle_msgs/vehicle_msgs/msg/detail/circle__rosidl_typesupport_introspection_cpp.hpp
[0.634s] -- Up-to-date: /home/bigdavid/EPSILON_ws/install/vehicle_msgs/include/vehicle_msgs/vehicle_msgs/msg/detail/circle_obstacle__type_support.cpp
[0.634s] -- Up-to-date: /home/bigdavid/EPSILON_ws/install/vehicle_msgs/include/vehicle_msgs/vehicle_msgs/msg/detail/obstacle_set__rosidl_typesupport_introspection_cpp.hpp
[0.634s] -- Up-to-date: /home/bigdavid/EPSILON_ws/install/vehicle_msgs/include/vehicle_msgs/vehicle_msgs/msg/detail/arena_info_static__rosidl_typesupport_introspection_cpp.hpp
[0.635s] -- Up-to-date: /home/bigdavid/EPSILON_ws/install/vehicle_msgs/include/vehicle_msgs/vehicle_msgs/msg/detail/vehicle_set__rosidl_typesupport_introspection_cpp.hpp
[0.635s] -- Up-to-date: /home/bigdavid/EPSILON_ws/install/vehicle_msgs/include/vehicle_msgs/vehicle_msgs/msg/detail/arena_info__rosidl_typesupport_introspection_cpp.hpp
[0.635s] -- Up-to-date: /home/bigdavid/EPSILON_ws/install/vehicle_msgs/include/vehicle_msgs/vehicle_msgs/msg/detail/circle_obstacle__rosidl_typesupport_introspection_cpp.hpp
[0.636s] -- Up-to-date: /home/bigdavid/EPSILON_ws/install/vehicle_msgs/include/vehicle_msgs/vehicle_msgs/msg/detail/free_state__type_support.cpp
[0.636s] -- Up-to-date: /home/bigdavid/EPSILON_ws/install/vehicle_msgs/include/vehicle_msgs/vehicle_msgs/msg/detail/control_signal__rosidl_typesupport_introspection_cpp.hpp
[0.636s] -- Up-to-date: /home/bigdavid/EPSILON_ws/install/vehicle_msgs/include/vehicle_msgs/vehicle_msgs/msg/detail/lane__type_support.cpp
[0.637s] -- Up-to-date: /home/bigdavid/EPSILON_ws/install/vehicle_msgs/include/vehicle_msgs/vehicle_msgs/msg/detail/polygon_obstacle__type_support.cpp
[0.637s] -- Up-to-date: /home/bigdavid/EPSILON_ws/install/vehicle_msgs/include/vehicle_msgs/vehicle_msgs/msg/detail/lane_net__type_support.cpp
[0.637s] -- Up-to-date: /home/bigdavid/EPSILON_ws/install/vehicle_msgs/include/vehicle_msgs/vehicle_msgs/msg/detail/arena_info_dynamic__rosidl_typesupport_introspection_cpp.hpp
[0.638s] -- Up-to-date: /home/bigdavid/EPSILON_ws/install/vehicle_msgs/include/vehicle_msgs/vehicle_msgs/msg/detail/arena_info__type_support.cpp
[0.638s] -- Up-to-date: /home/bigdavid/EPSILON_ws/install/vehicle_msgs/include/vehicle_msgs/vehicle_msgs/msg/detail/state__rosidl_typesupport_introspection_cpp.hpp
[0.638s] -- Up-to-date: /home/bigdavid/EPSILON_ws/install/vehicle_msgs/include/vehicle_msgs/vehicle_msgs/msg/detail/arena_info_dynamic__type_support.cpp
[0.639s] -- Up-to-date: /home/bigdavid/EPSILON_ws/install/vehicle_msgs/include/vehicle_msgs/vehicle_msgs/msg/detail/lane__rosidl_typesupport_introspection_cpp.hpp
[0.639s] -- Up-to-date: /home/bigdavid/EPSILON_ws/install/vehicle_msgs/include/vehicle_msgs/vehicle_msgs/msg/detail/occupancy_grid_float__type_support.cpp
[0.641s] -- Up-to-date: /home/bigdavid/EPSILON_ws/install/vehicle_msgs/include/vehicle_msgs/vehicle_msgs/msg/detail/state__type_support.cpp
[0.641s] -- Up-to-date: /home/bigdavid/EPSILON_ws/install/vehicle_msgs/include/vehicle_msgs/vehicle_msgs/msg/detail/occupancy_grid_u_int8__type_support.cpp
[0.642s] -- Up-to-date: /home/bigdavid/EPSILON_ws/install/vehicle_msgs/include/vehicle_msgs/vehicle_msgs/msg/detail/circle__type_support.cpp
[0.643s] -- Up-to-date: /home/bigdavid/EPSILON_ws/install/vehicle_msgs/include/vehicle_msgs/vehicle_msgs/msg/detail/vehicle_set__type_support.cpp
[0.645s] -- Up-to-date: /home/bigdavid/EPSILON_ws/install/vehicle_msgs/include/vehicle_msgs/vehicle_msgs/msg/detail/vehicle__rosidl_typesupport_introspection_cpp.hpp
[0.645s] -- Up-to-date: /home/bigdavid/EPSILON_ws/install/vehicle_msgs/include/vehicle_msgs/vehicle_msgs/msg/detail/arena_info_static__type_support.cpp
[0.646s] -- Up-to-date: /home/bigdavid/EPSILON_ws/install/vehicle_msgs/include/vehicle_msgs/vehicle_msgs/msg/detail/vehicle_param__rosidl_typesupport_introspection_cpp.hpp
[0.646s] -- Up-to-date: /home/bigdavid/EPSILON_ws/install/vehicle_msgs/include/vehicle_msgs/vehicle_msgs/msg/detail/free_state__rosidl_typesupport_introspection_cpp.hpp
[0.647s] -- Up-to-date: /home/bigdavid/EPSILON_ws/install/vehicle_msgs/lib/libvehicle_msgs__rosidl_typesupport_introspection_cpp.so
[0.648s] -- Up-to-date: /home/bigdavid/EPSILON_ws/install/vehicle_msgs/lib/libvehicle_msgs__rosidl_typesupport_cpp.so
[0.648s] -- Up-to-date: /home/bigdavid/EPSILON_ws/install/vehicle_msgs/share/vehicle_msgs/environment/pythonpath.sh
[0.648s] -- Up-to-date: /home/bigdavid/EPSILON_ws/install/vehicle_msgs/share/vehicle_msgs/environment/pythonpath.dsv
[0.649s] -- Up-to-date: /home/bigdavid/EPSILON_ws/install/vehicle_msgs/local/lib/python3.10/dist-packages/vehicle_msgs-0.0.1-py3.10.egg-info
[0.649s] -- Installing: /home/bigdavid/EPSILON_ws/install/vehicle_msgs/local/lib/python3.10/dist-packages/vehicle_msgs-0.0.1-py3.10.egg-info/top_level.txt
[0.650s] -- Installing: /home/bigdavid/EPSILON_ws/install/vehicle_msgs/local/lib/python3.10/dist-packages/vehicle_msgs-0.0.1-py3.10.egg-info/dependency_links.txt
[0.651s] -- Installing: /home/bigdavid/EPSILON_ws/install/vehicle_msgs/local/lib/python3.10/dist-packages/vehicle_msgs-0.0.1-py3.10.egg-info/PKG-INFO
[0.651s] -- Installing: /home/bigdavid/EPSILON_ws/install/vehicle_msgs/local/lib/python3.10/dist-packages/vehicle_msgs-0.0.1-py3.10.egg-info/SOURCES.txt
[0.652s] -- Up-to-date: /home/bigdavid/EPSILON_ws/install/vehicle_msgs/local/lib/python3.10/dist-packages/vehicle_msgs
[0.653s] -- Up-to-date: /home/bigdavid/EPSILON_ws/install/vehicle_msgs/local/lib/python3.10/dist-packages/vehicle_msgs/libvehicle_msgs__rosidl_generator_py.so
[0.654s] -- Up-to-date: /home/bigdavid/EPSILON_ws/install/vehicle_msgs/local/lib/python3.10/dist-packages/vehicle_msgs/_vehicle_msgs_s.ep.rosidl_typesupport_introspection_c.c
[0.655s] -- Up-to-date: /home/bigdavid/EPSILON_ws/install/vehicle_msgs/local/lib/python3.10/dist-packages/vehicle_msgs/_vehicle_msgs_s.ep.rosidl_typesupport_c.c
[0.655s] -- Up-to-date: /home/bigdavid/EPSILON_ws/install/vehicle_msgs/local/lib/python3.10/dist-packages/vehicle_msgs/vehicle_msgs_s__rosidl_typesupport_c.cpython-310-x86_64-linux-gnu.so
[0.656s] -- Up-to-date: /home/bigdavid/EPSILON_ws/install/vehicle_msgs/local/lib/python3.10/dist-packages/vehicle_msgs/__init__.py
[0.656s] -- Up-to-date: /home/bigdavid/EPSILON_ws/install/vehicle_msgs/local/lib/python3.10/dist-packages/vehicle_msgs/vehicle_msgs_s__rosidl_typesupport_fastrtps_c.cpython-310-x86_64-linux-gnu.so
[0.657s] -- Up-to-date: /home/bigdavid/EPSILON_ws/install/vehicle_msgs/local/lib/python3.10/dist-packages/vehicle_msgs/_vehicle_msgs_s.ep.rosidl_typesupport_fastrtps_c.c
[0.657s] -- Up-to-date: /home/bigdavid/EPSILON_ws/install/vehicle_msgs/local/lib/python3.10/dist-packages/vehicle_msgs/vehicle_msgs_s__rosidl_typesupport_introspection_c.cpython-310-x86_64-linux-gnu.so
[0.658s] -- Up-to-date: /home/bigdavid/EPSILON_ws/install/vehicle_msgs/local/lib/python3.10/dist-packages/vehicle_msgs/msg
[0.659s] -- Up-to-date: /home/bigdavid/EPSILON_ws/install/vehicle_msgs/local/lib/python3.10/dist-packages/vehicle_msgs/msg/_arena_info_dynamic_s.c
[0.660s] -- Up-to-date: /home/bigdavid/EPSILON_ws/install/vehicle_msgs/local/lib/python3.10/dist-packages/vehicle_msgs/msg/_polygon_obstacle.py
[0.660s] -- Up-to-date: /home/bigdavid/EPSILON_ws/install/vehicle_msgs/local/lib/python3.10/dist-packages/vehicle_msgs/msg/_lane_net.py
[0.661s] -- Up-to-date: /home/bigdavid/EPSILON_ws/install/vehicle_msgs/local/lib/python3.10/dist-packages/vehicle_msgs/msg/_vehicle_param.py
[0.661s] -- Up-to-date: /home/bigdavid/EPSILON_ws/install/vehicle_msgs/local/lib/python3.10/dist-packages/vehicle_msgs/msg/_free_state.py
[0.662s] -- Up-to-date: /home/bigdavid/EPSILON_ws/install/vehicle_msgs/local/lib/python3.10/dist-packages/vehicle_msgs/msg/_occupancy_grid_float_s.c
[0.662s] -- Up-to-date: /home/bigdavid/EPSILON_ws/install/vehicle_msgs/local/lib/python3.10/dist-packages/vehicle_msgs/msg/_state.py
[0.662s] -- Up-to-date: /home/bigdavid/EPSILON_ws/install/vehicle_msgs/local/lib/python3.10/dist-packages/vehicle_msgs/msg/_circle_obstacle_s.c
[0.663s] -- Up-to-date: /home/bigdavid/EPSILON_ws/install/vehicle_msgs/local/lib/python3.10/dist-packages/vehicle_msgs/msg/_occupancy_grid_u_int8_s.c
[0.665s] -- Up-to-date: /home/bigdavid/EPSILON_ws/install/vehicle_msgs/local/lib/python3.10/dist-packages/vehicle_msgs/msg/_vehicle_set_s.c
[0.666s] -- Up-to-date: /home/bigdavid/EPSILON_ws/install/vehicle_msgs/local/lib/python3.10/dist-packages/vehicle_msgs/msg/_obstacle_set.py
[0.667s] -- Up-to-date: /home/bigdavid/EPSILON_ws/install/vehicle_msgs/local/lib/python3.10/dist-packages/vehicle_msgs/msg/__init__.py
[0.667s] -- Up-to-date: /home/bigdavid/EPSILON_ws/install/vehicle_msgs/local/lib/python3.10/dist-packages/vehicle_msgs/msg/_vehicle.py
[0.667s] -- Up-to-date: /home/bigdavid/EPSILON_ws/install/vehicle_msgs/local/lib/python3.10/dist-packages/vehicle_msgs/msg/_free_state_s.c
[0.667s] -- Up-to-date: /home/bigdavid/EPSILON_ws/install/vehicle_msgs/local/lib/python3.10/dist-packages/vehicle_msgs/msg/_control_signal_s.c
[0.667s] -- Up-to-date: /home/bigdavid/EPSILON_ws/install/vehicle_msgs/local/lib/python3.10/dist-packages/vehicle_msgs/msg/_arena_info_dynamic.py
[0.667s] -- Up-to-date: /home/bigdavid/EPSILON_ws/install/vehicle_msgs/local/lib/python3.10/dist-packages/vehicle_msgs/msg/_circle.py
[0.667s] -- Up-to-date: /home/bigdavid/EPSILON_ws/install/vehicle_msgs/local/lib/python3.10/dist-packages/vehicle_msgs/msg/_circle_s.c
[0.667s] -- Up-to-date: /home/bigdavid/EPSILON_ws/install/vehicle_msgs/local/lib/python3.10/dist-packages/vehicle_msgs/msg/_state_s.c
[0.667s] -- Up-to-date: /home/bigdavid/EPSILON_ws/install/vehicle_msgs/local/lib/python3.10/dist-packages/vehicle_msgs/msg/_occupancy_grid_u_int8.py
[0.667s] -- Up-to-date: /home/bigdavid/EPSILON_ws/install/vehicle_msgs/local/lib/python3.10/dist-packages/vehicle_msgs/msg/_control_signal.py
[0.667s] -- Up-to-date: /home/bigdavid/EPSILON_ws/install/vehicle_msgs/local/lib/python3.10/dist-packages/vehicle_msgs/msg/_polygon_obstacle_s.c
[0.667s] -- Up-to-date: /home/bigdavid/EPSILON_ws/install/vehicle_msgs/local/lib/python3.10/dist-packages/vehicle_msgs/msg/_lane_s.c
[0.667s] -- Up-to-date: /home/bigdavid/EPSILON_ws/install/vehicle_msgs/local/lib/python3.10/dist-packages/vehicle_msgs/msg/_circle_obstacle.py
[0.668s] -- Up-to-date: /home/bigdavid/EPSILON_ws/install/vehicle_msgs/local/lib/python3.10/dist-packages/vehicle_msgs/msg/_lane_net_s.c
[0.668s] -- Up-to-date: /home/bigdavid/EPSILON_ws/install/vehicle_msgs/local/lib/python3.10/dist-packages/vehicle_msgs/msg/_obstacle_set_s.c
[0.668s] -- Up-to-date: /home/bigdavid/EPSILON_ws/install/vehicle_msgs/local/lib/python3.10/dist-packages/vehicle_msgs/msg/_arena_info_s.c
[0.668s] -- Up-to-date: /home/bigdavid/EPSILON_ws/install/vehicle_msgs/local/lib/python3.10/dist-packages/vehicle_msgs/msg/_lane.py
[0.668s] -- Up-to-date: /home/bigdavid/EPSILON_ws/install/vehicle_msgs/local/lib/python3.10/dist-packages/vehicle_msgs/msg/_arena_info_static.py
[0.668s] -- Up-to-date: /home/bigdavid/EPSILON_ws/install/vehicle_msgs/local/lib/python3.10/dist-packages/vehicle_msgs/msg/_arena_info_static_s.c
[0.668s] -- Up-to-date: /home/bigdavid/EPSILON_ws/install/vehicle_msgs/local/lib/python3.10/dist-packages/vehicle_msgs/msg/_arena_info.py
[0.668s] -- Up-to-date: /home/bigdavid/EPSILON_ws/install/vehicle_msgs/local/lib/python3.10/dist-packages/vehicle_msgs/msg/_occupancy_grid_float.py
[0.668s] -- Up-to-date: /home/bigdavid/EPSILON_ws/install/vehicle_msgs/local/lib/python3.10/dist-packages/vehicle_msgs/msg/_vehicle_param_s.c
[0.668s] -- Up-to-date: /home/bigdavid/EPSILON_ws/install/vehicle_msgs/local/lib/python3.10/dist-packages/vehicle_msgs/msg/_vehicle_set.py
[0.668s] -- Up-to-date: /home/bigdavid/EPSILON_ws/install/vehicle_msgs/local/lib/python3.10/dist-packages/vehicle_msgs/msg/_vehicle_s.c
[0.668s] Listing '/home/bigdavid/EPSILON_ws/install/vehicle_msgs/local/lib/python3.10/dist-packages/vehicle_msgs'...
[0.668s] Listing '/home/bigdavid/EPSILON_ws/install/vehicle_msgs/local/lib/python3.10/dist-packages/vehicle_msgs/msg'...
[0.668s] -- Up-to-date: /home/bigdavid/EPSILON_ws/install/vehicle_msgs/local/lib/python3.10/dist-packages/vehicle_msgs/vehicle_msgs_s__rosidl_typesupport_fastrtps_c.cpython-310-x86_64-linux-gnu.so
[0.669s] -- Up-to-date: /home/bigdavid/EPSILON_ws/install/vehicle_msgs/local/lib/python3.10/dist-packages/vehicle_msgs/vehicle_msgs_s__rosidl_typesupport_introspection_c.cpython-310-x86_64-linux-gnu.so
[0.669s] -- Up-to-date: /home/bigdavid/EPSILON_ws/install/vehicle_msgs/local/lib/python3.10/dist-packages/vehicle_msgs/vehicle_msgs_s__rosidl_typesupport_c.cpython-310-x86_64-linux-gnu.so
[0.669s] -- Up-to-date: /home/bigdavid/EPSILON_ws/install/vehicle_msgs/lib/libvehicle_msgs__rosidl_generator_py.so
[0.669s] -- Up-to-date: /home/bigdavid/EPSILON_ws/install/vehicle_msgs/share/vehicle_msgs/msg/State.idl
[0.669s] -- Up-to-date: /home/bigdavid/EPSILON_ws/install/vehicle_msgs/share/vehicle_msgs/msg/ControlSignal.idl
[0.671s] -- Up-to-date: /home/bigdavid/EPSILON_ws/install/vehicle_msgs/share/vehicle_msgs/msg/Lane.idl
[0.671s] -- Up-to-date: /home/bigdavid/EPSILON_ws/install/vehicle_msgs/share/vehicle_msgs/msg/LaneNet.idl
[0.672s] -- Up-to-date: /home/bigdavid/EPSILON_ws/install/vehicle_msgs/share/vehicle_msgs/msg/VehicleParam.idl
[0.672s] -- Up-to-date: /home/bigdavid/EPSILON_ws/install/vehicle_msgs/share/vehicle_msgs/msg/Vehicle.idl
[0.673s] -- Up-to-date: /home/bigdavid/EPSILON_ws/install/vehicle_msgs/share/vehicle_msgs/msg/VehicleSet.idl
[0.674s] -- Up-to-date: /home/bigdavid/EPSILON_ws/install/vehicle_msgs/share/vehicle_msgs/msg/OccupancyGridFloat.idl
[0.674s] -- Up-to-date: /home/bigdavid/EPSILON_ws/install/vehicle_msgs/share/vehicle_msgs/msg/OccupancyGridUInt8.idl
[0.675s] -- Up-to-date: /home/bigdavid/EPSILON_ws/install/vehicle_msgs/share/vehicle_msgs/msg/Circle.idl
[0.676s] -- Up-to-date: /home/bigdavid/EPSILON_ws/install/vehicle_msgs/share/vehicle_msgs/msg/CircleObstacle.idl
[0.676s] -- Up-to-date: /home/bigdavid/EPSILON_ws/install/vehicle_msgs/share/vehicle_msgs/msg/PolygonObstacle.idl
[0.677s] -- Up-to-date: /home/bigdavid/EPSILON_ws/install/vehicle_msgs/share/vehicle_msgs/msg/ObstacleSet.idl
[0.677s] -- Up-to-date: /home/bigdavid/EPSILON_ws/install/vehicle_msgs/share/vehicle_msgs/msg/FreeState.idl
[0.678s] -- Up-to-date: /home/bigdavid/EPSILON_ws/install/vehicle_msgs/share/vehicle_msgs/msg/ArenaInfo.idl
[0.678s] -- Up-to-date: /home/bigdavid/EPSILON_ws/install/vehicle_msgs/share/vehicle_msgs/msg/ArenaInfoDynamic.idl
[0.678s] -- Up-to-date: /home/bigdavid/EPSILON_ws/install/vehicle_msgs/share/vehicle_msgs/msg/ArenaInfoStatic.idl
[0.679s] -- Up-to-date: /home/bigdavid/EPSILON_ws/install/vehicle_msgs/share/vehicle_msgs/msg/State.msg
[0.679s] -- Up-to-date: /home/bigdavid/EPSILON_ws/install/vehicle_msgs/share/vehicle_msgs/msg/ControlSignal.msg
[0.679s] -- Up-to-date: /home/bigdavid/EPSILON_ws/install/vehicle_msgs/share/vehicle_msgs/msg/Lane.msg
[0.680s] -- Up-to-date: /home/bigdavid/EPSILON_ws/install/vehicle_msgs/share/vehicle_msgs/msg/LaneNet.msg
[0.680s] -- Up-to-date: /home/bigdavid/EPSILON_ws/install/vehicle_msgs/share/vehicle_msgs/msg/VehicleParam.msg
[0.681s] -- Up-to-date: /home/bigdavid/EPSILON_ws/install/vehicle_msgs/share/vehicle_msgs/msg/Vehicle.msg
[0.681s] -- Up-to-date: /home/bigdavid/EPSILON_ws/install/vehicle_msgs/share/vehicle_msgs/msg/VehicleSet.msg
[0.682s] -- Up-to-date: /home/bigdavid/EPSILON_ws/install/vehicle_msgs/share/vehicle_msgs/msg/OccupancyGridFloat.msg
[0.682s] -- Up-to-date: /home/bigdavid/EPSILON_ws/install/vehicle_msgs/share/vehicle_msgs/msg/OccupancyGridUInt8.msg
[0.682s] -- Up-to-date: /home/bigdavid/EPSILON_ws/install/vehicle_msgs/share/vehicle_msgs/msg/Circle.msg
[0.683s] -- Up-to-date: /home/bigdavid/EPSILON_ws/install/vehicle_msgs/share/vehicle_msgs/msg/CircleObstacle.msg
[0.683s] -- Up-to-date: /home/bigdavid/EPSILON_ws/install/vehicle_msgs/share/vehicle_msgs/msg/PolygonObstacle.msg
[0.683s] -- Up-to-date: /home/bigdavid/EPSILON_ws/install/vehicle_msgs/share/vehicle_msgs/msg/ObstacleSet.msg
[0.684s] -- Up-to-date: /home/bigdavid/EPSILON_ws/install/vehicle_msgs/share/vehicle_msgs/msg/FreeState.msg
[0.684s] -- Up-to-date: /home/bigdavid/EPSILON_ws/install/vehicle_msgs/share/vehicle_msgs/msg/ArenaInfo.msg
[0.686s] -- Up-to-date: /home/bigdavid/EPSILON_ws/install/vehicle_msgs/share/vehicle_msgs/msg/ArenaInfoDynamic.msg
[0.687s] -- Up-to-date: /home/bigdavid/EPSILON_ws/install/vehicle_msgs/share/vehicle_msgs/msg/ArenaInfoStatic.msg
[0.687s] -- Up-to-date: /home/bigdavid/EPSILON_ws/install/vehicle_msgs/share/vehicle_msgs/msg
[0.688s] -- Up-to-date: /home/bigdavid/EPSILON_ws/install/vehicle_msgs/share/vehicle_msgs/msg/FreeState.msg
[0.689s] -- Up-to-date: /home/bigdavid/EPSILON_ws/install/vehicle_msgs/share/vehicle_msgs/msg/VehicleSet.msg
[0.690s] -- Up-to-date: /home/bigdavid/EPSILON_ws/install/vehicle_msgs/share/vehicle_msgs/msg/ArenaInfoStatic.msg
[0.690s] -- Up-to-date: /home/bigdavid/EPSILON_ws/install/vehicle_msgs/share/vehicle_msgs/msg/MotionControl.msg
[0.691s] -- Up-to-date: /home/bigdavid/EPSILON_ws/install/vehicle_msgs/share/vehicle_msgs/msg/Lane.msg
[0.691s] -- Up-to-date: /home/bigdavid/EPSILON_ws/install/vehicle_msgs/share/vehicle_msgs/msg/VehicleParam.msg
[0.691s] -- Up-to-date: /home/bigdavid/EPSILON_ws/install/vehicle_msgs/share/vehicle_msgs/msg/ObstacleSet.msg
[0.692s] -- Up-to-date: /home/bigdavid/EPSILON_ws/install/vehicle_msgs/share/vehicle_msgs/msg/PolygonObstacle.msg
[0.692s] -- Up-to-date: /home/bigdavid/EPSILON_ws/install/vehicle_msgs/share/vehicle_msgs/msg/LaneNet.msg
[0.692s] -- Up-to-date: /home/bigdavid/EPSILON_ws/install/vehicle_msgs/share/vehicle_msgs/msg/State.msg
[0.693s] -- Up-to-date: /home/bigdavid/EPSILON_ws/install/vehicle_msgs/share/vehicle_msgs/msg/Vehicle.msg
[0.693s] -- Up-to-date: /home/bigdavid/EPSILON_ws/install/vehicle_msgs/share/vehicle_msgs/msg/OccupancyGridUInt8.msg
[0.693s] -- Up-to-date: /home/bigdavid/EPSILON_ws/install/vehicle_msgs/share/vehicle_msgs/msg/Circle.msg
[0.693s] -- Up-to-date: /home/bigdavid/EPSILON_ws/install/vehicle_msgs/share/vehicle_msgs/msg/ControlSignal.msg
[0.693s] -- Up-to-date: /home/bigdavid/EPSILON_ws/install/vehicle_msgs/share/vehicle_msgs/msg/OccupancyGridFloat.msg
[0.693s] -- Up-to-date: /home/bigdavid/EPSILON_ws/install/vehicle_msgs/share/vehicle_msgs/msg/ArenaInfo.msg
[0.693s] -- Up-to-date: /home/bigdavid/EPSILON_ws/install/vehicle_msgs/share/vehicle_msgs/msg/CircleObstacle.msg
[0.693s] -- Up-to-date: /home/bigdavid/EPSILON_ws/install/vehicle_msgs/share/vehicle_msgs/msg/ArenaInfoDynamic.msg
[0.693s] -- Up-to-date: /home/bigdavid/EPSILON_ws/install/vehicle_msgs/include
[0.693s] -- Up-to-date: /home/bigdavid/EPSILON_ws/install/vehicle_msgs/include/vehicle_msgs
[0.693s] -- Up-to-date: /home/bigdavid/EPSILON_ws/install/vehicle_msgs/include/vehicle_msgs/decoder.h
[0.693s] -- Up-to-date: /home/bigdavid/EPSILON_ws/install/vehicle_msgs/include/vehicle_msgs/encoder.h
[0.694s] -- Up-to-date: /home/bigdavid/EPSILON_ws/install/vehicle_msgs/share/ament_index/resource_index/package_run_dependencies/vehicle_msgs
[0.694s] -- Up-to-date: /home/bigdavid/EPSILON_ws/install/vehicle_msgs/share/ament_index/resource_index/parent_prefix_path/vehicle_msgs
[0.694s] -- Up-to-date: /home/bigdavid/EPSILON_ws/install/vehicle_msgs/share/vehicle_msgs/environment/ament_prefix_path.sh
[0.694s] -- Up-to-date: /home/bigdavid/EPSILON_ws/install/vehicle_msgs/share/vehicle_msgs/environment/ament_prefix_path.dsv
[0.694s] -- Up-to-date: /home/bigdavid/EPSILON_ws/install/vehicle_msgs/share/vehicle_msgs/environment/path.sh
[0.694s] -- Up-to-date: /home/bigdavid/EPSILON_ws/install/vehicle_msgs/share/vehicle_msgs/environment/path.dsv
[0.694s] -- Up-to-date: /home/bigdavid/EPSILON_ws/install/vehicle_msgs/share/vehicle_msgs/local_setup.bash
[0.694s] -- Up-to-date: /home/bigdavid/EPSILON_ws/install/vehicle_msgs/share/vehicle_msgs/local_setup.sh
[0.694s] -- Up-to-date: /home/bigdavid/EPSILON_ws/install/vehicle_msgs/share/vehicle_msgs/local_setup.zsh
[0.694s] -- Up-to-date: /home/bigdavid/EPSILON_ws/install/vehicle_msgs/share/vehicle_msgs/local_setup.dsv
[0.694s] -- Installing: /home/bigdavid/EPSILON_ws/install/vehicle_msgs/share/vehicle_msgs/package.dsv
[0.694s] -- Up-to-date: /home/bigdavid/EPSILON_ws/install/vehicle_msgs/share/ament_index/resource_index/packages/vehicle_msgs
[0.694s] -- Up-to-date: /home/bigdavid/EPSILON_ws/install/vehicle_msgs/share/vehicle_msgs/cmake/export_vehicle_msgs__rosidl_generator_cExport.cmake
[0.694s] -- Up-to-date: /home/bigdavid/EPSILON_ws/install/vehicle_msgs/share/vehicle_msgs/cmake/export_vehicle_msgs__rosidl_generator_cExport-noconfig.cmake
[0.694s] -- Up-to-date: /home/bigdavid/EPSILON_ws/install/vehicle_msgs/share/vehicle_msgs/cmake/export_vehicle_msgs__rosidl_typesupport_fastrtps_cExport.cmake
[0.694s] -- Up-to-date: /home/bigdavid/EPSILON_ws/install/vehicle_msgs/share/vehicle_msgs/cmake/export_vehicle_msgs__rosidl_typesupport_fastrtps_cExport-noconfig.cmake
[0.695s] -- Up-to-date: /home/bigdavid/EPSILON_ws/install/vehicle_msgs/share/vehicle_msgs/cmake/export_vehicle_msgs__rosidl_generator_cppExport.cmake
[0.695s] -- Up-to-date: /home/bigdavid/EPSILON_ws/install/vehicle_msgs/share/vehicle_msgs/cmake/export_vehicle_msgs__rosidl_typesupport_fastrtps_cppExport.cmake
[0.695s] -- Up-to-date: /home/bigdavid/EPSILON_ws/install/vehicle_msgs/share/vehicle_msgs/cmake/export_vehicle_msgs__rosidl_typesupport_fastrtps_cppExport-noconfig.cmake
[0.695s] -- Up-to-date: /home/bigdavid/EPSILON_ws/install/vehicle_msgs/share/vehicle_msgs/cmake/vehicle_msgs__rosidl_typesupport_introspection_cExport.cmake
[0.695s] -- Up-to-date: /home/bigdavid/EPSILON_ws/install/vehicle_msgs/share/vehicle_msgs/cmake/vehicle_msgs__rosidl_typesupport_introspection_cExport-noconfig.cmake
[0.695s] -- Up-to-date: /home/bigdavid/EPSILON_ws/install/vehicle_msgs/share/vehicle_msgs/cmake/vehicle_msgs__rosidl_typesupport_cExport.cmake
[0.695s] -- Up-to-date: /home/bigdavid/EPSILON_ws/install/vehicle_msgs/share/vehicle_msgs/cmake/vehicle_msgs__rosidl_typesupport_cExport-noconfig.cmake
[0.695s] -- Up-to-date: /home/bigdavid/EPSILON_ws/install/vehicle_msgs/share/vehicle_msgs/cmake/vehicle_msgs__rosidl_typesupport_introspection_cppExport.cmake
[0.695s] -- Up-to-date: /home/bigdavid/EPSILON_ws/install/vehicle_msgs/share/vehicle_msgs/cmake/vehicle_msgs__rosidl_typesupport_introspection_cppExport-noconfig.cmake
[0.695s] -- Up-to-date: /home/bigdavid/EPSILON_ws/install/vehicle_msgs/share/vehicle_msgs/cmake/vehicle_msgs__rosidl_typesupport_cppExport.cmake
[0.695s] -- Up-to-date: /home/bigdavid/EPSILON_ws/install/vehicle_msgs/share/vehicle_msgs/cmake/vehicle_msgs__rosidl_typesupport_cppExport-noconfig.cmake
[0.695s] -- Up-to-date: /home/bigdavid/EPSILON_ws/install/vehicle_msgs/share/vehicle_msgs/cmake/export_vehicle_msgs__rosidl_generator_pyExport.cmake
[0.695s] -- Up-to-date: /home/bigdavid/EPSILON_ws/install/vehicle_msgs/share/vehicle_msgs/cmake/export_vehicle_msgs__rosidl_generator_pyExport-noconfig.cmake
[0.696s] -- Up-to-date: /home/bigdavid/EPSILON_ws/install/vehicle_msgs/share/vehicle_msgs/cmake/rosidl_cmake-extras.cmake
[0.696s] -- Up-to-date: /home/bigdavid/EPSILON_ws/install/vehicle_msgs/share/vehicle_msgs/cmake/ament_cmake_export_dependencies-extras.cmake
[0.696s] -- Up-to-date: /home/bigdavid/EPSILON_ws/install/vehicle_msgs/share/vehicle_msgs/cmake/ament_cmake_export_include_directories-extras.cmake
[0.696s] -- Up-to-date: /home/bigdavid/EPSILON_ws/install/vehicle_msgs/share/vehicle_msgs/cmake/ament_cmake_export_libraries-extras.cmake
[0.696s] -- Up-to-date: /home/bigdavid/EPSILON_ws/install/vehicle_msgs/share/vehicle_msgs/cmake/ament_cmake_export_targets-extras.cmake
[0.696s] -- Up-to-date: /home/bigdavid/EPSILON_ws/install/vehicle_msgs/share/vehicle_msgs/cmake/rosidl_cmake_export_typesupport_targets-extras.cmake
[0.696s] -- Up-to-date: /home/bigdavid/EPSILON_ws/install/vehicle_msgs/share/vehicle_msgs/cmake/rosidl_cmake_export_typesupport_libraries-extras.cmake
[0.696s] -- Up-to-date: /home/bigdavid/EPSILON_ws/install/vehicle_msgs/share/vehicle_msgs/cmake/vehicle_msgsConfig.cmake
[0.696s] -- Up-to-date: /home/bigdavid/EPSILON_ws/install/vehicle_msgs/share/vehicle_msgs/cmake/vehicle_msgsConfig-version.cmake
[0.696s] -- Up-to-date: /home/bigdavid/EPSILON_ws/install/vehicle_msgs/share/vehicle_msgs/package.xml
[0.696s] Invoked command in '/home/bigdavid/EPSILON_ws/build/vehicle_msgs' returned '0': AMENT_PREFIX_PATH=/home/bigdavid/EPSILON_ws/install/common:${AMENT_PREFIX_PATH} CMAKE_PREFIX_PATH=/home/bigdavid/EPSILON_ws/install/common:/opt/ros/humble LD_LIBRARY_PATH=/home/bigdavid/EPSILON_ws/install/common/lib:${LD_LIBRARY_PATH} /usr/bin/cmake --install /home/bigdavid/EPSILON_ws/build/vehicle_msgs
