[0.011s] Invoking command in '/home/bigdavid/EPSILON_ws/build/phy_simulator': AMENT_PREFIX_PATH=/home/bigdavid/EPSILON_ws/install/vehicle_msgs:/home/bigdavid/EPSILON_ws/install/vehicle_model:/home/bigdavid/EPSILON_ws/install/common:${AMENT_PREFIX_PATH} CMAKE_PREFIX_PATH=/home/bigdavid/EPSILON_ws/install/vehicle_msgs:/home/bigdavid/EPSILON_ws/install/vehicle_model:/home/bigdavid/EPSILON_ws/install/common:/opt/ros/humble LD_LIBRARY_PATH=/home/bigdavid/EPSILON_ws/install/vehicle_msgs/lib:/home/bigdavid/EPSILON_ws/install/vehicle_model/lib:/home/bigdavid/EPSILON_ws/install/common/lib:/usr/local/lib:/usr/lib/x86_64-linux-gnu/gazebo-11/plugins:/opt/ros/humble/opt/rviz_ogre_vendor/lib:/opt/ros/humble/lib/x86_64-linux-gnu:/opt/ros/humble/lib:/usr/local/cuda/lib64 PYTHONPATH=/home/bigdavid/EPSILON_ws/install/vehicle_msgs/local/lib/python3.10/dist-packages:${PYTHONPATH} /usr/bin/cmake --build /home/bigdavid/EPSILON_ws/build/phy_simulator -- -j32 -l32
[0.048s] [ 42%] Built target phy_simulator_lib
[0.077s] [100%] Built target phy_simulator_planning_node
[0.095s] Invoked command in '/home/bigdavid/EPSILON_ws/build/phy_simulator' returned '0': AMENT_PREFIX_PATH=/home/bigdavid/EPSILON_ws/install/vehicle_msgs:/home/bigdavid/EPSILON_ws/install/vehicle_model:/home/bigdavid/EPSILON_ws/install/common:${AMENT_PREFIX_PATH} CMAKE_PREFIX_PATH=/home/bigdavid/EPSILON_ws/install/vehicle_msgs:/home/bigdavid/EPSILON_ws/install/vehicle_model:/home/bigdavid/EPSILON_ws/install/common:/opt/ros/humble LD_LIBRARY_PATH=/home/bigdavid/EPSILON_ws/install/vehicle_msgs/lib:/home/bigdavid/EPSILON_ws/install/vehicle_model/lib:/home/bigdavid/EPSILON_ws/install/common/lib:/usr/local/lib:/usr/lib/x86_64-linux-gnu/gazebo-11/plugins:/opt/ros/humble/opt/rviz_ogre_vendor/lib:/opt/ros/humble/lib/x86_64-linux-gnu:/opt/ros/humble/lib:/usr/local/cuda/lib64 PYTHONPATH=/home/bigdavid/EPSILON_ws/install/vehicle_msgs/local/lib/python3.10/dist-packages:${PYTHONPATH} /usr/bin/cmake --build /home/bigdavid/EPSILON_ws/build/phy_simulator -- -j32 -l32
[0.096s] Invoking command in '/home/bigdavid/EPSILON_ws/build/phy_simulator': AMENT_PREFIX_PATH=/home/bigdavid/EPSILON_ws/install/vehicle_msgs:/home/bigdavid/EPSILON_ws/install/vehicle_model:/home/bigdavid/EPSILON_ws/install/common:${AMENT_PREFIX_PATH} CMAKE_PREFIX_PATH=/home/bigdavid/EPSILON_ws/install/vehicle_msgs:/home/bigdavid/EPSILON_ws/install/vehicle_model:/home/bigdavid/EPSILON_ws/install/common:/opt/ros/humble LD_LIBRARY_PATH=/home/bigdavid/EPSILON_ws/install/vehicle_msgs/lib:/home/bigdavid/EPSILON_ws/install/vehicle_model/lib:/home/bigdavid/EPSILON_ws/install/common/lib:/usr/local/lib:/usr/lib/x86_64-linux-gnu/gazebo-11/plugins:/opt/ros/humble/opt/rviz_ogre_vendor/lib:/opt/ros/humble/lib/x86_64-linux-gnu:/opt/ros/humble/lib:/usr/local/cuda/lib64 PYTHONPATH=/home/bigdavid/EPSILON_ws/install/vehicle_msgs/local/lib/python3.10/dist-packages:${PYTHONPATH} /usr/bin/cmake --install /home/bigdavid/EPSILON_ws/build/phy_simulator
[0.102s] -- Install configuration: "Release"
[0.102s] -- Up-to-date: /home/bigdavid/EPSILON_ws/install/phy_simulator/lib/libphy_simulator_lib.a
[0.102s] -- Up-to-date: /home/bigdavid/EPSILON_ws/install/phy_simulator/lib/phy_simulator/phy_simulator_planning_node
[0.102s] -- Up-to-date: /home/bigdavid/EPSILON_ws/install/phy_simulator/include
[0.102s] -- Up-to-date: /home/bigdavid/EPSILON_ws/install/phy_simulator/include/phy_simulator
[0.102s] -- Up-to-date: /home/bigdavid/EPSILON_ws/install/phy_simulator/include/phy_simulator/ros_adapter.h
[0.102s] -- Up-to-date: /home/bigdavid/EPSILON_ws/install/phy_simulator/include/phy_simulator/phy_simulator.h
[0.102s] -- Up-to-date: /home/bigdavid/EPSILON_ws/install/phy_simulator/include/phy_simulator/arena_loader.h
[0.103s] -- Up-to-date: /home/bigdavid/EPSILON_ws/install/phy_simulator/include/phy_simulator/visualizer.h
[0.103s] -- Up-to-date: /home/bigdavid/EPSILON_ws/install/phy_simulator/include/phy_simulator/basics.h
[0.103s] -- Up-to-date: /home/bigdavid/EPSILON_ws/install/phy_simulator/share/phy_simulator/launch
[0.103s] -- Up-to-date: /home/bigdavid/EPSILON_ws/install/phy_simulator/share/phy_simulator/launch/phy_simulator_planning.launch
[0.103s] -- Up-to-date: /home/bigdavid/EPSILON_ws/install/phy_simulator/share/phy_simulator/launch/joy_ctrl.launch
[0.103s] -- Up-to-date: /home/bigdavid/EPSILON_ws/install/phy_simulator/share/phy_simulator/launch/joy_ctrl_launch.py
[0.103s] -- Up-to-date: /home/bigdavid/EPSILON_ws/install/phy_simulator/share/phy_simulator/launch/phy_simulator_planning_launch.py
[0.103s] -- Up-to-date: /home/bigdavid/EPSILON_ws/install/phy_simulator/share/phy_simulator/environment/library_path.sh
[0.103s] -- Up-to-date: /home/bigdavid/EPSILON_ws/install/phy_simulator/share/phy_simulator/environment/library_path.dsv
[0.103s] -- Up-to-date: /home/bigdavid/EPSILON_ws/install/phy_simulator/share/ament_index/resource_index/package_run_dependencies/phy_simulator
[0.103s] -- Up-to-date: /home/bigdavid/EPSILON_ws/install/phy_simulator/share/ament_index/resource_index/parent_prefix_path/phy_simulator
[0.104s] -- Up-to-date: /home/bigdavid/EPSILON_ws/install/phy_simulator/share/phy_simulator/environment/ament_prefix_path.sh
[0.104s] -- Up-to-date: /home/bigdavid/EPSILON_ws/install/phy_simulator/share/phy_simulator/environment/ament_prefix_path.dsv
[0.104s] -- Up-to-date: /home/bigdavid/EPSILON_ws/install/phy_simulator/share/phy_simulator/environment/path.sh
[0.104s] -- Up-to-date: /home/bigdavid/EPSILON_ws/install/phy_simulator/share/phy_simulator/environment/path.dsv
[0.104s] -- Up-to-date: /home/bigdavid/EPSILON_ws/install/phy_simulator/share/phy_simulator/local_setup.bash
[0.105s] -- Up-to-date: /home/bigdavid/EPSILON_ws/install/phy_simulator/share/phy_simulator/local_setup.sh
[0.105s] -- Up-to-date: /home/bigdavid/EPSILON_ws/install/phy_simulator/share/phy_simulator/local_setup.zsh
[0.105s] -- Up-to-date: /home/bigdavid/EPSILON_ws/install/phy_simulator/share/phy_simulator/local_setup.dsv
[0.105s] -- Installing: /home/bigdavid/EPSILON_ws/install/phy_simulator/share/phy_simulator/package.dsv
[0.105s] -- Up-to-date: /home/bigdavid/EPSILON_ws/install/phy_simulator/share/ament_index/resource_index/packages/phy_simulator
[0.105s] -- Up-to-date: /home/bigdavid/EPSILON_ws/install/phy_simulator/share/phy_simulator/cmake/ament_cmake_export_libraries-extras.cmake
[0.105s] -- Up-to-date: /home/bigdavid/EPSILON_ws/install/phy_simulator/share/phy_simulator/cmake/ament_cmake_export_dependencies-extras.cmake
[0.105s] -- Up-to-date: /home/bigdavid/EPSILON_ws/install/phy_simulator/share/phy_simulator/cmake/ament_cmake_export_include_directories-extras.cmake
[0.105s] -- Up-to-date: /home/bigdavid/EPSILON_ws/install/phy_simulator/share/phy_simulator/cmake/phy_simulatorConfig.cmake
[0.105s] -- Up-to-date: /home/bigdavid/EPSILON_ws/install/phy_simulator/share/phy_simulator/cmake/phy_simulatorConfig-version.cmake
[0.105s] -- Up-to-date: /home/bigdavid/EPSILON_ws/install/phy_simulator/share/phy_simulator/package.xml
[0.106s] Invoked command in '/home/bigdavid/EPSILON_ws/build/phy_simulator' returned '0': AMENT_PREFIX_PATH=/home/bigdavid/EPSILON_ws/install/vehicle_msgs:/home/bigdavid/EPSILON_ws/install/vehicle_model:/home/bigdavid/EPSILON_ws/install/common:${AMENT_PREFIX_PATH} CMAKE_PREFIX_PATH=/home/bigdavid/EPSILON_ws/install/vehicle_msgs:/home/bigdavid/EPSILON_ws/install/vehicle_model:/home/bigdavid/EPSILON_ws/install/common:/opt/ros/humble LD_LIBRARY_PATH=/home/bigdavid/EPSILON_ws/install/vehicle_msgs/lib:/home/bigdavid/EPSILON_ws/install/vehicle_model/lib:/home/bigdavid/EPSILON_ws/install/common/lib:/usr/local/lib:/usr/lib/x86_64-linux-gnu/gazebo-11/plugins:/opt/ros/humble/opt/rviz_ogre_vendor/lib:/opt/ros/humble/lib/x86_64-linux-gnu:/opt/ros/humble/lib:/usr/local/cuda/lib64 PYTHONPATH=/home/bigdavid/EPSILON_ws/install/vehicle_msgs/local/lib/python3.10/dist-packages:${PYTHONPATH} /usr/bin/cmake --install /home/bigdavid/EPSILON_ws/build/phy_simulator
