[0.023s] Invoking command in '/home/bigdavid/EPSILON_ws/build/forward_simulator': AMENT_PREFIX_PATH=/home/bigdavid/EPSILON_ws/install/vehicle_model:/home/bigdavid/EPSILON_ws/install/common:${AMENT_PREFIX_PATH} CMAKE_PREFIX_PATH=/home/bigdavid/EPSILON_ws/install/vehicle_model:/home/bigdavid/EPSILON_ws/install/common:/opt/ros/humble LD_LIBRARY_PATH=/home/bigdavid/EPSILON_ws/install/vehicle_model/lib:/home/bigdavid/EPSILON_ws/install/common/lib:${LD_LIBRARY_PATH} /usr/bin/cmake /home/bigdavid/EPSILON_ws/src/EPSILON_ROS2/core/forward_simulator -DCMAKE_INSTALL_PREFIX=/home/bigdavid/EPSILON_ws/install/forward_simulator
[0.117s] -- The C compiler identification is GNU 11.4.0
[0.209s] -- The CXX compiler identification is GNU 11.4.0
[0.222s] -- Detecting C compiler ABI info
[0.323s] -- Detecting C compiler ABI info - done
[0.331s] -- Check for working C compiler: /usr/lib/ccache/gcc - skipped
[0.332s] -- Detecting C compile features
[0.332s] -- Detecting C compile features - done
[0.335s] -- Detecting CXX compiler ABI info
[0.469s] -- Detecting CXX compiler ABI info - done
[0.478s] -- Check for working CXX compiler: /usr/lib/ccache/g++ - skipped
[0.478s] -- Detecting CXX compile features
[0.479s] -- Detecting CXX compile features - done
[0.481s] -- Found ament_cmake: 1.3.12 (/opt/ros/humble/share/ament_cmake/cmake)
[0.694s] -- Found Python3: /usr/bin/python3 (found version "3.10.12") found components: Interpreter 
[0.803s] -- Found rclcpp: 16.0.15 (/opt/ros/humble/share/rclcpp/cmake)
[0.855s] -- Found rosidl_generator_c: 3.1.6 (/opt/ros/humble/share/rosidl_generator_c/cmake)
[0.861s] -- Found rosidl_adapter: 3.1.6 (/opt/ros/humble/share/rosidl_adapter/cmake)
[0.870s] -- Found rosidl_generator_cpp: 3.1.6 (/opt/ros/humble/share/rosidl_generator_cpp/cmake)
[0.884s] -- Using all available rosidl_typesupport_c: rosidl_typesupport_fastrtps_c;rosidl_typesupport_introspection_c
[0.903s] -- Using all available rosidl_typesupport_cpp: rosidl_typesupport_fastrtps_cpp;rosidl_typesupport_introspection_cpp
[0.954s] -- Found rmw_implementation_cmake: 6.1.2 (/opt/ros/humble/share/rmw_implementation_cmake/cmake)
[0.957s] -- Found rmw_cyclonedds_cpp: 1.3.4 (/opt/ros/humble/share/rmw_cyclonedds_cpp/cmake)
[0.987s] -- Using RMW implementation 'rmw_cyclonedds_cpp' as default
[1.004s] -- Looking for pthread.h
[1.085s] -- Looking for pthread.h - found
[1.086s] -- Performing Test CMAKE_HAVE_LIBC_PTHREAD
[1.172s] -- Performing Test CMAKE_HAVE_LIBC_PTHREAD - Success
[1.173s] -- Found Threads: TRUE  
[1.233s] -- Found visualization_msgs: 4.9.0 (/opt/ros/humble/share/visualization_msgs/cmake)
[1.293s] -- Found common: 0.0.0 (/home/bigdavid/EPSILON_ws/install/common/share/common/cmake)
[1.486s] -- Found eigen3_cmake_module: 0.1.1 (/opt/ros/humble/share/eigen3_cmake_module/cmake)
[1.487s] -- Found Eigen3: TRUE (found version "3.4.0") 
[1.487s] -- Ensuring Eigen3 include directory is part of orocos-kdl CMake target
[1.491s] [33mCMake Warning at /home/bigdavid/EPSILON_ws/install/common/share/common/cmake/ament_cmake_export_include_directories-extras.cmake:11 (message):
[1.491s]   Package 'common' exports the include directory
[1.492s]   '/home/bigdavid/EPSILON_ws/src/EPSILON_ROS2/core/common/thirdparty/OOQP/include'
[1.492s]   which doesn't exist
[1.492s] Call Stack (most recent call first):
[1.492s]   /home/bigdavid/EPSILON_ws/install/common/share/common/cmake/commonConfig.cmake:41 (include)
[1.493s]   CMakeLists.txt:18 (find_package)
[1.493s] 
[1.493s] [0m
[1.494s] -- Found vehicle_model: 0.0.0 (/home/bigdavid/EPSILON_ws/install/vehicle_model/share/vehicle_model/cmake)
[1.516s] [33mCMake Warning at /home/bigdavid/EPSILON_ws/install/vehicle_model/share/vehicle_model/cmake/ament_cmake_export_include_directories-extras.cmake:11 (message):
[1.517s]   Package 'vehicle_model' exports the include directory
[1.517s]   '/home/bigdavid/EPSILON_ws/src/EPSILON_ROS2/core/common/thirdparty/OOQP/include'
[1.517s]   which doesn't exist
[1.517s] Call Stack (most recent call first):
[1.517s]   /home/bigdavid/EPSILON_ws/install/vehicle_model/share/vehicle_model/cmake/vehicle_modelConfig.cmake:41 (include)
[1.518s]   CMakeLists.txt:19 (find_package)
[1.518s] 
[1.518s] [0m
[1.719s] [33mCMake Warning at /opt/ros/humble/share/ament_cmake_export_include_directories/cmake/ament_export_include_directories.cmake:44 (message):
[1.720s]   ament_export_include_directories() package 'forward_simulator' exports the
[1.720s]   include directory
[1.720s]   '/home/bigdavid/EPSILON_ws/src/EPSILON_ROS2/core/common/thirdparty/OOQP/include'
[1.720s]   which doesn't exist
[1.720s] Call Stack (most recent call first):
[1.720s]   CMakeLists.txt:41 (ament_export_include_directories)
[1.720s] 
[1.720s] [0m
[1.720s] [33mCMake Warning at /opt/ros/humble/share/ament_cmake_export_include_directories/cmake/ament_export_include_directories.cmake:44 (message):
[1.720s]   ament_export_include_directories() package 'forward_simulator' exports the
[1.720s]   include directory
[1.720s]   '/home/bigdavid/EPSILON_ws/src/EPSILON_ROS2/core/common/thirdparty/OOQP/include'
[1.720s]   which doesn't exist
[1.721s] Call Stack (most recent call first):
[1.721s]   CMakeLists.txt:41 (ament_export_include_directories)
[1.721s] 
[1.721s] [0m
[1.810s] -- Configuring done
[1.814s] -- Generating done
[1.817s] -- Build files have been written to: /home/bigdavid/EPSILON_ws/build/forward_simulator
[1.827s] Invoked command in '/home/bigdavid/EPSILON_ws/build/forward_simulator' returned '0': AMENT_PREFIX_PATH=/home/bigdavid/EPSILON_ws/install/vehicle_model:/home/bigdavid/EPSILON_ws/install/common:${AMENT_PREFIX_PATH} CMAKE_PREFIX_PATH=/home/bigdavid/EPSILON_ws/install/vehicle_model:/home/bigdavid/EPSILON_ws/install/common:/opt/ros/humble LD_LIBRARY_PATH=/home/bigdavid/EPSILON_ws/install/vehicle_model/lib:/home/bigdavid/EPSILON_ws/install/common/lib:${LD_LIBRARY_PATH} /usr/bin/cmake /home/bigdavid/EPSILON_ws/src/EPSILON_ROS2/core/forward_simulator -DCMAKE_INSTALL_PREFIX=/home/bigdavid/EPSILON_ws/install/forward_simulator
[1.830s] Invoking command in '/home/bigdavid/EPSILON_ws/build/forward_simulator': AMENT_PREFIX_PATH=/home/bigdavid/EPSILON_ws/install/vehicle_model:/home/bigdavid/EPSILON_ws/install/common:${AMENT_PREFIX_PATH} CMAKE_PREFIX_PATH=/home/bigdavid/EPSILON_ws/install/vehicle_model:/home/bigdavid/EPSILON_ws/install/common:/opt/ros/humble LD_LIBRARY_PATH=/home/bigdavid/EPSILON_ws/install/vehicle_model/lib:/home/bigdavid/EPSILON_ws/install/common/lib:${LD_LIBRARY_PATH} /usr/bin/cmake --build /home/bigdavid/EPSILON_ws/build/forward_simulator -- -j32 -l32
[1.912s] Invoked command in '/home/bigdavid/EPSILON_ws/build/forward_simulator' returned '0': AMENT_PREFIX_PATH=/home/bigdavid/EPSILON_ws/install/vehicle_model:/home/bigdavid/EPSILON_ws/install/common:${AMENT_PREFIX_PATH} CMAKE_PREFIX_PATH=/home/bigdavid/EPSILON_ws/install/vehicle_model:/home/bigdavid/EPSILON_ws/install/common:/opt/ros/humble LD_LIBRARY_PATH=/home/bigdavid/EPSILON_ws/install/vehicle_model/lib:/home/bigdavid/EPSILON_ws/install/common/lib:${LD_LIBRARY_PATH} /usr/bin/cmake --build /home/bigdavid/EPSILON_ws/build/forward_simulator -- -j32 -l32
[1.916s] Invoking command in '/home/bigdavid/EPSILON_ws/build/forward_simulator': AMENT_PREFIX_PATH=/home/bigdavid/EPSILON_ws/install/vehicle_model:/home/bigdavid/EPSILON_ws/install/common:${AMENT_PREFIX_PATH} CMAKE_PREFIX_PATH=/home/bigdavid/EPSILON_ws/install/vehicle_model:/home/bigdavid/EPSILON_ws/install/common:/opt/ros/humble LD_LIBRARY_PATH=/home/bigdavid/EPSILON_ws/install/vehicle_model/lib:/home/bigdavid/EPSILON_ws/install/common/lib:${LD_LIBRARY_PATH} /usr/bin/cmake --install /home/bigdavid/EPSILON_ws/build/forward_simulator
[1.929s] -- Install configuration: "Release"
[1.930s] -- Installing: /home/bigdavid/EPSILON_ws/install/forward_simulator/share/forward_simulator/environment/library_path.sh
[1.931s] -- Installing: /home/bigdavid/EPSILON_ws/install/forward_simulator/share/forward_simulator/environment/library_path.dsv
[1.931s] -- Installing: /home/bigdavid/EPSILON_ws/install/forward_simulator/include
[1.932s] -- Installing: /home/bigdavid/EPSILON_ws/install/forward_simulator/include/forward_simulator
[1.932s] -- Installing: /home/bigdavid/EPSILON_ws/install/forward_simulator/include/forward_simulator/multimodal_forward.h
[1.932s] -- Installing: /home/bigdavid/EPSILON_ws/install/forward_simulator/include/forward_simulator/onlane_forward_simulation.h
[1.932s] -- Installing: /home/bigdavid/EPSILON_ws/install/forward_simulator/share/ament_index/resource_index/package_run_dependencies/forward_simulator
[1.933s] -- Installing: /home/bigdavid/EPSILON_ws/install/forward_simulator/share/ament_index/resource_index/parent_prefix_path/forward_simulator
[1.933s] -- Installing: /home/bigdavid/EPSILON_ws/install/forward_simulator/share/forward_simulator/environment/ament_prefix_path.sh
[1.933s] -- Installing: /home/bigdavid/EPSILON_ws/install/forward_simulator/share/forward_simulator/environment/ament_prefix_path.dsv
[1.934s] -- Installing: /home/bigdavid/EPSILON_ws/install/forward_simulator/share/forward_simulator/environment/path.sh
[1.934s] -- Installing: /home/bigdavid/EPSILON_ws/install/forward_simulator/share/forward_simulator/environment/path.dsv
[1.934s] -- Installing: /home/bigdavid/EPSILON_ws/install/forward_simulator/share/forward_simulator/local_setup.bash
[1.935s] -- Installing: /home/bigdavid/EPSILON_ws/install/forward_simulator/share/forward_simulator/local_setup.sh
[1.935s] -- Installing: /home/bigdavid/EPSILON_ws/install/forward_simulator/share/forward_simulator/local_setup.zsh
[1.935s] -- Installing: /home/bigdavid/EPSILON_ws/install/forward_simulator/share/forward_simulator/local_setup.dsv
[1.936s] -- Installing: /home/bigdavid/EPSILON_ws/install/forward_simulator/share/forward_simulator/package.dsv
[1.936s] -- Installing: /home/bigdavid/EPSILON_ws/install/forward_simulator/share/ament_index/resource_index/packages/forward_simulator
[1.936s] -- Installing: /home/bigdavid/EPSILON_ws/install/forward_simulator/share/forward_simulator/cmake/ament_cmake_export_libraries-extras.cmake
[1.937s] -- Installing: /home/bigdavid/EPSILON_ws/install/forward_simulator/share/forward_simulator/cmake/ament_cmake_export_dependencies-extras.cmake
[1.937s] -- Installing: /home/bigdavid/EPSILON_ws/install/forward_simulator/share/forward_simulator/cmake/ament_cmake_export_include_directories-extras.cmake
[1.937s] -- Installing: /home/bigdavid/EPSILON_ws/install/forward_simulator/share/forward_simulator/cmake/forward_simulatorConfig.cmake
[1.938s] -- Installing: /home/bigdavid/EPSILON_ws/install/forward_simulator/share/forward_simulator/cmake/forward_simulatorConfig-version.cmake
[1.938s] -- Installing: /home/bigdavid/EPSILON_ws/install/forward_simulator/share/forward_simulator/package.xml
[1.942s] Invoked command in '/home/bigdavid/EPSILON_ws/build/forward_simulator' returned '0': AMENT_PREFIX_PATH=/home/bigdavid/EPSILON_ws/install/vehicle_model:/home/bigdavid/EPSILON_ws/install/common:${AMENT_PREFIX_PATH} CMAKE_PREFIX_PATH=/home/bigdavid/EPSILON_ws/install/vehicle_model:/home/bigdavid/EPSILON_ws/install/common:/opt/ros/humble LD_LIBRARY_PATH=/home/bigdavid/EPSILON_ws/install/vehicle_model/lib:/home/bigdavid/EPSILON_ws/install/common/lib:${LD_LIBRARY_PATH} /usr/bin/cmake --install /home/bigdavid/EPSILON_ws/build/forward_simulator
