-- The C compiler identification is GNU 11.4.0
-- The CXX compiler identification is GNU 11.4.0
-- Detecting C compiler ABI info
-- Detecting C compiler ABI info - done
-- Check for working C compiler: /usr/lib/ccache/gcc - skipped
-- Detecting C compile features
-- Detecting C compile features - done
-- Detecting CXX compiler ABI info
-- Detecting CXX compiler ABI info - done
-- Check for working CXX compiler: /usr/lib/ccache/g++ - skipped
-- Detecting CXX compile features
-- Detecting CXX compile features - done
-- Found ament_cmake: 1.3.12 (/opt/ros/humble/share/ament_cmake/cmake)
-- Found Python3: /usr/bin/python3 (found version "3.10.12") found components: Interpreter 
-- Found rclcpp: 16.0.15 (/opt/ros/humble/share/rclcpp/cmake)
-- Found rosidl_generator_c: 3.1.6 (/opt/ros/humble/share/rosidl_generator_c/cmake)
-- Found rosidl_adapter: 3.1.6 (/opt/ros/humble/share/rosidl_adapter/cmake)
-- Found rosidl_generator_cpp: 3.1.6 (/opt/ros/humble/share/rosidl_generator_cpp/cmake)
-- Using all available rosidl_typesupport_c: rosidl_typesupport_fastrtps_c;rosidl_typesupport_introspection_c
-- Using all available rosidl_typesupport_cpp: rosidl_typesupport_fastrtps_cpp;rosidl_typesupport_introspection_cpp
-- Found rmw_implementation_cmake: 6.1.2 (/opt/ros/humble/share/rmw_implementation_cmake/cmake)
-- Found rmw_cyclonedds_cpp: 1.3.4 (/opt/ros/humble/share/rmw_cyclonedds_cpp/cmake)
-- Using RMW implementation 'rmw_cyclonedds_cpp' as default
-- Looking for pthread.h
-- Looking for pthread.h - found
-- Performing Test CMAKE_HAVE_LIBC_PTHREAD
-- Performing Test CMAKE_HAVE_LIBC_PTHREAD - Success
-- Found Threads: TRUE  
-- Found visualization_msgs: 4.9.0 (/opt/ros/humble/share/visualization_msgs/cmake)
-- Found tf2: 0.25.16 (/opt/ros/humble/share/tf2/cmake)
-- Found tf2_ros: 0.25.16 (/opt/ros/humble/share/tf2_ros/cmake)
-- Found tf2_geometry_msgs: 0.25.16 (/opt/ros/humble/share/tf2_geometry_msgs/cmake)
-- Found eigen3_cmake_module: 0.1.1 (/opt/ros/humble/share/eigen3_cmake_module/cmake)
-- Found Eigen3: TRUE (found version "3.4.0") 
-- Ensuring Eigen3 include directory is part of orocos-kdl CMake target
-- Found OpenCV: /usr (found version "4.5.4") 
-- Found common: 0.0.0 (/home/bigdavid/EPSILON_ws/install/common/share/common/cmake)
-- Found motion_predictor: 0.0.0 (/home/bigdavid/EPSILON_ws/install/motion_predictor/share/motion_predictor/cmake)
-- Found vehicle_msgs: 0.0.1 (/home/bigdavid/EPSILON_ws/install/vehicle_msgs/share/vehicle_msgs/cmake)
-- Configuring done
-- Generating done
-- Build files have been written to: /home/bigdavid/EPSILON_ws/build/semantic_map_manager
/usr/bin/cmake -S/home/bigdavid/EPSILON_ws/src/EPSILON_ROS2/core/semantic_map_manager -B/home/bigdavid/EPSILON_ws/build/semantic_map_manager --check-build-system CMakeFiles/Makefile.cmake 0
/usr/bin/cmake -E cmake_progress_start /home/bigdavid/EPSILON_ws/build/semantic_map_manager/CMakeFiles /home/bigdavid/EPSILON_ws/build/semantic_map_manager//CMakeFiles/progress.marks
/usr/bin/gmake  -f CMakeFiles/Makefile2 all
gmake[1]: 进入目录“/home/bigdavid/EPSILON_ws/build/semantic_map_manager”
/usr/bin/gmake  -f CMakeFiles/hkust_pl_smm.dir/build.make CMakeFiles/hkust_pl_smm.dir/depend
gmake[2]: 进入目录“/home/bigdavid/EPSILON_ws/build/semantic_map_manager”
cd /home/bigdavid/EPSILON_ws/build/semantic_map_manager && /usr/bin/cmake -E cmake_depends "Unix Makefiles" /home/bigdavid/EPSILON_ws/src/EPSILON_ROS2/core/semantic_map_manager /home/bigdavid/EPSILON_ws/src/EPSILON_ROS2/core/semantic_map_manager /home/bigdavid/EPSILON_ws/build/semantic_map_manager /home/bigdavid/EPSILON_ws/build/semantic_map_manager /home/bigdavid/EPSILON_ws/build/semantic_map_manager/CMakeFiles/hkust_pl_smm.dir/DependInfo.cmake --color=
gmake[2]: 离开目录“/home/bigdavid/EPSILON_ws/build/semantic_map_manager”
/usr/bin/gmake  -f CMakeFiles/hkust_pl_smm.dir/build.make CMakeFiles/hkust_pl_smm.dir/build
gmake[2]: 进入目录“/home/bigdavid/EPSILON_ws/build/semantic_map_manager”
[ 37%] [32mBuilding CXX object CMakeFiles/hkust_pl_smm.dir/src/config_loader.cc.o[0m
[ 37%] [32mBuilding CXX object CMakeFiles/hkust_pl_smm.dir/src/semantic_map_manager.cc.o[0m
[ 37%] [32mBuilding CXX object CMakeFiles/hkust_pl_smm.dir/src/data_renderer.cc.o[0m
[ 50%] [32mBuilding CXX object CMakeFiles/hkust_pl_smm.dir/src/traffic_signal_manager.cc.o[0m
/usr/lib/ccache/g++ -DDEFAULT_RMW_IMPLEMENTATION=rmw_fastrtps_cpp -DRCUTILS_ENABLE_FAULT_INJECTION -I/home/bigdavid/EPSILON_ws/src/EPSILON_ROS2/core/semantic_map_manager/include -I/home/bigdavid/EPSILON_ws/src/EPSILON_ROS2/core/semantic_map_manager/thirdparty -I/home/bigdavid/EPSILON_ws/install/vehicle_msgs/include -I/opt/ros/humble/include/tf2_geometry_msgs -I/home/bigdavid/EPSILON_ws/install/common/include -I/home/bigdavid/EPSILON_ws/src/EPSILON_ROS2/core/common/thirdparty -I/home/bigdavid/EPSILON_ws/src/EPSILON_ROS2/core/common/thirdparty/OOQP/include -I/opt/ros/humble/include/rclcpp_components -I/home/bigdavid/EPSILON_ws/install/vehicle_model/include -I/home/bigdavid/EPSILON_ws/src/EPSILON_ROS2/core/vehicle_model/thirdparty -I/home/bigdavid/EPSILON_ws/install/forward_simulator/include -I/home/bigdavid/EPSILON_ws/install/motion_predictor/include -isystem /opt/ros/humble/include/std_msgs -isystem /opt/ros/humble/include/geometry_msgs -isystem /opt/ros/humble/include/nav_msgs -isystem /opt/ros/humble/include/builtin_interfaces -isystem /opt/ros/humble/include/rosidl_runtime_c -isystem /opt/ros/humble/include/rosidl_typesupport_interface -isystem /opt/ros/humble/include/rcutils -isystem /opt/ros/humble/include/rosidl_runtime_cpp -isystem /opt/ros/humble/include/rosidl_typesupport_fastrtps_c -isystem /opt/ros/humble/include/rosidl_typesupport_fastrtps_cpp -isystem /opt/ros/humble/include/rmw -isystem /opt/ros/humble/include/rosidl_typesupport_c -isystem /opt/ros/humble/include/rosidl_typesupport_cpp -isystem /opt/ros/humble/include/rcpputils -isystem /opt/ros/humble/include/rosidl_typesupport_introspection_c -isystem /opt/ros/humble/include/rosidl_typesupport_introspection_cpp -isystem /home/bigdavid/EPSILON_ws/install/vehicle_msgs/include/vehicle_msgs -isystem /opt/ros/humble/include/rclcpp -isystem /opt/ros/humble/include/visualization_msgs -isystem /opt/ros/humble/include/sensor_msgs -isystem /opt/ros/humble/include/tf2_ros -isystem /usr/include/opencv4 -isystem /opt/ros/humble/include/tf2 -isystem /usr/local/include/eigen3 -isystem /opt/ros/humble/include/rcl_interfaces -isystem /opt/ros/humble/include/message_filters -isystem /opt/ros/humble/include/rclcpp_action -isystem /opt/ros/humble/include/tf2_msgs -isystem /home/bigdavid/.local/lib/python3.10/site-packages/numpy/core/include -isystem /opt/ros/humble/include/ament_index_cpp -isystem /opt/ros/humble/include/libstatistics_collector -isystem /opt/ros/humble/include/fastcdr -isystem /opt/ros/humble/include/rcl -isystem /opt/ros/humble/include/rcl_logging_interface -isystem /opt/ros/humble/include/rcl_yaml_param_parser -isystem /opt/ros/humble/include/libyaml_vendor -isystem /opt/ros/humble/include/tracetools -isystem /opt/ros/humble/include/statistics_msgs -isystem /opt/ros/humble/include/rosgraph_msgs -isystem /opt/ros/humble/include/action_msgs -isystem /opt/ros/humble/include/unique_identifier_msgs -isystem /opt/ros/humble/include/rcl_action -O3 -DNDEBUG -O3 -Wall -std=gnu++17 -MD -MT CMakeFiles/hkust_pl_smm.dir/src/semantic_map_manager.cc.o -MF CMakeFiles/hkust_pl_smm.dir/src/semantic_map_manager.cc.o.d -o CMakeFiles/hkust_pl_smm.dir/src/semantic_map_manager.cc.o -c /home/bigdavid/EPSILON_ws/src/EPSILON_ROS2/core/semantic_map_manager/src/semantic_map_manager.cc
/usr/lib/ccache/g++ -DDEFAULT_RMW_IMPLEMENTATION=rmw_fastrtps_cpp -DRCUTILS_ENABLE_FAULT_INJECTION -I/home/bigdavid/EPSILON_ws/src/EPSILON_ROS2/core/semantic_map_manager/include -I/home/bigdavid/EPSILON_ws/src/EPSILON_ROS2/core/semantic_map_manager/thirdparty -I/home/bigdavid/EPSILON_ws/install/vehicle_msgs/include -I/opt/ros/humble/include/tf2_geometry_msgs -I/home/bigdavid/EPSILON_ws/install/common/include -I/home/bigdavid/EPSILON_ws/src/EPSILON_ROS2/core/common/thirdparty -I/home/bigdavid/EPSILON_ws/src/EPSILON_ROS2/core/common/thirdparty/OOQP/include -I/opt/ros/humble/include/rclcpp_components -I/home/bigdavid/EPSILON_ws/install/vehicle_model/include -I/home/bigdavid/EPSILON_ws/src/EPSILON_ROS2/core/vehicle_model/thirdparty -I/home/bigdavid/EPSILON_ws/install/forward_simulator/include -I/home/bigdavid/EPSILON_ws/install/motion_predictor/include -isystem /opt/ros/humble/include/std_msgs -isystem /opt/ros/humble/include/geometry_msgs -isystem /opt/ros/humble/include/nav_msgs -isystem /opt/ros/humble/include/builtin_interfaces -isystem /opt/ros/humble/include/rosidl_runtime_c -isystem /opt/ros/humble/include/rosidl_typesupport_interface -isystem /opt/ros/humble/include/rcutils -isystem /opt/ros/humble/include/rosidl_runtime_cpp -isystem /opt/ros/humble/include/rosidl_typesupport_fastrtps_c -isystem /opt/ros/humble/include/rosidl_typesupport_fastrtps_cpp -isystem /opt/ros/humble/include/rmw -isystem /opt/ros/humble/include/rosidl_typesupport_c -isystem /opt/ros/humble/include/rosidl_typesupport_cpp -isystem /opt/ros/humble/include/rcpputils -isystem /opt/ros/humble/include/rosidl_typesupport_introspection_c -isystem /opt/ros/humble/include/rosidl_typesupport_introspection_cpp -isystem /home/bigdavid/EPSILON_ws/install/vehicle_msgs/include/vehicle_msgs -isystem /opt/ros/humble/include/rclcpp -isystem /opt/ros/humble/include/visualization_msgs -isystem /opt/ros/humble/include/sensor_msgs -isystem /opt/ros/humble/include/tf2_ros -isystem /usr/include/opencv4 -isystem /opt/ros/humble/include/tf2 -isystem /usr/local/include/eigen3 -isystem /opt/ros/humble/include/rcl_interfaces -isystem /opt/ros/humble/include/message_filters -isystem /opt/ros/humble/include/rclcpp_action -isystem /opt/ros/humble/include/tf2_msgs -isystem /home/bigdavid/.local/lib/python3.10/site-packages/numpy/core/include -isystem /opt/ros/humble/include/ament_index_cpp -isystem /opt/ros/humble/include/libstatistics_collector -isystem /opt/ros/humble/include/fastcdr -isystem /opt/ros/humble/include/rcl -isystem /opt/ros/humble/include/rcl_logging_interface -isystem /opt/ros/humble/include/rcl_yaml_param_parser -isystem /opt/ros/humble/include/libyaml_vendor -isystem /opt/ros/humble/include/tracetools -isystem /opt/ros/humble/include/statistics_msgs -isystem /opt/ros/humble/include/rosgraph_msgs -isystem /opt/ros/humble/include/action_msgs -isystem /opt/ros/humble/include/unique_identifier_msgs -isystem /opt/ros/humble/include/rcl_action -O3 -DNDEBUG -O3 -Wall -std=gnu++17 -MD -MT CMakeFiles/hkust_pl_smm.dir/src/data_renderer.cc.o -MF CMakeFiles/hkust_pl_smm.dir/src/data_renderer.cc.o.d -o CMakeFiles/hkust_pl_smm.dir/src/data_renderer.cc.o -c /home/bigdavid/EPSILON_ws/src/EPSILON_ROS2/core/semantic_map_manager/src/data_renderer.cc
/usr/lib/ccache/g++ -DDEFAULT_RMW_IMPLEMENTATION=rmw_fastrtps_cpp -DRCUTILS_ENABLE_FAULT_INJECTION -I/home/bigdavid/EPSILON_ws/src/EPSILON_ROS2/core/semantic_map_manager/include -I/home/bigdavid/EPSILON_ws/src/EPSILON_ROS2/core/semantic_map_manager/thirdparty -I/home/bigdavid/EPSILON_ws/install/vehicle_msgs/include -I/opt/ros/humble/include/tf2_geometry_msgs -I/home/bigdavid/EPSILON_ws/install/common/include -I/home/bigdavid/EPSILON_ws/src/EPSILON_ROS2/core/common/thirdparty -I/home/bigdavid/EPSILON_ws/src/EPSILON_ROS2/core/common/thirdparty/OOQP/include -I/opt/ros/humble/include/rclcpp_components -I/home/bigdavid/EPSILON_ws/install/vehicle_model/include -I/home/bigdavid/EPSILON_ws/src/EPSILON_ROS2/core/vehicle_model/thirdparty -I/home/bigdavid/EPSILON_ws/install/forward_simulator/include -I/home/bigdavid/EPSILON_ws/install/motion_predictor/include -isystem /opt/ros/humble/include/std_msgs -isystem /opt/ros/humble/include/geometry_msgs -isystem /opt/ros/humble/include/nav_msgs -isystem /opt/ros/humble/include/builtin_interfaces -isystem /opt/ros/humble/include/rosidl_runtime_c -isystem /opt/ros/humble/include/rosidl_typesupport_interface -isystem /opt/ros/humble/include/rcutils -isystem /opt/ros/humble/include/rosidl_runtime_cpp -isystem /opt/ros/humble/include/rosidl_typesupport_fastrtps_c -isystem /opt/ros/humble/include/rosidl_typesupport_fastrtps_cpp -isystem /opt/ros/humble/include/rmw -isystem /opt/ros/humble/include/rosidl_typesupport_c -isystem /opt/ros/humble/include/rosidl_typesupport_cpp -isystem /opt/ros/humble/include/rcpputils -isystem /opt/ros/humble/include/rosidl_typesupport_introspection_c -isystem /opt/ros/humble/include/rosidl_typesupport_introspection_cpp -isystem /home/bigdavid/EPSILON_ws/install/vehicle_msgs/include/vehicle_msgs -isystem /opt/ros/humble/include/rclcpp -isystem /opt/ros/humble/include/visualization_msgs -isystem /opt/ros/humble/include/sensor_msgs -isystem /opt/ros/humble/include/tf2_ros -isystem /usr/include/opencv4 -isystem /opt/ros/humble/include/tf2 -isystem /usr/local/include/eigen3 -isystem /opt/ros/humble/include/rcl_interfaces -isystem /opt/ros/humble/include/message_filters -isystem /opt/ros/humble/include/rclcpp_action -isystem /opt/ros/humble/include/tf2_msgs -isystem /home/bigdavid/.local/lib/python3.10/site-packages/numpy/core/include -isystem /opt/ros/humble/include/ament_index_cpp -isystem /opt/ros/humble/include/libstatistics_collector -isystem /opt/ros/humble/include/fastcdr -isystem /opt/ros/humble/include/rcl -isystem /opt/ros/humble/include/rcl_logging_interface -isystem /opt/ros/humble/include/rcl_yaml_param_parser -isystem /opt/ros/humble/include/libyaml_vendor -isystem /opt/ros/humble/include/tracetools -isystem /opt/ros/humble/include/statistics_msgs -isystem /opt/ros/humble/include/rosgraph_msgs -isystem /opt/ros/humble/include/action_msgs -isystem /opt/ros/humble/include/unique_identifier_msgs -isystem /opt/ros/humble/include/rcl_action -O3 -DNDEBUG -O3 -Wall -std=gnu++17 -MD -MT CMakeFiles/hkust_pl_smm.dir/src/config_loader.cc.o -MF CMakeFiles/hkust_pl_smm.dir/src/config_loader.cc.o.d -o CMakeFiles/hkust_pl_smm.dir/src/config_loader.cc.o -c /home/bigdavid/EPSILON_ws/src/EPSILON_ROS2/core/semantic_map_manager/src/config_loader.cc
/usr/lib/ccache/g++ -DDEFAULT_RMW_IMPLEMENTATION=rmw_fastrtps_cpp -DRCUTILS_ENABLE_FAULT_INJECTION -I/home/bigdavid/EPSILON_ws/src/EPSILON_ROS2/core/semantic_map_manager/include -I/home/bigdavid/EPSILON_ws/src/EPSILON_ROS2/core/semantic_map_manager/thirdparty -I/home/bigdavid/EPSILON_ws/install/vehicle_msgs/include -I/opt/ros/humble/include/tf2_geometry_msgs -I/home/bigdavid/EPSILON_ws/install/common/include -I/home/bigdavid/EPSILON_ws/src/EPSILON_ROS2/core/common/thirdparty -I/home/bigdavid/EPSILON_ws/src/EPSILON_ROS2/core/common/thirdparty/OOQP/include -I/opt/ros/humble/include/rclcpp_components -I/home/bigdavid/EPSILON_ws/install/vehicle_model/include -I/home/bigdavid/EPSILON_ws/src/EPSILON_ROS2/core/vehicle_model/thirdparty -I/home/bigdavid/EPSILON_ws/install/forward_simulator/include -I/home/bigdavid/EPSILON_ws/install/motion_predictor/include -isystem /opt/ros/humble/include/std_msgs -isystem /opt/ros/humble/include/geometry_msgs -isystem /opt/ros/humble/include/nav_msgs -isystem /opt/ros/humble/include/builtin_interfaces -isystem /opt/ros/humble/include/rosidl_runtime_c -isystem /opt/ros/humble/include/rosidl_typesupport_interface -isystem /opt/ros/humble/include/rcutils -isystem /opt/ros/humble/include/rosidl_runtime_cpp -isystem /opt/ros/humble/include/rosidl_typesupport_fastrtps_c -isystem /opt/ros/humble/include/rosidl_typesupport_fastrtps_cpp -isystem /opt/ros/humble/include/rmw -isystem /opt/ros/humble/include/rosidl_typesupport_c -isystem /opt/ros/humble/include/rosidl_typesupport_cpp -isystem /opt/ros/humble/include/rcpputils -isystem /opt/ros/humble/include/rosidl_typesupport_introspection_c -isystem /opt/ros/humble/include/rosidl_typesupport_introspection_cpp -isystem /home/bigdavid/EPSILON_ws/install/vehicle_msgs/include/vehicle_msgs -isystem /opt/ros/humble/include/rclcpp -isystem /opt/ros/humble/include/visualization_msgs -isystem /opt/ros/humble/include/sensor_msgs -isystem /opt/ros/humble/include/tf2_ros -isystem /usr/include/opencv4 -isystem /opt/ros/humble/include/tf2 -isystem /usr/local/include/eigen3 -isystem /opt/ros/humble/include/rcl_interfaces -isystem /opt/ros/humble/include/message_filters -isystem /opt/ros/humble/include/rclcpp_action -isystem /opt/ros/humble/include/tf2_msgs -isystem /home/bigdavid/.local/lib/python3.10/site-packages/numpy/core/include -isystem /opt/ros/humble/include/ament_index_cpp -isystem /opt/ros/humble/include/libstatistics_collector -isystem /opt/ros/humble/include/fastcdr -isystem /opt/ros/humble/include/rcl -isystem /opt/ros/humble/include/rcl_logging_interface -isystem /opt/ros/humble/include/rcl_yaml_param_parser -isystem /opt/ros/humble/include/libyaml_vendor -isystem /opt/ros/humble/include/tracetools -isystem /opt/ros/humble/include/statistics_msgs -isystem /opt/ros/humble/include/rosgraph_msgs -isystem /opt/ros/humble/include/action_msgs -isystem /opt/ros/humble/include/unique_identifier_msgs -isystem /opt/ros/humble/include/rcl_action -O3 -DNDEBUG -O3 -Wall -std=gnu++17 -MD -MT CMakeFiles/hkust_pl_smm.dir/src/traffic_signal_manager.cc.o -MF CMakeFiles/hkust_pl_smm.dir/src/traffic_signal_manager.cc.o.d -o CMakeFiles/hkust_pl_smm.dir/src/traffic_signal_manager.cc.o -c /home/bigdavid/EPSILON_ws/src/EPSILON_ROS2/core/semantic_map_manager/src/traffic_signal_manager.cc
[ 62%] [32m[1mLinking CXX static library libhkust_pl_smm.a[0m
/usr/bin/cmake -P CMakeFiles/hkust_pl_smm.dir/cmake_clean_target.cmake
/usr/bin/cmake -E cmake_link_script CMakeFiles/hkust_pl_smm.dir/link.txt --verbose=1
/usr/bin/ar qc libhkust_pl_smm.a CMakeFiles/hkust_pl_smm.dir/src/semantic_map_manager.cc.o CMakeFiles/hkust_pl_smm.dir/src/data_renderer.cc.o CMakeFiles/hkust_pl_smm.dir/src/config_loader.cc.o CMakeFiles/hkust_pl_smm.dir/src/traffic_signal_manager.cc.o
/usr/bin/ranlib libhkust_pl_smm.a
gmake[2]: 离开目录“/home/bigdavid/EPSILON_ws/build/semantic_map_manager”
[ 62%] Built target hkust_pl_smm
/usr/bin/gmake  -f CMakeFiles/hkust_smm_ros.dir/build.make CMakeFiles/hkust_smm_ros.dir/depend
gmake[2]: 进入目录“/home/bigdavid/EPSILON_ws/build/semantic_map_manager”
cd /home/bigdavid/EPSILON_ws/build/semantic_map_manager && /usr/bin/cmake -E cmake_depends "Unix Makefiles" /home/bigdavid/EPSILON_ws/src/EPSILON_ROS2/core/semantic_map_manager /home/bigdavid/EPSILON_ws/src/EPSILON_ROS2/core/semantic_map_manager /home/bigdavid/EPSILON_ws/build/semantic_map_manager /home/bigdavid/EPSILON_ws/build/semantic_map_manager /home/bigdavid/EPSILON_ws/build/semantic_map_manager/CMakeFiles/hkust_smm_ros.dir/DependInfo.cmake --color=
gmake[2]: 离开目录“/home/bigdavid/EPSILON_ws/build/semantic_map_manager”
/usr/bin/gmake  -f CMakeFiles/hkust_smm_ros.dir/build.make CMakeFiles/hkust_smm_ros.dir/build
gmake[2]: 进入目录“/home/bigdavid/EPSILON_ws/build/semantic_map_manager”
[ 75%] [32mBuilding CXX object CMakeFiles/hkust_smm_ros.dir/src/visualizer.cc.o[0m
/usr/lib/ccache/g++ -DDEFAULT_RMW_IMPLEMENTATION=rmw_fastrtps_cpp -DRCUTILS_ENABLE_FAULT_INJECTION -I/home/bigdavid/EPSILON_ws/src/EPSILON_ROS2/core/semantic_map_manager/include -I/home/bigdavid/EPSILON_ws/src/EPSILON_ROS2/core/semantic_map_manager/thirdparty -I/home/bigdavid/EPSILON_ws/install/vehicle_msgs/include -I/home/bigdavid/EPSILON_ws/install/common/include -I/home/bigdavid/EPSILON_ws/src/EPSILON_ROS2/core/common/thirdparty -I/home/bigdavid/EPSILON_ws/src/EPSILON_ROS2/core/common/thirdparty/OOQP/include -I/opt/ros/humble/include/rclcpp_components -I/home/bigdavid/EPSILON_ws/install/vehicle_model/include -I/home/bigdavid/EPSILON_ws/src/EPSILON_ROS2/core/vehicle_model/thirdparty -I/home/bigdavid/EPSILON_ws/install/forward_simulator/include -I/home/bigdavid/EPSILON_ws/install/motion_predictor/include -isystem /opt/ros/humble/include/std_msgs -isystem /opt/ros/humble/include/geometry_msgs -isystem /opt/ros/humble/include/nav_msgs -isystem /opt/ros/humble/include/builtin_interfaces -isystem /opt/ros/humble/include/rosidl_runtime_c -isystem /opt/ros/humble/include/rosidl_typesupport_interface -isystem /opt/ros/humble/include/rcutils -isystem /opt/ros/humble/include/rosidl_runtime_cpp -isystem /opt/ros/humble/include/rosidl_typesupport_fastrtps_c -isystem /opt/ros/humble/include/rosidl_typesupport_fastrtps_cpp -isystem /opt/ros/humble/include/rmw -isystem /opt/ros/humble/include/rosidl_typesupport_c -isystem /opt/ros/humble/include/rosidl_typesupport_cpp -isystem /opt/ros/humble/include/rcpputils -isystem /opt/ros/humble/include/rosidl_typesupport_introspection_c -isystem /opt/ros/humble/include/rosidl_typesupport_introspection_cpp -isystem /home/bigdavid/EPSILON_ws/install/vehicle_msgs/include/vehicle_msgs -isystem /opt/ros/humble/include/rclcpp -isystem /opt/ros/humble/include/visualization_msgs -isystem /opt/ros/humble/include/sensor_msgs -isystem /opt/ros/humble/include/tf2_ros -isystem /usr/include/opencv4 -isystem /opt/ros/humble/include/tf2 -isystem /opt/ros/humble/include/tf2_geometry_msgs -isystem /usr/local/include/eigen3 -isystem /opt/ros/humble/include/rcl_interfaces -isystem /opt/ros/humble/include/message_filters -isystem /opt/ros/humble/include/rclcpp_action -isystem /opt/ros/humble/include/tf2_msgs -isystem /home/bigdavid/.local/lib/python3.10/site-packages/numpy/core/include -isystem /opt/ros/humble/include/ament_index_cpp -isystem /opt/ros/humble/include/libstatistics_collector -isystem /opt/ros/humble/include/fastcdr -isystem /opt/ros/humble/include/rcl -isystem /opt/ros/humble/include/rcl_logging_interface -isystem /opt/ros/humble/include/rcl_yaml_param_parser -isystem /opt/ros/humble/include/libyaml_vendor -isystem /opt/ros/humble/include/tracetools -isystem /opt/ros/humble/include/statistics_msgs -isystem /opt/ros/humble/include/rosgraph_msgs -isystem /opt/ros/humble/include/action_msgs -isystem /opt/ros/humble/include/unique_identifier_msgs -isystem /opt/ros/humble/include/rcl_action -O3 -DNDEBUG -O3 -Wall -std=gnu++17 -MD -MT CMakeFiles/hkust_smm_ros.dir/src/visualizer.cc.o -MF CMakeFiles/hkust_smm_ros.dir/src/visualizer.cc.o.d -o CMakeFiles/hkust_smm_ros.dir/src/visualizer.cc.o -c /home/bigdavid/EPSILON_ws/src/EPSILON_ROS2/core/semantic_map_manager/src/visualizer.cc
[ 87%] [32mBuilding CXX object CMakeFiles/hkust_smm_ros.dir/src/ros_adapter.cc.o[0m
/usr/lib/ccache/g++ -DDEFAULT_RMW_IMPLEMENTATION=rmw_fastrtps_cpp -DRCUTILS_ENABLE_FAULT_INJECTION -I/home/bigdavid/EPSILON_ws/src/EPSILON_ROS2/core/semantic_map_manager/include -I/home/bigdavid/EPSILON_ws/src/EPSILON_ROS2/core/semantic_map_manager/thirdparty -I/home/bigdavid/EPSILON_ws/install/vehicle_msgs/include -I/home/bigdavid/EPSILON_ws/install/common/include -I/home/bigdavid/EPSILON_ws/src/EPSILON_ROS2/core/common/thirdparty -I/home/bigdavid/EPSILON_ws/src/EPSILON_ROS2/core/common/thirdparty/OOQP/include -I/opt/ros/humble/include/rclcpp_components -I/home/bigdavid/EPSILON_ws/install/vehicle_model/include -I/home/bigdavid/EPSILON_ws/src/EPSILON_ROS2/core/vehicle_model/thirdparty -I/home/bigdavid/EPSILON_ws/install/forward_simulator/include -I/home/bigdavid/EPSILON_ws/install/motion_predictor/include -isystem /opt/ros/humble/include/std_msgs -isystem /opt/ros/humble/include/geometry_msgs -isystem /opt/ros/humble/include/nav_msgs -isystem /opt/ros/humble/include/builtin_interfaces -isystem /opt/ros/humble/include/rosidl_runtime_c -isystem /opt/ros/humble/include/rosidl_typesupport_interface -isystem /opt/ros/humble/include/rcutils -isystem /opt/ros/humble/include/rosidl_runtime_cpp -isystem /opt/ros/humble/include/rosidl_typesupport_fastrtps_c -isystem /opt/ros/humble/include/rosidl_typesupport_fastrtps_cpp -isystem /opt/ros/humble/include/rmw -isystem /opt/ros/humble/include/rosidl_typesupport_c -isystem /opt/ros/humble/include/rosidl_typesupport_cpp -isystem /opt/ros/humble/include/rcpputils -isystem /opt/ros/humble/include/rosidl_typesupport_introspection_c -isystem /opt/ros/humble/include/rosidl_typesupport_introspection_cpp -isystem /home/bigdavid/EPSILON_ws/install/vehicle_msgs/include/vehicle_msgs -isystem /opt/ros/humble/include/rclcpp -isystem /opt/ros/humble/include/visualization_msgs -isystem /opt/ros/humble/include/sensor_msgs -isystem /opt/ros/humble/include/tf2_ros -isystem /usr/include/opencv4 -isystem /opt/ros/humble/include/tf2 -isystem /opt/ros/humble/include/tf2_geometry_msgs -isystem /usr/local/include/eigen3 -isystem /opt/ros/humble/include/rcl_interfaces -isystem /opt/ros/humble/include/message_filters -isystem /opt/ros/humble/include/rclcpp_action -isystem /opt/ros/humble/include/tf2_msgs -isystem /home/bigdavid/.local/lib/python3.10/site-packages/numpy/core/include -isystem /opt/ros/humble/include/ament_index_cpp -isystem /opt/ros/humble/include/libstatistics_collector -isystem /opt/ros/humble/include/fastcdr -isystem /opt/ros/humble/include/rcl -isystem /opt/ros/humble/include/rcl_logging_interface -isystem /opt/ros/humble/include/rcl_yaml_param_parser -isystem /opt/ros/humble/include/libyaml_vendor -isystem /opt/ros/humble/include/tracetools -isystem /opt/ros/humble/include/statistics_msgs -isystem /opt/ros/humble/include/rosgraph_msgs -isystem /opt/ros/humble/include/action_msgs -isystem /opt/ros/humble/include/unique_identifier_msgs -isystem /opt/ros/humble/include/rcl_action -O3 -DNDEBUG -O3 -Wall -std=gnu++17 -MD -MT CMakeFiles/hkust_smm_ros.dir/src/ros_adapter.cc.o -MF CMakeFiles/hkust_smm_ros.dir/src/ros_adapter.cc.o.d -o CMakeFiles/hkust_smm_ros.dir/src/ros_adapter.cc.o -c /home/bigdavid/EPSILON_ws/src/EPSILON_ROS2/core/semantic_map_manager/src/ros_adapter.cc
[100%] [32m[1mLinking CXX static library libhkust_smm_ros.a[0m
/usr/bin/cmake -P CMakeFiles/hkust_smm_ros.dir/cmake_clean_target.cmake
/usr/bin/cmake -E cmake_link_script CMakeFiles/hkust_smm_ros.dir/link.txt --verbose=1
/usr/bin/ar qc libhkust_smm_ros.a CMakeFiles/hkust_smm_ros.dir/src/ros_adapter.cc.o CMakeFiles/hkust_smm_ros.dir/src/visualizer.cc.o
/usr/bin/ranlib libhkust_smm_ros.a
gmake[2]: 离开目录“/home/bigdavid/EPSILON_ws/build/semantic_map_manager”
[100%] Built target hkust_smm_ros
gmake[1]: 离开目录“/home/bigdavid/EPSILON_ws/build/semantic_map_manager”
/usr/bin/cmake -E cmake_progress_start /home/bigdavid/EPSILON_ws/build/semantic_map_manager/CMakeFiles 0
-- Install configuration: "Release"
-- Installing: /home/bigdavid/EPSILON_ws/install/semantic_map_manager/share/semantic_map_manager/environment/library_path.sh
-- Installing: /home/bigdavid/EPSILON_ws/install/semantic_map_manager/share/semantic_map_manager/environment/library_path.dsv
-- Installing: /home/bigdavid/EPSILON_ws/install/semantic_map_manager/include
-- Installing: /home/bigdavid/EPSILON_ws/install/semantic_map_manager/include/semantic_map_manager
-- Installing: /home/bigdavid/EPSILON_ws/install/semantic_map_manager/include/semantic_map_manager/data_renderer.h
-- Installing: /home/bigdavid/EPSILON_ws/install/semantic_map_manager/include/semantic_map_manager/ros_adapter.h
-- Installing: /home/bigdavid/EPSILON_ws/install/semantic_map_manager/include/semantic_map_manager/traffic_signal_manager.h
-- Installing: /home/bigdavid/EPSILON_ws/install/semantic_map_manager/include/semantic_map_manager/visualizer.h
-- Installing: /home/bigdavid/EPSILON_ws/install/semantic_map_manager/include/semantic_map_manager/config_loader.h
-- Installing: /home/bigdavid/EPSILON_ws/install/semantic_map_manager/include/semantic_map_manager/semantic_map_manager.h
-- Installing: /home/bigdavid/EPSILON_ws/install/semantic_map_manager/include/semantic_map_manager/basics.h
-- Installing: /home/bigdavid/EPSILON_ws/install/semantic_map_manager/lib/libhkust_pl_smm.a
-- Installing: /home/bigdavid/EPSILON_ws/install/semantic_map_manager/lib/libhkust_smm_ros.a
-- Installing: /home/bigdavid/EPSILON_ws/install/semantic_map_manager/share/ament_index/resource_index/package_run_dependencies/semantic_map_manager
-- Installing: /home/bigdavid/EPSILON_ws/install/semantic_map_manager/share/ament_index/resource_index/parent_prefix_path/semantic_map_manager
-- Installing: /home/bigdavid/EPSILON_ws/install/semantic_map_manager/share/semantic_map_manager/environment/ament_prefix_path.sh
-- Installing: /home/bigdavid/EPSILON_ws/install/semantic_map_manager/share/semantic_map_manager/environment/ament_prefix_path.dsv
-- Installing: /home/bigdavid/EPSILON_ws/install/semantic_map_manager/share/semantic_map_manager/environment/path.sh
-- Installing: /home/bigdavid/EPSILON_ws/install/semantic_map_manager/share/semantic_map_manager/environment/path.dsv
-- Installing: /home/bigdavid/EPSILON_ws/install/semantic_map_manager/share/semantic_map_manager/local_setup.bash
-- Installing: /home/bigdavid/EPSILON_ws/install/semantic_map_manager/share/semantic_map_manager/local_setup.sh
-- Installing: /home/bigdavid/EPSILON_ws/install/semantic_map_manager/share/semantic_map_manager/local_setup.zsh
-- Installing: /home/bigdavid/EPSILON_ws/install/semantic_map_manager/share/semantic_map_manager/local_setup.dsv
-- Installing: /home/bigdavid/EPSILON_ws/install/semantic_map_manager/share/semantic_map_manager/package.dsv
-- Installing: /home/bigdavid/EPSILON_ws/install/semantic_map_manager/share/ament_index/resource_index/packages/semantic_map_manager
-- Installing: /home/bigdavid/EPSILON_ws/install/semantic_map_manager/share/semantic_map_manager/cmake/ament_cmake_export_libraries-extras.cmake
-- Installing: /home/bigdavid/EPSILON_ws/install/semantic_map_manager/share/semantic_map_manager/cmake/ament_cmake_export_dependencies-extras.cmake
-- Installing: /home/bigdavid/EPSILON_ws/install/semantic_map_manager/share/semantic_map_manager/cmake/ament_cmake_export_include_directories-extras.cmake
-- Installing: /home/bigdavid/EPSILON_ws/install/semantic_map_manager/share/semantic_map_manager/cmake/semantic_map_managerConfig.cmake
-- Installing: /home/bigdavid/EPSILON_ws/install/semantic_map_manager/share/semantic_map_manager/cmake/semantic_map_managerConfig-version.cmake
-- Installing: /home/bigdavid/EPSILON_ws/install/semantic_map_manager/share/semantic_map_manager/package.xml
