[0.022s] Invoking command in '/home/bigdavid/EPSILON_ws/build/planning_integrated': CMAKE_PREFIX_PATH=/home/bigdavid/EPSILON_ws/install/eudm_planner:/home/bigdavid/EPSILON_ws/install/behavior_planner:/home/bigdavid/EPSILON_ws/install/ssc_planner:/home/bigdavid/EPSILON_ws/install/route_planner:/home/bigdavid/EPSILON_ws/install/semantic_map_manager:/home/bigdavid/EPSILON_ws/install/motion_predictor:/home/bigdavid/EPSILON_ws/install/forward_simulator:/home/bigdavid/EPSILON_ws/install/vehicle_msgs:/home/bigdavid/EPSILON_ws/install/vehicle_model:/home/bigdavid/EPSILON_ws/install/common:/home/bigdavid/EPSILON_ws/install/planning_integrated:/home/bigdavid/EPSILON_ws/install/ai_agent_planner:/home/bigdavid/EPSILON_ws/install/phy_simulator:/home/bigdavid/EPSILON_ws/install/aux_tools:/home/bigdavid/EPSILON_ws/install/utm_to_car_transform:/home/bigdavid/EPSILON_ws/install/playgrounds:/opt/ros/humble LD_LIBRARY_PATH=/home/bigdavid/EPSILON_ws/install/vehicle_msgs/lib:/home/bigdavid/EPSILON_ws/install/ssc_planner/lib:/home/bigdavid/EPSILON_ws/install/eudm_planner/lib:/home/bigdavid/EPSILON_ws/install/behavior_planner/lib:/home/bigdavid/EPSILON_ws/install/route_planner/lib:/home/bigdavid/EPSILON_ws/install/semantic_map_manager/lib:/home/bigdavid/EPSILON_ws/install/phy_simulator/lib:/home/bigdavid/EPSILON_ws/install/motion_predictor/lib:/home/bigdavid/EPSILON_ws/install/forward_simulator/lib:/home/bigdavid/EPSILON_ws/install/vehicle_model/lib:/home/bigdavid/EPSILON_ws/install/common/lib:/usr/local/lib:/usr/local/cuda/lib64:/usr/local/lib:/usr/lib/x86_64-linux-gnu/gazebo-11/plugins:/opt/ros/humble/opt/rviz_ogre_vendor/lib:/opt/ros/humble/lib/x86_64-linux-gnu:/opt/ros/humble/lib:/usr/local/cuda/lib64 /usr/bin/cmake /home/bigdavid/EPSILON_ws/src/EPSILON_ROS2/app/planning_integrated -DCMAKE_INSTALL_PREFIX=/home/bigdavid/EPSILON_ws/install/planning_integrated
[0.062s] -- The C compiler identification is GNU 11.4.0
[0.101s] -- The CXX compiler identification is GNU 11.4.0
[0.109s] -- Detecting C compiler ABI info
[0.154s] -- Detecting C compiler ABI info - done
[0.158s] -- Check for working C compiler: /usr/lib/ccache/gcc - skipped
[0.158s] -- Detecting C compile features
[0.158s] -- Detecting C compile features - done
[0.160s] -- Detecting CXX compiler ABI info
[0.207s] -- Detecting CXX compiler ABI info - done
[0.212s] -- Check for working CXX compiler: /usr/lib/ccache/g++ - skipped
[0.212s] -- Detecting CXX compile features
[0.212s] -- Detecting CXX compile features - done
[0.214s] -- Found ament_cmake: 1.3.12 (/opt/ros/humble/share/ament_cmake/cmake)
[0.319s] -- Found Python3: /usr/bin/python3 (found version "3.10.12") found components: Interpreter 
[0.383s] -- Found rclcpp: 16.0.15 (/opt/ros/humble/share/rclcpp/cmake)
[0.422s] -- Found rosidl_generator_c: 3.1.6 (/opt/ros/humble/share/rosidl_generator_c/cmake)
[0.426s] -- Found rosidl_adapter: 3.1.6 (/opt/ros/humble/share/rosidl_adapter/cmake)
[0.431s] -- Found rosidl_generator_cpp: 3.1.6 (/opt/ros/humble/share/rosidl_generator_cpp/cmake)
[0.439s] -- Using all available rosidl_typesupport_c: rosidl_typesupport_fastrtps_c;rosidl_typesupport_introspection_c
[0.450s] -- Using all available rosidl_typesupport_cpp: rosidl_typesupport_fastrtps_cpp;rosidl_typesupport_introspection_cpp
[0.482s] -- Found rmw_implementation_cmake: 6.1.2 (/opt/ros/humble/share/rmw_implementation_cmake/cmake)
[0.484s] -- Found rmw_cyclonedds_cpp: 1.3.4 (/opt/ros/humble/share/rmw_cyclonedds_cpp/cmake)
[0.500s] -- Using RMW implementation 'rmw_cyclonedds_cpp' as default
[0.506s] -- Looking for pthread.h
[0.549s] -- Looking for pthread.h - found
[0.549s] -- Performing Test CMAKE_HAVE_LIBC_PTHREAD
[0.596s] -- Performing Test CMAKE_HAVE_LIBC_PTHREAD - Success
[0.597s] -- Found Threads: TRUE  
[0.632s] -- Found visualization_msgs: 4.9.0 (/opt/ros/humble/share/visualization_msgs/cmake)
[0.669s] -- Found message_filters: 4.3.7 (/opt/ros/humble/share/message_filters/cmake)
[0.671s] -- Found common: 0.0.0 (/home/bigdavid/EPSILON_ws/install/common/share/common/cmake)
[0.780s] -- Found eigen3_cmake_module: 0.1.1 (/opt/ros/humble/share/eigen3_cmake_module/cmake)
[0.781s] -- Found Eigen3: TRUE (found version "3.4.0") 
[0.781s] -- Ensuring Eigen3 include directory is part of orocos-kdl CMake target
[0.783s] [33mCMake Warning at /home/bigdavid/EPSILON_ws/install/common/share/common/cmake/ament_cmake_export_include_directories-extras.cmake:11 (message):
[0.783s]   Package 'common' exports the include directory
[0.783s]   '/home/bigdavid/EPSILON_ws/src/EPSILON_ROS2/core/common/thirdparty/OOQP/include'
[0.783s]   which doesn't exist
[0.783s] Call Stack (most recent call first):
[0.783s]   /home/bigdavid/EPSILON_ws/install/common/share/common/cmake/commonConfig.cmake:41 (include)
[0.783s]   CMakeLists.txt:18 (find_package)
[0.783s] 
[0.783s] [0m
[0.785s] -- Found semantic_map_manager: 0.0.0 (/home/bigdavid/EPSILON_ws/install/semantic_map_manager/share/semantic_map_manager/cmake)
[1.083s] [33mCMake Warning at /home/bigdavid/EPSILON_ws/install/vehicle_model/share/vehicle_model/cmake/ament_cmake_export_include_directories-extras.cmake:11 (message):
[1.083s]   Package 'vehicle_model' exports the include directory
[1.083s]   '/home/bigdavid/EPSILON_ws/src/EPSILON_ROS2/core/common/thirdparty/OOQP/include'
[1.083s]   which doesn't exist
[1.083s] Call Stack (most recent call first):
[1.084s]   /home/bigdavid/EPSILON_ws/install/vehicle_model/share/vehicle_model/cmake/vehicle_modelConfig.cmake:41 (include)
[1.084s]   /home/bigdavid/EPSILON_ws/install/motion_predictor/share/motion_predictor/cmake/ament_cmake_export_dependencies-extras.cmake:21 (find_package)
[1.084s]   /home/bigdavid/EPSILON_ws/install/motion_predictor/share/motion_predictor/cmake/motion_predictorConfig.cmake:41 (include)
[1.084s]   /home/bigdavid/EPSILON_ws/install/semantic_map_manager/share/semantic_map_manager/cmake/ament_cmake_export_dependencies-extras.cmake:21 (find_package)
[1.084s]   /home/bigdavid/EPSILON_ws/install/semantic_map_manager/share/semantic_map_manager/cmake/semantic_map_managerConfig.cmake:41 (include)
[1.084s]   CMakeLists.txt:19 (find_package)
[1.084s] 
[1.084s] [0m
[1.203s] [33mCMake Warning at /home/bigdavid/EPSILON_ws/install/forward_simulator/share/forward_simulator/cmake/ament_cmake_export_include_directories-extras.cmake:11 (message):
[1.203s]   Package 'forward_simulator' exports the include directory
[1.203s]   '/home/bigdavid/EPSILON_ws/src/EPSILON_ROS2/core/common/thirdparty/OOQP/include'
[1.203s]   which doesn't exist
[1.203s] Call Stack (most recent call first):
[1.204s]   /home/bigdavid/EPSILON_ws/install/forward_simulator/share/forward_simulator/cmake/forward_simulatorConfig.cmake:41 (include)
[1.204s]   /home/bigdavid/EPSILON_ws/install/motion_predictor/share/motion_predictor/cmake/ament_cmake_export_dependencies-extras.cmake:21 (find_package)
[1.204s]   /home/bigdavid/EPSILON_ws/install/motion_predictor/share/motion_predictor/cmake/motion_predictorConfig.cmake:41 (include)
[1.204s]   /home/bigdavid/EPSILON_ws/install/semantic_map_manager/share/semantic_map_manager/cmake/ament_cmake_export_dependencies-extras.cmake:21 (find_package)
[1.204s]   /home/bigdavid/EPSILON_ws/install/semantic_map_manager/share/semantic_map_manager/cmake/semantic_map_managerConfig.cmake:41 (include)
[1.204s]   CMakeLists.txt:19 (find_package)
[1.204s] 
[1.204s] [0m
[1.209s] [33mCMake Warning at /home/bigdavid/EPSILON_ws/install/motion_predictor/share/motion_predictor/cmake/ament_cmake_export_include_directories-extras.cmake:11 (message):
[1.210s]   Package 'motion_predictor' exports the include directory
[1.210s]   '/home/bigdavid/EPSILON_ws/src/EPSILON_ROS2/core/common/thirdparty/OOQP/include'
[1.210s]   which doesn't exist
[1.210s] Call Stack (most recent call first):
[1.210s]   /home/bigdavid/EPSILON_ws/install/motion_predictor/share/motion_predictor/cmake/motion_predictorConfig.cmake:41 (include)
[1.210s]   /home/bigdavid/EPSILON_ws/install/semantic_map_manager/share/semantic_map_manager/cmake/ament_cmake_export_dependencies-extras.cmake:21 (find_package)
[1.210s]   /home/bigdavid/EPSILON_ws/install/semantic_map_manager/share/semantic_map_manager/cmake/semantic_map_managerConfig.cmake:41 (include)
[1.210s]   CMakeLists.txt:19 (find_package)
[1.210s] 
[1.210s] [0m
[1.239s] [33mCMake Warning at /home/bigdavid/EPSILON_ws/install/vehicle_msgs/share/vehicle_msgs/cmake/ament_cmake_export_include_directories-extras.cmake:11 (message):
[1.239s]   Package 'vehicle_msgs' exports the include directory
[1.239s]   '/home/bigdavid/EPSILON_ws/src/EPSILON_ROS2/core/common/thirdparty/OOQP/include'
[1.239s]   which doesn't exist
[1.239s] Call Stack (most recent call first):
[1.239s]   /home/bigdavid/EPSILON_ws/install/vehicle_msgs/share/vehicle_msgs/cmake/vehicle_msgsConfig.cmake:41 (include)
[1.239s]   /home/bigdavid/EPSILON_ws/install/semantic_map_manager/share/semantic_map_manager/cmake/ament_cmake_export_dependencies-extras.cmake:21 (find_package)
[1.239s]   /home/bigdavid/EPSILON_ws/install/semantic_map_manager/share/semantic_map_manager/cmake/semantic_map_managerConfig.cmake:41 (include)
[1.239s]   CMakeLists.txt:19 (find_package)
[1.239s] 
[1.239s] [0m
[1.250s] [33mCMake Warning at /home/bigdavid/EPSILON_ws/install/semantic_map_manager/share/semantic_map_manager/cmake/ament_cmake_export_include_directories-extras.cmake:11 (message):
[1.251s]   Package 'semantic_map_manager' exports the include directory
[1.251s]   '/home/bigdavid/EPSILON_ws/src/EPSILON_ROS2/core/common/thirdparty/OOQP/include'
[1.251s]   which doesn't exist
[1.251s] Call Stack (most recent call first):
[1.251s]   /home/bigdavid/EPSILON_ws/install/semantic_map_manager/share/semantic_map_manager/cmake/semantic_map_managerConfig.cmake:41 (include)
[1.251s]   CMakeLists.txt:19 (find_package)
[1.251s] 
[1.251s] [0m
[1.252s] -- Found behavior_planner: 0.0.0 (/home/bigdavid/EPSILON_ws/install/behavior_planner/share/behavior_planner/cmake)
[1.273s] [33mCMake Warning at /home/bigdavid/EPSILON_ws/install/route_planner/share/route_planner/cmake/ament_cmake_export_include_directories-extras.cmake:11 (message):
[1.273s]   Package 'route_planner' exports the include directory
[1.273s]   '/home/bigdavid/EPSILON_ws/src/EPSILON_ROS2/core/common/thirdparty/OOQP/include'
[1.273s]   which doesn't exist
[1.273s] Call Stack (most recent call first):
[1.273s]   /home/bigdavid/EPSILON_ws/install/route_planner/share/route_planner/cmake/route_plannerConfig.cmake:41 (include)
[1.273s]   /home/bigdavid/EPSILON_ws/install/behavior_planner/share/behavior_planner/cmake/ament_cmake_export_dependencies-extras.cmake:21 (find_package)
[1.273s]   /home/bigdavid/EPSILON_ws/install/behavior_planner/share/behavior_planner/cmake/behavior_plannerConfig.cmake:41 (include)
[1.273s]   CMakeLists.txt:20 (find_package)
[1.273s] 
[1.273s] [0m
[1.282s] [33mCMake Warning at /home/bigdavid/EPSILON_ws/install/behavior_planner/share/behavior_planner/cmake/ament_cmake_export_include_directories-extras.cmake:11 (message):
[1.282s]   Package 'behavior_planner' exports the include directory
[1.282s]   '/home/bigdavid/EPSILON_ws/src/EPSILON_ROS2/core/common/thirdparty/OOQP/include'
[1.282s]   which doesn't exist
[1.282s] Call Stack (most recent call first):
[1.282s]   /home/bigdavid/EPSILON_ws/install/behavior_planner/share/behavior_planner/cmake/behavior_plannerConfig.cmake:41 (include)
[1.282s]   CMakeLists.txt:20 (find_package)
[1.282s] 
[1.282s] [0m
[1.286s] -- Found eudm_planner: 0.0.0 (/home/bigdavid/EPSILON_ws/install/eudm_planner/share/eudm_planner/cmake)
[1.319s] [33mCMake Warning at /home/bigdavid/EPSILON_ws/install/eudm_planner/share/eudm_planner/cmake/ament_cmake_export_include_directories-extras.cmake:11 (message):
[1.319s]   Package 'eudm_planner' exports the include directory
[1.319s]   '/home/bigdavid/EPSILON_ws/src/EPSILON_ROS2/core/common/thirdparty/OOQP/include'
[1.320s]   which doesn't exist
[1.320s] Call Stack (most recent call first):
[1.320s]   /home/bigdavid/EPSILON_ws/install/eudm_planner/share/eudm_planner/cmake/eudm_plannerConfig.cmake:41 (include)
[1.320s]   CMakeLists.txt:21 (find_package)
[1.320s] 
[1.320s] [0m
[1.323s] -- Found ssc_planner: 0.0.0 (/home/bigdavid/EPSILON_ws/install/ssc_planner/share/ssc_planner/cmake)
[1.538s] [33mCMake Warning at /home/bigdavid/EPSILON_ws/install/ssc_planner/share/ssc_planner/cmake/ament_cmake_export_include_directories-extras.cmake:11 (message):
[1.539s]   Package 'ssc_planner' exports the include directory
[1.539s]   '/home/bigdavid/EPSILON_ws/src/EPSILON_ROS2/core/common/thirdparty/OOQP/include'
[1.539s]   which doesn't exist
[1.539s] Call Stack (most recent call first):
[1.539s]   /home/bigdavid/EPSILON_ws/install/ssc_planner/share/ssc_planner/cmake/ssc_plannerConfig.cmake:41 (include)
[1.539s]   CMakeLists.txt:22 (find_package)
[1.539s] 
[1.539s] [0m
[1.547s] -- Found Protobuf: /usr/lib/x86_64-linux-gnu/libprotobuf.so (found version "3.12.4") 
[1.549s] -- Found Unwind: /usr/include/x86_64-linux-gnu (found suitable version "1.3.2", minimum required is "1.3.2") 
[1.550s] -- Found OpenMP_C: -fopenmp (found version "4.5") 
[1.550s] -- Found OpenMP_CXX: -fopenmp (found version "4.5") 
[1.550s] -- Found OpenMP: TRUE (found version "4.5")  
[2.308s] [33mCMake Warning at /opt/ros/humble/share/ament_cmake_export_include_directories/cmake/ament_export_include_directories.cmake:44 (message):
[2.308s]   ament_export_include_directories() package 'planning_integrated' exports
[2.308s]   the include directory
[2.308s]   '/home/bigdavid/EPSILON_ws/src/EPSILON_ROS2/core/common/thirdparty/OOQP/include'
[2.308s]   which doesn't exist
[2.308s] Call Stack (most recent call first):
[2.308s]   CMakeLists.txt:114 (ament_export_include_directories)
[2.308s] 
[2.308s] [0m
[2.308s] [33mCMake Warning at /opt/ros/humble/share/ament_cmake_export_include_directories/cmake/ament_export_include_directories.cmake:44 (message):
[2.308s]   ament_export_include_directories() package 'planning_integrated' exports
[2.308s]   the include directory
[2.308s]   '/home/bigdavid/EPSILON_ws/src/EPSILON_ROS2/core/common/thirdparty/OOQP/include'
[2.308s]   which doesn't exist
[2.308s] Call Stack (most recent call first):
[2.308s]   CMakeLists.txt:114 (ament_export_include_directories)
[2.308s] 
[2.308s] [0m
[2.309s] [33mCMake Warning at /opt/ros/humble/share/ament_cmake_export_include_directories/cmake/ament_export_include_directories.cmake:44 (message):
[2.309s]   ament_export_include_directories() package 'planning_integrated' exports
[2.309s]   the include directory
[2.309s]   '/home/bigdavid/EPSILON_ws/src/EPSILON_ROS2/core/common/thirdparty/OOQP/include'
[2.309s]   which doesn't exist
[2.309s] Call Stack (most recent call first):
[2.309s]   CMakeLists.txt:114 (ament_export_include_directories)
[2.309s] 
[2.309s] [0m
[2.309s] [33mCMake Warning at /opt/ros/humble/share/ament_cmake_export_include_directories/cmake/ament_export_include_directories.cmake:44 (message):
[2.309s]   ament_export_include_directories() package 'planning_integrated' exports
[2.309s]   the include directory
[2.309s]   '/home/bigdavid/EPSILON_ws/src/EPSILON_ROS2/core/common/thirdparty/OOQP/include'
[2.309s]   which doesn't exist
[2.309s] Call Stack (most recent call first):
[2.309s]   CMakeLists.txt:114 (ament_export_include_directories)
[2.309s] 
[2.309s] [0m
[2.310s] [33mCMake Warning at /opt/ros/humble/share/ament_cmake_export_include_directories/cmake/ament_export_include_directories.cmake:44 (message):
[2.310s]   ament_export_include_directories() package 'planning_integrated' exports
[2.310s]   the include directory
[2.310s]   '/home/bigdavid/EPSILON_ws/src/EPSILON_ROS2/core/common/thirdparty/OOQP/include'
[2.310s]   which doesn't exist
[2.310s] Call Stack (most recent call first):
[2.310s]   CMakeLists.txt:114 (ament_export_include_directories)
[2.310s] 
[2.310s] [0m
[2.311s] [33mCMake Warning at /opt/ros/humble/share/ament_cmake_export_include_directories/cmake/ament_export_include_directories.cmake:44 (message):
[2.311s]   ament_export_include_directories() package 'planning_integrated' exports
[2.311s]   the include directory
[2.311s]   '/home/bigdavid/EPSILON_ws/src/EPSILON_ROS2/core/common/thirdparty/OOQP/include'
[2.311s]   which doesn't exist
[2.311s] Call Stack (most recent call first):
[2.311s]   CMakeLists.txt:114 (ament_export_include_directories)
[2.311s] 
[2.311s] [0m
[2.312s] [33mCMake Warning at /opt/ros/humble/share/ament_cmake_export_include_directories/cmake/ament_export_include_directories.cmake:44 (message):
[2.312s]   ament_export_include_directories() package 'planning_integrated' exports
[2.312s]   the include directory
[2.312s]   '/home/bigdavid/EPSILON_ws/src/EPSILON_ROS2/core/common/thirdparty/OOQP/include'
[2.312s]   which doesn't exist
[2.312s] Call Stack (most recent call first):
[2.312s]   CMakeLists.txt:114 (ament_export_include_directories)
[2.312s] 
[2.312s] [0m
[2.313s] [33mCMake Warning at /opt/ros/humble/share/ament_cmake_export_include_directories/cmake/ament_export_include_directories.cmake:44 (message):
[2.313s]   ament_export_include_directories() package 'planning_integrated' exports
[2.313s]   the include directory
[2.313s]   '/home/bigdavid/EPSILON_ws/src/EPSILON_ROS2/core/common/thirdparty/OOQP/include'
[2.313s]   which doesn't exist
[2.313s] Call Stack (most recent call first):
[2.313s]   CMakeLists.txt:114 (ament_export_include_directories)
[2.313s] 
[2.313s] [0m
[2.314s] [33mCMake Warning at /opt/ros/humble/share/ament_cmake_export_include_directories/cmake/ament_export_include_directories.cmake:44 (message):
[2.314s]   ament_export_include_directories() package 'planning_integrated' exports
[2.314s]   the include directory
[2.314s]   '/home/bigdavid/EPSILON_ws/src/EPSILON_ROS2/core/common/thirdparty/OOQP/include'
[2.314s]   which doesn't exist
[2.314s] Call Stack (most recent call first):
[2.315s]   CMakeLists.txt:114 (ament_export_include_directories)
[2.315s] 
[2.315s] [0m
[2.357s] -- Configuring done
[2.544s] -- Generating done
[2.564s] -- Build files have been written to: /home/bigdavid/EPSILON_ws/build/planning_integrated
[2.572s] Invoked command in '/home/bigdavid/EPSILON_ws/build/planning_integrated' returned '0': CMAKE_PREFIX_PATH=/home/bigdavid/EPSILON_ws/install/eudm_planner:/home/bigdavid/EPSILON_ws/install/behavior_planner:/home/bigdavid/EPSILON_ws/install/ssc_planner:/home/bigdavid/EPSILON_ws/install/route_planner:/home/bigdavid/EPSILON_ws/install/semantic_map_manager:/home/bigdavid/EPSILON_ws/install/motion_predictor:/home/bigdavid/EPSILON_ws/install/forward_simulator:/home/bigdavid/EPSILON_ws/install/vehicle_msgs:/home/bigdavid/EPSILON_ws/install/vehicle_model:/home/bigdavid/EPSILON_ws/install/common:/home/bigdavid/EPSILON_ws/install/planning_integrated:/home/bigdavid/EPSILON_ws/install/ai_agent_planner:/home/bigdavid/EPSILON_ws/install/phy_simulator:/home/bigdavid/EPSILON_ws/install/aux_tools:/home/bigdavid/EPSILON_ws/install/utm_to_car_transform:/home/bigdavid/EPSILON_ws/install/playgrounds:/opt/ros/humble LD_LIBRARY_PATH=/home/bigdavid/EPSILON_ws/install/vehicle_msgs/lib:/home/bigdavid/EPSILON_ws/install/ssc_planner/lib:/home/bigdavid/EPSILON_ws/install/eudm_planner/lib:/home/bigdavid/EPSILON_ws/install/behavior_planner/lib:/home/bigdavid/EPSILON_ws/install/route_planner/lib:/home/bigdavid/EPSILON_ws/install/semantic_map_manager/lib:/home/bigdavid/EPSILON_ws/install/phy_simulator/lib:/home/bigdavid/EPSILON_ws/install/motion_predictor/lib:/home/bigdavid/EPSILON_ws/install/forward_simulator/lib:/home/bigdavid/EPSILON_ws/install/vehicle_model/lib:/home/bigdavid/EPSILON_ws/install/common/lib:/usr/local/lib:/usr/local/cuda/lib64:/usr/local/lib:/usr/lib/x86_64-linux-gnu/gazebo-11/plugins:/opt/ros/humble/opt/rviz_ogre_vendor/lib:/opt/ros/humble/lib/x86_64-linux-gnu:/opt/ros/humble/lib:/usr/local/cuda/lib64 /usr/bin/cmake /home/bigdavid/EPSILON_ws/src/EPSILON_ROS2/app/planning_integrated -DCMAKE_INSTALL_PREFIX=/home/bigdavid/EPSILON_ws/install/planning_integrated
[2.573s] Invoking command in '/home/bigdavid/EPSILON_ws/build/planning_integrated': CMAKE_PREFIX_PATH=/home/bigdavid/EPSILON_ws/install/eudm_planner:/home/bigdavid/EPSILON_ws/install/behavior_planner:/home/bigdavid/EPSILON_ws/install/ssc_planner:/home/bigdavid/EPSILON_ws/install/route_planner:/home/bigdavid/EPSILON_ws/install/semantic_map_manager:/home/bigdavid/EPSILON_ws/install/motion_predictor:/home/bigdavid/EPSILON_ws/install/forward_simulator:/home/bigdavid/EPSILON_ws/install/vehicle_msgs:/home/bigdavid/EPSILON_ws/install/vehicle_model:/home/bigdavid/EPSILON_ws/install/common:/home/bigdavid/EPSILON_ws/install/planning_integrated:/home/bigdavid/EPSILON_ws/install/ai_agent_planner:/home/bigdavid/EPSILON_ws/install/phy_simulator:/home/bigdavid/EPSILON_ws/install/aux_tools:/home/bigdavid/EPSILON_ws/install/utm_to_car_transform:/home/bigdavid/EPSILON_ws/install/playgrounds:/opt/ros/humble LD_LIBRARY_PATH=/home/bigdavid/EPSILON_ws/install/vehicle_msgs/lib:/home/bigdavid/EPSILON_ws/install/ssc_planner/lib:/home/bigdavid/EPSILON_ws/install/eudm_planner/lib:/home/bigdavid/EPSILON_ws/install/behavior_planner/lib:/home/bigdavid/EPSILON_ws/install/route_planner/lib:/home/bigdavid/EPSILON_ws/install/semantic_map_manager/lib:/home/bigdavid/EPSILON_ws/install/phy_simulator/lib:/home/bigdavid/EPSILON_ws/install/motion_predictor/lib:/home/bigdavid/EPSILON_ws/install/forward_simulator/lib:/home/bigdavid/EPSILON_ws/install/vehicle_model/lib:/home/bigdavid/EPSILON_ws/install/common/lib:/usr/local/lib:/usr/local/cuda/lib64:/usr/local/lib:/usr/lib/x86_64-linux-gnu/gazebo-11/plugins:/opt/ros/humble/opt/rviz_ogre_vendor/lib:/opt/ros/humble/lib/x86_64-linux-gnu:/opt/ros/humble/lib:/usr/local/cuda/lib64 /usr/bin/cmake --build /home/bigdavid/EPSILON_ws/build/planning_integrated -- -j32 -l32
[2.632s] [ 25%] [32mBuilding CXX object CMakeFiles/test_ssc_with_mpdm.dir/src/test_ssc_with_mpdm.cc.o[0m
[2.638s] [ 50%] [32mBuilding CXX object CMakeFiles/test_ssc_with_eudm.dir/src/test_ssc_with_eudm.cc.o[0m
[3.131s] In file included from [01m[K/home/bigdavid/EPSILON_ws/src/EPSILON_ROS2/app/planning_integrated/src/test_ssc_with_mpdm.cc:9[m[K:
[3.131s] [01m[K/home/bigdavid/EPSILON_ws/install/semantic_map_manager/include/semantic_map_manager/ros_adapter.h:[m[K In constructor ‘[01m[Ksemantic_map_manager::RosAdapter::RosAdapter(std::shared_ptr<rclcpp::Node>, semantic_map_manager::SemanticMapManager*)[m[K’:
[3.131s] [01m[K/home/bigdavid/EPSILON_ws/install/semantic_map_manager/include/semantic_map_manager/ros_adapter.h:59:23:[m[K [01;35m[Kwarning: [m[K‘[01m[Ksemantic_map_manager::RosAdapter::p_smm_[m[K’ will be initialized after [[01;35m[K-Wreorder[m[K]
[3.131s]    59 |   SemanticMapManager* [01;35m[Kp_smm_[m[K;
[3.131s]       |                       [01;35m[K^~~~~~[m[K
[3.131s] [01m[K/home/bigdavid/EPSILON_ws/install/semantic_map_manager/include/semantic_map_manager/ros_adapter.h:58:17:[m[K [01;35m[Kwarning: [m[K  ‘[01m[Ksemantic_map_manager::DataRenderer* semantic_map_manager::RosAdapter::p_data_renderer_[m[K’ [[01;35m[K-Wreorder[m[K]
[3.131s]    58 |   DataRenderer* [01;35m[Kp_data_renderer_[m[K;
[3.131s]       |                 [01;35m[K^~~~~~~~~~~~~~~~[m[K
[3.132s] [01m[K/home/bigdavid/EPSILON_ws/install/semantic_map_manager/include/semantic_map_manager/ros_adapter.h:26:3:[m[K [01;35m[Kwarning: [m[K  when initialized here [[01;35m[K-Wreorder[m[K]
[3.132s]    26 |   [01;35m[KRosAdapter[m[K(std::shared_ptr<rclcpp::Node> node, SemanticMapManager* ptr_smm)
[3.132s]       |   [01;35m[K^~~~~~~~~~[m[K
[3.132s] In file included from [01m[K/home/bigdavid/EPSILON_ws/install/common/include/common/spline/spline_generator.h:17[m[K,
[3.132s]                  from [01m[K/home/bigdavid/EPSILON_ws/install/ssc_planner/include/ssc_planner/ssc_planner.h:21[m[K,
[3.132s]                  from [01m[K/home/bigdavid/EPSILON_ws/install/ssc_planner/include/ssc_planner/ssc_server_ros.h:21[m[K,
[3.132s]                  from [01m[K/home/bigdavid/EPSILON_ws/src/EPSILON_ROS2/app/planning_integrated/src/test_ssc_with_mpdm.cc:12[m[K:
[3.132s] [01m[K/home/bigdavid/EPSILON_ws/src/EPSILON_ROS2/core/common/thirdparty/tk_spline/spline.h:[m[K At global scope:
[3.132s] [01m[K/home/bigdavid/EPSILON_ws/src/EPSILON_ROS2/core/common/thirdparty/tk_spline/spline.h:371:8:[m[K [01;35m[Kwarning: [m[K‘[01m[Kdouble {anonymous}::tk::spline::get_coeff(int, int) const[m[K’ defined but not used [[01;35m[K-Wunused-function[m[K]
[3.132s]   371 | double [01;35m[Kspline[m[K::get_coeff(int n, int j) const {
[3.132s]       |        [01;35m[K^~~~~~[m[K
[3.132s] [01m[K/home/bigdavid/EPSILON_ws/src/EPSILON_ROS2/core/common/thirdparty/tk_spline/spline.h:369:5:[m[K [01;35m[Kwarning: [m[K‘[01m[Kint {anonymous}::tk::spline::num_pts() const[m[K’ defined but not used [[01;35m[K-Wunused-function[m[K]
[3.132s]   369 | int [01;35m[Kspline[m[K::num_pts() const { return m_a.size(); }
[3.132s]       |     [01;35m[K^~~~~~[m[K
[3.132s] [01m[K/home/bigdavid/EPSILON_ws/src/EPSILON_ROS2/core/common/thirdparty/tk_spline/spline.h:347:8:[m[K [01;35m[Kwarning: [m[K‘[01m[Kdouble {anonymous}::tk::spline::operator()(double) const[m[K’ defined but not used [[01;35m[K-Wunused-function[m[K]
[3.132s]   347 | double [01;35m[Kspline[m[K::operator()(double x) const {
[3.132s]       |        [01;35m[K^~~~~~[m[K
[3.132s] [01m[K/home/bigdavid/EPSILON_ws/src/EPSILON_ROS2/core/common/thirdparty/tk_spline/spline.h:255:6:[m[K [01;35m[Kwarning: [m[K‘[01m[Kvoid {anonymous}::tk::spline::set_points(const std::vector<double, std::allocator<double> >&, const std::vector<double, std::allocator<double> >&, bool)[m[K’ defined but not used [[01;35m[K-Wunused-function[m[K]
[3.132s]   255 | void [01;35m[Kspline[m[K::set_points(const std::vector<double>& x,
[3.132s]       |      [01;35m[K^~~~~~[m[K
[3.132s] [01m[K/home/bigdavid/EPSILON_ws/src/EPSILON_ROS2/core/common/thirdparty/tk_spline/spline.h:244:6:[m[K [01;35m[Kwarning: [m[K‘[01m[Kvoid {anonymous}::tk::spline::set_boundary({anonymous}::tk::spline::bd_type, double, {anonymous}::tk::spline::bd_type, double, bool)[m[K’ defined but not used [[01;35m[K-Wunused-function[m[K]
[3.132s]   244 | void [01;35m[Kspline[m[K::set_boundary(spline::bd_type left, double left_value,
[3.132s]       |      [01;35m[K^~~~~~[m[K
[3.147s] [ 75%] [32m[1mLinking CXX executable test_ssc_with_mpdm[0m
[3.159s] In file included from [01m[K/home/bigdavid/EPSILON_ws/src/EPSILON_ROS2/app/planning_integrated/src/test_ssc_with_eudm.cc:10[m[K:
[3.159s] [01m[K/home/bigdavid/EPSILON_ws/install/semantic_map_manager/include/semantic_map_manager/ros_adapter.h:[m[K In constructor ‘[01m[Ksemantic_map_manager::RosAdapter::RosAdapter(std::shared_ptr<rclcpp::Node>, semantic_map_manager::SemanticMapManager*)[m[K’:
[3.159s] [01m[K/home/bigdavid/EPSILON_ws/install/semantic_map_manager/include/semantic_map_manager/ros_adapter.h:59:23:[m[K [01;35m[Kwarning: [m[K‘[01m[Ksemantic_map_manager::RosAdapter::p_smm_[m[K’ will be initialized after [[01;35m[K-Wreorder[m[K]
[3.159s]    59 |   SemanticMapManager* [01;35m[Kp_smm_[m[K;
[3.159s]       |                       [01;35m[K^~~~~~[m[K
[3.159s] [01m[K/home/bigdavid/EPSILON_ws/install/semantic_map_manager/include/semantic_map_manager/ros_adapter.h:58:17:[m[K [01;35m[Kwarning: [m[K  ‘[01m[Ksemantic_map_manager::DataRenderer* semantic_map_manager::RosAdapter::p_data_renderer_[m[K’ [[01;35m[K-Wreorder[m[K]
[3.159s]    58 |   DataRenderer* [01;35m[Kp_data_renderer_[m[K;
[3.159s]       |                 [01;35m[K^~~~~~~~~~~~~~~~[m[K
[3.159s] [01m[K/home/bigdavid/EPSILON_ws/install/semantic_map_manager/include/semantic_map_manager/ros_adapter.h:26:3:[m[K [01;35m[Kwarning: [m[K  when initialized here [[01;35m[K-Wreorder[m[K]
[3.159s]    26 |   [01;35m[KRosAdapter[m[K(std::shared_ptr<rclcpp::Node> node, SemanticMapManager* ptr_smm)
[3.160s]       |   [01;35m[K^~~~~~~~~~[m[K
[3.160s] In file included from [01m[K/home/bigdavid/EPSILON_ws/install/common/include/common/spline/spline_generator.h:17[m[K,
[3.160s]                  from [01m[K/home/bigdavid/EPSILON_ws/install/ssc_planner/include/ssc_planner/ssc_planner.h:21[m[K,
[3.160s]                  from [01m[K/home/bigdavid/EPSILON_ws/install/ssc_planner/include/ssc_planner/ssc_server_ros.h:21[m[K,
[3.160s]                  from [01m[K/home/bigdavid/EPSILON_ws/src/EPSILON_ROS2/app/planning_integrated/src/test_ssc_with_eudm.cc:13[m[K:
[3.160s] [01m[K/home/bigdavid/EPSILON_ws/src/EPSILON_ROS2/core/common/thirdparty/tk_spline/spline.h:[m[K At global scope:
[3.160s] [01m[K/home/bigdavid/EPSILON_ws/src/EPSILON_ROS2/core/common/thirdparty/tk_spline/spline.h:371:8:[m[K [01;35m[Kwarning: [m[K‘[01m[Kdouble {anonymous}::tk::spline::get_coeff(int, int) const[m[K’ defined but not used [[01;35m[K-Wunused-function[m[K]
[3.160s]   371 | double [01;35m[Kspline[m[K::get_coeff(int n, int j) const {
[3.160s]       |        [01;35m[K^~~~~~[m[K
[3.160s] [01m[K/home/bigdavid/EPSILON_ws/src/EPSILON_ROS2/core/common/thirdparty/tk_spline/spline.h:369:5:[m[K [01;35m[Kwarning: [m[K‘[01m[Kint {anonymous}::tk::spline::num_pts() const[m[K’ defined but not used [[01;35m[K-Wunused-function[m[K]
[3.160s]   369 | int [01;35m[Kspline[m[K::num_pts() const { return m_a.size(); }
[3.160s]       |     [01;35m[K^~~~~~[m[K
[3.160s] [01m[K/home/bigdavid/EPSILON_ws/src/EPSILON_ROS2/core/common/thirdparty/tk_spline/spline.h:347:8:[m[K [01;35m[Kwarning: [m[K‘[01m[Kdouble {anonymous}::tk::spline::operator()(double) const[m[K’ defined but not used [[01;35m[K-Wunused-function[m[K]
[3.160s]   347 | double [01;35m[Kspline[m[K::operator()(double x) const {
[3.160s]       |        [01;35m[K^~~~~~[m[K
[3.160s] [01m[K/home/bigdavid/EPSILON_ws/src/EPSILON_ROS2/core/common/thirdparty/tk_spline/spline.h:255:6:[m[K [01;35m[Kwarning: [m[K‘[01m[Kvoid {anonymous}::tk::spline::set_points(const std::vector<double, std::allocator<double> >&, const std::vector<double, std::allocator<double> >&, bool)[m[K’ defined but not used [[01;35m[K-Wunused-function[m[K]
[3.160s]   255 | void [01;35m[Kspline[m[K::set_points(const std::vector<double>& x,
[3.160s]       |      [01;35m[K^~~~~~[m[K
[3.160s] [01m[K/home/bigdavid/EPSILON_ws/src/EPSILON_ROS2/core/common/thirdparty/tk_spline/spline.h:244:6:[m[K [01;35m[Kwarning: [m[K‘[01m[Kvoid {anonymous}::tk::spline::set_boundary({anonymous}::tk::spline::bd_type, double, {anonymous}::tk::spline::bd_type, double, bool)[m[K’ defined but not used [[01;35m[K-Wunused-function[m[K]
[3.160s]   244 | void [01;35m[Kspline[m[K::set_boundary(spline::bd_type left, double left_value,
[3.160s]       |      [01;35m[K^~~~~~[m[K
[3.172s] [100%] [32m[1mLinking CXX executable test_ssc_with_eudm[0m
[5.545s] [100%] Built target test_ssc_with_mpdm
[6.162s] [100%] Built target test_ssc_with_eudm
[6.176s] Invoked command in '/home/bigdavid/EPSILON_ws/build/planning_integrated' returned '0': CMAKE_PREFIX_PATH=/home/bigdavid/EPSILON_ws/install/eudm_planner:/home/bigdavid/EPSILON_ws/install/behavior_planner:/home/bigdavid/EPSILON_ws/install/ssc_planner:/home/bigdavid/EPSILON_ws/install/route_planner:/home/bigdavid/EPSILON_ws/install/semantic_map_manager:/home/bigdavid/EPSILON_ws/install/motion_predictor:/home/bigdavid/EPSILON_ws/install/forward_simulator:/home/bigdavid/EPSILON_ws/install/vehicle_msgs:/home/bigdavid/EPSILON_ws/install/vehicle_model:/home/bigdavid/EPSILON_ws/install/common:/home/bigdavid/EPSILON_ws/install/planning_integrated:/home/bigdavid/EPSILON_ws/install/ai_agent_planner:/home/bigdavid/EPSILON_ws/install/phy_simulator:/home/bigdavid/EPSILON_ws/install/aux_tools:/home/bigdavid/EPSILON_ws/install/utm_to_car_transform:/home/bigdavid/EPSILON_ws/install/playgrounds:/opt/ros/humble LD_LIBRARY_PATH=/home/bigdavid/EPSILON_ws/install/vehicle_msgs/lib:/home/bigdavid/EPSILON_ws/install/ssc_planner/lib:/home/bigdavid/EPSILON_ws/install/eudm_planner/lib:/home/bigdavid/EPSILON_ws/install/behavior_planner/lib:/home/bigdavid/EPSILON_ws/install/route_planner/lib:/home/bigdavid/EPSILON_ws/install/semantic_map_manager/lib:/home/bigdavid/EPSILON_ws/install/phy_simulator/lib:/home/bigdavid/EPSILON_ws/install/motion_predictor/lib:/home/bigdavid/EPSILON_ws/install/forward_simulator/lib:/home/bigdavid/EPSILON_ws/install/vehicle_model/lib:/home/bigdavid/EPSILON_ws/install/common/lib:/usr/local/lib:/usr/local/cuda/lib64:/usr/local/lib:/usr/lib/x86_64-linux-gnu/gazebo-11/plugins:/opt/ros/humble/opt/rviz_ogre_vendor/lib:/opt/ros/humble/lib/x86_64-linux-gnu:/opt/ros/humble/lib:/usr/local/cuda/lib64 /usr/bin/cmake --build /home/bigdavid/EPSILON_ws/build/planning_integrated -- -j32 -l32
[6.177s] Invoking command in '/home/bigdavid/EPSILON_ws/build/planning_integrated': CMAKE_PREFIX_PATH=/home/bigdavid/EPSILON_ws/install/eudm_planner:/home/bigdavid/EPSILON_ws/install/behavior_planner:/home/bigdavid/EPSILON_ws/install/ssc_planner:/home/bigdavid/EPSILON_ws/install/route_planner:/home/bigdavid/EPSILON_ws/install/semantic_map_manager:/home/bigdavid/EPSILON_ws/install/motion_predictor:/home/bigdavid/EPSILON_ws/install/forward_simulator:/home/bigdavid/EPSILON_ws/install/vehicle_msgs:/home/bigdavid/EPSILON_ws/install/vehicle_model:/home/bigdavid/EPSILON_ws/install/common:/home/bigdavid/EPSILON_ws/install/planning_integrated:/home/bigdavid/EPSILON_ws/install/ai_agent_planner:/home/bigdavid/EPSILON_ws/install/phy_simulator:/home/bigdavid/EPSILON_ws/install/aux_tools:/home/bigdavid/EPSILON_ws/install/utm_to_car_transform:/home/bigdavid/EPSILON_ws/install/playgrounds:/opt/ros/humble LD_LIBRARY_PATH=/home/bigdavid/EPSILON_ws/install/vehicle_msgs/lib:/home/bigdavid/EPSILON_ws/install/ssc_planner/lib:/home/bigdavid/EPSILON_ws/install/eudm_planner/lib:/home/bigdavid/EPSILON_ws/install/behavior_planner/lib:/home/bigdavid/EPSILON_ws/install/route_planner/lib:/home/bigdavid/EPSILON_ws/install/semantic_map_manager/lib:/home/bigdavid/EPSILON_ws/install/phy_simulator/lib:/home/bigdavid/EPSILON_ws/install/motion_predictor/lib:/home/bigdavid/EPSILON_ws/install/forward_simulator/lib:/home/bigdavid/EPSILON_ws/install/vehicle_model/lib:/home/bigdavid/EPSILON_ws/install/common/lib:/usr/local/lib:/usr/local/cuda/lib64:/usr/local/lib:/usr/lib/x86_64-linux-gnu/gazebo-11/plugins:/opt/ros/humble/opt/rviz_ogre_vendor/lib:/opt/ros/humble/lib/x86_64-linux-gnu:/opt/ros/humble/lib:/usr/local/cuda/lib64 /usr/bin/cmake --install /home/bigdavid/EPSILON_ws/build/planning_integrated
[6.184s] -- Install configuration: "Release"
[6.184s] -- Installing: /home/bigdavid/EPSILON_ws/install/planning_integrated/lib/planning_integrated/test_ssc_with_mpdm
[6.187s] -- Set runtime path of "/home/bigdavid/EPSILON_ws/install/planning_integrated/lib/planning_integrated/test_ssc_with_mpdm" to ""
[6.187s] -- Installing: /home/bigdavid/EPSILON_ws/install/planning_integrated/lib/planning_integrated/test_ssc_with_eudm
[6.189s] -- Set runtime path of "/home/bigdavid/EPSILON_ws/install/planning_integrated/lib/planning_integrated/test_ssc_with_eudm" to ""
[6.189s] -- Installing: /home/bigdavid/EPSILON_ws/install/planning_integrated/share/planning_integrated/launch
[6.189s] -- Installing: /home/bigdavid/EPSILON_ws/install/planning_integrated/share/planning_integrated/launch/test_ssc_with_eudm_ros.launch
[6.189s] -- Installing: /home/bigdavid/EPSILON_ws/install/planning_integrated/share/planning_integrated/launch/test_ssc_with_mpdm_ros.launch
[6.189s] -- Installing: /home/bigdavid/EPSILON_ws/install/planning_integrated/share/planning_integrated/launch/test_ssc_with_mpdm_ros_launch.py
[6.189s] -- Installing: /home/bigdavid/EPSILON_ws/install/planning_integrated/share/planning_integrated/launch/test_ssc_with_eudm_ros_launch.py
[6.190s] -- Installing: /home/bigdavid/EPSILON_ws/install/planning_integrated/share/ament_index/resource_index/package_run_dependencies/planning_integrated
[6.190s] -- Installing: /home/bigdavid/EPSILON_ws/install/planning_integrated/share/ament_index/resource_index/parent_prefix_path/planning_integrated
[6.190s] -- Installing: /home/bigdavid/EPSILON_ws/install/planning_integrated/share/planning_integrated/environment/ament_prefix_path.sh
[6.190s] -- Installing: /home/bigdavid/EPSILON_ws/install/planning_integrated/share/planning_integrated/environment/ament_prefix_path.dsv
[6.190s] -- Installing: /home/bigdavid/EPSILON_ws/install/planning_integrated/share/planning_integrated/environment/path.sh
[6.190s] -- Installing: /home/bigdavid/EPSILON_ws/install/planning_integrated/share/planning_integrated/environment/path.dsv
[6.190s] -- Installing: /home/bigdavid/EPSILON_ws/install/planning_integrated/share/planning_integrated/local_setup.bash
[6.190s] -- Installing: /home/bigdavid/EPSILON_ws/install/planning_integrated/share/planning_integrated/local_setup.sh
[6.190s] -- Installing: /home/bigdavid/EPSILON_ws/install/planning_integrated/share/planning_integrated/local_setup.zsh
[6.190s] -- Installing: /home/bigdavid/EPSILON_ws/install/planning_integrated/share/planning_integrated/local_setup.dsv
[6.190s] -- Installing: /home/bigdavid/EPSILON_ws/install/planning_integrated/share/planning_integrated/package.dsv
[6.190s] -- Installing: /home/bigdavid/EPSILON_ws/install/planning_integrated/share/ament_index/resource_index/packages/planning_integrated
[6.190s] -- Installing: /home/bigdavid/EPSILON_ws/install/planning_integrated/share/planning_integrated/cmake/ament_cmake_export_dependencies-extras.cmake
[6.190s] -- Installing: /home/bigdavid/EPSILON_ws/install/planning_integrated/share/planning_integrated/cmake/ament_cmake_export_include_directories-extras.cmake
[6.190s] -- Installing: /home/bigdavid/EPSILON_ws/install/planning_integrated/share/planning_integrated/cmake/planning_integratedConfig.cmake
[6.190s] -- Installing: /home/bigdavid/EPSILON_ws/install/planning_integrated/share/planning_integrated/cmake/planning_integratedConfig-version.cmake
[6.190s] -- Installing: /home/bigdavid/EPSILON_ws/install/planning_integrated/share/planning_integrated/package.xml
[6.192s] Invoked command in '/home/bigdavid/EPSILON_ws/build/planning_integrated' returned '0': CMAKE_PREFIX_PATH=/home/bigdavid/EPSILON_ws/install/eudm_planner:/home/bigdavid/EPSILON_ws/install/behavior_planner:/home/bigdavid/EPSILON_ws/install/ssc_planner:/home/bigdavid/EPSILON_ws/install/route_planner:/home/bigdavid/EPSILON_ws/install/semantic_map_manager:/home/bigdavid/EPSILON_ws/install/motion_predictor:/home/bigdavid/EPSILON_ws/install/forward_simulator:/home/bigdavid/EPSILON_ws/install/vehicle_msgs:/home/bigdavid/EPSILON_ws/install/vehicle_model:/home/bigdavid/EPSILON_ws/install/common:/home/bigdavid/EPSILON_ws/install/planning_integrated:/home/bigdavid/EPSILON_ws/install/ai_agent_planner:/home/bigdavid/EPSILON_ws/install/phy_simulator:/home/bigdavid/EPSILON_ws/install/aux_tools:/home/bigdavid/EPSILON_ws/install/utm_to_car_transform:/home/bigdavid/EPSILON_ws/install/playgrounds:/opt/ros/humble LD_LIBRARY_PATH=/home/bigdavid/EPSILON_ws/install/vehicle_msgs/lib:/home/bigdavid/EPSILON_ws/install/ssc_planner/lib:/home/bigdavid/EPSILON_ws/install/eudm_planner/lib:/home/bigdavid/EPSILON_ws/install/behavior_planner/lib:/home/bigdavid/EPSILON_ws/install/route_planner/lib:/home/bigdavid/EPSILON_ws/install/semantic_map_manager/lib:/home/bigdavid/EPSILON_ws/install/phy_simulator/lib:/home/bigdavid/EPSILON_ws/install/motion_predictor/lib:/home/bigdavid/EPSILON_ws/install/forward_simulator/lib:/home/bigdavid/EPSILON_ws/install/vehicle_model/lib:/home/bigdavid/EPSILON_ws/install/common/lib:/usr/local/lib:/usr/local/cuda/lib64:/usr/local/lib:/usr/lib/x86_64-linux-gnu/gazebo-11/plugins:/opt/ros/humble/opt/rviz_ogre_vendor/lib:/opt/ros/humble/lib/x86_64-linux-gnu:/opt/ros/humble/lib:/usr/local/cuda/lib64 /usr/bin/cmake --install /home/bigdavid/EPSILON_ws/build/planning_integrated
