[0.006s] Invoking command in '/home/bigdavid/EPSILON_ws/build/vehicle_model': AMENT_PREFIX_PATH=/home/bigdavid/EPSILON_ws/install/common:${AMENT_PREFIX_PATH} CMAKE_PREFIX_PATH=/home/bigdavid/EPSILON_ws/install/common:/opt/ros/humble LD_LIBRARY_PATH=/home/bigdavid/EPSILON_ws/install/common/lib:${LD_LIBRARY_PATH} /usr/bin/cmake /home/bigdavid/EPSILON_ws/src/EPSILON_ROS2/core/vehicle_model -DCMAKE_INSTALL_PREFIX=/home/bigdavid/EPSILON_ws/install/vehicle_model
[0.054s] -- The C compiler identification is GNU 11.4.0
[0.104s] -- The CXX compiler identification is GNU 11.4.0
[0.113s] -- Detecting C compiler ABI info
[0.165s] -- Detecting C compiler ABI info - done
[0.173s] -- Check for working C compiler: /usr/lib/ccache/gcc - skipped
[0.173s] -- Detecting C compile features
[0.174s] -- Detecting C compile features - done
[0.176s] -- Detecting CXX compiler ABI info
[0.243s] -- Detecting CXX compiler ABI info - done
[0.250s] -- Check for working CXX compiler: /usr/lib/ccache/g++ - skipped
[0.250s] -- Detecting CXX compile features
[0.251s] -- Detecting CXX compile features - done
[0.253s] -- Found ament_cmake: 1.3.12 (/opt/ros/humble/share/ament_cmake/cmake)
[0.406s] -- Found Python3: /usr/bin/python3 (found version "3.10.12") found components: Interpreter 
[0.501s] -- Found rclcpp: 16.0.15 (/opt/ros/humble/share/rclcpp/cmake)
[0.550s] -- Found rosidl_generator_c: 3.1.6 (/opt/ros/humble/share/rosidl_generator_c/cmake)
[0.555s] -- Found rosidl_adapter: 3.1.6 (/opt/ros/humble/share/rosidl_adapter/cmake)
[0.564s] -- Found rosidl_generator_cpp: 3.1.6 (/opt/ros/humble/share/rosidl_generator_cpp/cmake)
[0.576s] -- Using all available rosidl_typesupport_c: rosidl_typesupport_fastrtps_c;rosidl_typesupport_introspection_c
[0.592s] -- Using all available rosidl_typesupport_cpp: rosidl_typesupport_fastrtps_cpp;rosidl_typesupport_introspection_cpp
[0.639s] -- Found rmw_implementation_cmake: 6.1.2 (/opt/ros/humble/share/rmw_implementation_cmake/cmake)
[0.642s] -- Found rmw_cyclonedds_cpp: 1.3.4 (/opt/ros/humble/share/rmw_cyclonedds_cpp/cmake)
[0.664s] -- Using RMW implementation 'rmw_cyclonedds_cpp' as default
[0.673s] -- Looking for pthread.h
[0.743s] -- Looking for pthread.h - found
[0.744s] -- Performing Test CMAKE_HAVE_LIBC_PTHREAD
[0.817s] -- Performing Test CMAKE_HAVE_LIBC_PTHREAD - Success
[0.819s] -- Found Threads: TRUE  
[0.875s] -- Found visualization_msgs: 4.9.0 (/opt/ros/humble/share/visualization_msgs/cmake)
[0.935s] -- Found common: 0.0.0 (/home/bigdavid/EPSILON_ws/install/common/share/common/cmake)
[1.119s] -- Found eigen3_cmake_module: 0.1.1 (/opt/ros/humble/share/eigen3_cmake_module/cmake)
[1.121s] -- Found Eigen3: TRUE (found version "3.4.0") 
[1.121s] -- Ensuring Eigen3 include directory is part of orocos-kdl CMake target
[1.124s] [33mCMake Warning at /home/bigdavid/EPSILON_ws/install/common/share/common/cmake/ament_cmake_export_include_directories-extras.cmake:11 (message):
[1.124s]   Package 'common' exports the include directory
[1.125s]   '/home/bigdavid/EPSILON_ws/src/EPSILON_ROS2/core/common/thirdparty/OOQP/include'
[1.125s]   which doesn't exist
[1.125s] Call Stack (most recent call first):
[1.125s]   /home/bigdavid/EPSILON_ws/install/common/share/common/cmake/commonConfig.cmake:41 (include)
[1.125s]   CMakeLists.txt:19 (find_package)
[1.125s] 
[1.125s] [0m
[1.137s] -- Found Boost: /usr/lib/x86_64-linux-gnu/cmake/Boost-1.74.0/BoostConfig.cmake (found version "1.74.0")  
[1.140s] [33mCMake Warning at /opt/ros/humble/share/ament_cmake_export_include_directories/cmake/ament_export_include_directories.cmake:44 (message):
[1.140s]   ament_export_include_directories() package 'vehicle_model' exports the
[1.140s]   include directory
[1.140s]   '/home/bigdavid/EPSILON_ws/src/EPSILON_ROS2/core/common/thirdparty/OOQP/include'
[1.140s]   which doesn't exist
[1.140s] Call Stack (most recent call first):
[1.140s]   CMakeLists.txt:65 (ament_export_include_directories)
[1.141s] 
[1.141s] [0m
[1.235s] -- Configuring done
[1.258s] -- Generating done
[1.263s] -- Build files have been written to: /home/bigdavid/EPSILON_ws/build/vehicle_model
[1.273s] Invoked command in '/home/bigdavid/EPSILON_ws/build/vehicle_model' returned '0': AMENT_PREFIX_PATH=/home/bigdavid/EPSILON_ws/install/common:${AMENT_PREFIX_PATH} CMAKE_PREFIX_PATH=/home/bigdavid/EPSILON_ws/install/common:/opt/ros/humble LD_LIBRARY_PATH=/home/bigdavid/EPSILON_ws/install/common/lib:${LD_LIBRARY_PATH} /usr/bin/cmake /home/bigdavid/EPSILON_ws/src/EPSILON_ROS2/core/vehicle_model -DCMAKE_INSTALL_PREFIX=/home/bigdavid/EPSILON_ws/install/vehicle_model
[1.277s] Invoking command in '/home/bigdavid/EPSILON_ws/build/vehicle_model': AMENT_PREFIX_PATH=/home/bigdavid/EPSILON_ws/install/common:${AMENT_PREFIX_PATH} CMAKE_PREFIX_PATH=/home/bigdavid/EPSILON_ws/install/common:/opt/ros/humble LD_LIBRARY_PATH=/home/bigdavid/EPSILON_ws/install/common/lib:${LD_LIBRARY_PATH} /usr/bin/cmake --build /home/bigdavid/EPSILON_ws/build/vehicle_model -- -j32 -l32
[1.344s] [ 11%] [32mBuilding CXX object CMakeFiles/hkust_pl_vehicle_model.dir/src/vehicle_model/ideal_steer_model.cc.o[0m
[1.346s] [ 22%] [32mBuilding CXX object CMakeFiles/hkust_pl_vehicle_model.dir/src/vehicle_model/controllers/pid_controller.cc.o[0m
[1.347s] [ 33%] [32mBuilding CXX object CMakeFiles/hkust_pl_vehicle_model.dir/src/vehicle_model/vehicle_model.cc.o[0m
[1.348s] [ 44%] [32mBuilding CXX object CMakeFiles/hkust_pl_vehicle_model.dir/src/vehicle_model/idm_model.cc.o[0m
[1.348s] [ 55%] [32mBuilding CXX object CMakeFiles/hkust_pl_vehicle_model.dir/src/vehicle_model/ctx_idm_model.cc.o[0m
[1.348s] [ 66%] [32mBuilding CXX object CMakeFiles/hkust_pl_vehicle_model.dir/src/vehicle_model/controllers/pure_pursuit_controller.cc.o[0m
[1.350s] [ 77%] [32mBuilding CXX object CMakeFiles/hkust_pl_vehicle_model.dir/src/vehicle_model/controllers/idm_velocity_controller.cc.o[0m
[1.350s] [ 88%] [32mBuilding CXX object CMakeFiles/hkust_pl_vehicle_model.dir/src/vehicle_model/controllers/ctx_idm_velocity_controller.cc.o[0m
[3.152s] [100%] [32m[1mLinking CXX static library libhkust_pl_vehicle_model.a[0m
[3.208s] [100%] Built target hkust_pl_vehicle_model
[3.222s] Invoked command in '/home/bigdavid/EPSILON_ws/build/vehicle_model' returned '0': AMENT_PREFIX_PATH=/home/bigdavid/EPSILON_ws/install/common:${AMENT_PREFIX_PATH} CMAKE_PREFIX_PATH=/home/bigdavid/EPSILON_ws/install/common:/opt/ros/humble LD_LIBRARY_PATH=/home/bigdavid/EPSILON_ws/install/common/lib:${LD_LIBRARY_PATH} /usr/bin/cmake --build /home/bigdavid/EPSILON_ws/build/vehicle_model -- -j32 -l32
[3.224s] Invoking command in '/home/bigdavid/EPSILON_ws/build/vehicle_model': AMENT_PREFIX_PATH=/home/bigdavid/EPSILON_ws/install/common:${AMENT_PREFIX_PATH} CMAKE_PREFIX_PATH=/home/bigdavid/EPSILON_ws/install/common:/opt/ros/humble LD_LIBRARY_PATH=/home/bigdavid/EPSILON_ws/install/common/lib:${LD_LIBRARY_PATH} /usr/bin/cmake --install /home/bigdavid/EPSILON_ws/build/vehicle_model
[3.238s] -- Install configuration: "Release"
[3.239s] -- Installing: /home/bigdavid/EPSILON_ws/install/vehicle_model/share/vehicle_model/environment/library_path.sh
[3.239s] -- Installing: /home/bigdavid/EPSILON_ws/install/vehicle_model/share/vehicle_model/environment/library_path.dsv
[3.239s] -- Installing: /home/bigdavid/EPSILON_ws/install/vehicle_model/include
[3.240s] -- Installing: /home/bigdavid/EPSILON_ws/install/vehicle_model/include/vehicle_model
[3.241s] -- Installing: /home/bigdavid/EPSILON_ws/install/vehicle_model/include/vehicle_model/vehicle_model.h
[3.241s] -- Installing: /home/bigdavid/EPSILON_ws/install/vehicle_model/include/vehicle_model/idm_model.h
[3.241s] -- Installing: /home/bigdavid/EPSILON_ws/install/vehicle_model/include/vehicle_model/controllers
[3.241s] -- Installing: /home/bigdavid/EPSILON_ws/install/vehicle_model/include/vehicle_model/controllers/pure_pursuit_controller.h
[3.241s] -- Installing: /home/bigdavid/EPSILON_ws/install/vehicle_model/include/vehicle_model/controllers/ctx_idm_velocity_controller.h
[3.241s] -- Installing: /home/bigdavid/EPSILON_ws/install/vehicle_model/include/vehicle_model/controllers/pid_controller.h
[3.241s] -- Installing: /home/bigdavid/EPSILON_ws/install/vehicle_model/include/vehicle_model/controllers/idm_velocity_controller.h
[3.241s] -- Installing: /home/bigdavid/EPSILON_ws/install/vehicle_model/include/vehicle_model/ctx_idm_model.h
[3.241s] -- Installing: /home/bigdavid/EPSILON_ws/install/vehicle_model/include/vehicle_model/ideal_steer_model.h
[3.241s] -- Installing: /home/bigdavid/EPSILON_ws/install/vehicle_model/lib/libhkust_pl_vehicle_model.a
[3.241s] -- Installing: /home/bigdavid/EPSILON_ws/install/vehicle_model/share/ament_index/resource_index/package_run_dependencies/vehicle_model
[3.241s] -- Installing: /home/bigdavid/EPSILON_ws/install/vehicle_model/share/ament_index/resource_index/parent_prefix_path/vehicle_model
[3.241s] -- Installing: /home/bigdavid/EPSILON_ws/install/vehicle_model/share/vehicle_model/environment/ament_prefix_path.sh
[3.241s] -- Installing: /home/bigdavid/EPSILON_ws/install/vehicle_model/share/vehicle_model/environment/ament_prefix_path.dsv
[3.241s] -- Installing: /home/bigdavid/EPSILON_ws/install/vehicle_model/share/vehicle_model/environment/path.sh
[3.242s] -- Installing: /home/bigdavid/EPSILON_ws/install/vehicle_model/share/vehicle_model/environment/path.dsv
[3.242s] -- Installing: /home/bigdavid/EPSILON_ws/install/vehicle_model/share/vehicle_model/local_setup.bash
[3.242s] -- Installing: /home/bigdavid/EPSILON_ws/install/vehicle_model/share/vehicle_model/local_setup.sh
[3.242s] -- Installing: /home/bigdavid/EPSILON_ws/install/vehicle_model/share/vehicle_model/local_setup.zsh
[3.242s] -- Installing: /home/bigdavid/EPSILON_ws/install/vehicle_model/share/vehicle_model/local_setup.dsv
[3.242s] -- Installing: /home/bigdavid/EPSILON_ws/install/vehicle_model/share/vehicle_model/package.dsv
[3.242s] -- Installing: /home/bigdavid/EPSILON_ws/install/vehicle_model/share/ament_index/resource_index/packages/vehicle_model
[3.242s] -- Installing: /home/bigdavid/EPSILON_ws/install/vehicle_model/share/vehicle_model/cmake/ament_cmake_export_libraries-extras.cmake
[3.242s] -- Installing: /home/bigdavid/EPSILON_ws/install/vehicle_model/share/vehicle_model/cmake/ament_cmake_export_dependencies-extras.cmake
[3.242s] -- Installing: /home/bigdavid/EPSILON_ws/install/vehicle_model/share/vehicle_model/cmake/ament_cmake_export_include_directories-extras.cmake
[3.242s] -- Installing: /home/bigdavid/EPSILON_ws/install/vehicle_model/share/vehicle_model/cmake/vehicle_modelConfig.cmake
[3.242s] -- Installing: /home/bigdavid/EPSILON_ws/install/vehicle_model/share/vehicle_model/cmake/vehicle_modelConfig-version.cmake
[3.242s] -- Installing: /home/bigdavid/EPSILON_ws/install/vehicle_model/share/vehicle_model/package.xml
[3.244s] Invoked command in '/home/bigdavid/EPSILON_ws/build/vehicle_model' returned '0': AMENT_PREFIX_PATH=/home/bigdavid/EPSILON_ws/install/common:${AMENT_PREFIX_PATH} CMAKE_PREFIX_PATH=/home/bigdavid/EPSILON_ws/install/common:/opt/ros/humble LD_LIBRARY_PATH=/home/bigdavid/EPSILON_ws/install/common/lib:${LD_LIBRARY_PATH} /usr/bin/cmake --install /home/bigdavid/EPSILON_ws/build/vehicle_model
