[  0%] Built target vehicle_msgs__cpp
[  0%] Built target ament_cmake_python_copy_vehicle_msgs
[ 12%] Built target vehicle_msgs__rosidl_generator_c
[ 24%] Built target vehicle_msgs__rosidl_typesupport_introspection_cpp
[ 36%] Built target vehicle_msgs__rosidl_typesupport_c
[ 48%] Built target vehicle_msgs__rosidl_typesupport_cpp
[ 60%] Built target vehicle_msgs__rosidl_typesupport_fastrtps_cpp
[ 72%] Built target vehicle_msgs__rosidl_typesupport_introspection_c
[ 84%] Built target vehicle_msgs__rosidl_typesupport_fastrtps_c
[ 84%] Built target vehicle_msgs
[ 85%] Built target vehicle_msgs__py
[ 96%] Built target vehicle_msgs__rosidl_generator_py
[ 97%] Built target vehicle_msgs__rosidl_typesupport_fastrtps_c__pyext
[ 98%] Built target vehicle_msgs__rosidl_typesupport_c__pyext
[100%] Built target vehicle_msgs__rosidl_typesupport_introspection_c__pyext
running egg_info
writing vehicle_msgs.egg-info/PKG-INFO
writing dependency_links to vehicle_msgs.egg-info/dependency_links.txt
writing top-level names to vehicle_msgs.egg-info/top_level.txt
reading manifest file 'vehicle_msgs.egg-info/SOURCES.txt'
writing manifest file 'vehicle_msgs.egg-info/SOURCES.txt'
[100%] Built target ament_cmake_python_build_vehicle_msgs_egg
-- Install configuration: ""
-- Up-to-date: /home/bigdavid/EPSILON_ws/install/vehicle_msgs/share/ament_index/resource_index/rosidl_interfaces/vehicle_msgs
-- Up-to-date: /home/bigdavid/EPSILON_ws/install/vehicle_msgs/include/vehicle_msgs/vehicle_msgs
-- Up-to-date: /home/bigdavid/EPSILON_ws/install/vehicle_msgs/include/vehicle_msgs/vehicle_msgs/msg
-- Up-to-date: /home/bigdavid/EPSILON_ws/install/vehicle_msgs/include/vehicle_msgs/vehicle_msgs/msg/vehicle.h
-- Up-to-date: /home/bigdavid/EPSILON_ws/install/vehicle_msgs/include/vehicle_msgs/vehicle_msgs/msg/state.h
-- Up-to-date: /home/bigdavid/EPSILON_ws/install/vehicle_msgs/include/vehicle_msgs/vehicle_msgs/msg/occupancy_grid_float.h
-- Up-to-date: /home/bigdavid/EPSILON_ws/install/vehicle_msgs/include/vehicle_msgs/vehicle_msgs/msg/arena_info.h
-- Up-to-date: /home/bigdavid/EPSILON_ws/install/vehicle_msgs/include/vehicle_msgs/vehicle_msgs/msg/detail
-- Up-to-date: /home/bigdavid/EPSILON_ws/install/vehicle_msgs/include/vehicle_msgs/vehicle_msgs/msg/detail/polygon_obstacle__functions.h
-- Up-to-date: /home/bigdavid/EPSILON_ws/install/vehicle_msgs/include/vehicle_msgs/vehicle_msgs/msg/detail/vehicle_param__functions.h
-- Up-to-date: /home/bigdavid/EPSILON_ws/install/vehicle_msgs/include/vehicle_msgs/vehicle_msgs/msg/detail/obstacle_set__functions.h
-- Up-to-date: /home/bigdavid/EPSILON_ws/install/vehicle_msgs/include/vehicle_msgs/vehicle_msgs/msg/detail/vehicle__struct.h
-- Up-to-date: /home/bigdavid/EPSILON_ws/install/vehicle_msgs/include/vehicle_msgs/vehicle_msgs/msg/detail/state__type_support.h
-- Up-to-date: /home/bigdavid/EPSILON_ws/install/vehicle_msgs/include/vehicle_msgs/vehicle_msgs/msg/detail/occupancy_grid_u_int8__functions.c
-- Up-to-date: /home/bigdavid/EPSILON_ws/install/vehicle_msgs/include/vehicle_msgs/vehicle_msgs/msg/detail/free_state__type_support.h
-- Up-to-date: /home/bigdavid/EPSILON_ws/install/vehicle_msgs/include/vehicle_msgs/vehicle_msgs/msg/detail/occupancy_grid_float__functions.c
-- Up-to-date: /home/bigdavid/EPSILON_ws/install/vehicle_msgs/include/vehicle_msgs/vehicle_msgs/msg/detail/lane_net__functions.h
-- Up-to-date: /home/bigdavid/EPSILON_ws/install/vehicle_msgs/include/vehicle_msgs/vehicle_msgs/msg/detail/control_signal__struct.h
-- Up-to-date: /home/bigdavid/EPSILON_ws/install/vehicle_msgs/include/vehicle_msgs/vehicle_msgs/msg/detail/arena_info_static__type_support.h
-- Up-to-date: /home/bigdavid/EPSILON_ws/install/vehicle_msgs/include/vehicle_msgs/vehicle_msgs/msg/detail/occupancy_grid_float__type_support.h
-- Up-to-date: /home/bigdavid/EPSILON_ws/install/vehicle_msgs/include/vehicle_msgs/vehicle_msgs/msg/detail/circle_obstacle__type_support.h
-- Up-to-date: /home/bigdavid/EPSILON_ws/install/vehicle_msgs/include/vehicle_msgs/vehicle_msgs/msg/detail/occupancy_grid_float__functions.h
-- Up-to-date: /home/bigdavid/EPSILON_ws/install/vehicle_msgs/include/vehicle_msgs/vehicle_msgs/msg/detail/free_state__functions.c
-- Up-to-date: /home/bigdavid/EPSILON_ws/install/vehicle_msgs/include/vehicle_msgs/vehicle_msgs/msg/detail/vehicle__type_support.h
-- Up-to-date: /home/bigdavid/EPSILON_ws/install/vehicle_msgs/include/vehicle_msgs/vehicle_msgs/msg/detail/arena_info_static__functions.h
-- Up-to-date: /home/bigdavid/EPSILON_ws/install/vehicle_msgs/include/vehicle_msgs/vehicle_msgs/msg/detail/vehicle_set__type_support.h
-- Up-to-date: /home/bigdavid/EPSILON_ws/install/vehicle_msgs/include/vehicle_msgs/vehicle_msgs/msg/detail/arena_info_dynamic__functions.c
-- Up-to-date: /home/bigdavid/EPSILON_ws/install/vehicle_msgs/include/vehicle_msgs/vehicle_msgs/msg/detail/circle__struct.h
-- Up-to-date: /home/bigdavid/EPSILON_ws/install/vehicle_msgs/include/vehicle_msgs/vehicle_msgs/msg/detail/state__functions.h
-- Up-to-date: /home/bigdavid/EPSILON_ws/install/vehicle_msgs/include/vehicle_msgs/vehicle_msgs/msg/detail/arena_info__functions.h
-- Up-to-date: /home/bigdavid/EPSILON_ws/install/vehicle_msgs/include/vehicle_msgs/vehicle_msgs/msg/detail/vehicle_param__functions.c
-- Up-to-date: /home/bigdavid/EPSILON_ws/install/vehicle_msgs/include/vehicle_msgs/vehicle_msgs/msg/detail/arena_info_dynamic__struct.h
-- Up-to-date: /home/bigdavid/EPSILON_ws/install/vehicle_msgs/include/vehicle_msgs/vehicle_msgs/msg/detail/circle__type_support.h
-- Up-to-date: /home/bigdavid/EPSILON_ws/install/vehicle_msgs/include/vehicle_msgs/vehicle_msgs/msg/detail/obstacle_set__type_support.h
-- Up-to-date: /home/bigdavid/EPSILON_ws/install/vehicle_msgs/include/vehicle_msgs/vehicle_msgs/msg/detail/obstacle_set__struct.h
-- Up-to-date: /home/bigdavid/EPSILON_ws/install/vehicle_msgs/include/vehicle_msgs/vehicle_msgs/msg/detail/state__struct.h
-- Up-to-date: /home/bigdavid/EPSILON_ws/install/vehicle_msgs/include/vehicle_msgs/vehicle_msgs/msg/detail/lane__type_support.h
-- Up-to-date: /home/bigdavid/EPSILON_ws/install/vehicle_msgs/include/vehicle_msgs/vehicle_msgs/msg/detail/lane__struct.h
-- Up-to-date: /home/bigdavid/EPSILON_ws/install/vehicle_msgs/include/vehicle_msgs/vehicle_msgs/msg/detail/vehicle_param__struct.h
-- Up-to-date: /home/bigdavid/EPSILON_ws/install/vehicle_msgs/include/vehicle_msgs/vehicle_msgs/msg/detail/occupancy_grid_u_int8__type_support.h
-- Up-to-date: /home/bigdavid/EPSILON_ws/install/vehicle_msgs/include/vehicle_msgs/vehicle_msgs/msg/detail/polygon_obstacle__struct.h
-- Up-to-date: /home/bigdavid/EPSILON_ws/install/vehicle_msgs/include/vehicle_msgs/vehicle_msgs/msg/detail/state__functions.c
-- Up-to-date: /home/bigdavid/EPSILON_ws/install/vehicle_msgs/include/vehicle_msgs/vehicle_msgs/msg/detail/vehicle_set__functions.c
-- Up-to-date: /home/bigdavid/EPSILON_ws/install/vehicle_msgs/include/vehicle_msgs/vehicle_msgs/msg/detail/circle__functions.h
-- Up-to-date: /home/bigdavid/EPSILON_ws/install/vehicle_msgs/include/vehicle_msgs/vehicle_msgs/msg/detail/arena_info__functions.c
-- Up-to-date: /home/bigdavid/EPSILON_ws/install/vehicle_msgs/include/vehicle_msgs/vehicle_msgs/msg/detail/arena_info__type_support.h
-- Up-to-date: /home/bigdavid/EPSILON_ws/install/vehicle_msgs/include/vehicle_msgs/vehicle_msgs/msg/detail/occupancy_grid_u_int8__struct.h
-- Up-to-date: /home/bigdavid/EPSILON_ws/install/vehicle_msgs/include/vehicle_msgs/vehicle_msgs/msg/detail/polygon_obstacle__type_support.h
-- Up-to-date: /home/bigdavid/EPSILON_ws/install/vehicle_msgs/include/vehicle_msgs/vehicle_msgs/msg/detail/vehicle_set__struct.h
-- Up-to-date: /home/bigdavid/EPSILON_ws/install/vehicle_msgs/include/vehicle_msgs/vehicle_msgs/msg/detail/lane__functions.h
-- Up-to-date: /home/bigdavid/EPSILON_ws/install/vehicle_msgs/include/vehicle_msgs/vehicle_msgs/msg/detail/arena_info_static__functions.c
-- Up-to-date: /home/bigdavid/EPSILON_ws/install/vehicle_msgs/include/vehicle_msgs/vehicle_msgs/msg/detail/free_state__struct.h
-- Up-to-date: /home/bigdavid/EPSILON_ws/install/vehicle_msgs/include/vehicle_msgs/vehicle_msgs/msg/detail/circle_obstacle__struct.h
-- Up-to-date: /home/bigdavid/EPSILON_ws/install/vehicle_msgs/include/vehicle_msgs/vehicle_msgs/msg/detail/control_signal__functions.h
-- Up-to-date: /home/bigdavid/EPSILON_ws/install/vehicle_msgs/include/vehicle_msgs/vehicle_msgs/msg/detail/obstacle_set__functions.c
-- Up-to-date: /home/bigdavid/EPSILON_ws/install/vehicle_msgs/include/vehicle_msgs/vehicle_msgs/msg/detail/control_signal__type_support.h
-- Up-to-date: /home/bigdavid/EPSILON_ws/install/vehicle_msgs/include/vehicle_msgs/vehicle_msgs/msg/detail/vehicle__functions.h
-- Up-to-date: /home/bigdavid/EPSILON_ws/install/vehicle_msgs/include/vehicle_msgs/vehicle_msgs/msg/detail/lane_net__struct.h
-- Up-to-date: /home/bigdavid/EPSILON_ws/install/vehicle_msgs/include/vehicle_msgs/vehicle_msgs/msg/detail/occupancy_grid_float__struct.h
-- Up-to-date: /home/bigdavid/EPSILON_ws/install/vehicle_msgs/include/vehicle_msgs/vehicle_msgs/msg/detail/lane_net__type_support.h
-- Up-to-date: /home/bigdavid/EPSILON_ws/install/vehicle_msgs/include/vehicle_msgs/vehicle_msgs/msg/detail/arena_info_dynamic__type_support.h
-- Up-to-date: /home/bigdavid/EPSILON_ws/install/vehicle_msgs/include/vehicle_msgs/vehicle_msgs/msg/detail/lane_net__functions.c
-- Up-to-date: /home/bigdavid/EPSILON_ws/install/vehicle_msgs/include/vehicle_msgs/vehicle_msgs/msg/detail/polygon_obstacle__functions.c
-- Up-to-date: /home/bigdavid/EPSILON_ws/install/vehicle_msgs/include/vehicle_msgs/vehicle_msgs/msg/detail/control_signal__functions.c
-- Up-to-date: /home/bigdavid/EPSILON_ws/install/vehicle_msgs/include/vehicle_msgs/vehicle_msgs/msg/detail/free_state__functions.h
-- Up-to-date: /home/bigdavid/EPSILON_ws/install/vehicle_msgs/include/vehicle_msgs/vehicle_msgs/msg/detail/lane__functions.c
-- Up-to-date: /home/bigdavid/EPSILON_ws/install/vehicle_msgs/include/vehicle_msgs/vehicle_msgs/msg/detail/vehicle__functions.c
-- Up-to-date: /home/bigdavid/EPSILON_ws/install/vehicle_msgs/include/vehicle_msgs/vehicle_msgs/msg/detail/vehicle_set__functions.h
-- Up-to-date: /home/bigdavid/EPSILON_ws/install/vehicle_msgs/include/vehicle_msgs/vehicle_msgs/msg/detail/vehicle_param__type_support.h
-- Up-to-date: /home/bigdavid/EPSILON_ws/install/vehicle_msgs/include/vehicle_msgs/vehicle_msgs/msg/detail/arena_info_static__struct.h
-- Up-to-date: /home/bigdavid/EPSILON_ws/install/vehicle_msgs/include/vehicle_msgs/vehicle_msgs/msg/detail/arena_info__struct.h
-- Up-to-date: /home/bigdavid/EPSILON_ws/install/vehicle_msgs/include/vehicle_msgs/vehicle_msgs/msg/detail/circle_obstacle__functions.h
-- Up-to-date: /home/bigdavid/EPSILON_ws/install/vehicle_msgs/include/vehicle_msgs/vehicle_msgs/msg/detail/circle_obstacle__functions.c
-- Up-to-date: /home/bigdavid/EPSILON_ws/install/vehicle_msgs/include/vehicle_msgs/vehicle_msgs/msg/detail/circle__functions.c
-- Up-to-date: /home/bigdavid/EPSILON_ws/install/vehicle_msgs/include/vehicle_msgs/vehicle_msgs/msg/detail/arena_info_dynamic__functions.h
-- Up-to-date: /home/bigdavid/EPSILON_ws/install/vehicle_msgs/include/vehicle_msgs/vehicle_msgs/msg/detail/occupancy_grid_u_int8__functions.h
-- Up-to-date: /home/bigdavid/EPSILON_ws/install/vehicle_msgs/include/vehicle_msgs/vehicle_msgs/msg/vehicle_set.h
-- Up-to-date: /home/bigdavid/EPSILON_ws/install/vehicle_msgs/include/vehicle_msgs/vehicle_msgs/msg/control_signal.h
-- Up-to-date: /home/bigdavid/EPSILON_ws/install/vehicle_msgs/include/vehicle_msgs/vehicle_msgs/msg/free_state.h
-- Up-to-date: /home/bigdavid/EPSILON_ws/install/vehicle_msgs/include/vehicle_msgs/vehicle_msgs/msg/obstacle_set.h
-- Up-to-date: /home/bigdavid/EPSILON_ws/install/vehicle_msgs/include/vehicle_msgs/vehicle_msgs/msg/lane.h
-- Up-to-date: /home/bigdavid/EPSILON_ws/install/vehicle_msgs/include/vehicle_msgs/vehicle_msgs/msg/arena_info_static.h
-- Up-to-date: /home/bigdavid/EPSILON_ws/install/vehicle_msgs/include/vehicle_msgs/vehicle_msgs/msg/circle.h
-- Up-to-date: /home/bigdavid/EPSILON_ws/install/vehicle_msgs/include/vehicle_msgs/vehicle_msgs/msg/vehicle_param.h
-- Up-to-date: /home/bigdavid/EPSILON_ws/install/vehicle_msgs/include/vehicle_msgs/vehicle_msgs/msg/arena_info_dynamic.h
-- Up-to-date: /home/bigdavid/EPSILON_ws/install/vehicle_msgs/include/vehicle_msgs/vehicle_msgs/msg/rosidl_generator_c__visibility_control.h
-- Up-to-date: /home/bigdavid/EPSILON_ws/install/vehicle_msgs/include/vehicle_msgs/vehicle_msgs/msg/polygon_obstacle.h
-- Up-to-date: /home/bigdavid/EPSILON_ws/install/vehicle_msgs/include/vehicle_msgs/vehicle_msgs/msg/occupancy_grid_u_int8.h
-- Up-to-date: /home/bigdavid/EPSILON_ws/install/vehicle_msgs/include/vehicle_msgs/vehicle_msgs/msg/circle_obstacle.h
-- Up-to-date: /home/bigdavid/EPSILON_ws/install/vehicle_msgs/include/vehicle_msgs/vehicle_msgs/msg/lane_net.h
-- Up-to-date: /home/bigdavid/EPSILON_ws/install/vehicle_msgs/share/vehicle_msgs/environment/library_path.sh
-- Up-to-date: /home/bigdavid/EPSILON_ws/install/vehicle_msgs/share/vehicle_msgs/environment/library_path.dsv
-- Up-to-date: /home/bigdavid/EPSILON_ws/install/vehicle_msgs/lib/libvehicle_msgs__rosidl_generator_c.so
-- Up-to-date: /home/bigdavid/EPSILON_ws/install/vehicle_msgs/include/vehicle_msgs/vehicle_msgs
-- Up-to-date: /home/bigdavid/EPSILON_ws/install/vehicle_msgs/include/vehicle_msgs/vehicle_msgs/msg
-- Up-to-date: /home/bigdavid/EPSILON_ws/install/vehicle_msgs/include/vehicle_msgs/vehicle_msgs/msg/detail
-- Up-to-date: /home/bigdavid/EPSILON_ws/install/vehicle_msgs/include/vehicle_msgs/vehicle_msgs/msg/detail/arena_info__rosidl_typesupport_fastrtps_c.h
-- Up-to-date: /home/bigdavid/EPSILON_ws/install/vehicle_msgs/include/vehicle_msgs/vehicle_msgs/msg/detail/lane__rosidl_typesupport_fastrtps_c.h
-- Up-to-date: /home/bigdavid/EPSILON_ws/install/vehicle_msgs/include/vehicle_msgs/vehicle_msgs/msg/detail/arena_info_static__rosidl_typesupport_fastrtps_c.h
-- Up-to-date: /home/bigdavid/EPSILON_ws/install/vehicle_msgs/include/vehicle_msgs/vehicle_msgs/msg/detail/lane_net__rosidl_typesupport_fastrtps_c.h
-- Up-to-date: /home/bigdavid/EPSILON_ws/install/vehicle_msgs/include/vehicle_msgs/vehicle_msgs/msg/detail/vehicle_param__rosidl_typesupport_fastrtps_c.h
-- Up-to-date: /home/bigdavid/EPSILON_ws/install/vehicle_msgs/include/vehicle_msgs/vehicle_msgs/msg/detail/control_signal__rosidl_typesupport_fastrtps_c.h
-- Up-to-date: /home/bigdavid/EPSILON_ws/install/vehicle_msgs/include/vehicle_msgs/vehicle_msgs/msg/detail/circle_obstacle__rosidl_typesupport_fastrtps_c.h
-- Up-to-date: /home/bigdavid/EPSILON_ws/install/vehicle_msgs/include/vehicle_msgs/vehicle_msgs/msg/detail/vehicle__rosidl_typesupport_fastrtps_c.h
-- Up-to-date: /home/bigdavid/EPSILON_ws/install/vehicle_msgs/include/vehicle_msgs/vehicle_msgs/msg/detail/obstacle_set__rosidl_typesupport_fastrtps_c.h
-- Up-to-date: /home/bigdavid/EPSILON_ws/install/vehicle_msgs/include/vehicle_msgs/vehicle_msgs/msg/detail/vehicle_set__rosidl_typesupport_fastrtps_c.h
-- Up-to-date: /home/bigdavid/EPSILON_ws/install/vehicle_msgs/include/vehicle_msgs/vehicle_msgs/msg/detail/occupancy_grid_float__rosidl_typesupport_fastrtps_c.h
-- Up-to-date: /home/bigdavid/EPSILON_ws/install/vehicle_msgs/include/vehicle_msgs/vehicle_msgs/msg/detail/occupancy_grid_u_int8__rosidl_typesupport_fastrtps_c.h
-- Up-to-date: /home/bigdavid/EPSILON_ws/install/vehicle_msgs/include/vehicle_msgs/vehicle_msgs/msg/detail/free_state__rosidl_typesupport_fastrtps_c.h
-- Up-to-date: /home/bigdavid/EPSILON_ws/install/vehicle_msgs/include/vehicle_msgs/vehicle_msgs/msg/detail/arena_info_dynamic__rosidl_typesupport_fastrtps_c.h
-- Up-to-date: /home/bigdavid/EPSILON_ws/install/vehicle_msgs/include/vehicle_msgs/vehicle_msgs/msg/detail/polygon_obstacle__rosidl_typesupport_fastrtps_c.h
-- Up-to-date: /home/bigdavid/EPSILON_ws/install/vehicle_msgs/include/vehicle_msgs/vehicle_msgs/msg/detail/state__rosidl_typesupport_fastrtps_c.h
-- Up-to-date: /home/bigdavid/EPSILON_ws/install/vehicle_msgs/include/vehicle_msgs/vehicle_msgs/msg/detail/circle__rosidl_typesupport_fastrtps_c.h
-- Up-to-date: /home/bigdavid/EPSILON_ws/install/vehicle_msgs/include/vehicle_msgs/vehicle_msgs/msg/rosidl_typesupport_fastrtps_c__visibility_control.h
-- Up-to-date: /home/bigdavid/EPSILON_ws/install/vehicle_msgs/lib/libvehicle_msgs__rosidl_typesupport_fastrtps_c.so
-- Up-to-date: /home/bigdavid/EPSILON_ws/install/vehicle_msgs/include/vehicle_msgs/vehicle_msgs
-- Up-to-date: /home/bigdavid/EPSILON_ws/install/vehicle_msgs/include/vehicle_msgs/vehicle_msgs/msg
-- Up-to-date: /home/bigdavid/EPSILON_ws/install/vehicle_msgs/include/vehicle_msgs/vehicle_msgs/msg/lane.hpp
-- Up-to-date: /home/bigdavid/EPSILON_ws/install/vehicle_msgs/include/vehicle_msgs/vehicle_msgs/msg/obstacle_set.hpp
-- Up-to-date: /home/bigdavid/EPSILON_ws/install/vehicle_msgs/include/vehicle_msgs/vehicle_msgs/msg/vehicle_param.hpp
-- Up-to-date: /home/bigdavid/EPSILON_ws/install/vehicle_msgs/include/vehicle_msgs/vehicle_msgs/msg/arena_info_dynamic.hpp
-- Up-to-date: /home/bigdavid/EPSILON_ws/install/vehicle_msgs/include/vehicle_msgs/vehicle_msgs/msg/control_signal.hpp
-- Up-to-date: /home/bigdavid/EPSILON_ws/install/vehicle_msgs/include/vehicle_msgs/vehicle_msgs/msg/circle_obstacle.hpp
-- Up-to-date: /home/bigdavid/EPSILON_ws/install/vehicle_msgs/include/vehicle_msgs/vehicle_msgs/msg/arena_info_static.hpp
-- Up-to-date: /home/bigdavid/EPSILON_ws/install/vehicle_msgs/include/vehicle_msgs/vehicle_msgs/msg/detail
-- Up-to-date: /home/bigdavid/EPSILON_ws/install/vehicle_msgs/include/vehicle_msgs/vehicle_msgs/msg/detail/polygon_obstacle__type_support.hpp
-- Up-to-date: /home/bigdavid/EPSILON_ws/install/vehicle_msgs/include/vehicle_msgs/vehicle_msgs/msg/detail/arena_info__builder.hpp
-- Up-to-date: /home/bigdavid/EPSILON_ws/install/vehicle_msgs/include/vehicle_msgs/vehicle_msgs/msg/detail/arena_info_dynamic__builder.hpp
-- Up-to-date: /home/bigdavid/EPSILON_ws/install/vehicle_msgs/include/vehicle_msgs/vehicle_msgs/msg/detail/vehicle_set__struct.hpp
-- Up-to-date: /home/bigdavid/EPSILON_ws/install/vehicle_msgs/include/vehicle_msgs/vehicle_msgs/msg/detail/lane__type_support.hpp
-- Up-to-date: /home/bigdavid/EPSILON_ws/install/vehicle_msgs/include/vehicle_msgs/vehicle_msgs/msg/detail/obstacle_set__builder.hpp
-- Up-to-date: /home/bigdavid/EPSILON_ws/install/vehicle_msgs/include/vehicle_msgs/vehicle_msgs/msg/detail/occupancy_grid_u_int8__type_support.hpp
-- Up-to-date: /home/bigdavid/EPSILON_ws/install/vehicle_msgs/include/vehicle_msgs/vehicle_msgs/msg/detail/arena_info_static__struct.hpp
-- Up-to-date: /home/bigdavid/EPSILON_ws/install/vehicle_msgs/include/vehicle_msgs/vehicle_msgs/msg/detail/lane_net__type_support.hpp
-- Up-to-date: /home/bigdavid/EPSILON_ws/install/vehicle_msgs/include/vehicle_msgs/vehicle_msgs/msg/detail/arena_info_dynamic__type_support.hpp
-- Up-to-date: /home/bigdavid/EPSILON_ws/install/vehicle_msgs/include/vehicle_msgs/vehicle_msgs/msg/detail/obstacle_set__struct.hpp
-- Up-to-date: /home/bigdavid/EPSILON_ws/install/vehicle_msgs/include/vehicle_msgs/vehicle_msgs/msg/detail/polygon_obstacle__traits.hpp
-- Up-to-date: /home/bigdavid/EPSILON_ws/install/vehicle_msgs/include/vehicle_msgs/vehicle_msgs/msg/detail/circle__type_support.hpp
-- Up-to-date: /home/bigdavid/EPSILON_ws/install/vehicle_msgs/include/vehicle_msgs/vehicle_msgs/msg/detail/control_signal__struct.hpp
-- Up-to-date: /home/bigdavid/EPSILON_ws/install/vehicle_msgs/include/vehicle_msgs/vehicle_msgs/msg/detail/lane_net__builder.hpp
-- Up-to-date: /home/bigdavid/EPSILON_ws/install/vehicle_msgs/include/vehicle_msgs/vehicle_msgs/msg/detail/arena_info__traits.hpp
-- Up-to-date: /home/bigdavid/EPSILON_ws/install/vehicle_msgs/include/vehicle_msgs/vehicle_msgs/msg/detail/arena_info_static__traits.hpp
-- Up-to-date: /home/bigdavid/EPSILON_ws/install/vehicle_msgs/include/vehicle_msgs/vehicle_msgs/msg/detail/free_state__builder.hpp
-- Up-to-date: /home/bigdavid/EPSILON_ws/install/vehicle_msgs/include/vehicle_msgs/vehicle_msgs/msg/detail/arena_info_dynamic__traits.hpp
-- Up-to-date: /home/bigdavid/EPSILON_ws/install/vehicle_msgs/include/vehicle_msgs/vehicle_msgs/msg/detail/arena_info__struct.hpp
-- Up-to-date: /home/bigdavid/EPSILON_ws/install/vehicle_msgs/include/vehicle_msgs/vehicle_msgs/msg/detail/vehicle_set__builder.hpp
-- Up-to-date: /home/bigdavid/EPSILON_ws/install/vehicle_msgs/include/vehicle_msgs/vehicle_msgs/msg/detail/circle_obstacle__builder.hpp
-- Up-to-date: /home/bigdavid/EPSILON_ws/install/vehicle_msgs/include/vehicle_msgs/vehicle_msgs/msg/detail/vehicle_set__traits.hpp
-- Up-to-date: /home/bigdavid/EPSILON_ws/install/vehicle_msgs/include/vehicle_msgs/vehicle_msgs/msg/detail/vehicle_param__struct.hpp
-- Up-to-date: /home/bigdavid/EPSILON_ws/install/vehicle_msgs/include/vehicle_msgs/vehicle_msgs/msg/detail/vehicle__builder.hpp
-- Up-to-date: /home/bigdavid/EPSILON_ws/install/vehicle_msgs/include/vehicle_msgs/vehicle_msgs/msg/detail/occupancy_grid_float__builder.hpp
-- Up-to-date: /home/bigdavid/EPSILON_ws/install/vehicle_msgs/include/vehicle_msgs/vehicle_msgs/msg/detail/state__type_support.hpp
-- Up-to-date: /home/bigdavid/EPSILON_ws/install/vehicle_msgs/include/vehicle_msgs/vehicle_msgs/msg/detail/circle__builder.hpp
-- Up-to-date: /home/bigdavid/EPSILON_ws/install/vehicle_msgs/include/vehicle_msgs/vehicle_msgs/msg/detail/arena_info__type_support.hpp
-- Up-to-date: /home/bigdavid/EPSILON_ws/install/vehicle_msgs/include/vehicle_msgs/vehicle_msgs/msg/detail/free_state__struct.hpp
-- Up-to-date: /home/bigdavid/EPSILON_ws/install/vehicle_msgs/include/vehicle_msgs/vehicle_msgs/msg/detail/state__traits.hpp
-- Up-to-date: /home/bigdavid/EPSILON_ws/install/vehicle_msgs/include/vehicle_msgs/vehicle_msgs/msg/detail/vehicle_param__traits.hpp
-- Up-to-date: /home/bigdavid/EPSILON_ws/install/vehicle_msgs/include/vehicle_msgs/vehicle_msgs/msg/detail/state__builder.hpp
-- Up-to-date: /home/bigdavid/EPSILON_ws/install/vehicle_msgs/include/vehicle_msgs/vehicle_msgs/msg/detail/occupancy_grid_float__traits.hpp
-- Up-to-date: /home/bigdavid/EPSILON_ws/install/vehicle_msgs/include/vehicle_msgs/vehicle_msgs/msg/detail/vehicle__type_support.hpp
-- Up-to-date: /home/bigdavid/EPSILON_ws/install/vehicle_msgs/include/vehicle_msgs/vehicle_msgs/msg/detail/free_state__type_support.hpp
-- Up-to-date: /home/bigdavid/EPSILON_ws/install/vehicle_msgs/include/vehicle_msgs/vehicle_msgs/msg/detail/occupancy_grid_float__struct.hpp
-- Up-to-date: /home/bigdavid/EPSILON_ws/install/vehicle_msgs/include/vehicle_msgs/vehicle_msgs/msg/detail/circle_obstacle__type_support.hpp
-- Up-to-date: /home/bigdavid/EPSILON_ws/install/vehicle_msgs/include/vehicle_msgs/vehicle_msgs/msg/detail/polygon_obstacle__builder.hpp
-- Up-to-date: /home/bigdavid/EPSILON_ws/install/vehicle_msgs/include/vehicle_msgs/vehicle_msgs/msg/detail/occupancy_grid_float__type_support.hpp
-- Up-to-date: /home/bigdavid/EPSILON_ws/install/vehicle_msgs/include/vehicle_msgs/vehicle_msgs/msg/detail/occupancy_grid_u_int8__builder.hpp
-- Up-to-date: /home/bigdavid/EPSILON_ws/install/vehicle_msgs/include/vehicle_msgs/vehicle_msgs/msg/detail/vehicle__traits.hpp
-- Up-to-date: /home/bigdavid/EPSILON_ws/install/vehicle_msgs/include/vehicle_msgs/vehicle_msgs/msg/detail/circle_obstacle__struct.hpp
-- Up-to-date: /home/bigdavid/EPSILON_ws/install/vehicle_msgs/include/vehicle_msgs/vehicle_msgs/msg/detail/arena_info_dynamic__struct.hpp
-- Up-to-date: /home/bigdavid/EPSILON_ws/install/vehicle_msgs/include/vehicle_msgs/vehicle_msgs/msg/detail/vehicle_set__type_support.hpp
-- Up-to-date: /home/bigdavid/EPSILON_ws/install/vehicle_msgs/include/vehicle_msgs/vehicle_msgs/msg/detail/lane__builder.hpp
-- Up-to-date: /home/bigdavid/EPSILON_ws/install/vehicle_msgs/include/vehicle_msgs/vehicle_msgs/msg/detail/control_signal__type_support.hpp
-- Up-to-date: /home/bigdavid/EPSILON_ws/install/vehicle_msgs/include/vehicle_msgs/vehicle_msgs/msg/detail/vehicle_param__type_support.hpp
-- Up-to-date: /home/bigdavid/EPSILON_ws/install/vehicle_msgs/include/vehicle_msgs/vehicle_msgs/msg/detail/circle__traits.hpp
-- Up-to-date: /home/bigdavid/EPSILON_ws/install/vehicle_msgs/include/vehicle_msgs/vehicle_msgs/msg/detail/circle_obstacle__traits.hpp
-- Up-to-date: /home/bigdavid/EPSILON_ws/install/vehicle_msgs/include/vehicle_msgs/vehicle_msgs/msg/detail/lane_net__traits.hpp
-- Up-to-date: /home/bigdavid/EPSILON_ws/install/vehicle_msgs/include/vehicle_msgs/vehicle_msgs/msg/detail/arena_info_static__type_support.hpp
-- Up-to-date: /home/bigdavid/EPSILON_ws/install/vehicle_msgs/include/vehicle_msgs/vehicle_msgs/msg/detail/occupancy_grid_u_int8__traits.hpp
-- Up-to-date: /home/bigdavid/EPSILON_ws/install/vehicle_msgs/include/vehicle_msgs/vehicle_msgs/msg/detail/occupancy_grid_u_int8__struct.hpp
-- Up-to-date: /home/bigdavid/EPSILON_ws/install/vehicle_msgs/include/vehicle_msgs/vehicle_msgs/msg/detail/state__struct.hpp
-- Up-to-date: /home/bigdavid/EPSILON_ws/install/vehicle_msgs/include/vehicle_msgs/vehicle_msgs/msg/detail/obstacle_set__type_support.hpp
-- Up-to-date: /home/bigdavid/EPSILON_ws/install/vehicle_msgs/include/vehicle_msgs/vehicle_msgs/msg/detail/control_signal__builder.hpp
-- Up-to-date: /home/bigdavid/EPSILON_ws/install/vehicle_msgs/include/vehicle_msgs/vehicle_msgs/msg/detail/lane_net__struct.hpp
-- Up-to-date: /home/bigdavid/EPSILON_ws/install/vehicle_msgs/include/vehicle_msgs/vehicle_msgs/msg/detail/lane__struct.hpp
-- Up-to-date: /home/bigdavid/EPSILON_ws/install/vehicle_msgs/include/vehicle_msgs/vehicle_msgs/msg/detail/obstacle_set__traits.hpp
-- Up-to-date: /home/bigdavid/EPSILON_ws/install/vehicle_msgs/include/vehicle_msgs/vehicle_msgs/msg/detail/circle__struct.hpp
-- Up-to-date: /home/bigdavid/EPSILON_ws/install/vehicle_msgs/include/vehicle_msgs/vehicle_msgs/msg/detail/free_state__traits.hpp
-- Up-to-date: /home/bigdavid/EPSILON_ws/install/vehicle_msgs/include/vehicle_msgs/vehicle_msgs/msg/detail/control_signal__traits.hpp
-- Up-to-date: /home/bigdavid/EPSILON_ws/install/vehicle_msgs/include/vehicle_msgs/vehicle_msgs/msg/detail/polygon_obstacle__struct.hpp
-- Up-to-date: /home/bigdavid/EPSILON_ws/install/vehicle_msgs/include/vehicle_msgs/vehicle_msgs/msg/detail/vehicle__struct.hpp
-- Up-to-date: /home/bigdavid/EPSILON_ws/install/vehicle_msgs/include/vehicle_msgs/vehicle_msgs/msg/detail/lane__traits.hpp
-- Up-to-date: /home/bigdavid/EPSILON_ws/install/vehicle_msgs/include/vehicle_msgs/vehicle_msgs/msg/detail/arena_info_static__builder.hpp
-- Up-to-date: /home/bigdavid/EPSILON_ws/install/vehicle_msgs/include/vehicle_msgs/vehicle_msgs/msg/detail/vehicle_param__builder.hpp
-- Up-to-date: /home/bigdavid/EPSILON_ws/install/vehicle_msgs/include/vehicle_msgs/vehicle_msgs/msg/free_state.hpp
-- Up-to-date: /home/bigdavid/EPSILON_ws/install/vehicle_msgs/include/vehicle_msgs/vehicle_msgs/msg/arena_info.hpp
-- Up-to-date: /home/bigdavid/EPSILON_ws/install/vehicle_msgs/include/vehicle_msgs/vehicle_msgs/msg/vehicle.hpp
-- Up-to-date: /home/bigdavid/EPSILON_ws/install/vehicle_msgs/include/vehicle_msgs/vehicle_msgs/msg/circle.hpp
-- Up-to-date: /home/bigdavid/EPSILON_ws/install/vehicle_msgs/include/vehicle_msgs/vehicle_msgs/msg/rosidl_generator_cpp__visibility_control.hpp
-- Up-to-date: /home/bigdavid/EPSILON_ws/install/vehicle_msgs/include/vehicle_msgs/vehicle_msgs/msg/lane_net.hpp
-- Up-to-date: /home/bigdavid/EPSILON_ws/install/vehicle_msgs/include/vehicle_msgs/vehicle_msgs/msg/state.hpp
-- Up-to-date: /home/bigdavid/EPSILON_ws/install/vehicle_msgs/include/vehicle_msgs/vehicle_msgs/msg/vehicle_set.hpp
-- Up-to-date: /home/bigdavid/EPSILON_ws/install/vehicle_msgs/include/vehicle_msgs/vehicle_msgs/msg/occupancy_grid_float.hpp
-- Up-to-date: /home/bigdavid/EPSILON_ws/install/vehicle_msgs/include/vehicle_msgs/vehicle_msgs/msg/polygon_obstacle.hpp
-- Up-to-date: /home/bigdavid/EPSILON_ws/install/vehicle_msgs/include/vehicle_msgs/vehicle_msgs/msg/occupancy_grid_u_int8.hpp
-- Up-to-date: /home/bigdavid/EPSILON_ws/install/vehicle_msgs/include/vehicle_msgs/vehicle_msgs
-- Up-to-date: /home/bigdavid/EPSILON_ws/install/vehicle_msgs/include/vehicle_msgs/vehicle_msgs/msg
-- Up-to-date: /home/bigdavid/EPSILON_ws/install/vehicle_msgs/include/vehicle_msgs/vehicle_msgs/msg/rosidl_typesupport_fastrtps_cpp__visibility_control.h
-- Up-to-date: /home/bigdavid/EPSILON_ws/install/vehicle_msgs/include/vehicle_msgs/vehicle_msgs/msg/detail
-- Up-to-date: /home/bigdavid/EPSILON_ws/install/vehicle_msgs/include/vehicle_msgs/vehicle_msgs/msg/detail/lane_net__rosidl_typesupport_fastrtps_cpp.hpp
-- Up-to-date: /home/bigdavid/EPSILON_ws/install/vehicle_msgs/include/vehicle_msgs/vehicle_msgs/msg/detail/obstacle_set__rosidl_typesupport_fastrtps_cpp.hpp
-- Up-to-date: /home/bigdavid/EPSILON_ws/install/vehicle_msgs/include/vehicle_msgs/vehicle_msgs/msg/detail/circle__rosidl_typesupport_fastrtps_cpp.hpp
-- Up-to-date: /home/bigdavid/EPSILON_ws/install/vehicle_msgs/include/vehicle_msgs/vehicle_msgs/msg/detail/control_signal__rosidl_typesupport_fastrtps_cpp.hpp
-- Up-to-date: /home/bigdavid/EPSILON_ws/install/vehicle_msgs/include/vehicle_msgs/vehicle_msgs/msg/detail/occupancy_grid_float__rosidl_typesupport_fastrtps_cpp.hpp
-- Up-to-date: /home/bigdavid/EPSILON_ws/install/vehicle_msgs/include/vehicle_msgs/vehicle_msgs/msg/detail/occupancy_grid_u_int8__rosidl_typesupport_fastrtps_cpp.hpp
-- Up-to-date: /home/bigdavid/EPSILON_ws/install/vehicle_msgs/include/vehicle_msgs/vehicle_msgs/msg/detail/vehicle_set__rosidl_typesupport_fastrtps_cpp.hpp
-- Up-to-date: /home/bigdavid/EPSILON_ws/install/vehicle_msgs/include/vehicle_msgs/vehicle_msgs/msg/detail/state__rosidl_typesupport_fastrtps_cpp.hpp
-- Up-to-date: /home/bigdavid/EPSILON_ws/install/vehicle_msgs/include/vehicle_msgs/vehicle_msgs/msg/detail/arena_info__rosidl_typesupport_fastrtps_cpp.hpp
-- Up-to-date: /home/bigdavid/EPSILON_ws/install/vehicle_msgs/include/vehicle_msgs/vehicle_msgs/msg/detail/free_state__rosidl_typesupport_fastrtps_cpp.hpp
-- Up-to-date: /home/bigdavid/EPSILON_ws/install/vehicle_msgs/include/vehicle_msgs/vehicle_msgs/msg/detail/vehicle_param__rosidl_typesupport_fastrtps_cpp.hpp
-- Up-to-date: /home/bigdavid/EPSILON_ws/install/vehicle_msgs/include/vehicle_msgs/vehicle_msgs/msg/detail/arena_info_static__rosidl_typesupport_fastrtps_cpp.hpp
-- Up-to-date: /home/bigdavid/EPSILON_ws/install/vehicle_msgs/include/vehicle_msgs/vehicle_msgs/msg/detail/circle_obstacle__rosidl_typesupport_fastrtps_cpp.hpp
-- Up-to-date: /home/bigdavid/EPSILON_ws/install/vehicle_msgs/include/vehicle_msgs/vehicle_msgs/msg/detail/vehicle__rosidl_typesupport_fastrtps_cpp.hpp
-- Up-to-date: /home/bigdavid/EPSILON_ws/install/vehicle_msgs/include/vehicle_msgs/vehicle_msgs/msg/detail/lane__rosidl_typesupport_fastrtps_cpp.hpp
-- Up-to-date: /home/bigdavid/EPSILON_ws/install/vehicle_msgs/include/vehicle_msgs/vehicle_msgs/msg/detail/arena_info_dynamic__rosidl_typesupport_fastrtps_cpp.hpp
-- Up-to-date: /home/bigdavid/EPSILON_ws/install/vehicle_msgs/include/vehicle_msgs/vehicle_msgs/msg/detail/polygon_obstacle__rosidl_typesupport_fastrtps_cpp.hpp
-- Up-to-date: /home/bigdavid/EPSILON_ws/install/vehicle_msgs/include/vehicle_msgs/vehicle_msgs/msg/detail/dds_fastrtps
-- Up-to-date: /home/bigdavid/EPSILON_ws/install/vehicle_msgs/lib/libvehicle_msgs__rosidl_typesupport_fastrtps_cpp.so
-- Up-to-date: /home/bigdavid/EPSILON_ws/install/vehicle_msgs/include/vehicle_msgs/vehicle_msgs
-- Up-to-date: /home/bigdavid/EPSILON_ws/install/vehicle_msgs/include/vehicle_msgs/vehicle_msgs/msg
-- Up-to-date: /home/bigdavid/EPSILON_ws/install/vehicle_msgs/include/vehicle_msgs/vehicle_msgs/msg/rosidl_typesupport_introspection_c__visibility_control.h
-- Up-to-date: /home/bigdavid/EPSILON_ws/install/vehicle_msgs/include/vehicle_msgs/vehicle_msgs/msg/detail
-- Up-to-date: /home/bigdavid/EPSILON_ws/install/vehicle_msgs/include/vehicle_msgs/vehicle_msgs/msg/detail/arena_info_static__rosidl_typesupport_introspection_c.h
-- Up-to-date: /home/bigdavid/EPSILON_ws/install/vehicle_msgs/include/vehicle_msgs/vehicle_msgs/msg/detail/occupancy_grid_u_int8__type_support.c
-- Up-to-date: /home/bigdavid/EPSILON_ws/install/vehicle_msgs/include/vehicle_msgs/vehicle_msgs/msg/detail/vehicle_param__type_support.c
-- Up-to-date: /home/bigdavid/EPSILON_ws/install/vehicle_msgs/include/vehicle_msgs/vehicle_msgs/msg/detail/control_signal__type_support.c
-- Up-to-date: /home/bigdavid/EPSILON_ws/install/vehicle_msgs/include/vehicle_msgs/vehicle_msgs/msg/detail/arena_info_static__type_support.c
-- Up-to-date: /home/bigdavid/EPSILON_ws/install/vehicle_msgs/include/vehicle_msgs/vehicle_msgs/msg/detail/circle_obstacle__rosidl_typesupport_introspection_c.h
-- Up-to-date: /home/bigdavid/EPSILON_ws/install/vehicle_msgs/include/vehicle_msgs/vehicle_msgs/msg/detail/circle__rosidl_typesupport_introspection_c.h
-- Up-to-date: /home/bigdavid/EPSILON_ws/install/vehicle_msgs/include/vehicle_msgs/vehicle_msgs/msg/detail/free_state__type_support.c
-- Up-to-date: /home/bigdavid/EPSILON_ws/install/vehicle_msgs/include/vehicle_msgs/vehicle_msgs/msg/detail/arena_info__rosidl_typesupport_introspection_c.h
-- Up-to-date: /home/bigdavid/EPSILON_ws/install/vehicle_msgs/include/vehicle_msgs/vehicle_msgs/msg/detail/state__rosidl_typesupport_introspection_c.h
-- Up-to-date: /home/bigdavid/EPSILON_ws/install/vehicle_msgs/include/vehicle_msgs/vehicle_msgs/msg/detail/vehicle__rosidl_typesupport_introspection_c.h
-- Up-to-date: /home/bigdavid/EPSILON_ws/install/vehicle_msgs/include/vehicle_msgs/vehicle_msgs/msg/detail/lane__rosidl_typesupport_introspection_c.h
-- Up-to-date: /home/bigdavid/EPSILON_ws/install/vehicle_msgs/include/vehicle_msgs/vehicle_msgs/msg/detail/lane_net__type_support.c
-- Up-to-date: /home/bigdavid/EPSILON_ws/install/vehicle_msgs/include/vehicle_msgs/vehicle_msgs/msg/detail/circle_obstacle__type_support.c
-- Up-to-date: /home/bigdavid/EPSILON_ws/install/vehicle_msgs/include/vehicle_msgs/vehicle_msgs/msg/detail/vehicle_param__rosidl_typesupport_introspection_c.h
-- Up-to-date: /home/bigdavid/EPSILON_ws/install/vehicle_msgs/include/vehicle_msgs/vehicle_msgs/msg/detail/arena_info_dynamic__type_support.c
-- Up-to-date: /home/bigdavid/EPSILON_ws/install/vehicle_msgs/include/vehicle_msgs/vehicle_msgs/msg/detail/arena_info_dynamic__rosidl_typesupport_introspection_c.h
-- Up-to-date: /home/bigdavid/EPSILON_ws/install/vehicle_msgs/include/vehicle_msgs/vehicle_msgs/msg/detail/lane_net__rosidl_typesupport_introspection_c.h
-- Up-to-date: /home/bigdavid/EPSILON_ws/install/vehicle_msgs/include/vehicle_msgs/vehicle_msgs/msg/detail/arena_info__type_support.c
-- Up-to-date: /home/bigdavid/EPSILON_ws/install/vehicle_msgs/include/vehicle_msgs/vehicle_msgs/msg/detail/occupancy_grid_u_int8__rosidl_typesupport_introspection_c.h
-- Up-to-date: /home/bigdavid/EPSILON_ws/install/vehicle_msgs/include/vehicle_msgs/vehicle_msgs/msg/detail/polygon_obstacle__rosidl_typesupport_introspection_c.h
-- Up-to-date: /home/bigdavid/EPSILON_ws/install/vehicle_msgs/include/vehicle_msgs/vehicle_msgs/msg/detail/obstacle_set__type_support.c
-- Up-to-date: /home/bigdavid/EPSILON_ws/install/vehicle_msgs/include/vehicle_msgs/vehicle_msgs/msg/detail/occupancy_grid_float__type_support.c
-- Up-to-date: /home/bigdavid/EPSILON_ws/install/vehicle_msgs/include/vehicle_msgs/vehicle_msgs/msg/detail/occupancy_grid_float__rosidl_typesupport_introspection_c.h
-- Up-to-date: /home/bigdavid/EPSILON_ws/install/vehicle_msgs/include/vehicle_msgs/vehicle_msgs/msg/detail/lane__type_support.c
-- Up-to-date: /home/bigdavid/EPSILON_ws/install/vehicle_msgs/include/vehicle_msgs/vehicle_msgs/msg/detail/circle__type_support.c
-- Up-to-date: /home/bigdavid/EPSILON_ws/install/vehicle_msgs/include/vehicle_msgs/vehicle_msgs/msg/detail/vehicle_set__rosidl_typesupport_introspection_c.h
-- Up-to-date: /home/bigdavid/EPSILON_ws/install/vehicle_msgs/include/vehicle_msgs/vehicle_msgs/msg/detail/polygon_obstacle__type_support.c
-- Up-to-date: /home/bigdavid/EPSILON_ws/install/vehicle_msgs/include/vehicle_msgs/vehicle_msgs/msg/detail/obstacle_set__rosidl_typesupport_introspection_c.h
-- Up-to-date: /home/bigdavid/EPSILON_ws/install/vehicle_msgs/include/vehicle_msgs/vehicle_msgs/msg/detail/control_signal__rosidl_typesupport_introspection_c.h
-- Up-to-date: /home/bigdavid/EPSILON_ws/install/vehicle_msgs/include/vehicle_msgs/vehicle_msgs/msg/detail/vehicle__type_support.c
-- Up-to-date: /home/bigdavid/EPSILON_ws/install/vehicle_msgs/include/vehicle_msgs/vehicle_msgs/msg/detail/vehicle_set__type_support.c
-- Up-to-date: /home/bigdavid/EPSILON_ws/install/vehicle_msgs/include/vehicle_msgs/vehicle_msgs/msg/detail/state__type_support.c
-- Up-to-date: /home/bigdavid/EPSILON_ws/install/vehicle_msgs/include/vehicle_msgs/vehicle_msgs/msg/detail/free_state__rosidl_typesupport_introspection_c.h
-- Up-to-date: /home/bigdavid/EPSILON_ws/install/vehicle_msgs/lib/libvehicle_msgs__rosidl_typesupport_introspection_c.so
-- Up-to-date: /home/bigdavid/EPSILON_ws/install/vehicle_msgs/lib/libvehicle_msgs__rosidl_typesupport_c.so
-- Up-to-date: /home/bigdavid/EPSILON_ws/install/vehicle_msgs/include/vehicle_msgs/vehicle_msgs
-- Up-to-date: /home/bigdavid/EPSILON_ws/install/vehicle_msgs/include/vehicle_msgs/vehicle_msgs/msg
-- Up-to-date: /home/bigdavid/EPSILON_ws/install/vehicle_msgs/include/vehicle_msgs/vehicle_msgs/msg/detail
-- Up-to-date: /home/bigdavid/EPSILON_ws/install/vehicle_msgs/include/vehicle_msgs/vehicle_msgs/msg/detail/control_signal__type_support.cpp
-- Up-to-date: /home/bigdavid/EPSILON_ws/install/vehicle_msgs/include/vehicle_msgs/vehicle_msgs/msg/detail/lane_net__rosidl_typesupport_introspection_cpp.hpp
-- Up-to-date: /home/bigdavid/EPSILON_ws/install/vehicle_msgs/include/vehicle_msgs/vehicle_msgs/msg/detail/occupancy_grid_u_int8__rosidl_typesupport_introspection_cpp.hpp
-- Up-to-date: /home/bigdavid/EPSILON_ws/install/vehicle_msgs/include/vehicle_msgs/vehicle_msgs/msg/detail/vehicle__type_support.cpp
-- Up-to-date: /home/bigdavid/EPSILON_ws/install/vehicle_msgs/include/vehicle_msgs/vehicle_msgs/msg/detail/polygon_obstacle__rosidl_typesupport_introspection_cpp.hpp
-- Up-to-date: /home/bigdavid/EPSILON_ws/install/vehicle_msgs/include/vehicle_msgs/vehicle_msgs/msg/detail/vehicle_param__type_support.cpp
-- Up-to-date: /home/bigdavid/EPSILON_ws/install/vehicle_msgs/include/vehicle_msgs/vehicle_msgs/msg/detail/obstacle_set__type_support.cpp
-- Up-to-date: /home/bigdavid/EPSILON_ws/install/vehicle_msgs/include/vehicle_msgs/vehicle_msgs/msg/detail/occupancy_grid_float__rosidl_typesupport_introspection_cpp.hpp
-- Up-to-date: /home/bigdavid/EPSILON_ws/install/vehicle_msgs/include/vehicle_msgs/vehicle_msgs/msg/detail/circle__rosidl_typesupport_introspection_cpp.hpp
-- Up-to-date: /home/bigdavid/EPSILON_ws/install/vehicle_msgs/include/vehicle_msgs/vehicle_msgs/msg/detail/circle_obstacle__type_support.cpp
-- Up-to-date: /home/bigdavid/EPSILON_ws/install/vehicle_msgs/include/vehicle_msgs/vehicle_msgs/msg/detail/obstacle_set__rosidl_typesupport_introspection_cpp.hpp
-- Up-to-date: /home/bigdavid/EPSILON_ws/install/vehicle_msgs/include/vehicle_msgs/vehicle_msgs/msg/detail/arena_info_static__rosidl_typesupport_introspection_cpp.hpp
-- Up-to-date: /home/bigdavid/EPSILON_ws/install/vehicle_msgs/include/vehicle_msgs/vehicle_msgs/msg/detail/vehicle_set__rosidl_typesupport_introspection_cpp.hpp
-- Up-to-date: /home/bigdavid/EPSILON_ws/install/vehicle_msgs/include/vehicle_msgs/vehicle_msgs/msg/detail/arena_info__rosidl_typesupport_introspection_cpp.hpp
-- Up-to-date: /home/bigdavid/EPSILON_ws/install/vehicle_msgs/include/vehicle_msgs/vehicle_msgs/msg/detail/circle_obstacle__rosidl_typesupport_introspection_cpp.hpp
-- Up-to-date: /home/bigdavid/EPSILON_ws/install/vehicle_msgs/include/vehicle_msgs/vehicle_msgs/msg/detail/free_state__type_support.cpp
-- Up-to-date: /home/bigdavid/EPSILON_ws/install/vehicle_msgs/include/vehicle_msgs/vehicle_msgs/msg/detail/control_signal__rosidl_typesupport_introspection_cpp.hpp
-- Up-to-date: /home/bigdavid/EPSILON_ws/install/vehicle_msgs/include/vehicle_msgs/vehicle_msgs/msg/detail/lane__type_support.cpp
-- Up-to-date: /home/bigdavid/EPSILON_ws/install/vehicle_msgs/include/vehicle_msgs/vehicle_msgs/msg/detail/polygon_obstacle__type_support.cpp
-- Up-to-date: /home/bigdavid/EPSILON_ws/install/vehicle_msgs/include/vehicle_msgs/vehicle_msgs/msg/detail/lane_net__type_support.cpp
-- Up-to-date: /home/bigdavid/EPSILON_ws/install/vehicle_msgs/include/vehicle_msgs/vehicle_msgs/msg/detail/arena_info_dynamic__rosidl_typesupport_introspection_cpp.hpp
-- Up-to-date: /home/bigdavid/EPSILON_ws/install/vehicle_msgs/include/vehicle_msgs/vehicle_msgs/msg/detail/arena_info__type_support.cpp
-- Up-to-date: /home/bigdavid/EPSILON_ws/install/vehicle_msgs/include/vehicle_msgs/vehicle_msgs/msg/detail/state__rosidl_typesupport_introspection_cpp.hpp
-- Up-to-date: /home/bigdavid/EPSILON_ws/install/vehicle_msgs/include/vehicle_msgs/vehicle_msgs/msg/detail/arena_info_dynamic__type_support.cpp
-- Up-to-date: /home/bigdavid/EPSILON_ws/install/vehicle_msgs/include/vehicle_msgs/vehicle_msgs/msg/detail/lane__rosidl_typesupport_introspection_cpp.hpp
-- Up-to-date: /home/bigdavid/EPSILON_ws/install/vehicle_msgs/include/vehicle_msgs/vehicle_msgs/msg/detail/occupancy_grid_float__type_support.cpp
-- Up-to-date: /home/bigdavid/EPSILON_ws/install/vehicle_msgs/include/vehicle_msgs/vehicle_msgs/msg/detail/state__type_support.cpp
-- Up-to-date: /home/bigdavid/EPSILON_ws/install/vehicle_msgs/include/vehicle_msgs/vehicle_msgs/msg/detail/occupancy_grid_u_int8__type_support.cpp
-- Up-to-date: /home/bigdavid/EPSILON_ws/install/vehicle_msgs/include/vehicle_msgs/vehicle_msgs/msg/detail/circle__type_support.cpp
-- Up-to-date: /home/bigdavid/EPSILON_ws/install/vehicle_msgs/include/vehicle_msgs/vehicle_msgs/msg/detail/vehicle_set__type_support.cpp
-- Up-to-date: /home/bigdavid/EPSILON_ws/install/vehicle_msgs/include/vehicle_msgs/vehicle_msgs/msg/detail/vehicle__rosidl_typesupport_introspection_cpp.hpp
-- Up-to-date: /home/bigdavid/EPSILON_ws/install/vehicle_msgs/include/vehicle_msgs/vehicle_msgs/msg/detail/arena_info_static__type_support.cpp
-- Up-to-date: /home/bigdavid/EPSILON_ws/install/vehicle_msgs/include/vehicle_msgs/vehicle_msgs/msg/detail/vehicle_param__rosidl_typesupport_introspection_cpp.hpp
-- Up-to-date: /home/bigdavid/EPSILON_ws/install/vehicle_msgs/include/vehicle_msgs/vehicle_msgs/msg/detail/free_state__rosidl_typesupport_introspection_cpp.hpp
-- Up-to-date: /home/bigdavid/EPSILON_ws/install/vehicle_msgs/lib/libvehicle_msgs__rosidl_typesupport_introspection_cpp.so
-- Up-to-date: /home/bigdavid/EPSILON_ws/install/vehicle_msgs/lib/libvehicle_msgs__rosidl_typesupport_cpp.so
-- Up-to-date: /home/bigdavid/EPSILON_ws/install/vehicle_msgs/share/vehicle_msgs/environment/pythonpath.sh
-- Up-to-date: /home/bigdavid/EPSILON_ws/install/vehicle_msgs/share/vehicle_msgs/environment/pythonpath.dsv
-- Up-to-date: /home/bigdavid/EPSILON_ws/install/vehicle_msgs/local/lib/python3.10/dist-packages/vehicle_msgs-0.0.1-py3.10.egg-info
-- Installing: /home/bigdavid/EPSILON_ws/install/vehicle_msgs/local/lib/python3.10/dist-packages/vehicle_msgs-0.0.1-py3.10.egg-info/top_level.txt
-- Installing: /home/bigdavid/EPSILON_ws/install/vehicle_msgs/local/lib/python3.10/dist-packages/vehicle_msgs-0.0.1-py3.10.egg-info/dependency_links.txt
-- Installing: /home/bigdavid/EPSILON_ws/install/vehicle_msgs/local/lib/python3.10/dist-packages/vehicle_msgs-0.0.1-py3.10.egg-info/PKG-INFO
-- Installing: /home/bigdavid/EPSILON_ws/install/vehicle_msgs/local/lib/python3.10/dist-packages/vehicle_msgs-0.0.1-py3.10.egg-info/SOURCES.txt
-- Up-to-date: /home/bigdavid/EPSILON_ws/install/vehicle_msgs/local/lib/python3.10/dist-packages/vehicle_msgs
-- Up-to-date: /home/bigdavid/EPSILON_ws/install/vehicle_msgs/local/lib/python3.10/dist-packages/vehicle_msgs/libvehicle_msgs__rosidl_generator_py.so
-- Up-to-date: /home/bigdavid/EPSILON_ws/install/vehicle_msgs/local/lib/python3.10/dist-packages/vehicle_msgs/_vehicle_msgs_s.ep.rosidl_typesupport_introspection_c.c
-- Up-to-date: /home/bigdavid/EPSILON_ws/install/vehicle_msgs/local/lib/python3.10/dist-packages/vehicle_msgs/_vehicle_msgs_s.ep.rosidl_typesupport_c.c
-- Up-to-date: /home/bigdavid/EPSILON_ws/install/vehicle_msgs/local/lib/python3.10/dist-packages/vehicle_msgs/vehicle_msgs_s__rosidl_typesupport_c.cpython-310-x86_64-linux-gnu.so
-- Up-to-date: /home/bigdavid/EPSILON_ws/install/vehicle_msgs/local/lib/python3.10/dist-packages/vehicle_msgs/__init__.py
-- Up-to-date: /home/bigdavid/EPSILON_ws/install/vehicle_msgs/local/lib/python3.10/dist-packages/vehicle_msgs/vehicle_msgs_s__rosidl_typesupport_fastrtps_c.cpython-310-x86_64-linux-gnu.so
-- Up-to-date: /home/bigdavid/EPSILON_ws/install/vehicle_msgs/local/lib/python3.10/dist-packages/vehicle_msgs/_vehicle_msgs_s.ep.rosidl_typesupport_fastrtps_c.c
-- Up-to-date: /home/bigdavid/EPSILON_ws/install/vehicle_msgs/local/lib/python3.10/dist-packages/vehicle_msgs/vehicle_msgs_s__rosidl_typesupport_introspection_c.cpython-310-x86_64-linux-gnu.so
-- Up-to-date: /home/bigdavid/EPSILON_ws/install/vehicle_msgs/local/lib/python3.10/dist-packages/vehicle_msgs/msg
-- Up-to-date: /home/bigdavid/EPSILON_ws/install/vehicle_msgs/local/lib/python3.10/dist-packages/vehicle_msgs/msg/_arena_info_dynamic_s.c
-- Up-to-date: /home/bigdavid/EPSILON_ws/install/vehicle_msgs/local/lib/python3.10/dist-packages/vehicle_msgs/msg/_polygon_obstacle.py
-- Up-to-date: /home/bigdavid/EPSILON_ws/install/vehicle_msgs/local/lib/python3.10/dist-packages/vehicle_msgs/msg/_lane_net.py
-- Up-to-date: /home/bigdavid/EPSILON_ws/install/vehicle_msgs/local/lib/python3.10/dist-packages/vehicle_msgs/msg/_vehicle_param.py
-- Up-to-date: /home/bigdavid/EPSILON_ws/install/vehicle_msgs/local/lib/python3.10/dist-packages/vehicle_msgs/msg/_free_state.py
-- Up-to-date: /home/bigdavid/EPSILON_ws/install/vehicle_msgs/local/lib/python3.10/dist-packages/vehicle_msgs/msg/_occupancy_grid_float_s.c
-- Up-to-date: /home/bigdavid/EPSILON_ws/install/vehicle_msgs/local/lib/python3.10/dist-packages/vehicle_msgs/msg/_state.py
-- Up-to-date: /home/bigdavid/EPSILON_ws/install/vehicle_msgs/local/lib/python3.10/dist-packages/vehicle_msgs/msg/_circle_obstacle_s.c
-- Up-to-date: /home/bigdavid/EPSILON_ws/install/vehicle_msgs/local/lib/python3.10/dist-packages/vehicle_msgs/msg/_occupancy_grid_u_int8_s.c
-- Up-to-date: /home/bigdavid/EPSILON_ws/install/vehicle_msgs/local/lib/python3.10/dist-packages/vehicle_msgs/msg/_vehicle_set_s.c
-- Up-to-date: /home/bigdavid/EPSILON_ws/install/vehicle_msgs/local/lib/python3.10/dist-packages/vehicle_msgs/msg/_obstacle_set.py
-- Up-to-date: /home/bigdavid/EPSILON_ws/install/vehicle_msgs/local/lib/python3.10/dist-packages/vehicle_msgs/msg/__init__.py
-- Up-to-date: /home/bigdavid/EPSILON_ws/install/vehicle_msgs/local/lib/python3.10/dist-packages/vehicle_msgs/msg/_vehicle.py
-- Up-to-date: /home/bigdavid/EPSILON_ws/install/vehicle_msgs/local/lib/python3.10/dist-packages/vehicle_msgs/msg/_free_state_s.c
-- Up-to-date: /home/bigdavid/EPSILON_ws/install/vehicle_msgs/local/lib/python3.10/dist-packages/vehicle_msgs/msg/_control_signal_s.c
-- Up-to-date: /home/bigdavid/EPSILON_ws/install/vehicle_msgs/local/lib/python3.10/dist-packages/vehicle_msgs/msg/_arena_info_dynamic.py
-- Up-to-date: /home/bigdavid/EPSILON_ws/install/vehicle_msgs/local/lib/python3.10/dist-packages/vehicle_msgs/msg/_circle.py
-- Up-to-date: /home/bigdavid/EPSILON_ws/install/vehicle_msgs/local/lib/python3.10/dist-packages/vehicle_msgs/msg/_circle_s.c
-- Up-to-date: /home/bigdavid/EPSILON_ws/install/vehicle_msgs/local/lib/python3.10/dist-packages/vehicle_msgs/msg/_state_s.c
-- Up-to-date: /home/bigdavid/EPSILON_ws/install/vehicle_msgs/local/lib/python3.10/dist-packages/vehicle_msgs/msg/_occupancy_grid_u_int8.py
-- Up-to-date: /home/bigdavid/EPSILON_ws/install/vehicle_msgs/local/lib/python3.10/dist-packages/vehicle_msgs/msg/_control_signal.py
-- Up-to-date: /home/bigdavid/EPSILON_ws/install/vehicle_msgs/local/lib/python3.10/dist-packages/vehicle_msgs/msg/_polygon_obstacle_s.c
-- Up-to-date: /home/bigdavid/EPSILON_ws/install/vehicle_msgs/local/lib/python3.10/dist-packages/vehicle_msgs/msg/_lane_s.c
-- Up-to-date: /home/bigdavid/EPSILON_ws/install/vehicle_msgs/local/lib/python3.10/dist-packages/vehicle_msgs/msg/_circle_obstacle.py
-- Up-to-date: /home/bigdavid/EPSILON_ws/install/vehicle_msgs/local/lib/python3.10/dist-packages/vehicle_msgs/msg/_lane_net_s.c
-- Up-to-date: /home/bigdavid/EPSILON_ws/install/vehicle_msgs/local/lib/python3.10/dist-packages/vehicle_msgs/msg/_obstacle_set_s.c
-- Up-to-date: /home/bigdavid/EPSILON_ws/install/vehicle_msgs/local/lib/python3.10/dist-packages/vehicle_msgs/msg/_arena_info_s.c
-- Up-to-date: /home/bigdavid/EPSILON_ws/install/vehicle_msgs/local/lib/python3.10/dist-packages/vehicle_msgs/msg/_lane.py
-- Up-to-date: /home/bigdavid/EPSILON_ws/install/vehicle_msgs/local/lib/python3.10/dist-packages/vehicle_msgs/msg/_arena_info_static.py
-- Up-to-date: /home/bigdavid/EPSILON_ws/install/vehicle_msgs/local/lib/python3.10/dist-packages/vehicle_msgs/msg/_arena_info_static_s.c
-- Up-to-date: /home/bigdavid/EPSILON_ws/install/vehicle_msgs/local/lib/python3.10/dist-packages/vehicle_msgs/msg/_arena_info.py
-- Up-to-date: /home/bigdavid/EPSILON_ws/install/vehicle_msgs/local/lib/python3.10/dist-packages/vehicle_msgs/msg/_occupancy_grid_float.py
-- Up-to-date: /home/bigdavid/EPSILON_ws/install/vehicle_msgs/local/lib/python3.10/dist-packages/vehicle_msgs/msg/_vehicle_param_s.c
-- Up-to-date: /home/bigdavid/EPSILON_ws/install/vehicle_msgs/local/lib/python3.10/dist-packages/vehicle_msgs/msg/_vehicle_set.py
-- Up-to-date: /home/bigdavid/EPSILON_ws/install/vehicle_msgs/local/lib/python3.10/dist-packages/vehicle_msgs/msg/_vehicle_s.c
Listing '/home/bigdavid/EPSILON_ws/install/vehicle_msgs/local/lib/python3.10/dist-packages/vehicle_msgs'...
Listing '/home/bigdavid/EPSILON_ws/install/vehicle_msgs/local/lib/python3.10/dist-packages/vehicle_msgs/msg'...
-- Up-to-date: /home/bigdavid/EPSILON_ws/install/vehicle_msgs/local/lib/python3.10/dist-packages/vehicle_msgs/vehicle_msgs_s__rosidl_typesupport_fastrtps_c.cpython-310-x86_64-linux-gnu.so
-- Up-to-date: /home/bigdavid/EPSILON_ws/install/vehicle_msgs/local/lib/python3.10/dist-packages/vehicle_msgs/vehicle_msgs_s__rosidl_typesupport_introspection_c.cpython-310-x86_64-linux-gnu.so
-- Up-to-date: /home/bigdavid/EPSILON_ws/install/vehicle_msgs/local/lib/python3.10/dist-packages/vehicle_msgs/vehicle_msgs_s__rosidl_typesupport_c.cpython-310-x86_64-linux-gnu.so
-- Up-to-date: /home/bigdavid/EPSILON_ws/install/vehicle_msgs/lib/libvehicle_msgs__rosidl_generator_py.so
-- Up-to-date: /home/bigdavid/EPSILON_ws/install/vehicle_msgs/share/vehicle_msgs/msg/State.idl
-- Up-to-date: /home/bigdavid/EPSILON_ws/install/vehicle_msgs/share/vehicle_msgs/msg/ControlSignal.idl
-- Up-to-date: /home/bigdavid/EPSILON_ws/install/vehicle_msgs/share/vehicle_msgs/msg/Lane.idl
-- Up-to-date: /home/bigdavid/EPSILON_ws/install/vehicle_msgs/share/vehicle_msgs/msg/LaneNet.idl
-- Up-to-date: /home/bigdavid/EPSILON_ws/install/vehicle_msgs/share/vehicle_msgs/msg/VehicleParam.idl
-- Up-to-date: /home/bigdavid/EPSILON_ws/install/vehicle_msgs/share/vehicle_msgs/msg/Vehicle.idl
-- Up-to-date: /home/bigdavid/EPSILON_ws/install/vehicle_msgs/share/vehicle_msgs/msg/VehicleSet.idl
-- Up-to-date: /home/bigdavid/EPSILON_ws/install/vehicle_msgs/share/vehicle_msgs/msg/OccupancyGridFloat.idl
-- Up-to-date: /home/bigdavid/EPSILON_ws/install/vehicle_msgs/share/vehicle_msgs/msg/OccupancyGridUInt8.idl
-- Up-to-date: /home/bigdavid/EPSILON_ws/install/vehicle_msgs/share/vehicle_msgs/msg/Circle.idl
-- Up-to-date: /home/bigdavid/EPSILON_ws/install/vehicle_msgs/share/vehicle_msgs/msg/CircleObstacle.idl
-- Up-to-date: /home/bigdavid/EPSILON_ws/install/vehicle_msgs/share/vehicle_msgs/msg/PolygonObstacle.idl
-- Up-to-date: /home/bigdavid/EPSILON_ws/install/vehicle_msgs/share/vehicle_msgs/msg/ObstacleSet.idl
-- Up-to-date: /home/bigdavid/EPSILON_ws/install/vehicle_msgs/share/vehicle_msgs/msg/FreeState.idl
-- Up-to-date: /home/bigdavid/EPSILON_ws/install/vehicle_msgs/share/vehicle_msgs/msg/ArenaInfo.idl
-- Up-to-date: /home/bigdavid/EPSILON_ws/install/vehicle_msgs/share/vehicle_msgs/msg/ArenaInfoDynamic.idl
-- Up-to-date: /home/bigdavid/EPSILON_ws/install/vehicle_msgs/share/vehicle_msgs/msg/ArenaInfoStatic.idl
-- Up-to-date: /home/bigdavid/EPSILON_ws/install/vehicle_msgs/share/vehicle_msgs/msg/State.msg
-- Up-to-date: /home/bigdavid/EPSILON_ws/install/vehicle_msgs/share/vehicle_msgs/msg/ControlSignal.msg
-- Up-to-date: /home/bigdavid/EPSILON_ws/install/vehicle_msgs/share/vehicle_msgs/msg/Lane.msg
-- Up-to-date: /home/bigdavid/EPSILON_ws/install/vehicle_msgs/share/vehicle_msgs/msg/LaneNet.msg
-- Up-to-date: /home/bigdavid/EPSILON_ws/install/vehicle_msgs/share/vehicle_msgs/msg/VehicleParam.msg
-- Up-to-date: /home/bigdavid/EPSILON_ws/install/vehicle_msgs/share/vehicle_msgs/msg/Vehicle.msg
-- Up-to-date: /home/bigdavid/EPSILON_ws/install/vehicle_msgs/share/vehicle_msgs/msg/VehicleSet.msg
-- Up-to-date: /home/bigdavid/EPSILON_ws/install/vehicle_msgs/share/vehicle_msgs/msg/OccupancyGridFloat.msg
-- Up-to-date: /home/bigdavid/EPSILON_ws/install/vehicle_msgs/share/vehicle_msgs/msg/OccupancyGridUInt8.msg
-- Up-to-date: /home/bigdavid/EPSILON_ws/install/vehicle_msgs/share/vehicle_msgs/msg/Circle.msg
-- Up-to-date: /home/bigdavid/EPSILON_ws/install/vehicle_msgs/share/vehicle_msgs/msg/CircleObstacle.msg
-- Up-to-date: /home/bigdavid/EPSILON_ws/install/vehicle_msgs/share/vehicle_msgs/msg/PolygonObstacle.msg
-- Up-to-date: /home/bigdavid/EPSILON_ws/install/vehicle_msgs/share/vehicle_msgs/msg/ObstacleSet.msg
-- Up-to-date: /home/bigdavid/EPSILON_ws/install/vehicle_msgs/share/vehicle_msgs/msg/FreeState.msg
-- Up-to-date: /home/bigdavid/EPSILON_ws/install/vehicle_msgs/share/vehicle_msgs/msg/ArenaInfo.msg
-- Up-to-date: /home/bigdavid/EPSILON_ws/install/vehicle_msgs/share/vehicle_msgs/msg/ArenaInfoDynamic.msg
-- Up-to-date: /home/bigdavid/EPSILON_ws/install/vehicle_msgs/share/vehicle_msgs/msg/ArenaInfoStatic.msg
-- Up-to-date: /home/bigdavid/EPSILON_ws/install/vehicle_msgs/share/vehicle_msgs/msg
-- Up-to-date: /home/bigdavid/EPSILON_ws/install/vehicle_msgs/share/vehicle_msgs/msg/FreeState.msg
-- Up-to-date: /home/bigdavid/EPSILON_ws/install/vehicle_msgs/share/vehicle_msgs/msg/VehicleSet.msg
-- Up-to-date: /home/bigdavid/EPSILON_ws/install/vehicle_msgs/share/vehicle_msgs/msg/ArenaInfoStatic.msg
-- Up-to-date: /home/bigdavid/EPSILON_ws/install/vehicle_msgs/share/vehicle_msgs/msg/MotionControl.msg
-- Up-to-date: /home/bigdavid/EPSILON_ws/install/vehicle_msgs/share/vehicle_msgs/msg/Lane.msg
-- Up-to-date: /home/bigdavid/EPSILON_ws/install/vehicle_msgs/share/vehicle_msgs/msg/VehicleParam.msg
-- Up-to-date: /home/bigdavid/EPSILON_ws/install/vehicle_msgs/share/vehicle_msgs/msg/ObstacleSet.msg
-- Up-to-date: /home/bigdavid/EPSILON_ws/install/vehicle_msgs/share/vehicle_msgs/msg/PolygonObstacle.msg
-- Up-to-date: /home/bigdavid/EPSILON_ws/install/vehicle_msgs/share/vehicle_msgs/msg/LaneNet.msg
-- Up-to-date: /home/bigdavid/EPSILON_ws/install/vehicle_msgs/share/vehicle_msgs/msg/State.msg
-- Up-to-date: /home/bigdavid/EPSILON_ws/install/vehicle_msgs/share/vehicle_msgs/msg/Vehicle.msg
-- Up-to-date: /home/bigdavid/EPSILON_ws/install/vehicle_msgs/share/vehicle_msgs/msg/OccupancyGridUInt8.msg
-- Up-to-date: /home/bigdavid/EPSILON_ws/install/vehicle_msgs/share/vehicle_msgs/msg/Circle.msg
-- Up-to-date: /home/bigdavid/EPSILON_ws/install/vehicle_msgs/share/vehicle_msgs/msg/ControlSignal.msg
-- Up-to-date: /home/bigdavid/EPSILON_ws/install/vehicle_msgs/share/vehicle_msgs/msg/OccupancyGridFloat.msg
-- Up-to-date: /home/bigdavid/EPSILON_ws/install/vehicle_msgs/share/vehicle_msgs/msg/ArenaInfo.msg
-- Up-to-date: /home/bigdavid/EPSILON_ws/install/vehicle_msgs/share/vehicle_msgs/msg/CircleObstacle.msg
-- Up-to-date: /home/bigdavid/EPSILON_ws/install/vehicle_msgs/share/vehicle_msgs/msg/ArenaInfoDynamic.msg
-- Up-to-date: /home/bigdavid/EPSILON_ws/install/vehicle_msgs/include
-- Up-to-date: /home/bigdavid/EPSILON_ws/install/vehicle_msgs/include/vehicle_msgs
-- Up-to-date: /home/bigdavid/EPSILON_ws/install/vehicle_msgs/include/vehicle_msgs/decoder.h
-- Up-to-date: /home/bigdavid/EPSILON_ws/install/vehicle_msgs/include/vehicle_msgs/encoder.h
-- Up-to-date: /home/bigdavid/EPSILON_ws/install/vehicle_msgs/share/ament_index/resource_index/package_run_dependencies/vehicle_msgs
-- Up-to-date: /home/bigdavid/EPSILON_ws/install/vehicle_msgs/share/ament_index/resource_index/parent_prefix_path/vehicle_msgs
-- Up-to-date: /home/bigdavid/EPSILON_ws/install/vehicle_msgs/share/vehicle_msgs/environment/ament_prefix_path.sh
-- Up-to-date: /home/bigdavid/EPSILON_ws/install/vehicle_msgs/share/vehicle_msgs/environment/ament_prefix_path.dsv
-- Up-to-date: /home/bigdavid/EPSILON_ws/install/vehicle_msgs/share/vehicle_msgs/environment/path.sh
-- Up-to-date: /home/bigdavid/EPSILON_ws/install/vehicle_msgs/share/vehicle_msgs/environment/path.dsv
-- Up-to-date: /home/bigdavid/EPSILON_ws/install/vehicle_msgs/share/vehicle_msgs/local_setup.bash
-- Up-to-date: /home/bigdavid/EPSILON_ws/install/vehicle_msgs/share/vehicle_msgs/local_setup.sh
-- Up-to-date: /home/bigdavid/EPSILON_ws/install/vehicle_msgs/share/vehicle_msgs/local_setup.zsh
-- Up-to-date: /home/bigdavid/EPSILON_ws/install/vehicle_msgs/share/vehicle_msgs/local_setup.dsv
-- Installing: /home/bigdavid/EPSILON_ws/install/vehicle_msgs/share/vehicle_msgs/package.dsv
-- Up-to-date: /home/bigdavid/EPSILON_ws/install/vehicle_msgs/share/ament_index/resource_index/packages/vehicle_msgs
-- Up-to-date: /home/bigdavid/EPSILON_ws/install/vehicle_msgs/share/vehicle_msgs/cmake/export_vehicle_msgs__rosidl_generator_cExport.cmake
-- Up-to-date: /home/bigdavid/EPSILON_ws/install/vehicle_msgs/share/vehicle_msgs/cmake/export_vehicle_msgs__rosidl_generator_cExport-noconfig.cmake
-- Up-to-date: /home/bigdavid/EPSILON_ws/install/vehicle_msgs/share/vehicle_msgs/cmake/export_vehicle_msgs__rosidl_typesupport_fastrtps_cExport.cmake
-- Up-to-date: /home/bigdavid/EPSILON_ws/install/vehicle_msgs/share/vehicle_msgs/cmake/export_vehicle_msgs__rosidl_typesupport_fastrtps_cExport-noconfig.cmake
-- Up-to-date: /home/bigdavid/EPSILON_ws/install/vehicle_msgs/share/vehicle_msgs/cmake/export_vehicle_msgs__rosidl_generator_cppExport.cmake
-- Up-to-date: /home/bigdavid/EPSILON_ws/install/vehicle_msgs/share/vehicle_msgs/cmake/export_vehicle_msgs__rosidl_typesupport_fastrtps_cppExport.cmake
-- Up-to-date: /home/bigdavid/EPSILON_ws/install/vehicle_msgs/share/vehicle_msgs/cmake/export_vehicle_msgs__rosidl_typesupport_fastrtps_cppExport-noconfig.cmake
-- Up-to-date: /home/bigdavid/EPSILON_ws/install/vehicle_msgs/share/vehicle_msgs/cmake/vehicle_msgs__rosidl_typesupport_introspection_cExport.cmake
-- Up-to-date: /home/bigdavid/EPSILON_ws/install/vehicle_msgs/share/vehicle_msgs/cmake/vehicle_msgs__rosidl_typesupport_introspection_cExport-noconfig.cmake
-- Up-to-date: /home/bigdavid/EPSILON_ws/install/vehicle_msgs/share/vehicle_msgs/cmake/vehicle_msgs__rosidl_typesupport_cExport.cmake
-- Up-to-date: /home/bigdavid/EPSILON_ws/install/vehicle_msgs/share/vehicle_msgs/cmake/vehicle_msgs__rosidl_typesupport_cExport-noconfig.cmake
-- Up-to-date: /home/bigdavid/EPSILON_ws/install/vehicle_msgs/share/vehicle_msgs/cmake/vehicle_msgs__rosidl_typesupport_introspection_cppExport.cmake
-- Up-to-date: /home/bigdavid/EPSILON_ws/install/vehicle_msgs/share/vehicle_msgs/cmake/vehicle_msgs__rosidl_typesupport_introspection_cppExport-noconfig.cmake
-- Up-to-date: /home/bigdavid/EPSILON_ws/install/vehicle_msgs/share/vehicle_msgs/cmake/vehicle_msgs__rosidl_typesupport_cppExport.cmake
-- Up-to-date: /home/bigdavid/EPSILON_ws/install/vehicle_msgs/share/vehicle_msgs/cmake/vehicle_msgs__rosidl_typesupport_cppExport-noconfig.cmake
-- Up-to-date: /home/bigdavid/EPSILON_ws/install/vehicle_msgs/share/vehicle_msgs/cmake/export_vehicle_msgs__rosidl_generator_pyExport.cmake
-- Up-to-date: /home/bigdavid/EPSILON_ws/install/vehicle_msgs/share/vehicle_msgs/cmake/export_vehicle_msgs__rosidl_generator_pyExport-noconfig.cmake
-- Up-to-date: /home/bigdavid/EPSILON_ws/install/vehicle_msgs/share/vehicle_msgs/cmake/rosidl_cmake-extras.cmake
-- Up-to-date: /home/bigdavid/EPSILON_ws/install/vehicle_msgs/share/vehicle_msgs/cmake/ament_cmake_export_dependencies-extras.cmake
-- Up-to-date: /home/bigdavid/EPSILON_ws/install/vehicle_msgs/share/vehicle_msgs/cmake/ament_cmake_export_include_directories-extras.cmake
-- Up-to-date: /home/bigdavid/EPSILON_ws/install/vehicle_msgs/share/vehicle_msgs/cmake/ament_cmake_export_libraries-extras.cmake
-- Up-to-date: /home/bigdavid/EPSILON_ws/install/vehicle_msgs/share/vehicle_msgs/cmake/ament_cmake_export_targets-extras.cmake
-- Up-to-date: /home/bigdavid/EPSILON_ws/install/vehicle_msgs/share/vehicle_msgs/cmake/rosidl_cmake_export_typesupport_targets-extras.cmake
-- Up-to-date: /home/bigdavid/EPSILON_ws/install/vehicle_msgs/share/vehicle_msgs/cmake/rosidl_cmake_export_typesupport_libraries-extras.cmake
-- Up-to-date: /home/bigdavid/EPSILON_ws/install/vehicle_msgs/share/vehicle_msgs/cmake/vehicle_msgsConfig.cmake
-- Up-to-date: /home/bigdavid/EPSILON_ws/install/vehicle_msgs/share/vehicle_msgs/cmake/vehicle_msgsConfig-version.cmake
-- Up-to-date: /home/bigdavid/EPSILON_ws/install/vehicle_msgs/share/vehicle_msgs/package.xml
