-- The C compiler identification is GNU 11.4.0
-- The CXX compiler identification is GNU 11.4.0
-- Detecting C compiler ABI info
-- Detecting C compiler ABI info - done
-- Check for working C compiler: /usr/lib/ccache/gcc - skipped
-- Detecting C compile features
-- Detecting C compile features - done
-- Detecting CXX compiler ABI info
-- Detecting CXX compiler ABI info - done
-- Check for working CXX compiler: /usr/lib/ccache/g++ - skipped
-- Detecting CXX compile features
-- Detecting CXX compile features - done
-- Found ament_cmake: 1.3.12 (/opt/ros/humble/share/ament_cmake/cmake)
-- Found Python3: /usr/bin/python3 (found version "3.10.12") found components: Interpreter 
-- Found rclcpp: 16.0.15 (/opt/ros/humble/share/rclcpp/cmake)
-- Found rosidl_generator_c: 3.1.6 (/opt/ros/humble/share/rosidl_generator_c/cmake)
-- Found rosidl_adapter: 3.1.6 (/opt/ros/humble/share/rosidl_adapter/cmake)
-- Found rosidl_generator_cpp: 3.1.6 (/opt/ros/humble/share/rosidl_generator_cpp/cmake)
-- Using all available rosidl_typesupport_c: rosidl_typesupport_fastrtps_c;rosidl_typesupport_introspection_c
-- Using all available rosidl_typesupport_cpp: rosidl_typesupport_fastrtps_cpp;rosidl_typesupport_introspection_cpp
-- Found rmw_implementation_cmake: 6.1.2 (/opt/ros/humble/share/rmw_implementation_cmake/cmake)
-- Found rmw_cyclonedds_cpp: 1.3.4 (/opt/ros/humble/share/rmw_cyclonedds_cpp/cmake)
-- Using RMW implementation 'rmw_cyclonedds_cpp' as default
-- Looking for pthread.h
-- Looking for pthread.h - found
-- Performing Test CMAKE_HAVE_LIBC_PTHREAD
-- Performing Test CMAKE_HAVE_LIBC_PTHREAD - Success
-- Found Threads: TRUE  
-- Found visualization_msgs: 4.9.0 (/opt/ros/humble/share/visualization_msgs/cmake)
-- Found common: 0.0.0 (/home/bigdavid/EPSILON_ws/install/common/share/common/cmake)
-- Found eigen3_cmake_module: 0.1.1 (/opt/ros/humble/share/eigen3_cmake_module/cmake)
-- Found Eigen3: TRUE (found version "3.4.0") 
-- Ensuring Eigen3 include directory is part of orocos-kdl CMake target
[33mCMake Warning at /home/bigdavid/EPSILON_ws/install/common/share/common/cmake/ament_cmake_export_include_directories-extras.cmake:11 (message):
  Package 'common' exports the include directory
  '/home/bigdavid/EPSILON_ws/src/core/common/thirdparty/OOQP/include' which
  doesn't exist
Call Stack (most recent call first):
  /home/bigdavid/EPSILON_ws/install/common/share/common/cmake/commonConfig.cmake:41 (include)
  CMakeLists.txt:19 (find_package)

[0m
-- Found vehicle_model: 0.0.0 (/home/bigdavid/EPSILON_ws/install/vehicle_model/share/vehicle_model/cmake)
[33mCMake Warning at /home/bigdavid/EPSILON_ws/install/vehicle_model/share/vehicle_model/cmake/ament_cmake_export_include_directories-extras.cmake:11 (message):
  Package 'vehicle_model' exports the include directory
  '/home/bigdavid/EPSILON_ws/src/core/common/thirdparty/OOQP/include' which
  doesn't exist
Call Stack (most recent call first):
  /home/bigdavid/EPSILON_ws/install/vehicle_model/share/vehicle_model/cmake/vehicle_modelConfig.cmake:41 (include)
  CMakeLists.txt:20 (find_package)

[0m
-- Found vehicle_msgs: 0.0.1 (/home/bigdavid/EPSILON_ws/install/vehicle_msgs/share/vehicle_msgs/cmake)
[33mCMake Warning at /home/bigdavid/EPSILON_ws/install/vehicle_msgs/share/vehicle_msgs/cmake/ament_cmake_export_include_directories-extras.cmake:11 (message):
  Package 'vehicle_msgs' exports the include directory
  '/home/bigdavid/EPSILON_ws/src/core/common/thirdparty/OOQP/include' which
  doesn't exist
Call Stack (most recent call first):
  /home/bigdavid/EPSILON_ws/install/vehicle_msgs/share/vehicle_msgs/cmake/vehicle_msgsConfig.cmake:41 (include)
  CMakeLists.txt:21 (find_package)

[0m
[33mCMake Warning at /opt/ros/humble/share/ament_cmake_export_include_directories/cmake/ament_export_include_directories.cmake:44 (message):
  ament_export_include_directories() package 'phy_simulator' exports the
  include directory
  '/home/bigdavid/EPSILON_ws/src/core/common/thirdparty/OOQP/include' which
  doesn't exist
Call Stack (most recent call first):
  CMakeLists.txt:92 (ament_export_include_directories)

[0m
[33mCMake Warning at /opt/ros/humble/share/ament_cmake_export_include_directories/cmake/ament_export_include_directories.cmake:44 (message):
  ament_export_include_directories() package 'phy_simulator' exports the
  include directory
  '/home/bigdavid/EPSILON_ws/src/core/common/thirdparty/OOQP/include' which
  doesn't exist
Call Stack (most recent call first):
  CMakeLists.txt:92 (ament_export_include_directories)

[0m
[33mCMake Warning at /opt/ros/humble/share/ament_cmake_export_include_directories/cmake/ament_export_include_directories.cmake:44 (message):
  ament_export_include_directories() package 'phy_simulator' exports the
  include directory
  '/home/bigdavid/EPSILON_ws/src/core/common/thirdparty/OOQP/include' which
  doesn't exist
Call Stack (most recent call first):
  CMakeLists.txt:92 (ament_export_include_directories)

[0m
[33mCMake Warning at /opt/ros/humble/share/ament_cmake_export_include_directories/cmake/ament_export_include_directories.cmake:44 (message):
  ament_export_include_directories() package 'phy_simulator' exports the
  include directory
  '/home/bigdavid/EPSILON_ws/src/core/common/thirdparty/OOQP/include' which
  doesn't exist
Call Stack (most recent call first):
  CMakeLists.txt:92 (ament_export_include_directories)

[0m
-- Configuring done
-- Generating done
-- Build files have been written to: /home/bigdavid/EPSILON_ws/build/phy_simulator
[ 14%] [32mBuilding CXX object CMakeFiles/phy_simulator_lib.dir/src/phy_simulator/arena_loader.cc.o[0m
[ 28%] [32mBuilding CXX object CMakeFiles/phy_simulator_lib.dir/src/phy_simulator/phy_simulator.cc.o[0m
[ 42%] [32m[1mLinking CXX static library libphy_simulator_lib.a[0m
[ 42%] Built target phy_simulator_lib
[ 57%] [32mBuilding CXX object CMakeFiles/phy_simulator_planning_node.dir/src/phy_simulator/visualizer.cc.o[0m
[ 71%] [32mBuilding CXX object CMakeFiles/phy_simulator_planning_node.dir/src/phy_simulator/ros_adapter.cc.o[0m
[ 85%] [32mBuilding CXX object CMakeFiles/phy_simulator_planning_node.dir/src/phy_simulator_planning_node.cc.o[0m
[100%] [32m[1mLinking CXX executable phy_simulator_planning_node[0m
[100%] Built target phy_simulator_planning_node
-- Install configuration: "Release"
-- Installing: /home/bigdavid/EPSILON_ws/install/phy_simulator/lib/libphy_simulator_lib.a
-- Installing: /home/bigdavid/EPSILON_ws/install/phy_simulator/lib/phy_simulator/phy_simulator_planning_node
-- Set runtime path of "/home/bigdavid/EPSILON_ws/install/phy_simulator/lib/phy_simulator/phy_simulator_planning_node" to ""
-- Installing: /home/bigdavid/EPSILON_ws/install/phy_simulator/include
-- Installing: /home/bigdavid/EPSILON_ws/install/phy_simulator/include/phy_simulator
-- Installing: /home/bigdavid/EPSILON_ws/install/phy_simulator/include/phy_simulator/ros_adapter.h
-- Installing: /home/bigdavid/EPSILON_ws/install/phy_simulator/include/phy_simulator/phy_simulator.h
-- Installing: /home/bigdavid/EPSILON_ws/install/phy_simulator/include/phy_simulator/arena_loader.h
-- Installing: /home/bigdavid/EPSILON_ws/install/phy_simulator/include/phy_simulator/visualizer.h
-- Installing: /home/bigdavid/EPSILON_ws/install/phy_simulator/include/phy_simulator/basics.h
-- Installing: /home/bigdavid/EPSILON_ws/install/phy_simulator/share/phy_simulator/launch
-- Installing: /home/bigdavid/EPSILON_ws/install/phy_simulator/share/phy_simulator/launch/phy_simulator_planning.launch
-- Installing: /home/bigdavid/EPSILON_ws/install/phy_simulator/share/phy_simulator/launch/joy_ctrl.launch
-- Installing: /home/bigdavid/EPSILON_ws/install/phy_simulator/share/phy_simulator/launch/joy_ctrl_launch.py
-- Installing: /home/bigdavid/EPSILON_ws/install/phy_simulator/share/phy_simulator/launch/phy_simulator_planning_launch.py
-- Installing: /home/bigdavid/EPSILON_ws/install/phy_simulator/share/phy_simulator/environment/library_path.sh
-- Installing: /home/bigdavid/EPSILON_ws/install/phy_simulator/share/phy_simulator/environment/library_path.dsv
-- Installing: /home/bigdavid/EPSILON_ws/install/phy_simulator/share/ament_index/resource_index/package_run_dependencies/phy_simulator
-- Installing: /home/bigdavid/EPSILON_ws/install/phy_simulator/share/ament_index/resource_index/parent_prefix_path/phy_simulator
-- Installing: /home/bigdavid/EPSILON_ws/install/phy_simulator/share/phy_simulator/environment/ament_prefix_path.sh
-- Installing: /home/bigdavid/EPSILON_ws/install/phy_simulator/share/phy_simulator/environment/ament_prefix_path.dsv
-- Installing: /home/bigdavid/EPSILON_ws/install/phy_simulator/share/phy_simulator/environment/path.sh
-- Installing: /home/bigdavid/EPSILON_ws/install/phy_simulator/share/phy_simulator/environment/path.dsv
-- Installing: /home/bigdavid/EPSILON_ws/install/phy_simulator/share/phy_simulator/local_setup.bash
-- Installing: /home/bigdavid/EPSILON_ws/install/phy_simulator/share/phy_simulator/local_setup.sh
-- Installing: /home/bigdavid/EPSILON_ws/install/phy_simulator/share/phy_simulator/local_setup.zsh
-- Installing: /home/bigdavid/EPSILON_ws/install/phy_simulator/share/phy_simulator/local_setup.dsv
-- Installing: /home/bigdavid/EPSILON_ws/install/phy_simulator/share/phy_simulator/package.dsv
-- Installing: /home/bigdavid/EPSILON_ws/install/phy_simulator/share/ament_index/resource_index/packages/phy_simulator
-- Installing: /home/bigdavid/EPSILON_ws/install/phy_simulator/share/phy_simulator/cmake/ament_cmake_export_libraries-extras.cmake
-- Installing: /home/bigdavid/EPSILON_ws/install/phy_simulator/share/phy_simulator/cmake/ament_cmake_export_dependencies-extras.cmake
-- Installing: /home/bigdavid/EPSILON_ws/install/phy_simulator/share/phy_simulator/cmake/ament_cmake_export_include_directories-extras.cmake
-- Installing: /home/bigdavid/EPSILON_ws/install/phy_simulator/share/phy_simulator/cmake/phy_simulatorConfig.cmake
-- Installing: /home/bigdavid/EPSILON_ws/install/phy_simulator/share/phy_simulator/cmake/phy_simulatorConfig-version.cmake
-- Installing: /home/bigdavid/EPSILON_ws/install/phy_simulator/share/phy_simulator/package.xml
