[0.011s] Invoking command in '/home/bigdavid/EPSILON_ws/build/phy_simulator': AMENT_PREFIX_PATH=/home/bigdavid/EPSILON_ws/install/vehicle_msgs:/home/bigdavid/EPSILON_ws/install/vehicle_model:/home/bigdavid/EPSILON_ws/install/common:${AMENT_PREFIX_PATH} CMAKE_PREFIX_PATH=/home/bigdavid/EPSILON_ws/install/vehicle_msgs:/home/bigdavid/EPSILON_ws/install/vehicle_model:/home/bigdavid/EPSILON_ws/install/common:/opt/ros/humble LD_LIBRARY_PATH=/home/bigdavid/EPSILON_ws/install/vehicle_msgs/lib:/home/bigdavid/EPSILON_ws/install/vehicle_model/lib:/home/bigdavid/EPSILON_ws/install/common/lib:/usr/local/lib:/usr/lib/x86_64-linux-gnu/gazebo-11/plugins:/opt/ros/humble/opt/rviz_ogre_vendor/lib:/opt/ros/humble/lib/x86_64-linux-gnu:/opt/ros/humble/lib:/usr/local/cuda/lib64 PYTHONPATH=/home/bigdavid/EPSILON_ws/install/vehicle_msgs/local/lib/python3.10/dist-packages:${PYTHONPATH} /usr/bin/cmake /home/bigdavid/EPSILON_ws/src/core/phy_simulator -DCMAKE_INSTALL_PREFIX=/home/bigdavid/EPSILON_ws/install/phy_simulator
[0.052s] -- The C compiler identification is GNU 11.4.0
[0.100s] -- The CXX compiler identification is GNU 11.4.0
[0.106s] -- Detecting C compiler ABI info
[0.158s] -- Detecting C compiler ABI info - done
[0.163s] -- Check for working C compiler: /usr/lib/ccache/gcc - skipped
[0.164s] -- Detecting C compile features
[0.164s] -- Detecting C compile features - done
[0.166s] -- Detecting CXX compiler ABI info
[0.216s] -- Detecting CXX compiler ABI info - done
[0.224s] -- Check for working CXX compiler: /usr/lib/ccache/g++ - skipped
[0.224s] -- Detecting CXX compile features
[0.225s] -- Detecting CXX compile features - done
[0.228s] -- Found ament_cmake: 1.3.12 (/opt/ros/humble/share/ament_cmake/cmake)
[0.353s] -- Found Python3: /usr/bin/python3 (found version "3.10.12") found components: Interpreter 
[0.421s] -- Found rclcpp: 16.0.15 (/opt/ros/humble/share/rclcpp/cmake)
[0.454s] -- Found rosidl_generator_c: 3.1.6 (/opt/ros/humble/share/rosidl_generator_c/cmake)
[0.458s] -- Found rosidl_adapter: 3.1.6 (/opt/ros/humble/share/rosidl_adapter/cmake)
[0.464s] -- Found rosidl_generator_cpp: 3.1.6 (/opt/ros/humble/share/rosidl_generator_cpp/cmake)
[0.473s] -- Using all available rosidl_typesupport_c: rosidl_typesupport_fastrtps_c;rosidl_typesupport_introspection_c
[0.485s] -- Using all available rosidl_typesupport_cpp: rosidl_typesupport_fastrtps_cpp;rosidl_typesupport_introspection_cpp
[0.518s] -- Found rmw_implementation_cmake: 6.1.2 (/opt/ros/humble/share/rmw_implementation_cmake/cmake)
[0.520s] -- Found rmw_cyclonedds_cpp: 1.3.4 (/opt/ros/humble/share/rmw_cyclonedds_cpp/cmake)
[0.535s] -- Using RMW implementation 'rmw_cyclonedds_cpp' as default
[0.542s] -- Looking for pthread.h
[0.594s] -- Looking for pthread.h - found
[0.594s] -- Performing Test CMAKE_HAVE_LIBC_PTHREAD
[0.641s] -- Performing Test CMAKE_HAVE_LIBC_PTHREAD - Success
[0.641s] -- Found Threads: TRUE  
[0.677s] -- Found visualization_msgs: 4.9.0 (/opt/ros/humble/share/visualization_msgs/cmake)
[0.713s] -- Found common: 0.0.0 (/home/bigdavid/EPSILON_ws/install/common/share/common/cmake)
[0.819s] -- Found eigen3_cmake_module: 0.1.1 (/opt/ros/humble/share/eigen3_cmake_module/cmake)
[0.820s] -- Found Eigen3: TRUE (found version "3.4.0") 
[0.820s] -- Ensuring Eigen3 include directory is part of orocos-kdl CMake target
[0.823s] [33mCMake Warning at /home/bigdavid/EPSILON_ws/install/common/share/common/cmake/ament_cmake_export_include_directories-extras.cmake:11 (message):
[0.823s]   Package 'common' exports the include directory
[0.823s]   '/home/bigdavid/EPSILON_ws/src/core/common/thirdparty/OOQP/include' which
[0.823s]   doesn't exist
[0.823s] Call Stack (most recent call first):
[0.823s]   /home/bigdavid/EPSILON_ws/install/common/share/common/cmake/commonConfig.cmake:41 (include)
[0.823s]   CMakeLists.txt:19 (find_package)
[0.823s] 
[0.823s] [0m
[0.824s] -- Found vehicle_model: 0.0.0 (/home/bigdavid/EPSILON_ws/install/vehicle_model/share/vehicle_model/cmake)
[0.838s] [33mCMake Warning at /home/bigdavid/EPSILON_ws/install/vehicle_model/share/vehicle_model/cmake/ament_cmake_export_include_directories-extras.cmake:11 (message):
[0.838s]   Package 'vehicle_model' exports the include directory
[0.838s]   '/home/bigdavid/EPSILON_ws/src/core/common/thirdparty/OOQP/include' which
[0.838s]   doesn't exist
[0.838s] Call Stack (most recent call first):
[0.838s]   /home/bigdavid/EPSILON_ws/install/vehicle_model/share/vehicle_model/cmake/vehicle_modelConfig.cmake:41 (include)
[0.838s]   CMakeLists.txt:20 (find_package)
[0.838s] 
[0.838s] [0m
[0.839s] -- Found vehicle_msgs: 0.0.1 (/home/bigdavid/EPSILON_ws/install/vehicle_msgs/share/vehicle_msgs/cmake)
[0.862s] [33mCMake Warning at /home/bigdavid/EPSILON_ws/install/vehicle_msgs/share/vehicle_msgs/cmake/ament_cmake_export_include_directories-extras.cmake:11 (message):
[0.862s]   Package 'vehicle_msgs' exports the include directory
[0.862s]   '/home/bigdavid/EPSILON_ws/src/core/common/thirdparty/OOQP/include' which
[0.862s]   doesn't exist
[0.862s] Call Stack (most recent call first):
[0.862s]   /home/bigdavid/EPSILON_ws/install/vehicle_msgs/share/vehicle_msgs/cmake/vehicle_msgsConfig.cmake:41 (include)
[0.862s]   CMakeLists.txt:21 (find_package)
[0.862s] 
[0.862s] [0m
[0.888s] [33mCMake Warning at /opt/ros/humble/share/ament_cmake_export_include_directories/cmake/ament_export_include_directories.cmake:44 (message):
[0.888s]   ament_export_include_directories() package 'phy_simulator' exports the
[0.888s]   include directory
[0.888s]   '/home/bigdavid/EPSILON_ws/src/core/common/thirdparty/OOQP/include' which
[0.888s]   doesn't exist
[0.888s] Call Stack (most recent call first):
[0.888s]   CMakeLists.txt:92 (ament_export_include_directories)
[0.888s] 
[0.888s] [0m
[0.889s] [33mCMake Warning at /opt/ros/humble/share/ament_cmake_export_include_directories/cmake/ament_export_include_directories.cmake:44 (message):
[0.889s]   ament_export_include_directories() package 'phy_simulator' exports the
[0.889s]   include directory
[0.889s]   '/home/bigdavid/EPSILON_ws/src/core/common/thirdparty/OOQP/include' which
[0.889s]   doesn't exist
[0.889s] Call Stack (most recent call first):
[0.889s]   CMakeLists.txt:92 (ament_export_include_directories)
[0.889s] 
[0.889s] [0m
[0.889s] [33mCMake Warning at /opt/ros/humble/share/ament_cmake_export_include_directories/cmake/ament_export_include_directories.cmake:44 (message):
[0.889s]   ament_export_include_directories() package 'phy_simulator' exports the
[0.889s]   include directory
[0.890s]   '/home/bigdavid/EPSILON_ws/src/core/common/thirdparty/OOQP/include' which
[0.890s]   doesn't exist
[0.890s] Call Stack (most recent call first):
[0.890s]   CMakeLists.txt:92 (ament_export_include_directories)
[0.890s] 
[0.890s] [0m
[0.890s] [33mCMake Warning at /opt/ros/humble/share/ament_cmake_export_include_directories/cmake/ament_export_include_directories.cmake:44 (message):
[0.890s]   ament_export_include_directories() package 'phy_simulator' exports the
[0.890s]   include directory
[0.890s]   '/home/bigdavid/EPSILON_ws/src/core/common/thirdparty/OOQP/include' which
[0.890s]   doesn't exist
[0.890s] Call Stack (most recent call first):
[0.890s]   CMakeLists.txt:92 (ament_export_include_directories)
[0.890s] 
[0.890s] [0m
[0.937s] -- Configuring done
[1.078s] -- Generating done
[1.090s] -- Build files have been written to: /home/bigdavid/EPSILON_ws/build/phy_simulator
[1.099s] Invoked command in '/home/bigdavid/EPSILON_ws/build/phy_simulator' returned '0': AMENT_PREFIX_PATH=/home/bigdavid/EPSILON_ws/install/vehicle_msgs:/home/bigdavid/EPSILON_ws/install/vehicle_model:/home/bigdavid/EPSILON_ws/install/common:${AMENT_PREFIX_PATH} CMAKE_PREFIX_PATH=/home/bigdavid/EPSILON_ws/install/vehicle_msgs:/home/bigdavid/EPSILON_ws/install/vehicle_model:/home/bigdavid/EPSILON_ws/install/common:/opt/ros/humble LD_LIBRARY_PATH=/home/bigdavid/EPSILON_ws/install/vehicle_msgs/lib:/home/bigdavid/EPSILON_ws/install/vehicle_model/lib:/home/bigdavid/EPSILON_ws/install/common/lib:/usr/local/lib:/usr/lib/x86_64-linux-gnu/gazebo-11/plugins:/opt/ros/humble/opt/rviz_ogre_vendor/lib:/opt/ros/humble/lib/x86_64-linux-gnu:/opt/ros/humble/lib:/usr/local/cuda/lib64 PYTHONPATH=/home/bigdavid/EPSILON_ws/install/vehicle_msgs/local/lib/python3.10/dist-packages:${PYTHONPATH} /usr/bin/cmake /home/bigdavid/EPSILON_ws/src/core/phy_simulator -DCMAKE_INSTALL_PREFIX=/home/bigdavid/EPSILON_ws/install/phy_simulator
[1.099s] Invoking command in '/home/bigdavid/EPSILON_ws/build/phy_simulator': AMENT_PREFIX_PATH=/home/bigdavid/EPSILON_ws/install/vehicle_msgs:/home/bigdavid/EPSILON_ws/install/vehicle_model:/home/bigdavid/EPSILON_ws/install/common:${AMENT_PREFIX_PATH} CMAKE_PREFIX_PATH=/home/bigdavid/EPSILON_ws/install/vehicle_msgs:/home/bigdavid/EPSILON_ws/install/vehicle_model:/home/bigdavid/EPSILON_ws/install/common:/opt/ros/humble LD_LIBRARY_PATH=/home/bigdavid/EPSILON_ws/install/vehicle_msgs/lib:/home/bigdavid/EPSILON_ws/install/vehicle_model/lib:/home/bigdavid/EPSILON_ws/install/common/lib:/usr/local/lib:/usr/lib/x86_64-linux-gnu/gazebo-11/plugins:/opt/ros/humble/opt/rviz_ogre_vendor/lib:/opt/ros/humble/lib/x86_64-linux-gnu:/opt/ros/humble/lib:/usr/local/cuda/lib64 PYTHONPATH=/home/bigdavid/EPSILON_ws/install/vehicle_msgs/local/lib/python3.10/dist-packages:${PYTHONPATH} /usr/bin/cmake --build /home/bigdavid/EPSILON_ws/build/phy_simulator -- -j32 -l32
[1.143s] [ 14%] [32mBuilding CXX object CMakeFiles/phy_simulator_lib.dir/src/phy_simulator/arena_loader.cc.o[0m
[1.144s] [ 28%] [32mBuilding CXX object CMakeFiles/phy_simulator_lib.dir/src/phy_simulator/phy_simulator.cc.o[0m
[5.590s] [ 42%] [32m[1mLinking CXX static library libphy_simulator_lib.a[0m
[5.622s] [ 42%] Built target phy_simulator_lib
[5.664s] [ 57%] [32mBuilding CXX object CMakeFiles/phy_simulator_planning_node.dir/src/phy_simulator/visualizer.cc.o[0m
[5.665s] [ 71%] [32mBuilding CXX object CMakeFiles/phy_simulator_planning_node.dir/src/phy_simulator/ros_adapter.cc.o[0m
[5.666s] [ 85%] [32mBuilding CXX object CMakeFiles/phy_simulator_planning_node.dir/src/phy_simulator_planning_node.cc.o[0m
[20.675s] [100%] [32m[1mLinking CXX executable phy_simulator_planning_node[0m
[302.579s] [100%] Built target phy_simulator_planning_node
[302.593s] Invoked command in '/home/bigdavid/EPSILON_ws/build/phy_simulator' returned '0': AMENT_PREFIX_PATH=/home/bigdavid/EPSILON_ws/install/vehicle_msgs:/home/bigdavid/EPSILON_ws/install/vehicle_model:/home/bigdavid/EPSILON_ws/install/common:${AMENT_PREFIX_PATH} CMAKE_PREFIX_PATH=/home/bigdavid/EPSILON_ws/install/vehicle_msgs:/home/bigdavid/EPSILON_ws/install/vehicle_model:/home/bigdavid/EPSILON_ws/install/common:/opt/ros/humble LD_LIBRARY_PATH=/home/bigdavid/EPSILON_ws/install/vehicle_msgs/lib:/home/bigdavid/EPSILON_ws/install/vehicle_model/lib:/home/bigdavid/EPSILON_ws/install/common/lib:/usr/local/lib:/usr/lib/x86_64-linux-gnu/gazebo-11/plugins:/opt/ros/humble/opt/rviz_ogre_vendor/lib:/opt/ros/humble/lib/x86_64-linux-gnu:/opt/ros/humble/lib:/usr/local/cuda/lib64 PYTHONPATH=/home/bigdavid/EPSILON_ws/install/vehicle_msgs/local/lib/python3.10/dist-packages:${PYTHONPATH} /usr/bin/cmake --build /home/bigdavid/EPSILON_ws/build/phy_simulator -- -j32 -l32
[302.595s] Invoking command in '/home/bigdavid/EPSILON_ws/build/phy_simulator': AMENT_PREFIX_PATH=/home/bigdavid/EPSILON_ws/install/vehicle_msgs:/home/bigdavid/EPSILON_ws/install/vehicle_model:/home/bigdavid/EPSILON_ws/install/common:${AMENT_PREFIX_PATH} CMAKE_PREFIX_PATH=/home/bigdavid/EPSILON_ws/install/vehicle_msgs:/home/bigdavid/EPSILON_ws/install/vehicle_model:/home/bigdavid/EPSILON_ws/install/common:/opt/ros/humble LD_LIBRARY_PATH=/home/bigdavid/EPSILON_ws/install/vehicle_msgs/lib:/home/bigdavid/EPSILON_ws/install/vehicle_model/lib:/home/bigdavid/EPSILON_ws/install/common/lib:/usr/local/lib:/usr/lib/x86_64-linux-gnu/gazebo-11/plugins:/opt/ros/humble/opt/rviz_ogre_vendor/lib:/opt/ros/humble/lib/x86_64-linux-gnu:/opt/ros/humble/lib:/usr/local/cuda/lib64 PYTHONPATH=/home/bigdavid/EPSILON_ws/install/vehicle_msgs/local/lib/python3.10/dist-packages:${PYTHONPATH} /usr/bin/cmake --install /home/bigdavid/EPSILON_ws/build/phy_simulator
[302.600s] -- Install configuration: "Release"
[302.600s] -- Installing: /home/bigdavid/EPSILON_ws/install/phy_simulator/lib/libphy_simulator_lib.a
[302.600s] -- Installing: /home/bigdavid/EPSILON_ws/install/phy_simulator/lib/phy_simulator/phy_simulator_planning_node
[302.601s] -- Set runtime path of "/home/bigdavid/EPSILON_ws/install/phy_simulator/lib/phy_simulator/phy_simulator_planning_node" to ""
[302.601s] -- Installing: /home/bigdavid/EPSILON_ws/install/phy_simulator/include
[302.601s] -- Installing: /home/bigdavid/EPSILON_ws/install/phy_simulator/include/phy_simulator
[302.601s] -- Installing: /home/bigdavid/EPSILON_ws/install/phy_simulator/include/phy_simulator/ros_adapter.h
[302.601s] -- Installing: /home/bigdavid/EPSILON_ws/install/phy_simulator/include/phy_simulator/phy_simulator.h
[302.601s] -- Installing: /home/bigdavid/EPSILON_ws/install/phy_simulator/include/phy_simulator/arena_loader.h
[302.601s] -- Installing: /home/bigdavid/EPSILON_ws/install/phy_simulator/include/phy_simulator/visualizer.h
[302.601s] -- Installing: /home/bigdavid/EPSILON_ws/install/phy_simulator/include/phy_simulator/basics.h
[302.601s] -- Installing: /home/bigdavid/EPSILON_ws/install/phy_simulator/share/phy_simulator/launch
[302.601s] -- Installing: /home/bigdavid/EPSILON_ws/install/phy_simulator/share/phy_simulator/launch/phy_simulator_planning.launch
[302.601s] -- Installing: /home/bigdavid/EPSILON_ws/install/phy_simulator/share/phy_simulator/launch/joy_ctrl.launch
[302.601s] -- Installing: /home/bigdavid/EPSILON_ws/install/phy_simulator/share/phy_simulator/launch/joy_ctrl_launch.py
[302.601s] -- Installing: /home/bigdavid/EPSILON_ws/install/phy_simulator/share/phy_simulator/launch/phy_simulator_planning_launch.py
[302.602s] -- Installing: /home/bigdavid/EPSILON_ws/install/phy_simulator/share/phy_simulator/environment/library_path.sh
[302.602s] -- Installing: /home/bigdavid/EPSILON_ws/install/phy_simulator/share/phy_simulator/environment/library_path.dsv
[302.602s] -- Installing: /home/bigdavid/EPSILON_ws/install/phy_simulator/share/ament_index/resource_index/package_run_dependencies/phy_simulator
[302.602s] -- Installing: /home/bigdavid/EPSILON_ws/install/phy_simulator/share/ament_index/resource_index/parent_prefix_path/phy_simulator
[302.602s] -- Installing: /home/bigdavid/EPSILON_ws/install/phy_simulator/share/phy_simulator/environment/ament_prefix_path.sh
[302.602s] -- Installing: /home/bigdavid/EPSILON_ws/install/phy_simulator/share/phy_simulator/environment/ament_prefix_path.dsv
[302.602s] -- Installing: /home/bigdavid/EPSILON_ws/install/phy_simulator/share/phy_simulator/environment/path.sh
[302.602s] -- Installing: /home/bigdavid/EPSILON_ws/install/phy_simulator/share/phy_simulator/environment/path.dsv
[302.602s] -- Installing: /home/bigdavid/EPSILON_ws/install/phy_simulator/share/phy_simulator/local_setup.bash
[302.602s] -- Installing: /home/bigdavid/EPSILON_ws/install/phy_simulator/share/phy_simulator/local_setup.sh
[302.602s] -- Installing: /home/bigdavid/EPSILON_ws/install/phy_simulator/share/phy_simulator/local_setup.zsh
[302.602s] -- Installing: /home/bigdavid/EPSILON_ws/install/phy_simulator/share/phy_simulator/local_setup.dsv
[302.602s] -- Installing: /home/bigdavid/EPSILON_ws/install/phy_simulator/share/phy_simulator/package.dsv
[302.602s] -- Installing: /home/bigdavid/EPSILON_ws/install/phy_simulator/share/ament_index/resource_index/packages/phy_simulator
[302.602s] -- Installing: /home/bigdavid/EPSILON_ws/install/phy_simulator/share/phy_simulator/cmake/ament_cmake_export_libraries-extras.cmake
[302.602s] -- Installing: /home/bigdavid/EPSILON_ws/install/phy_simulator/share/phy_simulator/cmake/ament_cmake_export_dependencies-extras.cmake
[302.602s] -- Installing: /home/bigdavid/EPSILON_ws/install/phy_simulator/share/phy_simulator/cmake/ament_cmake_export_include_directories-extras.cmake
[302.602s] -- Installing: /home/bigdavid/EPSILON_ws/install/phy_simulator/share/phy_simulator/cmake/phy_simulatorConfig.cmake
[302.602s] -- Installing: /home/bigdavid/EPSILON_ws/install/phy_simulator/share/phy_simulator/cmake/phy_simulatorConfig-version.cmake
[302.602s] -- Installing: /home/bigdavid/EPSILON_ws/install/phy_simulator/share/phy_simulator/package.xml
[302.603s] Invoked command in '/home/bigdavid/EPSILON_ws/build/phy_simulator' returned '0': AMENT_PREFIX_PATH=/home/bigdavid/EPSILON_ws/install/vehicle_msgs:/home/bigdavid/EPSILON_ws/install/vehicle_model:/home/bigdavid/EPSILON_ws/install/common:${AMENT_PREFIX_PATH} CMAKE_PREFIX_PATH=/home/bigdavid/EPSILON_ws/install/vehicle_msgs:/home/bigdavid/EPSILON_ws/install/vehicle_model:/home/bigdavid/EPSILON_ws/install/common:/opt/ros/humble LD_LIBRARY_PATH=/home/bigdavid/EPSILON_ws/install/vehicle_msgs/lib:/home/bigdavid/EPSILON_ws/install/vehicle_model/lib:/home/bigdavid/EPSILON_ws/install/common/lib:/usr/local/lib:/usr/lib/x86_64-linux-gnu/gazebo-11/plugins:/opt/ros/humble/opt/rviz_ogre_vendor/lib:/opt/ros/humble/lib/x86_64-linux-gnu:/opt/ros/humble/lib:/usr/local/cuda/lib64 PYTHONPATH=/home/bigdavid/EPSILON_ws/install/vehicle_msgs/local/lib/python3.10/dist-packages:${PYTHONPATH} /usr/bin/cmake --install /home/bigdavid/EPSILON_ws/build/phy_simulator
