-- The C compiler identification is GNU 11.4.0
-- The CXX compiler identification is GNU 11.4.0
-- Detecting C compiler ABI info
-- Detecting C compiler ABI info - done
-- Check for working C compiler: /usr/lib/ccache/gcc - skipped
-- Detecting C compile features
-- Detecting C compile features - done
-- Detecting CXX compiler ABI info
-- Detecting CXX compiler ABI info - done
-- Check for working CXX compiler: /usr/lib/ccache/g++ - skipped
-- Detecting CXX compile features
-- Detecting CXX compile features - done
-- Found ament_cmake: 1.3.12 (/opt/ros/humble/share/ament_cmake/cmake)
-- Found Python3: /usr/bin/python3 (found version "3.10.12") found components: Interpreter 
-- Found rclcpp: 16.0.15 (/opt/ros/humble/share/rclcpp/cmake)
-- Found rosidl_generator_c: 3.1.6 (/opt/ros/humble/share/rosidl_generator_c/cmake)
-- Found rosidl_adapter: 3.1.6 (/opt/ros/humble/share/rosidl_adapter/cmake)
-- Found rosidl_generator_cpp: 3.1.6 (/opt/ros/humble/share/rosidl_generator_cpp/cmake)
-- Using all available rosidl_typesupport_c: rosidl_typesupport_fastrtps_c;rosidl_typesupport_introspection_c
-- Using all available rosidl_typesupport_cpp: rosidl_typesupport_fastrtps_cpp;rosidl_typesupport_introspection_cpp
-- Found rmw_implementation_cmake: 6.1.2 (/opt/ros/humble/share/rmw_implementation_cmake/cmake)
-- Found rmw_cyclonedds_cpp: 1.3.4 (/opt/ros/humble/share/rmw_cyclonedds_cpp/cmake)
-- Using RMW implementation 'rmw_cyclonedds_cpp' as default
-- Looking for pthread.h
-- Looking for pthread.h - found
-- Performing Test CMAKE_HAVE_LIBC_PTHREAD
-- Performing Test CMAKE_HAVE_LIBC_PTHREAD - Success
-- Found Threads: TRUE  
-- Found visualization_msgs: 4.9.0 (/opt/ros/humble/share/visualization_msgs/cmake)
-- Found common: 0.0.0 (/home/bigdavid/EPSILON_ws/install/common/share/common/cmake)
-- Found eigen3_cmake_module: 0.1.1 (/opt/ros/humble/share/eigen3_cmake_module/cmake)
-- Found Eigen3: TRUE (found version "3.4.0") 
-- Ensuring Eigen3 include directory is part of orocos-kdl CMake target
-- Found vehicle_model: 0.0.0 (/home/bigdavid/EPSILON_ws/install/vehicle_model/share/vehicle_model/cmake)
-- Found semantic_map_manager: 0.0.0 (/home/bigdavid/EPSILON_ws/install/semantic_map_manager/share/semantic_map_manager/cmake)
-- Found route_planner: 0.0.0 (/home/bigdavid/EPSILON_ws/install/route_planner/share/route_planner/cmake)
-- Configuring done
-- Generating done
-- Build files have been written to: /home/bigdavid/EPSILON_ws/build/behavior_planner
[ 20%] [32mBuilding CXX object CMakeFiles/behavior_planner_lib.dir/src/behavior_planner/behavior_planner.cc.o[0m
[ 40%] [32mBuilding CXX object CMakeFiles/behavior_planner_lib.dir/src/behavior_planner/map_adapter.cc.o[0m
[ 60%] [32m[1mLinking CXX static library libbehavior_planner_lib.a[0m
[ 60%] Built target behavior_planner_lib
[ 80%] [32mBuilding CXX object CMakeFiles/behavior_planner_ros.dir/src/behavior_planner/behavior_server_ros.cc.o[0m
[100%] [32m[1mLinking CXX static library libbehavior_planner_ros.a[0m
[100%] Built target behavior_planner_ros
-- Install configuration: "Release"
-- Installing: /home/bigdavid/EPSILON_ws/install/behavior_planner/share/behavior_planner/environment/library_path.sh
-- Installing: /home/bigdavid/EPSILON_ws/install/behavior_planner/share/behavior_planner/environment/library_path.dsv
-- Installing: /home/bigdavid/EPSILON_ws/install/behavior_planner/lib/libbehavior_planner_lib.a
-- Installing: /home/bigdavid/EPSILON_ws/install/behavior_planner/lib/libbehavior_planner_ros.a
-- Installing: /home/bigdavid/EPSILON_ws/install/behavior_planner/include
-- Installing: /home/bigdavid/EPSILON_ws/install/behavior_planner/include/behavior_planner
-- Installing: /home/bigdavid/EPSILON_ws/install/behavior_planner/include/behavior_planner/map_interface.h
-- Installing: /home/bigdavid/EPSILON_ws/install/behavior_planner/include/behavior_planner/behavior_planner.h
-- Installing: /home/bigdavid/EPSILON_ws/install/behavior_planner/include/behavior_planner/behavior_server_ros.h
-- Installing: /home/bigdavid/EPSILON_ws/install/behavior_planner/include/behavior_planner/map_adapter.h
-- Installing: /home/bigdavid/EPSILON_ws/install/behavior_planner/include/behavior_planner/visualizer.h
-- Installing: /home/bigdavid/EPSILON_ws/install/behavior_planner/share/ament_index/resource_index/package_run_dependencies/behavior_planner
-- Installing: /home/bigdavid/EPSILON_ws/install/behavior_planner/share/ament_index/resource_index/parent_prefix_path/behavior_planner
-- Installing: /home/bigdavid/EPSILON_ws/install/behavior_planner/share/behavior_planner/environment/ament_prefix_path.sh
-- Installing: /home/bigdavid/EPSILON_ws/install/behavior_planner/share/behavior_planner/environment/ament_prefix_path.dsv
-- Installing: /home/bigdavid/EPSILON_ws/install/behavior_planner/share/behavior_planner/environment/path.sh
-- Installing: /home/bigdavid/EPSILON_ws/install/behavior_planner/share/behavior_planner/environment/path.dsv
-- Installing: /home/bigdavid/EPSILON_ws/install/behavior_planner/share/behavior_planner/local_setup.bash
-- Installing: /home/bigdavid/EPSILON_ws/install/behavior_planner/share/behavior_planner/local_setup.sh
-- Installing: /home/bigdavid/EPSILON_ws/install/behavior_planner/share/behavior_planner/local_setup.zsh
-- Installing: /home/bigdavid/EPSILON_ws/install/behavior_planner/share/behavior_planner/local_setup.dsv
-- Installing: /home/bigdavid/EPSILON_ws/install/behavior_planner/share/behavior_planner/package.dsv
-- Installing: /home/bigdavid/EPSILON_ws/install/behavior_planner/share/ament_index/resource_index/packages/behavior_planner
-- Installing: /home/bigdavid/EPSILON_ws/install/behavior_planner/share/behavior_planner/cmake/ament_cmake_export_libraries-extras.cmake
-- Installing: /home/bigdavid/EPSILON_ws/install/behavior_planner/share/behavior_planner/cmake/ament_cmake_export_dependencies-extras.cmake
-- Installing: /home/bigdavid/EPSILON_ws/install/behavior_planner/share/behavior_planner/cmake/ament_cmake_export_include_directories-extras.cmake
-- Installing: /home/bigdavid/EPSILON_ws/install/behavior_planner/share/behavior_planner/cmake/behavior_plannerConfig.cmake
-- Installing: /home/bigdavid/EPSILON_ws/install/behavior_planner/share/behavior_planner/cmake/behavior_plannerConfig-version.cmake
-- Installing: /home/bigdavid/EPSILON_ws/install/behavior_planner/share/behavior_planner/package.xml
