[0.057s] Invoking command in '/home/bigdavid/EPSILON_ws/build/behavior_planner': AMENT_PREFIX_PATH=/home/bigdavid/EPSILON_ws/install/route_planner:/home/bigdavid/EPSILON_ws/install/semantic_map_manager:/home/bigdavid/EPSILON_ws/install/motion_predictor:/home/bigdavid/EPSILON_ws/install/forward_simulator:/home/bigdavid/EPSILON_ws/install/vehicle_msgs:/home/bigdavid/EPSILON_ws/install/vehicle_model:/home/bigdavid/EPSILON_ws/install/common:${AMENT_PREFIX_PATH} CMAKE_PREFIX_PATH=/home/bigdavid/EPSILON_ws/install/route_planner:/home/bigdavid/EPSILON_ws/install/semantic_map_manager:/home/bigdavid/EPSILON_ws/install/motion_predictor:/home/bigdavid/EPSILON_ws/install/forward_simulator:/home/bigdavid/EPSILON_ws/install/vehicle_msgs:/home/bigdavid/EPSILON_ws/install/vehicle_model:/home/bigdavid/EPSILON_ws/install/common:/opt/ros/humble LD_LIBRARY_PATH=/home/bigdavid/EPSILON_ws/install/route_planner/lib:/home/bigdavid/EPSILON_ws/install/semantic_map_manager/lib:/home/bigdavid/EPSILON_ws/install/motion_predictor/lib:/home/bigdavid/EPSILON_ws/install/forward_simulator/lib:/home/bigdavid/EPSILON_ws/install/vehicle_msgs/lib:/home/bigdavid/EPSILON_ws/install/vehicle_model/lib:/home/bigdavid/EPSILON_ws/install/common/lib:/usr/local/lib:/usr/lib/x86_64-linux-gnu/gazebo-11/plugins:/opt/ros/humble/opt/rviz_ogre_vendor/lib:/opt/ros/humble/lib/x86_64-linux-gnu:/opt/ros/humble/lib:/usr/local/cuda/lib64 PYTHONPATH=/home/bigdavid/EPSILON_ws/install/vehicle_msgs/local/lib/python3.10/dist-packages:${PYTHONPATH} /usr/bin/cmake /home/bigdavid/EPSILON_ws/src/EPSILON_ROS2/core/behavior_planner -DCMAKE_INSTALL_PREFIX=/home/bigdavid/EPSILON_ws/install/behavior_planner
[0.184s] -- The C compiler identification is GNU 11.4.0
[0.271s] -- The CXX compiler identification is GNU 11.4.0
[0.290s] -- Detecting C compiler ABI info
[0.403s] -- Detecting C compiler ABI info - done
[0.432s] -- Check for working C compiler: /usr/lib/ccache/gcc - skipped
[0.432s] -- Detecting C compile features
[0.432s] -- Detecting C compile features - done
[0.436s] -- Detecting CXX compiler ABI info
[0.565s] -- Detecting CXX compiler ABI info - done
[0.573s] -- Check for working CXX compiler: /usr/lib/ccache/g++ - skipped
[0.574s] -- Detecting CXX compile features
[0.574s] -- Detecting CXX compile features - done
[0.578s] -- Found ament_cmake: 1.3.12 (/opt/ros/humble/share/ament_cmake/cmake)
[0.802s] -- Found Python3: /usr/bin/python3 (found version "3.10.12") found components: Interpreter 
[0.920s] -- Found rclcpp: 16.0.15 (/opt/ros/humble/share/rclcpp/cmake)
[0.976s] -- Found rosidl_generator_c: 3.1.6 (/opt/ros/humble/share/rosidl_generator_c/cmake)
[0.983s] -- Found rosidl_adapter: 3.1.6 (/opt/ros/humble/share/rosidl_adapter/cmake)
[0.993s] -- Found rosidl_generator_cpp: 3.1.6 (/opt/ros/humble/share/rosidl_generator_cpp/cmake)
[1.008s] -- Using all available rosidl_typesupport_c: rosidl_typesupport_fastrtps_c;rosidl_typesupport_introspection_c
[1.028s] -- Using all available rosidl_typesupport_cpp: rosidl_typesupport_fastrtps_cpp;rosidl_typesupport_introspection_cpp
[1.083s] -- Found rmw_implementation_cmake: 6.1.2 (/opt/ros/humble/share/rmw_implementation_cmake/cmake)
[1.087s] -- Found rmw_cyclonedds_cpp: 1.3.4 (/opt/ros/humble/share/rmw_cyclonedds_cpp/cmake)
[1.113s] -- Using RMW implementation 'rmw_cyclonedds_cpp' as default
[1.125s] -- Looking for pthread.h
[1.277s] -- Looking for pthread.h - found
[1.277s] -- Performing Test CMAKE_HAVE_LIBC_PTHREAD
[1.367s] -- Performing Test CMAKE_HAVE_LIBC_PTHREAD - Success
[1.368s] -- Found Threads: TRUE  
[1.429s] -- Found visualization_msgs: 4.9.0 (/opt/ros/humble/share/visualization_msgs/cmake)
[1.488s] -- Found common: 0.0.0 (/home/bigdavid/EPSILON_ws/install/common/share/common/cmake)
[1.676s] -- Found eigen3_cmake_module: 0.1.1 (/opt/ros/humble/share/eigen3_cmake_module/cmake)
[1.677s] -- Found Eigen3: TRUE (found version "3.4.0") 
[1.678s] -- Ensuring Eigen3 include directory is part of orocos-kdl CMake target
[1.681s] [33mCMake Warning at /home/bigdavid/EPSILON_ws/install/common/share/common/cmake/ament_cmake_export_include_directories-extras.cmake:11 (message):
[1.681s]   Package 'common' exports the include directory
[1.682s]   '/home/bigdavid/EPSILON_ws/src/EPSILON_ROS2/core/common/thirdparty/OOQP/include'
[1.682s]   which doesn't exist
[1.682s] Call Stack (most recent call first):
[1.682s]   /home/bigdavid/EPSILON_ws/install/common/share/common/cmake/commonConfig.cmake:41 (include)
[1.683s]   CMakeLists.txt:19 (find_package)
[1.683s] 
[1.683s] [0m
[1.685s] -- Found vehicle_model: 0.0.0 (/home/bigdavid/EPSILON_ws/install/vehicle_model/share/vehicle_model/cmake)
[1.707s] [33mCMake Warning at /home/bigdavid/EPSILON_ws/install/vehicle_model/share/vehicle_model/cmake/ament_cmake_export_include_directories-extras.cmake:11 (message):
[1.707s]   Package 'vehicle_model' exports the include directory
[1.708s]   '/home/bigdavid/EPSILON_ws/src/EPSILON_ROS2/core/common/thirdparty/OOQP/include'
[1.708s]   which doesn't exist
[1.708s] Call Stack (most recent call first):
[1.708s]   /home/bigdavid/EPSILON_ws/install/vehicle_model/share/vehicle_model/cmake/vehicle_modelConfig.cmake:41 (include)
[1.708s]   CMakeLists.txt:20 (find_package)
[1.709s] 
[1.709s] [0m
[1.710s] -- Found semantic_map_manager: 0.0.0 (/home/bigdavid/EPSILON_ws/install/semantic_map_manager/share/semantic_map_manager/cmake)
[2.431s] [33mCMake Warning at /home/bigdavid/EPSILON_ws/install/forward_simulator/share/forward_simulator/cmake/ament_cmake_export_include_directories-extras.cmake:11 (message):
[2.431s]   Package 'forward_simulator' exports the include directory
[2.431s]   '/home/bigdavid/EPSILON_ws/src/EPSILON_ROS2/core/common/thirdparty/OOQP/include'
[2.431s]   which doesn't exist
[2.432s] Call Stack (most recent call first):
[2.432s]   /home/bigdavid/EPSILON_ws/install/forward_simulator/share/forward_simulator/cmake/forward_simulatorConfig.cmake:41 (include)
[2.432s]   /home/bigdavid/EPSILON_ws/install/motion_predictor/share/motion_predictor/cmake/ament_cmake_export_dependencies-extras.cmake:21 (find_package)
[2.432s]   /home/bigdavid/EPSILON_ws/install/motion_predictor/share/motion_predictor/cmake/motion_predictorConfig.cmake:41 (include)
[2.433s]   /home/bigdavid/EPSILON_ws/install/semantic_map_manager/share/semantic_map_manager/cmake/ament_cmake_export_dependencies-extras.cmake:21 (find_package)
[2.433s]   /home/bigdavid/EPSILON_ws/install/semantic_map_manager/share/semantic_map_manager/cmake/semantic_map_managerConfig.cmake:41 (include)
[2.433s]   CMakeLists.txt:21 (find_package)
[2.433s] 
[2.433s] [0m
[2.442s] [33mCMake Warning at /home/bigdavid/EPSILON_ws/install/motion_predictor/share/motion_predictor/cmake/ament_cmake_export_include_directories-extras.cmake:11 (message):
[2.442s]   Package 'motion_predictor' exports the include directory
[2.443s]   '/home/bigdavid/EPSILON_ws/src/EPSILON_ROS2/core/common/thirdparty/OOQP/include'
[2.443s]   which doesn't exist
[2.443s] Call Stack (most recent call first):
[2.443s]   /home/bigdavid/EPSILON_ws/install/motion_predictor/share/motion_predictor/cmake/motion_predictorConfig.cmake:41 (include)
[2.444s]   /home/bigdavid/EPSILON_ws/install/semantic_map_manager/share/semantic_map_manager/cmake/ament_cmake_export_dependencies-extras.cmake:21 (find_package)
[2.444s]   /home/bigdavid/EPSILON_ws/install/semantic_map_manager/share/semantic_map_manager/cmake/semantic_map_managerConfig.cmake:41 (include)
[2.444s]   CMakeLists.txt:21 (find_package)
[2.445s] 
[2.445s] [0m
[2.491s] [33mCMake Warning at /home/bigdavid/EPSILON_ws/install/vehicle_msgs/share/vehicle_msgs/cmake/ament_cmake_export_include_directories-extras.cmake:11 (message):
[2.491s]   Package 'vehicle_msgs' exports the include directory
[2.491s]   '/home/bigdavid/EPSILON_ws/src/EPSILON_ROS2/core/common/thirdparty/OOQP/include'
[2.491s]   which doesn't exist
[2.491s] Call Stack (most recent call first):
[2.491s]   /home/bigdavid/EPSILON_ws/install/vehicle_msgs/share/vehicle_msgs/cmake/vehicle_msgsConfig.cmake:41 (include)
[2.491s]   /home/bigdavid/EPSILON_ws/install/semantic_map_manager/share/semantic_map_manager/cmake/ament_cmake_export_dependencies-extras.cmake:21 (find_package)
[2.491s]   /home/bigdavid/EPSILON_ws/install/semantic_map_manager/share/semantic_map_manager/cmake/semantic_map_managerConfig.cmake:41 (include)
[2.491s]   CMakeLists.txt:21 (find_package)
[2.491s] 
[2.491s] [0m
[2.510s] [33mCMake Warning at /home/bigdavid/EPSILON_ws/install/semantic_map_manager/share/semantic_map_manager/cmake/ament_cmake_export_include_directories-extras.cmake:11 (message):
[2.510s]   Package 'semantic_map_manager' exports the include directory
[2.510s]   '/home/bigdavid/EPSILON_ws/src/EPSILON_ROS2/core/common/thirdparty/OOQP/include'
[2.510s]   which doesn't exist
[2.510s] Call Stack (most recent call first):
[2.510s]   /home/bigdavid/EPSILON_ws/install/semantic_map_manager/share/semantic_map_manager/cmake/semantic_map_managerConfig.cmake:41 (include)
[2.510s]   CMakeLists.txt:21 (find_package)
[2.510s] 
[2.510s] [0m
[2.513s] -- Found route_planner: 0.0.0 (/home/bigdavid/EPSILON_ws/install/route_planner/share/route_planner/cmake)
[2.528s] [33mCMake Warning at /home/bigdavid/EPSILON_ws/install/route_planner/share/route_planner/cmake/ament_cmake_export_include_directories-extras.cmake:11 (message):
[2.528s]   Package 'route_planner' exports the include directory
[2.528s]   '/home/bigdavid/EPSILON_ws/src/EPSILON_ROS2/core/common/thirdparty/OOQP/include'
[2.529s]   which doesn't exist
[2.529s] Call Stack (most recent call first):
[2.529s]   /home/bigdavid/EPSILON_ws/install/route_planner/share/route_planner/cmake/route_plannerConfig.cmake:41 (include)
[2.529s]   CMakeLists.txt:23 (find_package)
[2.529s] 
[2.529s] [0m
[2.539s] [33mCMake Warning at /opt/ros/humble/share/ament_cmake_export_include_directories/cmake/ament_export_include_directories.cmake:44 (message):
[2.539s]   ament_export_include_directories() package 'behavior_planner' exports the
[2.539s]   include directory
[2.539s]   '/home/bigdavid/EPSILON_ws/src/EPSILON_ROS2/core/common/thirdparty/OOQP/include'
[2.539s]   which doesn't exist
[2.539s] Call Stack (most recent call first):
[2.539s]   CMakeLists.txt:72 (ament_export_include_directories)
[2.539s] 
[2.539s] [0m
[2.539s] [33mCMake Warning at /opt/ros/humble/share/ament_cmake_export_include_directories/cmake/ament_export_include_directories.cmake:44 (message):
[2.539s]   ament_export_include_directories() package 'behavior_planner' exports the
[2.539s]   include directory
[2.539s]   '/home/bigdavid/EPSILON_ws/src/EPSILON_ROS2/core/common/thirdparty/OOQP/include'
[2.539s]   which doesn't exist
[2.539s] Call Stack (most recent call first):
[2.540s]   CMakeLists.txt:72 (ament_export_include_directories)
[2.540s] 
[2.540s] [0m
[2.540s] [33mCMake Warning at /opt/ros/humble/share/ament_cmake_export_include_directories/cmake/ament_export_include_directories.cmake:44 (message):
[2.540s]   ament_export_include_directories() package 'behavior_planner' exports the
[2.540s]   include directory
[2.540s]   '/home/bigdavid/EPSILON_ws/src/EPSILON_ROS2/core/common/thirdparty/OOQP/include'
[2.540s]   which doesn't exist
[2.540s] Call Stack (most recent call first):
[2.540s]   CMakeLists.txt:72 (ament_export_include_directories)
[2.540s] 
[2.540s] [0m
[2.540s] [33mCMake Warning at /opt/ros/humble/share/ament_cmake_export_include_directories/cmake/ament_export_include_directories.cmake:44 (message):
[2.540s]   ament_export_include_directories() package 'behavior_planner' exports the
[2.540s]   include directory
[2.540s]   '/home/bigdavid/EPSILON_ws/src/EPSILON_ROS2/core/common/thirdparty/OOQP/include'
[2.540s]   which doesn't exist
[2.540s] Call Stack (most recent call first):
[2.540s]   CMakeLists.txt:72 (ament_export_include_directories)
[2.541s] 
[2.541s] [0m
[2.541s] [33mCMake Warning at /opt/ros/humble/share/ament_cmake_export_include_directories/cmake/ament_export_include_directories.cmake:44 (message):
[2.541s]   ament_export_include_directories() package 'behavior_planner' exports the
[2.541s]   include directory
[2.541s]   '/home/bigdavid/EPSILON_ws/src/EPSILON_ROS2/core/common/thirdparty/OOQP/include'
[2.541s]   which doesn't exist
[2.542s] Call Stack (most recent call first):
[2.542s]   CMakeLists.txt:72 (ament_export_include_directories)
[2.542s] 
[2.542s] [0m
[2.542s] [33mCMake Warning at /opt/ros/humble/share/ament_cmake_export_include_directories/cmake/ament_export_include_directories.cmake:44 (message):
[2.542s]   ament_export_include_directories() package 'behavior_planner' exports the
[2.542s]   include directory
[2.542s]   '/home/bigdavid/EPSILON_ws/src/EPSILON_ROS2/core/common/thirdparty/OOQP/include'
[2.542s]   which doesn't exist
[2.542s] Call Stack (most recent call first):
[2.542s]   CMakeLists.txt:72 (ament_export_include_directories)
[2.542s] 
[2.542s] [0m
[2.543s] [33mCMake Warning at /opt/ros/humble/share/ament_cmake_export_include_directories/cmake/ament_export_include_directories.cmake:44 (message):
[2.543s]   ament_export_include_directories() package 'behavior_planner' exports the
[2.543s]   include directory
[2.543s]   '/home/bigdavid/EPSILON_ws/src/EPSILON_ROS2/core/common/thirdparty/OOQP/include'
[2.543s]   which doesn't exist
[2.543s] Call Stack (most recent call first):
[2.543s]   CMakeLists.txt:72 (ament_export_include_directories)
[2.543s] 
[2.543s] [0m
[2.544s] [33mCMake Warning at /opt/ros/humble/share/ament_cmake_export_include_directories/cmake/ament_export_include_directories.cmake:44 (message):
[2.544s]   ament_export_include_directories() package 'behavior_planner' exports the
[2.544s]   include directory
[2.544s]   '/home/bigdavid/EPSILON_ws/src/EPSILON_ROS2/core/common/thirdparty/OOQP/include'
[2.544s]   which doesn't exist
[2.544s] Call Stack (most recent call first):
[2.544s]   CMakeLists.txt:72 (ament_export_include_directories)
[2.544s] 
[2.544s] [0m
[2.545s] [33mCMake Warning at /opt/ros/humble/share/ament_cmake_export_include_directories/cmake/ament_export_include_directories.cmake:44 (message):
[2.545s]   ament_export_include_directories() package 'behavior_planner' exports the
[2.545s]   include directory
[2.545s]   '/home/bigdavid/EPSILON_ws/src/EPSILON_ROS2/core/common/thirdparty/OOQP/include'
[2.545s]   which doesn't exist
[2.545s] Call Stack (most recent call first):
[2.545s]   CMakeLists.txt:72 (ament_export_include_directories)
[2.545s] 
[2.545s] [0m
[2.626s] -- Configuring done
[2.635s] -- Generating done
[2.638s] -- Build files have been written to: /home/bigdavid/EPSILON_ws/build/behavior_planner
[2.650s] Invoked command in '/home/bigdavid/EPSILON_ws/build/behavior_planner' returned '0': AMENT_PREFIX_PATH=/home/bigdavid/EPSILON_ws/install/route_planner:/home/bigdavid/EPSILON_ws/install/semantic_map_manager:/home/bigdavid/EPSILON_ws/install/motion_predictor:/home/bigdavid/EPSILON_ws/install/forward_simulator:/home/bigdavid/EPSILON_ws/install/vehicle_msgs:/home/bigdavid/EPSILON_ws/install/vehicle_model:/home/bigdavid/EPSILON_ws/install/common:${AMENT_PREFIX_PATH} CMAKE_PREFIX_PATH=/home/bigdavid/EPSILON_ws/install/route_planner:/home/bigdavid/EPSILON_ws/install/semantic_map_manager:/home/bigdavid/EPSILON_ws/install/motion_predictor:/home/bigdavid/EPSILON_ws/install/forward_simulator:/home/bigdavid/EPSILON_ws/install/vehicle_msgs:/home/bigdavid/EPSILON_ws/install/vehicle_model:/home/bigdavid/EPSILON_ws/install/common:/opt/ros/humble LD_LIBRARY_PATH=/home/bigdavid/EPSILON_ws/install/route_planner/lib:/home/bigdavid/EPSILON_ws/install/semantic_map_manager/lib:/home/bigdavid/EPSILON_ws/install/motion_predictor/lib:/home/bigdavid/EPSILON_ws/install/forward_simulator/lib:/home/bigdavid/EPSILON_ws/install/vehicle_msgs/lib:/home/bigdavid/EPSILON_ws/install/vehicle_model/lib:/home/bigdavid/EPSILON_ws/install/common/lib:/usr/local/lib:/usr/lib/x86_64-linux-gnu/gazebo-11/plugins:/opt/ros/humble/opt/rviz_ogre_vendor/lib:/opt/ros/humble/lib/x86_64-linux-gnu:/opt/ros/humble/lib:/usr/local/cuda/lib64 PYTHONPATH=/home/bigdavid/EPSILON_ws/install/vehicle_msgs/local/lib/python3.10/dist-packages:${PYTHONPATH} /usr/bin/cmake /home/bigdavid/EPSILON_ws/src/EPSILON_ROS2/core/behavior_planner -DCMAKE_INSTALL_PREFIX=/home/bigdavid/EPSILON_ws/install/behavior_planner
[2.655s] Invoking command in '/home/bigdavid/EPSILON_ws/build/behavior_planner': AMENT_PREFIX_PATH=/home/bigdavid/EPSILON_ws/install/route_planner:/home/bigdavid/EPSILON_ws/install/semantic_map_manager:/home/bigdavid/EPSILON_ws/install/motion_predictor:/home/bigdavid/EPSILON_ws/install/forward_simulator:/home/bigdavid/EPSILON_ws/install/vehicle_msgs:/home/bigdavid/EPSILON_ws/install/vehicle_model:/home/bigdavid/EPSILON_ws/install/common:${AMENT_PREFIX_PATH} CMAKE_PREFIX_PATH=/home/bigdavid/EPSILON_ws/install/route_planner:/home/bigdavid/EPSILON_ws/install/semantic_map_manager:/home/bigdavid/EPSILON_ws/install/motion_predictor:/home/bigdavid/EPSILON_ws/install/forward_simulator:/home/bigdavid/EPSILON_ws/install/vehicle_msgs:/home/bigdavid/EPSILON_ws/install/vehicle_model:/home/bigdavid/EPSILON_ws/install/common:/opt/ros/humble LD_LIBRARY_PATH=/home/bigdavid/EPSILON_ws/install/route_planner/lib:/home/bigdavid/EPSILON_ws/install/semantic_map_manager/lib:/home/bigdavid/EPSILON_ws/install/motion_predictor/lib:/home/bigdavid/EPSILON_ws/install/forward_simulator/lib:/home/bigdavid/EPSILON_ws/install/vehicle_msgs/lib:/home/bigdavid/EPSILON_ws/install/vehicle_model/lib:/home/bigdavid/EPSILON_ws/install/common/lib:/usr/local/lib:/usr/lib/x86_64-linux-gnu/gazebo-11/plugins:/opt/ros/humble/opt/rviz_ogre_vendor/lib:/opt/ros/humble/lib/x86_64-linux-gnu:/opt/ros/humble/lib:/usr/local/cuda/lib64 PYTHONPATH=/home/bigdavid/EPSILON_ws/install/vehicle_msgs/local/lib/python3.10/dist-packages:${PYTHONPATH} /usr/bin/cmake --build /home/bigdavid/EPSILON_ws/build/behavior_planner -- -j32 -l32
[2.733s] [ 20%] [32mBuilding CXX object CMakeFiles/behavior_planner_lib.dir/src/behavior_planner/behavior_planner.cc.o[0m
[2.748s] [ 40%] [32mBuilding CXX object CMakeFiles/behavior_planner_lib.dir/src/behavior_planner/map_adapter.cc.o[0m
[8.194s] [ 60%] [32m[1mLinking CXX static library libbehavior_planner_lib.a[0m
[8.263s] [ 60%] Built target behavior_planner_lib
[8.320s] [ 80%] [32mBuilding CXX object CMakeFiles/behavior_planner_ros.dir/src/behavior_planner/behavior_server_ros.cc.o[0m
[23.420s] In file included from [01m[K/home/bigdavid/EPSILON_ws/src/EPSILON_ROS2/core/behavior_planner/src/behavior_planner/behavior_server_ros.cc:1[m[K:
[23.420s] [01m[K/home/bigdavid/EPSILON_ws/src/EPSILON_ROS2/core/behavior_planner/include/behavior_planner/behavior_server_ros.h:[m[K In constructor ‘[01m[Kplanning::BehaviorPlannerServer::BehaviorPlannerServer(std::shared_ptr<rclcpp::Node>, int)[m[K’:
[23.421s] [01m[K/home/bigdavid/EPSILON_ws/src/EPSILON_ROS2/core/behavior_planner/include/behavior_planner/behavior_server_ros.h:92:10:[m[K [01;35m[Kwarning: [m[K‘[01m[Kplanning::BehaviorPlannerServer::work_rate_[m[K’ will be initialized after [[01;35m[K-Wreorder[m[K]
[23.421s]    92 |   double [01;35m[Kwork_rate_[m[K;
[23.421s]       |          [01;35m[K^~~~~~~~~~[m[K
[23.421s] [01m[K/home/bigdavid/EPSILON_ws/src/EPSILON_ROS2/core/behavior_planner/include/behavior_planner/behavior_server_ros.h:91:7:[m[K [01;35m[Kwarning: [m[K  ‘[01m[Kint planning::BehaviorPlannerServer::ego_id_[m[K’ [[01;35m[K-Wreorder[m[K]
[23.421s]    91 |   int [01;35m[Kego_id_[m[K;
[23.421s]       |       [01;35m[K^~~~~~~[m[K
[23.421s] [01m[K/home/bigdavid/EPSILON_ws/src/EPSILON_ROS2/core/behavior_planner/src/behavior_planner/behavior_server_ros.cc:5:1:[m[K [01;35m[Kwarning: [m[K  when initialized here [[01;35m[K-Wreorder[m[K]
[23.421s]     5 | [01;35m[KBehaviorPlannerServer[m[K::BehaviorPlannerServer(std::shared_ptr<rclcpp::Node> node, int ego_id)
[23.421s]       | [01;35m[K^~~~~~~~~~~~~~~~~~~~~[m[K
[23.421s] In file included from [01m[K/home/bigdavid/EPSILON_ws/src/EPSILON_ROS2/core/behavior_planner/src/behavior_planner/behavior_server_ros.cc:1[m[K:
[23.421s] [01m[K/home/bigdavid/EPSILON_ws/src/EPSILON_ROS2/core/behavior_planner/include/behavior_planner/behavior_server_ros.h:[m[K In constructor ‘[01m[Kplanning::BehaviorPlannerServer::BehaviorPlannerServer(std::shared_ptr<rclcpp::Node>, double, int)[m[K’:
[23.421s] [01m[K/home/bigdavid/EPSILON_ws/src/EPSILON_ROS2/core/behavior_planner/include/behavior_planner/behavior_server_ros.h:92:10:[m[K [01;35m[Kwarning: [m[K‘[01m[Kplanning::BehaviorPlannerServer::work_rate_[m[K’ will be initialized after [[01;35m[K-Wreorder[m[K]
[23.421s]    92 |   double [01;35m[Kwork_rate_[m[K;
[23.421s]       |          [01;35m[K^~~~~~~~~~[m[K
[23.421s] [01m[K/home/bigdavid/EPSILON_ws/src/EPSILON_ROS2/core/behavior_planner/include/behavior_planner/behavior_server_ros.h:91:7:[m[K [01;35m[Kwarning: [m[K  ‘[01m[Kint planning::BehaviorPlannerServer::ego_id_[m[K’ [[01;35m[K-Wreorder[m[K]
[23.421s]    91 |   int [01;35m[Kego_id_[m[K;
[23.421s]       |       [01;35m[K^~~~~~~[m[K
[23.421s] [01m[K/home/bigdavid/EPSILON_ws/src/EPSILON_ROS2/core/behavior_planner/src/behavior_planner/behavior_server_ros.cc:11:1:[m[K [01;35m[Kwarning: [m[K  when initialized here [[01;35m[K-Wreorder[m[K]
[23.421s]    11 | [01;35m[KBehaviorPlannerServer[m[K::BehaviorPlannerServer(std::shared_ptr<rclcpp::Node> node, double work_rate, int ego_id)
[23.421s]       | [01;35m[K^~~~~~~~~~~~~~~~~~~~~[m[K
[23.433s] [100%] [32m[1mLinking CXX static library libbehavior_planner_ros.a[0m
[23.472s] [100%] Built target behavior_planner_ros
[23.480s] Invoked command in '/home/bigdavid/EPSILON_ws/build/behavior_planner' returned '0': AMENT_PREFIX_PATH=/home/bigdavid/EPSILON_ws/install/route_planner:/home/bigdavid/EPSILON_ws/install/semantic_map_manager:/home/bigdavid/EPSILON_ws/install/motion_predictor:/home/bigdavid/EPSILON_ws/install/forward_simulator:/home/bigdavid/EPSILON_ws/install/vehicle_msgs:/home/bigdavid/EPSILON_ws/install/vehicle_model:/home/bigdavid/EPSILON_ws/install/common:${AMENT_PREFIX_PATH} CMAKE_PREFIX_PATH=/home/bigdavid/EPSILON_ws/install/route_planner:/home/bigdavid/EPSILON_ws/install/semantic_map_manager:/home/bigdavid/EPSILON_ws/install/motion_predictor:/home/bigdavid/EPSILON_ws/install/forward_simulator:/home/bigdavid/EPSILON_ws/install/vehicle_msgs:/home/bigdavid/EPSILON_ws/install/vehicle_model:/home/bigdavid/EPSILON_ws/install/common:/opt/ros/humble LD_LIBRARY_PATH=/home/bigdavid/EPSILON_ws/install/route_planner/lib:/home/bigdavid/EPSILON_ws/install/semantic_map_manager/lib:/home/bigdavid/EPSILON_ws/install/motion_predictor/lib:/home/bigdavid/EPSILON_ws/install/forward_simulator/lib:/home/bigdavid/EPSILON_ws/install/vehicle_msgs/lib:/home/bigdavid/EPSILON_ws/install/vehicle_model/lib:/home/bigdavid/EPSILON_ws/install/common/lib:/usr/local/lib:/usr/lib/x86_64-linux-gnu/gazebo-11/plugins:/opt/ros/humble/opt/rviz_ogre_vendor/lib:/opt/ros/humble/lib/x86_64-linux-gnu:/opt/ros/humble/lib:/usr/local/cuda/lib64 PYTHONPATH=/home/bigdavid/EPSILON_ws/install/vehicle_msgs/local/lib/python3.10/dist-packages:${PYTHONPATH} /usr/bin/cmake --build /home/bigdavid/EPSILON_ws/build/behavior_planner -- -j32 -l32
[23.481s] Invoking command in '/home/bigdavid/EPSILON_ws/build/behavior_planner': AMENT_PREFIX_PATH=/home/bigdavid/EPSILON_ws/install/route_planner:/home/bigdavid/EPSILON_ws/install/semantic_map_manager:/home/bigdavid/EPSILON_ws/install/motion_predictor:/home/bigdavid/EPSILON_ws/install/forward_simulator:/home/bigdavid/EPSILON_ws/install/vehicle_msgs:/home/bigdavid/EPSILON_ws/install/vehicle_model:/home/bigdavid/EPSILON_ws/install/common:${AMENT_PREFIX_PATH} CMAKE_PREFIX_PATH=/home/bigdavid/EPSILON_ws/install/route_planner:/home/bigdavid/EPSILON_ws/install/semantic_map_manager:/home/bigdavid/EPSILON_ws/install/motion_predictor:/home/bigdavid/EPSILON_ws/install/forward_simulator:/home/bigdavid/EPSILON_ws/install/vehicle_msgs:/home/bigdavid/EPSILON_ws/install/vehicle_model:/home/bigdavid/EPSILON_ws/install/common:/opt/ros/humble LD_LIBRARY_PATH=/home/bigdavid/EPSILON_ws/install/route_planner/lib:/home/bigdavid/EPSILON_ws/install/semantic_map_manager/lib:/home/bigdavid/EPSILON_ws/install/motion_predictor/lib:/home/bigdavid/EPSILON_ws/install/forward_simulator/lib:/home/bigdavid/EPSILON_ws/install/vehicle_msgs/lib:/home/bigdavid/EPSILON_ws/install/vehicle_model/lib:/home/bigdavid/EPSILON_ws/install/common/lib:/usr/local/lib:/usr/lib/x86_64-linux-gnu/gazebo-11/plugins:/opt/ros/humble/opt/rviz_ogre_vendor/lib:/opt/ros/humble/lib/x86_64-linux-gnu:/opt/ros/humble/lib:/usr/local/cuda/lib64 PYTHONPATH=/home/bigdavid/EPSILON_ws/install/vehicle_msgs/local/lib/python3.10/dist-packages:${PYTHONPATH} /usr/bin/cmake --install /home/bigdavid/EPSILON_ws/build/behavior_planner
[23.488s] -- Install configuration: "Release"
[23.488s] -- Installing: /home/bigdavid/EPSILON_ws/install/behavior_planner/share/behavior_planner/environment/library_path.sh
[23.488s] -- Installing: /home/bigdavid/EPSILON_ws/install/behavior_planner/share/behavior_planner/environment/library_path.dsv
[23.488s] -- Installing: /home/bigdavid/EPSILON_ws/install/behavior_planner/lib/libbehavior_planner_lib.a
[23.488s] -- Installing: /home/bigdavid/EPSILON_ws/install/behavior_planner/lib/libbehavior_planner_ros.a
[23.490s] -- Installing: /home/bigdavid/EPSILON_ws/install/behavior_planner/include
[23.490s] -- Installing: /home/bigdavid/EPSILON_ws/install/behavior_planner/include/behavior_planner
[23.490s] -- Installing: /home/bigdavid/EPSILON_ws/install/behavior_planner/include/behavior_planner/map_interface.h
[23.490s] -- Installing: /home/bigdavid/EPSILON_ws/install/behavior_planner/include/behavior_planner/behavior_planner.h
[23.490s] -- Installing: /home/bigdavid/EPSILON_ws/install/behavior_planner/include/behavior_planner/behavior_server_ros.h
[23.490s] -- Installing: /home/bigdavid/EPSILON_ws/install/behavior_planner/include/behavior_planner/map_adapter.h
[23.490s] -- Installing: /home/bigdavid/EPSILON_ws/install/behavior_planner/include/behavior_planner/visualizer.h
[23.490s] -- Installing: /home/bigdavid/EPSILON_ws/install/behavior_planner/share/ament_index/resource_index/package_run_dependencies/behavior_planner
[23.490s] -- Installing: /home/bigdavid/EPSILON_ws/install/behavior_planner/share/ament_index/resource_index/parent_prefix_path/behavior_planner
[23.490s] -- Installing: /home/bigdavid/EPSILON_ws/install/behavior_planner/share/behavior_planner/environment/ament_prefix_path.sh
[23.490s] -- Installing: /home/bigdavid/EPSILON_ws/install/behavior_planner/share/behavior_planner/environment/ament_prefix_path.dsv
[23.490s] -- Installing: /home/bigdavid/EPSILON_ws/install/behavior_planner/share/behavior_planner/environment/path.sh
[23.490s] -- Installing: /home/bigdavid/EPSILON_ws/install/behavior_planner/share/behavior_planner/environment/path.dsv
[23.490s] -- Installing: /home/bigdavid/EPSILON_ws/install/behavior_planner/share/behavior_planner/local_setup.bash
[23.490s] -- Installing: /home/bigdavid/EPSILON_ws/install/behavior_planner/share/behavior_planner/local_setup.sh
[23.490s] -- Installing: /home/bigdavid/EPSILON_ws/install/behavior_planner/share/behavior_planner/local_setup.zsh
[23.490s] -- Installing: /home/bigdavid/EPSILON_ws/install/behavior_planner/share/behavior_planner/local_setup.dsv
[23.490s] -- Installing: /home/bigdavid/EPSILON_ws/install/behavior_planner/share/behavior_planner/package.dsv
[23.490s] -- Installing: /home/bigdavid/EPSILON_ws/install/behavior_planner/share/ament_index/resource_index/packages/behavior_planner
[23.490s] -- Installing: /home/bigdavid/EPSILON_ws/install/behavior_planner/share/behavior_planner/cmake/ament_cmake_export_libraries-extras.cmake
[23.490s] -- Installing: /home/bigdavid/EPSILON_ws/install/behavior_planner/share/behavior_planner/cmake/ament_cmake_export_dependencies-extras.cmake
[23.490s] -- Installing: /home/bigdavid/EPSILON_ws/install/behavior_planner/share/behavior_planner/cmake/ament_cmake_export_include_directories-extras.cmake
[23.490s] -- Installing: /home/bigdavid/EPSILON_ws/install/behavior_planner/share/behavior_planner/cmake/behavior_plannerConfig.cmake
[23.490s] -- Installing: /home/bigdavid/EPSILON_ws/install/behavior_planner/share/behavior_planner/cmake/behavior_plannerConfig-version.cmake
[23.491s] -- Installing: /home/bigdavid/EPSILON_ws/install/behavior_planner/share/behavior_planner/package.xml
[23.492s] Invoked command in '/home/bigdavid/EPSILON_ws/build/behavior_planner' returned '0': AMENT_PREFIX_PATH=/home/bigdavid/EPSILON_ws/install/route_planner:/home/bigdavid/EPSILON_ws/install/semantic_map_manager:/home/bigdavid/EPSILON_ws/install/motion_predictor:/home/bigdavid/EPSILON_ws/install/forward_simulator:/home/bigdavid/EPSILON_ws/install/vehicle_msgs:/home/bigdavid/EPSILON_ws/install/vehicle_model:/home/bigdavid/EPSILON_ws/install/common:${AMENT_PREFIX_PATH} CMAKE_PREFIX_PATH=/home/bigdavid/EPSILON_ws/install/route_planner:/home/bigdavid/EPSILON_ws/install/semantic_map_manager:/home/bigdavid/EPSILON_ws/install/motion_predictor:/home/bigdavid/EPSILON_ws/install/forward_simulator:/home/bigdavid/EPSILON_ws/install/vehicle_msgs:/home/bigdavid/EPSILON_ws/install/vehicle_model:/home/bigdavid/EPSILON_ws/install/common:/opt/ros/humble LD_LIBRARY_PATH=/home/bigdavid/EPSILON_ws/install/route_planner/lib:/home/bigdavid/EPSILON_ws/install/semantic_map_manager/lib:/home/bigdavid/EPSILON_ws/install/motion_predictor/lib:/home/bigdavid/EPSILON_ws/install/forward_simulator/lib:/home/bigdavid/EPSILON_ws/install/vehicle_msgs/lib:/home/bigdavid/EPSILON_ws/install/vehicle_model/lib:/home/bigdavid/EPSILON_ws/install/common/lib:/usr/local/lib:/usr/lib/x86_64-linux-gnu/gazebo-11/plugins:/opt/ros/humble/opt/rviz_ogre_vendor/lib:/opt/ros/humble/lib/x86_64-linux-gnu:/opt/ros/humble/lib:/usr/local/cuda/lib64 PYTHONPATH=/home/bigdavid/EPSILON_ws/install/vehicle_msgs/local/lib/python3.10/dist-packages:${PYTHONPATH} /usr/bin/cmake --install /home/bigdavid/EPSILON_ws/build/behavior_planner
