[33mCMake Warning at /opt/ros/humble/share/ament_cmake_export_include_directories/cmake/ament_export_include_directories.cmake:44 (message):
  ament_export_include_directories() package 'common' exports the include
  directory
  '/home/bigdavid/EPSILON_ws/src/core/common/thirdparty/OOQP/include' which
  doesn't exist
Call Stack (most recent call first):
  CMakeLists.txt:126 (ament_export_include_directories)

[0m
[01m[K/home/bigdavid/EPSILON_ws/src/core/common/src/common/solver/qp_solver.cc:[m[K In static member function ‘[01m[Kstatic bool common::QuadraticProblem::solve(const Eigen::SparseMatrix<double, 1>&, const Eigen::DiagonalMatrix<double, -1>&, const VectorXd&, const Eigen::DiagonalMatrix<double, -1>&, const Eigen::SparseMatrix<double, 1>&, const VectorXd&, const Eigen::SparseMatrix<double, 1>&, const VectorXd&, const VectorXd&, const VectorXd&, const VectorXd&, Eigen::VectorXd&)[m[K’:
[01m[K/home/bigdavid/EPSILON_ws/src/core/common/src/common/solver/qp_solver.cc:23:7:[m[K [01;35m[Kwarning: [m[Kunused variable ‘[01m[Km[m[K’ [[01;35m[K-Wunused-variable[m[K]
   23 |   int [01;35m[Km[m[K = A.rows();
      |       [01;35m[K^[m[K
[01m[K/home/bigdavid/EPSILON_ws/src/core/common/src/common/basics/tool_func.cc:[m[K In function ‘[01m[Kvoid common::GetResultInVector(const std::vector<std::vector<int> >&, const int&, std::vector<int>*, std::vector<std::vector<int> >*)[m[K’:
[01m[K/home/bigdavid/EPSILON_ws/src/core/common/src/common/basics/tool_func.cc:30:21:[m[K [01;35m[Kwarning: [m[Kcomparison of integer expressions of different signedness: ‘[01m[Kint[m[K’ and ‘[01m[Kstd::vector<int>::size_type[m[K’ {aka ‘[01m[Klong unsigned int[m[K’} [[01;35m[K-Wsign-compare[m[K]
   30 |   for (int i = 0; [01;35m[Ki < vec[N].size()[m[K; ++i) {
      |                   [01;35m[K~~^~~~~~~~~~~~~~~[m[K
[01m[K/home/bigdavid/EPSILON_ws/src/core/common/src/common/basics/tool_func.cc:32:11:[m[K [01;35m[Kwarning: [m[Kcomparison of integer expressions of different signedness: ‘[01m[Kconst int[m[K’ and ‘[01m[Kstd::vector<std::vector<int> >::size_type[m[K’ {aka ‘[01m[Klong unsigned int[m[K’} [[01;35m[K-Wsign-compare[m[K]
   32 |     if ([01;35m[KN < vec.size() - 1[m[K) {
      |         [01;35m[K~~^~~~~~~~~~~~~~~~[m[K
[01m[K/home/bigdavid/EPSILON_ws/src/core/common/src/common/basics/tool_func.cc:36:25:[m[K [01;35m[Kwarning: [m[Kcomparison of integer expressions of different signedness: ‘[01m[Kint[m[K’ and ‘[01m[Kstd::vector<int>::size_type[m[K’ {aka ‘[01m[Klong unsigned int[m[K’} [[01;35m[K-Wsign-compare[m[K]
   36 |       for (int i = 0; [01;35m[Ki < tmp->size()[m[K; ++i) {
      |                       [01;35m[K~~^~~~~~~~~~~~~[m[K
In file included from [01m[K/home/bigdavid/EPSILON_ws/src/core/common/include/common/spline/spline_generator.h:17[m[K,
                 from [01m[K/home/bigdavid/EPSILON_ws/src/core/common/src/common/lane/lane_generator.cc:3[m[K:
[01m[K/home/bigdavid/EPSILON_ws/src/core/common/thirdparty/tk_spline/spline.h:371:8:[m[K [01;35m[Kwarning: [m[K‘[01m[Kdouble {anonymous}::tk::spline::get_coeff(int, int) const[m[K’ defined but not used [[01;35m[K-Wunused-function[m[K]
  371 | double [01;35m[Kspline[m[K::get_coeff(int n, int j) const {
      |        [01;35m[K^~~~~~[m[K
[01m[K/home/bigdavid/EPSILON_ws/src/core/common/thirdparty/tk_spline/spline.h:369:5:[m[K [01;35m[Kwarning: [m[K‘[01m[Kint {anonymous}::tk::spline::num_pts() const[m[K’ defined but not used [[01;35m[K-Wunused-function[m[K]
  369 | int [01;35m[Kspline[m[K::num_pts() const { return m_a.size(); }
      |     [01;35m[K^~~~~~[m[K
[01m[K/home/bigdavid/EPSILON_ws/src/core/common/thirdparty/tk_spline/spline.h:347:8:[m[K [01;35m[Kwarning: [m[K‘[01m[Kdouble {anonymous}::tk::spline::operator()(double) const[m[K’ defined but not used [[01;35m[K-Wunused-function[m[K]
  347 | double [01;35m[Kspline[m[K::operator()(double x) const {
      |        [01;35m[K^~~~~~[m[K
[01m[K/home/bigdavid/EPSILON_ws/src/core/common/thirdparty/tk_spline/spline.h:255:6:[m[K [01;35m[Kwarning: [m[K‘[01m[Kvoid {anonymous}::tk::spline::set_points(const std::vector<double>&, const std::vector<double>&, bool)[m[K’ defined but not used [[01;35m[K-Wunused-function[m[K]
  255 | void [01;35m[Kspline[m[K::set_points(const std::vector<double>& x,
      |      [01;35m[K^~~~~~[m[K
[01m[K/home/bigdavid/EPSILON_ws/src/core/common/thirdparty/tk_spline/spline.h:244:6:[m[K [01;35m[Kwarning: [m[K‘[01m[Kvoid {anonymous}::tk::spline::set_boundary({anonymous}::tk::spline::bd_type, double, {anonymous}::tk::spline::bd_type, double, bool)[m[K’ defined but not used [[01;35m[K-Wunused-function[m[K]
  244 | void [01;35m[Kspline[m[K::set_boundary(spline::bd_type left, double left_value,
      |      [01;35m[K^~~~~~[m[K
In file included from [01m[K/home/bigdavid/EPSILON_ws/src/core/common/include/common/spline/spline_generator.h:17[m[K,
                 from [01m[K/home/bigdavid/EPSILON_ws/src/core/common/src/common/spline/spline_generator.cc:1[m[K:
[01m[K/home/bigdavid/EPSILON_ws/src/core/common/thirdparty/tk_spline/spline.h:347:8:[m[K [01;35m[Kwarning: [m[K‘[01m[Kdouble {anonymous}::tk::spline::operator()(double) const[m[K’ defined but not used [[01;35m[K-Wunused-function[m[K]
  347 | double [01;35m[Kspline[m[K::operator()(double x) const {
      |        [01;35m[K^~~~~~[m[K
[01m[K/home/bigdavid/EPSILON_ws/src/core/common/thirdparty/tk_spline/spline.h:244:6:[m[K [01;35m[Kwarning: [m[K‘[01m[Kvoid {anonymous}::tk::spline::set_boundary({anonymous}::tk::spline::bd_type, double, {anonymous}::tk::spline::bd_type, double, bool)[m[K’ defined but not used [[01;35m[K-Wunused-function[m[K]
  244 | void [01;35m[Kspline[m[K::set_boundary(spline::bd_type left, double left_value,
      |      [01;35m[K^~~~~~[m[K
