[0.006s] Invoking command in '/home/bigdavid/EPSILON_ws/build/common': CMAKE_PREFIX_PATH=/opt/ros/humble /usr/bin/cmake /home/bigdavid/EPSILON_ws/src/core/common -DCMAKE_INSTALL_PREFIX=/home/bigdavid/EPSILON_ws/install/common
[0.064s] -- The C compiler identification is GNU 11.4.0
[0.111s] -- The CXX compiler identification is GNU 11.4.0
[0.119s] -- Detecting C compiler ABI info
[0.161s] -- Detecting C compiler ABI info - done
[0.165s] -- Check for working C compiler: /usr/lib/ccache/gcc - skipped
[0.165s] -- Detecting C compile features
[0.165s] -- Detecting C compile features - done
[0.167s] -- Detecting CXX compiler ABI info
[0.210s] -- Detecting CXX compiler ABI info - done
[0.214s] -- Check for working CXX compiler: /usr/lib/ccache/g++ - skipped
[0.214s] -- Detecting CXX compile features
[0.214s] -- Detecting CXX compile features - done
[0.216s] -- Found ament_cmake: 1.3.12 (/opt/ros/humble/share/ament_cmake/cmake)
[0.304s] -- Found Python3: /usr/bin/python3 (found version "3.10.12") found components: Interpreter 
[0.363s] -- Found rclcpp: 16.0.15 (/opt/ros/humble/share/rclcpp/cmake)
[0.392s] -- Found rosidl_generator_c: 3.1.6 (/opt/ros/humble/share/rosidl_generator_c/cmake)
[0.397s] -- Found rosidl_adapter: 3.1.6 (/opt/ros/humble/share/rosidl_adapter/cmake)
[0.403s] -- Found rosidl_generator_cpp: 3.1.6 (/opt/ros/humble/share/rosidl_generator_cpp/cmake)
[0.412s] -- Using all available rosidl_typesupport_c: rosidl_typesupport_fastrtps_c;rosidl_typesupport_introspection_c
[0.422s] -- Using all available rosidl_typesupport_cpp: rosidl_typesupport_fastrtps_cpp;rosidl_typesupport_introspection_cpp
[0.451s] -- Found rmw_implementation_cmake: 6.1.2 (/opt/ros/humble/share/rmw_implementation_cmake/cmake)
[0.453s] -- Found rmw_cyclonedds_cpp: 1.3.4 (/opt/ros/humble/share/rmw_cyclonedds_cpp/cmake)
[0.468s] -- Using RMW implementation 'rmw_cyclonedds_cpp' as default
[0.474s] -- Looking for pthread.h
[0.514s] -- Looking for pthread.h - found
[0.514s] -- Performing Test CMAKE_HAVE_LIBC_PTHREAD
[0.560s] -- Performing Test CMAKE_HAVE_LIBC_PTHREAD - Success
[0.561s] -- Found Threads: TRUE  
[0.592s] -- Found visualization_msgs: 4.9.0 (/opt/ros/humble/share/visualization_msgs/cmake)
[0.623s] -- Found tf2: 0.25.16 (/opt/ros/humble/share/tf2/cmake)
[0.629s] -- Found tf2_ros: 0.25.16 (/opt/ros/humble/share/tf2_ros/cmake)
[0.682s] -- Found tf2_geometry_msgs: 0.25.16 (/opt/ros/humble/share/tf2_geometry_msgs/cmake)
[0.689s] -- Found eigen3_cmake_module: 0.1.1 (/opt/ros/humble/share/eigen3_cmake_module/cmake)
[0.690s] -- Found Eigen3: TRUE (found version "3.4.0") 
[0.690s] -- Ensuring Eigen3 include directory is part of orocos-kdl CMake target
[0.703s] -- Found Protobuf: /usr/lib/x86_64-linux-gnu/libprotobuf.so (found version "3.12.4") 
[0.705s] -- Found Glog: /usr/local/include  
[0.705s] -- Found glog    (include: /usr/local/include, library: /usr/local/lib/libglog.so)
[0.710s] -- Found OpenCV: /usr (found version "4.5.4") 
[0.710s] -- Found OOQP include dirs: /home/bigdavid/EPSILON_ws/src/core/common/thirdparty/ooqp/include/ooqp
[0.710s] -- Found OOQP libraries: /home/bigdavid/EPSILON_ws/src/core/common/thirdparty/ooqp/lib/libooqpgensparse.a;/home/bigdavid/EPSILON_ws/src/core/common/thirdparty/ooqp/lib/libooqpsparse.a;/home/bigdavid/EPSILON_ws/src/core/common/thirdparty/ooqp/lib/libooqpgondzio.a;/home/bigdavid/EPSILON_ws/src/core/common/thirdparty/ooqp/lib/libooqpbase.a;/home/bigdavid/EPSILON_ws/src/core/common/thirdparty/ooqp/lib/libma27.a;blas;gfortran
[0.710s] -- Found OOQP
[0.715s] [33mCMake Warning at /opt/ros/humble/share/ament_cmake_export_include_directories/cmake/ament_export_include_directories.cmake:44 (message):
[0.715s]   ament_export_include_directories() package 'common' exports the include
[0.715s]   directory
[0.715s]   '/home/bigdavid/EPSILON_ws/src/core/common/thirdparty/OOQP/include' which
[0.715s]   doesn't exist
[0.715s] Call Stack (most recent call first):
[0.715s]   CMakeLists.txt:126 (ament_export_include_directories)
[0.715s] 
[0.715s] [0m
[0.749s] -- Configuring done
[0.774s] -- Generating done
[0.777s] -- Build files have been written to: /home/bigdavid/EPSILON_ws/build/common
[0.783s] Invoked command in '/home/bigdavid/EPSILON_ws/build/common' returned '0': CMAKE_PREFIX_PATH=/opt/ros/humble /usr/bin/cmake /home/bigdavid/EPSILON_ws/src/core/common -DCMAKE_INSTALL_PREFIX=/home/bigdavid/EPSILON_ws/install/common
[0.783s] Invoking command in '/home/bigdavid/EPSILON_ws/build/common': CMAKE_PREFIX_PATH=/opt/ros/humble /usr/bin/cmake --build /home/bigdavid/EPSILON_ws/build/common -- -j32 -l32
[0.818s] [  4%] [32mBuilding CXX object CMakeFiles/hkust_pl_ooqp_itf.dir/src/common/solver/qp_solver.cc.o[0m
[0.818s] [  9%] [32mBuilding CXX object CMakeFiles/hkust_pl_ooqp_itf.dir/src/common/solver/ooqp_interface.cc.o[0m
[2.059s] [01m[K/home/bigdavid/EPSILON_ws/src/core/common/src/common/solver/qp_solver.cc:[m[K In static member function ‘[01m[Kstatic bool common::QuadraticProblem::solve(const Eigen::SparseMatrix<double, 1>&, const Eigen::DiagonalMatrix<double, -1>&, const VectorXd&, const Eigen::DiagonalMatrix<double, -1>&, const Eigen::SparseMatrix<double, 1>&, const VectorXd&, const Eigen::SparseMatrix<double, 1>&, const VectorXd&, const VectorXd&, const VectorXd&, const VectorXd&, Eigen::VectorXd&)[m[K’:
[2.059s] [01m[K/home/bigdavid/EPSILON_ws/src/core/common/src/common/solver/qp_solver.cc:23:7:[m[K [01;35m[Kwarning: [m[Kunused variable ‘[01m[Km[m[K’ [[01;35m[K-Wunused-variable[m[K]
[2.060s]    23 |   int [01;35m[Km[m[K = A.rows();
[2.060s]       |       [01;35m[K^[m[K
[2.068s] [ 13%] [32m[1mLinking CXX static library libhkust_pl_ooqp_itf.a[0m
[2.090s] [ 13%] Built target hkust_pl_ooqp_itf
[2.106s] [ 18%] [32mBuilding CXX object CMakeFiles/hkust_pl_common.dir/src/common/mobil/mobil_behavior_prediction.cc.o[0m
[2.106s] [ 22%] [32mBuilding CXX object CMakeFiles/hkust_pl_common.dir/src/common/spline/lookup_table.cc.o[0m
[2.107s] [ 27%] [32mBuilding CXX object CMakeFiles/hkust_pl_common.dir/src/common/basics/semantics.cc.o[0m
[2.107s] [ 31%] [32mBuilding CXX object CMakeFiles/hkust_pl_common.dir/src/common/spline/spline_generator.cc.o[0m
[2.107s] [ 45%] [32mBuilding CXX object CMakeFiles/hkust_pl_common.dir/src/common/basics/colormap.cc.o[0m
[2.107s] [ 45%] [32mBuilding CXX object CMakeFiles/hkust_pl_common.dir/src/common/lane/lane.cc.o[0m
[2.107s] [ 45%] [32mBuilding CXX object CMakeFiles/hkust_pl_common.dir/src/common/basics/shapes.cc.o[0m
[2.107s] [ 54%] [32mBuilding CXX object CMakeFiles/hkust_pl_common.dir/src/common/lane/lane_generator.cc.o[0m
[2.107s] [ 54%] [32mBuilding CXX object CMakeFiles/hkust_pl_common.dir/src/common/basics/tool_func.cc.o[0m
[2.108s] [ 59%] [32mBuilding CXX object CMakeFiles/hkust_pl_common.dir/src/common/math/calculations.cc.o[0m
[2.108s] [ 63%] [32mBuilding CXX object CMakeFiles/hkust_pl_common.dir/src/common/primitive/frenet_primitive.cc.o[0m
[2.108s] [ 68%] [32mBuilding CXX object CMakeFiles/hkust_pl_common.dir/src/common/rss/rss_checker.cc.o[0m
[2.108s] [ 72%] [32mBuilding CXX object CMakeFiles/hkust_pl_common.dir/src/common/state/state_transformer.cc.o[0m
[2.108s] [ 77%] [32mBuilding CXX object CMakeFiles/hkust_pl_common.dir/src/common/idm/intelligent_driver_model.cc.o[0m
[2.108s] [ 81%] [32mBuilding CXX object CMakeFiles/hkust_pl_common.dir/src/common/mobil/mobil_model.cc.o[0m
[2.108s] [ 86%] [32mBuilding CXX object CMakeFiles/hkust_pl_common.dir/src/common/state/free_state.cc.o[0m
[2.110s] [ 90%] [32mBuilding CXX object CMakeFiles/hkust_pl_common.dir/src/common/circle_arc/circle_arc.cc.o[0m
[2.110s] [ 95%] [32mBuilding CXX object CMakeFiles/hkust_pl_common.dir/src/common/circle_arc/circle_arc_branch.cc.o[0m
[3.944s] [01m[K/home/bigdavid/EPSILON_ws/src/core/common/src/common/basics/tool_func.cc:[m[K In function ‘[01m[Kvoid common::GetResultInVector(const std::vector<std::vector<int> >&, const int&, std::vector<int>*, std::vector<std::vector<int> >*)[m[K’:
[3.944s] [01m[K/home/bigdavid/EPSILON_ws/src/core/common/src/common/basics/tool_func.cc:30:21:[m[K [01;35m[Kwarning: [m[Kcomparison of integer expressions of different signedness: ‘[01m[Kint[m[K’ and ‘[01m[Kstd::vector<int>::size_type[m[K’ {aka ‘[01m[Klong unsigned int[m[K’} [[01;35m[K-Wsign-compare[m[K]
[3.945s]    30 |   for (int i = 0; [01;35m[Ki < vec[N].size()[m[K; ++i) {
[3.945s]       |                   [01;35m[K~~^~~~~~~~~~~~~~~[m[K
[3.945s] [01m[K/home/bigdavid/EPSILON_ws/src/core/common/src/common/basics/tool_func.cc:32:11:[m[K [01;35m[Kwarning: [m[Kcomparison of integer expressions of different signedness: ‘[01m[Kconst int[m[K’ and ‘[01m[Kstd::vector<std::vector<int> >::size_type[m[K’ {aka ‘[01m[Klong unsigned int[m[K’} [[01;35m[K-Wsign-compare[m[K]
[3.945s]    32 |     if ([01;35m[KN < vec.size() - 1[m[K) {
[3.945s]       |         [01;35m[K~~^~~~~~~~~~~~~~~~[m[K
[3.945s] [01m[K/home/bigdavid/EPSILON_ws/src/core/common/src/common/basics/tool_func.cc:36:25:[m[K [01;35m[Kwarning: [m[Kcomparison of integer expressions of different signedness: ‘[01m[Kint[m[K’ and ‘[01m[Kstd::vector<int>::size_type[m[K’ {aka ‘[01m[Klong unsigned int[m[K’} [[01;35m[K-Wsign-compare[m[K]
[3.945s]    36 |       for (int i = 0; [01;35m[Ki < tmp->size()[m[K; ++i) {
[3.945s]       |                       [01;35m[K~~^~~~~~~~~~~~~[m[K
[4.433s] In file included from [01m[K/home/bigdavid/EPSILON_ws/src/core/common/include/common/spline/spline_generator.h:17[m[K,
[4.433s]                  from [01m[K/home/bigdavid/EPSILON_ws/src/core/common/src/common/lane/lane_generator.cc:3[m[K:
[4.433s] [01m[K/home/bigdavid/EPSILON_ws/src/core/common/thirdparty/tk_spline/spline.h:371:8:[m[K [01;35m[Kwarning: [m[K‘[01m[Kdouble {anonymous}::tk::spline::get_coeff(int, int) const[m[K’ defined but not used [[01;35m[K-Wunused-function[m[K]
[4.433s]   371 | double [01;35m[Kspline[m[K::get_coeff(int n, int j) const {
[4.434s]       |        [01;35m[K^~~~~~[m[K
[4.434s] [01m[K/home/bigdavid/EPSILON_ws/src/core/common/thirdparty/tk_spline/spline.h:369:5:[m[K [01;35m[Kwarning: [m[K‘[01m[Kint {anonymous}::tk::spline::num_pts() const[m[K’ defined but not used [[01;35m[K-Wunused-function[m[K]
[4.434s]   369 | int [01;35m[Kspline[m[K::num_pts() const { return m_a.size(); }
[4.434s]       |     [01;35m[K^~~~~~[m[K
[4.434s] [01m[K/home/bigdavid/EPSILON_ws/src/core/common/thirdparty/tk_spline/spline.h:347:8:[m[K [01;35m[Kwarning: [m[K‘[01m[Kdouble {anonymous}::tk::spline::operator()(double) const[m[K’ defined but not used [[01;35m[K-Wunused-function[m[K]
[4.434s]   347 | double [01;35m[Kspline[m[K::operator()(double x) const {
[4.434s]       |        [01;35m[K^~~~~~[m[K
[4.434s] [01m[K/home/bigdavid/EPSILON_ws/src/core/common/thirdparty/tk_spline/spline.h:255:6:[m[K [01;35m[Kwarning: [m[K‘[01m[Kvoid {anonymous}::tk::spline::set_points(const std::vector<double>&, const std::vector<double>&, bool)[m[K’ defined but not used [[01;35m[K-Wunused-function[m[K]
[4.434s]   255 | void [01;35m[Kspline[m[K::set_points(const std::vector<double>& x,
[4.434s]       |      [01;35m[K^~~~~~[m[K
[4.434s] [01m[K/home/bigdavid/EPSILON_ws/src/core/common/thirdparty/tk_spline/spline.h:244:6:[m[K [01;35m[Kwarning: [m[K‘[01m[Kvoid {anonymous}::tk::spline::set_boundary({anonymous}::tk::spline::bd_type, double, {anonymous}::tk::spline::bd_type, double, bool)[m[K’ defined but not used [[01;35m[K-Wunused-function[m[K]
[4.434s]   244 | void [01;35m[Kspline[m[K::set_boundary(spline::bd_type left, double left_value,
[4.434s]       |      [01;35m[K^~~~~~[m[K
[6.113s] In file included from [01m[K/home/bigdavid/EPSILON_ws/src/core/common/include/common/spline/spline_generator.h:17[m[K,
[6.113s]                  from [01m[K/home/bigdavid/EPSILON_ws/src/core/common/src/common/spline/spline_generator.cc:1[m[K:
[6.113s] [01m[K/home/bigdavid/EPSILON_ws/src/core/common/thirdparty/tk_spline/spline.h:347:8:[m[K [01;35m[Kwarning: [m[K‘[01m[Kdouble {anonymous}::tk::spline::operator()(double) const[m[K’ defined but not used [[01;35m[K-Wunused-function[m[K]
[6.113s]   347 | double [01;35m[Kspline[m[K::operator()(double x) const {
[6.113s]       |        [01;35m[K^~~~~~[m[K
[6.113s] [01m[K/home/bigdavid/EPSILON_ws/src/core/common/thirdparty/tk_spline/spline.h:244:6:[m[K [01;35m[Kwarning: [m[K‘[01m[Kvoid {anonymous}::tk::spline::set_boundary({anonymous}::tk::spline::bd_type, double, {anonymous}::tk::spline::bd_type, double, bool)[m[K’ defined but not used [[01;35m[K-Wunused-function[m[K]
[6.113s]   244 | void [01;35m[Kspline[m[K::set_boundary(spline::bd_type left, double left_value,
[6.113s]       |      [01;35m[K^~~~~~[m[K
[6.123s] [100%] [32m[1mLinking CXX static library libhkust_pl_common.a[0m
[6.148s] [100%] Built target hkust_pl_common
[6.157s] Invoked command in '/home/bigdavid/EPSILON_ws/build/common' returned '0': CMAKE_PREFIX_PATH=/opt/ros/humble /usr/bin/cmake --build /home/bigdavid/EPSILON_ws/build/common -- -j32 -l32
[6.158s] Invoking command in '/home/bigdavid/EPSILON_ws/build/common': CMAKE_PREFIX_PATH=/opt/ros/humble /usr/bin/cmake --install /home/bigdavid/EPSILON_ws/build/common
[6.162s] -- Install configuration: "Release"
[6.162s] -- Installing: /home/bigdavid/EPSILON_ws/install/common/share/common/environment/library_path.sh
[6.162s] -- Installing: /home/bigdavid/EPSILON_ws/install/common/share/common/environment/library_path.dsv
[6.162s] -- Installing: /home/bigdavid/EPSILON_ws/install/common/include/common
[6.162s] -- Installing: /home/bigdavid/EPSILON_ws/install/common/include/common/state
[6.162s] -- Installing: /home/bigdavid/EPSILON_ws/install/common/include/common/state/state_transformer.h
[6.162s] -- Installing: /home/bigdavid/EPSILON_ws/install/common/include/common/state/state.h
[6.162s] -- Installing: /home/bigdavid/EPSILON_ws/install/common/include/common/state/waypoint.h
[6.162s] -- Installing: /home/bigdavid/EPSILON_ws/install/common/include/common/state/frenet_state.h
[6.162s] -- Installing: /home/bigdavid/EPSILON_ws/install/common/include/common/state/free_state.h
[6.163s] -- Installing: /home/bigdavid/EPSILON_ws/install/common/include/common/solver
[6.163s] -- Installing: /home/bigdavid/EPSILON_ws/install/common/include/common/solver/ooqp_interface.h
[6.163s] -- Installing: /home/bigdavid/EPSILON_ws/install/common/include/common/solver/qp_solver.h
[6.163s] -- Installing: /home/bigdavid/EPSILON_ws/install/common/include/common/rss
[6.163s] -- Installing: /home/bigdavid/EPSILON_ws/install/common/include/common/rss/rss_checker.h
[6.163s] -- Installing: /home/bigdavid/EPSILON_ws/install/common/include/common/primitive
[6.163s] -- Installing: /home/bigdavid/EPSILON_ws/install/common/include/common/primitive/frenet_primitive.h
[6.163s] -- Installing: /home/bigdavid/EPSILON_ws/install/common/include/common/trajectory
[6.163s] -- Installing: /home/bigdavid/EPSILON_ws/install/common/include/common/trajectory/frenet_traj.h
[6.163s] -- Installing: /home/bigdavid/EPSILON_ws/install/common/include/common/trajectory/frenet_primitive_traj.h
[6.163s] -- Installing: /home/bigdavid/EPSILON_ws/install/common/include/common/trajectory/frenet_bezier_traj.h
[6.163s] -- Installing: /home/bigdavid/EPSILON_ws/install/common/include/common/trajectory/trajectory.h
[6.163s] -- Installing: /home/bigdavid/EPSILON_ws/install/common/include/common/circle_arc
[6.163s] -- Installing: /home/bigdavid/EPSILON_ws/install/common/include/common/circle_arc/circle_arc.h
[6.163s] -- Installing: /home/bigdavid/EPSILON_ws/install/common/include/common/circle_arc/circle_arc_branch.h
[6.163s] -- Installing: /home/bigdavid/EPSILON_ws/install/common/include/common/lane
[6.163s] -- Installing: /home/bigdavid/EPSILON_ws/install/common/include/common/lane/lane_generator.h
[6.163s] -- Installing: /home/bigdavid/EPSILON_ws/install/common/include/common/lane/lane.h
[6.163s] -- Installing: /home/bigdavid/EPSILON_ws/install/common/include/common/idm
[6.163s] -- Installing: /home/bigdavid/EPSILON_ws/install/common/include/common/idm/intelligent_driver_model.h
[6.163s] -- Installing: /home/bigdavid/EPSILON_ws/install/common/include/common/math
[6.163s] -- Installing: /home/bigdavid/EPSILON_ws/install/common/include/common/math/poly_roots.h
[6.163s] -- Installing: /home/bigdavid/EPSILON_ws/install/common/include/common/math/calculations.h
[6.163s] -- Installing: /home/bigdavid/EPSILON_ws/install/common/include/common/visualization
[6.163s] -- Installing: /home/bigdavid/EPSILON_ws/install/common/include/common/visualization/common_visualization_util.h
[6.163s] -- Installing: /home/bigdavid/EPSILON_ws/install/common/include/common/basics
[6.164s] -- Installing: /home/bigdavid/EPSILON_ws/install/common/include/common/basics/shapes.h
[6.164s] -- Installing: /home/bigdavid/EPSILON_ws/install/common/include/common/basics/thread_pool.h
[6.164s] -- Installing: /home/bigdavid/EPSILON_ws/install/common/include/common/basics/macros.h
[6.164s] -- Installing: /home/bigdavid/EPSILON_ws/install/common/include/common/basics/tool_func.h
[6.164s] -- Installing: /home/bigdavid/EPSILON_ws/install/common/include/common/basics/config.h
[6.164s] -- Installing: /home/bigdavid/EPSILON_ws/install/common/include/common/basics/colormap.h
[6.164s] -- Installing: /home/bigdavid/EPSILON_ws/install/common/include/common/basics/semantics.h
[6.164s] -- Installing: /home/bigdavid/EPSILON_ws/install/common/include/common/basics/tic_toc.h
[6.164s] -- Installing: /home/bigdavid/EPSILON_ws/install/common/include/common/basics/basics.h
[6.164s] -- Installing: /home/bigdavid/EPSILON_ws/install/common/include/common/spline
[6.164s] -- Installing: /home/bigdavid/EPSILON_ws/install/common/include/common/spline/spline_generator.h
[6.164s] -- Installing: /home/bigdavid/EPSILON_ws/install/common/include/common/spline/lookup_table.h
[6.164s] -- Installing: /home/bigdavid/EPSILON_ws/install/common/include/common/spline/spline.h
[6.164s] -- Installing: /home/bigdavid/EPSILON_ws/install/common/include/common/spline/polynomial.h
[6.164s] -- Installing: /home/bigdavid/EPSILON_ws/install/common/include/common/spline/bezier.h
[6.164s] -- Installing: /home/bigdavid/EPSILON_ws/install/common/include/common/mobil
[6.164s] -- Installing: /home/bigdavid/EPSILON_ws/install/common/include/common/mobil/mobil_behavior_prediction.h
[6.164s] -- Installing: /home/bigdavid/EPSILON_ws/install/common/include/common/mobil/mobil_model.h
[6.164s] -- Installing: /home/bigdavid/EPSILON_ws/install/common/include/common/interface
[6.164s] -- Installing: /home/bigdavid/EPSILON_ws/install/common/include/common/interface/planner.h
[6.164s] -- Installing: /home/bigdavid/EPSILON_ws/install/common/lib/libhkust_pl_common.a
[6.164s] -- Installing: /home/bigdavid/EPSILON_ws/install/common/lib/libhkust_pl_ooqp_itf.a
[6.164s] -- Installing: /home/bigdavid/EPSILON_ws/install/common/share/common/cmake/hkust_pl_export.cmake
[6.164s] -- Installing: /home/bigdavid/EPSILON_ws/install/common/share/common/cmake/hkust_pl_export-release.cmake
[6.164s] -- Installing: /home/bigdavid/EPSILON_ws/install/common/share/common/materials
[6.164s] -- Installing: /home/bigdavid/EPSILON_ws/install/common/share/common/materials/lexus.jpg
[6.164s] -- Installing: /home/bigdavid/EPSILON_ws/install/common/share/common/materials/hexagon_sign.dae
[6.164s] -- Installing: /home/bigdavid/EPSILON_ws/install/common/share/common/materials/bmw_x5.dae
[6.169s] -- Installing: /home/bigdavid/EPSILON_ws/install/common/share/common/materials/traffic_cone.dae
[6.169s] -- Installing: /home/bigdavid/EPSILON_ws/install/common/share/common/materials/lexus.dae
[6.175s] -- Installing: /home/bigdavid/EPSILON_ws/install/common/share/ament_index/resource_index/package_run_dependencies/common
[6.175s] -- Installing: /home/bigdavid/EPSILON_ws/install/common/share/ament_index/resource_index/parent_prefix_path/common
[6.175s] -- Installing: /home/bigdavid/EPSILON_ws/install/common/share/common/environment/ament_prefix_path.sh
[6.175s] -- Installing: /home/bigdavid/EPSILON_ws/install/common/share/common/environment/ament_prefix_path.dsv
[6.175s] -- Installing: /home/bigdavid/EPSILON_ws/install/common/share/common/environment/path.sh
[6.175s] -- Installing: /home/bigdavid/EPSILON_ws/install/common/share/common/environment/path.dsv
[6.175s] -- Installing: /home/bigdavid/EPSILON_ws/install/common/share/common/local_setup.bash
[6.175s] -- Installing: /home/bigdavid/EPSILON_ws/install/common/share/common/local_setup.sh
[6.175s] -- Installing: /home/bigdavid/EPSILON_ws/install/common/share/common/local_setup.zsh
[6.175s] -- Installing: /home/bigdavid/EPSILON_ws/install/common/share/common/local_setup.dsv
[6.176s] -- Installing: /home/bigdavid/EPSILON_ws/install/common/share/common/package.dsv
[6.176s] -- Installing: /home/bigdavid/EPSILON_ws/install/common/share/ament_index/resource_index/packages/common
[6.176s] -- Installing: /home/bigdavid/EPSILON_ws/install/common/share/common/cmake/ament_cmake_export_libraries-extras.cmake
[6.176s] -- Installing: /home/bigdavid/EPSILON_ws/install/common/share/common/cmake/ament_cmake_export_dependencies-extras.cmake
[6.176s] -- Installing: /home/bigdavid/EPSILON_ws/install/common/share/common/cmake/ament_cmake_export_include_directories-extras.cmake
[6.176s] -- Installing: /home/bigdavid/EPSILON_ws/install/common/share/common/cmake/commonConfig.cmake
[6.176s] -- Installing: /home/bigdavid/EPSILON_ws/install/common/share/common/cmake/commonConfig-version.cmake
[6.176s] -- Installing: /home/bigdavid/EPSILON_ws/install/common/share/common/package.xml
[6.177s] Invoked command in '/home/bigdavid/EPSILON_ws/build/common' returned '0': CMAKE_PREFIX_PATH=/opt/ros/humble /usr/bin/cmake --install /home/bigdavid/EPSILON_ws/build/common
