-- The C compiler identification is GNU 11.4.0
-- The CXX compiler identification is GNU 11.4.0
-- Detecting C compiler ABI info
-- Detecting C compiler ABI info - done
-- Check for working C compiler: /usr/lib/ccache/gcc - skipped
-- Detecting C compile features
-- Detecting C compile features - done
-- Detecting CXX compiler ABI info
-- Detecting CXX compiler ABI info - done
-- Check for working CXX compiler: /usr/lib/ccache/g++ - skipped
-- Detecting CXX compile features
-- Detecting CXX compile features - done
-- Found ament_cmake: 1.3.12 (/opt/ros/humble/share/ament_cmake/cmake)
-- Found Python3: /usr/bin/python3 (found version "3.10.12") found components: Interpreter 
-- Found rclcpp: 16.0.15 (/opt/ros/humble/share/rclcpp/cmake)
-- Found rosidl_generator_c: 3.1.6 (/opt/ros/humble/share/rosidl_generator_c/cmake)
-- Found rosidl_adapter: 3.1.6 (/opt/ros/humble/share/rosidl_adapter/cmake)
-- Found rosidl_generator_cpp: 3.1.6 (/opt/ros/humble/share/rosidl_generator_cpp/cmake)
-- Using all available rosidl_typesupport_c: rosidl_typesupport_fastrtps_c;rosidl_typesupport_introspection_c
-- Using all available rosidl_typesupport_cpp: rosidl_typesupport_fastrtps_cpp;rosidl_typesupport_introspection_cpp
-- Found rmw_implementation_cmake: 6.1.2 (/opt/ros/humble/share/rmw_implementation_cmake/cmake)
-- Found rmw_cyclonedds_cpp: 1.3.4 (/opt/ros/humble/share/rmw_cyclonedds_cpp/cmake)
-- Using RMW implementation 'rmw_cyclonedds_cpp' as default
-- Looking for pthread.h
-- Looking for pthread.h - found
-- Performing Test CMAKE_HAVE_LIBC_PTHREAD
-- Performing Test CMAKE_HAVE_LIBC_PTHREAD - Success
-- Found Threads: TRUE  
-- Found visualization_msgs: 4.9.0 (/opt/ros/humble/share/visualization_msgs/cmake)
-- Found tf2: 0.25.16 (/opt/ros/humble/share/tf2/cmake)
-- Found tf2_ros: 0.25.16 (/opt/ros/humble/share/tf2_ros/cmake)
-- Found tf2_geometry_msgs: 0.25.16 (/opt/ros/humble/share/tf2_geometry_msgs/cmake)
-- Found eigen3_cmake_module: 0.1.1 (/opt/ros/humble/share/eigen3_cmake_module/cmake)
-- Found Eigen3: TRUE (found version "3.4.0") 
-- Ensuring Eigen3 include directory is part of orocos-kdl CMake target
-- Found Protobuf: /usr/lib/x86_64-linux-gnu/libprotobuf.so (found version "3.12.4") 
-- Found Glog: /usr/local/include  
-- Found glog    (include: /usr/local/include, library: /usr/local/lib/libglog.so)
-- Found OpenCV: /usr (found version "4.5.4") 
-- Found OOQP include dirs: /home/bigdavid/EPSILON_ws/src/EPSILON_ROS2/core/common/thirdparty/ooqp/include/ooqp
-- Found OOQP libraries: /home/bigdavid/EPSILON_ws/src/EPSILON_ROS2/core/common/thirdparty/ooqp/lib/libooqpgensparse.a;/home/bigdavid/EPSILON_ws/src/EPSILON_ROS2/core/common/thirdparty/ooqp/lib/libooqpsparse.a;/home/bigdavid/EPSILON_ws/src/EPSILON_ROS2/core/common/thirdparty/ooqp/lib/libooqpgondzio.a;/home/bigdavid/EPSILON_ws/src/EPSILON_ROS2/core/common/thirdparty/ooqp/lib/libooqpbase.a;/home/bigdavid/EPSILON_ws/src/EPSILON_ROS2/core/common/thirdparty/ooqp/lib/libma27.a;blas;gfortran
-- Found OOQP
-- Configuring done
-- Generating done
-- Build files have been written to: /home/bigdavid/EPSILON_ws/build/common
[  9%] [32mBuilding CXX object CMakeFiles/hkust_pl_ooqp_itf.dir/src/common/solver/ooqp_interface.cc.o[0m
[  9%] [32mBuilding CXX object CMakeFiles/hkust_pl_ooqp_itf.dir/src/common/solver/qp_solver.cc.o[0m
[ 13%] [32m[1mLinking CXX static library libhkust_pl_ooqp_itf.a[0m
[ 13%] Built target hkust_pl_ooqp_itf
[ 18%] [32mBuilding CXX object CMakeFiles/hkust_pl_common.dir/src/common/basics/semantics.cc.o[0m
[ 22%] [32mBuilding CXX object CMakeFiles/hkust_pl_common.dir/src/common/mobil/mobil_behavior_prediction.cc.o[0m
[ 31%] [32mBuilding CXX object CMakeFiles/hkust_pl_common.dir/src/common/mobil/mobil_model.cc.o[0m
[ 27%] [32mBuilding CXX object CMakeFiles/hkust_pl_common.dir/src/common/spline/lookup_table.cc.o[0m
[ 40%] [32mBuilding CXX object CMakeFiles/hkust_pl_common.dir/src/common/basics/colormap.cc.o[0m
[ 40%] [32mBuilding CXX object CMakeFiles/hkust_pl_common.dir/src/common/lane/lane_generator.cc.o[0m
[ 45%] [32mBuilding CXX object CMakeFiles/hkust_pl_common.dir/src/common/lane/lane.cc.o[0m
[ 50%] [32mBuilding CXX object CMakeFiles/hkust_pl_common.dir/src/common/primitive/frenet_primitive.cc.o[0m
[ 54%] [32mBuilding CXX object CMakeFiles/hkust_pl_common.dir/src/common/basics/shapes.cc.o[0m
[ 59%] [32mBuilding CXX object CMakeFiles/hkust_pl_common.dir/src/common/state/free_state.cc.o[0m
[ 63%] [32mBuilding CXX object CMakeFiles/hkust_pl_common.dir/src/common/math/calculations.cc.o[0m
[ 68%] [32mBuilding CXX object CMakeFiles/hkust_pl_common.dir/src/common/basics/tool_func.cc.o[0m
[ 72%] [32mBuilding CXX object CMakeFiles/hkust_pl_common.dir/src/common/rss/rss_checker.cc.o[0m
[ 77%] [32mBuilding CXX object CMakeFiles/hkust_pl_common.dir/src/common/idm/intelligent_driver_model.cc.o[0m
[ 81%] [32mBuilding CXX object CMakeFiles/hkust_pl_common.dir/src/common/spline/spline_generator.cc.o[0m
[ 86%] [32mBuilding CXX object CMakeFiles/hkust_pl_common.dir/src/common/state/state_transformer.cc.o[0m
[ 90%] [32mBuilding CXX object CMakeFiles/hkust_pl_common.dir/src/common/circle_arc/circle_arc.cc.o[0m
[ 95%] [32mBuilding CXX object CMakeFiles/hkust_pl_common.dir/src/common/circle_arc/circle_arc_branch.cc.o[0m
[100%] [32m[1mLinking CXX static library libhkust_pl_common.a[0m
[100%] Built target hkust_pl_common
-- Install configuration: "Release"
-- Installing: /home/bigdavid/EPSILON_ws/install/common/share/common/environment/library_path.sh
-- Installing: /home/bigdavid/EPSILON_ws/install/common/share/common/environment/library_path.dsv
-- Installing: /home/bigdavid/EPSILON_ws/install/common/include/common
-- Installing: /home/bigdavid/EPSILON_ws/install/common/include/common/state
-- Installing: /home/bigdavid/EPSILON_ws/install/common/include/common/state/state_transformer.h
-- Installing: /home/bigdavid/EPSILON_ws/install/common/include/common/state/state.h
-- Installing: /home/bigdavid/EPSILON_ws/install/common/include/common/state/waypoint.h
-- Installing: /home/bigdavid/EPSILON_ws/install/common/include/common/state/frenet_state.h
-- Installing: /home/bigdavid/EPSILON_ws/install/common/include/common/state/free_state.h
-- Installing: /home/bigdavid/EPSILON_ws/install/common/include/common/solver
-- Installing: /home/bigdavid/EPSILON_ws/install/common/include/common/solver/ooqp_interface.h
-- Installing: /home/bigdavid/EPSILON_ws/install/common/include/common/solver/qp_solver.h
-- Installing: /home/bigdavid/EPSILON_ws/install/common/include/common/rss
-- Installing: /home/bigdavid/EPSILON_ws/install/common/include/common/rss/rss_checker.h
-- Installing: /home/bigdavid/EPSILON_ws/install/common/include/common/primitive
-- Installing: /home/bigdavid/EPSILON_ws/install/common/include/common/primitive/frenet_primitive.h
-- Installing: /home/bigdavid/EPSILON_ws/install/common/include/common/trajectory
-- Installing: /home/bigdavid/EPSILON_ws/install/common/include/common/trajectory/frenet_traj.h
-- Installing: /home/bigdavid/EPSILON_ws/install/common/include/common/trajectory/frenet_primitive_traj.h
-- Installing: /home/bigdavid/EPSILON_ws/install/common/include/common/trajectory/frenet_bezier_traj.h
-- Installing: /home/bigdavid/EPSILON_ws/install/common/include/common/trajectory/trajectory.h
-- Installing: /home/bigdavid/EPSILON_ws/install/common/include/common/circle_arc
-- Installing: /home/bigdavid/EPSILON_ws/install/common/include/common/circle_arc/circle_arc.h
-- Installing: /home/bigdavid/EPSILON_ws/install/common/include/common/circle_arc/circle_arc_branch.h
-- Installing: /home/bigdavid/EPSILON_ws/install/common/include/common/lane
-- Installing: /home/bigdavid/EPSILON_ws/install/common/include/common/lane/lane_generator.h
-- Installing: /home/bigdavid/EPSILON_ws/install/common/include/common/lane/lane.h
-- Installing: /home/bigdavid/EPSILON_ws/install/common/include/common/idm
-- Installing: /home/bigdavid/EPSILON_ws/install/common/include/common/idm/intelligent_driver_model.h
-- Installing: /home/bigdavid/EPSILON_ws/install/common/include/common/math
-- Installing: /home/bigdavid/EPSILON_ws/install/common/include/common/math/poly_roots.h
-- Installing: /home/bigdavid/EPSILON_ws/install/common/include/common/math/calculations.h
-- Installing: /home/bigdavid/EPSILON_ws/install/common/include/common/visualization
-- Installing: /home/bigdavid/EPSILON_ws/install/common/include/common/visualization/common_visualization_util.h
-- Installing: /home/bigdavid/EPSILON_ws/install/common/include/common/basics
-- Installing: /home/bigdavid/EPSILON_ws/install/common/include/common/basics/shapes.h
-- Installing: /home/bigdavid/EPSILON_ws/install/common/include/common/basics/thread_pool.h
-- Installing: /home/bigdavid/EPSILON_ws/install/common/include/common/basics/macros.h
-- Installing: /home/bigdavid/EPSILON_ws/install/common/include/common/basics/tool_func.h
-- Installing: /home/bigdavid/EPSILON_ws/install/common/include/common/basics/config.h
-- Installing: /home/bigdavid/EPSILON_ws/install/common/include/common/basics/colormap.h
-- Installing: /home/bigdavid/EPSILON_ws/install/common/include/common/basics/semantics.h
-- Installing: /home/bigdavid/EPSILON_ws/install/common/include/common/basics/tic_toc.h
-- Installing: /home/bigdavid/EPSILON_ws/install/common/include/common/basics/basics.h
-- Installing: /home/bigdavid/EPSILON_ws/install/common/include/common/spline
-- Installing: /home/bigdavid/EPSILON_ws/install/common/include/common/spline/spline_generator.h
-- Installing: /home/bigdavid/EPSILON_ws/install/common/include/common/spline/lookup_table.h
-- Installing: /home/bigdavid/EPSILON_ws/install/common/include/common/spline/spline.h
-- Installing: /home/bigdavid/EPSILON_ws/install/common/include/common/spline/polynomial.h
-- Installing: /home/bigdavid/EPSILON_ws/install/common/include/common/spline/bezier.h
-- Installing: /home/bigdavid/EPSILON_ws/install/common/include/common/mobil
-- Installing: /home/bigdavid/EPSILON_ws/install/common/include/common/mobil/mobil_behavior_prediction.h
-- Installing: /home/bigdavid/EPSILON_ws/install/common/include/common/mobil/mobil_model.h
-- Installing: /home/bigdavid/EPSILON_ws/install/common/include/common/interface
-- Installing: /home/bigdavid/EPSILON_ws/install/common/include/common/interface/planner.h
-- Installing: /home/bigdavid/EPSILON_ws/install/common/lib/libhkust_pl_common.a
-- Installing: /home/bigdavid/EPSILON_ws/install/common/lib/libhkust_pl_ooqp_itf.a
-- Installing: /home/bigdavid/EPSILON_ws/install/common/share/common/cmake/hkust_pl_export.cmake
-- Installing: /home/bigdavid/EPSILON_ws/install/common/share/common/cmake/hkust_pl_export-release.cmake
-- Installing: /home/bigdavid/EPSILON_ws/install/common/share/common/materials
-- Installing: /home/bigdavid/EPSILON_ws/install/common/share/common/materials/lexus.jpg
-- Installing: /home/bigdavid/EPSILON_ws/install/common/share/common/materials/hexagon_sign.dae
-- Installing: /home/bigdavid/EPSILON_ws/install/common/share/common/materials/bmw_x5.dae
-- Installing: /home/bigdavid/EPSILON_ws/install/common/share/common/materials/traffic_cone.dae
-- Installing: /home/bigdavid/EPSILON_ws/install/common/share/common/materials/lexus.dae
-- Installing: /home/bigdavid/EPSILON_ws/install/common/share/ament_index/resource_index/package_run_dependencies/common
-- Installing: /home/bigdavid/EPSILON_ws/install/common/share/ament_index/resource_index/parent_prefix_path/common
-- Installing: /home/bigdavid/EPSILON_ws/install/common/share/common/environment/ament_prefix_path.sh
-- Installing: /home/bigdavid/EPSILON_ws/install/common/share/common/environment/ament_prefix_path.dsv
-- Installing: /home/bigdavid/EPSILON_ws/install/common/share/common/environment/path.sh
-- Installing: /home/bigdavid/EPSILON_ws/install/common/share/common/environment/path.dsv
-- Installing: /home/bigdavid/EPSILON_ws/install/common/share/common/local_setup.bash
-- Installing: /home/bigdavid/EPSILON_ws/install/common/share/common/local_setup.sh
-- Installing: /home/bigdavid/EPSILON_ws/install/common/share/common/local_setup.zsh
-- Installing: /home/bigdavid/EPSILON_ws/install/common/share/common/local_setup.dsv
-- Installing: /home/bigdavid/EPSILON_ws/install/common/share/common/package.dsv
-- Installing: /home/bigdavid/EPSILON_ws/install/common/share/ament_index/resource_index/packages/common
-- Installing: /home/bigdavid/EPSILON_ws/install/common/share/common/cmake/ament_cmake_export_libraries-extras.cmake
-- Installing: /home/bigdavid/EPSILON_ws/install/common/share/common/cmake/ament_cmake_export_dependencies-extras.cmake
-- Installing: /home/bigdavid/EPSILON_ws/install/common/share/common/cmake/ament_cmake_export_include_directories-extras.cmake
-- Installing: /home/bigdavid/EPSILON_ws/install/common/share/common/cmake/commonConfig.cmake
-- Installing: /home/bigdavid/EPSILON_ws/install/common/share/common/cmake/commonConfig-version.cmake
-- Installing: /home/bigdavid/EPSILON_ws/install/common/share/common/package.xml
