[35m[1mConsolidate compiler generated dependencies of target test_ssc_with_mpdm[0m
[ 25%] [32mBuilding CXX object CMakeFiles/test_ssc_with_mpdm.dir/src/test_ssc_with_mpdm.cc.o[0m
[ 50%] [32m[1mLinking CXX executable test_ssc_with_eudm[0m
[ 75%] Built target test_ssc_with_eudm
In file included from [01m[K/home/bigdavid/EPSILON_ws/src/EPSILON_ROS2/app/planning_integrated/src/test_ssc_with_mpdm.cc:9[m[K:
[01m[K/home/bigdavid/EPSILON_ws/install/semantic_map_manager/include/semantic_map_manager/ros_adapter.h:[m[K In constructor ‘[01m[Ksemantic_map_manager::RosAdapter::RosAdapter(std::shared_ptr<rclcpp::Node>, semantic_map_manager::SemanticMapManager*)[m[K’:
[01m[K/home/bigdavid/EPSILON_ws/install/semantic_map_manager/include/semantic_map_manager/ros_adapter.h:59:23:[m[K [01;35m[Kwarning: [m[K‘[01m[Ksemantic_map_manager::RosAdapter::p_smm_[m[K’ will be initialized after [[01;35m[K-Wreorder[m[K]
   59 |   SemanticMapManager* [01;35m[Kp_smm_[m[K;
      |                       [01;35m[K^~~~~~[m[K
[01m[K/home/bigdavid/EPSILON_ws/install/semantic_map_manager/include/semantic_map_manager/ros_adapter.h:58:17:[m[K [01;35m[Kwarning: [m[K  ‘[01m[Ksemantic_map_manager::DataRenderer* semantic_map_manager::RosAdapter::p_data_renderer_[m[K’ [[01;35m[K-Wreorder[m[K]
   58 |   DataRenderer* [01;35m[Kp_data_renderer_[m[K;
      |                 [01;35m[K^~~~~~~~~~~~~~~~[m[K
[01m[K/home/bigdavid/EPSILON_ws/install/semantic_map_manager/include/semantic_map_manager/ros_adapter.h:26:3:[m[K [01;35m[Kwarning: [m[K  when initialized here [[01;35m[K-Wreorder[m[K]
   26 |   [01;35m[KRosAdapter[m[K(std::shared_ptr<rclcpp::Node> node, SemanticMapManager* ptr_smm)
      |   [01;35m[K^~~~~~~~~~[m[K
In file included from [01m[K/home/bigdavid/EPSILON_ws/install/common/include/common/spline/spline_generator.h:17[m[K,
                 from [01m[K/home/bigdavid/EPSILON_ws/install/ssc_planner/include/ssc_planner/ssc_planner.h:21[m[K,
                 from [01m[K/home/bigdavid/EPSILON_ws/install/ssc_planner/include/ssc_planner/ssc_server_ros.h:21[m[K,
                 from [01m[K/home/bigdavid/EPSILON_ws/src/EPSILON_ROS2/app/planning_integrated/src/test_ssc_with_mpdm.cc:12[m[K:
[01m[K/home/bigdavid/EPSILON_ws/src/EPSILON_ROS2/core/common/thirdparty/tk_spline/spline.h:[m[K At global scope:
[01m[K/home/bigdavid/EPSILON_ws/src/EPSILON_ROS2/core/common/thirdparty/tk_spline/spline.h:371:8:[m[K [01;35m[Kwarning: [m[K‘[01m[Kdouble {anonymous}::tk::spline::get_coeff(int, int) const[m[K’ defined but not used [[01;35m[K-Wunused-function[m[K]
  371 | double [01;35m[Kspline[m[K::get_coeff(int n, int j) const {
      |        [01;35m[K^~~~~~[m[K
[01m[K/home/bigdavid/EPSILON_ws/src/EPSILON_ROS2/core/common/thirdparty/tk_spline/spline.h:369:5:[m[K [01;35m[Kwarning: [m[K‘[01m[Kint {anonymous}::tk::spline::num_pts() const[m[K’ defined but not used [[01;35m[K-Wunused-function[m[K]
  369 | int [01;35m[Kspline[m[K::num_pts() const { return m_a.size(); }
      |     [01;35m[K^~~~~~[m[K
[01m[K/home/bigdavid/EPSILON_ws/src/EPSILON_ROS2/core/common/thirdparty/tk_spline/spline.h:347:8:[m[K [01;35m[Kwarning: [m[K‘[01m[Kdouble {anonymous}::tk::spline::operator()(double) const[m[K’ defined but not used [[01;35m[K-Wunused-function[m[K]
  347 | double [01;35m[Kspline[m[K::operator()(double x) const {
      |        [01;35m[K^~~~~~[m[K
[01m[K/home/bigdavid/EPSILON_ws/src/EPSILON_ROS2/core/common/thirdparty/tk_spline/spline.h:255:6:[m[K [01;35m[Kwarning: [m[K‘[01m[Kvoid {anonymous}::tk::spline::set_points(const std::vector<double, std::allocator<double> >&, const std::vector<double, std::allocator<double> >&, bool)[m[K’ defined but not used [[01;35m[K-Wunused-function[m[K]
  255 | void [01;35m[Kspline[m[K::set_points(const std::vector<double>& x,
      |      [01;35m[K^~~~~~[m[K
[01m[K/home/bigdavid/EPSILON_ws/src/EPSILON_ROS2/core/common/thirdparty/tk_spline/spline.h:244:6:[m[K [01;35m[Kwarning: [m[K‘[01m[Kvoid {anonymous}::tk::spline::set_boundary({anonymous}::tk::spline::bd_type, double, {anonymous}::tk::spline::bd_type, double, bool)[m[K’ defined but not used [[01;35m[K-Wunused-function[m[K]
  244 | void [01;35m[Kspline[m[K::set_boundary(spline::bd_type left, double left_value,
      |      [01;35m[K^~~~~~[m[K
[100%] [32m[1mLinking CXX executable test_ssc_with_mpdm[0m
[100%] Built target test_ssc_with_mpdm
-- Install configuration: "Release"
-- Installing: /home/bigdavid/EPSILON_ws/install/planning_integrated/lib/planning_integrated/test_ssc_with_mpdm
-- Set runtime path of "/home/bigdavid/EPSILON_ws/install/planning_integrated/lib/planning_integrated/test_ssc_with_mpdm" to ""
-- Installing: /home/bigdavid/EPSILON_ws/install/planning_integrated/lib/planning_integrated/test_ssc_with_eudm
-- Set runtime path of "/home/bigdavid/EPSILON_ws/install/planning_integrated/lib/planning_integrated/test_ssc_with_eudm" to ""
-- Up-to-date: /home/bigdavid/EPSILON_ws/install/planning_integrated/share/planning_integrated/launch
-- Up-to-date: /home/bigdavid/EPSILON_ws/install/planning_integrated/share/planning_integrated/launch/test_ssc_with_eudm_ros.launch
-- Up-to-date: /home/bigdavid/EPSILON_ws/install/planning_integrated/share/planning_integrated/launch/test_ssc_with_mpdm_ros.launch
-- Up-to-date: /home/bigdavid/EPSILON_ws/install/planning_integrated/share/planning_integrated/launch/test_ssc_with_mpdm_ros_launch.py
-- Up-to-date: /home/bigdavid/EPSILON_ws/install/planning_integrated/share/planning_integrated/launch/test_ssc_with_eudm_ros_launch.py
-- Up-to-date: /home/bigdavid/EPSILON_ws/install/planning_integrated/share/ament_index/resource_index/package_run_dependencies/planning_integrated
-- Up-to-date: /home/bigdavid/EPSILON_ws/install/planning_integrated/share/ament_index/resource_index/parent_prefix_path/planning_integrated
-- Up-to-date: /home/bigdavid/EPSILON_ws/install/planning_integrated/share/planning_integrated/environment/ament_prefix_path.sh
-- Up-to-date: /home/bigdavid/EPSILON_ws/install/planning_integrated/share/planning_integrated/environment/ament_prefix_path.dsv
-- Up-to-date: /home/bigdavid/EPSILON_ws/install/planning_integrated/share/planning_integrated/environment/path.sh
-- Up-to-date: /home/bigdavid/EPSILON_ws/install/planning_integrated/share/planning_integrated/environment/path.dsv
-- Up-to-date: /home/bigdavid/EPSILON_ws/install/planning_integrated/share/planning_integrated/local_setup.bash
-- Up-to-date: /home/bigdavid/EPSILON_ws/install/planning_integrated/share/planning_integrated/local_setup.sh
-- Up-to-date: /home/bigdavid/EPSILON_ws/install/planning_integrated/share/planning_integrated/local_setup.zsh
-- Up-to-date: /home/bigdavid/EPSILON_ws/install/planning_integrated/share/planning_integrated/local_setup.dsv
-- Installing: /home/bigdavid/EPSILON_ws/install/planning_integrated/share/planning_integrated/package.dsv
-- Up-to-date: /home/bigdavid/EPSILON_ws/install/planning_integrated/share/ament_index/resource_index/packages/planning_integrated
-- Up-to-date: /home/bigdavid/EPSILON_ws/install/planning_integrated/share/planning_integrated/cmake/ament_cmake_export_dependencies-extras.cmake
-- Up-to-date: /home/bigdavid/EPSILON_ws/install/planning_integrated/share/planning_integrated/cmake/ament_cmake_export_include_directories-extras.cmake
-- Up-to-date: /home/bigdavid/EPSILON_ws/install/planning_integrated/share/planning_integrated/cmake/planning_integratedConfig.cmake
-- Up-to-date: /home/bigdavid/EPSILON_ws/install/planning_integrated/share/planning_integrated/cmake/planning_integratedConfig-version.cmake
-- Up-to-date: /home/bigdavid/EPSILON_ws/install/planning_integrated/share/planning_integrated/package.xml
