[0.047s] Invoking command in '/home/bigdavid/EPSILON_ws/build/eudm_planner': AMENT_PREFIX_PATH=/home/bigdavid/EPSILON_ws/install/route_planner:/home/bigdavid/EPSILON_ws/install/semantic_map_manager:/home/bigdavid/EPSILON_ws/install/motion_predictor:/home/bigdavid/EPSILON_ws/install/forward_simulator:/home/bigdavid/EPSILON_ws/install/vehicle_msgs:/home/bigdavid/EPSILON_ws/install/vehicle_model:/home/bigdavid/EPSILON_ws/install/common:${AMENT_PREFIX_PATH} CMAKE_PREFIX_PATH=/home/bigdavid/EPSILON_ws/install/route_planner:/home/bigdavid/EPSILON_ws/install/semantic_map_manager:/home/bigdavid/EPSILON_ws/install/motion_predictor:/home/bigdavid/EPSILON_ws/install/forward_simulator:/home/bigdavid/EPSILON_ws/install/vehicle_msgs:/home/bigdavid/EPSILON_ws/install/vehicle_model:/home/bigdavid/EPSILON_ws/install/common:/opt/ros/humble LD_LIBRARY_PATH=/home/bigdavid/EPSILON_ws/install/route_planner/lib:/home/bigdavid/EPSILON_ws/install/semantic_map_manager/lib:/home/bigdavid/EPSILON_ws/install/motion_predictor/lib:/home/bigdavid/EPSILON_ws/install/forward_simulator/lib:/home/bigdavid/EPSILON_ws/install/vehicle_msgs/lib:/home/bigdavid/EPSILON_ws/install/vehicle_model/lib:/home/bigdavid/EPSILON_ws/install/common/lib:/usr/local/lib:/usr/lib/x86_64-linux-gnu/gazebo-11/plugins:/opt/ros/humble/opt/rviz_ogre_vendor/lib:/opt/ros/humble/lib/x86_64-linux-gnu:/opt/ros/humble/lib:/usr/local/cuda/lib64 PYTHONPATH=/home/bigdavid/EPSILON_ws/install/vehicle_msgs/local/lib/python3.10/dist-packages:${PYTHONPATH} /usr/bin/cmake --build /home/bigdavid/EPSILON_ws/build/eudm_planner -- -j32 -l32
[0.122s] [35m[1mConsolidate compiler generated dependencies of target hkust_pl_eudm[0m
[0.174s] [ 77%] Built target hkust_pl_eudm
[0.202s] [35m[1mConsolidate compiler generated dependencies of target hkust_eudm_ros[0m
[0.238s] [100%] Built target hkust_eudm_ros
[0.255s] Invoked command in '/home/bigdavid/EPSILON_ws/build/eudm_planner' returned '0': AMENT_PREFIX_PATH=/home/bigdavid/EPSILON_ws/install/route_planner:/home/bigdavid/EPSILON_ws/install/semantic_map_manager:/home/bigdavid/EPSILON_ws/install/motion_predictor:/home/bigdavid/EPSILON_ws/install/forward_simulator:/home/bigdavid/EPSILON_ws/install/vehicle_msgs:/home/bigdavid/EPSILON_ws/install/vehicle_model:/home/bigdavid/EPSILON_ws/install/common:${AMENT_PREFIX_PATH} CMAKE_PREFIX_PATH=/home/bigdavid/EPSILON_ws/install/route_planner:/home/bigdavid/EPSILON_ws/install/semantic_map_manager:/home/bigdavid/EPSILON_ws/install/motion_predictor:/home/bigdavid/EPSILON_ws/install/forward_simulator:/home/bigdavid/EPSILON_ws/install/vehicle_msgs:/home/bigdavid/EPSILON_ws/install/vehicle_model:/home/bigdavid/EPSILON_ws/install/common:/opt/ros/humble LD_LIBRARY_PATH=/home/bigdavid/EPSILON_ws/install/route_planner/lib:/home/bigdavid/EPSILON_ws/install/semantic_map_manager/lib:/home/bigdavid/EPSILON_ws/install/motion_predictor/lib:/home/bigdavid/EPSILON_ws/install/forward_simulator/lib:/home/bigdavid/EPSILON_ws/install/vehicle_msgs/lib:/home/bigdavid/EPSILON_ws/install/vehicle_model/lib:/home/bigdavid/EPSILON_ws/install/common/lib:/usr/local/lib:/usr/lib/x86_64-linux-gnu/gazebo-11/plugins:/opt/ros/humble/opt/rviz_ogre_vendor/lib:/opt/ros/humble/lib/x86_64-linux-gnu:/opt/ros/humble/lib:/usr/local/cuda/lib64 PYTHONPATH=/home/bigdavid/EPSILON_ws/install/vehicle_msgs/local/lib/python3.10/dist-packages:${PYTHONPATH} /usr/bin/cmake --build /home/bigdavid/EPSILON_ws/build/eudm_planner -- -j32 -l32
[0.260s] Invoking command in '/home/bigdavid/EPSILON_ws/build/eudm_planner': AMENT_PREFIX_PATH=/home/bigdavid/EPSILON_ws/install/route_planner:/home/bigdavid/EPSILON_ws/install/semantic_map_manager:/home/bigdavid/EPSILON_ws/install/motion_predictor:/home/bigdavid/EPSILON_ws/install/forward_simulator:/home/bigdavid/EPSILON_ws/install/vehicle_msgs:/home/bigdavid/EPSILON_ws/install/vehicle_model:/home/bigdavid/EPSILON_ws/install/common:${AMENT_PREFIX_PATH} CMAKE_PREFIX_PATH=/home/bigdavid/EPSILON_ws/install/route_planner:/home/bigdavid/EPSILON_ws/install/semantic_map_manager:/home/bigdavid/EPSILON_ws/install/motion_predictor:/home/bigdavid/EPSILON_ws/install/forward_simulator:/home/bigdavid/EPSILON_ws/install/vehicle_msgs:/home/bigdavid/EPSILON_ws/install/vehicle_model:/home/bigdavid/EPSILON_ws/install/common:/opt/ros/humble LD_LIBRARY_PATH=/home/bigdavid/EPSILON_ws/install/route_planner/lib:/home/bigdavid/EPSILON_ws/install/semantic_map_manager/lib:/home/bigdavid/EPSILON_ws/install/motion_predictor/lib:/home/bigdavid/EPSILON_ws/install/forward_simulator/lib:/home/bigdavid/EPSILON_ws/install/vehicle_msgs/lib:/home/bigdavid/EPSILON_ws/install/vehicle_model/lib:/home/bigdavid/EPSILON_ws/install/common/lib:/usr/local/lib:/usr/lib/x86_64-linux-gnu/gazebo-11/plugins:/opt/ros/humble/opt/rviz_ogre_vendor/lib:/opt/ros/humble/lib/x86_64-linux-gnu:/opt/ros/humble/lib:/usr/local/cuda/lib64 PYTHONPATH=/home/bigdavid/EPSILON_ws/install/vehicle_msgs/local/lib/python3.10/dist-packages:${PYTHONPATH} /usr/bin/cmake --install /home/bigdavid/EPSILON_ws/build/eudm_planner
[0.271s] -- Install configuration: "Release"
[0.272s] -- Up-to-date: /home/bigdavid/EPSILON_ws/install/eudm_planner/share/eudm_planner/config
[0.272s] -- Up-to-date: /home/bigdavid/EPSILON_ws/install/eudm_planner/share/eudm_planner/config/eudm_config.pb.txt
[0.272s] -- Up-to-date: /home/bigdavid/EPSILON_ws/install/eudm_planner/share/eudm_planner/environment/library_path.sh
[0.273s] -- Up-to-date: /home/bigdavid/EPSILON_ws/install/eudm_planner/share/eudm_planner/environment/library_path.dsv
[0.273s] -- Up-to-date: /home/bigdavid/EPSILON_ws/install/eudm_planner/lib/libhkust_pl_eudm.a
[0.273s] -- Up-to-date: /home/bigdavid/EPSILON_ws/install/eudm_planner/lib/libhkust_eudm_ros.a
[0.274s] -- Up-to-date: /home/bigdavid/EPSILON_ws/install/eudm_planner/include
[0.274s] -- Up-to-date: /home/bigdavid/EPSILON_ws/install/eudm_planner/include/eudm_planner
[0.275s] -- Up-to-date: /home/bigdavid/EPSILON_ws/install/eudm_planner/include/eudm_planner/eudm_itf.h
[0.275s] -- Up-to-date: /home/bigdavid/EPSILON_ws/install/eudm_planner/include/eudm_planner/dcp_tree.h
[0.275s] -- Up-to-date: /home/bigdavid/EPSILON_ws/install/eudm_planner/include/eudm_planner/eudm_planner.h
[0.276s] -- Up-to-date: /home/bigdavid/EPSILON_ws/install/eudm_planner/include/eudm_planner/map_interface.h
[0.276s] -- Up-to-date: /home/bigdavid/EPSILON_ws/install/eudm_planner/include/eudm_planner/eudm_manager.h
[0.276s] -- Up-to-date: /home/bigdavid/EPSILON_ws/install/eudm_planner/include/eudm_planner/map_adapter.h
[0.276s] -- Up-to-date: /home/bigdavid/EPSILON_ws/install/eudm_planner/include/eudm_planner/eudm_server_ros.h
[0.276s] -- Up-to-date: /home/bigdavid/EPSILON_ws/install/eudm_planner/include/eudm_planner/visualizer.h
[0.276s] -- Up-to-date: /home/bigdavid/EPSILON_ws/install/eudm_planner/share/ament_index/resource_index/package_run_dependencies/eudm_planner
[0.276s] -- Up-to-date: /home/bigdavid/EPSILON_ws/install/eudm_planner/share/ament_index/resource_index/parent_prefix_path/eudm_planner
[0.276s] -- Up-to-date: /home/bigdavid/EPSILON_ws/install/eudm_planner/share/eudm_planner/environment/ament_prefix_path.sh
[0.276s] -- Up-to-date: /home/bigdavid/EPSILON_ws/install/eudm_planner/share/eudm_planner/environment/ament_prefix_path.dsv
[0.277s] -- Up-to-date: /home/bigdavid/EPSILON_ws/install/eudm_planner/share/eudm_planner/environment/path.sh
[0.277s] -- Up-to-date: /home/bigdavid/EPSILON_ws/install/eudm_planner/share/eudm_planner/environment/path.dsv
[0.277s] -- Up-to-date: /home/bigdavid/EPSILON_ws/install/eudm_planner/share/eudm_planner/local_setup.bash
[0.277s] -- Up-to-date: /home/bigdavid/EPSILON_ws/install/eudm_planner/share/eudm_planner/local_setup.sh
[0.277s] -- Up-to-date: /home/bigdavid/EPSILON_ws/install/eudm_planner/share/eudm_planner/local_setup.zsh
[0.277s] -- Up-to-date: /home/bigdavid/EPSILON_ws/install/eudm_planner/share/eudm_planner/local_setup.dsv
[0.277s] -- Installing: /home/bigdavid/EPSILON_ws/install/eudm_planner/share/eudm_planner/package.dsv
[0.277s] -- Up-to-date: /home/bigdavid/EPSILON_ws/install/eudm_planner/share/ament_index/resource_index/packages/eudm_planner
[0.277s] -- Up-to-date: /home/bigdavid/EPSILON_ws/install/eudm_planner/share/eudm_planner/cmake/ament_cmake_export_libraries-extras.cmake
[0.277s] -- Up-to-date: /home/bigdavid/EPSILON_ws/install/eudm_planner/share/eudm_planner/cmake/ament_cmake_export_dependencies-extras.cmake
[0.277s] -- Up-to-date: /home/bigdavid/EPSILON_ws/install/eudm_planner/share/eudm_planner/cmake/ament_cmake_export_include_directories-extras.cmake
[0.277s] -- Up-to-date: /home/bigdavid/EPSILON_ws/install/eudm_planner/share/eudm_planner/cmake/eudm_plannerConfig.cmake
[0.277s] -- Up-to-date: /home/bigdavid/EPSILON_ws/install/eudm_planner/share/eudm_planner/cmake/eudm_plannerConfig-version.cmake
[0.277s] -- Up-to-date: /home/bigdavid/EPSILON_ws/install/eudm_planner/share/eudm_planner/package.xml
[0.278s] Invoked command in '/home/bigdavid/EPSILON_ws/build/eudm_planner' returned '0': AMENT_PREFIX_PATH=/home/bigdavid/EPSILON_ws/install/route_planner:/home/bigdavid/EPSILON_ws/install/semantic_map_manager:/home/bigdavid/EPSILON_ws/install/motion_predictor:/home/bigdavid/EPSILON_ws/install/forward_simulator:/home/bigdavid/EPSILON_ws/install/vehicle_msgs:/home/bigdavid/EPSILON_ws/install/vehicle_model:/home/bigdavid/EPSILON_ws/install/common:${AMENT_PREFIX_PATH} CMAKE_PREFIX_PATH=/home/bigdavid/EPSILON_ws/install/route_planner:/home/bigdavid/EPSILON_ws/install/semantic_map_manager:/home/bigdavid/EPSILON_ws/install/motion_predictor:/home/bigdavid/EPSILON_ws/install/forward_simulator:/home/bigdavid/EPSILON_ws/install/vehicle_msgs:/home/bigdavid/EPSILON_ws/install/vehicle_model:/home/bigdavid/EPSILON_ws/install/common:/opt/ros/humble LD_LIBRARY_PATH=/home/bigdavid/EPSILON_ws/install/route_planner/lib:/home/bigdavid/EPSILON_ws/install/semantic_map_manager/lib:/home/bigdavid/EPSILON_ws/install/motion_predictor/lib:/home/bigdavid/EPSILON_ws/install/forward_simulator/lib:/home/bigdavid/EPSILON_ws/install/vehicle_msgs/lib:/home/bigdavid/EPSILON_ws/install/vehicle_model/lib:/home/bigdavid/EPSILON_ws/install/common/lib:/usr/local/lib:/usr/lib/x86_64-linux-gnu/gazebo-11/plugins:/opt/ros/humble/opt/rviz_ogre_vendor/lib:/opt/ros/humble/lib/x86_64-linux-gnu:/opt/ros/humble/lib:/usr/local/cuda/lib64 PYTHONPATH=/home/bigdavid/EPSILON_ws/install/vehicle_msgs/local/lib/python3.10/dist-packages:${PYTHONPATH} /usr/bin/cmake --install /home/bigdavid/EPSILON_ws/build/eudm_planner
