[0.032s] Invoking command in '/home/bigdavid/EPSILON_ws/build/planning_integrated': AMENT_PREFIX_PATH=/home/bigdavid/EPSILON_ws/install/eudm_planner:/home/bigdavid/EPSILON_ws/install/behavior_planner:/home/bigdavid/EPSILON_ws/install/ssc_planner:/home/bigdavid/EPSILON_ws/install/route_planner:/home/bigdavid/EPSILON_ws/install/semantic_map_manager:/home/bigdavid/EPSILON_ws/install/motion_predictor:/home/bigdavid/EPSILON_ws/install/forward_simulator:/home/bigdavid/EPSILON_ws/install/vehicle_msgs:/home/bigdavid/EPSILON_ws/install/vehicle_model:/home/bigdavid/EPSILON_ws/install/common:${AMENT_PREFIX_PATH} CMAKE_PREFIX_PATH=/home/bigdavid/EPSILON_ws/install/eudm_planner:/home/bigdavid/EPSILON_ws/install/behavior_planner:/home/bigdavid/EPSILON_ws/install/ssc_planner:/home/bigdavid/EPSILON_ws/install/route_planner:/home/bigdavid/EPSILON_ws/install/semantic_map_manager:/home/bigdavid/EPSILON_ws/install/motion_predictor:/home/bigdavid/EPSILON_ws/install/forward_simulator:/home/bigdavid/EPSILON_ws/install/vehicle_msgs:/home/bigdavid/EPSILON_ws/install/vehicle_model:/home/bigdavid/EPSILON_ws/install/common:/opt/ros/humble LD_LIBRARY_PATH=/home/bigdavid/EPSILON_ws/install/eudm_planner/lib:/home/bigdavid/EPSILON_ws/install/behavior_planner/lib:/home/bigdavid/EPSILON_ws/install/ssc_planner/lib:/home/bigdavid/EPSILON_ws/install/route_planner/lib:/home/bigdavid/EPSILON_ws/install/semantic_map_manager/lib:/home/bigdavid/EPSILON_ws/install/motion_predictor/lib:/home/bigdavid/EPSILON_ws/install/forward_simulator/lib:/home/bigdavid/EPSILON_ws/install/vehicle_msgs/lib:/home/bigdavid/EPSILON_ws/install/vehicle_model/lib:/home/bigdavid/EPSILON_ws/install/common/lib:/usr/local/lib:/usr/lib/x86_64-linux-gnu/gazebo-11/plugins:/opt/ros/humble/opt/rviz_ogre_vendor/lib:/opt/ros/humble/lib/x86_64-linux-gnu:/opt/ros/humble/lib:/usr/local/cuda/lib64 PYTHONPATH=/home/bigdavid/EPSILON_ws/install/vehicle_msgs/local/lib/python3.10/dist-packages:${PYTHONPATH} /usr/bin/cmake --build /home/bigdavid/EPSILON_ws/build/planning_integrated -- -j32 -l32
[0.087s] [35m[1mConsolidate compiler generated dependencies of target test_ssc_with_mpdm[0m
[0.101s] [35m[1mConsolidate compiler generated dependencies of target test_ssc_with_eudm[0m
[0.127s] [ 25%] [32mBuilding CXX object CMakeFiles/test_ssc_with_mpdm.dir/src/test_ssc_with_mpdm.cc.o[0m
[0.146s] [ 50%] [32mBuilding CXX object CMakeFiles/test_ssc_with_eudm.dir/src/test_ssc_with_eudm.cc.o[0m
[9.656s] In file included from [01m[K/home/bigdavid/EPSILON_ws/src/EPSILON_ROS2/app/planning_integrated/src/test_ssc_with_mpdm.cc:9[m[K:
[9.656s] [01m[K/home/bigdavid/EPSILON_ws/install/semantic_map_manager/include/semantic_map_manager/ros_adapter.h:[m[K In constructor ‘[01m[Ksemantic_map_manager::RosAdapter::RosAdapter(std::shared_ptr<rclcpp::Node>, semantic_map_manager::SemanticMapManager*)[m[K’:
[9.656s] [01m[K/home/bigdavid/EPSILON_ws/install/semantic_map_manager/include/semantic_map_manager/ros_adapter.h:59:23:[m[K [01;35m[Kwarning: [m[K‘[01m[Ksemantic_map_manager::RosAdapter::p_smm_[m[K’ will be initialized after [[01;35m[K-Wreorder[m[K]
[9.656s]    59 |   SemanticMapManager* [01;35m[Kp_smm_[m[K;
[9.656s]       |                       [01;35m[K^~~~~~[m[K
[9.656s] [01m[K/home/bigdavid/EPSILON_ws/install/semantic_map_manager/include/semantic_map_manager/ros_adapter.h:58:17:[m[K [01;35m[Kwarning: [m[K  ‘[01m[Ksemantic_map_manager::DataRenderer* semantic_map_manager::RosAdapter::p_data_renderer_[m[K’ [[01;35m[K-Wreorder[m[K]
[9.656s]    58 |   DataRenderer* [01;35m[Kp_data_renderer_[m[K;
[9.656s]       |                 [01;35m[K^~~~~~~~~~~~~~~~[m[K
[9.656s] [01m[K/home/bigdavid/EPSILON_ws/install/semantic_map_manager/include/semantic_map_manager/ros_adapter.h:26:3:[m[K [01;35m[Kwarning: [m[K  when initialized here [[01;35m[K-Wreorder[m[K]
[9.656s]    26 |   [01;35m[KRosAdapter[m[K(std::shared_ptr<rclcpp::Node> node, SemanticMapManager* ptr_smm)
[9.656s]       |   [01;35m[K^~~~~~~~~~[m[K
[9.656s] In file included from [01m[K/home/bigdavid/EPSILON_ws/install/common/include/common/spline/spline_generator.h:17[m[K,
[9.657s]                  from [01m[K/home/bigdavid/EPSILON_ws/install/ssc_planner/include/ssc_planner/ssc_planner.h:21[m[K,
[9.657s]                  from [01m[K/home/bigdavid/EPSILON_ws/install/ssc_planner/include/ssc_planner/ssc_server_ros.h:21[m[K,
[9.657s]                  from [01m[K/home/bigdavid/EPSILON_ws/src/EPSILON_ROS2/app/planning_integrated/src/test_ssc_with_mpdm.cc:12[m[K:
[9.657s] [01m[K/home/bigdavid/EPSILON_ws/src/EPSILON_ROS2/core/common/thirdparty/tk_spline/spline.h:[m[K At global scope:
[9.657s] [01m[K/home/bigdavid/EPSILON_ws/src/EPSILON_ROS2/core/common/thirdparty/tk_spline/spline.h:371:8:[m[K [01;35m[Kwarning: [m[K‘[01m[Kdouble {anonymous}::tk::spline::get_coeff(int, int) const[m[K’ defined but not used [[01;35m[K-Wunused-function[m[K]
[9.657s]   371 | double [01;35m[Kspline[m[K::get_coeff(int n, int j) const {
[9.657s]       |        [01;35m[K^~~~~~[m[K
[9.657s] [01m[K/home/bigdavid/EPSILON_ws/src/EPSILON_ROS2/core/common/thirdparty/tk_spline/spline.h:369:5:[m[K [01;35m[Kwarning: [m[K‘[01m[Kint {anonymous}::tk::spline::num_pts() const[m[K’ defined but not used [[01;35m[K-Wunused-function[m[K]
[9.657s]   369 | int [01;35m[Kspline[m[K::num_pts() const { return m_a.size(); }
[9.657s]       |     [01;35m[K^~~~~~[m[K
[9.657s] [01m[K/home/bigdavid/EPSILON_ws/src/EPSILON_ROS2/core/common/thirdparty/tk_spline/spline.h:347:8:[m[K [01;35m[Kwarning: [m[K‘[01m[Kdouble {anonymous}::tk::spline::operator()(double) const[m[K’ defined but not used [[01;35m[K-Wunused-function[m[K]
[9.657s]   347 | double [01;35m[Kspline[m[K::operator()(double x) const {
[9.657s]       |        [01;35m[K^~~~~~[m[K
[9.657s] [01m[K/home/bigdavid/EPSILON_ws/src/EPSILON_ROS2/core/common/thirdparty/tk_spline/spline.h:255:6:[m[K [01;35m[Kwarning: [m[K‘[01m[Kvoid {anonymous}::tk::spline::set_points(const std::vector<double, std::allocator<double> >&, const std::vector<double, std::allocator<double> >&, bool)[m[K’ defined but not used [[01;35m[K-Wunused-function[m[K]
[9.657s]   255 | void [01;35m[Kspline[m[K::set_points(const std::vector<double>& x,
[9.657s]       |      [01;35m[K^~~~~~[m[K
[9.657s] [01m[K/home/bigdavid/EPSILON_ws/src/EPSILON_ROS2/core/common/thirdparty/tk_spline/spline.h:244:6:[m[K [01;35m[Kwarning: [m[K‘[01m[Kvoid {anonymous}::tk::spline::set_boundary({anonymous}::tk::spline::bd_type, double, {anonymous}::tk::spline::bd_type, double, bool)[m[K’ defined but not used [[01;35m[K-Wunused-function[m[K]
[9.657s]   244 | void [01;35m[Kspline[m[K::set_boundary(spline::bd_type left, double left_value,
[9.657s]       |      [01;35m[K^~~~~~[m[K
[9.674s] [ 75%] [32m[1mLinking CXX executable test_ssc_with_mpdm[0m
[9.964s] In file included from [01m[K/home/bigdavid/EPSILON_ws/src/EPSILON_ROS2/app/planning_integrated/src/test_ssc_with_eudm.cc:10[m[K:
[9.964s] [01m[K/home/bigdavid/EPSILON_ws/install/semantic_map_manager/include/semantic_map_manager/ros_adapter.h:[m[K In constructor ‘[01m[Ksemantic_map_manager::RosAdapter::RosAdapter(std::shared_ptr<rclcpp::Node>, semantic_map_manager::SemanticMapManager*)[m[K’:
[9.964s] [01m[K/home/bigdavid/EPSILON_ws/install/semantic_map_manager/include/semantic_map_manager/ros_adapter.h:59:23:[m[K [01;35m[Kwarning: [m[K‘[01m[Ksemantic_map_manager::RosAdapter::p_smm_[m[K’ will be initialized after [[01;35m[K-Wreorder[m[K]
[9.964s]    59 |   SemanticMapManager* [01;35m[Kp_smm_[m[K;
[9.965s]       |                       [01;35m[K^~~~~~[m[K
[9.965s] [01m[K/home/bigdavid/EPSILON_ws/install/semantic_map_manager/include/semantic_map_manager/ros_adapter.h:58:17:[m[K [01;35m[Kwarning: [m[K  ‘[01m[Ksemantic_map_manager::DataRenderer* semantic_map_manager::RosAdapter::p_data_renderer_[m[K’ [[01;35m[K-Wreorder[m[K]
[9.965s]    58 |   DataRenderer* [01;35m[Kp_data_renderer_[m[K;
[9.965s]       |                 [01;35m[K^~~~~~~~~~~~~~~~[m[K
[9.965s] [01m[K/home/bigdavid/EPSILON_ws/install/semantic_map_manager/include/semantic_map_manager/ros_adapter.h:26:3:[m[K [01;35m[Kwarning: [m[K  when initialized here [[01;35m[K-Wreorder[m[K]
[9.965s]    26 |   [01;35m[KRosAdapter[m[K(std::shared_ptr<rclcpp::Node> node, SemanticMapManager* ptr_smm)
[9.965s]       |   [01;35m[K^~~~~~~~~~[m[K
[9.965s] In file included from [01m[K/home/bigdavid/EPSILON_ws/install/common/include/common/spline/spline_generator.h:17[m[K,
[9.965s]                  from [01m[K/home/bigdavid/EPSILON_ws/install/ssc_planner/include/ssc_planner/ssc_planner.h:21[m[K,
[9.965s]                  from [01m[K/home/bigdavid/EPSILON_ws/install/ssc_planner/include/ssc_planner/ssc_server_ros.h:21[m[K,
[9.966s]                  from [01m[K/home/bigdavid/EPSILON_ws/src/EPSILON_ROS2/app/planning_integrated/src/test_ssc_with_eudm.cc:13[m[K:
[9.966s] [01m[K/home/bigdavid/EPSILON_ws/src/EPSILON_ROS2/core/common/thirdparty/tk_spline/spline.h:[m[K At global scope:
[9.966s] [01m[K/home/bigdavid/EPSILON_ws/src/EPSILON_ROS2/core/common/thirdparty/tk_spline/spline.h:371:8:[m[K [01;35m[Kwarning: [m[K‘[01m[Kdouble {anonymous}::tk::spline::get_coeff(int, int) const[m[K’ defined but not used [[01;35m[K-Wunused-function[m[K]
[9.966s]   371 | double [01;35m[Kspline[m[K::get_coeff(int n, int j) const {
[9.966s]       |        [01;35m[K^~~~~~[m[K
[9.966s] [01m[K/home/bigdavid/EPSILON_ws/src/EPSILON_ROS2/core/common/thirdparty/tk_spline/spline.h:369:5:[m[K [01;35m[Kwarning: [m[K‘[01m[Kint {anonymous}::tk::spline::num_pts() const[m[K’ defined but not used [[01;35m[K-Wunused-function[m[K]
[9.966s]   369 | int [01;35m[Kspline[m[K::num_pts() const { return m_a.size(); }
[9.966s]       |     [01;35m[K^~~~~~[m[K
[9.966s] [01m[K/home/bigdavid/EPSILON_ws/src/EPSILON_ROS2/core/common/thirdparty/tk_spline/spline.h:347:8:[m[K [01;35m[Kwarning: [m[K‘[01m[Kdouble {anonymous}::tk::spline::operator()(double) const[m[K’ defined but not used [[01;35m[K-Wunused-function[m[K]
[9.966s]   347 | double [01;35m[Kspline[m[K::operator()(double x) const {
[9.966s]       |        [01;35m[K^~~~~~[m[K
[9.966s] [01m[K/home/bigdavid/EPSILON_ws/src/EPSILON_ROS2/core/common/thirdparty/tk_spline/spline.h:255:6:[m[K [01;35m[Kwarning: [m[K‘[01m[Kvoid {anonymous}::tk::spline::set_points(const std::vector<double, std::allocator<double> >&, const std::vector<double, std::allocator<double> >&, bool)[m[K’ defined but not used [[01;35m[K-Wunused-function[m[K]
[9.967s]   255 | void [01;35m[Kspline[m[K::set_points(const std::vector<double>& x,
[9.967s]       |      [01;35m[K^~~~~~[m[K
[9.967s] [01m[K/home/bigdavid/EPSILON_ws/src/EPSILON_ROS2/core/common/thirdparty/tk_spline/spline.h:244:6:[m[K [01;35m[Kwarning: [m[K‘[01m[Kvoid {anonymous}::tk::spline::set_boundary({anonymous}::tk::spline::bd_type, double, {anonymous}::tk::spline::bd_type, double, bool)[m[K’ defined but not used [[01;35m[K-Wunused-function[m[K]
[9.967s]   244 | void [01;35m[Kspline[m[K::set_boundary(spline::bd_type left, double left_value,
[9.967s]       |      [01;35m[K^~~~~~[m[K
[9.979s] [100%] [32m[1mLinking CXX executable test_ssc_with_eudm[0m
[13.801s] [100%] Built target test_ssc_with_mpdm
[15.157s] [100%] Built target test_ssc_with_eudm
[15.173s] Invoked command in '/home/bigdavid/EPSILON_ws/build/planning_integrated' returned '0': AMENT_PREFIX_PATH=/home/bigdavid/EPSILON_ws/install/eudm_planner:/home/bigdavid/EPSILON_ws/install/behavior_planner:/home/bigdavid/EPSILON_ws/install/ssc_planner:/home/bigdavid/EPSILON_ws/install/route_planner:/home/bigdavid/EPSILON_ws/install/semantic_map_manager:/home/bigdavid/EPSILON_ws/install/motion_predictor:/home/bigdavid/EPSILON_ws/install/forward_simulator:/home/bigdavid/EPSILON_ws/install/vehicle_msgs:/home/bigdavid/EPSILON_ws/install/vehicle_model:/home/bigdavid/EPSILON_ws/install/common:${AMENT_PREFIX_PATH} CMAKE_PREFIX_PATH=/home/bigdavid/EPSILON_ws/install/eudm_planner:/home/bigdavid/EPSILON_ws/install/behavior_planner:/home/bigdavid/EPSILON_ws/install/ssc_planner:/home/bigdavid/EPSILON_ws/install/route_planner:/home/bigdavid/EPSILON_ws/install/semantic_map_manager:/home/bigdavid/EPSILON_ws/install/motion_predictor:/home/bigdavid/EPSILON_ws/install/forward_simulator:/home/bigdavid/EPSILON_ws/install/vehicle_msgs:/home/bigdavid/EPSILON_ws/install/vehicle_model:/home/bigdavid/EPSILON_ws/install/common:/opt/ros/humble LD_LIBRARY_PATH=/home/bigdavid/EPSILON_ws/install/eudm_planner/lib:/home/bigdavid/EPSILON_ws/install/behavior_planner/lib:/home/bigdavid/EPSILON_ws/install/ssc_planner/lib:/home/bigdavid/EPSILON_ws/install/route_planner/lib:/home/bigdavid/EPSILON_ws/install/semantic_map_manager/lib:/home/bigdavid/EPSILON_ws/install/motion_predictor/lib:/home/bigdavid/EPSILON_ws/install/forward_simulator/lib:/home/bigdavid/EPSILON_ws/install/vehicle_msgs/lib:/home/bigdavid/EPSILON_ws/install/vehicle_model/lib:/home/bigdavid/EPSILON_ws/install/common/lib:/usr/local/lib:/usr/lib/x86_64-linux-gnu/gazebo-11/plugins:/opt/ros/humble/opt/rviz_ogre_vendor/lib:/opt/ros/humble/lib/x86_64-linux-gnu:/opt/ros/humble/lib:/usr/local/cuda/lib64 PYTHONPATH=/home/bigdavid/EPSILON_ws/install/vehicle_msgs/local/lib/python3.10/dist-packages:${PYTHONPATH} /usr/bin/cmake --build /home/bigdavid/EPSILON_ws/build/planning_integrated -- -j32 -l32
[15.176s] Invoking command in '/home/bigdavid/EPSILON_ws/build/planning_integrated': AMENT_PREFIX_PATH=/home/bigdavid/EPSILON_ws/install/eudm_planner:/home/bigdavid/EPSILON_ws/install/behavior_planner:/home/bigdavid/EPSILON_ws/install/ssc_planner:/home/bigdavid/EPSILON_ws/install/route_planner:/home/bigdavid/EPSILON_ws/install/semantic_map_manager:/home/bigdavid/EPSILON_ws/install/motion_predictor:/home/bigdavid/EPSILON_ws/install/forward_simulator:/home/bigdavid/EPSILON_ws/install/vehicle_msgs:/home/bigdavid/EPSILON_ws/install/vehicle_model:/home/bigdavid/EPSILON_ws/install/common:${AMENT_PREFIX_PATH} CMAKE_PREFIX_PATH=/home/bigdavid/EPSILON_ws/install/eudm_planner:/home/bigdavid/EPSILON_ws/install/behavior_planner:/home/bigdavid/EPSILON_ws/install/ssc_planner:/home/bigdavid/EPSILON_ws/install/route_planner:/home/bigdavid/EPSILON_ws/install/semantic_map_manager:/home/bigdavid/EPSILON_ws/install/motion_predictor:/home/bigdavid/EPSILON_ws/install/forward_simulator:/home/bigdavid/EPSILON_ws/install/vehicle_msgs:/home/bigdavid/EPSILON_ws/install/vehicle_model:/home/bigdavid/EPSILON_ws/install/common:/opt/ros/humble LD_LIBRARY_PATH=/home/bigdavid/EPSILON_ws/install/eudm_planner/lib:/home/bigdavid/EPSILON_ws/install/behavior_planner/lib:/home/bigdavid/EPSILON_ws/install/ssc_planner/lib:/home/bigdavid/EPSILON_ws/install/route_planner/lib:/home/bigdavid/EPSILON_ws/install/semantic_map_manager/lib:/home/bigdavid/EPSILON_ws/install/motion_predictor/lib:/home/bigdavid/EPSILON_ws/install/forward_simulator/lib:/home/bigdavid/EPSILON_ws/install/vehicle_msgs/lib:/home/bigdavid/EPSILON_ws/install/vehicle_model/lib:/home/bigdavid/EPSILON_ws/install/common/lib:/usr/local/lib:/usr/lib/x86_64-linux-gnu/gazebo-11/plugins:/opt/ros/humble/opt/rviz_ogre_vendor/lib:/opt/ros/humble/lib/x86_64-linux-gnu:/opt/ros/humble/lib:/usr/local/cuda/lib64 PYTHONPATH=/home/bigdavid/EPSILON_ws/install/vehicle_msgs/local/lib/python3.10/dist-packages:${PYTHONPATH} /usr/bin/cmake --install /home/bigdavid/EPSILON_ws/build/planning_integrated
[15.186s] -- Install configuration: "Release"
[15.186s] -- Installing: /home/bigdavid/EPSILON_ws/install/planning_integrated/lib/planning_integrated/test_ssc_with_mpdm
[15.191s] -- Set runtime path of "/home/bigdavid/EPSILON_ws/install/planning_integrated/lib/planning_integrated/test_ssc_with_mpdm" to ""
[15.191s] -- Installing: /home/bigdavid/EPSILON_ws/install/planning_integrated/lib/planning_integrated/test_ssc_with_eudm
[15.196s] -- Set runtime path of "/home/bigdavid/EPSILON_ws/install/planning_integrated/lib/planning_integrated/test_ssc_with_eudm" to ""
[15.196s] -- Up-to-date: /home/bigdavid/EPSILON_ws/install/planning_integrated/share/planning_integrated/launch
[15.196s] -- Up-to-date: /home/bigdavid/EPSILON_ws/install/planning_integrated/share/planning_integrated/launch/test_ssc_with_eudm_ros.launch
[15.196s] -- Up-to-date: /home/bigdavid/EPSILON_ws/install/planning_integrated/share/planning_integrated/launch/test_ssc_with_mpdm_ros.launch
[15.196s] -- Up-to-date: /home/bigdavid/EPSILON_ws/install/planning_integrated/share/planning_integrated/launch/test_ssc_with_mpdm_ros_launch.py
[15.196s] -- Up-to-date: /home/bigdavid/EPSILON_ws/install/planning_integrated/share/planning_integrated/launch/test_ssc_with_eudm_ros_launch.py
[15.197s] -- Up-to-date: /home/bigdavid/EPSILON_ws/install/planning_integrated/share/ament_index/resource_index/package_run_dependencies/planning_integrated
[15.197s] -- Up-to-date: /home/bigdavid/EPSILON_ws/install/planning_integrated/share/ament_index/resource_index/parent_prefix_path/planning_integrated
[15.197s] -- Up-to-date: /home/bigdavid/EPSILON_ws/install/planning_integrated/share/planning_integrated/environment/ament_prefix_path.sh
[15.197s] -- Up-to-date: /home/bigdavid/EPSILON_ws/install/planning_integrated/share/planning_integrated/environment/ament_prefix_path.dsv
[15.197s] -- Up-to-date: /home/bigdavid/EPSILON_ws/install/planning_integrated/share/planning_integrated/environment/path.sh
[15.197s] -- Up-to-date: /home/bigdavid/EPSILON_ws/install/planning_integrated/share/planning_integrated/environment/path.dsv
[15.197s] -- Up-to-date: /home/bigdavid/EPSILON_ws/install/planning_integrated/share/planning_integrated/local_setup.bash
[15.197s] -- Up-to-date: /home/bigdavid/EPSILON_ws/install/planning_integrated/share/planning_integrated/local_setup.sh
[15.197s] -- Up-to-date: /home/bigdavid/EPSILON_ws/install/planning_integrated/share/planning_integrated/local_setup.zsh
[15.197s] -- Up-to-date: /home/bigdavid/EPSILON_ws/install/planning_integrated/share/planning_integrated/local_setup.dsv
[15.197s] -- Installing: /home/bigdavid/EPSILON_ws/install/planning_integrated/share/planning_integrated/package.dsv
[15.198s] -- Up-to-date: /home/bigdavid/EPSILON_ws/install/planning_integrated/share/ament_index/resource_index/packages/planning_integrated
[15.198s] -- Up-to-date: /home/bigdavid/EPSILON_ws/install/planning_integrated/share/planning_integrated/cmake/ament_cmake_export_dependencies-extras.cmake
[15.198s] -- Up-to-date: /home/bigdavid/EPSILON_ws/install/planning_integrated/share/planning_integrated/cmake/ament_cmake_export_include_directories-extras.cmake
[15.198s] -- Up-to-date: /home/bigdavid/EPSILON_ws/install/planning_integrated/share/planning_integrated/cmake/planning_integratedConfig.cmake
[15.199s] -- Up-to-date: /home/bigdavid/EPSILON_ws/install/planning_integrated/share/planning_integrated/cmake/planning_integratedConfig-version.cmake
[15.199s] -- Up-to-date: /home/bigdavid/EPSILON_ws/install/planning_integrated/share/planning_integrated/package.xml
[15.200s] Invoked command in '/home/bigdavid/EPSILON_ws/build/planning_integrated' returned '0': AMENT_PREFIX_PATH=/home/bigdavid/EPSILON_ws/install/eudm_planner:/home/bigdavid/EPSILON_ws/install/behavior_planner:/home/bigdavid/EPSILON_ws/install/ssc_planner:/home/bigdavid/EPSILON_ws/install/route_planner:/home/bigdavid/EPSILON_ws/install/semantic_map_manager:/home/bigdavid/EPSILON_ws/install/motion_predictor:/home/bigdavid/EPSILON_ws/install/forward_simulator:/home/bigdavid/EPSILON_ws/install/vehicle_msgs:/home/bigdavid/EPSILON_ws/install/vehicle_model:/home/bigdavid/EPSILON_ws/install/common:${AMENT_PREFIX_PATH} CMAKE_PREFIX_PATH=/home/bigdavid/EPSILON_ws/install/eudm_planner:/home/bigdavid/EPSILON_ws/install/behavior_planner:/home/bigdavid/EPSILON_ws/install/ssc_planner:/home/bigdavid/EPSILON_ws/install/route_planner:/home/bigdavid/EPSILON_ws/install/semantic_map_manager:/home/bigdavid/EPSILON_ws/install/motion_predictor:/home/bigdavid/EPSILON_ws/install/forward_simulator:/home/bigdavid/EPSILON_ws/install/vehicle_msgs:/home/bigdavid/EPSILON_ws/install/vehicle_model:/home/bigdavid/EPSILON_ws/install/common:/opt/ros/humble LD_LIBRARY_PATH=/home/bigdavid/EPSILON_ws/install/eudm_planner/lib:/home/bigdavid/EPSILON_ws/install/behavior_planner/lib:/home/bigdavid/EPSILON_ws/install/ssc_planner/lib:/home/bigdavid/EPSILON_ws/install/route_planner/lib:/home/bigdavid/EPSILON_ws/install/semantic_map_manager/lib:/home/bigdavid/EPSILON_ws/install/motion_predictor/lib:/home/bigdavid/EPSILON_ws/install/forward_simulator/lib:/home/bigdavid/EPSILON_ws/install/vehicle_msgs/lib:/home/bigdavid/EPSILON_ws/install/vehicle_model/lib:/home/bigdavid/EPSILON_ws/install/common/lib:/usr/local/lib:/usr/lib/x86_64-linux-gnu/gazebo-11/plugins:/opt/ros/humble/opt/rviz_ogre_vendor/lib:/opt/ros/humble/lib/x86_64-linux-gnu:/opt/ros/humble/lib:/usr/local/cuda/lib64 PYTHONPATH=/home/bigdavid/EPSILON_ws/install/vehicle_msgs/local/lib/python3.10/dist-packages:${PYTHONPATH} /usr/bin/cmake --install /home/bigdavid/EPSILON_ws/build/planning_integrated
