[0.007s] Invoking command in '/home/bigdavid/EPSILON_ws/build/vehicle_model': CMAKE_PREFIX_PATH=/home/bigdavid/EPSILON_ws/install/common:/home/bigdavid/EPSILON_ws/install/planning_integrated:/home/bigdavid/EPSILON_ws/install/ssc_planner:/home/bigdavid/EPSILON_ws/install/eudm_planner:/home/bigdavid/EPSILON_ws/install/ai_agent_planner:/home/bigdavid/EPSILON_ws/install/behavior_planner:/home/bigdavid/EPSILON_ws/install/route_planner:/home/bigdavid/EPSILON_ws/install/semantic_map_manager:/home/bigdavid/EPSILON_ws/install/phy_simulator:/home/bigdavid/EPSILON_ws/install/aux_tools:/home/bigdavid/EPSILON_ws/install/vehicle_msgs:/home/bigdavid/EPSILON_ws/install/motion_predictor:/home/bigdavid/EPSILON_ws/install/forward_simulator:/home/bigdavid/EPSILON_ws/install/vehicle_model:/home/bigdavid/EPSILON_ws/install/utm_to_car_transform:/home/bigdavid/EPSILON_ws/install/playgrounds:/opt/ros/humble /usr/bin/cmake --build /home/bigdavid/EPSILON_ws/build/vehicle_model -- -j32 -l32
[0.039s] [35m[1mConsolidate compiler generated dependencies of target hkust_pl_vehicle_model[0m
[0.067s] [100%] Built target hkust_pl_vehicle_model
[0.075s] Invoked command in '/home/bigdavid/EPSILON_ws/build/vehicle_model' returned '0': CMAKE_PREFIX_PATH=/home/bigdavid/EPSILON_ws/install/common:/home/bigdavid/EPSILON_ws/install/planning_integrated:/home/bigdavid/EPSILON_ws/install/ssc_planner:/home/bigdavid/EPSILON_ws/install/eudm_planner:/home/bigdavid/EPSILON_ws/install/ai_agent_planner:/home/bigdavid/EPSILON_ws/install/behavior_planner:/home/bigdavid/EPSILON_ws/install/route_planner:/home/bigdavid/EPSILON_ws/install/semantic_map_manager:/home/bigdavid/EPSILON_ws/install/phy_simulator:/home/bigdavid/EPSILON_ws/install/aux_tools:/home/bigdavid/EPSILON_ws/install/vehicle_msgs:/home/bigdavid/EPSILON_ws/install/motion_predictor:/home/bigdavid/EPSILON_ws/install/forward_simulator:/home/bigdavid/EPSILON_ws/install/vehicle_model:/home/bigdavid/EPSILON_ws/install/utm_to_car_transform:/home/bigdavid/EPSILON_ws/install/playgrounds:/opt/ros/humble /usr/bin/cmake --build /home/bigdavid/EPSILON_ws/build/vehicle_model -- -j32 -l32
[0.076s] Invoking command in '/home/bigdavid/EPSILON_ws/build/vehicle_model': CMAKE_PREFIX_PATH=/home/bigdavid/EPSILON_ws/install/common:/home/bigdavid/EPSILON_ws/install/planning_integrated:/home/bigdavid/EPSILON_ws/install/ssc_planner:/home/bigdavid/EPSILON_ws/install/eudm_planner:/home/bigdavid/EPSILON_ws/install/ai_agent_planner:/home/bigdavid/EPSILON_ws/install/behavior_planner:/home/bigdavid/EPSILON_ws/install/route_planner:/home/bigdavid/EPSILON_ws/install/semantic_map_manager:/home/bigdavid/EPSILON_ws/install/phy_simulator:/home/bigdavid/EPSILON_ws/install/aux_tools:/home/bigdavid/EPSILON_ws/install/vehicle_msgs:/home/bigdavid/EPSILON_ws/install/motion_predictor:/home/bigdavid/EPSILON_ws/install/forward_simulator:/home/bigdavid/EPSILON_ws/install/vehicle_model:/home/bigdavid/EPSILON_ws/install/utm_to_car_transform:/home/bigdavid/EPSILON_ws/install/playgrounds:/opt/ros/humble /usr/bin/cmake --install /home/bigdavid/EPSILON_ws/build/vehicle_model
[0.083s] -- Install configuration: "Release"
[0.083s] -- Up-to-date: /home/bigdavid/EPSILON_ws/install/vehicle_model/share/vehicle_model/environment/library_path.sh
[0.083s] -- Up-to-date: /home/bigdavid/EPSILON_ws/install/vehicle_model/share/vehicle_model/environment/library_path.dsv
[0.083s] -- Up-to-date: /home/bigdavid/EPSILON_ws/install/vehicle_model/include
[0.083s] -- Up-to-date: /home/bigdavid/EPSILON_ws/install/vehicle_model/include/vehicle_model
[0.083s] -- Up-to-date: /home/bigdavid/EPSILON_ws/install/vehicle_model/include/vehicle_model/vehicle_model.h
[0.083s] -- Up-to-date: /home/bigdavid/EPSILON_ws/install/vehicle_model/include/vehicle_model/idm_model.h
[0.083s] -- Up-to-date: /home/bigdavid/EPSILON_ws/install/vehicle_model/include/vehicle_model/controllers
[0.083s] -- Up-to-date: /home/bigdavid/EPSILON_ws/install/vehicle_model/include/vehicle_model/controllers/pure_pursuit_controller.h
[0.083s] -- Up-to-date: /home/bigdavid/EPSILON_ws/install/vehicle_model/include/vehicle_model/controllers/ctx_idm_velocity_controller.h
[0.083s] -- Up-to-date: /home/bigdavid/EPSILON_ws/install/vehicle_model/include/vehicle_model/controllers/pid_controller.h
[0.083s] -- Up-to-date: /home/bigdavid/EPSILON_ws/install/vehicle_model/include/vehicle_model/controllers/idm_velocity_controller.h
[0.083s] -- Up-to-date: /home/bigdavid/EPSILON_ws/install/vehicle_model/include/vehicle_model/ctx_idm_model.h
[0.083s] -- Up-to-date: /home/bigdavid/EPSILON_ws/install/vehicle_model/include/vehicle_model/ideal_steer_model.h
[0.083s] -- Up-to-date: /home/bigdavid/EPSILON_ws/install/vehicle_model/lib/libhkust_pl_vehicle_model.a
[0.084s] -- Up-to-date: /home/bigdavid/EPSILON_ws/install/vehicle_model/share/ament_index/resource_index/package_run_dependencies/vehicle_model
[0.084s] -- Up-to-date: /home/bigdavid/EPSILON_ws/install/vehicle_model/share/ament_index/resource_index/parent_prefix_path/vehicle_model
[0.084s] -- Up-to-date: /home/bigdavid/EPSILON_ws/install/vehicle_model/share/vehicle_model/environment/ament_prefix_path.sh
[0.084s] -- Up-to-date: /home/bigdavid/EPSILON_ws/install/vehicle_model/share/vehicle_model/environment/ament_prefix_path.dsv
[0.084s] -- Up-to-date: /home/bigdavid/EPSILON_ws/install/vehicle_model/share/vehicle_model/environment/path.sh
[0.084s] -- Up-to-date: /home/bigdavid/EPSILON_ws/install/vehicle_model/share/vehicle_model/environment/path.dsv
[0.084s] -- Up-to-date: /home/bigdavid/EPSILON_ws/install/vehicle_model/share/vehicle_model/local_setup.bash
[0.084s] -- Up-to-date: /home/bigdavid/EPSILON_ws/install/vehicle_model/share/vehicle_model/local_setup.sh
[0.084s] -- Up-to-date: /home/bigdavid/EPSILON_ws/install/vehicle_model/share/vehicle_model/local_setup.zsh
[0.084s] -- Up-to-date: /home/bigdavid/EPSILON_ws/install/vehicle_model/share/vehicle_model/local_setup.dsv
[0.084s] -- Installing: /home/bigdavid/EPSILON_ws/install/vehicle_model/share/vehicle_model/package.dsv
[0.084s] -- Up-to-date: /home/bigdavid/EPSILON_ws/install/vehicle_model/share/ament_index/resource_index/packages/vehicle_model
[0.084s] -- Up-to-date: /home/bigdavid/EPSILON_ws/install/vehicle_model/share/vehicle_model/cmake/ament_cmake_export_libraries-extras.cmake
[0.084s] -- Up-to-date: /home/bigdavid/EPSILON_ws/install/vehicle_model/share/vehicle_model/cmake/ament_cmake_export_dependencies-extras.cmake
[0.084s] -- Up-to-date: /home/bigdavid/EPSILON_ws/install/vehicle_model/share/vehicle_model/cmake/ament_cmake_export_include_directories-extras.cmake
[0.084s] -- Up-to-date: /home/bigdavid/EPSILON_ws/install/vehicle_model/share/vehicle_model/cmake/vehicle_modelConfig.cmake
[0.084s] -- Up-to-date: /home/bigdavid/EPSILON_ws/install/vehicle_model/share/vehicle_model/cmake/vehicle_modelConfig-version.cmake
[0.084s] -- Up-to-date: /home/bigdavid/EPSILON_ws/install/vehicle_model/share/vehicle_model/package.xml
[0.086s] Invoked command in '/home/bigdavid/EPSILON_ws/build/vehicle_model' returned '0': CMAKE_PREFIX_PATH=/home/bigdavid/EPSILON_ws/install/common:/home/bigdavid/EPSILON_ws/install/planning_integrated:/home/bigdavid/EPSILON_ws/install/ssc_planner:/home/bigdavid/EPSILON_ws/install/eudm_planner:/home/bigdavid/EPSILON_ws/install/ai_agent_planner:/home/bigdavid/EPSILON_ws/install/behavior_planner:/home/bigdavid/EPSILON_ws/install/route_planner:/home/bigdavid/EPSILON_ws/install/semantic_map_manager:/home/bigdavid/EPSILON_ws/install/phy_simulator:/home/bigdavid/EPSILON_ws/install/aux_tools:/home/bigdavid/EPSILON_ws/install/vehicle_msgs:/home/bigdavid/EPSILON_ws/install/motion_predictor:/home/bigdavid/EPSILON_ws/install/forward_simulator:/home/bigdavid/EPSILON_ws/install/vehicle_model:/home/bigdavid/EPSILON_ws/install/utm_to_car_transform:/home/bigdavid/EPSILON_ws/install/playgrounds:/opt/ros/humble /usr/bin/cmake --install /home/bigdavid/EPSILON_ws/build/vehicle_model
