[0.034s] Invoking command in '/home/bigdavid/EPSILON_ws/build/vehicle_model': AMENT_PREFIX_PATH=/home/bigdavid/EPSILON_ws/install/common:${AMENT_PREFIX_PATH} CMAKE_PREFIX_PATH=/home/bigdavid/EPSILON_ws/install/common:/opt/ros/humble LD_LIBRARY_PATH=/home/bigdavid/EPSILON_ws/install/common/lib:${LD_LIBRARY_PATH} /usr/bin/cmake --build /home/bigdavid/EPSILON_ws/build/vehicle_model -- -j32 -l32
[0.130s] [35m[1mConsolidate compiler generated dependencies of target hkust_pl_vehicle_model[0m
[0.191s] [ 11%] [32mBuilding CXX object CMakeFiles/hkust_pl_vehicle_model.dir/src/vehicle_model/idm_model.cc.o[0m
[0.194s] [ 22%] [32mBuilding CXX object CMakeFiles/hkust_pl_vehicle_model.dir/src/vehicle_model/ctx_idm_model.cc.o[0m
[0.194s] [ 33%] [32mBuilding CXX object CMakeFiles/hkust_pl_vehicle_model.dir/src/vehicle_model/controllers/pure_pursuit_controller.cc.o[0m
[0.197s] [ 44%] [32mBuilding CXX object CMakeFiles/hkust_pl_vehicle_model.dir/src/vehicle_model/ideal_steer_model.cc.o[0m
[0.203s] [ 55%] [32mBuilding CXX object CMakeFiles/hkust_pl_vehicle_model.dir/src/vehicle_model/controllers/ctx_idm_velocity_controller.cc.o[0m
[0.206s] [ 66%] [32mBuilding CXX object CMakeFiles/hkust_pl_vehicle_model.dir/src/vehicle_model/vehicle_model.cc.o[0m
[0.211s] [ 77%] [32mBuilding CXX object CMakeFiles/hkust_pl_vehicle_model.dir/src/vehicle_model/controllers/idm_velocity_controller.cc.o[0m
[0.215s] [ 88%] [32mBuilding CXX object CMakeFiles/hkust_pl_vehicle_model.dir/src/vehicle_model/controllers/pid_controller.cc.o[0m
[0.284s] [100%] [32m[1mLinking CXX static library libhkust_pl_vehicle_model.a[0m
[0.346s] [100%] Built target hkust_pl_vehicle_model
[0.365s] Invoked command in '/home/bigdavid/EPSILON_ws/build/vehicle_model' returned '0': AMENT_PREFIX_PATH=/home/bigdavid/EPSILON_ws/install/common:${AMENT_PREFIX_PATH} CMAKE_PREFIX_PATH=/home/bigdavid/EPSILON_ws/install/common:/opt/ros/humble LD_LIBRARY_PATH=/home/bigdavid/EPSILON_ws/install/common/lib:${LD_LIBRARY_PATH} /usr/bin/cmake --build /home/bigdavid/EPSILON_ws/build/vehicle_model -- -j32 -l32
[0.369s] Invoking command in '/home/bigdavid/EPSILON_ws/build/vehicle_model': AMENT_PREFIX_PATH=/home/bigdavid/EPSILON_ws/install/common:${AMENT_PREFIX_PATH} CMAKE_PREFIX_PATH=/home/bigdavid/EPSILON_ws/install/common:/opt/ros/humble LD_LIBRARY_PATH=/home/bigdavid/EPSILON_ws/install/common/lib:${LD_LIBRARY_PATH} /usr/bin/cmake --install /home/bigdavid/EPSILON_ws/build/vehicle_model
[0.379s] -- Install configuration: "Release"
[0.380s] -- Up-to-date: /home/bigdavid/EPSILON_ws/install/vehicle_model/share/vehicle_model/environment/library_path.sh
[0.380s] -- Up-to-date: /home/bigdavid/EPSILON_ws/install/vehicle_model/share/vehicle_model/environment/library_path.dsv
[0.381s] -- Up-to-date: /home/bigdavid/EPSILON_ws/install/vehicle_model/include
[0.381s] -- Up-to-date: /home/bigdavid/EPSILON_ws/install/vehicle_model/include/vehicle_model
[0.381s] -- Up-to-date: /home/bigdavid/EPSILON_ws/install/vehicle_model/include/vehicle_model/vehicle_model.h
[0.382s] -- Up-to-date: /home/bigdavid/EPSILON_ws/install/vehicle_model/include/vehicle_model/idm_model.h
[0.382s] -- Up-to-date: /home/bigdavid/EPSILON_ws/install/vehicle_model/include/vehicle_model/controllers
[0.382s] -- Up-to-date: /home/bigdavid/EPSILON_ws/install/vehicle_model/include/vehicle_model/controllers/pure_pursuit_controller.h
[0.383s] -- Up-to-date: /home/bigdavid/EPSILON_ws/install/vehicle_model/include/vehicle_model/controllers/ctx_idm_velocity_controller.h
[0.383s] -- Up-to-date: /home/bigdavid/EPSILON_ws/install/vehicle_model/include/vehicle_model/controllers/pid_controller.h
[0.384s] -- Up-to-date: /home/bigdavid/EPSILON_ws/install/vehicle_model/include/vehicle_model/controllers/idm_velocity_controller.h
[0.385s] -- Up-to-date: /home/bigdavid/EPSILON_ws/install/vehicle_model/include/vehicle_model/ctx_idm_model.h
[0.385s] -- Up-to-date: /home/bigdavid/EPSILON_ws/install/vehicle_model/include/vehicle_model/ideal_steer_model.h
[0.385s] -- Installing: /home/bigdavid/EPSILON_ws/install/vehicle_model/lib/libhkust_pl_vehicle_model.a
[0.386s] -- Up-to-date: /home/bigdavid/EPSILON_ws/install/vehicle_model/share/ament_index/resource_index/package_run_dependencies/vehicle_model
[0.389s] -- Up-to-date: /home/bigdavid/EPSILON_ws/install/vehicle_model/share/ament_index/resource_index/parent_prefix_path/vehicle_model
[0.389s] -- Up-to-date: /home/bigdavid/EPSILON_ws/install/vehicle_model/share/vehicle_model/environment/ament_prefix_path.sh
[0.389s] -- Up-to-date: /home/bigdavid/EPSILON_ws/install/vehicle_model/share/vehicle_model/environment/ament_prefix_path.dsv
[0.389s] -- Up-to-date: /home/bigdavid/EPSILON_ws/install/vehicle_model/share/vehicle_model/environment/path.sh
[0.390s] -- Up-to-date: /home/bigdavid/EPSILON_ws/install/vehicle_model/share/vehicle_model/environment/path.dsv
[0.390s] -- Up-to-date: /home/bigdavid/EPSILON_ws/install/vehicle_model/share/vehicle_model/local_setup.bash
[0.390s] -- Up-to-date: /home/bigdavid/EPSILON_ws/install/vehicle_model/share/vehicle_model/local_setup.sh
[0.391s] -- Up-to-date: /home/bigdavid/EPSILON_ws/install/vehicle_model/share/vehicle_model/local_setup.zsh
[0.391s] -- Up-to-date: /home/bigdavid/EPSILON_ws/install/vehicle_model/share/vehicle_model/local_setup.dsv
[0.392s] -- Installing: /home/bigdavid/EPSILON_ws/install/vehicle_model/share/vehicle_model/package.dsv
[0.392s] -- Up-to-date: /home/bigdavid/EPSILON_ws/install/vehicle_model/share/ament_index/resource_index/packages/vehicle_model
[0.393s] -- Up-to-date: /home/bigdavid/EPSILON_ws/install/vehicle_model/share/vehicle_model/cmake/ament_cmake_export_libraries-extras.cmake
[0.393s] -- Up-to-date: /home/bigdavid/EPSILON_ws/install/vehicle_model/share/vehicle_model/cmake/ament_cmake_export_dependencies-extras.cmake
[0.394s] -- Up-to-date: /home/bigdavid/EPSILON_ws/install/vehicle_model/share/vehicle_model/cmake/ament_cmake_export_include_directories-extras.cmake
[0.394s] -- Up-to-date: /home/bigdavid/EPSILON_ws/install/vehicle_model/share/vehicle_model/cmake/vehicle_modelConfig.cmake
[0.394s] -- Up-to-date: /home/bigdavid/EPSILON_ws/install/vehicle_model/share/vehicle_model/cmake/vehicle_modelConfig-version.cmake
[0.395s] -- Up-to-date: /home/bigdavid/EPSILON_ws/install/vehicle_model/share/vehicle_model/package.xml
[0.395s] Invoked command in '/home/bigdavid/EPSILON_ws/build/vehicle_model' returned '0': AMENT_PREFIX_PATH=/home/bigdavid/EPSILON_ws/install/common:${AMENT_PREFIX_PATH} CMAKE_PREFIX_PATH=/home/bigdavid/EPSILON_ws/install/common:/opt/ros/humble LD_LIBRARY_PATH=/home/bigdavid/EPSILON_ws/install/common/lib:${LD_LIBRARY_PATH} /usr/bin/cmake --install /home/bigdavid/EPSILON_ws/build/vehicle_model
