[0.057s] Invoking command in '/home/bigdavid/EPSILON_ws/build/behavior_planner': CMAKE_PREFIX_PATH=/home/bigdavid/EPSILON_ws/install/route_planner:/home/bigdavid/EPSILON_ws/install/semantic_map_manager:/home/bigdavid/EPSILON_ws/install/motion_predictor:/home/bigdavid/EPSILON_ws/install/forward_simulator:/home/bigdavid/EPSILON_ws/install/vehicle_msgs:/home/bigdavid/EPSILON_ws/install/vehicle_model:/home/bigdavid/EPSILON_ws/install/common:/home/bigdavid/EPSILON_ws/install/planning_integrated:/home/bigdavid/EPSILON_ws/install/ssc_planner:/home/bigdavid/EPSILON_ws/install/eudm_planner:/home/bigdavid/EPSILON_ws/install/ai_agent_planner:/home/bigdavid/EPSILON_ws/install/behavior_planner:/home/bigdavid/EPSILON_ws/install/phy_simulator:/home/bigdavid/EPSILON_ws/install/aux_tools:/home/bigdavid/EPSILON_ws/install/utm_to_car_transform:/home/bigdavid/EPSILON_ws/install/playgrounds:/opt/ros/humble LD_LIBRARY_PATH=/home/bigdavid/EPSILON_ws/install/vehicle_msgs/lib:/home/bigdavid/EPSILON_ws/install/ssc_planner/lib:/home/bigdavid/EPSILON_ws/install/eudm_planner/lib:/home/bigdavid/EPSILON_ws/install/behavior_planner/lib:/home/bigdavid/EPSILON_ws/install/route_planner/lib:/home/bigdavid/EPSILON_ws/install/semantic_map_manager/lib:/home/bigdavid/EPSILON_ws/install/phy_simulator/lib:/home/bigdavid/EPSILON_ws/install/motion_predictor/lib:/home/bigdavid/EPSILON_ws/install/forward_simulator/lib:/home/bigdavid/EPSILON_ws/install/vehicle_model/lib:/home/bigdavid/EPSILON_ws/install/common/lib:/usr/local/lib:/usr/local/cuda/lib64:/usr/local/lib:/usr/lib/x86_64-linux-gnu/gazebo-11/plugins:/opt/ros/humble/opt/rviz_ogre_vendor/lib:/opt/ros/humble/lib/x86_64-linux-gnu:/opt/ros/humble/lib:/usr/local/cuda/lib64 /usr/bin/cmake --build /home/bigdavid/EPSILON_ws/build/behavior_planner -- -j32 -l32
[0.139s] [35m[1mConsolidate compiler generated dependencies of target behavior_planner_lib[0m
[0.172s] [ 20%] [32mBuilding CXX object CMakeFiles/behavior_planner_lib.dir/src/behavior_planner/behavior_planner.cc.o[0m
[5.541s] [ 40%] [32m[1mLinking CXX static library libbehavior_planner_lib.a[0m
[5.593s] [ 60%] Built target behavior_planner_lib
[5.617s] [35m[1mConsolidate compiler generated dependencies of target behavior_planner_ros[0m
[5.650s] [ 80%] [32mBuilding CXX object CMakeFiles/behavior_planner_ros.dir/src/behavior_planner/behavior_server_ros.cc.o[0m
[20.432s] In file included from [01m[K/home/bigdavid/EPSILON_ws/src/EPSILON_ROS2/core/behavior_planner/src/behavior_planner/behavior_server_ros.cc:1[m[K:
[20.432s] [01m[K/home/bigdavid/EPSILON_ws/src/EPSILON_ROS2/core/behavior_planner/include/behavior_planner/behavior_server_ros.h:[m[K In constructor ‘[01m[Kplanning::BehaviorPlannerServer::BehaviorPlannerServer(std::shared_ptr<rclcpp::Node>, int)[m[K’:
[20.432s] [01m[K/home/bigdavid/EPSILON_ws/src/EPSILON_ROS2/core/behavior_planner/include/behavior_planner/behavior_server_ros.h:108:10:[m[K [01;35m[Kwarning: [m[K‘[01m[Kplanning::BehaviorPlannerServer::work_rate_[m[K’ will be initialized after [[01;35m[K-Wreorder[m[K]
[20.432s]   108 |   double [01;35m[Kwork_rate_[m[K;
[20.433s]       |          [01;35m[K^~~~~~~~~~[m[K
[20.433s] [01m[K/home/bigdavid/EPSILON_ws/src/EPSILON_ROS2/core/behavior_planner/include/behavior_planner/behavior_server_ros.h:106:7:[m[K [01;35m[Kwarning: [m[K  ‘[01m[Kint planning::BehaviorPlannerServer::ego_id_[m[K’ [[01;35m[K-Wreorder[m[K]
[20.433s]   106 |   int [01;35m[Kego_id_[m[K;
[20.433s]       |       [01;35m[K^~~~~~~[m[K
[20.433s] [01m[K/home/bigdavid/EPSILON_ws/src/EPSILON_ROS2/core/behavior_planner/src/behavior_planner/behavior_server_ros.cc:6:1:[m[K [01;35m[Kwarning: [m[K  when initialized here [[01;35m[K-Wreorder[m[K]
[20.433s]     6 | [01;35m[KBehaviorPlannerServer[m[K::BehaviorPlannerServer(std::shared_ptr<rclcpp::Node> node, int ego_id)
[20.433s]       | [01;35m[K^~~~~~~~~~~~~~~~~~~~~[m[K
[20.433s] In file included from [01m[K/home/bigdavid/EPSILON_ws/src/EPSILON_ROS2/core/behavior_planner/src/behavior_planner/behavior_server_ros.cc:1[m[K:
[20.433s] [01m[K/home/bigdavid/EPSILON_ws/src/EPSILON_ROS2/core/behavior_planner/include/behavior_planner/behavior_server_ros.h:[m[K In constructor ‘[01m[Kplanning::BehaviorPlannerServer::BehaviorPlannerServer(std::shared_ptr<rclcpp::Node>, double, int)[m[K’:
[20.433s] [01m[K/home/bigdavid/EPSILON_ws/src/EPSILON_ROS2/core/behavior_planner/include/behavior_planner/behavior_server_ros.h:108:10:[m[K [01;35m[Kwarning: [m[K‘[01m[Kplanning::BehaviorPlannerServer::work_rate_[m[K’ will be initialized after [[01;35m[K-Wreorder[m[K]
[20.433s]   108 |   double [01;35m[Kwork_rate_[m[K;
[20.433s]       |          [01;35m[K^~~~~~~~~~[m[K
[20.433s] [01m[K/home/bigdavid/EPSILON_ws/src/EPSILON_ROS2/core/behavior_planner/include/behavior_planner/behavior_server_ros.h:106:7:[m[K [01;35m[Kwarning: [m[K  ‘[01m[Kint planning::BehaviorPlannerServer::ego_id_[m[K’ [[01;35m[K-Wreorder[m[K]
[20.433s]   106 |   int [01;35m[Kego_id_[m[K;
[20.433s]       |       [01;35m[K^~~~~~~[m[K
[20.433s] [01m[K/home/bigdavid/EPSILON_ws/src/EPSILON_ROS2/core/behavior_planner/src/behavior_planner/behavior_server_ros.cc:12:1:[m[K [01;35m[Kwarning: [m[K  when initialized here [[01;35m[K-Wreorder[m[K]
[20.433s]    12 | [01;35m[KBehaviorPlannerServer[m[K::BehaviorPlannerServer(std::shared_ptr<rclcpp::Node> node, double work_rate, int ego_id)
[20.433s]       | [01;35m[K^~~~~~~~~~~~~~~~~~~~~[m[K
[20.444s] [100%] [32m[1mLinking CXX static library libbehavior_planner_ros.a[0m
[20.479s] [100%] Built target behavior_planner_ros
[20.489s] Invoked command in '/home/bigdavid/EPSILON_ws/build/behavior_planner' returned '0': CMAKE_PREFIX_PATH=/home/bigdavid/EPSILON_ws/install/route_planner:/home/bigdavid/EPSILON_ws/install/semantic_map_manager:/home/bigdavid/EPSILON_ws/install/motion_predictor:/home/bigdavid/EPSILON_ws/install/forward_simulator:/home/bigdavid/EPSILON_ws/install/vehicle_msgs:/home/bigdavid/EPSILON_ws/install/vehicle_model:/home/bigdavid/EPSILON_ws/install/common:/home/bigdavid/EPSILON_ws/install/planning_integrated:/home/bigdavid/EPSILON_ws/install/ssc_planner:/home/bigdavid/EPSILON_ws/install/eudm_planner:/home/bigdavid/EPSILON_ws/install/ai_agent_planner:/home/bigdavid/EPSILON_ws/install/behavior_planner:/home/bigdavid/EPSILON_ws/install/phy_simulator:/home/bigdavid/EPSILON_ws/install/aux_tools:/home/bigdavid/EPSILON_ws/install/utm_to_car_transform:/home/bigdavid/EPSILON_ws/install/playgrounds:/opt/ros/humble LD_LIBRARY_PATH=/home/bigdavid/EPSILON_ws/install/vehicle_msgs/lib:/home/bigdavid/EPSILON_ws/install/ssc_planner/lib:/home/bigdavid/EPSILON_ws/install/eudm_planner/lib:/home/bigdavid/EPSILON_ws/install/behavior_planner/lib:/home/bigdavid/EPSILON_ws/install/route_planner/lib:/home/bigdavid/EPSILON_ws/install/semantic_map_manager/lib:/home/bigdavid/EPSILON_ws/install/phy_simulator/lib:/home/bigdavid/EPSILON_ws/install/motion_predictor/lib:/home/bigdavid/EPSILON_ws/install/forward_simulator/lib:/home/bigdavid/EPSILON_ws/install/vehicle_model/lib:/home/bigdavid/EPSILON_ws/install/common/lib:/usr/local/lib:/usr/local/cuda/lib64:/usr/local/lib:/usr/lib/x86_64-linux-gnu/gazebo-11/plugins:/opt/ros/humble/opt/rviz_ogre_vendor/lib:/opt/ros/humble/lib/x86_64-linux-gnu:/opt/ros/humble/lib:/usr/local/cuda/lib64 /usr/bin/cmake --build /home/bigdavid/EPSILON_ws/build/behavior_planner -- -j32 -l32
[20.491s] Invoking command in '/home/bigdavid/EPSILON_ws/build/behavior_planner': CMAKE_PREFIX_PATH=/home/bigdavid/EPSILON_ws/install/route_planner:/home/bigdavid/EPSILON_ws/install/semantic_map_manager:/home/bigdavid/EPSILON_ws/install/motion_predictor:/home/bigdavid/EPSILON_ws/install/forward_simulator:/home/bigdavid/EPSILON_ws/install/vehicle_msgs:/home/bigdavid/EPSILON_ws/install/vehicle_model:/home/bigdavid/EPSILON_ws/install/common:/home/bigdavid/EPSILON_ws/install/planning_integrated:/home/bigdavid/EPSILON_ws/install/ssc_planner:/home/bigdavid/EPSILON_ws/install/eudm_planner:/home/bigdavid/EPSILON_ws/install/ai_agent_planner:/home/bigdavid/EPSILON_ws/install/behavior_planner:/home/bigdavid/EPSILON_ws/install/phy_simulator:/home/bigdavid/EPSILON_ws/install/aux_tools:/home/bigdavid/EPSILON_ws/install/utm_to_car_transform:/home/bigdavid/EPSILON_ws/install/playgrounds:/opt/ros/humble LD_LIBRARY_PATH=/home/bigdavid/EPSILON_ws/install/vehicle_msgs/lib:/home/bigdavid/EPSILON_ws/install/ssc_planner/lib:/home/bigdavid/EPSILON_ws/install/eudm_planner/lib:/home/bigdavid/EPSILON_ws/install/behavior_planner/lib:/home/bigdavid/EPSILON_ws/install/route_planner/lib:/home/bigdavid/EPSILON_ws/install/semantic_map_manager/lib:/home/bigdavid/EPSILON_ws/install/phy_simulator/lib:/home/bigdavid/EPSILON_ws/install/motion_predictor/lib:/home/bigdavid/EPSILON_ws/install/forward_simulator/lib:/home/bigdavid/EPSILON_ws/install/vehicle_model/lib:/home/bigdavid/EPSILON_ws/install/common/lib:/usr/local/lib:/usr/local/cuda/lib64:/usr/local/lib:/usr/lib/x86_64-linux-gnu/gazebo-11/plugins:/opt/ros/humble/opt/rviz_ogre_vendor/lib:/opt/ros/humble/lib/x86_64-linux-gnu:/opt/ros/humble/lib:/usr/local/cuda/lib64 /usr/bin/cmake --install /home/bigdavid/EPSILON_ws/build/behavior_planner
[20.496s] -- Install configuration: "Release"
[20.496s] -- Up-to-date: /home/bigdavid/EPSILON_ws/install/behavior_planner/share/behavior_planner/environment/library_path.sh
[20.496s] -- Up-to-date: /home/bigdavid/EPSILON_ws/install/behavior_planner/share/behavior_planner/environment/library_path.dsv
[20.496s] -- Installing: /home/bigdavid/EPSILON_ws/install/behavior_planner/lib/libbehavior_planner_lib.a
[20.497s] -- Installing: /home/bigdavid/EPSILON_ws/install/behavior_planner/lib/libbehavior_planner_ros.a
[20.498s] -- Up-to-date: /home/bigdavid/EPSILON_ws/install/behavior_planner/include
[20.498s] -- Up-to-date: /home/bigdavid/EPSILON_ws/install/behavior_planner/include/behavior_planner
[20.498s] -- Up-to-date: /home/bigdavid/EPSILON_ws/install/behavior_planner/include/behavior_planner/map_interface.h
[20.498s] -- Up-to-date: /home/bigdavid/EPSILON_ws/install/behavior_planner/include/behavior_planner/behavior_planner.h
[20.498s] -- Up-to-date: /home/bigdavid/EPSILON_ws/install/behavior_planner/include/behavior_planner/behavior_server_ros.h
[20.498s] -- Up-to-date: /home/bigdavid/EPSILON_ws/install/behavior_planner/include/behavior_planner/map_adapter.h
[20.498s] -- Up-to-date: /home/bigdavid/EPSILON_ws/install/behavior_planner/include/behavior_planner/visualizer.h
[20.498s] -- Up-to-date: /home/bigdavid/EPSILON_ws/install/behavior_planner/share/ament_index/resource_index/package_run_dependencies/behavior_planner
[20.498s] -- Up-to-date: /home/bigdavid/EPSILON_ws/install/behavior_planner/share/ament_index/resource_index/parent_prefix_path/behavior_planner
[20.498s] -- Up-to-date: /home/bigdavid/EPSILON_ws/install/behavior_planner/share/behavior_planner/environment/ament_prefix_path.sh
[20.498s] -- Up-to-date: /home/bigdavid/EPSILON_ws/install/behavior_planner/share/behavior_planner/environment/ament_prefix_path.dsv
[20.498s] -- Up-to-date: /home/bigdavid/EPSILON_ws/install/behavior_planner/share/behavior_planner/environment/path.sh
[20.498s] -- Up-to-date: /home/bigdavid/EPSILON_ws/install/behavior_planner/share/behavior_planner/environment/path.dsv
[20.498s] -- Up-to-date: /home/bigdavid/EPSILON_ws/install/behavior_planner/share/behavior_planner/local_setup.bash
[20.498s] -- Up-to-date: /home/bigdavid/EPSILON_ws/install/behavior_planner/share/behavior_planner/local_setup.sh
[20.498s] -- Up-to-date: /home/bigdavid/EPSILON_ws/install/behavior_planner/share/behavior_planner/local_setup.zsh
[20.498s] -- Up-to-date: /home/bigdavid/EPSILON_ws/install/behavior_planner/share/behavior_planner/local_setup.dsv
[20.498s] -- Installing: /home/bigdavid/EPSILON_ws/install/behavior_planner/share/behavior_planner/package.dsv
[20.498s] -- Up-to-date: /home/bigdavid/EPSILON_ws/install/behavior_planner/share/ament_index/resource_index/packages/behavior_planner
[20.498s] -- Up-to-date: /home/bigdavid/EPSILON_ws/install/behavior_planner/share/behavior_planner/cmake/ament_cmake_export_libraries-extras.cmake
[20.499s] -- Up-to-date: /home/bigdavid/EPSILON_ws/install/behavior_planner/share/behavior_planner/cmake/ament_cmake_export_dependencies-extras.cmake
[20.499s] -- Up-to-date: /home/bigdavid/EPSILON_ws/install/behavior_planner/share/behavior_planner/cmake/ament_cmake_export_include_directories-extras.cmake
[20.499s] -- Up-to-date: /home/bigdavid/EPSILON_ws/install/behavior_planner/share/behavior_planner/cmake/behavior_plannerConfig.cmake
[20.499s] -- Up-to-date: /home/bigdavid/EPSILON_ws/install/behavior_planner/share/behavior_planner/cmake/behavior_plannerConfig-version.cmake
[20.499s] -- Up-to-date: /home/bigdavid/EPSILON_ws/install/behavior_planner/share/behavior_planner/package.xml
[20.499s] Invoked command in '/home/bigdavid/EPSILON_ws/build/behavior_planner' returned '0': CMAKE_PREFIX_PATH=/home/bigdavid/EPSILON_ws/install/route_planner:/home/bigdavid/EPSILON_ws/install/semantic_map_manager:/home/bigdavid/EPSILON_ws/install/motion_predictor:/home/bigdavid/EPSILON_ws/install/forward_simulator:/home/bigdavid/EPSILON_ws/install/vehicle_msgs:/home/bigdavid/EPSILON_ws/install/vehicle_model:/home/bigdavid/EPSILON_ws/install/common:/home/bigdavid/EPSILON_ws/install/planning_integrated:/home/bigdavid/EPSILON_ws/install/ssc_planner:/home/bigdavid/EPSILON_ws/install/eudm_planner:/home/bigdavid/EPSILON_ws/install/ai_agent_planner:/home/bigdavid/EPSILON_ws/install/behavior_planner:/home/bigdavid/EPSILON_ws/install/phy_simulator:/home/bigdavid/EPSILON_ws/install/aux_tools:/home/bigdavid/EPSILON_ws/install/utm_to_car_transform:/home/bigdavid/EPSILON_ws/install/playgrounds:/opt/ros/humble LD_LIBRARY_PATH=/home/bigdavid/EPSILON_ws/install/vehicle_msgs/lib:/home/bigdavid/EPSILON_ws/install/ssc_planner/lib:/home/bigdavid/EPSILON_ws/install/eudm_planner/lib:/home/bigdavid/EPSILON_ws/install/behavior_planner/lib:/home/bigdavid/EPSILON_ws/install/route_planner/lib:/home/bigdavid/EPSILON_ws/install/semantic_map_manager/lib:/home/bigdavid/EPSILON_ws/install/phy_simulator/lib:/home/bigdavid/EPSILON_ws/install/motion_predictor/lib:/home/bigdavid/EPSILON_ws/install/forward_simulator/lib:/home/bigdavid/EPSILON_ws/install/vehicle_model/lib:/home/bigdavid/EPSILON_ws/install/common/lib:/usr/local/lib:/usr/local/cuda/lib64:/usr/local/lib:/usr/lib/x86_64-linux-gnu/gazebo-11/plugins:/opt/ros/humble/opt/rviz_ogre_vendor/lib:/opt/ros/humble/lib/x86_64-linux-gnu:/opt/ros/humble/lib:/usr/local/cuda/lib64 /usr/bin/cmake --install /home/bigdavid/EPSILON_ws/build/behavior_planner
