-- Found ament_cmake: 1.3.12 (/opt/ros/humble/share/ament_cmake/cmake)
-- Found rclcpp: 16.0.15 (/opt/ros/humble/share/rclcpp/cmake)
-- Found rosidl_generator_c: 3.1.6 (/opt/ros/humble/share/rosidl_generator_c/cmake)
-- Found rosidl_adapter: 3.1.6 (/opt/ros/humble/share/rosidl_adapter/cmake)
-- Found rosidl_generator_cpp: 3.1.6 (/opt/ros/humble/share/rosidl_generator_cpp/cmake)
-- Using all available rosidl_typesupport_c: rosidl_typesupport_fastrtps_c;rosidl_typesupport_introspection_c
-- Using all available rosidl_typesupport_cpp: rosidl_typesupport_fastrtps_cpp;rosidl_typesupport_introspection_cpp
-- Found rmw_implementation_cmake: 6.1.2 (/opt/ros/humble/share/rmw_implementation_cmake/cmake)
-- Found rmw_cyclonedds_cpp: 1.3.4 (/opt/ros/humble/share/rmw_cyclonedds_cpp/cmake)
-- Using RMW implementation 'rmw_cyclonedds_cpp' as default
-- Found visualization_msgs: 4.9.0 (/opt/ros/humble/share/visualization_msgs/cmake)
-- Found tf2: 0.25.16 (/opt/ros/humble/share/tf2/cmake)
-- Found tf2_ros: 0.25.16 (/opt/ros/humble/share/tf2_ros/cmake)
-- Found tf2_geometry_msgs: 0.25.16 (/opt/ros/humble/share/tf2_geometry_msgs/cmake)
-- Found eigen3_cmake_module: 0.1.1 (/opt/ros/humble/share/eigen3_cmake_module/cmake)
-- Ensuring Eigen3 include directory is part of orocos-kdl CMake target
-- Found glog    (include: /usr/local/include, library: /usr/local/lib/libglog.so)
-- Found OOQP include dirs: /home/bigdavid/EPSILON_ws/src/EPSILON_ROS2/core/common/thirdparty/ooqp/include/ooqp
-- Found OOQP libraries: /home/bigdavid/EPSILON_ws/src/EPSILON_ROS2/core/common/thirdparty/ooqp/lib/libooqpgensparse.a;/home/bigdavid/EPSILON_ws/src/EPSILON_ROS2/core/common/thirdparty/ooqp/lib/libooqpsparse.a;/home/bigdavid/EPSILON_ws/src/EPSILON_ROS2/core/common/thirdparty/ooqp/lib/libooqpgondzio.a;/home/bigdavid/EPSILON_ws/src/EPSILON_ROS2/core/common/thirdparty/ooqp/lib/libooqpbase.a;/home/bigdavid/EPSILON_ws/src/EPSILON_ROS2/core/common/thirdparty/ooqp/lib/libma27.a;blas;gfortran
-- Found OOQP
[33mCMake Warning at /opt/ros/humble/share/ament_cmake_export_include_directories/cmake/ament_export_include_directories.cmake:44 (message):
  ament_export_include_directories() package 'common' exports the include
  directory
  '/home/bigdavid/EPSILON_ws/src/EPSILON_ROS2/core/common/thirdparty/OOQP/include'
  which doesn't exist
Call Stack (most recent call first):
  CMakeLists.txt:126 (ament_export_include_directories)

[0m
-- Configuring done
-- Generating done
-- Build files have been written to: /home/bigdavid/EPSILON_ws/build/common
[35m[1mConsolidate compiler generated dependencies of target hkust_pl_ooqp_itf[0m
[  4%] [32mBuilding CXX object CMakeFiles/hkust_pl_ooqp_itf.dir/src/common/solver/qp_solver.cc.o[0m
[  9%] [32mBuilding CXX object CMakeFiles/hkust_pl_ooqp_itf.dir/src/common/solver/ooqp_interface.cc.o[0m
[01m[K/home/bigdavid/EPSILON_ws/src/EPSILON_ROS2/core/common/src/common/solver/qp_solver.cc:[m[K In static member function ‘[01m[Kstatic bool common::QuadraticProblem::solve(const Eigen::SparseMatrix<double, 1>&, const Eigen::DiagonalMatrix<double, -1>&, const VectorXd&, const Eigen::DiagonalMatrix<double, -1>&, const Eigen::SparseMatrix<double, 1>&, const VectorXd&, const Eigen::SparseMatrix<double, 1>&, const VectorXd&, const VectorXd&, const VectorXd&, const VectorXd&, Eigen::VectorXd&)[m[K’:
[01m[K/home/bigdavid/EPSILON_ws/src/EPSILON_ROS2/core/common/src/common/solver/qp_solver.cc:23:7:[m[K [01;35m[Kwarning: [m[Kunused variable ‘[01m[Km[m[K’ [[01;35m[K-Wunused-variable[m[K]
   23 |   int [01;35m[Km[m[K = A.rows();
      |       [01;35m[K^[m[K
[ 13%] [32m[1mLinking CXX static library libhkust_pl_ooqp_itf.a[0m
[ 13%] Built target hkust_pl_ooqp_itf
[35m[1mConsolidate compiler generated dependencies of target hkust_pl_common[0m
[ 18%] [32mBuilding CXX object CMakeFiles/hkust_pl_common.dir/src/common/basics/colormap.cc.o[0m
[ 22%] [32mBuilding CXX object CMakeFiles/hkust_pl_common.dir/src/common/spline/lookup_table.cc.o[0m
[ 27%] [32mBuilding CXX object CMakeFiles/hkust_pl_common.dir/src/common/lane/lane.cc.o[0m
[ 31%] [32mBuilding CXX object CMakeFiles/hkust_pl_common.dir/src/common/lane/lane_generator.cc.o[0m
[ 36%] [32mBuilding CXX object CMakeFiles/hkust_pl_common.dir/src/common/state/state_transformer.cc.o[0m
[ 40%] [32mBuilding CXX object CMakeFiles/hkust_pl_common.dir/src/common/math/calculations.cc.o[0m
[ 45%] [32mBuilding CXX object CMakeFiles/hkust_pl_common.dir/src/common/circle_arc/circle_arc.cc.o[0m
[ 50%] [32mBuilding CXX object CMakeFiles/hkust_pl_common.dir/src/common/basics/semantics.cc.o[0m
[ 59%] [32mBuilding CXX object CMakeFiles/hkust_pl_common.dir/src/common/mobil/mobil_behavior_prediction.cc.o[0m
[ 59%] [32mBuilding CXX object CMakeFiles/hkust_pl_common.dir/src/common/basics/shapes.cc.o[0m
[ 63%] [32mBuilding CXX object CMakeFiles/hkust_pl_common.dir/src/common/circle_arc/circle_arc_branch.cc.o[0m
[ 68%] [32mBuilding CXX object CMakeFiles/hkust_pl_common.dir/src/common/state/free_state.cc.o[0m
[ 72%] [32mBuilding CXX object CMakeFiles/hkust_pl_common.dir/src/common/basics/tool_func.cc.o[0m
[ 77%] [32mBuilding CXX object CMakeFiles/hkust_pl_common.dir/src/common/rss/rss_checker.cc.o[0m
[ 81%] [32mBuilding CXX object CMakeFiles/hkust_pl_common.dir/src/common/idm/intelligent_driver_model.cc.o[0m
[ 86%] [32mBuilding CXX object CMakeFiles/hkust_pl_common.dir/src/common/mobil/mobil_model.cc.o[0m
[ 90%] [32mBuilding CXX object CMakeFiles/hkust_pl_common.dir/src/common/spline/spline_generator.cc.o[0m
[ 95%] [32mBuilding CXX object CMakeFiles/hkust_pl_common.dir/src/common/primitive/frenet_primitive.cc.o[0m
[01m[K/home/bigdavid/EPSILON_ws/src/EPSILON_ROS2/core/common/src/common/basics/tool_func.cc:[m[K In function ‘[01m[Kvoid common::GetResultInVector(const std::vector<std::vector<int> >&, const int&, std::vector<int>*, std::vector<std::vector<int> >*)[m[K’:
[01m[K/home/bigdavid/EPSILON_ws/src/EPSILON_ROS2/core/common/src/common/basics/tool_func.cc:30:21:[m[K [01;35m[Kwarning: [m[Kcomparison of integer expressions of different signedness: ‘[01m[Kint[m[K’ and ‘[01m[Kstd::vector<int>::size_type[m[K’ {aka ‘[01m[Klong unsigned int[m[K’} [[01;35m[K-Wsign-compare[m[K]
   30 |   for (int i = 0; [01;35m[Ki < vec[N].size()[m[K; ++i) {
      |                   [01;35m[K~~^~~~~~~~~~~~~~~[m[K
[01m[K/home/bigdavid/EPSILON_ws/src/EPSILON_ROS2/core/common/src/common/basics/tool_func.cc:32:11:[m[K [01;35m[Kwarning: [m[Kcomparison of integer expressions of different signedness: ‘[01m[Kconst int[m[K’ and ‘[01m[Kstd::vector<std::vector<int> >::size_type[m[K’ {aka ‘[01m[Klong unsigned int[m[K’} [[01;35m[K-Wsign-compare[m[K]
   32 |     if ([01;35m[KN < vec.size() - 1[m[K) {
      |         [01;35m[K~~^~~~~~~~~~~~~~~~[m[K
[01m[K/home/bigdavid/EPSILON_ws/src/EPSILON_ROS2/core/common/src/common/basics/tool_func.cc:36:25:[m[K [01;35m[Kwarning: [m[Kcomparison of integer expressions of different signedness: ‘[01m[Kint[m[K’ and ‘[01m[Kstd::vector<int>::size_type[m[K’ {aka ‘[01m[Klong unsigned int[m[K’} [[01;35m[K-Wsign-compare[m[K]
   36 |       for (int i = 0; [01;35m[Ki < tmp->size()[m[K; ++i) {
      |                       [01;35m[K~~^~~~~~~~~~~~~[m[K
In file included from [01m[K/home/bigdavid/EPSILON_ws/src/EPSILON_ROS2/core/common/include/common/spline/spline_generator.h:17[m[K,
                 from [01m[K/home/bigdavid/EPSILON_ws/src/EPSILON_ROS2/core/common/src/common/lane/lane_generator.cc:3[m[K:
[01m[K/home/bigdavid/EPSILON_ws/src/EPSILON_ROS2/core/common/thirdparty/tk_spline/spline.h:371:8:[m[K [01;35m[Kwarning: [m[K‘[01m[Kdouble {anonymous}::tk::spline::get_coeff(int, int) const[m[K’ defined but not used [[01;35m[K-Wunused-function[m[K]
  371 | double [01;35m[Kspline[m[K::get_coeff(int n, int j) const {
      |        [01;35m[K^~~~~~[m[K
[01m[K/home/bigdavid/EPSILON_ws/src/EPSILON_ROS2/core/common/thirdparty/tk_spline/spline.h:369:5:[m[K [01;35m[Kwarning: [m[K‘[01m[Kint {anonymous}::tk::spline::num_pts() const[m[K’ defined but not used [[01;35m[K-Wunused-function[m[K]
  369 | int [01;35m[Kspline[m[K::num_pts() const { return m_a.size(); }
      |     [01;35m[K^~~~~~[m[K
[01m[K/home/bigdavid/EPSILON_ws/src/EPSILON_ROS2/core/common/thirdparty/tk_spline/spline.h:347:8:[m[K [01;35m[Kwarning: [m[K‘[01m[Kdouble {anonymous}::tk::spline::operator()(double) const[m[K’ defined but not used [[01;35m[K-Wunused-function[m[K]
  347 | double [01;35m[Kspline[m[K::operator()(double x) const {
      |        [01;35m[K^~~~~~[m[K
[01m[K/home/bigdavid/EPSILON_ws/src/EPSILON_ROS2/core/common/thirdparty/tk_spline/spline.h:255:6:[m[K [01;35m[Kwarning: [m[K‘[01m[Kvoid {anonymous}::tk::spline::set_points(const std::vector<double>&, const std::vector<double>&, bool)[m[K’ defined but not used [[01;35m[K-Wunused-function[m[K]
  255 | void [01;35m[Kspline[m[K::set_points(const std::vector<double>& x,
      |      [01;35m[K^~~~~~[m[K
[01m[K/home/bigdavid/EPSILON_ws/src/EPSILON_ROS2/core/common/thirdparty/tk_spline/spline.h:244:6:[m[K [01;35m[Kwarning: [m[K‘[01m[Kvoid {anonymous}::tk::spline::set_boundary({anonymous}::tk::spline::bd_type, double, {anonymous}::tk::spline::bd_type, double, bool)[m[K’ defined but not used [[01;35m[K-Wunused-function[m[K]
  244 | void [01;35m[Kspline[m[K::set_boundary(spline::bd_type left, double left_value,
      |      [01;35m[K^~~~~~[m[K
In file included from [01m[K/home/bigdavid/EPSILON_ws/src/EPSILON_ROS2/core/common/include/common/spline/spline_generator.h:17[m[K,
                 from [01m[K/home/bigdavid/EPSILON_ws/src/EPSILON_ROS2/core/common/src/common/spline/spline_generator.cc:1[m[K:
[01m[K/home/bigdavid/EPSILON_ws/src/EPSILON_ROS2/core/common/thirdparty/tk_spline/spline.h:347:8:[m[K [01;35m[Kwarning: [m[K‘[01m[Kdouble {anonymous}::tk::spline::operator()(double) const[m[K’ defined but not used [[01;35m[K-Wunused-function[m[K]
  347 | double [01;35m[Kspline[m[K::operator()(double x) const {
      |        [01;35m[K^~~~~~[m[K
[01m[K/home/bigdavid/EPSILON_ws/src/EPSILON_ROS2/core/common/thirdparty/tk_spline/spline.h:244:6:[m[K [01;35m[Kwarning: [m[K‘[01m[Kvoid {anonymous}::tk::spline::set_boundary({anonymous}::tk::spline::bd_type, double, {anonymous}::tk::spline::bd_type, double, bool)[m[K’ defined but not used [[01;35m[K-Wunused-function[m[K]
  244 | void [01;35m[Kspline[m[K::set_boundary(spline::bd_type left, double left_value,
      |      [01;35m[K^~~~~~[m[K
[100%] [32m[1mLinking CXX static library libhkust_pl_common.a[0m
[100%] Built target hkust_pl_common
-- Install configuration: "Release"
-- Up-to-date: /home/bigdavid/EPSILON_ws/install/common/share/common/environment/library_path.sh
-- Installing: /home/bigdavid/EPSILON_ws/install/common/share/common/environment/library_path.dsv
-- Up-to-date: /home/bigdavid/EPSILON_ws/install/common/include/common
-- Up-to-date: /home/bigdavid/EPSILON_ws/install/common/include/common/state
-- Installing: /home/bigdavid/EPSILON_ws/install/common/include/common/state/state_transformer.h
-- Installing: /home/bigdavid/EPSILON_ws/install/common/include/common/state/state.h
-- Installing: /home/bigdavid/EPSILON_ws/install/common/include/common/state/waypoint.h
-- Installing: /home/bigdavid/EPSILON_ws/install/common/include/common/state/frenet_state.h
-- Installing: /home/bigdavid/EPSILON_ws/install/common/include/common/state/free_state.h
-- Up-to-date: /home/bigdavid/EPSILON_ws/install/common/include/common/solver
-- Installing: /home/bigdavid/EPSILON_ws/install/common/include/common/solver/ooqp_interface.h
-- Installing: /home/bigdavid/EPSILON_ws/install/common/include/common/solver/qp_solver.h
-- Up-to-date: /home/bigdavid/EPSILON_ws/install/common/include/common/rss
-- Installing: /home/bigdavid/EPSILON_ws/install/common/include/common/rss/rss_checker.h
-- Up-to-date: /home/bigdavid/EPSILON_ws/install/common/include/common/primitive
-- Installing: /home/bigdavid/EPSILON_ws/install/common/include/common/primitive/frenet_primitive.h
-- Up-to-date: /home/bigdavid/EPSILON_ws/install/common/include/common/trajectory
-- Installing: /home/bigdavid/EPSILON_ws/install/common/include/common/trajectory/frenet_traj.h
-- Installing: /home/bigdavid/EPSILON_ws/install/common/include/common/trajectory/frenet_primitive_traj.h
-- Installing: /home/bigdavid/EPSILON_ws/install/common/include/common/trajectory/frenet_bezier_traj.h
-- Installing: /home/bigdavid/EPSILON_ws/install/common/include/common/trajectory/trajectory.h
-- Up-to-date: /home/bigdavid/EPSILON_ws/install/common/include/common/circle_arc
-- Installing: /home/bigdavid/EPSILON_ws/install/common/include/common/circle_arc/circle_arc.h
-- Installing: /home/bigdavid/EPSILON_ws/install/common/include/common/circle_arc/circle_arc_branch.h
-- Up-to-date: /home/bigdavid/EPSILON_ws/install/common/include/common/lane
-- Installing: /home/bigdavid/EPSILON_ws/install/common/include/common/lane/lane_generator.h
-- Installing: /home/bigdavid/EPSILON_ws/install/common/include/common/lane/lane.h
-- Up-to-date: /home/bigdavid/EPSILON_ws/install/common/include/common/idm
-- Installing: /home/bigdavid/EPSILON_ws/install/common/include/common/idm/intelligent_driver_model.h
-- Up-to-date: /home/bigdavid/EPSILON_ws/install/common/include/common/math
-- Installing: /home/bigdavid/EPSILON_ws/install/common/include/common/math/poly_roots.h
-- Installing: /home/bigdavid/EPSILON_ws/install/common/include/common/math/calculations.h
-- Up-to-date: /home/bigdavid/EPSILON_ws/install/common/include/common/visualization
-- Installing: /home/bigdavid/EPSILON_ws/install/common/include/common/visualization/common_visualization_util.h
-- Up-to-date: /home/bigdavid/EPSILON_ws/install/common/include/common/basics
-- Installing: /home/bigdavid/EPSILON_ws/install/common/include/common/basics/shapes.h
-- Installing: /home/bigdavid/EPSILON_ws/install/common/include/common/basics/thread_pool.h
-- Installing: /home/bigdavid/EPSILON_ws/install/common/include/common/basics/macros.h
-- Installing: /home/bigdavid/EPSILON_ws/install/common/include/common/basics/tool_func.h
-- Installing: /home/bigdavid/EPSILON_ws/install/common/include/common/basics/config.h
-- Installing: /home/bigdavid/EPSILON_ws/install/common/include/common/basics/colormap.h
-- Installing: /home/bigdavid/EPSILON_ws/install/common/include/common/basics/semantics.h
-- Installing: /home/bigdavid/EPSILON_ws/install/common/include/common/basics/tic_toc.h
-- Installing: /home/bigdavid/EPSILON_ws/install/common/include/common/basics/basics.h
-- Up-to-date: /home/bigdavid/EPSILON_ws/install/common/include/common/spline
-- Installing: /home/bigdavid/EPSILON_ws/install/common/include/common/spline/spline_generator.h
-- Installing: /home/bigdavid/EPSILON_ws/install/common/include/common/spline/lookup_table.h
-- Installing: /home/bigdavid/EPSILON_ws/install/common/include/common/spline/spline.h
-- Installing: /home/bigdavid/EPSILON_ws/install/common/include/common/spline/polynomial.h
-- Installing: /home/bigdavid/EPSILON_ws/install/common/include/common/spline/bezier.h
-- Up-to-date: /home/bigdavid/EPSILON_ws/install/common/include/common/mobil
-- Installing: /home/bigdavid/EPSILON_ws/install/common/include/common/mobil/mobil_behavior_prediction.h
-- Installing: /home/bigdavid/EPSILON_ws/install/common/include/common/mobil/mobil_model.h
-- Up-to-date: /home/bigdavid/EPSILON_ws/install/common/include/common/interface
-- Installing: /home/bigdavid/EPSILON_ws/install/common/include/common/interface/planner.h
-- Installing: /home/bigdavid/EPSILON_ws/install/common/lib/libhkust_pl_common.a
-- Installing: /home/bigdavid/EPSILON_ws/install/common/lib/libhkust_pl_ooqp_itf.a
-- Up-to-date: /home/bigdavid/EPSILON_ws/install/common/share/common/cmake/hkust_pl_export.cmake
-- Up-to-date: /home/bigdavid/EPSILON_ws/install/common/share/common/cmake/hkust_pl_export-release.cmake
-- Up-to-date: /home/bigdavid/EPSILON_ws/install/common/share/common/materials
-- Installing: /home/bigdavid/EPSILON_ws/install/common/share/common/materials/lexus.jpg
-- Installing: /home/bigdavid/EPSILON_ws/install/common/share/common/materials/hexagon_sign.dae
-- Installing: /home/bigdavid/EPSILON_ws/install/common/share/common/materials/bmw_x5.dae
-- Installing: /home/bigdavid/EPSILON_ws/install/common/share/common/materials/traffic_cone.dae
-- Installing: /home/bigdavid/EPSILON_ws/install/common/share/common/materials/lexus.dae
-- Up-to-date: /home/bigdavid/EPSILON_ws/install/common/share/ament_index/resource_index/package_run_dependencies/common
-- Up-to-date: /home/bigdavid/EPSILON_ws/install/common/share/ament_index/resource_index/parent_prefix_path/common
-- Up-to-date: /home/bigdavid/EPSILON_ws/install/common/share/common/environment/ament_prefix_path.sh
-- Installing: /home/bigdavid/EPSILON_ws/install/common/share/common/environment/ament_prefix_path.dsv
-- Up-to-date: /home/bigdavid/EPSILON_ws/install/common/share/common/environment/path.sh
-- Installing: /home/bigdavid/EPSILON_ws/install/common/share/common/environment/path.dsv
-- Up-to-date: /home/bigdavid/EPSILON_ws/install/common/share/common/local_setup.bash
-- Up-to-date: /home/bigdavid/EPSILON_ws/install/common/share/common/local_setup.sh
-- Up-to-date: /home/bigdavid/EPSILON_ws/install/common/share/common/local_setup.zsh
-- Installing: /home/bigdavid/EPSILON_ws/install/common/share/common/local_setup.dsv
-- Installing: /home/bigdavid/EPSILON_ws/install/common/share/common/package.dsv
-- Up-to-date: /home/bigdavid/EPSILON_ws/install/common/share/ament_index/resource_index/packages/common
-- Up-to-date: /home/bigdavid/EPSILON_ws/install/common/share/common/cmake/ament_cmake_export_libraries-extras.cmake
-- Up-to-date: /home/bigdavid/EPSILON_ws/install/common/share/common/cmake/ament_cmake_export_dependencies-extras.cmake
-- Up-to-date: /home/bigdavid/EPSILON_ws/install/common/share/common/cmake/ament_cmake_export_include_directories-extras.cmake
-- Up-to-date: /home/bigdavid/EPSILON_ws/install/common/share/common/cmake/commonConfig.cmake
-- Up-to-date: /home/bigdavid/EPSILON_ws/install/common/share/common/cmake/commonConfig-version.cmake
-- Installing: /home/bigdavid/EPSILON_ws/install/common/share/common/package.xml
