[0.015s] Invoking command in '/home/bigdavid/EPSILON_ws/build/common': CMAKE_PREFIX_PATH=/opt/ros/humble /usr/bin/cmake --build /home/bigdavid/EPSILON_ws/build/common -- -j32 -l32
[0.050s] -- Found ament_cmake: 1.3.12 (/opt/ros/humble/share/ament_cmake/cmake)
[0.202s] -- Found rclcpp: 16.0.15 (/opt/ros/humble/share/rclcpp/cmake)
[0.236s] -- Found rosidl_generator_c: 3.1.6 (/opt/ros/humble/share/rosidl_generator_c/cmake)
[0.239s] -- Found rosidl_adapter: 3.1.6 (/opt/ros/humble/share/rosidl_adapter/cmake)
[0.245s] -- Found rosidl_generator_cpp: 3.1.6 (/opt/ros/humble/share/rosidl_generator_cpp/cmake)
[0.255s] -- Using all available rosidl_typesupport_c: rosidl_typesupport_fastrtps_c;rosidl_typesupport_introspection_c
[0.269s] -- Using all available rosidl_typesupport_cpp: rosidl_typesupport_fastrtps_cpp;rosidl_typesupport_introspection_cpp
[0.304s] -- Found rmw_implementation_cmake: 6.1.2 (/opt/ros/humble/share/rmw_implementation_cmake/cmake)
[0.305s] -- Found rmw_cyclonedds_cpp: 1.3.4 (/opt/ros/humble/share/rmw_cyclonedds_cpp/cmake)
[0.324s] -- Using RMW implementation 'rmw_cyclonedds_cpp' as default
[0.378s] -- Found visualization_msgs: 4.9.0 (/opt/ros/humble/share/visualization_msgs/cmake)
[0.431s] -- Found tf2: 0.25.16 (/opt/ros/humble/share/tf2/cmake)
[0.435s] -- Found tf2_ros: 0.25.16 (/opt/ros/humble/share/tf2_ros/cmake)
[0.520s] -- Found tf2_geometry_msgs: 0.25.16 (/opt/ros/humble/share/tf2_geometry_msgs/cmake)
[0.524s] -- Found eigen3_cmake_module: 0.1.1 (/opt/ros/humble/share/eigen3_cmake_module/cmake)
[0.526s] -- Ensuring Eigen3 include directory is part of orocos-kdl CMake target
[0.540s] -- Found glog    (include: /usr/local/include, library: /usr/local/lib/libglog.so)
[0.547s] -- Found OOQP include dirs: /home/bigdavid/EPSILON_ws/src/EPSILON_ROS2/core/common/thirdparty/ooqp/include/ooqp
[0.547s] -- Found OOQP libraries: /home/bigdavid/EPSILON_ws/src/EPSILON_ROS2/core/common/thirdparty/ooqp/lib/libooqpgensparse.a;/home/bigdavid/EPSILON_ws/src/EPSILON_ROS2/core/common/thirdparty/ooqp/lib/libooqpsparse.a;/home/bigdavid/EPSILON_ws/src/EPSILON_ROS2/core/common/thirdparty/ooqp/lib/libooqpgondzio.a;/home/bigdavid/EPSILON_ws/src/EPSILON_ROS2/core/common/thirdparty/ooqp/lib/libooqpbase.a;/home/bigdavid/EPSILON_ws/src/EPSILON_ROS2/core/common/thirdparty/ooqp/lib/libma27.a;blas;gfortran
[0.547s] -- Found OOQP
[0.557s] [33mCMake Warning at /opt/ros/humble/share/ament_cmake_export_include_directories/cmake/ament_export_include_directories.cmake:44 (message):
[0.557s]   ament_export_include_directories() package 'common' exports the include
[0.557s]   directory
[0.558s]   '/home/bigdavid/EPSILON_ws/src/EPSILON_ROS2/core/common/thirdparty/OOQP/include'
[0.558s]   which doesn't exist
[0.558s] Call Stack (most recent call first):
[0.558s]   CMakeLists.txt:126 (ament_export_include_directories)
[0.558s] 
[0.558s] [0m
[0.636s] -- Configuring done
[0.689s] -- Generating done
[0.695s] -- Build files have been written to: /home/bigdavid/EPSILON_ws/build/common
[0.736s] [35m[1mConsolidate compiler generated dependencies of target hkust_pl_ooqp_itf[0m
[0.768s] [  4%] [32mBuilding CXX object CMakeFiles/hkust_pl_ooqp_itf.dir/src/common/solver/qp_solver.cc.o[0m
[0.769s] [  9%] [32mBuilding CXX object CMakeFiles/hkust_pl_ooqp_itf.dir/src/common/solver/ooqp_interface.cc.o[0m
[0.800s] [01m[K/home/bigdavid/EPSILON_ws/src/EPSILON_ROS2/core/common/src/common/solver/qp_solver.cc:[m[K In static member function ‘[01m[Kstatic bool common::QuadraticProblem::solve(const Eigen::SparseMatrix<double, 1>&, const Eigen::DiagonalMatrix<double, -1>&, const VectorXd&, const Eigen::DiagonalMatrix<double, -1>&, const Eigen::SparseMatrix<double, 1>&, const VectorXd&, const Eigen::SparseMatrix<double, 1>&, const VectorXd&, const VectorXd&, const VectorXd&, const VectorXd&, Eigen::VectorXd&)[m[K’:
[0.800s] [01m[K/home/bigdavid/EPSILON_ws/src/EPSILON_ROS2/core/common/src/common/solver/qp_solver.cc:23:7:[m[K [01;35m[Kwarning: [m[Kunused variable ‘[01m[Km[m[K’ [[01;35m[K-Wunused-variable[m[K]
[0.800s]    23 |   int [01;35m[Km[m[K = A.rows();
[0.800s]       |       [01;35m[K^[m[K
[0.824s] [ 13%] [32m[1mLinking CXX static library libhkust_pl_ooqp_itf.a[0m
[0.873s] [ 13%] Built target hkust_pl_ooqp_itf
[0.901s] [35m[1mConsolidate compiler generated dependencies of target hkust_pl_common[0m
[0.969s] [ 18%] [32mBuilding CXX object CMakeFiles/hkust_pl_common.dir/src/common/basics/colormap.cc.o[0m
[0.976s] [ 22%] [32mBuilding CXX object CMakeFiles/hkust_pl_common.dir/src/common/spline/lookup_table.cc.o[0m
[0.978s] [ 27%] [32mBuilding CXX object CMakeFiles/hkust_pl_common.dir/src/common/lane/lane.cc.o[0m
[0.979s] [ 31%] [32mBuilding CXX object CMakeFiles/hkust_pl_common.dir/src/common/lane/lane_generator.cc.o[0m
[0.982s] [ 36%] [32mBuilding CXX object CMakeFiles/hkust_pl_common.dir/src/common/state/state_transformer.cc.o[0m
[0.985s] [ 40%] [32mBuilding CXX object CMakeFiles/hkust_pl_common.dir/src/common/math/calculations.cc.o[0m
[0.986s] [ 45%] [32mBuilding CXX object CMakeFiles/hkust_pl_common.dir/src/common/circle_arc/circle_arc.cc.o[0m
[0.986s] [ 50%] [32mBuilding CXX object CMakeFiles/hkust_pl_common.dir/src/common/basics/semantics.cc.o[0m
[0.988s] [ 59%] [32mBuilding CXX object CMakeFiles/hkust_pl_common.dir/src/common/mobil/mobil_behavior_prediction.cc.o[0m
[0.988s] [ 59%] [32mBuilding CXX object CMakeFiles/hkust_pl_common.dir/src/common/basics/shapes.cc.o[0m
[0.991s] [ 63%] [32mBuilding CXX object CMakeFiles/hkust_pl_common.dir/src/common/circle_arc/circle_arc_branch.cc.o[0m
[0.992s] [ 68%] [32mBuilding CXX object CMakeFiles/hkust_pl_common.dir/src/common/state/free_state.cc.o[0m
[0.992s] [ 72%] [32mBuilding CXX object CMakeFiles/hkust_pl_common.dir/src/common/basics/tool_func.cc.o[0m
[0.992s] [ 77%] [32mBuilding CXX object CMakeFiles/hkust_pl_common.dir/src/common/rss/rss_checker.cc.o[0m
[0.993s] [ 81%] [32mBuilding CXX object CMakeFiles/hkust_pl_common.dir/src/common/idm/intelligent_driver_model.cc.o[0m
[0.993s] [ 86%] [32mBuilding CXX object CMakeFiles/hkust_pl_common.dir/src/common/mobil/mobil_model.cc.o[0m
[0.995s] [ 90%] [32mBuilding CXX object CMakeFiles/hkust_pl_common.dir/src/common/spline/spline_generator.cc.o[0m
[0.998s] [ 95%] [32mBuilding CXX object CMakeFiles/hkust_pl_common.dir/src/common/primitive/frenet_primitive.cc.o[0m
[1.041s] [01m[K/home/bigdavid/EPSILON_ws/src/EPSILON_ROS2/core/common/src/common/basics/tool_func.cc:[m[K In function ‘[01m[Kvoid common::GetResultInVector(const std::vector<std::vector<int> >&, const int&, std::vector<int>*, std::vector<std::vector<int> >*)[m[K’:
[1.041s] [01m[K/home/bigdavid/EPSILON_ws/src/EPSILON_ROS2/core/common/src/common/basics/tool_func.cc:30:21:[m[K [01;35m[Kwarning: [m[Kcomparison of integer expressions of different signedness: ‘[01m[Kint[m[K’ and ‘[01m[Kstd::vector<int>::size_type[m[K’ {aka ‘[01m[Klong unsigned int[m[K’} [[01;35m[K-Wsign-compare[m[K]
[1.042s]    30 |   for (int i = 0; [01;35m[Ki < vec[N].size()[m[K; ++i) {
[1.042s]       |                   [01;35m[K~~^~~~~~~~~~~~~~~[m[K
[1.042s] [01m[K/home/bigdavid/EPSILON_ws/src/EPSILON_ROS2/core/common/src/common/basics/tool_func.cc:32:11:[m[K [01;35m[Kwarning: [m[Kcomparison of integer expressions of different signedness: ‘[01m[Kconst int[m[K’ and ‘[01m[Kstd::vector<std::vector<int> >::size_type[m[K’ {aka ‘[01m[Klong unsigned int[m[K’} [[01;35m[K-Wsign-compare[m[K]
[1.042s]    32 |     if ([01;35m[KN < vec.size() - 1[m[K) {
[1.043s]       |         [01;35m[K~~^~~~~~~~~~~~~~~~[m[K
[1.043s] [01m[K/home/bigdavid/EPSILON_ws/src/EPSILON_ROS2/core/common/src/common/basics/tool_func.cc:36:25:[m[K [01;35m[Kwarning: [m[Kcomparison of integer expressions of different signedness: ‘[01m[Kint[m[K’ and ‘[01m[Kstd::vector<int>::size_type[m[K’ {aka ‘[01m[Klong unsigned int[m[K’} [[01;35m[K-Wsign-compare[m[K]
[1.043s]    36 |       for (int i = 0; [01;35m[Ki < tmp->size()[m[K; ++i) {
[1.043s]       |                       [01;35m[K~~^~~~~~~~~~~~~[m[K
[3.483s] In file included from [01m[K/home/bigdavid/EPSILON_ws/src/EPSILON_ROS2/core/common/include/common/spline/spline_generator.h:17[m[K,
[3.483s]                  from [01m[K/home/bigdavid/EPSILON_ws/src/EPSILON_ROS2/core/common/src/common/lane/lane_generator.cc:3[m[K:
[3.483s] [01m[K/home/bigdavid/EPSILON_ws/src/EPSILON_ROS2/core/common/thirdparty/tk_spline/spline.h:371:8:[m[K [01;35m[Kwarning: [m[K‘[01m[Kdouble {anonymous}::tk::spline::get_coeff(int, int) const[m[K’ defined but not used [[01;35m[K-Wunused-function[m[K]
[3.484s]   371 | double [01;35m[Kspline[m[K::get_coeff(int n, int j) const {
[3.484s]       |        [01;35m[K^~~~~~[m[K
[3.484s] [01m[K/home/bigdavid/EPSILON_ws/src/EPSILON_ROS2/core/common/thirdparty/tk_spline/spline.h:369:5:[m[K [01;35m[Kwarning: [m[K‘[01m[Kint {anonymous}::tk::spline::num_pts() const[m[K’ defined but not used [[01;35m[K-Wunused-function[m[K]
[3.485s]   369 | int [01;35m[Kspline[m[K::num_pts() const { return m_a.size(); }
[3.485s]       |     [01;35m[K^~~~~~[m[K
[3.485s] [01m[K/home/bigdavid/EPSILON_ws/src/EPSILON_ROS2/core/common/thirdparty/tk_spline/spline.h:347:8:[m[K [01;35m[Kwarning: [m[K‘[01m[Kdouble {anonymous}::tk::spline::operator()(double) const[m[K’ defined but not used [[01;35m[K-Wunused-function[m[K]
[3.485s]   347 | double [01;35m[Kspline[m[K::operator()(double x) const {
[3.486s]       |        [01;35m[K^~~~~~[m[K
[3.486s] [01m[K/home/bigdavid/EPSILON_ws/src/EPSILON_ROS2/core/common/thirdparty/tk_spline/spline.h:255:6:[m[K [01;35m[Kwarning: [m[K‘[01m[Kvoid {anonymous}::tk::spline::set_points(const std::vector<double>&, const std::vector<double>&, bool)[m[K’ defined but not used [[01;35m[K-Wunused-function[m[K]
[3.486s]   255 | void [01;35m[Kspline[m[K::set_points(const std::vector<double>& x,
[3.486s]       |      [01;35m[K^~~~~~[m[K
[3.487s] [01m[K/home/bigdavid/EPSILON_ws/src/EPSILON_ROS2/core/common/thirdparty/tk_spline/spline.h:244:6:[m[K [01;35m[Kwarning: [m[K‘[01m[Kvoid {anonymous}::tk::spline::set_boundary({anonymous}::tk::spline::bd_type, double, {anonymous}::tk::spline::bd_type, double, bool)[m[K’ defined but not used [[01;35m[K-Wunused-function[m[K]
[3.487s]   244 | void [01;35m[Kspline[m[K::set_boundary(spline::bd_type left, double left_value,
[3.487s]       |      [01;35m[K^~~~~~[m[K
[7.033s] In file included from [01m[K/home/bigdavid/EPSILON_ws/src/EPSILON_ROS2/core/common/include/common/spline/spline_generator.h:17[m[K,
[7.033s]                  from [01m[K/home/bigdavid/EPSILON_ws/src/EPSILON_ROS2/core/common/src/common/spline/spline_generator.cc:1[m[K:
[7.033s] [01m[K/home/bigdavid/EPSILON_ws/src/EPSILON_ROS2/core/common/thirdparty/tk_spline/spline.h:347:8:[m[K [01;35m[Kwarning: [m[K‘[01m[Kdouble {anonymous}::tk::spline::operator()(double) const[m[K’ defined but not used [[01;35m[K-Wunused-function[m[K]
[7.033s]   347 | double [01;35m[Kspline[m[K::operator()(double x) const {
[7.033s]       |        [01;35m[K^~~~~~[m[K
[7.033s] [01m[K/home/bigdavid/EPSILON_ws/src/EPSILON_ROS2/core/common/thirdparty/tk_spline/spline.h:244:6:[m[K [01;35m[Kwarning: [m[K‘[01m[Kvoid {anonymous}::tk::spline::set_boundary({anonymous}::tk::spline::bd_type, double, {anonymous}::tk::spline::bd_type, double, bool)[m[K’ defined but not used [[01;35m[K-Wunused-function[m[K]
[7.033s]   244 | void [01;35m[Kspline[m[K::set_boundary(spline::bd_type left, double left_value,
[7.033s]       |      [01;35m[K^~~~~~[m[K
[7.051s] [100%] [32m[1mLinking CXX static library libhkust_pl_common.a[0m
[7.112s] [100%] Built target hkust_pl_common
[7.125s] Invoked command in '/home/bigdavid/EPSILON_ws/build/common' returned '0': CMAKE_PREFIX_PATH=/opt/ros/humble /usr/bin/cmake --build /home/bigdavid/EPSILON_ws/build/common -- -j32 -l32
[7.128s] Invoking command in '/home/bigdavid/EPSILON_ws/build/common': CMAKE_PREFIX_PATH=/opt/ros/humble /usr/bin/cmake --install /home/bigdavid/EPSILON_ws/build/common
[7.136s] -- Install configuration: "Release"
[7.136s] -- Up-to-date: /home/bigdavid/EPSILON_ws/install/common/share/common/environment/library_path.sh
[7.136s] -- Installing: /home/bigdavid/EPSILON_ws/install/common/share/common/environment/library_path.dsv
[7.136s] -- Up-to-date: /home/bigdavid/EPSILON_ws/install/common/include/common
[7.136s] -- Up-to-date: /home/bigdavid/EPSILON_ws/install/common/include/common/state
[7.136s] -- Installing: /home/bigdavid/EPSILON_ws/install/common/include/common/state/state_transformer.h
[7.136s] -- Installing: /home/bigdavid/EPSILON_ws/install/common/include/common/state/state.h
[7.136s] -- Installing: /home/bigdavid/EPSILON_ws/install/common/include/common/state/waypoint.h
[7.136s] -- Installing: /home/bigdavid/EPSILON_ws/install/common/include/common/state/frenet_state.h
[7.137s] -- Installing: /home/bigdavid/EPSILON_ws/install/common/include/common/state/free_state.h
[7.137s] -- Up-to-date: /home/bigdavid/EPSILON_ws/install/common/include/common/solver
[7.137s] -- Installing: /home/bigdavid/EPSILON_ws/install/common/include/common/solver/ooqp_interface.h
[7.137s] -- Installing: /home/bigdavid/EPSILON_ws/install/common/include/common/solver/qp_solver.h
[7.137s] -- Up-to-date: /home/bigdavid/EPSILON_ws/install/common/include/common/rss
[7.137s] -- Installing: /home/bigdavid/EPSILON_ws/install/common/include/common/rss/rss_checker.h
[7.137s] -- Up-to-date: /home/bigdavid/EPSILON_ws/install/common/include/common/primitive
[7.137s] -- Installing: /home/bigdavid/EPSILON_ws/install/common/include/common/primitive/frenet_primitive.h
[7.137s] -- Up-to-date: /home/bigdavid/EPSILON_ws/install/common/include/common/trajectory
[7.137s] -- Installing: /home/bigdavid/EPSILON_ws/install/common/include/common/trajectory/frenet_traj.h
[7.137s] -- Installing: /home/bigdavid/EPSILON_ws/install/common/include/common/trajectory/frenet_primitive_traj.h
[7.137s] -- Installing: /home/bigdavid/EPSILON_ws/install/common/include/common/trajectory/frenet_bezier_traj.h
[7.137s] -- Installing: /home/bigdavid/EPSILON_ws/install/common/include/common/trajectory/trajectory.h
[7.137s] -- Up-to-date: /home/bigdavid/EPSILON_ws/install/common/include/common/circle_arc
[7.137s] -- Installing: /home/bigdavid/EPSILON_ws/install/common/include/common/circle_arc/circle_arc.h
[7.138s] -- Installing: /home/bigdavid/EPSILON_ws/install/common/include/common/circle_arc/circle_arc_branch.h
[7.138s] -- Up-to-date: /home/bigdavid/EPSILON_ws/install/common/include/common/lane
[7.138s] -- Installing: /home/bigdavid/EPSILON_ws/install/common/include/common/lane/lane_generator.h
[7.138s] -- Installing: /home/bigdavid/EPSILON_ws/install/common/include/common/lane/lane.h
[7.138s] -- Up-to-date: /home/bigdavid/EPSILON_ws/install/common/include/common/idm
[7.138s] -- Installing: /home/bigdavid/EPSILON_ws/install/common/include/common/idm/intelligent_driver_model.h
[7.138s] -- Up-to-date: /home/bigdavid/EPSILON_ws/install/common/include/common/math
[7.138s] -- Installing: /home/bigdavid/EPSILON_ws/install/common/include/common/math/poly_roots.h
[7.138s] -- Installing: /home/bigdavid/EPSILON_ws/install/common/include/common/math/calculations.h
[7.138s] -- Up-to-date: /home/bigdavid/EPSILON_ws/install/common/include/common/visualization
[7.139s] -- Installing: /home/bigdavid/EPSILON_ws/install/common/include/common/visualization/common_visualization_util.h
[7.139s] -- Up-to-date: /home/bigdavid/EPSILON_ws/install/common/include/common/basics
[7.139s] -- Installing: /home/bigdavid/EPSILON_ws/install/common/include/common/basics/shapes.h
[7.139s] -- Installing: /home/bigdavid/EPSILON_ws/install/common/include/common/basics/thread_pool.h
[7.139s] -- Installing: /home/bigdavid/EPSILON_ws/install/common/include/common/basics/macros.h
[7.139s] -- Installing: /home/bigdavid/EPSILON_ws/install/common/include/common/basics/tool_func.h
[7.139s] -- Installing: /home/bigdavid/EPSILON_ws/install/common/include/common/basics/config.h
[7.139s] -- Installing: /home/bigdavid/EPSILON_ws/install/common/include/common/basics/colormap.h
[7.139s] -- Installing: /home/bigdavid/EPSILON_ws/install/common/include/common/basics/semantics.h
[7.139s] -- Installing: /home/bigdavid/EPSILON_ws/install/common/include/common/basics/tic_toc.h
[7.139s] -- Installing: /home/bigdavid/EPSILON_ws/install/common/include/common/basics/basics.h
[7.140s] -- Up-to-date: /home/bigdavid/EPSILON_ws/install/common/include/common/spline
[7.140s] -- Installing: /home/bigdavid/EPSILON_ws/install/common/include/common/spline/spline_generator.h
[7.140s] -- Installing: /home/bigdavid/EPSILON_ws/install/common/include/common/spline/lookup_table.h
[7.140s] -- Installing: /home/bigdavid/EPSILON_ws/install/common/include/common/spline/spline.h
[7.140s] -- Installing: /home/bigdavid/EPSILON_ws/install/common/include/common/spline/polynomial.h
[7.140s] -- Installing: /home/bigdavid/EPSILON_ws/install/common/include/common/spline/bezier.h
[7.140s] -- Up-to-date: /home/bigdavid/EPSILON_ws/install/common/include/common/mobil
[7.140s] -- Installing: /home/bigdavid/EPSILON_ws/install/common/include/common/mobil/mobil_behavior_prediction.h
[7.140s] -- Installing: /home/bigdavid/EPSILON_ws/install/common/include/common/mobil/mobil_model.h
[7.140s] -- Up-to-date: /home/bigdavid/EPSILON_ws/install/common/include/common/interface
[7.140s] -- Installing: /home/bigdavid/EPSILON_ws/install/common/include/common/interface/planner.h
[7.140s] -- Installing: /home/bigdavid/EPSILON_ws/install/common/lib/libhkust_pl_common.a
[7.140s] -- Installing: /home/bigdavid/EPSILON_ws/install/common/lib/libhkust_pl_ooqp_itf.a
[7.141s] -- Up-to-date: /home/bigdavid/EPSILON_ws/install/common/share/common/cmake/hkust_pl_export.cmake
[7.141s] -- Up-to-date: /home/bigdavid/EPSILON_ws/install/common/share/common/cmake/hkust_pl_export-release.cmake
[7.141s] -- Up-to-date: /home/bigdavid/EPSILON_ws/install/common/share/common/materials
[7.141s] -- Installing: /home/bigdavid/EPSILON_ws/install/common/share/common/materials/lexus.jpg
[7.141s] -- Installing: /home/bigdavid/EPSILON_ws/install/common/share/common/materials/hexagon_sign.dae
[7.142s] -- Installing: /home/bigdavid/EPSILON_ws/install/common/share/common/materials/bmw_x5.dae
[7.158s] -- Installing: /home/bigdavid/EPSILON_ws/install/common/share/common/materials/traffic_cone.dae
[7.158s] -- Installing: /home/bigdavid/EPSILON_ws/install/common/share/common/materials/lexus.dae
[7.175s] -- Up-to-date: /home/bigdavid/EPSILON_ws/install/common/share/ament_index/resource_index/package_run_dependencies/common
[7.175s] -- Up-to-date: /home/bigdavid/EPSILON_ws/install/common/share/ament_index/resource_index/parent_prefix_path/common
[7.175s] -- Up-to-date: /home/bigdavid/EPSILON_ws/install/common/share/common/environment/ament_prefix_path.sh
[7.175s] -- Installing: /home/bigdavid/EPSILON_ws/install/common/share/common/environment/ament_prefix_path.dsv
[7.175s] -- Up-to-date: /home/bigdavid/EPSILON_ws/install/common/share/common/environment/path.sh
[7.175s] -- Installing: /home/bigdavid/EPSILON_ws/install/common/share/common/environment/path.dsv
[7.175s] -- Up-to-date: /home/bigdavid/EPSILON_ws/install/common/share/common/local_setup.bash
[7.175s] -- Up-to-date: /home/bigdavid/EPSILON_ws/install/common/share/common/local_setup.sh
[7.175s] -- Up-to-date: /home/bigdavid/EPSILON_ws/install/common/share/common/local_setup.zsh
[7.175s] -- Installing: /home/bigdavid/EPSILON_ws/install/common/share/common/local_setup.dsv
[7.175s] -- Installing: /home/bigdavid/EPSILON_ws/install/common/share/common/package.dsv
[7.175s] -- Up-to-date: /home/bigdavid/EPSILON_ws/install/common/share/ament_index/resource_index/packages/common
[7.175s] -- Up-to-date: /home/bigdavid/EPSILON_ws/install/common/share/common/cmake/ament_cmake_export_libraries-extras.cmake
[7.175s] -- Up-to-date: /home/bigdavid/EPSILON_ws/install/common/share/common/cmake/ament_cmake_export_dependencies-extras.cmake
[7.175s] -- Up-to-date: /home/bigdavid/EPSILON_ws/install/common/share/common/cmake/ament_cmake_export_include_directories-extras.cmake
[7.175s] -- Up-to-date: /home/bigdavid/EPSILON_ws/install/common/share/common/cmake/commonConfig.cmake
[7.175s] -- Up-to-date: /home/bigdavid/EPSILON_ws/install/common/share/common/cmake/commonConfig-version.cmake
[7.175s] -- Installing: /home/bigdavid/EPSILON_ws/install/common/share/common/package.xml
[7.178s] Invoked command in '/home/bigdavid/EPSILON_ws/build/common' returned '0': CMAKE_PREFIX_PATH=/opt/ros/humble /usr/bin/cmake --install /home/bigdavid/EPSILON_ws/build/common
