[35m[1mConsolidate compiler generated dependencies of target hkust_pl_rp[0m
[ 50%] [32mBuilding CXX object CMakeFiles/hkust_pl_rp.dir/src/route_planner/route_planner.cc.o[0m
In file included from [01m[K/home/bigdavid/EPSILON_ws/src/EPSILON_ROS2/core/route_planner/src/route_planner/route_planner.cc:1[m[K:
[01m[K/home/bigdavid/EPSILON_ws/src/EPSILON_ROS2/core/route_planner/include/route_planner/route_planner.h:58:44:[m[K [01;31m[Kerror: [m[K‘[01m[KVec2f[m[K’ in namespace ‘[01m[Kcommon[m[K’ does not name a type
   58 |   int FindNearestLaneToPoint(const common::[01;31m[KVec2f[m[K& point);
      |                                            [01;31m[K^~~~~[m[K
[01m[K/home/bigdavid/EPSILON_ws/src/EPSILON_ROS2/core/route_planner/include/route_planner/route_planner.h:97:11:[m[K [01;31m[Kerror: [m[K‘[01m[KVec2f[m[K’ in namespace ‘[01m[Kcommon[m[K’ does not name a type
   97 |   common::[01;31m[KVec2f[m[K goal_point_;  // 目标点坐标
      |           [01;31m[K^~~~~[m[K
[01m[K/home/bigdavid/EPSILON_ws/src/EPSILON_ROS2/core/route_planner/src/route_planner/route_planner.cc:[m[K In member function ‘[01m[Kvoid planning::RoutePlanner::GoalPoseCallback(geometry_msgs::msg::PoseStamped_<std::allocator<void> >::SharedPtr)[m[K’:
[01m[K/home/bigdavid/EPSILON_ws/src/EPSILON_ROS2/core/route_planner/src/route_planner/route_planner.cc:52:3:[m[K [01;31m[Kerror: [m[K‘[01m[Kgoal_point_[m[K’ was not declared in this scope
   52 |   [01;31m[Kgoal_point_[m[K(0) = msg->pose.position.x;
      |   [01;31m[K^~~~~~~~~~~[m[K
[01m[K/home/bigdavid/EPSILON_ws/src/EPSILON_ROS2/core/route_planner/src/route_planner/route_planner.cc:[m[K At global scope:
[01m[K/home/bigdavid/EPSILON_ws/src/EPSILON_ROS2/core/route_planner/src/route_planner/route_planner.cc:67:56:[m[K [01;31m[Kerror: [m[K‘[01m[KVec2f[m[K’ in namespace ‘[01m[Kcommon[m[K’ does not name a type
   67 | int RoutePlanner::FindNearestLaneToPoint(const common::[01;31m[KVec2f[m[K& point) {
      |                                                        [01;31m[K^~~~~[m[K
[01m[K/home/bigdavid/EPSILON_ws/src/EPSILON_ROS2/core/route_planner/src/route_planner/route_planner.cc:[m[K In member function ‘[01m[Kint planning::RoutePlanner::FindNearestLaneToPoint(const int&)[m[K’:
[01m[K/home/bigdavid/EPSILON_ws/src/EPSILON_ROS2/core/route_planner/src/route_planner/route_planner.cc:75:27:[m[K [01;31m[Kerror: [m[K‘[01m[Kconst struct common::LaneRaw[m[K’ has no member named ‘[01m[KDistanceToPoint[m[K’
   75 |     decimal_t dist = lane.[01;31m[KDistanceToPoint[m[K(point);
      |                           [01;31m[K^~~~~~~~~~~~~~~[m[K
[01m[K/home/bigdavid/EPSILON_ws/src/EPSILON_ROS2/core/route_planner/src/route_planner/route_planner.cc:[m[K In member function ‘[01m[KErrorType planning::RoutePlanner::CheckGoalPoseProgress()[m[K’:
[01m[K/home/bigdavid/EPSILON_ws/src/EPSILON_ROS2/core/route_planner/src/route_planner/route_planner.cc:223:28:[m[K [01;31m[Kerror: [m[K‘[01m[Kgoal_point_[m[K’ was not declared in this scope
  223 |   decimal_t dist_to_goal = [01;31m[Kgoal_point_[m[K.DistanceTo(pos);
      |                            [01;31m[K^~~~~~~~~~~[m[K
In file included from [01m[K/opt/ros/humble/include/rclcpp/rclcpp/subscription_base.hpp:32[m[K,
                 from [01m[K/opt/ros/humble/include/rclcpp/rclcpp/callback_group.hpp:29[m[K,
                 from [01m[K/opt/ros/humble/include/rclcpp/rclcpp/any_executable.hpp:20[m[K,
                 from [01m[K/opt/ros/humble/include/rclcpp/rclcpp/memory_strategy.hpp:25[m[K,
                 from [01m[K/opt/ros/humble/include/rclcpp/rclcpp/memory_strategies.hpp:18[m[K,
                 from [01m[K/opt/ros/humble/include/rclcpp/rclcpp/executor_options.hpp:20[m[K,
                 from [01m[K/opt/ros/humble/include/rclcpp/rclcpp/executor.hpp:37[m[K,
                 from [01m[K/opt/ros/humble/include/rclcpp/rclcpp/executors/multi_threaded_executor.hpp:25[m[K,
                 from [01m[K/opt/ros/humble/include/rclcpp/rclcpp/executors.hpp:21[m[K,
                 from [01m[K/opt/ros/humble/include/rclcpp/rclcpp/rclcpp.hpp:155[m[K,
                 from [01m[K/home/bigdavid/EPSILON_ws/src/EPSILON_ROS2/core/route_planner/include/route_planner/route_planner.h:10[m[K,
                 from [01m[K/home/bigdavid/EPSILON_ws/src/EPSILON_ROS2/core/route_planner/src/route_planner/route_planner.cc:1[m[K:
/opt/ros/humble/include/rclcpp/rclcpp/any_subscription_callback.hpp: In instantiation of ‘[01m[Krclcpp::AnySubscriptionCallback<MessageT, AllocatorT> rclcpp::AnySubscriptionCallback<MessageT, AllocatorT>::set(CallbackT) [with CallbackT = std::_Bind<void (planning::RoutePlanner::*(planning::RoutePlanner*, std::_Placeholder<1>))(std::shared_ptr<geometry_msgs::msg::PoseStamped_<std::allocator<void> > >)>; MessageT = geometry_msgs::msg::PoseStamped_<std::allocator<void> >; AllocatorT = std::allocator<void>][m[K’:
[01m[K/opt/ros/humble/include/rclcpp/rclcpp/subscription_factory.hpp:94:32:[m[K   required from ‘[01m[Krclcpp::SubscriptionFactory rclcpp::create_subscription_factory(CallbackT&&, const rclcpp::SubscriptionOptionsWithAllocator<AllocatorT>&, typename MessageMemoryStrategyT::SharedPtr, std::shared_ptr<rclcpp::topic_statistics::SubscriptionTopicStatistics<ROSMessageType> >) [with MessageT = geometry_msgs::msg::PoseStamped_<std::allocator<void> >; CallbackT = std::_Bind<void (planning::RoutePlanner::*(planning::RoutePlanner*, std::_Placeholder<1>))(std::shared_ptr<geometry_msgs::msg::PoseStamped_<std::allocator<void> > >)>; AllocatorT = std::allocator<void>; SubscriptionT = rclcpp::Subscription<geometry_msgs::msg::PoseStamped_<std::allocator<void> > >; MessageMemoryStrategyT = rclcpp::message_memory_strategy::MessageMemoryStrategy<geometry_msgs::msg::PoseStamped_<std::allocator<void> >, std::allocator<void> >; ROSMessageType = geometry_msgs::msg::PoseStamped_<std::allocator<void> >; typename MessageMemoryStrategyT::SharedPtr = std::shared_ptr<rclcpp::message_memory_strategy::MessageMemoryStrategy<geometry_msgs::msg::PoseStamped_<std::allocator<void> >, std::allocator<void> > >][m[K’
[01m[K/opt/ros/humble/include/rclcpp/rclcpp/create_subscription.hpp:122:63:[m[K   required from ‘[01m[Kstd::shared_ptr<ROSMessageT> rclcpp::detail::create_subscription(NodeParametersT&, NodeTopicsT&, const string&, const rclcpp::QoS&, CallbackT&&, const rclcpp::SubscriptionOptionsWithAllocator<AllocatorT>&, typename MessageMemoryStrategyT::SharedPtr) [with MessageT = geometry_msgs::msg::PoseStamped_<std::allocator<void> >; CallbackT = std::_Bind<void (planning::RoutePlanner::*(planning::RoutePlanner*, std::_Placeholder<1>))(std::shared_ptr<geometry_msgs::msg::PoseStamped_<std::allocator<void> > >)>; AllocatorT = std::allocator<void>; SubscriptionT = rclcpp::Subscription<geometry_msgs::msg::PoseStamped_<std::allocator<void> > >; MessageMemoryStrategyT = rclcpp::message_memory_strategy::MessageMemoryStrategy<geometry_msgs::msg::PoseStamped_<std::allocator<void> >, std::allocator<void> >; NodeParametersT = rclcpp::Node; NodeTopicsT = rclcpp::Node; ROSMessageType = geometry_msgs::msg::PoseStamped_<std::allocator<void> >; std::string = std::__cxx11::basic_string<char>; typename MessageMemoryStrategyT::SharedPtr = std::shared_ptr<rclcpp::message_memory_strategy::MessageMemoryStrategy<geometry_msgs::msg::PoseStamped_<std::allocator<void> >, std::allocator<void> > >][m[K’
[01m[K/opt/ros/humble/include/rclcpp/rclcpp/create_subscription.hpp:191:76:[m[K   required from ‘[01m[Kstd::shared_ptr<ROSMessageT> rclcpp::create_subscription(NodeT&, const string&, const rclcpp::QoS&, CallbackT&&, const rclcpp::SubscriptionOptionsWithAllocator<AllocatorT>&, typename MessageMemoryStrategyT::SharedPtr) [with MessageT = geometry_msgs::msg::PoseStamped_<std::allocator<void> >; CallbackT = std::_Bind<void (planning::RoutePlanner::*(planning::RoutePlanner*, std::_Placeholder<1>))(std::shared_ptr<geometry_msgs::msg::PoseStamped_<std::allocator<void> > >)>; AllocatorT = std::allocator<void>; SubscriptionT = rclcpp::Subscription<geometry_msgs::msg::PoseStamped_<std::allocator<void> > >; MessageMemoryStrategyT = rclcpp::message_memory_strategy::MessageMemoryStrategy<geometry_msgs::msg::PoseStamped_<std::allocator<void> >, std::allocator<void> >; NodeT = rclcpp::Node; std::string = std::__cxx11::basic_string<char>; typename MessageMemoryStrategyT::SharedPtr = std::shared_ptr<rclcpp::message_memory_strategy::MessageMemoryStrategy<geometry_msgs::msg::PoseStamped_<std::allocator<void> >, std::allocator<void> > >][m[K’
[01m[K/opt/ros/humble/include/rclcpp/rclcpp/node_impl.hpp:99:47:[m[K   required from ‘[01m[Kstd::shared_ptr<ROSMessageT> rclcpp::Node::create_subscription(const string&, const rclcpp::QoS&, CallbackT&&, const rclcpp::SubscriptionOptionsWithAllocator<AllocatorT>&, typename MessageMemoryStrategyT::SharedPtr) [with MessageT = geometry_msgs::msg::PoseStamped_<std::allocator<void> >; CallbackT = std::_Bind<void (planning::RoutePlanner::*(planning::RoutePlanner*, std::_Placeholder<1>))(std::shared_ptr<geometry_msgs::msg::PoseStamped_<std::allocator<void> > >)>; AllocatorT = std::allocator<void>; SubscriptionT = rclcpp::Subscription<geometry_msgs::msg::PoseStamped_<std::allocator<void> > >; MessageMemoryStrategyT = rclcpp::message_memory_strategy::MessageMemoryStrategy<geometry_msgs::msg::PoseStamped_<std::allocator<void> >, std::allocator<void> >; std::string = std::__cxx11::basic_string<char>; typename MessageMemoryStrategyT::SharedPtr = std::shared_ptr<rclcpp::message_memory_strategy::MessageMemoryStrategy<geometry_msgs::msg::PoseStamped_<std::allocator<void> >, std::allocator<void> > >][m[K’
[01m[K/home/bigdavid/EPSILON_ws/src/EPSILON_ROS2/core/route_planner/src/route_planner/route_planner.cc:17:54:[m[K   required from here
[01m[K/opt/ros/humble/include/rclcpp/rclcpp/any_subscription_callback.hpp:391:21:[m[K [01;35m[Kwarning: [m[K‘[01m[Kvoid rclcpp::AnySubscriptionCallback<MessageT, AllocatorT>::set_deprecated(std::function<void(std::shared_ptr<_Yp>)>) [with SetT = geometry_msgs::msg::PoseStamped_<std::allocator<void> >; MessageT = geometry_msgs::msg::PoseStamped_<std::allocator<void> >; AllocatorT = std::allocator<void>][m[K’ is deprecated: use 'void(std::shared_ptr<const MessageT>)' instead [[01;35m[K-Wdeprecated-declarations[m[K]
  391 |       [01;35m[Kset_deprecated(static_cast<typename scbth::callback_type>(callback))[m[K;
      |       [01;35m[K~~~~~~~~~~~~~~^~~~~~~~~~~~~~~~~~~~~~~~~~~~~~~~~~~~~~~~~~~~~~~~~~~~~~[m[K
[01m[K/opt/ros/humble/include/rclcpp/rclcpp/any_subscription_callback.hpp:408:3:[m[K [01;36m[Knote: [m[Kdeclared here
  408 |   [01;36m[Kset_deprecated[m[K(std::function<void(std::shared_ptr<SetT>)> callback)
      |   [01;36m[K^~~~~~~~~~~~~~[m[K
gmake[2]: *** [CMakeFiles/hkust_pl_rp.dir/build.make:76：CMakeFiles/hkust_pl_rp.dir/src/route_planner/route_planner.cc.o] 错误 1
gmake[1]: *** [CMakeFiles/Makefile2:137：CMakeFiles/hkust_pl_rp.dir/all] 错误 2
gmake: *** [Makefile:146：all] 错误 2
