[0.027s] Invoking command in '/home/bigdavid/EPSILON_ws/build/aux_tools': AMENT_PREFIX_PATH=/home/bigdavid/EPSILON_ws/install/vehicle_msgs:/home/bigdavid/EPSILON_ws/install/common:${AMENT_PREFIX_PATH} CMAKE_PREFIX_PATH=/home/bigdavid/EPSILON_ws/install/vehicle_msgs:/home/bigdavid/EPSILON_ws/install/common:/opt/ros/humble LD_LIBRARY_PATH=/home/bigdavid/EPSILON_ws/install/vehicle_msgs/lib:/home/bigdavid/EPSILON_ws/install/common/lib:/usr/local/lib:/usr/lib/x86_64-linux-gnu/gazebo-11/plugins:/opt/ros/humble/opt/rviz_ogre_vendor/lib:/opt/ros/humble/lib/x86_64-linux-gnu:/opt/ros/humble/lib:/usr/local/cuda/lib64 PYTHONPATH=/home/bigdavid/EPSILON_ws/install/vehicle_msgs/local/lib/python3.10/dist-packages:${PYTHONPATH} /usr/bin/cmake --build /home/bigdavid/EPSILON_ws/build/aux_tools -- -j32 -l32
[0.085s] Invoked command in '/home/bigdavid/EPSILON_ws/build/aux_tools' returned '0': AMENT_PREFIX_PATH=/home/bigdavid/EPSILON_ws/install/vehicle_msgs:/home/bigdavid/EPSILON_ws/install/common:${AMENT_PREFIX_PATH} CMAKE_PREFIX_PATH=/home/bigdavid/EPSILON_ws/install/vehicle_msgs:/home/bigdavid/EPSILON_ws/install/common:/opt/ros/humble LD_LIBRARY_PATH=/home/bigdavid/EPSILON_ws/install/vehicle_msgs/lib:/home/bigdavid/EPSILON_ws/install/common/lib:/usr/local/lib:/usr/lib/x86_64-linux-gnu/gazebo-11/plugins:/opt/ros/humble/opt/rviz_ogre_vendor/lib:/opt/ros/humble/lib/x86_64-linux-gnu:/opt/ros/humble/lib:/usr/local/cuda/lib64 PYTHONPATH=/home/bigdavid/EPSILON_ws/install/vehicle_msgs/local/lib/python3.10/dist-packages:${PYTHONPATH} /usr/bin/cmake --build /home/bigdavid/EPSILON_ws/build/aux_tools -- -j32 -l32
[0.090s] Invoking command in '/home/bigdavid/EPSILON_ws/build/aux_tools': AMENT_PREFIX_PATH=/home/bigdavid/EPSILON_ws/install/vehicle_msgs:/home/bigdavid/EPSILON_ws/install/common:${AMENT_PREFIX_PATH} CMAKE_PREFIX_PATH=/home/bigdavid/EPSILON_ws/install/vehicle_msgs:/home/bigdavid/EPSILON_ws/install/common:/opt/ros/humble LD_LIBRARY_PATH=/home/bigdavid/EPSILON_ws/install/vehicle_msgs/lib:/home/bigdavid/EPSILON_ws/install/common/lib:/usr/local/lib:/usr/lib/x86_64-linux-gnu/gazebo-11/plugins:/opt/ros/humble/opt/rviz_ogre_vendor/lib:/opt/ros/humble/lib/x86_64-linux-gnu:/opt/ros/humble/lib:/usr/local/cuda/lib64 PYTHONPATH=/home/bigdavid/EPSILON_ws/install/vehicle_msgs/local/lib/python3.10/dist-packages:${PYTHONPATH} /usr/bin/cmake --install /home/bigdavid/EPSILON_ws/build/aux_tools
[0.103s] -- Install configuration: ""
[0.104s] -- Up-to-date: /home/bigdavid/EPSILON_ws/install/aux_tools/share/ament_index/resource_index/package_run_dependencies/aux_tools
[0.104s] -- Up-to-date: /home/bigdavid/EPSILON_ws/install/aux_tools/share/ament_index/resource_index/parent_prefix_path/aux_tools
[0.106s] -- Up-to-date: /home/bigdavid/EPSILON_ws/install/aux_tools/share/aux_tools/environment/ament_prefix_path.sh
[0.109s] -- Up-to-date: /home/bigdavid/EPSILON_ws/install/aux_tools/share/aux_tools/environment/ament_prefix_path.dsv
[0.111s] -- Up-to-date: /home/bigdavid/EPSILON_ws/install/aux_tools/share/aux_tools/environment/path.sh
[0.111s] -- Up-to-date: /home/bigdavid/EPSILON_ws/install/aux_tools/share/aux_tools/environment/path.dsv
[0.112s] -- Up-to-date: /home/bigdavid/EPSILON_ws/install/aux_tools/share/aux_tools/local_setup.bash
[0.112s] -- Up-to-date: /home/bigdavid/EPSILON_ws/install/aux_tools/share/aux_tools/local_setup.sh
[0.113s] -- Up-to-date: /home/bigdavid/EPSILON_ws/install/aux_tools/share/aux_tools/local_setup.zsh
[0.114s] -- Up-to-date: /home/bigdavid/EPSILON_ws/install/aux_tools/share/aux_tools/local_setup.dsv
[0.114s] -- Up-to-date: /home/bigdavid/EPSILON_ws/install/aux_tools/share/aux_tools/package.dsv
[0.115s] -- Up-to-date: /home/bigdavid/EPSILON_ws/install/aux_tools/share/ament_index/resource_index/packages/aux_tools
[0.115s] -- Up-to-date: /home/bigdavid/EPSILON_ws/install/aux_tools/share/aux_tools/cmake/aux_toolsConfig.cmake
[0.115s] -- Up-to-date: /home/bigdavid/EPSILON_ws/install/aux_tools/share/aux_tools/cmake/aux_toolsConfig-version.cmake
[0.116s] -- Up-to-date: /home/bigdavid/EPSILON_ws/install/aux_tools/share/aux_tools/package.xml
[0.117s] Invoked command in '/home/bigdavid/EPSILON_ws/build/aux_tools' returned '0': AMENT_PREFIX_PATH=/home/bigdavid/EPSILON_ws/install/vehicle_msgs:/home/bigdavid/EPSILON_ws/install/common:${AMENT_PREFIX_PATH} CMAKE_PREFIX_PATH=/home/bigdavid/EPSILON_ws/install/vehicle_msgs:/home/bigdavid/EPSILON_ws/install/common:/opt/ros/humble LD_LIBRARY_PATH=/home/bigdavid/EPSILON_ws/install/vehicle_msgs/lib:/home/bigdavid/EPSILON_ws/install/common/lib:/usr/local/lib:/usr/lib/x86_64-linux-gnu/gazebo-11/plugins:/opt/ros/humble/opt/rviz_ogre_vendor/lib:/opt/ros/humble/lib/x86_64-linux-gnu:/opt/ros/humble/lib:/usr/local/cuda/lib64 PYTHONPATH=/home/bigdavid/EPSILON_ws/install/vehicle_msgs/local/lib/python3.10/dist-packages:${PYTHONPATH} /usr/bin/cmake --install /home/bigdavid/EPSILON_ws/build/aux_tools
