[0.014s] Invoking command in '/home/bigdavid/EPSILON_ws/build/phy_simulator': CMAKE_PREFIX_PATH=/home/bigdavid/EPSILON_ws/install/vehicle_msgs:/home/bigdavid/EPSILON_ws/install/vehicle_model:/home/bigdavid/EPSILON_ws/install/common:/home/bigdavid/EPSILON_ws/install/planning_integrated:/home/bigdavid/EPSILON_ws/install/ssc_planner:/home/bigdavid/EPSILON_ws/install/eudm_planner:/home/bigdavid/EPSILON_ws/install/ai_agent_planner:/home/bigdavid/EPSILON_ws/install/behavior_planner:/home/bigdavid/EPSILON_ws/install/route_planner:/home/bigdavid/EPSILON_ws/install/semantic_map_manager:/home/bigdavid/EPSILON_ws/install/phy_simulator:/home/bigdavid/EPSILON_ws/install/aux_tools:/home/bigdavid/EPSILON_ws/install/motion_predictor:/home/bigdavid/EPSILON_ws/install/forward_simulator:/home/bigdavid/EPSILON_ws/install/utm_to_car_transform:/home/bigdavid/EPSILON_ws/install/playgrounds:/opt/ros/humble LD_LIBRARY_PATH=/home/bigdavid/EPSILON_ws/install/vehicle_msgs/lib:/home/bigdavid/EPSILON_ws/install/ssc_planner/lib:/home/bigdavid/EPSILON_ws/install/eudm_planner/lib:/home/bigdavid/EPSILON_ws/install/behavior_planner/lib:/home/bigdavid/EPSILON_ws/install/route_planner/lib:/home/bigdavid/EPSILON_ws/install/semantic_map_manager/lib:/home/bigdavid/EPSILON_ws/install/phy_simulator/lib:/home/bigdavid/EPSILON_ws/install/motion_predictor/lib:/home/bigdavid/EPSILON_ws/install/forward_simulator/lib:/home/bigdavid/EPSILON_ws/install/vehicle_model/lib:/home/bigdavid/EPSILON_ws/install/common/lib:/usr/local/lib:/usr/local/cuda/lib64:/usr/local/lib:/usr/lib/x86_64-linux-gnu/gazebo-11/plugins:/opt/ros/humble/opt/rviz_ogre_vendor/lib:/opt/ros/humble/lib/x86_64-linux-gnu:/opt/ros/humble/lib:/usr/local/cuda/lib64 /usr/bin/cmake --build /home/bigdavid/EPSILON_ws/build/phy_simulator -- -j32 -l32
[0.057s] [ 42%] Built target phy_simulator_lib
[0.094s] [100%] Built target phy_simulator_planning_node
[0.109s] Invoked command in '/home/bigdavid/EPSILON_ws/build/phy_simulator' returned '0': CMAKE_PREFIX_PATH=/home/bigdavid/EPSILON_ws/install/vehicle_msgs:/home/bigdavid/EPSILON_ws/install/vehicle_model:/home/bigdavid/EPSILON_ws/install/common:/home/bigdavid/EPSILON_ws/install/planning_integrated:/home/bigdavid/EPSILON_ws/install/ssc_planner:/home/bigdavid/EPSILON_ws/install/eudm_planner:/home/bigdavid/EPSILON_ws/install/ai_agent_planner:/home/bigdavid/EPSILON_ws/install/behavior_planner:/home/bigdavid/EPSILON_ws/install/route_planner:/home/bigdavid/EPSILON_ws/install/semantic_map_manager:/home/bigdavid/EPSILON_ws/install/phy_simulator:/home/bigdavid/EPSILON_ws/install/aux_tools:/home/bigdavid/EPSILON_ws/install/motion_predictor:/home/bigdavid/EPSILON_ws/install/forward_simulator:/home/bigdavid/EPSILON_ws/install/utm_to_car_transform:/home/bigdavid/EPSILON_ws/install/playgrounds:/opt/ros/humble LD_LIBRARY_PATH=/home/bigdavid/EPSILON_ws/install/vehicle_msgs/lib:/home/bigdavid/EPSILON_ws/install/ssc_planner/lib:/home/bigdavid/EPSILON_ws/install/eudm_planner/lib:/home/bigdavid/EPSILON_ws/install/behavior_planner/lib:/home/bigdavid/EPSILON_ws/install/route_planner/lib:/home/bigdavid/EPSILON_ws/install/semantic_map_manager/lib:/home/bigdavid/EPSILON_ws/install/phy_simulator/lib:/home/bigdavid/EPSILON_ws/install/motion_predictor/lib:/home/bigdavid/EPSILON_ws/install/forward_simulator/lib:/home/bigdavid/EPSILON_ws/install/vehicle_model/lib:/home/bigdavid/EPSILON_ws/install/common/lib:/usr/local/lib:/usr/local/cuda/lib64:/usr/local/lib:/usr/lib/x86_64-linux-gnu/gazebo-11/plugins:/opt/ros/humble/opt/rviz_ogre_vendor/lib:/opt/ros/humble/lib/x86_64-linux-gnu:/opt/ros/humble/lib:/usr/local/cuda/lib64 /usr/bin/cmake --build /home/bigdavid/EPSILON_ws/build/phy_simulator -- -j32 -l32
[0.110s] Invoking command in '/home/bigdavid/EPSILON_ws/build/phy_simulator': CMAKE_PREFIX_PATH=/home/bigdavid/EPSILON_ws/install/vehicle_msgs:/home/bigdavid/EPSILON_ws/install/vehicle_model:/home/bigdavid/EPSILON_ws/install/common:/home/bigdavid/EPSILON_ws/install/planning_integrated:/home/bigdavid/EPSILON_ws/install/ssc_planner:/home/bigdavid/EPSILON_ws/install/eudm_planner:/home/bigdavid/EPSILON_ws/install/ai_agent_planner:/home/bigdavid/EPSILON_ws/install/behavior_planner:/home/bigdavid/EPSILON_ws/install/route_planner:/home/bigdavid/EPSILON_ws/install/semantic_map_manager:/home/bigdavid/EPSILON_ws/install/phy_simulator:/home/bigdavid/EPSILON_ws/install/aux_tools:/home/bigdavid/EPSILON_ws/install/motion_predictor:/home/bigdavid/EPSILON_ws/install/forward_simulator:/home/bigdavid/EPSILON_ws/install/utm_to_car_transform:/home/bigdavid/EPSILON_ws/install/playgrounds:/opt/ros/humble LD_LIBRARY_PATH=/home/bigdavid/EPSILON_ws/install/vehicle_msgs/lib:/home/bigdavid/EPSILON_ws/install/ssc_planner/lib:/home/bigdavid/EPSILON_ws/install/eudm_planner/lib:/home/bigdavid/EPSILON_ws/install/behavior_planner/lib:/home/bigdavid/EPSILON_ws/install/route_planner/lib:/home/bigdavid/EPSILON_ws/install/semantic_map_manager/lib:/home/bigdavid/EPSILON_ws/install/phy_simulator/lib:/home/bigdavid/EPSILON_ws/install/motion_predictor/lib:/home/bigdavid/EPSILON_ws/install/forward_simulator/lib:/home/bigdavid/EPSILON_ws/install/vehicle_model/lib:/home/bigdavid/EPSILON_ws/install/common/lib:/usr/local/lib:/usr/local/cuda/lib64:/usr/local/lib:/usr/lib/x86_64-linux-gnu/gazebo-11/plugins:/opt/ros/humble/opt/rviz_ogre_vendor/lib:/opt/ros/humble/lib/x86_64-linux-gnu:/opt/ros/humble/lib:/usr/local/cuda/lib64 /usr/bin/cmake --install /home/bigdavid/EPSILON_ws/build/phy_simulator
[0.117s] -- Install configuration: "Release"
[0.118s] -- Up-to-date: /home/bigdavid/EPSILON_ws/install/phy_simulator/lib/libphy_simulator_lib.a
[0.118s] -- Up-to-date: /home/bigdavid/EPSILON_ws/install/phy_simulator/lib/phy_simulator/phy_simulator_planning_node
[0.118s] -- Up-to-date: /home/bigdavid/EPSILON_ws/install/phy_simulator/include
[0.118s] -- Up-to-date: /home/bigdavid/EPSILON_ws/install/phy_simulator/include/phy_simulator
[0.118s] -- Up-to-date: /home/bigdavid/EPSILON_ws/install/phy_simulator/include/phy_simulator/ros_adapter.h
[0.118s] -- Up-to-date: /home/bigdavid/EPSILON_ws/install/phy_simulator/include/phy_simulator/phy_simulator.h
[0.118s] -- Up-to-date: /home/bigdavid/EPSILON_ws/install/phy_simulator/include/phy_simulator/arena_loader.h
[0.118s] -- Up-to-date: /home/bigdavid/EPSILON_ws/install/phy_simulator/include/phy_simulator/visualizer.h
[0.118s] -- Up-to-date: /home/bigdavid/EPSILON_ws/install/phy_simulator/include/phy_simulator/basics.h
[0.118s] -- Up-to-date: /home/bigdavid/EPSILON_ws/install/phy_simulator/share/phy_simulator/launch
[0.118s] -- Up-to-date: /home/bigdavid/EPSILON_ws/install/phy_simulator/share/phy_simulator/launch/phy_simulator_planning.launch
[0.118s] -- Up-to-date: /home/bigdavid/EPSILON_ws/install/phy_simulator/share/phy_simulator/launch/joy_ctrl.launch
[0.118s] -- Up-to-date: /home/bigdavid/EPSILON_ws/install/phy_simulator/share/phy_simulator/launch/joy_ctrl_launch.py
[0.118s] -- Up-to-date: /home/bigdavid/EPSILON_ws/install/phy_simulator/share/phy_simulator/launch/phy_simulator_planning_launch.py
[0.118s] -- Up-to-date: /home/bigdavid/EPSILON_ws/install/phy_simulator/share/phy_simulator/environment/library_path.sh
[0.119s] -- Up-to-date: /home/bigdavid/EPSILON_ws/install/phy_simulator/share/phy_simulator/environment/library_path.dsv
[0.119s] -- Up-to-date: /home/bigdavid/EPSILON_ws/install/phy_simulator/share/ament_index/resource_index/package_run_dependencies/phy_simulator
[0.119s] -- Up-to-date: /home/bigdavid/EPSILON_ws/install/phy_simulator/share/ament_index/resource_index/parent_prefix_path/phy_simulator
[0.119s] -- Up-to-date: /home/bigdavid/EPSILON_ws/install/phy_simulator/share/phy_simulator/environment/ament_prefix_path.sh
[0.119s] -- Up-to-date: /home/bigdavid/EPSILON_ws/install/phy_simulator/share/phy_simulator/environment/ament_prefix_path.dsv
[0.119s] -- Up-to-date: /home/bigdavid/EPSILON_ws/install/phy_simulator/share/phy_simulator/environment/path.sh
[0.119s] -- Up-to-date: /home/bigdavid/EPSILON_ws/install/phy_simulator/share/phy_simulator/environment/path.dsv
[0.119s] -- Up-to-date: /home/bigdavid/EPSILON_ws/install/phy_simulator/share/phy_simulator/local_setup.bash
[0.119s] -- Up-to-date: /home/bigdavid/EPSILON_ws/install/phy_simulator/share/phy_simulator/local_setup.sh
[0.119s] -- Up-to-date: /home/bigdavid/EPSILON_ws/install/phy_simulator/share/phy_simulator/local_setup.zsh
[0.119s] -- Up-to-date: /home/bigdavid/EPSILON_ws/install/phy_simulator/share/phy_simulator/local_setup.dsv
[0.119s] -- Installing: /home/bigdavid/EPSILON_ws/install/phy_simulator/share/phy_simulator/package.dsv
[0.119s] -- Up-to-date: /home/bigdavid/EPSILON_ws/install/phy_simulator/share/ament_index/resource_index/packages/phy_simulator
[0.119s] -- Up-to-date: /home/bigdavid/EPSILON_ws/install/phy_simulator/share/phy_simulator/cmake/ament_cmake_export_libraries-extras.cmake
[0.119s] -- Up-to-date: /home/bigdavid/EPSILON_ws/install/phy_simulator/share/phy_simulator/cmake/ament_cmake_export_dependencies-extras.cmake
[0.119s] -- Up-to-date: /home/bigdavid/EPSILON_ws/install/phy_simulator/share/phy_simulator/cmake/ament_cmake_export_include_directories-extras.cmake
[0.119s] -- Up-to-date: /home/bigdavid/EPSILON_ws/install/phy_simulator/share/phy_simulator/cmake/phy_simulatorConfig.cmake
[0.119s] -- Up-to-date: /home/bigdavid/EPSILON_ws/install/phy_simulator/share/phy_simulator/cmake/phy_simulatorConfig-version.cmake
[0.119s] -- Up-to-date: /home/bigdavid/EPSILON_ws/install/phy_simulator/share/phy_simulator/package.xml
[0.124s] Invoked command in '/home/bigdavid/EPSILON_ws/build/phy_simulator' returned '0': CMAKE_PREFIX_PATH=/home/bigdavid/EPSILON_ws/install/vehicle_msgs:/home/bigdavid/EPSILON_ws/install/vehicle_model:/home/bigdavid/EPSILON_ws/install/common:/home/bigdavid/EPSILON_ws/install/planning_integrated:/home/bigdavid/EPSILON_ws/install/ssc_planner:/home/bigdavid/EPSILON_ws/install/eudm_planner:/home/bigdavid/EPSILON_ws/install/ai_agent_planner:/home/bigdavid/EPSILON_ws/install/behavior_planner:/home/bigdavid/EPSILON_ws/install/route_planner:/home/bigdavid/EPSILON_ws/install/semantic_map_manager:/home/bigdavid/EPSILON_ws/install/phy_simulator:/home/bigdavid/EPSILON_ws/install/aux_tools:/home/bigdavid/EPSILON_ws/install/motion_predictor:/home/bigdavid/EPSILON_ws/install/forward_simulator:/home/bigdavid/EPSILON_ws/install/utm_to_car_transform:/home/bigdavid/EPSILON_ws/install/playgrounds:/opt/ros/humble LD_LIBRARY_PATH=/home/bigdavid/EPSILON_ws/install/vehicle_msgs/lib:/home/bigdavid/EPSILON_ws/install/ssc_planner/lib:/home/bigdavid/EPSILON_ws/install/eudm_planner/lib:/home/bigdavid/EPSILON_ws/install/behavior_planner/lib:/home/bigdavid/EPSILON_ws/install/route_planner/lib:/home/bigdavid/EPSILON_ws/install/semantic_map_manager/lib:/home/bigdavid/EPSILON_ws/install/phy_simulator/lib:/home/bigdavid/EPSILON_ws/install/motion_predictor/lib:/home/bigdavid/EPSILON_ws/install/forward_simulator/lib:/home/bigdavid/EPSILON_ws/install/vehicle_model/lib:/home/bigdavid/EPSILON_ws/install/common/lib:/usr/local/lib:/usr/local/cuda/lib64:/usr/local/lib:/usr/lib/x86_64-linux-gnu/gazebo-11/plugins:/opt/ros/humble/opt/rviz_ogre_vendor/lib:/opt/ros/humble/lib/x86_64-linux-gnu:/opt/ros/humble/lib:/usr/local/cuda/lib64 /usr/bin/cmake --install /home/bigdavid/EPSILON_ws/build/phy_simulator
