[0.025s] Invoking command in '/home/bigdavid/EPSILON_ws/build/behavior_planner': AMENT_PREFIX_PATH=/home/bigdavid/EPSILON_ws/install/route_planner:/home/bigdavid/EPSILON_ws/install/semantic_map_manager:/home/bigdavid/EPSILON_ws/install/motion_predictor:/home/bigdavid/EPSILON_ws/install/forward_simulator:/home/bigdavid/EPSILON_ws/install/vehicle_msgs:/home/bigdavid/EPSILON_ws/install/vehicle_model:/home/bigdavid/EPSILON_ws/install/common:${AMENT_PREFIX_PATH} CMAKE_PREFIX_PATH=/home/bigdavid/EPSILON_ws/install/route_planner:/home/bigdavid/EPSILON_ws/install/semantic_map_manager:/home/bigdavid/EPSILON_ws/install/motion_predictor:/home/bigdavid/EPSILON_ws/install/forward_simulator:/home/bigdavid/EPSILON_ws/install/vehicle_msgs:/home/bigdavid/EPSILON_ws/install/vehicle_model:/home/bigdavid/EPSILON_ws/install/common:/opt/ros/humble LD_LIBRARY_PATH=/home/bigdavid/EPSILON_ws/install/route_planner/lib:/home/bigdavid/EPSILON_ws/install/semantic_map_manager/lib:/home/bigdavid/EPSILON_ws/install/motion_predictor/lib:/home/bigdavid/EPSILON_ws/install/forward_simulator/lib:/home/bigdavid/EPSILON_ws/install/vehicle_msgs/lib:/home/bigdavid/EPSILON_ws/install/vehicle_model/lib:/home/bigdavid/EPSILON_ws/install/common/lib:/usr/local/lib:/usr/lib/x86_64-linux-gnu/gazebo-11/plugins:/opt/ros/humble/opt/rviz_ogre_vendor/lib:/opt/ros/humble/lib/x86_64-linux-gnu:/opt/ros/humble/lib:/usr/local/cuda/lib64 PYTHONPATH=/home/bigdavid/EPSILON_ws/install/vehicle_msgs/local/lib/python3.10/dist-packages:${PYTHONPATH} /usr/bin/cmake /home/bigdavid/EPSILON_ws/src/core/behavior_planner -DCMAKE_INSTALL_PREFIX=/home/bigdavid/EPSILON_ws/install/behavior_planner
[0.093s] -- The C compiler identification is GNU 11.4.0
[0.159s] -- The CXX compiler identification is GNU 11.4.0
[0.170s] -- Detecting C compiler ABI info
[0.241s] -- Detecting C compiler ABI info - done
[0.252s] -- Check for working C compiler: /usr/lib/ccache/gcc - skipped
[0.253s] -- Detecting C compile features
[0.253s] -- Detecting C compile features - done
[0.257s] -- Detecting CXX compiler ABI info
[0.339s] -- Detecting CXX compiler ABI info - done
[0.346s] -- Check for working CXX compiler: /usr/lib/ccache/g++ - skipped
[0.346s] -- Detecting CXX compile features
[0.347s] -- Detecting CXX compile features - done
[0.349s] -- Found ament_cmake: 1.3.12 (/opt/ros/humble/share/ament_cmake/cmake)
[0.521s] -- Found Python3: /usr/bin/python3 (found version "3.10.12") found components: Interpreter 
[0.634s] -- Found rclcpp: 16.0.15 (/opt/ros/humble/share/rclcpp/cmake)
[0.682s] -- Found rosidl_generator_c: 3.1.6 (/opt/ros/humble/share/rosidl_generator_c/cmake)
[0.688s] -- Found rosidl_adapter: 3.1.6 (/opt/ros/humble/share/rosidl_adapter/cmake)
[0.697s] -- Found rosidl_generator_cpp: 3.1.6 (/opt/ros/humble/share/rosidl_generator_cpp/cmake)
[0.711s] -- Using all available rosidl_typesupport_c: rosidl_typesupport_fastrtps_c;rosidl_typesupport_introspection_c
[0.728s] -- Using all available rosidl_typesupport_cpp: rosidl_typesupport_fastrtps_cpp;rosidl_typesupport_introspection_cpp
[0.778s] -- Found rmw_implementation_cmake: 6.1.2 (/opt/ros/humble/share/rmw_implementation_cmake/cmake)
[0.781s] -- Found rmw_cyclonedds_cpp: 1.3.4 (/opt/ros/humble/share/rmw_cyclonedds_cpp/cmake)
[0.804s] -- Using RMW implementation 'rmw_cyclonedds_cpp' as default
[0.814s] -- Looking for pthread.h
[0.891s] -- Looking for pthread.h - found
[0.892s] -- Performing Test CMAKE_HAVE_LIBC_PTHREAD
[0.965s] -- Performing Test CMAKE_HAVE_LIBC_PTHREAD - Success
[0.966s] -- Found Threads: TRUE  
[1.024s] -- Found visualization_msgs: 4.9.0 (/opt/ros/humble/share/visualization_msgs/cmake)
[1.075s] -- Found common: 0.0.0 (/home/bigdavid/EPSILON_ws/install/common/share/common/cmake)
[1.240s] -- Found eigen3_cmake_module: 0.1.1 (/opt/ros/humble/share/eigen3_cmake_module/cmake)
[1.242s] -- Found Eigen3: TRUE (found version "3.4.0") 
[1.242s] -- Ensuring Eigen3 include directory is part of orocos-kdl CMake target
[1.245s] [33mCMake Warning at /home/bigdavid/EPSILON_ws/install/common/share/common/cmake/ament_cmake_export_include_directories-extras.cmake:11 (message):
[1.245s]   Package 'common' exports the include directory
[1.245s]   '/home/bigdavid/EPSILON_ws/src/core/common/thirdparty/OOQP/include' which
[1.245s]   doesn't exist
[1.245s] Call Stack (most recent call first):
[1.245s]   /home/bigdavid/EPSILON_ws/install/common/share/common/cmake/commonConfig.cmake:41 (include)
[1.245s]   CMakeLists.txt:19 (find_package)
[1.246s] 
[1.246s] [0m
[1.248s] -- Found vehicle_model: 0.0.0 (/home/bigdavid/EPSILON_ws/install/vehicle_model/share/vehicle_model/cmake)
[1.268s] [33mCMake Warning at /home/bigdavid/EPSILON_ws/install/vehicle_model/share/vehicle_model/cmake/ament_cmake_export_include_directories-extras.cmake:11 (message):
[1.268s]   Package 'vehicle_model' exports the include directory
[1.268s]   '/home/bigdavid/EPSILON_ws/src/core/common/thirdparty/OOQP/include' which
[1.268s]   doesn't exist
[1.268s] Call Stack (most recent call first):
[1.268s]   /home/bigdavid/EPSILON_ws/install/vehicle_model/share/vehicle_model/cmake/vehicle_modelConfig.cmake:41 (include)
[1.268s]   CMakeLists.txt:20 (find_package)
[1.268s] 
[1.269s] [0m
[1.270s] -- Found semantic_map_manager: 0.0.0 (/home/bigdavid/EPSILON_ws/install/semantic_map_manager/share/semantic_map_manager/cmake)
[1.829s] [33mCMake Warning at /home/bigdavid/EPSILON_ws/install/forward_simulator/share/forward_simulator/cmake/ament_cmake_export_include_directories-extras.cmake:11 (message):
[1.829s]   Package 'forward_simulator' exports the include directory
[1.829s]   '/home/bigdavid/EPSILON_ws/src/core/common/thirdparty/OOQP/include' which
[1.829s]   doesn't exist
[1.829s] Call Stack (most recent call first):
[1.829s]   /home/bigdavid/EPSILON_ws/install/forward_simulator/share/forward_simulator/cmake/forward_simulatorConfig.cmake:41 (include)
[1.829s]   /home/bigdavid/EPSILON_ws/install/motion_predictor/share/motion_predictor/cmake/ament_cmake_export_dependencies-extras.cmake:21 (find_package)
[1.829s]   /home/bigdavid/EPSILON_ws/install/motion_predictor/share/motion_predictor/cmake/motion_predictorConfig.cmake:41 (include)
[1.830s]   /home/bigdavid/EPSILON_ws/install/semantic_map_manager/share/semantic_map_manager/cmake/ament_cmake_export_dependencies-extras.cmake:21 (find_package)
[1.830s]   /home/bigdavid/EPSILON_ws/install/semantic_map_manager/share/semantic_map_manager/cmake/semantic_map_managerConfig.cmake:41 (include)
[1.830s]   CMakeLists.txt:21 (find_package)
[1.830s] 
[1.830s] [0m
[1.837s] [33mCMake Warning at /home/bigdavid/EPSILON_ws/install/motion_predictor/share/motion_predictor/cmake/ament_cmake_export_include_directories-extras.cmake:11 (message):
[1.837s]   Package 'motion_predictor' exports the include directory
[1.837s]   '/home/bigdavid/EPSILON_ws/src/core/common/thirdparty/OOQP/include' which
[1.837s]   doesn't exist
[1.837s] Call Stack (most recent call first):
[1.837s]   /home/bigdavid/EPSILON_ws/install/motion_predictor/share/motion_predictor/cmake/motion_predictorConfig.cmake:41 (include)
[1.837s]   /home/bigdavid/EPSILON_ws/install/semantic_map_manager/share/semantic_map_manager/cmake/ament_cmake_export_dependencies-extras.cmake:21 (find_package)
[1.837s]   /home/bigdavid/EPSILON_ws/install/semantic_map_manager/share/semantic_map_manager/cmake/semantic_map_managerConfig.cmake:41 (include)
[1.837s]   CMakeLists.txt:21 (find_package)
[1.837s] 
[1.837s] [0m
[1.873s] [33mCMake Warning at /home/bigdavid/EPSILON_ws/install/vehicle_msgs/share/vehicle_msgs/cmake/ament_cmake_export_include_directories-extras.cmake:11 (message):
[1.873s]   Package 'vehicle_msgs' exports the include directory
[1.873s]   '/home/bigdavid/EPSILON_ws/src/core/common/thirdparty/OOQP/include' which
[1.873s]   doesn't exist
[1.873s] Call Stack (most recent call first):
[1.873s]   /home/bigdavid/EPSILON_ws/install/vehicle_msgs/share/vehicle_msgs/cmake/vehicle_msgsConfig.cmake:41 (include)
[1.873s]   /home/bigdavid/EPSILON_ws/install/semantic_map_manager/share/semantic_map_manager/cmake/ament_cmake_export_dependencies-extras.cmake:21 (find_package)
[1.874s]   /home/bigdavid/EPSILON_ws/install/semantic_map_manager/share/semantic_map_manager/cmake/semantic_map_managerConfig.cmake:41 (include)
[1.874s]   CMakeLists.txt:21 (find_package)
[1.874s] 
[1.874s] [0m
[1.887s] [33mCMake Warning at /home/bigdavid/EPSILON_ws/install/semantic_map_manager/share/semantic_map_manager/cmake/ament_cmake_export_include_directories-extras.cmake:11 (message):
[1.887s]   Package 'semantic_map_manager' exports the include directory
[1.887s]   '/home/bigdavid/EPSILON_ws/src/core/common/thirdparty/OOQP/include' which
[1.888s]   doesn't exist
[1.888s] Call Stack (most recent call first):
[1.888s]   /home/bigdavid/EPSILON_ws/install/semantic_map_manager/share/semantic_map_manager/cmake/semantic_map_managerConfig.cmake:41 (include)
[1.888s]   CMakeLists.txt:21 (find_package)
[1.888s] 
[1.888s] [0m
[1.890s] -- Found route_planner: 0.0.0 (/home/bigdavid/EPSILON_ws/install/route_planner/share/route_planner/cmake)
[1.901s] [33mCMake Warning at /home/bigdavid/EPSILON_ws/install/route_planner/share/route_planner/cmake/ament_cmake_export_include_directories-extras.cmake:11 (message):
[1.902s]   Package 'route_planner' exports the include directory
[1.902s]   '/home/bigdavid/EPSILON_ws/src/core/common/thirdparty/OOQP/include' which
[1.902s]   doesn't exist
[1.902s] Call Stack (most recent call first):
[1.902s]   /home/bigdavid/EPSILON_ws/install/route_planner/share/route_planner/cmake/route_plannerConfig.cmake:41 (include)
[1.902s]   CMakeLists.txt:23 (find_package)
[1.902s] 
[1.902s] [0m
[1.910s] [33mCMake Warning at /opt/ros/humble/share/ament_cmake_export_include_directories/cmake/ament_export_include_directories.cmake:44 (message):
[1.910s]   ament_export_include_directories() package 'behavior_planner' exports the
[1.911s]   include directory
[1.911s]   '/home/bigdavid/EPSILON_ws/src/core/common/thirdparty/OOQP/include' which
[1.911s]   doesn't exist
[1.911s] Call Stack (most recent call first):
[1.911s]   CMakeLists.txt:72 (ament_export_include_directories)
[1.911s] 
[1.911s] [0m
[1.912s] [33mCMake Warning at /opt/ros/humble/share/ament_cmake_export_include_directories/cmake/ament_export_include_directories.cmake:44 (message):
[1.912s]   ament_export_include_directories() package 'behavior_planner' exports the
[1.912s]   include directory
[1.912s]   '/home/bigdavid/EPSILON_ws/src/core/common/thirdparty/OOQP/include' which
[1.912s]   doesn't exist
[1.912s] Call Stack (most recent call first):
[1.912s]   CMakeLists.txt:72 (ament_export_include_directories)
[1.912s] 
[1.912s] [0m
[1.913s] [33mCMake Warning at /opt/ros/humble/share/ament_cmake_export_include_directories/cmake/ament_export_include_directories.cmake:44 (message):
[1.913s]   ament_export_include_directories() package 'behavior_planner' exports the
[1.913s]   include directory
[1.913s]   '/home/bigdavid/EPSILON_ws/src/core/common/thirdparty/OOQP/include' which
[1.913s]   doesn't exist
[1.913s] Call Stack (most recent call first):
[1.913s]   CMakeLists.txt:72 (ament_export_include_directories)
[1.913s] 
[1.913s] [0m
[1.914s] [33mCMake Warning at /opt/ros/humble/share/ament_cmake_export_include_directories/cmake/ament_export_include_directories.cmake:44 (message):
[1.914s]   ament_export_include_directories() package 'behavior_planner' exports the
[1.914s]   include directory
[1.914s]   '/home/bigdavid/EPSILON_ws/src/core/common/thirdparty/OOQP/include' which
[1.914s]   doesn't exist
[1.914s] Call Stack (most recent call first):
[1.915s]   CMakeLists.txt:72 (ament_export_include_directories)
[1.915s] 
[1.915s] [0m
[1.915s] [33mCMake Warning at /opt/ros/humble/share/ament_cmake_export_include_directories/cmake/ament_export_include_directories.cmake:44 (message):
[1.915s]   ament_export_include_directories() package 'behavior_planner' exports the
[1.915s]   include directory
[1.915s]   '/home/bigdavid/EPSILON_ws/src/core/common/thirdparty/OOQP/include' which
[1.915s]   doesn't exist
[1.915s] Call Stack (most recent call first):
[1.915s]   CMakeLists.txt:72 (ament_export_include_directories)
[1.915s] 
[1.915s] [0m
[1.916s] [33mCMake Warning at /opt/ros/humble/share/ament_cmake_export_include_directories/cmake/ament_export_include_directories.cmake:44 (message):
[1.916s]   ament_export_include_directories() package 'behavior_planner' exports the
[1.916s]   include directory
[1.916s]   '/home/bigdavid/EPSILON_ws/src/core/common/thirdparty/OOQP/include' which
[1.916s]   doesn't exist
[1.916s] Call Stack (most recent call first):
[1.917s]   CMakeLists.txt:72 (ament_export_include_directories)
[1.917s] 
[1.917s] [0m
[1.917s] [33mCMake Warning at /opt/ros/humble/share/ament_cmake_export_include_directories/cmake/ament_export_include_directories.cmake:44 (message):
[1.917s]   ament_export_include_directories() package 'behavior_planner' exports the
[1.918s]   include directory
[1.918s]   '/home/bigdavid/EPSILON_ws/src/core/common/thirdparty/OOQP/include' which
[1.918s]   doesn't exist
[1.918s] Call Stack (most recent call first):
[1.918s]   CMakeLists.txt:72 (ament_export_include_directories)
[1.918s] 
[1.918s] [0m
[1.918s] [33mCMake Warning at /opt/ros/humble/share/ament_cmake_export_include_directories/cmake/ament_export_include_directories.cmake:44 (message):
[1.918s]   ament_export_include_directories() package 'behavior_planner' exports the
[1.918s]   include directory
[1.918s]   '/home/bigdavid/EPSILON_ws/src/core/common/thirdparty/OOQP/include' which
[1.918s]   doesn't exist
[1.918s] Call Stack (most recent call first):
[1.919s]   CMakeLists.txt:72 (ament_export_include_directories)
[1.919s] 
[1.919s] [0m
[1.919s] [33mCMake Warning at /opt/ros/humble/share/ament_cmake_export_include_directories/cmake/ament_export_include_directories.cmake:44 (message):
[1.919s]   ament_export_include_directories() package 'behavior_planner' exports the
[1.919s]   include directory
[1.919s]   '/home/bigdavid/EPSILON_ws/src/core/common/thirdparty/OOQP/include' which
[1.919s]   doesn't exist
[1.919s] Call Stack (most recent call first):
[1.919s]   CMakeLists.txt:72 (ament_export_include_directories)
[1.919s] 
[1.919s] [0m
[1.974s] -- Configuring done
[1.980s] -- Generating done
[1.983s] -- Build files have been written to: /home/bigdavid/EPSILON_ws/build/behavior_planner
[1.993s] Invoked command in '/home/bigdavid/EPSILON_ws/build/behavior_planner' returned '0': AMENT_PREFIX_PATH=/home/bigdavid/EPSILON_ws/install/route_planner:/home/bigdavid/EPSILON_ws/install/semantic_map_manager:/home/bigdavid/EPSILON_ws/install/motion_predictor:/home/bigdavid/EPSILON_ws/install/forward_simulator:/home/bigdavid/EPSILON_ws/install/vehicle_msgs:/home/bigdavid/EPSILON_ws/install/vehicle_model:/home/bigdavid/EPSILON_ws/install/common:${AMENT_PREFIX_PATH} CMAKE_PREFIX_PATH=/home/bigdavid/EPSILON_ws/install/route_planner:/home/bigdavid/EPSILON_ws/install/semantic_map_manager:/home/bigdavid/EPSILON_ws/install/motion_predictor:/home/bigdavid/EPSILON_ws/install/forward_simulator:/home/bigdavid/EPSILON_ws/install/vehicle_msgs:/home/bigdavid/EPSILON_ws/install/vehicle_model:/home/bigdavid/EPSILON_ws/install/common:/opt/ros/humble LD_LIBRARY_PATH=/home/bigdavid/EPSILON_ws/install/route_planner/lib:/home/bigdavid/EPSILON_ws/install/semantic_map_manager/lib:/home/bigdavid/EPSILON_ws/install/motion_predictor/lib:/home/bigdavid/EPSILON_ws/install/forward_simulator/lib:/home/bigdavid/EPSILON_ws/install/vehicle_msgs/lib:/home/bigdavid/EPSILON_ws/install/vehicle_model/lib:/home/bigdavid/EPSILON_ws/install/common/lib:/usr/local/lib:/usr/lib/x86_64-linux-gnu/gazebo-11/plugins:/opt/ros/humble/opt/rviz_ogre_vendor/lib:/opt/ros/humble/lib/x86_64-linux-gnu:/opt/ros/humble/lib:/usr/local/cuda/lib64 PYTHONPATH=/home/bigdavid/EPSILON_ws/install/vehicle_msgs/local/lib/python3.10/dist-packages:${PYTHONPATH} /usr/bin/cmake /home/bigdavid/EPSILON_ws/src/core/behavior_planner -DCMAKE_INSTALL_PREFIX=/home/bigdavid/EPSILON_ws/install/behavior_planner
[1.994s] Invoking command in '/home/bigdavid/EPSILON_ws/build/behavior_planner': AMENT_PREFIX_PATH=/home/bigdavid/EPSILON_ws/install/route_planner:/home/bigdavid/EPSILON_ws/install/semantic_map_manager:/home/bigdavid/EPSILON_ws/install/motion_predictor:/home/bigdavid/EPSILON_ws/install/forward_simulator:/home/bigdavid/EPSILON_ws/install/vehicle_msgs:/home/bigdavid/EPSILON_ws/install/vehicle_model:/home/bigdavid/EPSILON_ws/install/common:${AMENT_PREFIX_PATH} CMAKE_PREFIX_PATH=/home/bigdavid/EPSILON_ws/install/route_planner:/home/bigdavid/EPSILON_ws/install/semantic_map_manager:/home/bigdavid/EPSILON_ws/install/motion_predictor:/home/bigdavid/EPSILON_ws/install/forward_simulator:/home/bigdavid/EPSILON_ws/install/vehicle_msgs:/home/bigdavid/EPSILON_ws/install/vehicle_model:/home/bigdavid/EPSILON_ws/install/common:/opt/ros/humble LD_LIBRARY_PATH=/home/bigdavid/EPSILON_ws/install/route_planner/lib:/home/bigdavid/EPSILON_ws/install/semantic_map_manager/lib:/home/bigdavid/EPSILON_ws/install/motion_predictor/lib:/home/bigdavid/EPSILON_ws/install/forward_simulator/lib:/home/bigdavid/EPSILON_ws/install/vehicle_msgs/lib:/home/bigdavid/EPSILON_ws/install/vehicle_model/lib:/home/bigdavid/EPSILON_ws/install/common/lib:/usr/local/lib:/usr/lib/x86_64-linux-gnu/gazebo-11/plugins:/opt/ros/humble/opt/rviz_ogre_vendor/lib:/opt/ros/humble/lib/x86_64-linux-gnu:/opt/ros/humble/lib:/usr/local/cuda/lib64 PYTHONPATH=/home/bigdavid/EPSILON_ws/install/vehicle_msgs/local/lib/python3.10/dist-packages:${PYTHONPATH} /usr/bin/cmake --build /home/bigdavid/EPSILON_ws/build/behavior_planner -- -j32 -l32
[2.048s] [ 20%] [32mBuilding CXX object CMakeFiles/behavior_planner_lib.dir/src/behavior_planner/map_adapter.cc.o[0m
[2.049s] [ 40%] [32mBuilding CXX object CMakeFiles/behavior_planner_lib.dir/src/behavior_planner/behavior_planner.cc.o[0m
[7.175s] [ 60%] [32m[1mLinking CXX static library libbehavior_planner_lib.a[0m
[7.221s] [ 60%] Built target behavior_planner_lib
[7.249s] [ 80%] [32mBuilding CXX object CMakeFiles/behavior_planner_ros.dir/src/behavior_planner/behavior_server_ros.cc.o[0m
[19.445s] In file included from [01m[K/home/bigdavid/EPSILON_ws/src/core/behavior_planner/src/behavior_planner/behavior_server_ros.cc:1[m[K:
[19.446s] [01m[K/home/bigdavid/EPSILON_ws/src/core/behavior_planner/include/behavior_planner/behavior_server_ros.h:[m[K In constructor ‘[01m[Kplanning::BehaviorPlannerServer::BehaviorPlannerServer(std::shared_ptr<rclcpp::Node>, int)[m[K’:
[19.446s] [01m[K/home/bigdavid/EPSILON_ws/src/core/behavior_planner/include/behavior_planner/behavior_server_ros.h:108:10:[m[K [01;35m[Kwarning: [m[K‘[01m[Kplanning::BehaviorPlannerServer::work_rate_[m[K’ will be initialized after [[01;35m[K-Wreorder[m[K]
[19.446s]   108 |   double [01;35m[Kwork_rate_[m[K;
[19.446s]       |          [01;35m[K^~~~~~~~~~[m[K
[19.446s] [01m[K/home/bigdavid/EPSILON_ws/src/core/behavior_planner/include/behavior_planner/behavior_server_ros.h:106:7:[m[K [01;35m[Kwarning: [m[K  ‘[01m[Kint planning::BehaviorPlannerServer::ego_id_[m[K’ [[01;35m[K-Wreorder[m[K]
[19.446s]   106 |   int [01;35m[Kego_id_[m[K;
[19.446s]       |       [01;35m[K^~~~~~~[m[K
[19.446s] [01m[K/home/bigdavid/EPSILON_ws/src/core/behavior_planner/src/behavior_planner/behavior_server_ros.cc:6:1:[m[K [01;35m[Kwarning: [m[K  when initialized here [[01;35m[K-Wreorder[m[K]
[19.446s]     6 | [01;35m[KBehaviorPlannerServer[m[K::BehaviorPlannerServer(std::shared_ptr<rclcpp::Node> node, int ego_id)
[19.446s]       | [01;35m[K^~~~~~~~~~~~~~~~~~~~~[m[K
[19.446s] In file included from [01m[K/home/bigdavid/EPSILON_ws/src/core/behavior_planner/src/behavior_planner/behavior_server_ros.cc:1[m[K:
[19.446s] [01m[K/home/bigdavid/EPSILON_ws/src/core/behavior_planner/include/behavior_planner/behavior_server_ros.h:[m[K In constructor ‘[01m[Kplanning::BehaviorPlannerServer::BehaviorPlannerServer(std::shared_ptr<rclcpp::Node>, double, int)[m[K’:
[19.446s] [01m[K/home/bigdavid/EPSILON_ws/src/core/behavior_planner/include/behavior_planner/behavior_server_ros.h:108:10:[m[K [01;35m[Kwarning: [m[K‘[01m[Kplanning::BehaviorPlannerServer::work_rate_[m[K’ will be initialized after [[01;35m[K-Wreorder[m[K]
[19.446s]   108 |   double [01;35m[Kwork_rate_[m[K;
[19.446s]       |          [01;35m[K^~~~~~~~~~[m[K
[19.446s] [01m[K/home/bigdavid/EPSILON_ws/src/core/behavior_planner/include/behavior_planner/behavior_server_ros.h:106:7:[m[K [01;35m[Kwarning: [m[K  ‘[01m[Kint planning::BehaviorPlannerServer::ego_id_[m[K’ [[01;35m[K-Wreorder[m[K]
[19.446s]   106 |   int [01;35m[Kego_id_[m[K;
[19.446s]       |       [01;35m[K^~~~~~~[m[K
[19.446s] [01m[K/home/bigdavid/EPSILON_ws/src/core/behavior_planner/src/behavior_planner/behavior_server_ros.cc:12:1:[m[K [01;35m[Kwarning: [m[K  when initialized here [[01;35m[K-Wreorder[m[K]
[19.446s]    12 | [01;35m[KBehaviorPlannerServer[m[K::BehaviorPlannerServer(std::shared_ptr<rclcpp::Node> node, double work_rate, int ego_id)
[19.446s]       | [01;35m[K^~~~~~~~~~~~~~~~~~~~~[m[K
[19.456s] [100%] [32m[1mLinking CXX static library libbehavior_planner_ros.a[0m
[19.496s] [100%] Built target behavior_planner_ros
[19.504s] Invoked command in '/home/bigdavid/EPSILON_ws/build/behavior_planner' returned '0': AMENT_PREFIX_PATH=/home/bigdavid/EPSILON_ws/install/route_planner:/home/bigdavid/EPSILON_ws/install/semantic_map_manager:/home/bigdavid/EPSILON_ws/install/motion_predictor:/home/bigdavid/EPSILON_ws/install/forward_simulator:/home/bigdavid/EPSILON_ws/install/vehicle_msgs:/home/bigdavid/EPSILON_ws/install/vehicle_model:/home/bigdavid/EPSILON_ws/install/common:${AMENT_PREFIX_PATH} CMAKE_PREFIX_PATH=/home/bigdavid/EPSILON_ws/install/route_planner:/home/bigdavid/EPSILON_ws/install/semantic_map_manager:/home/bigdavid/EPSILON_ws/install/motion_predictor:/home/bigdavid/EPSILON_ws/install/forward_simulator:/home/bigdavid/EPSILON_ws/install/vehicle_msgs:/home/bigdavid/EPSILON_ws/install/vehicle_model:/home/bigdavid/EPSILON_ws/install/common:/opt/ros/humble LD_LIBRARY_PATH=/home/bigdavid/EPSILON_ws/install/route_planner/lib:/home/bigdavid/EPSILON_ws/install/semantic_map_manager/lib:/home/bigdavid/EPSILON_ws/install/motion_predictor/lib:/home/bigdavid/EPSILON_ws/install/forward_simulator/lib:/home/bigdavid/EPSILON_ws/install/vehicle_msgs/lib:/home/bigdavid/EPSILON_ws/install/vehicle_model/lib:/home/bigdavid/EPSILON_ws/install/common/lib:/usr/local/lib:/usr/lib/x86_64-linux-gnu/gazebo-11/plugins:/opt/ros/humble/opt/rviz_ogre_vendor/lib:/opt/ros/humble/lib/x86_64-linux-gnu:/opt/ros/humble/lib:/usr/local/cuda/lib64 PYTHONPATH=/home/bigdavid/EPSILON_ws/install/vehicle_msgs/local/lib/python3.10/dist-packages:${PYTHONPATH} /usr/bin/cmake --build /home/bigdavid/EPSILON_ws/build/behavior_planner -- -j32 -l32
[19.505s] Invoking command in '/home/bigdavid/EPSILON_ws/build/behavior_planner': AMENT_PREFIX_PATH=/home/bigdavid/EPSILON_ws/install/route_planner:/home/bigdavid/EPSILON_ws/install/semantic_map_manager:/home/bigdavid/EPSILON_ws/install/motion_predictor:/home/bigdavid/EPSILON_ws/install/forward_simulator:/home/bigdavid/EPSILON_ws/install/vehicle_msgs:/home/bigdavid/EPSILON_ws/install/vehicle_model:/home/bigdavid/EPSILON_ws/install/common:${AMENT_PREFIX_PATH} CMAKE_PREFIX_PATH=/home/bigdavid/EPSILON_ws/install/route_planner:/home/bigdavid/EPSILON_ws/install/semantic_map_manager:/home/bigdavid/EPSILON_ws/install/motion_predictor:/home/bigdavid/EPSILON_ws/install/forward_simulator:/home/bigdavid/EPSILON_ws/install/vehicle_msgs:/home/bigdavid/EPSILON_ws/install/vehicle_model:/home/bigdavid/EPSILON_ws/install/common:/opt/ros/humble LD_LIBRARY_PATH=/home/bigdavid/EPSILON_ws/install/route_planner/lib:/home/bigdavid/EPSILON_ws/install/semantic_map_manager/lib:/home/bigdavid/EPSILON_ws/install/motion_predictor/lib:/home/bigdavid/EPSILON_ws/install/forward_simulator/lib:/home/bigdavid/EPSILON_ws/install/vehicle_msgs/lib:/home/bigdavid/EPSILON_ws/install/vehicle_model/lib:/home/bigdavid/EPSILON_ws/install/common/lib:/usr/local/lib:/usr/lib/x86_64-linux-gnu/gazebo-11/plugins:/opt/ros/humble/opt/rviz_ogre_vendor/lib:/opt/ros/humble/lib/x86_64-linux-gnu:/opt/ros/humble/lib:/usr/local/cuda/lib64 PYTHONPATH=/home/bigdavid/EPSILON_ws/install/vehicle_msgs/local/lib/python3.10/dist-packages:${PYTHONPATH} /usr/bin/cmake --install /home/bigdavid/EPSILON_ws/build/behavior_planner
[19.511s] -- Install configuration: "Release"
[19.511s] -- Installing: /home/bigdavid/EPSILON_ws/install/behavior_planner/share/behavior_planner/environment/library_path.sh
[19.511s] -- Installing: /home/bigdavid/EPSILON_ws/install/behavior_planner/share/behavior_planner/environment/library_path.dsv
[19.511s] -- Installing: /home/bigdavid/EPSILON_ws/install/behavior_planner/lib/libbehavior_planner_lib.a
[19.511s] -- Installing: /home/bigdavid/EPSILON_ws/install/behavior_planner/lib/libbehavior_planner_ros.a
[19.512s] -- Installing: /home/bigdavid/EPSILON_ws/install/behavior_planner/include
[19.512s] -- Installing: /home/bigdavid/EPSILON_ws/install/behavior_planner/include/behavior_planner
[19.512s] -- Installing: /home/bigdavid/EPSILON_ws/install/behavior_planner/include/behavior_planner/map_interface.h
[19.512s] -- Installing: /home/bigdavid/EPSILON_ws/install/behavior_planner/include/behavior_planner/behavior_planner.h
[19.512s] -- Installing: /home/bigdavid/EPSILON_ws/install/behavior_planner/include/behavior_planner/behavior_server_ros.h
[19.512s] -- Installing: /home/bigdavid/EPSILON_ws/install/behavior_planner/include/behavior_planner/map_adapter.h
[19.513s] -- Installing: /home/bigdavid/EPSILON_ws/install/behavior_planner/include/behavior_planner/visualizer.h
[19.513s] -- Installing: /home/bigdavid/EPSILON_ws/install/behavior_planner/share/ament_index/resource_index/package_run_dependencies/behavior_planner
[19.513s] -- Installing: /home/bigdavid/EPSILON_ws/install/behavior_planner/share/ament_index/resource_index/parent_prefix_path/behavior_planner
[19.513s] -- Installing: /home/bigdavid/EPSILON_ws/install/behavior_planner/share/behavior_planner/environment/ament_prefix_path.sh
[19.513s] -- Installing: /home/bigdavid/EPSILON_ws/install/behavior_planner/share/behavior_planner/environment/ament_prefix_path.dsv
[19.513s] -- Installing: /home/bigdavid/EPSILON_ws/install/behavior_planner/share/behavior_planner/environment/path.sh
[19.513s] -- Installing: /home/bigdavid/EPSILON_ws/install/behavior_planner/share/behavior_planner/environment/path.dsv
[19.513s] -- Installing: /home/bigdavid/EPSILON_ws/install/behavior_planner/share/behavior_planner/local_setup.bash
[19.513s] -- Installing: /home/bigdavid/EPSILON_ws/install/behavior_planner/share/behavior_planner/local_setup.sh
[19.513s] -- Installing: /home/bigdavid/EPSILON_ws/install/behavior_planner/share/behavior_planner/local_setup.zsh
[19.513s] -- Installing: /home/bigdavid/EPSILON_ws/install/behavior_planner/share/behavior_planner/local_setup.dsv
[19.513s] -- Installing: /home/bigdavid/EPSILON_ws/install/behavior_planner/share/behavior_planner/package.dsv
[19.513s] -- Installing: /home/bigdavid/EPSILON_ws/install/behavior_planner/share/ament_index/resource_index/packages/behavior_planner
[19.513s] -- Installing: /home/bigdavid/EPSILON_ws/install/behavior_planner/share/behavior_planner/cmake/ament_cmake_export_libraries-extras.cmake
[19.513s] -- Installing: /home/bigdavid/EPSILON_ws/install/behavior_planner/share/behavior_planner/cmake/ament_cmake_export_dependencies-extras.cmake
[19.513s] -- Installing: /home/bigdavid/EPSILON_ws/install/behavior_planner/share/behavior_planner/cmake/ament_cmake_export_include_directories-extras.cmake
[19.513s] -- Installing: /home/bigdavid/EPSILON_ws/install/behavior_planner/share/behavior_planner/cmake/behavior_plannerConfig.cmake
[19.513s] -- Installing: /home/bigdavid/EPSILON_ws/install/behavior_planner/share/behavior_planner/cmake/behavior_plannerConfig-version.cmake
[19.513s] -- Installing: /home/bigdavid/EPSILON_ws/install/behavior_planner/share/behavior_planner/package.xml
[19.515s] Invoked command in '/home/bigdavid/EPSILON_ws/build/behavior_planner' returned '0': AMENT_PREFIX_PATH=/home/bigdavid/EPSILON_ws/install/route_planner:/home/bigdavid/EPSILON_ws/install/semantic_map_manager:/home/bigdavid/EPSILON_ws/install/motion_predictor:/home/bigdavid/EPSILON_ws/install/forward_simulator:/home/bigdavid/EPSILON_ws/install/vehicle_msgs:/home/bigdavid/EPSILON_ws/install/vehicle_model:/home/bigdavid/EPSILON_ws/install/common:${AMENT_PREFIX_PATH} CMAKE_PREFIX_PATH=/home/bigdavid/EPSILON_ws/install/route_planner:/home/bigdavid/EPSILON_ws/install/semantic_map_manager:/home/bigdavid/EPSILON_ws/install/motion_predictor:/home/bigdavid/EPSILON_ws/install/forward_simulator:/home/bigdavid/EPSILON_ws/install/vehicle_msgs:/home/bigdavid/EPSILON_ws/install/vehicle_model:/home/bigdavid/EPSILON_ws/install/common:/opt/ros/humble LD_LIBRARY_PATH=/home/bigdavid/EPSILON_ws/install/route_planner/lib:/home/bigdavid/EPSILON_ws/install/semantic_map_manager/lib:/home/bigdavid/EPSILON_ws/install/motion_predictor/lib:/home/bigdavid/EPSILON_ws/install/forward_simulator/lib:/home/bigdavid/EPSILON_ws/install/vehicle_msgs/lib:/home/bigdavid/EPSILON_ws/install/vehicle_model/lib:/home/bigdavid/EPSILON_ws/install/common/lib:/usr/local/lib:/usr/lib/x86_64-linux-gnu/gazebo-11/plugins:/opt/ros/humble/opt/rviz_ogre_vendor/lib:/opt/ros/humble/lib/x86_64-linux-gnu:/opt/ros/humble/lib:/usr/local/cuda/lib64 PYTHONPATH=/home/bigdavid/EPSILON_ws/install/vehicle_msgs/local/lib/python3.10/dist-packages:${PYTHONPATH} /usr/bin/cmake --install /home/bigdavid/EPSILON_ws/build/behavior_planner
