[33mCMake Warning at /home/bigdavid/EPSILON_ws/install/common/share/common/cmake/ament_cmake_export_include_directories-extras.cmake:11 (message):
  Package 'common' exports the include directory
  '/home/bigdavid/EPSILON_ws/src/core/common/thirdparty/OOQP/include' which
  doesn't exist
Call Stack (most recent call first):
  /home/bigdavid/EPSILON_ws/install/common/share/common/cmake/commonConfig.cmake:41 (include)
  CMakeLists.txt:20 (find_package)

[0m
[33mCMake Warning at /home/bigdavid/EPSILON_ws/install/vehicle_model/share/vehicle_model/cmake/ament_cmake_export_include_directories-extras.cmake:11 (message):
  Package 'vehicle_model' exports the include directory
  '/home/bigdavid/EPSILON_ws/src/core/common/thirdparty/OOQP/include' which
  doesn't exist
Call Stack (most recent call first):
  /home/bigdavid/EPSILON_ws/install/vehicle_model/share/vehicle_model/cmake/vehicle_modelConfig.cmake:41 (include)
  /home/bigdavid/EPSILON_ws/install/motion_predictor/share/motion_predictor/cmake/ament_cmake_export_dependencies-extras.cmake:21 (find_package)
  /home/bigdavid/EPSILON_ws/install/motion_predictor/share/motion_predictor/cmake/motion_predictorConfig.cmake:41 (include)
  /home/bigdavid/EPSILON_ws/install/semantic_map_manager/share/semantic_map_manager/cmake/ament_cmake_export_dependencies-extras.cmake:21 (find_package)
  /home/bigdavid/EPSILON_ws/install/semantic_map_manager/share/semantic_map_manager/cmake/semantic_map_managerConfig.cmake:41 (include)
  CMakeLists.txt:21 (find_package)

[0m
[33mCMake Warning at /home/bigdavid/EPSILON_ws/install/forward_simulator/share/forward_simulator/cmake/ament_cmake_export_include_directories-extras.cmake:11 (message):
  Package 'forward_simulator' exports the include directory
  '/home/bigdavid/EPSILON_ws/src/core/common/thirdparty/OOQP/include' which
  doesn't exist
Call Stack (most recent call first):
  /home/bigdavid/EPSILON_ws/install/forward_simulator/share/forward_simulator/cmake/forward_simulatorConfig.cmake:41 (include)
  /home/bigdavid/EPSILON_ws/install/motion_predictor/share/motion_predictor/cmake/ament_cmake_export_dependencies-extras.cmake:21 (find_package)
  /home/bigdavid/EPSILON_ws/install/motion_predictor/share/motion_predictor/cmake/motion_predictorConfig.cmake:41 (include)
  /home/bigdavid/EPSILON_ws/install/semantic_map_manager/share/semantic_map_manager/cmake/ament_cmake_export_dependencies-extras.cmake:21 (find_package)
  /home/bigdavid/EPSILON_ws/install/semantic_map_manager/share/semantic_map_manager/cmake/semantic_map_managerConfig.cmake:41 (include)
  CMakeLists.txt:21 (find_package)

[0m
[33mCMake Warning at /home/bigdavid/EPSILON_ws/install/motion_predictor/share/motion_predictor/cmake/ament_cmake_export_include_directories-extras.cmake:11 (message):
  Package 'motion_predictor' exports the include directory
  '/home/bigdavid/EPSILON_ws/src/core/common/thirdparty/OOQP/include' which
  doesn't exist
Call Stack (most recent call first):
  /home/bigdavid/EPSILON_ws/install/motion_predictor/share/motion_predictor/cmake/motion_predictorConfig.cmake:41 (include)
  /home/bigdavid/EPSILON_ws/install/semantic_map_manager/share/semantic_map_manager/cmake/ament_cmake_export_dependencies-extras.cmake:21 (find_package)
  /home/bigdavid/EPSILON_ws/install/semantic_map_manager/share/semantic_map_manager/cmake/semantic_map_managerConfig.cmake:41 (include)
  CMakeLists.txt:21 (find_package)

[0m
[33mCMake Warning at /home/bigdavid/EPSILON_ws/install/vehicle_msgs/share/vehicle_msgs/cmake/ament_cmake_export_include_directories-extras.cmake:11 (message):
  Package 'vehicle_msgs' exports the include directory
  '/home/bigdavid/EPSILON_ws/src/core/common/thirdparty/OOQP/include' which
  doesn't exist
Call Stack (most recent call first):
  /home/bigdavid/EPSILON_ws/install/vehicle_msgs/share/vehicle_msgs/cmake/vehicle_msgsConfig.cmake:41 (include)
  /home/bigdavid/EPSILON_ws/install/semantic_map_manager/share/semantic_map_manager/cmake/ament_cmake_export_dependencies-extras.cmake:21 (find_package)
  /home/bigdavid/EPSILON_ws/install/semantic_map_manager/share/semantic_map_manager/cmake/semantic_map_managerConfig.cmake:41 (include)
  CMakeLists.txt:21 (find_package)

[0m
[33mCMake Warning at /home/bigdavid/EPSILON_ws/install/semantic_map_manager/share/semantic_map_manager/cmake/ament_cmake_export_include_directories-extras.cmake:11 (message):
  Package 'semantic_map_manager' exports the include directory
  '/home/bigdavid/EPSILON_ws/src/core/common/thirdparty/OOQP/include' which
  doesn't exist
Call Stack (most recent call first):
  /home/bigdavid/EPSILON_ws/install/semantic_map_manager/share/semantic_map_manager/cmake/semantic_map_managerConfig.cmake:41 (include)
  CMakeLists.txt:21 (find_package)

[0m
[33mCMake Warning at /opt/ros/humble/share/ament_cmake_export_include_directories/cmake/ament_export_include_directories.cmake:44 (message):
  ament_export_include_directories() package 'route_planner' exports the
  include directory
  '/home/bigdavid/EPSILON_ws/src/core/common/thirdparty/OOQP/include' which
  doesn't exist
Call Stack (most recent call first):
  CMakeLists.txt:53 (ament_export_include_directories)

[0m
[33mCMake Warning at /opt/ros/humble/share/ament_cmake_export_include_directories/cmake/ament_export_include_directories.cmake:44 (message):
  ament_export_include_directories() package 'route_planner' exports the
  include directory
  '/home/bigdavid/EPSILON_ws/src/core/common/thirdparty/OOQP/include' which
  doesn't exist
Call Stack (most recent call first):
  CMakeLists.txt:53 (ament_export_include_directories)

[0m
[33mCMake Warning at /opt/ros/humble/share/ament_cmake_export_include_directories/cmake/ament_export_include_directories.cmake:44 (message):
  ament_export_include_directories() package 'route_planner' exports the
  include directory
  '/home/bigdavid/EPSILON_ws/src/core/common/thirdparty/OOQP/include' which
  doesn't exist
Call Stack (most recent call first):
  CMakeLists.txt:53 (ament_export_include_directories)

[0m
