[0.005s] Invoking command in '/home/bigdavid/EPSILON_ws/build/playgrounds': CMAKE_PREFIX_PATH=/opt/ros/humble /usr/bin/cmake /home/bigdavid/EPSILON_ws/src/core/playgrounds -DCMAKE_INSTALL_PREFIX=/home/bigdavid/EPSILON_ws/install/playgrounds
[0.061s] -- The C compiler identification is GNU 11.4.0
[0.108s] -- The CXX compiler identification is GNU 11.4.0
[0.116s] -- Detecting C compiler ABI info
[0.158s] -- Detecting C compiler ABI info - done
[0.162s] -- Check for working C compiler: /usr/lib/ccache/gcc - skipped
[0.162s] -- Detecting C compile features
[0.162s] -- Detecting C compile features - done
[0.164s] -- Detecting CXX compiler ABI info
[0.212s] -- Detecting CXX compiler ABI info - done
[0.216s] -- Check for working CXX compiler: /usr/lib/ccache/g++ - skipped
[0.216s] -- Detecting CXX compile features
[0.216s] -- Detecting CXX compile features - done
[0.217s] -- Found ament_cmake: 1.3.12 (/opt/ros/humble/share/ament_cmake/cmake)
[0.306s] -- Found Python3: /usr/bin/python3 (found version "3.10.12") found components: Interpreter 
[0.399s] -- Configuring done
[0.400s] -- Generating done
[0.402s] -- Build files have been written to: /home/bigdavid/EPSILON_ws/build/playgrounds
[0.404s] Invoked command in '/home/bigdavid/EPSILON_ws/build/playgrounds' returned '0': CMAKE_PREFIX_PATH=/opt/ros/humble /usr/bin/cmake /home/bigdavid/EPSILON_ws/src/core/playgrounds -DCMAKE_INSTALL_PREFIX=/home/bigdavid/EPSILON_ws/install/playgrounds
[0.405s] Invoking command in '/home/bigdavid/EPSILON_ws/build/playgrounds': CMAKE_PREFIX_PATH=/opt/ros/humble /usr/bin/cmake --build /home/bigdavid/EPSILON_ws/build/playgrounds -- -j32 -l32
[0.431s] Invoked command in '/home/bigdavid/EPSILON_ws/build/playgrounds' returned '0': CMAKE_PREFIX_PATH=/opt/ros/humble /usr/bin/cmake --build /home/bigdavid/EPSILON_ws/build/playgrounds -- -j32 -l32
[0.437s] Invoking command in '/home/bigdavid/EPSILON_ws/build/playgrounds': CMAKE_PREFIX_PATH=/opt/ros/humble /usr/bin/cmake --install /home/bigdavid/EPSILON_ws/build/playgrounds
[0.442s] -- Install configuration: ""
[0.443s] -- Installing: /home/bigdavid/EPSILON_ws/install/playgrounds/share/playgrounds/highway_lite
[0.443s] -- Installing: /home/bigdavid/EPSILON_ws/install/playgrounds/share/playgrounds/highway_lite/obstacles_norm.json
[0.443s] -- Installing: /home/bigdavid/EPSILON_ws/install/playgrounds/share/playgrounds/highway_lite/vehicle_set.json
[0.443s] -- Installing: /home/bigdavid/EPSILON_ws/install/playgrounds/share/playgrounds/highway_lite/agent_config.json
[0.443s] -- Installing: /home/bigdavid/EPSILON_ws/install/playgrounds/share/playgrounds/highway_lite/lane_net_norm.json
[0.443s] -- Installing: /home/bigdavid/EPSILON_ws/install/playgrounds/share/playgrounds/highway_v1.0
[0.443s] -- Installing: /home/bigdavid/EPSILON_ws/install/playgrounds/share/playgrounds/highway_v1.0/obstacles_norm.json
[0.443s] -- Installing: /home/bigdavid/EPSILON_ws/install/playgrounds/share/playgrounds/highway_v1.0/vehicle_set.json
[0.443s] -- Installing: /home/bigdavid/EPSILON_ws/install/playgrounds/share/playgrounds/highway_v1.0/agent_config.json
[0.443s] -- Installing: /home/bigdavid/EPSILON_ws/install/playgrounds/share/playgrounds/highway_v1.0/lane_net_norm.json
[0.443s] -- Installing: /home/bigdavid/EPSILON_ws/install/playgrounds/share/playgrounds/ring_small_v1.0
[0.443s] -- Installing: /home/bigdavid/EPSILON_ws/install/playgrounds/share/playgrounds/ring_small_v1.0/obstacles_norm.json
[0.443s] -- Installing: /home/bigdavid/EPSILON_ws/install/playgrounds/share/playgrounds/ring_small_v1.0/vehicle_set.json
[0.443s] -- Installing: /home/bigdavid/EPSILON_ws/install/playgrounds/share/playgrounds/ring_small_v1.0/agent_config.json
[0.443s] -- Installing: /home/bigdavid/EPSILON_ws/install/playgrounds/share/playgrounds/ring_small_v1.0/lane_net_norm.json
[0.443s] -- Installing: /home/bigdavid/EPSILON_ws/install/playgrounds/share/playgrounds/ring_tiny_v1.0
[0.443s] -- Installing: /home/bigdavid/EPSILON_ws/install/playgrounds/share/playgrounds/ring_tiny_v1.0/obstacles_norm.json
[0.443s] -- Installing: /home/bigdavid/EPSILON_ws/install/playgrounds/share/playgrounds/ring_tiny_v1.0/vehicle_set.json
[0.443s] -- Installing: /home/bigdavid/EPSILON_ws/install/playgrounds/share/playgrounds/ring_tiny_v1.0/agent_config.json
[0.443s] -- Installing: /home/bigdavid/EPSILON_ws/install/playgrounds/share/playgrounds/ring_tiny_v1.0/lane_net_norm.json
[0.443s] -- Up-to-date: /home/bigdavid/EPSILON_ws/install/playgrounds/share/playgrounds/highway_lite
[0.443s] -- Up-to-date: /home/bigdavid/EPSILON_ws/install/playgrounds/share/playgrounds/highway_lite/obstacles_norm.json
[0.444s] -- Up-to-date: /home/bigdavid/EPSILON_ws/install/playgrounds/share/playgrounds/highway_lite/vehicle_set.json
[0.444s] -- Up-to-date: /home/bigdavid/EPSILON_ws/install/playgrounds/share/playgrounds/highway_lite/agent_config.json
[0.444s] -- Up-to-date: /home/bigdavid/EPSILON_ws/install/playgrounds/share/playgrounds/highway_lite/lane_net_norm.json
[0.444s] -- Up-to-date: /home/bigdavid/EPSILON_ws/install/playgrounds/share/playgrounds/highway_v1.0
[0.444s] -- Up-to-date: /home/bigdavid/EPSILON_ws/install/playgrounds/share/playgrounds/highway_v1.0/obstacles_norm.json
[0.444s] -- Up-to-date: /home/bigdavid/EPSILON_ws/install/playgrounds/share/playgrounds/highway_v1.0/vehicle_set.json
[0.444s] -- Up-to-date: /home/bigdavid/EPSILON_ws/install/playgrounds/share/playgrounds/highway_v1.0/agent_config.json
[0.444s] -- Up-to-date: /home/bigdavid/EPSILON_ws/install/playgrounds/share/playgrounds/highway_v1.0/lane_net_norm.json
[0.444s] -- Up-to-date: /home/bigdavid/EPSILON_ws/install/playgrounds/share/playgrounds/ring_small_v1.0
[0.444s] -- Up-to-date: /home/bigdavid/EPSILON_ws/install/playgrounds/share/playgrounds/ring_small_v1.0/obstacles_norm.json
[0.444s] -- Up-to-date: /home/bigdavid/EPSILON_ws/install/playgrounds/share/playgrounds/ring_small_v1.0/vehicle_set.json
[0.444s] -- Up-to-date: /home/bigdavid/EPSILON_ws/install/playgrounds/share/playgrounds/ring_small_v1.0/agent_config.json
[0.444s] -- Up-to-date: /home/bigdavid/EPSILON_ws/install/playgrounds/share/playgrounds/ring_small_v1.0/lane_net_norm.json
[0.444s] -- Up-to-date: /home/bigdavid/EPSILON_ws/install/playgrounds/share/playgrounds/ring_tiny_v1.0
[0.444s] -- Up-to-date: /home/bigdavid/EPSILON_ws/install/playgrounds/share/playgrounds/ring_tiny_v1.0/obstacles_norm.json
[0.444s] -- Up-to-date: /home/bigdavid/EPSILON_ws/install/playgrounds/share/playgrounds/ring_tiny_v1.0/vehicle_set.json
[0.444s] -- Up-to-date: /home/bigdavid/EPSILON_ws/install/playgrounds/share/playgrounds/ring_tiny_v1.0/agent_config.json
[0.444s] -- Up-to-date: /home/bigdavid/EPSILON_ws/install/playgrounds/share/playgrounds/ring_tiny_v1.0/lane_net_norm.json
[0.444s] -- Installing: /home/bigdavid/EPSILON_ws/install/playgrounds/share/ament_index/resource_index/package_run_dependencies/playgrounds
[0.444s] -- Installing: /home/bigdavid/EPSILON_ws/install/playgrounds/share/ament_index/resource_index/parent_prefix_path/playgrounds
[0.444s] -- Installing: /home/bigdavid/EPSILON_ws/install/playgrounds/share/playgrounds/environment/ament_prefix_path.sh
[0.444s] -- Installing: /home/bigdavid/EPSILON_ws/install/playgrounds/share/playgrounds/environment/ament_prefix_path.dsv
[0.444s] -- Installing: /home/bigdavid/EPSILON_ws/install/playgrounds/share/playgrounds/environment/path.sh
[0.444s] -- Installing: /home/bigdavid/EPSILON_ws/install/playgrounds/share/playgrounds/environment/path.dsv
[0.444s] -- Installing: /home/bigdavid/EPSILON_ws/install/playgrounds/share/playgrounds/local_setup.bash
[0.444s] -- Installing: /home/bigdavid/EPSILON_ws/install/playgrounds/share/playgrounds/local_setup.sh
[0.444s] -- Installing: /home/bigdavid/EPSILON_ws/install/playgrounds/share/playgrounds/local_setup.zsh
[0.444s] -- Installing: /home/bigdavid/EPSILON_ws/install/playgrounds/share/playgrounds/local_setup.dsv
[0.444s] -- Installing: /home/bigdavid/EPSILON_ws/install/playgrounds/share/playgrounds/package.dsv
[0.444s] -- Installing: /home/bigdavid/EPSILON_ws/install/playgrounds/share/ament_index/resource_index/packages/playgrounds
[0.444s] -- Installing: /home/bigdavid/EPSILON_ws/install/playgrounds/share/playgrounds/cmake/playgroundsConfig.cmake
[0.444s] -- Installing: /home/bigdavid/EPSILON_ws/install/playgrounds/share/playgrounds/cmake/playgroundsConfig-version.cmake
[0.444s] -- Installing: /home/bigdavid/EPSILON_ws/install/playgrounds/share/playgrounds/package.xml
[0.446s] Invoked command in '/home/bigdavid/EPSILON_ws/build/playgrounds' returned '0': CMAKE_PREFIX_PATH=/opt/ros/humble /usr/bin/cmake --install /home/bigdavid/EPSILON_ws/build/playgrounds
